[2023-03-21T01:27:14.473+0000] {taskinstance.py:1084} INFO - Dependencies all met for dep_context=non-requeueable deps ti=<TaskInstance: our_dag_with_python_operator_v05.get_age scheduled__2023-03-20T00:00:00+00:00 [queued]>
[2023-03-21T01:27:14.527+0000] {taskinstance.py:1084} INFO - Dependencies all met for dep_context=requeueable deps ti=<TaskInstance: our_dag_with_python_operator_v05.get_age scheduled__2023-03-20T00:00:00+00:00 [queued]>
[2023-03-21T01:27:14.529+0000] {taskinstance.py:1282} INFO - 
--------------------------------------------------------------------------------
[2023-03-21T01:27:14.531+0000] {taskinstance.py:1283} INFO - Starting attempt 1 of 6
[2023-03-21T01:27:14.535+0000] {taskinstance.py:1284} INFO - 
--------------------------------------------------------------------------------
[2023-03-21T01:27:14.868+0000] {taskinstance.py:1303} INFO - Executing <Task(PythonOperator): get_age> on 2023-03-20 00:00:00+00:00
[2023-03-21T01:27:14.880+0000] {standard_task_runner.py:55} INFO - Started process 210 to run task
[2023-03-21T01:27:14.886+0000] {standard_task_runner.py:82} INFO - Running: ['***', 'tasks', 'run', 'our_dag_with_python_operator_v05', 'get_age', 'scheduled__2023-03-20T00:00:00+00:00', '--job-id', '123', '--raw', '--subdir', 'DAGS_FOLDER/create_dags_with_python_operator.py', '--cfg-path', '/tmp/tmpyy04hr16']
[2023-03-21T01:27:14.898+0000] {standard_task_runner.py:83} INFO - Job 123: Subtask get_age
[2023-03-21T01:27:15.194+0000] {task_command.py:388} INFO - Running <TaskInstance: our_dag_with_python_operator_v05.get_age scheduled__2023-03-20T00:00:00+00:00 [running]> on host 87381be0c6e6
[2023-03-21T01:27:15.515+0000] {taskinstance.py:1511} INFO - Exporting the following env vars:
AIRFLOW_CTX_DAG_OWNER=ThinhHuynh
AIRFLOW_CTX_DAG_ID=our_dag_with_python_operator_v05
AIRFLOW_CTX_TASK_ID=get_age
AIRFLOW_CTX_EXECUTION_DATE=2023-03-20T00:00:00+00:00
AIRFLOW_CTX_TRY_NUMBER=1
AIRFLOW_CTX_DAG_RUN_ID=scheduled__2023-03-20T00:00:00+00:00
[2023-03-21T01:27:15.595+0000] {python.py:177} INFO - Done. Returned value was: None
[2023-03-21T01:27:15.622+0000] {taskinstance.py:1326} INFO - Marking task as SUCCESS. dag_id=our_dag_with_python_operator_v05, task_id=get_age, execution_date=20230320T000000, start_date=20230321T012714, end_date=20230321T012715
[2023-03-21T01:27:15.694+0000] {local_task_job.py:212} INFO - Task exited with return code 0
[2023-03-21T01:27:15.756+0000] {taskinstance.py:2585} INFO - 1 downstream tasks scheduled from follow-on schedule check
