[2023-03-22T01:18:28.747+0000] {taskinstance.py:1084} INFO - Dependencies all met for dep_context=non-requeueable deps ti=<TaskInstance: dag_with_taskflow_api_v02.greet scheduled__2023-03-21T00:00:00+00:00 [queued]>
[2023-03-22T01:18:28.770+0000] {taskinstance.py:1084} INFO - Dependencies all met for dep_context=requeueable deps ti=<TaskInstance: dag_with_taskflow_api_v02.greet scheduled__2023-03-21T00:00:00+00:00 [queued]>
[2023-03-22T01:18:28.771+0000] {taskinstance.py:1282} INFO - 
--------------------------------------------------------------------------------
[2023-03-22T01:18:28.778+0000] {taskinstance.py:1283} INFO - Starting attempt 1 of 6
[2023-03-22T01:18:28.779+0000] {taskinstance.py:1284} INFO - 
--------------------------------------------------------------------------------
[2023-03-22T01:18:28.862+0000] {taskinstance.py:1303} INFO - Executing <Task(_PythonDecoratedOperator): greet> on 2023-03-21 00:00:00+00:00
[2023-03-22T01:18:28.870+0000] {standard_task_runner.py:55} INFO - Started process 219 to run task
[2023-03-22T01:18:28.883+0000] {standard_task_runner.py:82} INFO - Running: ['***', 'tasks', 'run', 'dag_with_taskflow_api_v02', 'greet', 'scheduled__2023-03-21T00:00:00+00:00', '--job-id', '143', '--raw', '--subdir', 'DAGS_FOLDER/dag_with_taskfow_api.py', '--cfg-path', '/tmp/tmpskbp57kg']
[2023-03-22T01:18:28.889+0000] {standard_task_runner.py:83} INFO - Job 143: Subtask greet
[2023-03-22T01:18:29.117+0000] {task_command.py:388} INFO - Running <TaskInstance: dag_with_taskflow_api_v02.greet scheduled__2023-03-21T00:00:00+00:00 [running]> on host 87381be0c6e6
[2023-03-22T01:18:29.357+0000] {taskinstance.py:1511} INFO - Exporting the following env vars:
AIRFLOW_CTX_DAG_OWNER=ThinhHuynh
AIRFLOW_CTX_DAG_ID=dag_with_taskflow_api_v02
AIRFLOW_CTX_TASK_ID=greet
AIRFLOW_CTX_EXECUTION_DATE=2023-03-21T00:00:00+00:00
AIRFLOW_CTX_TRY_NUMBER=1
AIRFLOW_CTX_DAG_RUN_ID=scheduled__2023-03-21T00:00:00+00:00
[2023-03-22T01:18:29.360+0000] {logging_mixin.py:137} INFO - Hello World! My name is Thinh Huynh and I am 30 years old
[2023-03-22T01:18:29.360+0000] {python.py:177} INFO - Done. Returned value was: None
[2023-03-22T01:18:29.380+0000] {taskinstance.py:1326} INFO - Marking task as SUCCESS. dag_id=dag_with_taskflow_api_v02, task_id=greet, execution_date=20230321T000000, start_date=20230322T011828, end_date=20230322T011829
[2023-03-22T01:18:29.419+0000] {local_task_job.py:212} INFO - Task exited with return code 0
[2023-03-22T01:18:29.457+0000] {taskinstance.py:2585} INFO - 0 downstream tasks scheduled from follow-on schedule check
