[2023-03-24T10:23:04.683+0000] {taskinstance.py:1084} INFO - Dependencies all met for dep_context=non-requeueable deps ti=<TaskInstance: our_first_dag_v1.third_task scheduled__2023-03-23T00:00:00+00:00 [queued]>
[2023-03-24T10:23:04.743+0000] {taskinstance.py:1084} INFO - Dependencies all met for dep_context=requeueable deps ti=<TaskInstance: our_first_dag_v1.third_task scheduled__2023-03-23T00:00:00+00:00 [queued]>
[2023-03-24T10:23:04.744+0000] {taskinstance.py:1282} INFO - 
--------------------------------------------------------------------------------
[2023-03-24T10:23:04.746+0000] {taskinstance.py:1283} INFO - Starting attempt 1 of 6
[2023-03-24T10:23:04.748+0000] {taskinstance.py:1284} INFO - 
--------------------------------------------------------------------------------
[2023-03-24T10:23:04.828+0000] {taskinstance.py:1303} INFO - Executing <Task(BashOperator): third_task> on 2023-03-23 00:00:00+00:00
[2023-03-24T10:23:04.836+0000] {standard_task_runner.py:55} INFO - Started process 222 to run task
[2023-03-24T10:23:04.843+0000] {standard_task_runner.py:82} INFO - Running: ['***', 'tasks', 'run', 'our_first_dag_v1', 'third_task', 'scheduled__2023-03-23T00:00:00+00:00', '--job-id', '242', '--raw', '--subdir', 'DAGS_FOLDER/our_first_dag.py', '--cfg-path', '/tmp/tmpn582qihw']
[2023-03-24T10:23:04.848+0000] {standard_task_runner.py:83} INFO - Job 242: Subtask third_task
[2023-03-24T10:23:05.063+0000] {task_command.py:388} INFO - Running <TaskInstance: our_first_dag_v1.third_task scheduled__2023-03-23T00:00:00+00:00 [running]> on host 9783a48d7fca
[2023-03-24T10:23:05.451+0000] {taskinstance.py:1511} INFO - Exporting the following env vars:
AIRFLOW_CTX_DAG_OWNER=ThinhHuynh
AIRFLOW_CTX_DAG_ID=our_first_dag_v1
AIRFLOW_CTX_TASK_ID=third_task
AIRFLOW_CTX_EXECUTION_DATE=2023-03-23T00:00:00+00:00
AIRFLOW_CTX_TRY_NUMBER=1
AIRFLOW_CTX_DAG_RUN_ID=scheduled__2023-03-23T00:00:00+00:00
[2023-03-24T10:23:05.462+0000] {subprocess.py:63} INFO - Tmp dir root location: 
 /tmp
[2023-03-24T10:23:05.465+0000] {subprocess.py:75} INFO - Running command: ['/bin/bash', '-c', 'echo Hello world, this is task 3']
[2023-03-24T10:23:05.491+0000] {subprocess.py:86} INFO - Output:
[2023-03-24T10:23:05.497+0000] {subprocess.py:93} INFO - Hello world, this is task 3
[2023-03-24T10:23:05.501+0000] {subprocess.py:97} INFO - Command exited with return code 0
[2023-03-24T10:23:05.624+0000] {taskinstance.py:1326} INFO - Marking task as SUCCESS. dag_id=our_first_dag_v1, task_id=third_task, execution_date=20230323T000000, start_date=20230324T102304, end_date=20230324T102305
[2023-03-24T10:23:05.683+0000] {local_task_job.py:212} INFO - Task exited with return code 0
[2023-03-24T10:23:05.764+0000] {taskinstance.py:2585} INFO - 0 downstream tasks scheduled from follow-on schedule check
