[2023-03-17T06:46:18.767+0000] {taskinstance.py:1084} INFO - Dependencies all met for dep_context=non-requeueable deps ti=<TaskInstance: our_first_dag_v1.third_task manual__2023-03-17T06:46:16.919693+00:00 [queued]>
[2023-03-17T06:46:18.781+0000] {taskinstance.py:1084} INFO - Dependencies all met for dep_context=requeueable deps ti=<TaskInstance: our_first_dag_v1.third_task manual__2023-03-17T06:46:16.919693+00:00 [queued]>
[2023-03-17T06:46:18.782+0000] {taskinstance.py:1282} INFO - 
--------------------------------------------------------------------------------
[2023-03-17T06:46:18.782+0000] {taskinstance.py:1283} INFO - Starting attempt 1 of 6
[2023-03-17T06:46:18.782+0000] {taskinstance.py:1284} INFO - 
--------------------------------------------------------------------------------
[2023-03-17T06:46:18.802+0000] {taskinstance.py:1303} INFO - Executing <Task(BashOperator): third_task> on 2023-03-17 06:46:16.919693+00:00
[2023-03-17T06:46:18.806+0000] {standard_task_runner.py:55} INFO - Started process 767 to run task
[2023-03-17T06:46:18.810+0000] {standard_task_runner.py:82} INFO - Running: ['***', 'tasks', 'run', 'our_first_dag_v1', 'third_task', 'manual__2023-03-17T06:46:16.919693+00:00', '--job-id', '5', '--raw', '--subdir', 'DAGS_FOLDER/our_first_dag.py', '--cfg-path', '/tmp/tmpt0c_r1ux']
[2023-03-17T06:46:18.813+0000] {standard_task_runner.py:83} INFO - Job 5: Subtask third_task
[2023-03-17T06:46:18.899+0000] {task_command.py:388} INFO - Running <TaskInstance: our_first_dag_v1.third_task manual__2023-03-17T06:46:16.919693+00:00 [running]> on host 213a9e135266
[2023-03-17T06:46:18.987+0000] {taskinstance.py:1511} INFO - Exporting the following env vars:
AIRFLOW_CTX_DAG_OWNER=ThinhHuynh
AIRFLOW_CTX_DAG_ID=our_first_dag_v1
AIRFLOW_CTX_TASK_ID=third_task
AIRFLOW_CTX_EXECUTION_DATE=2023-03-17T06:46:16.919693+00:00
AIRFLOW_CTX_TRY_NUMBER=1
AIRFLOW_CTX_DAG_RUN_ID=manual__2023-03-17T06:46:16.919693+00:00
[2023-03-17T06:46:18.988+0000] {subprocess.py:63} INFO - Tmp dir root location: 
 /tmp
[2023-03-17T06:46:18.989+0000] {subprocess.py:75} INFO - Running command: ['/bin/bash', '-c', 'echo Hello world, this is task 3']
[2023-03-17T06:46:18.997+0000] {subprocess.py:86} INFO - Output:
[2023-03-17T06:46:18.999+0000] {subprocess.py:93} INFO - Hello world, this is task 3
[2023-03-17T06:46:19.000+0000] {subprocess.py:97} INFO - Command exited with return code 0
[2023-03-17T06:46:19.029+0000] {taskinstance.py:1326} INFO - Marking task as SUCCESS. dag_id=our_first_dag_v1, task_id=third_task, execution_date=20230317T064616, start_date=20230317T064618, end_date=20230317T064619
[2023-03-17T06:46:19.063+0000] {local_task_job.py:212} INFO - Task exited with return code 0
[2023-03-17T06:46:19.091+0000] {taskinstance.py:2585} INFO - 0 downstream tasks scheduled from follow-on schedule check
