[2023-03-27T01:45:46.966+0000] {taskinstance.py:1084} INFO - Dependencies all met for dep_context=non-requeueable deps ti=<TaskInstance: our_dag_with_python_operator_v05.get_age scheduled__2023-03-25T00:00:00+00:00 [queued]>
[2023-03-27T01:45:47.211+0000] {taskinstance.py:1084} INFO - Dependencies all met for dep_context=requeueable deps ti=<TaskInstance: our_dag_with_python_operator_v05.get_age scheduled__2023-03-25T00:00:00+00:00 [queued]>
[2023-03-27T01:45:47.220+0000] {taskinstance.py:1282} INFO - 
--------------------------------------------------------------------------------
[2023-03-27T01:45:47.235+0000] {taskinstance.py:1283} INFO - Starting attempt 1 of 6
[2023-03-27T01:45:47.236+0000] {taskinstance.py:1284} INFO - 
--------------------------------------------------------------------------------
[2023-03-27T01:45:47.637+0000] {taskinstance.py:1303} INFO - Executing <Task(PythonOperator): get_age> on 2023-03-25 00:00:00+00:00
[2023-03-27T01:45:47.737+0000] {standard_task_runner.py:55} INFO - Started process 206 to run task
[2023-03-27T01:45:48.031+0000] {standard_task_runner.py:82} INFO - Running: ['***', 'tasks', 'run', 'our_dag_with_python_operator_v05', 'get_age', 'scheduled__2023-03-25T00:00:00+00:00', '--job-id', '299', '--raw', '--subdir', 'DAGS_FOLDER/create_dags_with_python_operator.py', '--cfg-path', '/tmp/tmp9resa7op']
[2023-03-27T01:45:48.102+0000] {standard_task_runner.py:83} INFO - Job 299: Subtask get_age
[2023-03-27T01:45:49.666+0000] {task_command.py:388} INFO - Running <TaskInstance: our_dag_with_python_operator_v05.get_age scheduled__2023-03-25T00:00:00+00:00 [running]> on host 7c9cdf1c064e
[2023-03-27T01:45:50.726+0000] {taskinstance.py:1511} INFO - Exporting the following env vars:
AIRFLOW_CTX_DAG_OWNER=ThinhHuynh
AIRFLOW_CTX_DAG_ID=our_dag_with_python_operator_v05
AIRFLOW_CTX_TASK_ID=get_age
AIRFLOW_CTX_EXECUTION_DATE=2023-03-25T00:00:00+00:00
AIRFLOW_CTX_TRY_NUMBER=1
AIRFLOW_CTX_DAG_RUN_ID=scheduled__2023-03-25T00:00:00+00:00
[2023-03-27T01:45:51.029+0000] {python.py:177} INFO - Done. Returned value was: None
[2023-03-27T01:45:51.093+0000] {taskinstance.py:1326} INFO - Marking task as SUCCESS. dag_id=our_dag_with_python_operator_v05, task_id=get_age, execution_date=20230325T000000, start_date=20230327T014546, end_date=20230327T014551
[2023-03-27T01:45:51.281+0000] {local_task_job.py:212} INFO - Task exited with return code 0
[2023-03-27T01:45:51.434+0000] {taskinstance.py:2585} INFO - 1 downstream tasks scheduled from follow-on schedule check
