[2023-03-18T09:47:50.672+0000] {taskinstance.py:1084} INFO - Dependencies all met for dep_context=non-requeueable deps ti=<TaskInstance: dag_with_python_dependencies_v01.get_sklearn scheduled__2023-03-17T00:00:00+00:00 [queued]>
[2023-03-18T09:47:50.689+0000] {taskinstance.py:1084} INFO - Dependencies all met for dep_context=requeueable deps ti=<TaskInstance: dag_with_python_dependencies_v01.get_sklearn scheduled__2023-03-17T00:00:00+00:00 [queued]>
[2023-03-18T09:47:50.689+0000] {taskinstance.py:1282} INFO - 
--------------------------------------------------------------------------------
[2023-03-18T09:47:50.690+0000] {taskinstance.py:1283} INFO - Starting attempt 1 of 1
[2023-03-18T09:47:50.690+0000] {taskinstance.py:1284} INFO - 
--------------------------------------------------------------------------------
[2023-03-18T09:47:50.710+0000] {taskinstance.py:1303} INFO - Executing <Task(PythonOperator): get_sklearn> on 2023-03-17 00:00:00+00:00
[2023-03-18T09:47:50.714+0000] {standard_task_runner.py:55} INFO - Started process 828 to run task
[2023-03-18T09:47:50.718+0000] {standard_task_runner.py:82} INFO - Running: ['***', 'tasks', 'run', 'dag_with_python_dependencies_v01', 'get_sklearn', 'scheduled__2023-03-17T00:00:00+00:00', '--job-id', '39', '--raw', '--subdir', 'DAGS_FOLDER/dag_with_python_dependencies.py', '--cfg-path', '/tmp/tmp87q5e3hx']
[2023-03-18T09:47:50.721+0000] {standard_task_runner.py:83} INFO - Job 39: Subtask get_sklearn
[2023-03-18T09:47:50.801+0000] {task_command.py:388} INFO - Running <TaskInstance: dag_with_python_dependencies_v01.get_sklearn scheduled__2023-03-17T00:00:00+00:00 [running]> on host b74962b15d15
[2023-03-18T09:47:50.906+0000] {taskinstance.py:1511} INFO - Exporting the following env vars:
AIRFLOW_CTX_DAG_OWNER=ThinhHuynh
AIRFLOW_CTX_DAG_ID=dag_with_python_dependencies_v01
AIRFLOW_CTX_TASK_ID=get_sklearn
AIRFLOW_CTX_EXECUTION_DATE=2023-03-17T00:00:00+00:00
AIRFLOW_CTX_TRY_NUMBER=1
AIRFLOW_CTX_DAG_RUN_ID=scheduled__2023-03-17T00:00:00+00:00
[2023-03-18T09:47:53.818+0000] {logging_mixin.py:137} INFO - scikit-learn with version: 0.24.2
[2023-03-18T09:47:53.819+0000] {python.py:177} INFO - Done. Returned value was: None
[2023-03-18T09:47:53.831+0000] {taskinstance.py:1326} INFO - Marking task as SUCCESS. dag_id=dag_with_python_dependencies_v01, task_id=get_sklearn, execution_date=20230317T000000, start_date=20230318T094750, end_date=20230318T094753
[2023-03-18T09:47:53.869+0000] {local_task_job.py:212} INFO - Task exited with return code 0
[2023-03-18T09:47:53.890+0000] {taskinstance.py:2585} INFO - 0 downstream tasks scheduled from follow-on schedule check
