[2023-03-20T02:24:52.563+0000] {taskinstance.py:1084} INFO - Dependencies all met for dep_context=non-requeueable deps ti=<TaskInstance: dag_with_taskflow_api_v02.get_name scheduled__2023-03-19T00:00:00+00:00 [queued]>
[2023-03-20T02:24:52.672+0000] {taskinstance.py:1084} INFO - Dependencies all met for dep_context=requeueable deps ti=<TaskInstance: dag_with_taskflow_api_v02.get_name scheduled__2023-03-19T00:00:00+00:00 [queued]>
[2023-03-20T02:24:52.674+0000] {taskinstance.py:1282} INFO - 
--------------------------------------------------------------------------------
[2023-03-20T02:24:52.682+0000] {taskinstance.py:1283} INFO - Starting attempt 1 of 6
[2023-03-20T02:24:52.686+0000] {taskinstance.py:1284} INFO - 
--------------------------------------------------------------------------------
[2023-03-20T02:24:52.957+0000] {taskinstance.py:1303} INFO - Executing <Task(_PythonDecoratedOperator): get_name> on 2023-03-19 00:00:00+00:00
[2023-03-20T02:24:53.064+0000] {standard_task_runner.py:55} INFO - Started process 215 to run task
[2023-03-20T02:24:53.104+0000] {standard_task_runner.py:82} INFO - Running: ['***', 'tasks', 'run', 'dag_with_taskflow_api_v02', 'get_name', 'scheduled__2023-03-19T00:00:00+00:00', '--job-id', '63', '--raw', '--subdir', 'DAGS_FOLDER/dag_with_taskfow_api.py', '--cfg-path', '/tmp/tmpe096j8ug']
[2023-03-20T02:24:53.128+0000] {standard_task_runner.py:83} INFO - Job 63: Subtask get_name
[2023-03-20T02:24:53.814+0000] {task_command.py:388} INFO - Running <TaskInstance: dag_with_taskflow_api_v02.get_name scheduled__2023-03-19T00:00:00+00:00 [running]> on host 78bde780398d
[2023-03-20T02:24:54.642+0000] {taskinstance.py:1511} INFO - Exporting the following env vars:
AIRFLOW_CTX_DAG_OWNER=ThinhHuynh
AIRFLOW_CTX_DAG_ID=dag_with_taskflow_api_v02
AIRFLOW_CTX_TASK_ID=get_name
AIRFLOW_CTX_EXECUTION_DATE=2023-03-19T00:00:00+00:00
AIRFLOW_CTX_TRY_NUMBER=1
AIRFLOW_CTX_DAG_RUN_ID=scheduled__2023-03-19T00:00:00+00:00
[2023-03-20T02:24:54.692+0000] {python.py:177} INFO - Done. Returned value was: {'first_name': 'Thinh', 'last_name': 'Huynh'}
[2023-03-20T02:24:55.779+0000] {taskinstance.py:1326} INFO - Marking task as SUCCESS. dag_id=dag_with_taskflow_api_v02, task_id=get_name, execution_date=20230319T000000, start_date=20230320T022452, end_date=20230320T022455
[2023-03-20T02:24:55.851+0000] {local_task_job.py:212} INFO - Task exited with return code 0
[2023-03-20T02:24:56.063+0000] {taskinstance.py:2585} INFO - 0 downstream tasks scheduled from follow-on schedule check
