[2023-03-17T03:11:03.521+0000] {processor.py:153} INFO - Started process (PID=328) to work on /home/airflow/.local/lib/python3.7/site-packages/airflow/example_dags/example_local_kubernetes_executor.py
[2023-03-17T03:11:03.523+0000] {processor.py:743} INFO - Processing file /home/airflow/.local/lib/python3.7/site-packages/airflow/example_dags/example_local_kubernetes_executor.py for tasks to queue
[2023-03-17T03:11:03.526+0000] {logging_mixin.py:137} INFO - [2023-03-17T03:11:03.525+0000] {dagbag.py:532} INFO - Filling up the DagBag from /home/airflow/.local/lib/python3.7/site-packages/airflow/example_dags/example_local_kubernetes_executor.py
[2023-03-17T03:11:03.586+0000] {processor.py:753} INFO - DAG(s) dict_keys(['example_local_kubernetes_executor']) retrieved from /home/airflow/.local/lib/python3.7/site-packages/airflow/example_dags/example_local_kubernetes_executor.py
[2023-03-17T03:11:03.647+0000] {logging_mixin.py:137} INFO - [2023-03-17T03:11:03.647+0000] {dag.py:2693} INFO - Sync 1 DAGs
[2023-03-17T03:11:03.702+0000] {logging_mixin.py:137} INFO - [2023-03-17T03:11:03.702+0000] {dag.py:3444} INFO - Setting next_dagrun for example_local_kubernetes_executor to None, run_after=None
[2023-03-17T03:11:03.748+0000] {processor.py:175} INFO - Processing /home/airflow/.local/lib/python3.7/site-packages/airflow/example_dags/example_local_kubernetes_executor.py took 0.235 seconds
[2023-03-17T03:11:36.107+0000] {processor.py:153} INFO - Started process (PID=544) to work on /home/airflow/.local/lib/python3.7/site-packages/airflow/example_dags/example_local_kubernetes_executor.py
[2023-03-17T03:11:36.109+0000] {processor.py:743} INFO - Processing file /home/airflow/.local/lib/python3.7/site-packages/airflow/example_dags/example_local_kubernetes_executor.py for tasks to queue
[2023-03-17T03:11:36.111+0000] {logging_mixin.py:137} INFO - [2023-03-17T03:11:36.111+0000] {dagbag.py:532} INFO - Filling up the DagBag from /home/airflow/.local/lib/python3.7/site-packages/airflow/example_dags/example_local_kubernetes_executor.py
[2023-03-17T03:11:36.161+0000] {processor.py:753} INFO - DAG(s) dict_keys(['example_local_kubernetes_executor']) retrieved from /home/airflow/.local/lib/python3.7/site-packages/airflow/example_dags/example_local_kubernetes_executor.py
[2023-03-17T03:11:36.217+0000] {logging_mixin.py:137} INFO - [2023-03-17T03:11:36.217+0000] {dag.py:2693} INFO - Sync 1 DAGs
[2023-03-17T03:11:36.257+0000] {logging_mixin.py:137} INFO - [2023-03-17T03:11:36.256+0000] {dag.py:3444} INFO - Setting next_dagrun for example_local_kubernetes_executor to None, run_after=None
[2023-03-17T03:11:36.290+0000] {processor.py:175} INFO - Processing /home/airflow/.local/lib/python3.7/site-packages/airflow/example_dags/example_local_kubernetes_executor.py took 0.190 seconds
[2023-03-17T03:12:07.386+0000] {processor.py:153} INFO - Started process (PID=761) to work on /home/airflow/.local/lib/python3.7/site-packages/airflow/example_dags/example_local_kubernetes_executor.py
[2023-03-17T03:12:07.388+0000] {processor.py:743} INFO - Processing file /home/airflow/.local/lib/python3.7/site-packages/airflow/example_dags/example_local_kubernetes_executor.py for tasks to queue
[2023-03-17T03:12:07.390+0000] {logging_mixin.py:137} INFO - [2023-03-17T03:12:07.390+0000] {dagbag.py:532} INFO - Filling up the DagBag from /home/airflow/.local/lib/python3.7/site-packages/airflow/example_dags/example_local_kubernetes_executor.py
[2023-03-17T03:12:07.439+0000] {processor.py:753} INFO - DAG(s) dict_keys(['example_local_kubernetes_executor']) retrieved from /home/airflow/.local/lib/python3.7/site-packages/airflow/example_dags/example_local_kubernetes_executor.py
[2023-03-17T03:12:07.502+0000] {logging_mixin.py:137} INFO - [2023-03-17T03:12:07.501+0000] {dag.py:2693} INFO - Sync 1 DAGs
[2023-03-17T03:12:07.556+0000] {logging_mixin.py:137} INFO - [2023-03-17T03:12:07.555+0000] {dag.py:3444} INFO - Setting next_dagrun for example_local_kubernetes_executor to None, run_after=None
[2023-03-17T03:12:07.595+0000] {processor.py:175} INFO - Processing /home/airflow/.local/lib/python3.7/site-packages/airflow/example_dags/example_local_kubernetes_executor.py took 0.217 seconds
[2023-03-17T03:12:37.847+0000] {processor.py:153} INFO - Started process (PID=978) to work on /home/airflow/.local/lib/python3.7/site-packages/airflow/example_dags/example_local_kubernetes_executor.py
[2023-03-17T03:12:37.848+0000] {processor.py:743} INFO - Processing file /home/airflow/.local/lib/python3.7/site-packages/airflow/example_dags/example_local_kubernetes_executor.py for tasks to queue
[2023-03-17T03:12:37.849+0000] {logging_mixin.py:137} INFO - [2023-03-17T03:12:37.849+0000] {dagbag.py:532} INFO - Filling up the DagBag from /home/airflow/.local/lib/python3.7/site-packages/airflow/example_dags/example_local_kubernetes_executor.py
[2023-03-17T03:12:37.877+0000] {processor.py:753} INFO - DAG(s) dict_keys(['example_local_kubernetes_executor']) retrieved from /home/airflow/.local/lib/python3.7/site-packages/airflow/example_dags/example_local_kubernetes_executor.py
[2023-03-17T03:12:37.908+0000] {logging_mixin.py:137} INFO - [2023-03-17T03:12:37.908+0000] {dag.py:2693} INFO - Sync 1 DAGs
[2023-03-17T03:12:37.939+0000] {logging_mixin.py:137} INFO - [2023-03-17T03:12:37.939+0000] {dag.py:3444} INFO - Setting next_dagrun for example_local_kubernetes_executor to None, run_after=None
[2023-03-17T03:12:37.964+0000] {processor.py:175} INFO - Processing /home/airflow/.local/lib/python3.7/site-packages/airflow/example_dags/example_local_kubernetes_executor.py took 0.121 seconds
[2023-03-17T03:13:08.518+0000] {processor.py:153} INFO - Started process (PID=1195) to work on /home/airflow/.local/lib/python3.7/site-packages/airflow/example_dags/example_local_kubernetes_executor.py
[2023-03-17T03:13:08.519+0000] {processor.py:743} INFO - Processing file /home/airflow/.local/lib/python3.7/site-packages/airflow/example_dags/example_local_kubernetes_executor.py for tasks to queue
[2023-03-17T03:13:08.520+0000] {logging_mixin.py:137} INFO - [2023-03-17T03:13:08.520+0000] {dagbag.py:532} INFO - Filling up the DagBag from /home/airflow/.local/lib/python3.7/site-packages/airflow/example_dags/example_local_kubernetes_executor.py
[2023-03-17T03:13:08.550+0000] {processor.py:753} INFO - DAG(s) dict_keys(['example_local_kubernetes_executor']) retrieved from /home/airflow/.local/lib/python3.7/site-packages/airflow/example_dags/example_local_kubernetes_executor.py
[2023-03-17T03:13:08.593+0000] {logging_mixin.py:137} INFO - [2023-03-17T03:13:08.593+0000] {dag.py:2693} INFO - Sync 1 DAGs
[2023-03-17T03:13:08.627+0000] {logging_mixin.py:137} INFO - [2023-03-17T03:13:08.627+0000] {dag.py:3444} INFO - Setting next_dagrun for example_local_kubernetes_executor to None, run_after=None
[2023-03-17T03:13:08.653+0000] {processor.py:175} INFO - Processing /home/airflow/.local/lib/python3.7/site-packages/airflow/example_dags/example_local_kubernetes_executor.py took 0.138 seconds
[2023-03-17T03:13:39.096+0000] {processor.py:153} INFO - Started process (PID=1412) to work on /home/airflow/.local/lib/python3.7/site-packages/airflow/example_dags/example_local_kubernetes_executor.py
[2023-03-17T03:13:39.098+0000] {processor.py:743} INFO - Processing file /home/airflow/.local/lib/python3.7/site-packages/airflow/example_dags/example_local_kubernetes_executor.py for tasks to queue
[2023-03-17T03:13:39.099+0000] {logging_mixin.py:137} INFO - [2023-03-17T03:13:39.099+0000] {dagbag.py:532} INFO - Filling up the DagBag from /home/airflow/.local/lib/python3.7/site-packages/airflow/example_dags/example_local_kubernetes_executor.py
[2023-03-17T03:13:39.124+0000] {processor.py:753} INFO - DAG(s) dict_keys(['example_local_kubernetes_executor']) retrieved from /home/airflow/.local/lib/python3.7/site-packages/airflow/example_dags/example_local_kubernetes_executor.py
[2023-03-17T03:13:39.157+0000] {logging_mixin.py:137} INFO - [2023-03-17T03:13:39.157+0000] {dag.py:2693} INFO - Sync 1 DAGs
[2023-03-17T03:13:39.189+0000] {logging_mixin.py:137} INFO - [2023-03-17T03:13:39.189+0000] {dag.py:3444} INFO - Setting next_dagrun for example_local_kubernetes_executor to None, run_after=None
[2023-03-17T03:13:39.216+0000] {processor.py:175} INFO - Processing /home/airflow/.local/lib/python3.7/site-packages/airflow/example_dags/example_local_kubernetes_executor.py took 0.123 seconds
[2023-03-17T03:14:09.434+0000] {processor.py:153} INFO - Started process (PID=1629) to work on /home/airflow/.local/lib/python3.7/site-packages/airflow/example_dags/example_local_kubernetes_executor.py
[2023-03-17T03:14:09.435+0000] {processor.py:743} INFO - Processing file /home/airflow/.local/lib/python3.7/site-packages/airflow/example_dags/example_local_kubernetes_executor.py for tasks to queue
[2023-03-17T03:14:09.436+0000] {logging_mixin.py:137} INFO - [2023-03-17T03:14:09.436+0000] {dagbag.py:532} INFO - Filling up the DagBag from /home/airflow/.local/lib/python3.7/site-packages/airflow/example_dags/example_local_kubernetes_executor.py
[2023-03-17T03:14:09.462+0000] {processor.py:753} INFO - DAG(s) dict_keys(['example_local_kubernetes_executor']) retrieved from /home/airflow/.local/lib/python3.7/site-packages/airflow/example_dags/example_local_kubernetes_executor.py
[2023-03-17T03:14:09.493+0000] {logging_mixin.py:137} INFO - [2023-03-17T03:14:09.492+0000] {dag.py:2693} INFO - Sync 1 DAGs
[2023-03-17T03:14:09.528+0000] {logging_mixin.py:137} INFO - [2023-03-17T03:14:09.527+0000] {dag.py:3444} INFO - Setting next_dagrun for example_local_kubernetes_executor to None, run_after=None
[2023-03-17T03:14:09.557+0000] {processor.py:175} INFO - Processing /home/airflow/.local/lib/python3.7/site-packages/airflow/example_dags/example_local_kubernetes_executor.py took 0.127 seconds
[2023-03-17T03:14:39.811+0000] {processor.py:153} INFO - Started process (PID=1846) to work on /home/airflow/.local/lib/python3.7/site-packages/airflow/example_dags/example_local_kubernetes_executor.py
[2023-03-17T03:14:39.812+0000] {processor.py:743} INFO - Processing file /home/airflow/.local/lib/python3.7/site-packages/airflow/example_dags/example_local_kubernetes_executor.py for tasks to queue
[2023-03-17T03:14:39.813+0000] {logging_mixin.py:137} INFO - [2023-03-17T03:14:39.813+0000] {dagbag.py:532} INFO - Filling up the DagBag from /home/airflow/.local/lib/python3.7/site-packages/airflow/example_dags/example_local_kubernetes_executor.py
[2023-03-17T03:14:39.840+0000] {processor.py:753} INFO - DAG(s) dict_keys(['example_local_kubernetes_executor']) retrieved from /home/airflow/.local/lib/python3.7/site-packages/airflow/example_dags/example_local_kubernetes_executor.py
[2023-03-17T03:14:39.875+0000] {logging_mixin.py:137} INFO - [2023-03-17T03:14:39.875+0000] {dag.py:2693} INFO - Sync 1 DAGs
[2023-03-17T03:14:39.911+0000] {logging_mixin.py:137} INFO - [2023-03-17T03:14:39.911+0000] {dag.py:3444} INFO - Setting next_dagrun for example_local_kubernetes_executor to None, run_after=None
[2023-03-17T03:14:39.938+0000] {processor.py:175} INFO - Processing /home/airflow/.local/lib/python3.7/site-packages/airflow/example_dags/example_local_kubernetes_executor.py took 0.130 seconds
[2023-03-17T03:15:10.547+0000] {processor.py:153} INFO - Started process (PID=2063) to work on /home/airflow/.local/lib/python3.7/site-packages/airflow/example_dags/example_local_kubernetes_executor.py
[2023-03-17T03:15:10.549+0000] {processor.py:743} INFO - Processing file /home/airflow/.local/lib/python3.7/site-packages/airflow/example_dags/example_local_kubernetes_executor.py for tasks to queue
[2023-03-17T03:15:10.550+0000] {logging_mixin.py:137} INFO - [2023-03-17T03:15:10.550+0000] {dagbag.py:532} INFO - Filling up the DagBag from /home/airflow/.local/lib/python3.7/site-packages/airflow/example_dags/example_local_kubernetes_executor.py
[2023-03-17T03:15:10.576+0000] {processor.py:753} INFO - DAG(s) dict_keys(['example_local_kubernetes_executor']) retrieved from /home/airflow/.local/lib/python3.7/site-packages/airflow/example_dags/example_local_kubernetes_executor.py
[2023-03-17T03:15:10.607+0000] {logging_mixin.py:137} INFO - [2023-03-17T03:15:10.606+0000] {dag.py:2693} INFO - Sync 1 DAGs
[2023-03-17T03:15:10.638+0000] {logging_mixin.py:137} INFO - [2023-03-17T03:15:10.638+0000] {dag.py:3444} INFO - Setting next_dagrun for example_local_kubernetes_executor to None, run_after=None
[2023-03-17T03:15:10.664+0000] {processor.py:175} INFO - Processing /home/airflow/.local/lib/python3.7/site-packages/airflow/example_dags/example_local_kubernetes_executor.py took 0.121 seconds
[2023-03-17T03:15:40.929+0000] {processor.py:153} INFO - Started process (PID=2280) to work on /home/airflow/.local/lib/python3.7/site-packages/airflow/example_dags/example_local_kubernetes_executor.py
[2023-03-17T03:15:40.930+0000] {processor.py:743} INFO - Processing file /home/airflow/.local/lib/python3.7/site-packages/airflow/example_dags/example_local_kubernetes_executor.py for tasks to queue
[2023-03-17T03:15:40.931+0000] {logging_mixin.py:137} INFO - [2023-03-17T03:15:40.931+0000] {dagbag.py:532} INFO - Filling up the DagBag from /home/airflow/.local/lib/python3.7/site-packages/airflow/example_dags/example_local_kubernetes_executor.py
[2023-03-17T03:15:40.965+0000] {processor.py:753} INFO - DAG(s) dict_keys(['example_local_kubernetes_executor']) retrieved from /home/airflow/.local/lib/python3.7/site-packages/airflow/example_dags/example_local_kubernetes_executor.py
[2023-03-17T03:15:41.002+0000] {logging_mixin.py:137} INFO - [2023-03-17T03:15:41.002+0000] {dag.py:2693} INFO - Sync 1 DAGs
[2023-03-17T03:15:41.039+0000] {logging_mixin.py:137} INFO - [2023-03-17T03:15:41.039+0000] {dag.py:3444} INFO - Setting next_dagrun for example_local_kubernetes_executor to None, run_after=None
[2023-03-17T03:15:41.063+0000] {processor.py:175} INFO - Processing /home/airflow/.local/lib/python3.7/site-packages/airflow/example_dags/example_local_kubernetes_executor.py took 0.139 seconds
[2023-03-17T03:16:11.711+0000] {processor.py:153} INFO - Started process (PID=2500) to work on /home/airflow/.local/lib/python3.7/site-packages/airflow/example_dags/example_local_kubernetes_executor.py
[2023-03-17T03:16:11.712+0000] {processor.py:743} INFO - Processing file /home/airflow/.local/lib/python3.7/site-packages/airflow/example_dags/example_local_kubernetes_executor.py for tasks to queue
[2023-03-17T03:16:11.713+0000] {logging_mixin.py:137} INFO - [2023-03-17T03:16:11.713+0000] {dagbag.py:532} INFO - Filling up the DagBag from /home/airflow/.local/lib/python3.7/site-packages/airflow/example_dags/example_local_kubernetes_executor.py
[2023-03-17T03:16:11.739+0000] {processor.py:753} INFO - DAG(s) dict_keys(['example_local_kubernetes_executor']) retrieved from /home/airflow/.local/lib/python3.7/site-packages/airflow/example_dags/example_local_kubernetes_executor.py
[2023-03-17T03:16:11.771+0000] {logging_mixin.py:137} INFO - [2023-03-17T03:16:11.770+0000] {dag.py:2693} INFO - Sync 1 DAGs
[2023-03-17T03:16:11.801+0000] {logging_mixin.py:137} INFO - [2023-03-17T03:16:11.801+0000] {dag.py:3444} INFO - Setting next_dagrun for example_local_kubernetes_executor to None, run_after=None
[2023-03-17T03:16:11.827+0000] {processor.py:175} INFO - Processing /home/airflow/.local/lib/python3.7/site-packages/airflow/example_dags/example_local_kubernetes_executor.py took 0.120 seconds
[2023-03-17T03:16:42.179+0000] {processor.py:153} INFO - Started process (PID=2715) to work on /home/airflow/.local/lib/python3.7/site-packages/airflow/example_dags/example_local_kubernetes_executor.py
[2023-03-17T03:16:42.180+0000] {processor.py:743} INFO - Processing file /home/airflow/.local/lib/python3.7/site-packages/airflow/example_dags/example_local_kubernetes_executor.py for tasks to queue
[2023-03-17T03:16:42.181+0000] {logging_mixin.py:137} INFO - [2023-03-17T03:16:42.181+0000] {dagbag.py:532} INFO - Filling up the DagBag from /home/airflow/.local/lib/python3.7/site-packages/airflow/example_dags/example_local_kubernetes_executor.py
[2023-03-17T03:16:42.206+0000] {processor.py:753} INFO - DAG(s) dict_keys(['example_local_kubernetes_executor']) retrieved from /home/airflow/.local/lib/python3.7/site-packages/airflow/example_dags/example_local_kubernetes_executor.py
[2023-03-17T03:16:42.237+0000] {logging_mixin.py:137} INFO - [2023-03-17T03:16:42.237+0000] {dag.py:2693} INFO - Sync 1 DAGs
[2023-03-17T03:16:42.270+0000] {logging_mixin.py:137} INFO - [2023-03-17T03:16:42.269+0000] {dag.py:3444} INFO - Setting next_dagrun for example_local_kubernetes_executor to None, run_after=None
[2023-03-17T03:16:42.298+0000] {processor.py:175} INFO - Processing /home/airflow/.local/lib/python3.7/site-packages/airflow/example_dags/example_local_kubernetes_executor.py took 0.123 seconds
[2023-03-17T03:17:12.589+0000] {processor.py:153} INFO - Started process (PID=2932) to work on /home/airflow/.local/lib/python3.7/site-packages/airflow/example_dags/example_local_kubernetes_executor.py
[2023-03-17T03:17:12.590+0000] {processor.py:743} INFO - Processing file /home/airflow/.local/lib/python3.7/site-packages/airflow/example_dags/example_local_kubernetes_executor.py for tasks to queue
[2023-03-17T03:17:12.591+0000] {logging_mixin.py:137} INFO - [2023-03-17T03:17:12.591+0000] {dagbag.py:532} INFO - Filling up the DagBag from /home/airflow/.local/lib/python3.7/site-packages/airflow/example_dags/example_local_kubernetes_executor.py
[2023-03-17T03:17:12.619+0000] {processor.py:753} INFO - DAG(s) dict_keys(['example_local_kubernetes_executor']) retrieved from /home/airflow/.local/lib/python3.7/site-packages/airflow/example_dags/example_local_kubernetes_executor.py
[2023-03-17T03:17:12.655+0000] {logging_mixin.py:137} INFO - [2023-03-17T03:17:12.655+0000] {dag.py:2693} INFO - Sync 1 DAGs
[2023-03-17T03:17:12.690+0000] {logging_mixin.py:137} INFO - [2023-03-17T03:17:12.690+0000] {dag.py:3444} INFO - Setting next_dagrun for example_local_kubernetes_executor to None, run_after=None
[2023-03-17T03:17:12.719+0000] {processor.py:175} INFO - Processing /home/airflow/.local/lib/python3.7/site-packages/airflow/example_dags/example_local_kubernetes_executor.py took 0.134 seconds
[2023-03-17T03:17:43.171+0000] {processor.py:153} INFO - Started process (PID=3149) to work on /home/airflow/.local/lib/python3.7/site-packages/airflow/example_dags/example_local_kubernetes_executor.py
[2023-03-17T03:17:43.172+0000] {processor.py:743} INFO - Processing file /home/airflow/.local/lib/python3.7/site-packages/airflow/example_dags/example_local_kubernetes_executor.py for tasks to queue
[2023-03-17T03:17:43.173+0000] {logging_mixin.py:137} INFO - [2023-03-17T03:17:43.173+0000] {dagbag.py:532} INFO - Filling up the DagBag from /home/airflow/.local/lib/python3.7/site-packages/airflow/example_dags/example_local_kubernetes_executor.py
[2023-03-17T03:17:43.201+0000] {processor.py:753} INFO - DAG(s) dict_keys(['example_local_kubernetes_executor']) retrieved from /home/airflow/.local/lib/python3.7/site-packages/airflow/example_dags/example_local_kubernetes_executor.py
[2023-03-17T03:17:43.232+0000] {logging_mixin.py:137} INFO - [2023-03-17T03:17:43.232+0000] {dag.py:2693} INFO - Sync 1 DAGs
[2023-03-17T03:17:43.263+0000] {logging_mixin.py:137} INFO - [2023-03-17T03:17:43.263+0000] {dag.py:3444} INFO - Setting next_dagrun for example_local_kubernetes_executor to None, run_after=None
[2023-03-17T03:17:43.291+0000] {processor.py:175} INFO - Processing /home/airflow/.local/lib/python3.7/site-packages/airflow/example_dags/example_local_kubernetes_executor.py took 0.125 seconds
[2023-03-17T03:18:13.556+0000] {processor.py:153} INFO - Started process (PID=3366) to work on /home/airflow/.local/lib/python3.7/site-packages/airflow/example_dags/example_local_kubernetes_executor.py
[2023-03-17T03:18:13.558+0000] {processor.py:743} INFO - Processing file /home/airflow/.local/lib/python3.7/site-packages/airflow/example_dags/example_local_kubernetes_executor.py for tasks to queue
[2023-03-17T03:18:13.559+0000] {logging_mixin.py:137} INFO - [2023-03-17T03:18:13.558+0000] {dagbag.py:532} INFO - Filling up the DagBag from /home/airflow/.local/lib/python3.7/site-packages/airflow/example_dags/example_local_kubernetes_executor.py
[2023-03-17T03:18:13.586+0000] {processor.py:753} INFO - DAG(s) dict_keys(['example_local_kubernetes_executor']) retrieved from /home/airflow/.local/lib/python3.7/site-packages/airflow/example_dags/example_local_kubernetes_executor.py
[2023-03-17T03:18:13.617+0000] {logging_mixin.py:137} INFO - [2023-03-17T03:18:13.617+0000] {dag.py:2693} INFO - Sync 1 DAGs
[2023-03-17T03:18:13.651+0000] {logging_mixin.py:137} INFO - [2023-03-17T03:18:13.651+0000] {dag.py:3444} INFO - Setting next_dagrun for example_local_kubernetes_executor to None, run_after=None
[2023-03-17T03:18:13.677+0000] {processor.py:175} INFO - Processing /home/airflow/.local/lib/python3.7/site-packages/airflow/example_dags/example_local_kubernetes_executor.py took 0.124 seconds
[2023-03-17T03:18:44.134+0000] {processor.py:153} INFO - Started process (PID=3584) to work on /home/airflow/.local/lib/python3.7/site-packages/airflow/example_dags/example_local_kubernetes_executor.py
[2023-03-17T03:18:44.135+0000] {processor.py:743} INFO - Processing file /home/airflow/.local/lib/python3.7/site-packages/airflow/example_dags/example_local_kubernetes_executor.py for tasks to queue
[2023-03-17T03:18:44.135+0000] {logging_mixin.py:137} INFO - [2023-03-17T03:18:44.135+0000] {dagbag.py:532} INFO - Filling up the DagBag from /home/airflow/.local/lib/python3.7/site-packages/airflow/example_dags/example_local_kubernetes_executor.py
[2023-03-17T03:18:44.163+0000] {processor.py:753} INFO - DAG(s) dict_keys(['example_local_kubernetes_executor']) retrieved from /home/airflow/.local/lib/python3.7/site-packages/airflow/example_dags/example_local_kubernetes_executor.py
[2023-03-17T03:18:44.194+0000] {logging_mixin.py:137} INFO - [2023-03-17T03:18:44.194+0000] {dag.py:2693} INFO - Sync 1 DAGs
[2023-03-17T03:18:44.223+0000] {logging_mixin.py:137} INFO - [2023-03-17T03:18:44.223+0000] {dag.py:3444} INFO - Setting next_dagrun for example_local_kubernetes_executor to None, run_after=None
[2023-03-17T03:18:44.247+0000] {processor.py:175} INFO - Processing /home/airflow/.local/lib/python3.7/site-packages/airflow/example_dags/example_local_kubernetes_executor.py took 0.117 seconds
[2023-03-17T03:19:14.755+0000] {processor.py:153} INFO - Started process (PID=3801) to work on /home/airflow/.local/lib/python3.7/site-packages/airflow/example_dags/example_local_kubernetes_executor.py
[2023-03-17T03:19:14.756+0000] {processor.py:743} INFO - Processing file /home/airflow/.local/lib/python3.7/site-packages/airflow/example_dags/example_local_kubernetes_executor.py for tasks to queue
[2023-03-17T03:19:14.757+0000] {logging_mixin.py:137} INFO - [2023-03-17T03:19:14.757+0000] {dagbag.py:532} INFO - Filling up the DagBag from /home/airflow/.local/lib/python3.7/site-packages/airflow/example_dags/example_local_kubernetes_executor.py
[2023-03-17T03:19:14.783+0000] {processor.py:753} INFO - DAG(s) dict_keys(['example_local_kubernetes_executor']) retrieved from /home/airflow/.local/lib/python3.7/site-packages/airflow/example_dags/example_local_kubernetes_executor.py
[2023-03-17T03:19:14.816+0000] {logging_mixin.py:137} INFO - [2023-03-17T03:19:14.815+0000] {dag.py:2693} INFO - Sync 1 DAGs
[2023-03-17T03:19:14.845+0000] {logging_mixin.py:137} INFO - [2023-03-17T03:19:14.845+0000] {dag.py:3444} INFO - Setting next_dagrun for example_local_kubernetes_executor to None, run_after=None
[2023-03-17T03:19:14.872+0000] {processor.py:175} INFO - Processing /home/airflow/.local/lib/python3.7/site-packages/airflow/example_dags/example_local_kubernetes_executor.py took 0.122 seconds
[2023-03-17T03:19:45.310+0000] {processor.py:153} INFO - Started process (PID=4018) to work on /home/airflow/.local/lib/python3.7/site-packages/airflow/example_dags/example_local_kubernetes_executor.py
[2023-03-17T03:19:45.312+0000] {processor.py:743} INFO - Processing file /home/airflow/.local/lib/python3.7/site-packages/airflow/example_dags/example_local_kubernetes_executor.py for tasks to queue
[2023-03-17T03:19:45.313+0000] {logging_mixin.py:137} INFO - [2023-03-17T03:19:45.312+0000] {dagbag.py:532} INFO - Filling up the DagBag from /home/airflow/.local/lib/python3.7/site-packages/airflow/example_dags/example_local_kubernetes_executor.py
[2023-03-17T03:19:45.340+0000] {processor.py:753} INFO - DAG(s) dict_keys(['example_local_kubernetes_executor']) retrieved from /home/airflow/.local/lib/python3.7/site-packages/airflow/example_dags/example_local_kubernetes_executor.py
[2023-03-17T03:19:45.371+0000] {logging_mixin.py:137} INFO - [2023-03-17T03:19:45.371+0000] {dag.py:2693} INFO - Sync 1 DAGs
[2023-03-17T03:19:45.402+0000] {logging_mixin.py:137} INFO - [2023-03-17T03:19:45.402+0000] {dag.py:3444} INFO - Setting next_dagrun for example_local_kubernetes_executor to None, run_after=None
[2023-03-17T03:19:45.434+0000] {processor.py:175} INFO - Processing /home/airflow/.local/lib/python3.7/site-packages/airflow/example_dags/example_local_kubernetes_executor.py took 0.128 seconds
[2023-03-17T03:20:15.658+0000] {processor.py:153} INFO - Started process (PID=4235) to work on /home/airflow/.local/lib/python3.7/site-packages/airflow/example_dags/example_local_kubernetes_executor.py
[2023-03-17T03:20:15.659+0000] {processor.py:743} INFO - Processing file /home/airflow/.local/lib/python3.7/site-packages/airflow/example_dags/example_local_kubernetes_executor.py for tasks to queue
[2023-03-17T03:20:15.660+0000] {logging_mixin.py:137} INFO - [2023-03-17T03:20:15.660+0000] {dagbag.py:532} INFO - Filling up the DagBag from /home/airflow/.local/lib/python3.7/site-packages/airflow/example_dags/example_local_kubernetes_executor.py
[2023-03-17T03:20:15.686+0000] {processor.py:753} INFO - DAG(s) dict_keys(['example_local_kubernetes_executor']) retrieved from /home/airflow/.local/lib/python3.7/site-packages/airflow/example_dags/example_local_kubernetes_executor.py
[2023-03-17T03:20:15.718+0000] {logging_mixin.py:137} INFO - [2023-03-17T03:20:15.718+0000] {dag.py:2693} INFO - Sync 1 DAGs
[2023-03-17T03:20:15.749+0000] {logging_mixin.py:137} INFO - [2023-03-17T03:20:15.749+0000] {dag.py:3444} INFO - Setting next_dagrun for example_local_kubernetes_executor to None, run_after=None
[2023-03-17T03:20:15.773+0000] {processor.py:175} INFO - Processing /home/airflow/.local/lib/python3.7/site-packages/airflow/example_dags/example_local_kubernetes_executor.py took 0.118 seconds
[2023-03-17T03:20:46.126+0000] {processor.py:153} INFO - Started process (PID=4452) to work on /home/airflow/.local/lib/python3.7/site-packages/airflow/example_dags/example_local_kubernetes_executor.py
[2023-03-17T03:20:46.127+0000] {processor.py:743} INFO - Processing file /home/airflow/.local/lib/python3.7/site-packages/airflow/example_dags/example_local_kubernetes_executor.py for tasks to queue
[2023-03-17T03:20:46.128+0000] {logging_mixin.py:137} INFO - [2023-03-17T03:20:46.128+0000] {dagbag.py:532} INFO - Filling up the DagBag from /home/airflow/.local/lib/python3.7/site-packages/airflow/example_dags/example_local_kubernetes_executor.py
[2023-03-17T03:20:46.155+0000] {processor.py:753} INFO - DAG(s) dict_keys(['example_local_kubernetes_executor']) retrieved from /home/airflow/.local/lib/python3.7/site-packages/airflow/example_dags/example_local_kubernetes_executor.py
[2023-03-17T03:20:46.188+0000] {logging_mixin.py:137} INFO - [2023-03-17T03:20:46.188+0000] {dag.py:2693} INFO - Sync 1 DAGs
[2023-03-17T03:20:46.217+0000] {logging_mixin.py:137} INFO - [2023-03-17T03:20:46.217+0000] {dag.py:3444} INFO - Setting next_dagrun for example_local_kubernetes_executor to None, run_after=None
[2023-03-17T03:20:46.244+0000] {processor.py:175} INFO - Processing /home/airflow/.local/lib/python3.7/site-packages/airflow/example_dags/example_local_kubernetes_executor.py took 0.122 seconds
[2023-03-17T03:21:16.767+0000] {processor.py:153} INFO - Started process (PID=4669) to work on /home/airflow/.local/lib/python3.7/site-packages/airflow/example_dags/example_local_kubernetes_executor.py
[2023-03-17T03:21:16.768+0000] {processor.py:743} INFO - Processing file /home/airflow/.local/lib/python3.7/site-packages/airflow/example_dags/example_local_kubernetes_executor.py for tasks to queue
[2023-03-17T03:21:16.769+0000] {logging_mixin.py:137} INFO - [2023-03-17T03:21:16.769+0000] {dagbag.py:532} INFO - Filling up the DagBag from /home/airflow/.local/lib/python3.7/site-packages/airflow/example_dags/example_local_kubernetes_executor.py
[2023-03-17T03:21:16.795+0000] {processor.py:753} INFO - DAG(s) dict_keys(['example_local_kubernetes_executor']) retrieved from /home/airflow/.local/lib/python3.7/site-packages/airflow/example_dags/example_local_kubernetes_executor.py
[2023-03-17T03:21:16.826+0000] {logging_mixin.py:137} INFO - [2023-03-17T03:21:16.826+0000] {dag.py:2693} INFO - Sync 1 DAGs
[2023-03-17T03:21:16.855+0000] {logging_mixin.py:137} INFO - [2023-03-17T03:21:16.855+0000] {dag.py:3444} INFO - Setting next_dagrun for example_local_kubernetes_executor to None, run_after=None
[2023-03-17T03:21:16.883+0000] {processor.py:175} INFO - Processing /home/airflow/.local/lib/python3.7/site-packages/airflow/example_dags/example_local_kubernetes_executor.py took 0.119 seconds
[2023-03-17T03:21:47.412+0000] {processor.py:153} INFO - Started process (PID=4886) to work on /home/airflow/.local/lib/python3.7/site-packages/airflow/example_dags/example_local_kubernetes_executor.py
[2023-03-17T03:21:47.413+0000] {processor.py:743} INFO - Processing file /home/airflow/.local/lib/python3.7/site-packages/airflow/example_dags/example_local_kubernetes_executor.py for tasks to queue
[2023-03-17T03:21:47.414+0000] {logging_mixin.py:137} INFO - [2023-03-17T03:21:47.414+0000] {dagbag.py:532} INFO - Filling up the DagBag from /home/airflow/.local/lib/python3.7/site-packages/airflow/example_dags/example_local_kubernetes_executor.py
[2023-03-17T03:21:47.440+0000] {processor.py:753} INFO - DAG(s) dict_keys(['example_local_kubernetes_executor']) retrieved from /home/airflow/.local/lib/python3.7/site-packages/airflow/example_dags/example_local_kubernetes_executor.py
[2023-03-17T03:21:47.470+0000] {logging_mixin.py:137} INFO - [2023-03-17T03:21:47.470+0000] {dag.py:2693} INFO - Sync 1 DAGs
[2023-03-17T03:21:47.503+0000] {logging_mixin.py:137} INFO - [2023-03-17T03:21:47.503+0000] {dag.py:3444} INFO - Setting next_dagrun for example_local_kubernetes_executor to None, run_after=None
[2023-03-17T03:21:47.527+0000] {processor.py:175} INFO - Processing /home/airflow/.local/lib/python3.7/site-packages/airflow/example_dags/example_local_kubernetes_executor.py took 0.119 seconds
[2023-03-17T03:22:17.886+0000] {processor.py:153} INFO - Started process (PID=5103) to work on /home/airflow/.local/lib/python3.7/site-packages/airflow/example_dags/example_local_kubernetes_executor.py
[2023-03-17T03:22:17.887+0000] {processor.py:743} INFO - Processing file /home/airflow/.local/lib/python3.7/site-packages/airflow/example_dags/example_local_kubernetes_executor.py for tasks to queue
[2023-03-17T03:22:17.888+0000] {logging_mixin.py:137} INFO - [2023-03-17T03:22:17.888+0000] {dagbag.py:532} INFO - Filling up the DagBag from /home/airflow/.local/lib/python3.7/site-packages/airflow/example_dags/example_local_kubernetes_executor.py
[2023-03-17T03:22:17.927+0000] {processor.py:753} INFO - DAG(s) dict_keys(['example_local_kubernetes_executor']) retrieved from /home/airflow/.local/lib/python3.7/site-packages/airflow/example_dags/example_local_kubernetes_executor.py
[2023-03-17T03:22:17.960+0000] {logging_mixin.py:137} INFO - [2023-03-17T03:22:17.960+0000] {dag.py:2693} INFO - Sync 1 DAGs
[2023-03-17T03:22:17.989+0000] {logging_mixin.py:137} INFO - [2023-03-17T03:22:17.989+0000] {dag.py:3444} INFO - Setting next_dagrun for example_local_kubernetes_executor to None, run_after=None
[2023-03-17T03:22:18.020+0000] {processor.py:175} INFO - Processing /home/airflow/.local/lib/python3.7/site-packages/airflow/example_dags/example_local_kubernetes_executor.py took 0.140 seconds
[2023-03-17T03:22:48.191+0000] {processor.py:153} INFO - Started process (PID=5320) to work on /home/airflow/.local/lib/python3.7/site-packages/airflow/example_dags/example_local_kubernetes_executor.py
[2023-03-17T03:22:48.192+0000] {processor.py:743} INFO - Processing file /home/airflow/.local/lib/python3.7/site-packages/airflow/example_dags/example_local_kubernetes_executor.py for tasks to queue
[2023-03-17T03:22:48.193+0000] {logging_mixin.py:137} INFO - [2023-03-17T03:22:48.193+0000] {dagbag.py:532} INFO - Filling up the DagBag from /home/airflow/.local/lib/python3.7/site-packages/airflow/example_dags/example_local_kubernetes_executor.py
[2023-03-17T03:22:48.219+0000] {processor.py:753} INFO - DAG(s) dict_keys(['example_local_kubernetes_executor']) retrieved from /home/airflow/.local/lib/python3.7/site-packages/airflow/example_dags/example_local_kubernetes_executor.py
[2023-03-17T03:22:48.251+0000] {logging_mixin.py:137} INFO - [2023-03-17T03:22:48.251+0000] {dag.py:2693} INFO - Sync 1 DAGs
[2023-03-17T03:22:48.287+0000] {logging_mixin.py:137} INFO - [2023-03-17T03:22:48.287+0000] {dag.py:3444} INFO - Setting next_dagrun for example_local_kubernetes_executor to None, run_after=None
[2023-03-17T03:22:48.315+0000] {processor.py:175} INFO - Processing /home/airflow/.local/lib/python3.7/site-packages/airflow/example_dags/example_local_kubernetes_executor.py took 0.127 seconds
[2023-03-17T03:23:18.733+0000] {processor.py:153} INFO - Started process (PID=5538) to work on /home/airflow/.local/lib/python3.7/site-packages/airflow/example_dags/example_local_kubernetes_executor.py
[2023-03-17T03:23:18.734+0000] {processor.py:743} INFO - Processing file /home/airflow/.local/lib/python3.7/site-packages/airflow/example_dags/example_local_kubernetes_executor.py for tasks to queue
[2023-03-17T03:23:18.735+0000] {logging_mixin.py:137} INFO - [2023-03-17T03:23:18.735+0000] {dagbag.py:532} INFO - Filling up the DagBag from /home/airflow/.local/lib/python3.7/site-packages/airflow/example_dags/example_local_kubernetes_executor.py
[2023-03-17T03:23:18.761+0000] {processor.py:753} INFO - DAG(s) dict_keys(['example_local_kubernetes_executor']) retrieved from /home/airflow/.local/lib/python3.7/site-packages/airflow/example_dags/example_local_kubernetes_executor.py
[2023-03-17T03:23:18.793+0000] {logging_mixin.py:137} INFO - [2023-03-17T03:23:18.793+0000] {dag.py:2693} INFO - Sync 1 DAGs
[2023-03-17T03:23:18.826+0000] {logging_mixin.py:137} INFO - [2023-03-17T03:23:18.826+0000] {dag.py:3444} INFO - Setting next_dagrun for example_local_kubernetes_executor to None, run_after=None
[2023-03-17T03:23:18.851+0000] {processor.py:175} INFO - Processing /home/airflow/.local/lib/python3.7/site-packages/airflow/example_dags/example_local_kubernetes_executor.py took 0.121 seconds
[2023-03-17T03:23:49.123+0000] {processor.py:153} INFO - Started process (PID=5755) to work on /home/airflow/.local/lib/python3.7/site-packages/airflow/example_dags/example_local_kubernetes_executor.py
[2023-03-17T03:23:49.124+0000] {processor.py:743} INFO - Processing file /home/airflow/.local/lib/python3.7/site-packages/airflow/example_dags/example_local_kubernetes_executor.py for tasks to queue
[2023-03-17T03:23:49.126+0000] {logging_mixin.py:137} INFO - [2023-03-17T03:23:49.125+0000] {dagbag.py:532} INFO - Filling up the DagBag from /home/airflow/.local/lib/python3.7/site-packages/airflow/example_dags/example_local_kubernetes_executor.py
[2023-03-17T03:23:49.152+0000] {processor.py:753} INFO - DAG(s) dict_keys(['example_local_kubernetes_executor']) retrieved from /home/airflow/.local/lib/python3.7/site-packages/airflow/example_dags/example_local_kubernetes_executor.py
[2023-03-17T03:23:49.182+0000] {logging_mixin.py:137} INFO - [2023-03-17T03:23:49.182+0000] {dag.py:2693} INFO - Sync 1 DAGs
[2023-03-17T03:23:49.213+0000] {logging_mixin.py:137} INFO - [2023-03-17T03:23:49.213+0000] {dag.py:3444} INFO - Setting next_dagrun for example_local_kubernetes_executor to None, run_after=None
[2023-03-17T03:23:49.239+0000] {processor.py:175} INFO - Processing /home/airflow/.local/lib/python3.7/site-packages/airflow/example_dags/example_local_kubernetes_executor.py took 0.120 seconds
[2023-03-17T03:24:19.602+0000] {processor.py:153} INFO - Started process (PID=5974) to work on /home/airflow/.local/lib/python3.7/site-packages/airflow/example_dags/example_local_kubernetes_executor.py
[2023-03-17T03:24:19.603+0000] {processor.py:743} INFO - Processing file /home/airflow/.local/lib/python3.7/site-packages/airflow/example_dags/example_local_kubernetes_executor.py for tasks to queue
[2023-03-17T03:24:19.604+0000] {logging_mixin.py:137} INFO - [2023-03-17T03:24:19.604+0000] {dagbag.py:532} INFO - Filling up the DagBag from /home/airflow/.local/lib/python3.7/site-packages/airflow/example_dags/example_local_kubernetes_executor.py
[2023-03-17T03:24:19.631+0000] {processor.py:753} INFO - DAG(s) dict_keys(['example_local_kubernetes_executor']) retrieved from /home/airflow/.local/lib/python3.7/site-packages/airflow/example_dags/example_local_kubernetes_executor.py
[2023-03-17T03:24:19.663+0000] {logging_mixin.py:137} INFO - [2023-03-17T03:24:19.663+0000] {dag.py:2693} INFO - Sync 1 DAGs
[2023-03-17T03:24:19.694+0000] {logging_mixin.py:137} INFO - [2023-03-17T03:24:19.694+0000] {dag.py:3444} INFO - Setting next_dagrun for example_local_kubernetes_executor to None, run_after=None
[2023-03-17T03:24:19.721+0000] {processor.py:175} INFO - Processing /home/airflow/.local/lib/python3.7/site-packages/airflow/example_dags/example_local_kubernetes_executor.py took 0.123 seconds
[2023-03-17T03:24:49.944+0000] {processor.py:153} INFO - Started process (PID=6189) to work on /home/airflow/.local/lib/python3.7/site-packages/airflow/example_dags/example_local_kubernetes_executor.py
[2023-03-17T03:24:49.945+0000] {processor.py:743} INFO - Processing file /home/airflow/.local/lib/python3.7/site-packages/airflow/example_dags/example_local_kubernetes_executor.py for tasks to queue
[2023-03-17T03:24:49.946+0000] {logging_mixin.py:137} INFO - [2023-03-17T03:24:49.946+0000] {dagbag.py:532} INFO - Filling up the DagBag from /home/airflow/.local/lib/python3.7/site-packages/airflow/example_dags/example_local_kubernetes_executor.py
[2023-03-17T03:24:49.972+0000] {processor.py:753} INFO - DAG(s) dict_keys(['example_local_kubernetes_executor']) retrieved from /home/airflow/.local/lib/python3.7/site-packages/airflow/example_dags/example_local_kubernetes_executor.py
[2023-03-17T03:24:50.002+0000] {logging_mixin.py:137} INFO - [2023-03-17T03:24:50.002+0000] {dag.py:2693} INFO - Sync 1 DAGs
[2023-03-17T03:24:50.032+0000] {logging_mixin.py:137} INFO - [2023-03-17T03:24:50.032+0000] {dag.py:3444} INFO - Setting next_dagrun for example_local_kubernetes_executor to None, run_after=None
[2023-03-17T03:24:50.060+0000] {processor.py:175} INFO - Processing /home/airflow/.local/lib/python3.7/site-packages/airflow/example_dags/example_local_kubernetes_executor.py took 0.120 seconds
[2023-03-17T03:25:20.344+0000] {processor.py:153} INFO - Started process (PID=6406) to work on /home/airflow/.local/lib/python3.7/site-packages/airflow/example_dags/example_local_kubernetes_executor.py
[2023-03-17T03:25:20.345+0000] {processor.py:743} INFO - Processing file /home/airflow/.local/lib/python3.7/site-packages/airflow/example_dags/example_local_kubernetes_executor.py for tasks to queue
[2023-03-17T03:25:20.347+0000] {logging_mixin.py:137} INFO - [2023-03-17T03:25:20.347+0000] {dagbag.py:532} INFO - Filling up the DagBag from /home/airflow/.local/lib/python3.7/site-packages/airflow/example_dags/example_local_kubernetes_executor.py
[2023-03-17T03:25:20.372+0000] {processor.py:753} INFO - DAG(s) dict_keys(['example_local_kubernetes_executor']) retrieved from /home/airflow/.local/lib/python3.7/site-packages/airflow/example_dags/example_local_kubernetes_executor.py
[2023-03-17T03:25:20.407+0000] {logging_mixin.py:137} INFO - [2023-03-17T03:25:20.407+0000] {dag.py:2693} INFO - Sync 1 DAGs
[2023-03-17T03:25:20.437+0000] {logging_mixin.py:137} INFO - [2023-03-17T03:25:20.437+0000] {dag.py:3444} INFO - Setting next_dagrun for example_local_kubernetes_executor to None, run_after=None
[2023-03-17T03:25:20.463+0000] {processor.py:175} INFO - Processing /home/airflow/.local/lib/python3.7/site-packages/airflow/example_dags/example_local_kubernetes_executor.py took 0.123 seconds
[2023-03-17T03:25:50.781+0000] {processor.py:153} INFO - Started process (PID=6623) to work on /home/airflow/.local/lib/python3.7/site-packages/airflow/example_dags/example_local_kubernetes_executor.py
[2023-03-17T03:25:50.783+0000] {processor.py:743} INFO - Processing file /home/airflow/.local/lib/python3.7/site-packages/airflow/example_dags/example_local_kubernetes_executor.py for tasks to queue
[2023-03-17T03:25:50.785+0000] {logging_mixin.py:137} INFO - [2023-03-17T03:25:50.785+0000] {dagbag.py:532} INFO - Filling up the DagBag from /home/airflow/.local/lib/python3.7/site-packages/airflow/example_dags/example_local_kubernetes_executor.py
[2023-03-17T03:25:50.828+0000] {processor.py:753} INFO - DAG(s) dict_keys(['example_local_kubernetes_executor']) retrieved from /home/airflow/.local/lib/python3.7/site-packages/airflow/example_dags/example_local_kubernetes_executor.py
[2023-03-17T03:25:50.866+0000] {logging_mixin.py:137} INFO - [2023-03-17T03:25:50.866+0000] {dag.py:2693} INFO - Sync 1 DAGs
[2023-03-17T03:25:50.906+0000] {logging_mixin.py:137} INFO - [2023-03-17T03:25:50.905+0000] {dag.py:3444} INFO - Setting next_dagrun for example_local_kubernetes_executor to None, run_after=None
[2023-03-17T03:25:50.940+0000] {processor.py:175} INFO - Processing /home/airflow/.local/lib/python3.7/site-packages/airflow/example_dags/example_local_kubernetes_executor.py took 0.166 seconds
[2023-03-17T03:26:21.421+0000] {processor.py:153} INFO - Started process (PID=6840) to work on /home/airflow/.local/lib/python3.7/site-packages/airflow/example_dags/example_local_kubernetes_executor.py
[2023-03-17T03:26:21.422+0000] {processor.py:743} INFO - Processing file /home/airflow/.local/lib/python3.7/site-packages/airflow/example_dags/example_local_kubernetes_executor.py for tasks to queue
[2023-03-17T03:26:21.423+0000] {logging_mixin.py:137} INFO - [2023-03-17T03:26:21.423+0000] {dagbag.py:532} INFO - Filling up the DagBag from /home/airflow/.local/lib/python3.7/site-packages/airflow/example_dags/example_local_kubernetes_executor.py
[2023-03-17T03:26:21.451+0000] {processor.py:753} INFO - DAG(s) dict_keys(['example_local_kubernetes_executor']) retrieved from /home/airflow/.local/lib/python3.7/site-packages/airflow/example_dags/example_local_kubernetes_executor.py
[2023-03-17T03:26:21.483+0000] {logging_mixin.py:137} INFO - [2023-03-17T03:26:21.483+0000] {dag.py:2693} INFO - Sync 1 DAGs
[2023-03-17T03:26:21.515+0000] {logging_mixin.py:137} INFO - [2023-03-17T03:26:21.515+0000] {dag.py:3444} INFO - Setting next_dagrun for example_local_kubernetes_executor to None, run_after=None
[2023-03-17T03:26:21.543+0000] {processor.py:175} INFO - Processing /home/airflow/.local/lib/python3.7/site-packages/airflow/example_dags/example_local_kubernetes_executor.py took 0.126 seconds
[2023-03-17T03:26:51.724+0000] {processor.py:153} INFO - Started process (PID=7057) to work on /home/airflow/.local/lib/python3.7/site-packages/airflow/example_dags/example_local_kubernetes_executor.py
[2023-03-17T03:26:51.725+0000] {processor.py:743} INFO - Processing file /home/airflow/.local/lib/python3.7/site-packages/airflow/example_dags/example_local_kubernetes_executor.py for tasks to queue
[2023-03-17T03:26:51.727+0000] {logging_mixin.py:137} INFO - [2023-03-17T03:26:51.726+0000] {dagbag.py:532} INFO - Filling up the DagBag from /home/airflow/.local/lib/python3.7/site-packages/airflow/example_dags/example_local_kubernetes_executor.py
[2023-03-17T03:26:51.762+0000] {processor.py:753} INFO - DAG(s) dict_keys(['example_local_kubernetes_executor']) retrieved from /home/airflow/.local/lib/python3.7/site-packages/airflow/example_dags/example_local_kubernetes_executor.py
[2023-03-17T03:26:51.795+0000] {logging_mixin.py:137} INFO - [2023-03-17T03:26:51.795+0000] {dag.py:2693} INFO - Sync 1 DAGs
[2023-03-17T03:26:51.827+0000] {logging_mixin.py:137} INFO - [2023-03-17T03:26:51.826+0000] {dag.py:3444} INFO - Setting next_dagrun for example_local_kubernetes_executor to None, run_after=None
[2023-03-17T03:26:51.852+0000] {processor.py:175} INFO - Processing /home/airflow/.local/lib/python3.7/site-packages/airflow/example_dags/example_local_kubernetes_executor.py took 0.136 seconds
[2023-03-17T03:27:22.091+0000] {processor.py:153} INFO - Started process (PID=7274) to work on /home/airflow/.local/lib/python3.7/site-packages/airflow/example_dags/example_local_kubernetes_executor.py
[2023-03-17T03:27:22.092+0000] {processor.py:743} INFO - Processing file /home/airflow/.local/lib/python3.7/site-packages/airflow/example_dags/example_local_kubernetes_executor.py for tasks to queue
[2023-03-17T03:27:22.093+0000] {logging_mixin.py:137} INFO - [2023-03-17T03:27:22.093+0000] {dagbag.py:532} INFO - Filling up the DagBag from /home/airflow/.local/lib/python3.7/site-packages/airflow/example_dags/example_local_kubernetes_executor.py
[2023-03-17T03:27:22.123+0000] {processor.py:753} INFO - DAG(s) dict_keys(['example_local_kubernetes_executor']) retrieved from /home/airflow/.local/lib/python3.7/site-packages/airflow/example_dags/example_local_kubernetes_executor.py
[2023-03-17T03:27:22.156+0000] {logging_mixin.py:137} INFO - [2023-03-17T03:27:22.156+0000] {dag.py:2693} INFO - Sync 1 DAGs
[2023-03-17T03:27:22.195+0000] {logging_mixin.py:137} INFO - [2023-03-17T03:27:22.194+0000] {dag.py:3444} INFO - Setting next_dagrun for example_local_kubernetes_executor to None, run_after=None
[2023-03-17T03:27:22.222+0000] {processor.py:175} INFO - Processing /home/airflow/.local/lib/python3.7/site-packages/airflow/example_dags/example_local_kubernetes_executor.py took 0.135 seconds
[2023-03-17T03:27:52.484+0000] {processor.py:153} INFO - Started process (PID=7491) to work on /home/airflow/.local/lib/python3.7/site-packages/airflow/example_dags/example_local_kubernetes_executor.py
[2023-03-17T03:27:52.485+0000] {processor.py:743} INFO - Processing file /home/airflow/.local/lib/python3.7/site-packages/airflow/example_dags/example_local_kubernetes_executor.py for tasks to queue
[2023-03-17T03:27:52.486+0000] {logging_mixin.py:137} INFO - [2023-03-17T03:27:52.486+0000] {dagbag.py:532} INFO - Filling up the DagBag from /home/airflow/.local/lib/python3.7/site-packages/airflow/example_dags/example_local_kubernetes_executor.py
[2023-03-17T03:27:52.513+0000] {processor.py:753} INFO - DAG(s) dict_keys(['example_local_kubernetes_executor']) retrieved from /home/airflow/.local/lib/python3.7/site-packages/airflow/example_dags/example_local_kubernetes_executor.py
[2023-03-17T03:27:52.546+0000] {logging_mixin.py:137} INFO - [2023-03-17T03:27:52.546+0000] {dag.py:2693} INFO - Sync 1 DAGs
[2023-03-17T03:27:52.576+0000] {logging_mixin.py:137} INFO - [2023-03-17T03:27:52.576+0000] {dag.py:3444} INFO - Setting next_dagrun for example_local_kubernetes_executor to None, run_after=None
[2023-03-17T03:27:52.602+0000] {processor.py:175} INFO - Processing /home/airflow/.local/lib/python3.7/site-packages/airflow/example_dags/example_local_kubernetes_executor.py took 0.122 seconds
[2023-03-17T03:28:22.813+0000] {processor.py:153} INFO - Started process (PID=7708) to work on /home/airflow/.local/lib/python3.7/site-packages/airflow/example_dags/example_local_kubernetes_executor.py
[2023-03-17T03:28:22.814+0000] {processor.py:743} INFO - Processing file /home/airflow/.local/lib/python3.7/site-packages/airflow/example_dags/example_local_kubernetes_executor.py for tasks to queue
[2023-03-17T03:28:22.815+0000] {logging_mixin.py:137} INFO - [2023-03-17T03:28:22.815+0000] {dagbag.py:532} INFO - Filling up the DagBag from /home/airflow/.local/lib/python3.7/site-packages/airflow/example_dags/example_local_kubernetes_executor.py
[2023-03-17T03:28:22.842+0000] {processor.py:753} INFO - DAG(s) dict_keys(['example_local_kubernetes_executor']) retrieved from /home/airflow/.local/lib/python3.7/site-packages/airflow/example_dags/example_local_kubernetes_executor.py
[2023-03-17T03:28:22.875+0000] {logging_mixin.py:137} INFO - [2023-03-17T03:28:22.875+0000] {dag.py:2693} INFO - Sync 1 DAGs
[2023-03-17T03:28:22.910+0000] {logging_mixin.py:137} INFO - [2023-03-17T03:28:22.910+0000] {dag.py:3444} INFO - Setting next_dagrun for example_local_kubernetes_executor to None, run_after=None
[2023-03-17T03:28:22.936+0000] {processor.py:175} INFO - Processing /home/airflow/.local/lib/python3.7/site-packages/airflow/example_dags/example_local_kubernetes_executor.py took 0.127 seconds
[2023-03-17T03:28:53.280+0000] {processor.py:153} INFO - Started process (PID=7925) to work on /home/airflow/.local/lib/python3.7/site-packages/airflow/example_dags/example_local_kubernetes_executor.py
[2023-03-17T03:28:53.281+0000] {processor.py:743} INFO - Processing file /home/airflow/.local/lib/python3.7/site-packages/airflow/example_dags/example_local_kubernetes_executor.py for tasks to queue
[2023-03-17T03:28:53.282+0000] {logging_mixin.py:137} INFO - [2023-03-17T03:28:53.282+0000] {dagbag.py:532} INFO - Filling up the DagBag from /home/airflow/.local/lib/python3.7/site-packages/airflow/example_dags/example_local_kubernetes_executor.py
[2023-03-17T03:28:53.308+0000] {processor.py:753} INFO - DAG(s) dict_keys(['example_local_kubernetes_executor']) retrieved from /home/airflow/.local/lib/python3.7/site-packages/airflow/example_dags/example_local_kubernetes_executor.py
[2023-03-17T03:28:53.341+0000] {logging_mixin.py:137} INFO - [2023-03-17T03:28:53.341+0000] {dag.py:2693} INFO - Sync 1 DAGs
[2023-03-17T03:28:53.374+0000] {logging_mixin.py:137} INFO - [2023-03-17T03:28:53.374+0000] {dag.py:3444} INFO - Setting next_dagrun for example_local_kubernetes_executor to None, run_after=None
[2023-03-17T03:28:53.400+0000] {processor.py:175} INFO - Processing /home/airflow/.local/lib/python3.7/site-packages/airflow/example_dags/example_local_kubernetes_executor.py took 0.124 seconds
[2023-03-17T03:29:23.705+0000] {processor.py:153} INFO - Started process (PID=8143) to work on /home/airflow/.local/lib/python3.7/site-packages/airflow/example_dags/example_local_kubernetes_executor.py
[2023-03-17T03:29:23.706+0000] {processor.py:743} INFO - Processing file /home/airflow/.local/lib/python3.7/site-packages/airflow/example_dags/example_local_kubernetes_executor.py for tasks to queue
[2023-03-17T03:29:23.708+0000] {logging_mixin.py:137} INFO - [2023-03-17T03:29:23.707+0000] {dagbag.py:532} INFO - Filling up the DagBag from /home/airflow/.local/lib/python3.7/site-packages/airflow/example_dags/example_local_kubernetes_executor.py
[2023-03-17T03:29:23.735+0000] {processor.py:753} INFO - DAG(s) dict_keys(['example_local_kubernetes_executor']) retrieved from /home/airflow/.local/lib/python3.7/site-packages/airflow/example_dags/example_local_kubernetes_executor.py
[2023-03-17T03:29:23.768+0000] {logging_mixin.py:137} INFO - [2023-03-17T03:29:23.768+0000] {dag.py:2693} INFO - Sync 1 DAGs
[2023-03-17T03:29:23.799+0000] {logging_mixin.py:137} INFO - [2023-03-17T03:29:23.799+0000] {dag.py:3444} INFO - Setting next_dagrun for example_local_kubernetes_executor to None, run_after=None
[2023-03-17T03:29:23.827+0000] {processor.py:175} INFO - Processing /home/airflow/.local/lib/python3.7/site-packages/airflow/example_dags/example_local_kubernetes_executor.py took 0.126 seconds
[2023-03-17T03:29:54.010+0000] {processor.py:153} INFO - Started process (PID=8360) to work on /home/airflow/.local/lib/python3.7/site-packages/airflow/example_dags/example_local_kubernetes_executor.py
[2023-03-17T03:29:54.012+0000] {processor.py:743} INFO - Processing file /home/airflow/.local/lib/python3.7/site-packages/airflow/example_dags/example_local_kubernetes_executor.py for tasks to queue
[2023-03-17T03:29:54.013+0000] {logging_mixin.py:137} INFO - [2023-03-17T03:29:54.013+0000] {dagbag.py:532} INFO - Filling up the DagBag from /home/airflow/.local/lib/python3.7/site-packages/airflow/example_dags/example_local_kubernetes_executor.py
[2023-03-17T03:29:54.039+0000] {processor.py:753} INFO - DAG(s) dict_keys(['example_local_kubernetes_executor']) retrieved from /home/airflow/.local/lib/python3.7/site-packages/airflow/example_dags/example_local_kubernetes_executor.py
[2023-03-17T03:29:54.072+0000] {logging_mixin.py:137} INFO - [2023-03-17T03:29:54.072+0000] {dag.py:2693} INFO - Sync 1 DAGs
[2023-03-17T03:29:54.106+0000] {logging_mixin.py:137} INFO - [2023-03-17T03:29:54.106+0000] {dag.py:3444} INFO - Setting next_dagrun for example_local_kubernetes_executor to None, run_after=None
[2023-03-17T03:29:54.133+0000] {processor.py:175} INFO - Processing /home/airflow/.local/lib/python3.7/site-packages/airflow/example_dags/example_local_kubernetes_executor.py took 0.126 seconds
[2023-03-17T03:30:24.816+0000] {processor.py:153} INFO - Started process (PID=8579) to work on /home/airflow/.local/lib/python3.7/site-packages/airflow/example_dags/example_local_kubernetes_executor.py
[2023-03-17T03:30:24.817+0000] {processor.py:743} INFO - Processing file /home/airflow/.local/lib/python3.7/site-packages/airflow/example_dags/example_local_kubernetes_executor.py for tasks to queue
[2023-03-17T03:30:24.818+0000] {logging_mixin.py:137} INFO - [2023-03-17T03:30:24.818+0000] {dagbag.py:532} INFO - Filling up the DagBag from /home/airflow/.local/lib/python3.7/site-packages/airflow/example_dags/example_local_kubernetes_executor.py
[2023-03-17T03:30:24.843+0000] {processor.py:753} INFO - DAG(s) dict_keys(['example_local_kubernetes_executor']) retrieved from /home/airflow/.local/lib/python3.7/site-packages/airflow/example_dags/example_local_kubernetes_executor.py
[2023-03-17T03:30:24.874+0000] {logging_mixin.py:137} INFO - [2023-03-17T03:30:24.874+0000] {dag.py:2693} INFO - Sync 1 DAGs
[2023-03-17T03:30:24.904+0000] {logging_mixin.py:137} INFO - [2023-03-17T03:30:24.903+0000] {dag.py:3444} INFO - Setting next_dagrun for example_local_kubernetes_executor to None, run_after=None
[2023-03-17T03:30:24.927+0000] {processor.py:175} INFO - Processing /home/airflow/.local/lib/python3.7/site-packages/airflow/example_dags/example_local_kubernetes_executor.py took 0.114 seconds
[2023-03-17T03:30:55.114+0000] {processor.py:153} INFO - Started process (PID=8794) to work on /home/airflow/.local/lib/python3.7/site-packages/airflow/example_dags/example_local_kubernetes_executor.py
[2023-03-17T03:30:55.115+0000] {processor.py:743} INFO - Processing file /home/airflow/.local/lib/python3.7/site-packages/airflow/example_dags/example_local_kubernetes_executor.py for tasks to queue
[2023-03-17T03:30:55.116+0000] {logging_mixin.py:137} INFO - [2023-03-17T03:30:55.116+0000] {dagbag.py:532} INFO - Filling up the DagBag from /home/airflow/.local/lib/python3.7/site-packages/airflow/example_dags/example_local_kubernetes_executor.py
[2023-03-17T03:30:55.142+0000] {processor.py:753} INFO - DAG(s) dict_keys(['example_local_kubernetes_executor']) retrieved from /home/airflow/.local/lib/python3.7/site-packages/airflow/example_dags/example_local_kubernetes_executor.py
[2023-03-17T03:30:55.173+0000] {logging_mixin.py:137} INFO - [2023-03-17T03:30:55.173+0000] {dag.py:2693} INFO - Sync 1 DAGs
[2023-03-17T03:30:55.206+0000] {logging_mixin.py:137} INFO - [2023-03-17T03:30:55.206+0000] {dag.py:3444} INFO - Setting next_dagrun for example_local_kubernetes_executor to None, run_after=None
[2023-03-17T03:30:55.232+0000] {processor.py:175} INFO - Processing /home/airflow/.local/lib/python3.7/site-packages/airflow/example_dags/example_local_kubernetes_executor.py took 0.121 seconds
[2023-03-17T03:31:25.438+0000] {processor.py:153} INFO - Started process (PID=9011) to work on /home/airflow/.local/lib/python3.7/site-packages/airflow/example_dags/example_local_kubernetes_executor.py
[2023-03-17T03:31:25.439+0000] {processor.py:743} INFO - Processing file /home/airflow/.local/lib/python3.7/site-packages/airflow/example_dags/example_local_kubernetes_executor.py for tasks to queue
[2023-03-17T03:31:25.440+0000] {logging_mixin.py:137} INFO - [2023-03-17T03:31:25.440+0000] {dagbag.py:532} INFO - Filling up the DagBag from /home/airflow/.local/lib/python3.7/site-packages/airflow/example_dags/example_local_kubernetes_executor.py
[2023-03-17T03:31:25.465+0000] {processor.py:753} INFO - DAG(s) dict_keys(['example_local_kubernetes_executor']) retrieved from /home/airflow/.local/lib/python3.7/site-packages/airflow/example_dags/example_local_kubernetes_executor.py
[2023-03-17T03:31:25.497+0000] {logging_mixin.py:137} INFO - [2023-03-17T03:31:25.497+0000] {dag.py:2693} INFO - Sync 1 DAGs
[2023-03-17T03:31:25.529+0000] {logging_mixin.py:137} INFO - [2023-03-17T03:31:25.529+0000] {dag.py:3444} INFO - Setting next_dagrun for example_local_kubernetes_executor to None, run_after=None
[2023-03-17T03:31:25.557+0000] {processor.py:175} INFO - Processing /home/airflow/.local/lib/python3.7/site-packages/airflow/example_dags/example_local_kubernetes_executor.py took 0.122 seconds
[2023-03-17T03:31:55.811+0000] {processor.py:153} INFO - Started process (PID=9228) to work on /home/airflow/.local/lib/python3.7/site-packages/airflow/example_dags/example_local_kubernetes_executor.py
[2023-03-17T03:31:55.812+0000] {processor.py:743} INFO - Processing file /home/airflow/.local/lib/python3.7/site-packages/airflow/example_dags/example_local_kubernetes_executor.py for tasks to queue
[2023-03-17T03:31:55.813+0000] {logging_mixin.py:137} INFO - [2023-03-17T03:31:55.813+0000] {dagbag.py:532} INFO - Filling up the DagBag from /home/airflow/.local/lib/python3.7/site-packages/airflow/example_dags/example_local_kubernetes_executor.py
[2023-03-17T03:31:55.842+0000] {processor.py:753} INFO - DAG(s) dict_keys(['example_local_kubernetes_executor']) retrieved from /home/airflow/.local/lib/python3.7/site-packages/airflow/example_dags/example_local_kubernetes_executor.py
[2023-03-17T03:31:55.877+0000] {logging_mixin.py:137} INFO - [2023-03-17T03:31:55.877+0000] {dag.py:2693} INFO - Sync 1 DAGs
[2023-03-17T03:31:55.916+0000] {logging_mixin.py:137} INFO - [2023-03-17T03:31:55.916+0000] {dag.py:3444} INFO - Setting next_dagrun for example_local_kubernetes_executor to None, run_after=None
[2023-03-17T03:31:55.947+0000] {processor.py:175} INFO - Processing /home/airflow/.local/lib/python3.7/site-packages/airflow/example_dags/example_local_kubernetes_executor.py took 0.140 seconds
[2023-03-17T03:32:26.265+0000] {processor.py:153} INFO - Started process (PID=9445) to work on /home/airflow/.local/lib/python3.7/site-packages/airflow/example_dags/example_local_kubernetes_executor.py
[2023-03-17T03:32:26.266+0000] {processor.py:743} INFO - Processing file /home/airflow/.local/lib/python3.7/site-packages/airflow/example_dags/example_local_kubernetes_executor.py for tasks to queue
[2023-03-17T03:32:26.267+0000] {logging_mixin.py:137} INFO - [2023-03-17T03:32:26.267+0000] {dagbag.py:532} INFO - Filling up the DagBag from /home/airflow/.local/lib/python3.7/site-packages/airflow/example_dags/example_local_kubernetes_executor.py
[2023-03-17T03:32:26.294+0000] {processor.py:753} INFO - DAG(s) dict_keys(['example_local_kubernetes_executor']) retrieved from /home/airflow/.local/lib/python3.7/site-packages/airflow/example_dags/example_local_kubernetes_executor.py
[2023-03-17T03:32:26.324+0000] {logging_mixin.py:137} INFO - [2023-03-17T03:32:26.324+0000] {dag.py:2693} INFO - Sync 1 DAGs
[2023-03-17T03:32:26.357+0000] {logging_mixin.py:137} INFO - [2023-03-17T03:32:26.357+0000] {dag.py:3444} INFO - Setting next_dagrun for example_local_kubernetes_executor to None, run_after=None
[2023-03-17T03:32:26.382+0000] {processor.py:175} INFO - Processing /home/airflow/.local/lib/python3.7/site-packages/airflow/example_dags/example_local_kubernetes_executor.py took 0.121 seconds
[2023-03-17T03:32:57.332+0000] {processor.py:153} INFO - Started process (PID=9664) to work on /home/airflow/.local/lib/python3.7/site-packages/airflow/example_dags/example_local_kubernetes_executor.py
[2023-03-17T03:32:57.333+0000] {processor.py:743} INFO - Processing file /home/airflow/.local/lib/python3.7/site-packages/airflow/example_dags/example_local_kubernetes_executor.py for tasks to queue
[2023-03-17T03:32:57.334+0000] {logging_mixin.py:137} INFO - [2023-03-17T03:32:57.334+0000] {dagbag.py:532} INFO - Filling up the DagBag from /home/airflow/.local/lib/python3.7/site-packages/airflow/example_dags/example_local_kubernetes_executor.py
[2023-03-17T03:32:57.361+0000] {processor.py:753} INFO - DAG(s) dict_keys(['example_local_kubernetes_executor']) retrieved from /home/airflow/.local/lib/python3.7/site-packages/airflow/example_dags/example_local_kubernetes_executor.py
[2023-03-17T03:32:57.395+0000] {logging_mixin.py:137} INFO - [2023-03-17T03:32:57.395+0000] {dag.py:2693} INFO - Sync 1 DAGs
[2023-03-17T03:32:57.426+0000] {logging_mixin.py:137} INFO - [2023-03-17T03:32:57.426+0000] {dag.py:3444} INFO - Setting next_dagrun for example_local_kubernetes_executor to None, run_after=None
[2023-03-17T03:32:57.453+0000] {processor.py:175} INFO - Processing /home/airflow/.local/lib/python3.7/site-packages/airflow/example_dags/example_local_kubernetes_executor.py took 0.124 seconds
[2023-03-17T03:33:27.939+0000] {processor.py:153} INFO - Started process (PID=9880) to work on /home/airflow/.local/lib/python3.7/site-packages/airflow/example_dags/example_local_kubernetes_executor.py
[2023-03-17T03:33:27.940+0000] {processor.py:743} INFO - Processing file /home/airflow/.local/lib/python3.7/site-packages/airflow/example_dags/example_local_kubernetes_executor.py for tasks to queue
[2023-03-17T03:33:27.941+0000] {logging_mixin.py:137} INFO - [2023-03-17T03:33:27.941+0000] {dagbag.py:532} INFO - Filling up the DagBag from /home/airflow/.local/lib/python3.7/site-packages/airflow/example_dags/example_local_kubernetes_executor.py
[2023-03-17T03:33:27.972+0000] {processor.py:753} INFO - DAG(s) dict_keys(['example_local_kubernetes_executor']) retrieved from /home/airflow/.local/lib/python3.7/site-packages/airflow/example_dags/example_local_kubernetes_executor.py
[2023-03-17T03:33:28.003+0000] {logging_mixin.py:137} INFO - [2023-03-17T03:33:28.003+0000] {dag.py:2693} INFO - Sync 1 DAGs
[2023-03-17T03:33:28.035+0000] {logging_mixin.py:137} INFO - [2023-03-17T03:33:28.035+0000] {dag.py:3444} INFO - Setting next_dagrun for example_local_kubernetes_executor to None, run_after=None
[2023-03-17T03:33:28.061+0000] {processor.py:175} INFO - Processing /home/airflow/.local/lib/python3.7/site-packages/airflow/example_dags/example_local_kubernetes_executor.py took 0.127 seconds
[2023-03-17T03:33:58.347+0000] {processor.py:153} INFO - Started process (PID=10097) to work on /home/airflow/.local/lib/python3.7/site-packages/airflow/example_dags/example_local_kubernetes_executor.py
[2023-03-17T03:33:58.348+0000] {processor.py:743} INFO - Processing file /home/airflow/.local/lib/python3.7/site-packages/airflow/example_dags/example_local_kubernetes_executor.py for tasks to queue
[2023-03-17T03:33:58.349+0000] {logging_mixin.py:137} INFO - [2023-03-17T03:33:58.349+0000] {dagbag.py:532} INFO - Filling up the DagBag from /home/airflow/.local/lib/python3.7/site-packages/airflow/example_dags/example_local_kubernetes_executor.py
[2023-03-17T03:33:58.375+0000] {processor.py:753} INFO - DAG(s) dict_keys(['example_local_kubernetes_executor']) retrieved from /home/airflow/.local/lib/python3.7/site-packages/airflow/example_dags/example_local_kubernetes_executor.py
[2023-03-17T03:33:58.407+0000] {logging_mixin.py:137} INFO - [2023-03-17T03:33:58.407+0000] {dag.py:2693} INFO - Sync 1 DAGs
[2023-03-17T03:33:58.440+0000] {logging_mixin.py:137} INFO - [2023-03-17T03:33:58.440+0000] {dag.py:3444} INFO - Setting next_dagrun for example_local_kubernetes_executor to None, run_after=None
[2023-03-17T03:33:58.467+0000] {processor.py:175} INFO - Processing /home/airflow/.local/lib/python3.7/site-packages/airflow/example_dags/example_local_kubernetes_executor.py took 0.124 seconds
[2023-03-17T03:34:29.006+0000] {processor.py:153} INFO - Started process (PID=10315) to work on /home/airflow/.local/lib/python3.7/site-packages/airflow/example_dags/example_local_kubernetes_executor.py
[2023-03-17T03:34:29.007+0000] {processor.py:743} INFO - Processing file /home/airflow/.local/lib/python3.7/site-packages/airflow/example_dags/example_local_kubernetes_executor.py for tasks to queue
[2023-03-17T03:34:29.008+0000] {logging_mixin.py:137} INFO - [2023-03-17T03:34:29.008+0000] {dagbag.py:532} INFO - Filling up the DagBag from /home/airflow/.local/lib/python3.7/site-packages/airflow/example_dags/example_local_kubernetes_executor.py
[2023-03-17T03:34:29.041+0000] {processor.py:753} INFO - DAG(s) dict_keys(['example_local_kubernetes_executor']) retrieved from /home/airflow/.local/lib/python3.7/site-packages/airflow/example_dags/example_local_kubernetes_executor.py
[2023-03-17T03:34:29.075+0000] {logging_mixin.py:137} INFO - [2023-03-17T03:34:29.075+0000] {dag.py:2693} INFO - Sync 1 DAGs
[2023-03-17T03:34:29.112+0000] {logging_mixin.py:137} INFO - [2023-03-17T03:34:29.111+0000] {dag.py:3444} INFO - Setting next_dagrun for example_local_kubernetes_executor to None, run_after=None
[2023-03-17T03:34:29.140+0000] {processor.py:175} INFO - Processing /home/airflow/.local/lib/python3.7/site-packages/airflow/example_dags/example_local_kubernetes_executor.py took 0.138 seconds
