[2023-03-17T03:11:04.096+0000] {processor.py:153} INFO - Started process (PID=347) to work on /home/airflow/.local/lib/python3.7/site-packages/airflow/example_dags/example_trigger_target_dag.py
[2023-03-17T03:11:04.099+0000] {processor.py:743} INFO - Processing file /home/airflow/.local/lib/python3.7/site-packages/airflow/example_dags/example_trigger_target_dag.py for tasks to queue
[2023-03-17T03:11:04.102+0000] {logging_mixin.py:137} INFO - [2023-03-17T03:11:04.101+0000] {dagbag.py:532} INFO - Filling up the DagBag from /home/airflow/.local/lib/python3.7/site-packages/airflow/example_dags/example_trigger_target_dag.py
[2023-03-17T03:11:04.172+0000] {processor.py:753} INFO - DAG(s) dict_keys(['example_trigger_target_dag']) retrieved from /home/airflow/.local/lib/python3.7/site-packages/airflow/example_dags/example_trigger_target_dag.py
[2023-03-17T03:11:04.236+0000] {logging_mixin.py:137} INFO - [2023-03-17T03:11:04.236+0000] {dag.py:2693} INFO - Sync 1 DAGs
[2023-03-17T03:11:04.329+0000] {logging_mixin.py:137} INFO - [2023-03-17T03:11:04.328+0000] {dag.py:3444} INFO - Setting next_dagrun for example_trigger_target_dag to None, run_after=None
[2023-03-17T03:11:04.380+0000] {processor.py:175} INFO - Processing /home/airflow/.local/lib/python3.7/site-packages/airflow/example_dags/example_trigger_target_dag.py took 0.292 seconds
[2023-03-17T03:11:36.547+0000] {processor.py:153} INFO - Started process (PID=564) to work on /home/airflow/.local/lib/python3.7/site-packages/airflow/example_dags/example_trigger_target_dag.py
[2023-03-17T03:11:36.551+0000] {processor.py:743} INFO - Processing file /home/airflow/.local/lib/python3.7/site-packages/airflow/example_dags/example_trigger_target_dag.py for tasks to queue
[2023-03-17T03:11:36.552+0000] {logging_mixin.py:137} INFO - [2023-03-17T03:11:36.552+0000] {dagbag.py:532} INFO - Filling up the DagBag from /home/airflow/.local/lib/python3.7/site-packages/airflow/example_dags/example_trigger_target_dag.py
[2023-03-17T03:11:36.589+0000] {processor.py:753} INFO - DAG(s) dict_keys(['example_trigger_target_dag']) retrieved from /home/airflow/.local/lib/python3.7/site-packages/airflow/example_dags/example_trigger_target_dag.py
[2023-03-17T03:11:36.660+0000] {logging_mixin.py:137} INFO - [2023-03-17T03:11:36.660+0000] {dag.py:2693} INFO - Sync 1 DAGs
[2023-03-17T03:11:36.706+0000] {logging_mixin.py:137} INFO - [2023-03-17T03:11:36.706+0000] {dag.py:3444} INFO - Setting next_dagrun for example_trigger_target_dag to None, run_after=None
[2023-03-17T03:11:36.744+0000] {processor.py:175} INFO - Processing /home/airflow/.local/lib/python3.7/site-packages/airflow/example_dags/example_trigger_target_dag.py took 0.202 seconds
[2023-03-17T03:12:08.038+0000] {processor.py:153} INFO - Started process (PID=781) to work on /home/airflow/.local/lib/python3.7/site-packages/airflow/example_dags/example_trigger_target_dag.py
[2023-03-17T03:12:08.040+0000] {processor.py:743} INFO - Processing file /home/airflow/.local/lib/python3.7/site-packages/airflow/example_dags/example_trigger_target_dag.py for tasks to queue
[2023-03-17T03:12:08.042+0000] {logging_mixin.py:137} INFO - [2023-03-17T03:12:08.041+0000] {dagbag.py:532} INFO - Filling up the DagBag from /home/airflow/.local/lib/python3.7/site-packages/airflow/example_dags/example_trigger_target_dag.py
[2023-03-17T03:12:08.085+0000] {processor.py:753} INFO - DAG(s) dict_keys(['example_trigger_target_dag']) retrieved from /home/airflow/.local/lib/python3.7/site-packages/airflow/example_dags/example_trigger_target_dag.py
[2023-03-17T03:12:08.148+0000] {logging_mixin.py:137} INFO - [2023-03-17T03:12:08.148+0000] {dag.py:2693} INFO - Sync 1 DAGs
[2023-03-17T03:12:08.206+0000] {logging_mixin.py:137} INFO - [2023-03-17T03:12:08.206+0000] {dag.py:3444} INFO - Setting next_dagrun for example_trigger_target_dag to None, run_after=None
[2023-03-17T03:12:08.255+0000] {processor.py:175} INFO - Processing /home/airflow/.local/lib/python3.7/site-packages/airflow/example_dags/example_trigger_target_dag.py took 0.225 seconds
[2023-03-17T03:12:39.027+0000] {processor.py:153} INFO - Started process (PID=1000) to work on /home/airflow/.local/lib/python3.7/site-packages/airflow/example_dags/example_trigger_target_dag.py
[2023-03-17T03:12:39.028+0000] {processor.py:743} INFO - Processing file /home/airflow/.local/lib/python3.7/site-packages/airflow/example_dags/example_trigger_target_dag.py for tasks to queue
[2023-03-17T03:12:39.029+0000] {logging_mixin.py:137} INFO - [2023-03-17T03:12:39.029+0000] {dagbag.py:532} INFO - Filling up the DagBag from /home/airflow/.local/lib/python3.7/site-packages/airflow/example_dags/example_trigger_target_dag.py
[2023-03-17T03:12:39.053+0000] {processor.py:753} INFO - DAG(s) dict_keys(['example_trigger_target_dag']) retrieved from /home/airflow/.local/lib/python3.7/site-packages/airflow/example_dags/example_trigger_target_dag.py
[2023-03-17T03:12:39.081+0000] {logging_mixin.py:137} INFO - [2023-03-17T03:12:39.081+0000] {dag.py:2693} INFO - Sync 1 DAGs
[2023-03-17T03:12:39.114+0000] {logging_mixin.py:137} INFO - [2023-03-17T03:12:39.114+0000] {dag.py:3444} INFO - Setting next_dagrun for example_trigger_target_dag to None, run_after=None
[2023-03-17T03:12:39.144+0000] {processor.py:175} INFO - Processing /home/airflow/.local/lib/python3.7/site-packages/airflow/example_dags/example_trigger_target_dag.py took 0.120 seconds
[2023-03-17T03:13:09.858+0000] {processor.py:153} INFO - Started process (PID=1217) to work on /home/airflow/.local/lib/python3.7/site-packages/airflow/example_dags/example_trigger_target_dag.py
[2023-03-17T03:13:09.859+0000] {processor.py:743} INFO - Processing file /home/airflow/.local/lib/python3.7/site-packages/airflow/example_dags/example_trigger_target_dag.py for tasks to queue
[2023-03-17T03:13:09.860+0000] {logging_mixin.py:137} INFO - [2023-03-17T03:13:09.860+0000] {dagbag.py:532} INFO - Filling up the DagBag from /home/airflow/.local/lib/python3.7/site-packages/airflow/example_dags/example_trigger_target_dag.py
[2023-03-17T03:13:09.883+0000] {processor.py:753} INFO - DAG(s) dict_keys(['example_trigger_target_dag']) retrieved from /home/airflow/.local/lib/python3.7/site-packages/airflow/example_dags/example_trigger_target_dag.py
[2023-03-17T03:13:09.914+0000] {logging_mixin.py:137} INFO - [2023-03-17T03:13:09.914+0000] {dag.py:2693} INFO - Sync 1 DAGs
[2023-03-17T03:13:09.945+0000] {logging_mixin.py:137} INFO - [2023-03-17T03:13:09.945+0000] {dag.py:3444} INFO - Setting next_dagrun for example_trigger_target_dag to None, run_after=None
[2023-03-17T03:13:09.977+0000] {processor.py:175} INFO - Processing /home/airflow/.local/lib/python3.7/site-packages/airflow/example_dags/example_trigger_target_dag.py took 0.122 seconds
[2023-03-17T03:13:40.413+0000] {processor.py:153} INFO - Started process (PID=1434) to work on /home/airflow/.local/lib/python3.7/site-packages/airflow/example_dags/example_trigger_target_dag.py
[2023-03-17T03:13:40.415+0000] {processor.py:743} INFO - Processing file /home/airflow/.local/lib/python3.7/site-packages/airflow/example_dags/example_trigger_target_dag.py for tasks to queue
[2023-03-17T03:13:40.416+0000] {logging_mixin.py:137} INFO - [2023-03-17T03:13:40.416+0000] {dagbag.py:532} INFO - Filling up the DagBag from /home/airflow/.local/lib/python3.7/site-packages/airflow/example_dags/example_trigger_target_dag.py
[2023-03-17T03:13:40.441+0000] {processor.py:753} INFO - DAG(s) dict_keys(['example_trigger_target_dag']) retrieved from /home/airflow/.local/lib/python3.7/site-packages/airflow/example_dags/example_trigger_target_dag.py
[2023-03-17T03:13:40.471+0000] {logging_mixin.py:137} INFO - [2023-03-17T03:13:40.471+0000] {dag.py:2693} INFO - Sync 1 DAGs
[2023-03-17T03:13:40.501+0000] {logging_mixin.py:137} INFO - [2023-03-17T03:13:40.501+0000] {dag.py:3444} INFO - Setting next_dagrun for example_trigger_target_dag to None, run_after=None
[2023-03-17T03:13:40.525+0000] {processor.py:175} INFO - Processing /home/airflow/.local/lib/python3.7/site-packages/airflow/example_dags/example_trigger_target_dag.py took 0.115 seconds
[2023-03-17T03:14:10.777+0000] {processor.py:153} INFO - Started process (PID=1651) to work on /home/airflow/.local/lib/python3.7/site-packages/airflow/example_dags/example_trigger_target_dag.py
[2023-03-17T03:14:10.778+0000] {processor.py:743} INFO - Processing file /home/airflow/.local/lib/python3.7/site-packages/airflow/example_dags/example_trigger_target_dag.py for tasks to queue
[2023-03-17T03:14:10.779+0000] {logging_mixin.py:137} INFO - [2023-03-17T03:14:10.779+0000] {dagbag.py:532} INFO - Filling up the DagBag from /home/airflow/.local/lib/python3.7/site-packages/airflow/example_dags/example_trigger_target_dag.py
[2023-03-17T03:14:10.803+0000] {processor.py:753} INFO - DAG(s) dict_keys(['example_trigger_target_dag']) retrieved from /home/airflow/.local/lib/python3.7/site-packages/airflow/example_dags/example_trigger_target_dag.py
[2023-03-17T03:14:10.834+0000] {logging_mixin.py:137} INFO - [2023-03-17T03:14:10.834+0000] {dag.py:2693} INFO - Sync 1 DAGs
[2023-03-17T03:14:10.865+0000] {logging_mixin.py:137} INFO - [2023-03-17T03:14:10.865+0000] {dag.py:3444} INFO - Setting next_dagrun for example_trigger_target_dag to None, run_after=None
[2023-03-17T03:14:10.898+0000] {processor.py:175} INFO - Processing /home/airflow/.local/lib/python3.7/site-packages/airflow/example_dags/example_trigger_target_dag.py took 0.123 seconds
[2023-03-17T03:14:41.176+0000] {processor.py:153} INFO - Started process (PID=1868) to work on /home/airflow/.local/lib/python3.7/site-packages/airflow/example_dags/example_trigger_target_dag.py
[2023-03-17T03:14:41.177+0000] {processor.py:743} INFO - Processing file /home/airflow/.local/lib/python3.7/site-packages/airflow/example_dags/example_trigger_target_dag.py for tasks to queue
[2023-03-17T03:14:41.178+0000] {logging_mixin.py:137} INFO - [2023-03-17T03:14:41.178+0000] {dagbag.py:532} INFO - Filling up the DagBag from /home/airflow/.local/lib/python3.7/site-packages/airflow/example_dags/example_trigger_target_dag.py
[2023-03-17T03:14:41.201+0000] {processor.py:753} INFO - DAG(s) dict_keys(['example_trigger_target_dag']) retrieved from /home/airflow/.local/lib/python3.7/site-packages/airflow/example_dags/example_trigger_target_dag.py
[2023-03-17T03:14:41.228+0000] {logging_mixin.py:137} INFO - [2023-03-17T03:14:41.228+0000] {dag.py:2693} INFO - Sync 1 DAGs
[2023-03-17T03:14:41.258+0000] {logging_mixin.py:137} INFO - [2023-03-17T03:14:41.258+0000] {dag.py:3444} INFO - Setting next_dagrun for example_trigger_target_dag to None, run_after=None
[2023-03-17T03:14:41.286+0000] {processor.py:175} INFO - Processing /home/airflow/.local/lib/python3.7/site-packages/airflow/example_dags/example_trigger_target_dag.py took 0.114 seconds
[2023-03-17T03:15:11.894+0000] {processor.py:153} INFO - Started process (PID=2085) to work on /home/airflow/.local/lib/python3.7/site-packages/airflow/example_dags/example_trigger_target_dag.py
[2023-03-17T03:15:11.895+0000] {processor.py:743} INFO - Processing file /home/airflow/.local/lib/python3.7/site-packages/airflow/example_dags/example_trigger_target_dag.py for tasks to queue
[2023-03-17T03:15:11.896+0000] {logging_mixin.py:137} INFO - [2023-03-17T03:15:11.896+0000] {dagbag.py:532} INFO - Filling up the DagBag from /home/airflow/.local/lib/python3.7/site-packages/airflow/example_dags/example_trigger_target_dag.py
[2023-03-17T03:15:11.920+0000] {processor.py:753} INFO - DAG(s) dict_keys(['example_trigger_target_dag']) retrieved from /home/airflow/.local/lib/python3.7/site-packages/airflow/example_dags/example_trigger_target_dag.py
[2023-03-17T03:15:11.949+0000] {logging_mixin.py:137} INFO - [2023-03-17T03:15:11.949+0000] {dag.py:2693} INFO - Sync 1 DAGs
[2023-03-17T03:15:11.978+0000] {logging_mixin.py:137} INFO - [2023-03-17T03:15:11.978+0000] {dag.py:3444} INFO - Setting next_dagrun for example_trigger_target_dag to None, run_after=None
[2023-03-17T03:15:12.004+0000] {processor.py:175} INFO - Processing /home/airflow/.local/lib/python3.7/site-packages/airflow/example_dags/example_trigger_target_dag.py took 0.114 seconds
[2023-03-17T03:15:42.247+0000] {processor.py:153} INFO - Started process (PID=2302) to work on /home/airflow/.local/lib/python3.7/site-packages/airflow/example_dags/example_trigger_target_dag.py
[2023-03-17T03:15:42.248+0000] {processor.py:743} INFO - Processing file /home/airflow/.local/lib/python3.7/site-packages/airflow/example_dags/example_trigger_target_dag.py for tasks to queue
[2023-03-17T03:15:42.249+0000] {logging_mixin.py:137} INFO - [2023-03-17T03:15:42.249+0000] {dagbag.py:532} INFO - Filling up the DagBag from /home/airflow/.local/lib/python3.7/site-packages/airflow/example_dags/example_trigger_target_dag.py
[2023-03-17T03:15:42.273+0000] {processor.py:753} INFO - DAG(s) dict_keys(['example_trigger_target_dag']) retrieved from /home/airflow/.local/lib/python3.7/site-packages/airflow/example_dags/example_trigger_target_dag.py
[2023-03-17T03:15:42.302+0000] {logging_mixin.py:137} INFO - [2023-03-17T03:15:42.302+0000] {dag.py:2693} INFO - Sync 1 DAGs
[2023-03-17T03:15:42.331+0000] {logging_mixin.py:137} INFO - [2023-03-17T03:15:42.331+0000] {dag.py:3444} INFO - Setting next_dagrun for example_trigger_target_dag to None, run_after=None
[2023-03-17T03:15:42.356+0000] {processor.py:175} INFO - Processing /home/airflow/.local/lib/python3.7/site-packages/airflow/example_dags/example_trigger_target_dag.py took 0.112 seconds
[2023-03-17T03:16:13.028+0000] {processor.py:153} INFO - Started process (PID=2520) to work on /home/airflow/.local/lib/python3.7/site-packages/airflow/example_dags/example_trigger_target_dag.py
[2023-03-17T03:16:13.029+0000] {processor.py:743} INFO - Processing file /home/airflow/.local/lib/python3.7/site-packages/airflow/example_dags/example_trigger_target_dag.py for tasks to queue
[2023-03-17T03:16:13.030+0000] {logging_mixin.py:137} INFO - [2023-03-17T03:16:13.030+0000] {dagbag.py:532} INFO - Filling up the DagBag from /home/airflow/.local/lib/python3.7/site-packages/airflow/example_dags/example_trigger_target_dag.py
[2023-03-17T03:16:13.057+0000] {processor.py:753} INFO - DAG(s) dict_keys(['example_trigger_target_dag']) retrieved from /home/airflow/.local/lib/python3.7/site-packages/airflow/example_dags/example_trigger_target_dag.py
[2023-03-17T03:16:13.089+0000] {logging_mixin.py:137} INFO - [2023-03-17T03:16:13.089+0000] {dag.py:2693} INFO - Sync 1 DAGs
[2023-03-17T03:16:13.120+0000] {logging_mixin.py:137} INFO - [2023-03-17T03:16:13.120+0000] {dag.py:3444} INFO - Setting next_dagrun for example_trigger_target_dag to None, run_after=None
[2023-03-17T03:16:13.148+0000] {processor.py:175} INFO - Processing /home/airflow/.local/lib/python3.7/site-packages/airflow/example_dags/example_trigger_target_dag.py took 0.125 seconds
[2023-03-17T03:16:43.512+0000] {processor.py:153} INFO - Started process (PID=2737) to work on /home/airflow/.local/lib/python3.7/site-packages/airflow/example_dags/example_trigger_target_dag.py
[2023-03-17T03:16:43.513+0000] {processor.py:743} INFO - Processing file /home/airflow/.local/lib/python3.7/site-packages/airflow/example_dags/example_trigger_target_dag.py for tasks to queue
[2023-03-17T03:16:43.514+0000] {logging_mixin.py:137} INFO - [2023-03-17T03:16:43.514+0000] {dagbag.py:532} INFO - Filling up the DagBag from /home/airflow/.local/lib/python3.7/site-packages/airflow/example_dags/example_trigger_target_dag.py
[2023-03-17T03:16:43.538+0000] {processor.py:753} INFO - DAG(s) dict_keys(['example_trigger_target_dag']) retrieved from /home/airflow/.local/lib/python3.7/site-packages/airflow/example_dags/example_trigger_target_dag.py
[2023-03-17T03:16:43.568+0000] {logging_mixin.py:137} INFO - [2023-03-17T03:16:43.568+0000] {dag.py:2693} INFO - Sync 1 DAGs
[2023-03-17T03:16:43.599+0000] {logging_mixin.py:137} INFO - [2023-03-17T03:16:43.599+0000] {dag.py:3444} INFO - Setting next_dagrun for example_trigger_target_dag to None, run_after=None
[2023-03-17T03:16:43.622+0000] {processor.py:175} INFO - Processing /home/airflow/.local/lib/python3.7/site-packages/airflow/example_dags/example_trigger_target_dag.py took 0.114 seconds
[2023-03-17T03:17:13.913+0000] {processor.py:153} INFO - Started process (PID=2954) to work on /home/airflow/.local/lib/python3.7/site-packages/airflow/example_dags/example_trigger_target_dag.py
[2023-03-17T03:17:13.914+0000] {processor.py:743} INFO - Processing file /home/airflow/.local/lib/python3.7/site-packages/airflow/example_dags/example_trigger_target_dag.py for tasks to queue
[2023-03-17T03:17:13.915+0000] {logging_mixin.py:137} INFO - [2023-03-17T03:17:13.915+0000] {dagbag.py:532} INFO - Filling up the DagBag from /home/airflow/.local/lib/python3.7/site-packages/airflow/example_dags/example_trigger_target_dag.py
[2023-03-17T03:17:13.939+0000] {processor.py:753} INFO - DAG(s) dict_keys(['example_trigger_target_dag']) retrieved from /home/airflow/.local/lib/python3.7/site-packages/airflow/example_dags/example_trigger_target_dag.py
[2023-03-17T03:17:13.966+0000] {logging_mixin.py:137} INFO - [2023-03-17T03:17:13.966+0000] {dag.py:2693} INFO - Sync 1 DAGs
[2023-03-17T03:17:13.995+0000] {logging_mixin.py:137} INFO - [2023-03-17T03:17:13.995+0000] {dag.py:3444} INFO - Setting next_dagrun for example_trigger_target_dag to None, run_after=None
[2023-03-17T03:17:14.022+0000] {processor.py:175} INFO - Processing /home/airflow/.local/lib/python3.7/site-packages/airflow/example_dags/example_trigger_target_dag.py took 0.112 seconds
[2023-03-17T03:17:44.480+0000] {processor.py:153} INFO - Started process (PID=3171) to work on /home/airflow/.local/lib/python3.7/site-packages/airflow/example_dags/example_trigger_target_dag.py
[2023-03-17T03:17:44.481+0000] {processor.py:743} INFO - Processing file /home/airflow/.local/lib/python3.7/site-packages/airflow/example_dags/example_trigger_target_dag.py for tasks to queue
[2023-03-17T03:17:44.482+0000] {logging_mixin.py:137} INFO - [2023-03-17T03:17:44.482+0000] {dagbag.py:532} INFO - Filling up the DagBag from /home/airflow/.local/lib/python3.7/site-packages/airflow/example_dags/example_trigger_target_dag.py
[2023-03-17T03:17:44.506+0000] {processor.py:753} INFO - DAG(s) dict_keys(['example_trigger_target_dag']) retrieved from /home/airflow/.local/lib/python3.7/site-packages/airflow/example_dags/example_trigger_target_dag.py
[2023-03-17T03:17:44.535+0000] {logging_mixin.py:137} INFO - [2023-03-17T03:17:44.535+0000] {dag.py:2693} INFO - Sync 1 DAGs
[2023-03-17T03:17:44.564+0000] {logging_mixin.py:137} INFO - [2023-03-17T03:17:44.564+0000] {dag.py:3444} INFO - Setting next_dagrun for example_trigger_target_dag to None, run_after=None
[2023-03-17T03:17:44.590+0000] {processor.py:175} INFO - Processing /home/airflow/.local/lib/python3.7/site-packages/airflow/example_dags/example_trigger_target_dag.py took 0.113 seconds
[2023-03-17T03:18:14.888+0000] {processor.py:153} INFO - Started process (PID=3388) to work on /home/airflow/.local/lib/python3.7/site-packages/airflow/example_dags/example_trigger_target_dag.py
[2023-03-17T03:18:14.889+0000] {processor.py:743} INFO - Processing file /home/airflow/.local/lib/python3.7/site-packages/airflow/example_dags/example_trigger_target_dag.py for tasks to queue
[2023-03-17T03:18:14.890+0000] {logging_mixin.py:137} INFO - [2023-03-17T03:18:14.890+0000] {dagbag.py:532} INFO - Filling up the DagBag from /home/airflow/.local/lib/python3.7/site-packages/airflow/example_dags/example_trigger_target_dag.py
[2023-03-17T03:18:14.913+0000] {processor.py:753} INFO - DAG(s) dict_keys(['example_trigger_target_dag']) retrieved from /home/airflow/.local/lib/python3.7/site-packages/airflow/example_dags/example_trigger_target_dag.py
[2023-03-17T03:18:14.943+0000] {logging_mixin.py:137} INFO - [2023-03-17T03:18:14.942+0000] {dag.py:2693} INFO - Sync 1 DAGs
[2023-03-17T03:18:14.975+0000] {logging_mixin.py:137} INFO - [2023-03-17T03:18:14.974+0000] {dag.py:3444} INFO - Setting next_dagrun for example_trigger_target_dag to None, run_after=None
[2023-03-17T03:18:14.998+0000] {processor.py:175} INFO - Processing /home/airflow/.local/lib/python3.7/site-packages/airflow/example_dags/example_trigger_target_dag.py took 0.113 seconds
[2023-03-17T03:18:45.471+0000] {processor.py:153} INFO - Started process (PID=3606) to work on /home/airflow/.local/lib/python3.7/site-packages/airflow/example_dags/example_trigger_target_dag.py
[2023-03-17T03:18:45.472+0000] {processor.py:743} INFO - Processing file /home/airflow/.local/lib/python3.7/site-packages/airflow/example_dags/example_trigger_target_dag.py for tasks to queue
[2023-03-17T03:18:45.474+0000] {logging_mixin.py:137} INFO - [2023-03-17T03:18:45.474+0000] {dagbag.py:532} INFO - Filling up the DagBag from /home/airflow/.local/lib/python3.7/site-packages/airflow/example_dags/example_trigger_target_dag.py
[2023-03-17T03:18:45.498+0000] {processor.py:753} INFO - DAG(s) dict_keys(['example_trigger_target_dag']) retrieved from /home/airflow/.local/lib/python3.7/site-packages/airflow/example_dags/example_trigger_target_dag.py
[2023-03-17T03:18:45.530+0000] {logging_mixin.py:137} INFO - [2023-03-17T03:18:45.530+0000] {dag.py:2693} INFO - Sync 1 DAGs
[2023-03-17T03:18:45.559+0000] {logging_mixin.py:137} INFO - [2023-03-17T03:18:45.559+0000] {dag.py:3444} INFO - Setting next_dagrun for example_trigger_target_dag to None, run_after=None
[2023-03-17T03:18:45.584+0000] {processor.py:175} INFO - Processing /home/airflow/.local/lib/python3.7/site-packages/airflow/example_dags/example_trigger_target_dag.py took 0.116 seconds
[2023-03-17T03:19:16.121+0000] {processor.py:153} INFO - Started process (PID=3823) to work on /home/airflow/.local/lib/python3.7/site-packages/airflow/example_dags/example_trigger_target_dag.py
[2023-03-17T03:19:16.122+0000] {processor.py:743} INFO - Processing file /home/airflow/.local/lib/python3.7/site-packages/airflow/example_dags/example_trigger_target_dag.py for tasks to queue
[2023-03-17T03:19:16.123+0000] {logging_mixin.py:137} INFO - [2023-03-17T03:19:16.123+0000] {dagbag.py:532} INFO - Filling up the DagBag from /home/airflow/.local/lib/python3.7/site-packages/airflow/example_dags/example_trigger_target_dag.py
[2023-03-17T03:19:16.146+0000] {processor.py:753} INFO - DAG(s) dict_keys(['example_trigger_target_dag']) retrieved from /home/airflow/.local/lib/python3.7/site-packages/airflow/example_dags/example_trigger_target_dag.py
[2023-03-17T03:19:16.173+0000] {logging_mixin.py:137} INFO - [2023-03-17T03:19:16.173+0000] {dag.py:2693} INFO - Sync 1 DAGs
[2023-03-17T03:19:16.202+0000] {logging_mixin.py:137} INFO - [2023-03-17T03:19:16.202+0000] {dag.py:3444} INFO - Setting next_dagrun for example_trigger_target_dag to None, run_after=None
[2023-03-17T03:19:16.228+0000] {processor.py:175} INFO - Processing /home/airflow/.local/lib/python3.7/site-packages/airflow/example_dags/example_trigger_target_dag.py took 0.112 seconds
[2023-03-17T03:19:46.624+0000] {processor.py:153} INFO - Started process (PID=4040) to work on /home/airflow/.local/lib/python3.7/site-packages/airflow/example_dags/example_trigger_target_dag.py
[2023-03-17T03:19:46.625+0000] {processor.py:743} INFO - Processing file /home/airflow/.local/lib/python3.7/site-packages/airflow/example_dags/example_trigger_target_dag.py for tasks to queue
[2023-03-17T03:19:46.626+0000] {logging_mixin.py:137} INFO - [2023-03-17T03:19:46.626+0000] {dagbag.py:532} INFO - Filling up the DagBag from /home/airflow/.local/lib/python3.7/site-packages/airflow/example_dags/example_trigger_target_dag.py
[2023-03-17T03:19:46.649+0000] {processor.py:753} INFO - DAG(s) dict_keys(['example_trigger_target_dag']) retrieved from /home/airflow/.local/lib/python3.7/site-packages/airflow/example_dags/example_trigger_target_dag.py
[2023-03-17T03:19:46.678+0000] {logging_mixin.py:137} INFO - [2023-03-17T03:19:46.678+0000] {dag.py:2693} INFO - Sync 1 DAGs
[2023-03-17T03:19:46.709+0000] {logging_mixin.py:137} INFO - [2023-03-17T03:19:46.709+0000] {dag.py:3444} INFO - Setting next_dagrun for example_trigger_target_dag to None, run_after=None
[2023-03-17T03:19:46.733+0000] {processor.py:175} INFO - Processing /home/airflow/.local/lib/python3.7/site-packages/airflow/example_dags/example_trigger_target_dag.py took 0.112 seconds
[2023-03-17T03:20:16.955+0000] {processor.py:153} INFO - Started process (PID=4255) to work on /home/airflow/.local/lib/python3.7/site-packages/airflow/example_dags/example_trigger_target_dag.py
[2023-03-17T03:20:16.956+0000] {processor.py:743} INFO - Processing file /home/airflow/.local/lib/python3.7/site-packages/airflow/example_dags/example_trigger_target_dag.py for tasks to queue
[2023-03-17T03:20:16.957+0000] {logging_mixin.py:137} INFO - [2023-03-17T03:20:16.957+0000] {dagbag.py:532} INFO - Filling up the DagBag from /home/airflow/.local/lib/python3.7/site-packages/airflow/example_dags/example_trigger_target_dag.py
[2023-03-17T03:20:16.982+0000] {processor.py:753} INFO - DAG(s) dict_keys(['example_trigger_target_dag']) retrieved from /home/airflow/.local/lib/python3.7/site-packages/airflow/example_dags/example_trigger_target_dag.py
[2023-03-17T03:20:17.011+0000] {logging_mixin.py:137} INFO - [2023-03-17T03:20:17.010+0000] {dag.py:2693} INFO - Sync 1 DAGs
[2023-03-17T03:20:17.045+0000] {logging_mixin.py:137} INFO - [2023-03-17T03:20:17.045+0000] {dag.py:3444} INFO - Setting next_dagrun for example_trigger_target_dag to None, run_after=None
[2023-03-17T03:20:17.075+0000] {processor.py:175} INFO - Processing /home/airflow/.local/lib/python3.7/site-packages/airflow/example_dags/example_trigger_target_dag.py took 0.124 seconds
[2023-03-17T03:20:47.499+0000] {processor.py:153} INFO - Started process (PID=4474) to work on /home/airflow/.local/lib/python3.7/site-packages/airflow/example_dags/example_trigger_target_dag.py
[2023-03-17T03:20:47.500+0000] {processor.py:743} INFO - Processing file /home/airflow/.local/lib/python3.7/site-packages/airflow/example_dags/example_trigger_target_dag.py for tasks to queue
[2023-03-17T03:20:47.501+0000] {logging_mixin.py:137} INFO - [2023-03-17T03:20:47.501+0000] {dagbag.py:532} INFO - Filling up the DagBag from /home/airflow/.local/lib/python3.7/site-packages/airflow/example_dags/example_trigger_target_dag.py
[2023-03-17T03:20:47.534+0000] {processor.py:753} INFO - DAG(s) dict_keys(['example_trigger_target_dag']) retrieved from /home/airflow/.local/lib/python3.7/site-packages/airflow/example_dags/example_trigger_target_dag.py
[2023-03-17T03:20:47.575+0000] {logging_mixin.py:137} INFO - [2023-03-17T03:20:47.575+0000] {dag.py:2693} INFO - Sync 1 DAGs
[2023-03-17T03:20:47.612+0000] {logging_mixin.py:137} INFO - [2023-03-17T03:20:47.612+0000] {dag.py:3444} INFO - Setting next_dagrun for example_trigger_target_dag to None, run_after=None
[2023-03-17T03:20:47.636+0000] {processor.py:175} INFO - Processing /home/airflow/.local/lib/python3.7/site-packages/airflow/example_dags/example_trigger_target_dag.py took 0.141 seconds
[2023-03-17T03:21:18.109+0000] {processor.py:153} INFO - Started process (PID=4691) to work on /home/airflow/.local/lib/python3.7/site-packages/airflow/example_dags/example_trigger_target_dag.py
[2023-03-17T03:21:18.111+0000] {processor.py:743} INFO - Processing file /home/airflow/.local/lib/python3.7/site-packages/airflow/example_dags/example_trigger_target_dag.py for tasks to queue
[2023-03-17T03:21:18.112+0000] {logging_mixin.py:137} INFO - [2023-03-17T03:21:18.112+0000] {dagbag.py:532} INFO - Filling up the DagBag from /home/airflow/.local/lib/python3.7/site-packages/airflow/example_dags/example_trigger_target_dag.py
[2023-03-17T03:21:18.136+0000] {processor.py:753} INFO - DAG(s) dict_keys(['example_trigger_target_dag']) retrieved from /home/airflow/.local/lib/python3.7/site-packages/airflow/example_dags/example_trigger_target_dag.py
[2023-03-17T03:21:18.166+0000] {logging_mixin.py:137} INFO - [2023-03-17T03:21:18.166+0000] {dag.py:2693} INFO - Sync 1 DAGs
[2023-03-17T03:21:18.197+0000] {logging_mixin.py:137} INFO - [2023-03-17T03:21:18.197+0000] {dag.py:3444} INFO - Setting next_dagrun for example_trigger_target_dag to None, run_after=None
[2023-03-17T03:21:18.224+0000] {processor.py:175} INFO - Processing /home/airflow/.local/lib/python3.7/site-packages/airflow/example_dags/example_trigger_target_dag.py took 0.118 seconds
[2023-03-17T03:21:48.716+0000] {processor.py:153} INFO - Started process (PID=4908) to work on /home/airflow/.local/lib/python3.7/site-packages/airflow/example_dags/example_trigger_target_dag.py
[2023-03-17T03:21:48.717+0000] {processor.py:743} INFO - Processing file /home/airflow/.local/lib/python3.7/site-packages/airflow/example_dags/example_trigger_target_dag.py for tasks to queue
[2023-03-17T03:21:48.718+0000] {logging_mixin.py:137} INFO - [2023-03-17T03:21:48.718+0000] {dagbag.py:532} INFO - Filling up the DagBag from /home/airflow/.local/lib/python3.7/site-packages/airflow/example_dags/example_trigger_target_dag.py
[2023-03-17T03:21:48.745+0000] {processor.py:753} INFO - DAG(s) dict_keys(['example_trigger_target_dag']) retrieved from /home/airflow/.local/lib/python3.7/site-packages/airflow/example_dags/example_trigger_target_dag.py
[2023-03-17T03:21:48.776+0000] {logging_mixin.py:137} INFO - [2023-03-17T03:21:48.776+0000] {dag.py:2693} INFO - Sync 1 DAGs
[2023-03-17T03:21:48.806+0000] {logging_mixin.py:137} INFO - [2023-03-17T03:21:48.806+0000] {dag.py:3444} INFO - Setting next_dagrun for example_trigger_target_dag to None, run_after=None
[2023-03-17T03:21:48.831+0000] {processor.py:175} INFO - Processing /home/airflow/.local/lib/python3.7/site-packages/airflow/example_dags/example_trigger_target_dag.py took 0.119 seconds
[2023-03-17T03:22:19.219+0000] {processor.py:153} INFO - Started process (PID=5125) to work on /home/airflow/.local/lib/python3.7/site-packages/airflow/example_dags/example_trigger_target_dag.py
[2023-03-17T03:22:19.220+0000] {processor.py:743} INFO - Processing file /home/airflow/.local/lib/python3.7/site-packages/airflow/example_dags/example_trigger_target_dag.py for tasks to queue
[2023-03-17T03:22:19.221+0000] {logging_mixin.py:137} INFO - [2023-03-17T03:22:19.220+0000] {dagbag.py:532} INFO - Filling up the DagBag from /home/airflow/.local/lib/python3.7/site-packages/airflow/example_dags/example_trigger_target_dag.py
[2023-03-17T03:22:19.244+0000] {processor.py:753} INFO - DAG(s) dict_keys(['example_trigger_target_dag']) retrieved from /home/airflow/.local/lib/python3.7/site-packages/airflow/example_dags/example_trigger_target_dag.py
[2023-03-17T03:22:19.274+0000] {logging_mixin.py:137} INFO - [2023-03-17T03:22:19.274+0000] {dag.py:2693} INFO - Sync 1 DAGs
[2023-03-17T03:22:19.305+0000] {logging_mixin.py:137} INFO - [2023-03-17T03:22:19.305+0000] {dag.py:3444} INFO - Setting next_dagrun for example_trigger_target_dag to None, run_after=None
[2023-03-17T03:22:19.332+0000] {processor.py:175} INFO - Processing /home/airflow/.local/lib/python3.7/site-packages/airflow/example_dags/example_trigger_target_dag.py took 0.117 seconds
[2023-03-17T03:22:49.492+0000] {processor.py:153} INFO - Started process (PID=5340) to work on /home/airflow/.local/lib/python3.7/site-packages/airflow/example_dags/example_trigger_target_dag.py
[2023-03-17T03:22:49.493+0000] {processor.py:743} INFO - Processing file /home/airflow/.local/lib/python3.7/site-packages/airflow/example_dags/example_trigger_target_dag.py for tasks to queue
[2023-03-17T03:22:49.494+0000] {logging_mixin.py:137} INFO - [2023-03-17T03:22:49.494+0000] {dagbag.py:532} INFO - Filling up the DagBag from /home/airflow/.local/lib/python3.7/site-packages/airflow/example_dags/example_trigger_target_dag.py
[2023-03-17T03:22:49.519+0000] {processor.py:753} INFO - DAG(s) dict_keys(['example_trigger_target_dag']) retrieved from /home/airflow/.local/lib/python3.7/site-packages/airflow/example_dags/example_trigger_target_dag.py
[2023-03-17T03:22:49.548+0000] {logging_mixin.py:137} INFO - [2023-03-17T03:22:49.547+0000] {dag.py:2693} INFO - Sync 1 DAGs
[2023-03-17T03:22:49.577+0000] {logging_mixin.py:137} INFO - [2023-03-17T03:22:49.577+0000] {dag.py:3444} INFO - Setting next_dagrun for example_trigger_target_dag to None, run_after=None
[2023-03-17T03:22:49.602+0000] {processor.py:175} INFO - Processing /home/airflow/.local/lib/python3.7/site-packages/airflow/example_dags/example_trigger_target_dag.py took 0.114 seconds
[2023-03-17T03:23:20.054+0000] {processor.py:153} INFO - Started process (PID=5558) to work on /home/airflow/.local/lib/python3.7/site-packages/airflow/example_dags/example_trigger_target_dag.py
[2023-03-17T03:23:20.055+0000] {processor.py:743} INFO - Processing file /home/airflow/.local/lib/python3.7/site-packages/airflow/example_dags/example_trigger_target_dag.py for tasks to queue
[2023-03-17T03:23:20.057+0000] {logging_mixin.py:137} INFO - [2023-03-17T03:23:20.056+0000] {dagbag.py:532} INFO - Filling up the DagBag from /home/airflow/.local/lib/python3.7/site-packages/airflow/example_dags/example_trigger_target_dag.py
[2023-03-17T03:23:20.081+0000] {processor.py:753} INFO - DAG(s) dict_keys(['example_trigger_target_dag']) retrieved from /home/airflow/.local/lib/python3.7/site-packages/airflow/example_dags/example_trigger_target_dag.py
[2023-03-17T03:23:20.111+0000] {logging_mixin.py:137} INFO - [2023-03-17T03:23:20.111+0000] {dag.py:2693} INFO - Sync 1 DAGs
[2023-03-17T03:23:20.143+0000] {logging_mixin.py:137} INFO - [2023-03-17T03:23:20.143+0000] {dag.py:3444} INFO - Setting next_dagrun for example_trigger_target_dag to None, run_after=None
[2023-03-17T03:23:20.190+0000] {processor.py:175} INFO - Processing /home/airflow/.local/lib/python3.7/site-packages/airflow/example_dags/example_trigger_target_dag.py took 0.140 seconds
[2023-03-17T03:23:50.435+0000] {processor.py:153} INFO - Started process (PID=5776) to work on /home/airflow/.local/lib/python3.7/site-packages/airflow/example_dags/example_trigger_target_dag.py
[2023-03-17T03:23:50.436+0000] {processor.py:743} INFO - Processing file /home/airflow/.local/lib/python3.7/site-packages/airflow/example_dags/example_trigger_target_dag.py for tasks to queue
[2023-03-17T03:23:50.437+0000] {logging_mixin.py:137} INFO - [2023-03-17T03:23:50.437+0000] {dagbag.py:532} INFO - Filling up the DagBag from /home/airflow/.local/lib/python3.7/site-packages/airflow/example_dags/example_trigger_target_dag.py
[2023-03-17T03:23:50.462+0000] {processor.py:753} INFO - DAG(s) dict_keys(['example_trigger_target_dag']) retrieved from /home/airflow/.local/lib/python3.7/site-packages/airflow/example_dags/example_trigger_target_dag.py
[2023-03-17T03:23:50.490+0000] {logging_mixin.py:137} INFO - [2023-03-17T03:23:50.490+0000] {dag.py:2693} INFO - Sync 1 DAGs
[2023-03-17T03:23:50.522+0000] {logging_mixin.py:137} INFO - [2023-03-17T03:23:50.522+0000] {dag.py:3444} INFO - Setting next_dagrun for example_trigger_target_dag to None, run_after=None
[2023-03-17T03:23:50.551+0000] {processor.py:175} INFO - Processing /home/airflow/.local/lib/python3.7/site-packages/airflow/example_dags/example_trigger_target_dag.py took 0.120 seconds
[2023-03-17T03:24:20.932+0000] {processor.py:153} INFO - Started process (PID=5994) to work on /home/airflow/.local/lib/python3.7/site-packages/airflow/example_dags/example_trigger_target_dag.py
[2023-03-17T03:24:20.934+0000] {processor.py:743} INFO - Processing file /home/airflow/.local/lib/python3.7/site-packages/airflow/example_dags/example_trigger_target_dag.py for tasks to queue
[2023-03-17T03:24:20.935+0000] {logging_mixin.py:137} INFO - [2023-03-17T03:24:20.935+0000] {dagbag.py:532} INFO - Filling up the DagBag from /home/airflow/.local/lib/python3.7/site-packages/airflow/example_dags/example_trigger_target_dag.py
[2023-03-17T03:24:20.965+0000] {processor.py:753} INFO - DAG(s) dict_keys(['example_trigger_target_dag']) retrieved from /home/airflow/.local/lib/python3.7/site-packages/airflow/example_dags/example_trigger_target_dag.py
[2023-03-17T03:24:21.004+0000] {logging_mixin.py:137} INFO - [2023-03-17T03:24:21.004+0000] {dag.py:2693} INFO - Sync 1 DAGs
[2023-03-17T03:24:21.038+0000] {logging_mixin.py:137} INFO - [2023-03-17T03:24:21.038+0000] {dag.py:3444} INFO - Setting next_dagrun for example_trigger_target_dag to None, run_after=None
[2023-03-17T03:24:21.063+0000] {processor.py:175} INFO - Processing /home/airflow/.local/lib/python3.7/site-packages/airflow/example_dags/example_trigger_target_dag.py took 0.134 seconds
[2023-03-17T03:24:51.261+0000] {processor.py:153} INFO - Started process (PID=6211) to work on /home/airflow/.local/lib/python3.7/site-packages/airflow/example_dags/example_trigger_target_dag.py
[2023-03-17T03:24:51.262+0000] {processor.py:743} INFO - Processing file /home/airflow/.local/lib/python3.7/site-packages/airflow/example_dags/example_trigger_target_dag.py for tasks to queue
[2023-03-17T03:24:51.263+0000] {logging_mixin.py:137} INFO - [2023-03-17T03:24:51.263+0000] {dagbag.py:532} INFO - Filling up the DagBag from /home/airflow/.local/lib/python3.7/site-packages/airflow/example_dags/example_trigger_target_dag.py
[2023-03-17T03:24:51.291+0000] {processor.py:753} INFO - DAG(s) dict_keys(['example_trigger_target_dag']) retrieved from /home/airflow/.local/lib/python3.7/site-packages/airflow/example_dags/example_trigger_target_dag.py
[2023-03-17T03:24:51.320+0000] {logging_mixin.py:137} INFO - [2023-03-17T03:24:51.320+0000] {dag.py:2693} INFO - Sync 1 DAGs
[2023-03-17T03:24:51.349+0000] {logging_mixin.py:137} INFO - [2023-03-17T03:24:51.349+0000] {dag.py:3444} INFO - Setting next_dagrun for example_trigger_target_dag to None, run_after=None
[2023-03-17T03:24:51.375+0000] {processor.py:175} INFO - Processing /home/airflow/.local/lib/python3.7/site-packages/airflow/example_dags/example_trigger_target_dag.py took 0.119 seconds
[2023-03-17T03:25:21.672+0000] {processor.py:153} INFO - Started process (PID=6428) to work on /home/airflow/.local/lib/python3.7/site-packages/airflow/example_dags/example_trigger_target_dag.py
[2023-03-17T03:25:21.673+0000] {processor.py:743} INFO - Processing file /home/airflow/.local/lib/python3.7/site-packages/airflow/example_dags/example_trigger_target_dag.py for tasks to queue
[2023-03-17T03:25:21.674+0000] {logging_mixin.py:137} INFO - [2023-03-17T03:25:21.674+0000] {dagbag.py:532} INFO - Filling up the DagBag from /home/airflow/.local/lib/python3.7/site-packages/airflow/example_dags/example_trigger_target_dag.py
[2023-03-17T03:25:21.697+0000] {processor.py:753} INFO - DAG(s) dict_keys(['example_trigger_target_dag']) retrieved from /home/airflow/.local/lib/python3.7/site-packages/airflow/example_dags/example_trigger_target_dag.py
[2023-03-17T03:25:21.728+0000] {logging_mixin.py:137} INFO - [2023-03-17T03:25:21.728+0000] {dag.py:2693} INFO - Sync 1 DAGs
[2023-03-17T03:25:21.757+0000] {logging_mixin.py:137} INFO - [2023-03-17T03:25:21.757+0000] {dag.py:3444} INFO - Setting next_dagrun for example_trigger_target_dag to None, run_after=None
[2023-03-17T03:25:21.781+0000] {processor.py:175} INFO - Processing /home/airflow/.local/lib/python3.7/site-packages/airflow/example_dags/example_trigger_target_dag.py took 0.112 seconds
[2023-03-17T03:25:52.184+0000] {processor.py:153} INFO - Started process (PID=6643) to work on /home/airflow/.local/lib/python3.7/site-packages/airflow/example_dags/example_trigger_target_dag.py
[2023-03-17T03:25:52.185+0000] {processor.py:743} INFO - Processing file /home/airflow/.local/lib/python3.7/site-packages/airflow/example_dags/example_trigger_target_dag.py for tasks to queue
[2023-03-17T03:25:52.186+0000] {logging_mixin.py:137} INFO - [2023-03-17T03:25:52.186+0000] {dagbag.py:532} INFO - Filling up the DagBag from /home/airflow/.local/lib/python3.7/site-packages/airflow/example_dags/example_trigger_target_dag.py
[2023-03-17T03:25:52.211+0000] {processor.py:753} INFO - DAG(s) dict_keys(['example_trigger_target_dag']) retrieved from /home/airflow/.local/lib/python3.7/site-packages/airflow/example_dags/example_trigger_target_dag.py
[2023-03-17T03:25:52.241+0000] {logging_mixin.py:137} INFO - [2023-03-17T03:25:52.241+0000] {dag.py:2693} INFO - Sync 1 DAGs
[2023-03-17T03:25:52.271+0000] {logging_mixin.py:137} INFO - [2023-03-17T03:25:52.271+0000] {dag.py:3444} INFO - Setting next_dagrun for example_trigger_target_dag to None, run_after=None
[2023-03-17T03:25:52.297+0000] {processor.py:175} INFO - Processing /home/airflow/.local/lib/python3.7/site-packages/airflow/example_dags/example_trigger_target_dag.py took 0.118 seconds
[2023-03-17T03:26:22.752+0000] {processor.py:153} INFO - Started process (PID=6862) to work on /home/airflow/.local/lib/python3.7/site-packages/airflow/example_dags/example_trigger_target_dag.py
[2023-03-17T03:26:22.753+0000] {processor.py:743} INFO - Processing file /home/airflow/.local/lib/python3.7/site-packages/airflow/example_dags/example_trigger_target_dag.py for tasks to queue
[2023-03-17T03:26:22.754+0000] {logging_mixin.py:137} INFO - [2023-03-17T03:26:22.754+0000] {dagbag.py:532} INFO - Filling up the DagBag from /home/airflow/.local/lib/python3.7/site-packages/airflow/example_dags/example_trigger_target_dag.py
[2023-03-17T03:26:22.779+0000] {processor.py:753} INFO - DAG(s) dict_keys(['example_trigger_target_dag']) retrieved from /home/airflow/.local/lib/python3.7/site-packages/airflow/example_dags/example_trigger_target_dag.py
[2023-03-17T03:26:22.808+0000] {logging_mixin.py:137} INFO - [2023-03-17T03:26:22.808+0000] {dag.py:2693} INFO - Sync 1 DAGs
[2023-03-17T03:26:22.840+0000] {logging_mixin.py:137} INFO - [2023-03-17T03:26:22.840+0000] {dag.py:3444} INFO - Setting next_dagrun for example_trigger_target_dag to None, run_after=None
[2023-03-17T03:26:22.868+0000] {processor.py:175} INFO - Processing /home/airflow/.local/lib/python3.7/site-packages/airflow/example_dags/example_trigger_target_dag.py took 0.119 seconds
[2023-03-17T03:26:53.036+0000] {processor.py:153} INFO - Started process (PID=7079) to work on /home/airflow/.local/lib/python3.7/site-packages/airflow/example_dags/example_trigger_target_dag.py
[2023-03-17T03:26:53.037+0000] {processor.py:743} INFO - Processing file /home/airflow/.local/lib/python3.7/site-packages/airflow/example_dags/example_trigger_target_dag.py for tasks to queue
[2023-03-17T03:26:53.038+0000] {logging_mixin.py:137} INFO - [2023-03-17T03:26:53.038+0000] {dagbag.py:532} INFO - Filling up the DagBag from /home/airflow/.local/lib/python3.7/site-packages/airflow/example_dags/example_trigger_target_dag.py
[2023-03-17T03:26:53.062+0000] {processor.py:753} INFO - DAG(s) dict_keys(['example_trigger_target_dag']) retrieved from /home/airflow/.local/lib/python3.7/site-packages/airflow/example_dags/example_trigger_target_dag.py
[2023-03-17T03:26:53.091+0000] {logging_mixin.py:137} INFO - [2023-03-17T03:26:53.091+0000] {dag.py:2693} INFO - Sync 1 DAGs
[2023-03-17T03:26:53.121+0000] {logging_mixin.py:137} INFO - [2023-03-17T03:26:53.121+0000] {dag.py:3444} INFO - Setting next_dagrun for example_trigger_target_dag to None, run_after=None
[2023-03-17T03:26:53.147+0000] {processor.py:175} INFO - Processing /home/airflow/.local/lib/python3.7/site-packages/airflow/example_dags/example_trigger_target_dag.py took 0.113 seconds
[2023-03-17T03:27:23.498+0000] {processor.py:153} INFO - Started process (PID=7296) to work on /home/airflow/.local/lib/python3.7/site-packages/airflow/example_dags/example_trigger_target_dag.py
[2023-03-17T03:27:23.499+0000] {processor.py:743} INFO - Processing file /home/airflow/.local/lib/python3.7/site-packages/airflow/example_dags/example_trigger_target_dag.py for tasks to queue
[2023-03-17T03:27:23.500+0000] {logging_mixin.py:137} INFO - [2023-03-17T03:27:23.500+0000] {dagbag.py:532} INFO - Filling up the DagBag from /home/airflow/.local/lib/python3.7/site-packages/airflow/example_dags/example_trigger_target_dag.py
[2023-03-17T03:27:23.527+0000] {processor.py:753} INFO - DAG(s) dict_keys(['example_trigger_target_dag']) retrieved from /home/airflow/.local/lib/python3.7/site-packages/airflow/example_dags/example_trigger_target_dag.py
[2023-03-17T03:27:23.556+0000] {logging_mixin.py:137} INFO - [2023-03-17T03:27:23.556+0000] {dag.py:2693} INFO - Sync 1 DAGs
[2023-03-17T03:27:23.587+0000] {logging_mixin.py:137} INFO - [2023-03-17T03:27:23.587+0000] {dag.py:3444} INFO - Setting next_dagrun for example_trigger_target_dag to None, run_after=None
[2023-03-17T03:27:23.613+0000] {processor.py:175} INFO - Processing /home/airflow/.local/lib/python3.7/site-packages/airflow/example_dags/example_trigger_target_dag.py took 0.118 seconds
[2023-03-17T03:27:53.799+0000] {processor.py:153} INFO - Started process (PID=7513) to work on /home/airflow/.local/lib/python3.7/site-packages/airflow/example_dags/example_trigger_target_dag.py
[2023-03-17T03:27:53.800+0000] {processor.py:743} INFO - Processing file /home/airflow/.local/lib/python3.7/site-packages/airflow/example_dags/example_trigger_target_dag.py for tasks to queue
[2023-03-17T03:27:53.801+0000] {logging_mixin.py:137} INFO - [2023-03-17T03:27:53.800+0000] {dagbag.py:532} INFO - Filling up the DagBag from /home/airflow/.local/lib/python3.7/site-packages/airflow/example_dags/example_trigger_target_dag.py
[2023-03-17T03:27:53.825+0000] {processor.py:753} INFO - DAG(s) dict_keys(['example_trigger_target_dag']) retrieved from /home/airflow/.local/lib/python3.7/site-packages/airflow/example_dags/example_trigger_target_dag.py
[2023-03-17T03:27:53.854+0000] {logging_mixin.py:137} INFO - [2023-03-17T03:27:53.853+0000] {dag.py:2693} INFO - Sync 1 DAGs
[2023-03-17T03:27:53.883+0000] {logging_mixin.py:137} INFO - [2023-03-17T03:27:53.883+0000] {dag.py:3444} INFO - Setting next_dagrun for example_trigger_target_dag to None, run_after=None
[2023-03-17T03:27:53.910+0000] {processor.py:175} INFO - Processing /home/airflow/.local/lib/python3.7/site-packages/airflow/example_dags/example_trigger_target_dag.py took 0.115 seconds
[2023-03-17T03:28:24.153+0000] {processor.py:153} INFO - Started process (PID=7730) to work on /home/airflow/.local/lib/python3.7/site-packages/airflow/example_dags/example_trigger_target_dag.py
[2023-03-17T03:28:24.154+0000] {processor.py:743} INFO - Processing file /home/airflow/.local/lib/python3.7/site-packages/airflow/example_dags/example_trigger_target_dag.py for tasks to queue
[2023-03-17T03:28:24.155+0000] {logging_mixin.py:137} INFO - [2023-03-17T03:28:24.155+0000] {dagbag.py:532} INFO - Filling up the DagBag from /home/airflow/.local/lib/python3.7/site-packages/airflow/example_dags/example_trigger_target_dag.py
[2023-03-17T03:28:24.178+0000] {processor.py:753} INFO - DAG(s) dict_keys(['example_trigger_target_dag']) retrieved from /home/airflow/.local/lib/python3.7/site-packages/airflow/example_dags/example_trigger_target_dag.py
[2023-03-17T03:28:24.209+0000] {logging_mixin.py:137} INFO - [2023-03-17T03:28:24.208+0000] {dag.py:2693} INFO - Sync 1 DAGs
[2023-03-17T03:28:24.238+0000] {logging_mixin.py:137} INFO - [2023-03-17T03:28:24.238+0000] {dag.py:3444} INFO - Setting next_dagrun for example_trigger_target_dag to None, run_after=None
[2023-03-17T03:28:24.264+0000] {processor.py:175} INFO - Processing /home/airflow/.local/lib/python3.7/site-packages/airflow/example_dags/example_trigger_target_dag.py took 0.115 seconds
[2023-03-17T03:28:54.615+0000] {processor.py:153} INFO - Started process (PID=7947) to work on /home/airflow/.local/lib/python3.7/site-packages/airflow/example_dags/example_trigger_target_dag.py
[2023-03-17T03:28:54.616+0000] {processor.py:743} INFO - Processing file /home/airflow/.local/lib/python3.7/site-packages/airflow/example_dags/example_trigger_target_dag.py for tasks to queue
[2023-03-17T03:28:54.617+0000] {logging_mixin.py:137} INFO - [2023-03-17T03:28:54.617+0000] {dagbag.py:532} INFO - Filling up the DagBag from /home/airflow/.local/lib/python3.7/site-packages/airflow/example_dags/example_trigger_target_dag.py
[2023-03-17T03:28:54.642+0000] {processor.py:753} INFO - DAG(s) dict_keys(['example_trigger_target_dag']) retrieved from /home/airflow/.local/lib/python3.7/site-packages/airflow/example_dags/example_trigger_target_dag.py
[2023-03-17T03:28:54.671+0000] {logging_mixin.py:137} INFO - [2023-03-17T03:28:54.670+0000] {dag.py:2693} INFO - Sync 1 DAGs
[2023-03-17T03:28:54.701+0000] {logging_mixin.py:137} INFO - [2023-03-17T03:28:54.701+0000] {dag.py:3444} INFO - Setting next_dagrun for example_trigger_target_dag to None, run_after=None
[2023-03-17T03:28:54.725+0000] {processor.py:175} INFO - Processing /home/airflow/.local/lib/python3.7/site-packages/airflow/example_dags/example_trigger_target_dag.py took 0.113 seconds
[2023-03-17T03:29:25.016+0000] {processor.py:153} INFO - Started process (PID=8165) to work on /home/airflow/.local/lib/python3.7/site-packages/airflow/example_dags/example_trigger_target_dag.py
[2023-03-17T03:29:25.017+0000] {processor.py:743} INFO - Processing file /home/airflow/.local/lib/python3.7/site-packages/airflow/example_dags/example_trigger_target_dag.py for tasks to queue
[2023-03-17T03:29:25.018+0000] {logging_mixin.py:137} INFO - [2023-03-17T03:29:25.018+0000] {dagbag.py:532} INFO - Filling up the DagBag from /home/airflow/.local/lib/python3.7/site-packages/airflow/example_dags/example_trigger_target_dag.py
[2023-03-17T03:29:25.046+0000] {processor.py:753} INFO - DAG(s) dict_keys(['example_trigger_target_dag']) retrieved from /home/airflow/.local/lib/python3.7/site-packages/airflow/example_dags/example_trigger_target_dag.py
[2023-03-17T03:29:25.077+0000] {logging_mixin.py:137} INFO - [2023-03-17T03:29:25.076+0000] {dag.py:2693} INFO - Sync 1 DAGs
[2023-03-17T03:29:25.106+0000] {logging_mixin.py:137} INFO - [2023-03-17T03:29:25.105+0000] {dag.py:3444} INFO - Setting next_dagrun for example_trigger_target_dag to None, run_after=None
[2023-03-17T03:29:25.131+0000] {processor.py:175} INFO - Processing /home/airflow/.local/lib/python3.7/site-packages/airflow/example_dags/example_trigger_target_dag.py took 0.118 seconds
[2023-03-17T03:29:55.312+0000] {processor.py:153} INFO - Started process (PID=8382) to work on /home/airflow/.local/lib/python3.7/site-packages/airflow/example_dags/example_trigger_target_dag.py
[2023-03-17T03:29:55.313+0000] {processor.py:743} INFO - Processing file /home/airflow/.local/lib/python3.7/site-packages/airflow/example_dags/example_trigger_target_dag.py for tasks to queue
[2023-03-17T03:29:55.314+0000] {logging_mixin.py:137} INFO - [2023-03-17T03:29:55.314+0000] {dagbag.py:532} INFO - Filling up the DagBag from /home/airflow/.local/lib/python3.7/site-packages/airflow/example_dags/example_trigger_target_dag.py
[2023-03-17T03:29:55.338+0000] {processor.py:753} INFO - DAG(s) dict_keys(['example_trigger_target_dag']) retrieved from /home/airflow/.local/lib/python3.7/site-packages/airflow/example_dags/example_trigger_target_dag.py
[2023-03-17T03:29:55.368+0000] {logging_mixin.py:137} INFO - [2023-03-17T03:29:55.368+0000] {dag.py:2693} INFO - Sync 1 DAGs
[2023-03-17T03:29:55.399+0000] {logging_mixin.py:137} INFO - [2023-03-17T03:29:55.399+0000] {dag.py:3444} INFO - Setting next_dagrun for example_trigger_target_dag to None, run_after=None
[2023-03-17T03:29:55.424+0000] {processor.py:175} INFO - Processing /home/airflow/.local/lib/python3.7/site-packages/airflow/example_dags/example_trigger_target_dag.py took 0.116 seconds
[2023-03-17T03:30:26.157+0000] {processor.py:153} INFO - Started process (PID=8599) to work on /home/airflow/.local/lib/python3.7/site-packages/airflow/example_dags/example_trigger_target_dag.py
[2023-03-17T03:30:26.158+0000] {processor.py:743} INFO - Processing file /home/airflow/.local/lib/python3.7/site-packages/airflow/example_dags/example_trigger_target_dag.py for tasks to queue
[2023-03-17T03:30:26.159+0000] {logging_mixin.py:137} INFO - [2023-03-17T03:30:26.159+0000] {dagbag.py:532} INFO - Filling up the DagBag from /home/airflow/.local/lib/python3.7/site-packages/airflow/example_dags/example_trigger_target_dag.py
[2023-03-17T03:30:26.186+0000] {processor.py:753} INFO - DAG(s) dict_keys(['example_trigger_target_dag']) retrieved from /home/airflow/.local/lib/python3.7/site-packages/airflow/example_dags/example_trigger_target_dag.py
[2023-03-17T03:30:26.215+0000] {logging_mixin.py:137} INFO - [2023-03-17T03:30:26.215+0000] {dag.py:2693} INFO - Sync 1 DAGs
[2023-03-17T03:30:26.250+0000] {logging_mixin.py:137} INFO - [2023-03-17T03:30:26.250+0000] {dag.py:3444} INFO - Setting next_dagrun for example_trigger_target_dag to None, run_after=None
[2023-03-17T03:30:26.278+0000] {processor.py:175} INFO - Processing /home/airflow/.local/lib/python3.7/site-packages/airflow/example_dags/example_trigger_target_dag.py took 0.125 seconds
[2023-03-17T03:30:56.454+0000] {processor.py:153} INFO - Started process (PID=8816) to work on /home/airflow/.local/lib/python3.7/site-packages/airflow/example_dags/example_trigger_target_dag.py
[2023-03-17T03:30:56.455+0000] {processor.py:743} INFO - Processing file /home/airflow/.local/lib/python3.7/site-packages/airflow/example_dags/example_trigger_target_dag.py for tasks to queue
[2023-03-17T03:30:56.456+0000] {logging_mixin.py:137} INFO - [2023-03-17T03:30:56.456+0000] {dagbag.py:532} INFO - Filling up the DagBag from /home/airflow/.local/lib/python3.7/site-packages/airflow/example_dags/example_trigger_target_dag.py
[2023-03-17T03:30:56.482+0000] {processor.py:753} INFO - DAG(s) dict_keys(['example_trigger_target_dag']) retrieved from /home/airflow/.local/lib/python3.7/site-packages/airflow/example_dags/example_trigger_target_dag.py
[2023-03-17T03:30:56.510+0000] {logging_mixin.py:137} INFO - [2023-03-17T03:30:56.510+0000] {dag.py:2693} INFO - Sync 1 DAGs
[2023-03-17T03:30:56.541+0000] {logging_mixin.py:137} INFO - [2023-03-17T03:30:56.541+0000] {dag.py:3444} INFO - Setting next_dagrun for example_trigger_target_dag to None, run_after=None
[2023-03-17T03:30:56.565+0000] {processor.py:175} INFO - Processing /home/airflow/.local/lib/python3.7/site-packages/airflow/example_dags/example_trigger_target_dag.py took 0.114 seconds
[2023-03-17T03:31:26.751+0000] {processor.py:153} INFO - Started process (PID=9033) to work on /home/airflow/.local/lib/python3.7/site-packages/airflow/example_dags/example_trigger_target_dag.py
[2023-03-17T03:31:26.752+0000] {processor.py:743} INFO - Processing file /home/airflow/.local/lib/python3.7/site-packages/airflow/example_dags/example_trigger_target_dag.py for tasks to queue
[2023-03-17T03:31:26.753+0000] {logging_mixin.py:137} INFO - [2023-03-17T03:31:26.753+0000] {dagbag.py:532} INFO - Filling up the DagBag from /home/airflow/.local/lib/python3.7/site-packages/airflow/example_dags/example_trigger_target_dag.py
[2023-03-17T03:31:26.778+0000] {processor.py:753} INFO - DAG(s) dict_keys(['example_trigger_target_dag']) retrieved from /home/airflow/.local/lib/python3.7/site-packages/airflow/example_dags/example_trigger_target_dag.py
[2023-03-17T03:31:26.808+0000] {logging_mixin.py:137} INFO - [2023-03-17T03:31:26.807+0000] {dag.py:2693} INFO - Sync 1 DAGs
[2023-03-17T03:31:26.836+0000] {logging_mixin.py:137} INFO - [2023-03-17T03:31:26.836+0000] {dag.py:3444} INFO - Setting next_dagrun for example_trigger_target_dag to None, run_after=None
[2023-03-17T03:31:26.862+0000] {processor.py:175} INFO - Processing /home/airflow/.local/lib/python3.7/site-packages/airflow/example_dags/example_trigger_target_dag.py took 0.115 seconds
[2023-03-17T03:31:57.207+0000] {processor.py:153} INFO - Started process (PID=9250) to work on /home/airflow/.local/lib/python3.7/site-packages/airflow/example_dags/example_trigger_target_dag.py
[2023-03-17T03:31:57.208+0000] {processor.py:743} INFO - Processing file /home/airflow/.local/lib/python3.7/site-packages/airflow/example_dags/example_trigger_target_dag.py for tasks to queue
[2023-03-17T03:31:57.209+0000] {logging_mixin.py:137} INFO - [2023-03-17T03:31:57.209+0000] {dagbag.py:532} INFO - Filling up the DagBag from /home/airflow/.local/lib/python3.7/site-packages/airflow/example_dags/example_trigger_target_dag.py
[2023-03-17T03:31:57.234+0000] {processor.py:753} INFO - DAG(s) dict_keys(['example_trigger_target_dag']) retrieved from /home/airflow/.local/lib/python3.7/site-packages/airflow/example_dags/example_trigger_target_dag.py
[2023-03-17T03:31:57.262+0000] {logging_mixin.py:137} INFO - [2023-03-17T03:31:57.262+0000] {dag.py:2693} INFO - Sync 1 DAGs
[2023-03-17T03:31:57.292+0000] {logging_mixin.py:137} INFO - [2023-03-17T03:31:57.291+0000] {dag.py:3444} INFO - Setting next_dagrun for example_trigger_target_dag to None, run_after=None
[2023-03-17T03:31:57.319+0000] {processor.py:175} INFO - Processing /home/airflow/.local/lib/python3.7/site-packages/airflow/example_dags/example_trigger_target_dag.py took 0.115 seconds
[2023-03-17T03:32:27.686+0000] {processor.py:153} INFO - Started process (PID=9467) to work on /home/airflow/.local/lib/python3.7/site-packages/airflow/example_dags/example_trigger_target_dag.py
[2023-03-17T03:32:27.687+0000] {processor.py:743} INFO - Processing file /home/airflow/.local/lib/python3.7/site-packages/airflow/example_dags/example_trigger_target_dag.py for tasks to queue
[2023-03-17T03:32:27.688+0000] {logging_mixin.py:137} INFO - [2023-03-17T03:32:27.688+0000] {dagbag.py:532} INFO - Filling up the DagBag from /home/airflow/.local/lib/python3.7/site-packages/airflow/example_dags/example_trigger_target_dag.py
[2023-03-17T03:32:27.712+0000] {processor.py:753} INFO - DAG(s) dict_keys(['example_trigger_target_dag']) retrieved from /home/airflow/.local/lib/python3.7/site-packages/airflow/example_dags/example_trigger_target_dag.py
[2023-03-17T03:32:27.742+0000] {logging_mixin.py:137} INFO - [2023-03-17T03:32:27.741+0000] {dag.py:2693} INFO - Sync 1 DAGs
[2023-03-17T03:32:27.772+0000] {logging_mixin.py:137} INFO - [2023-03-17T03:32:27.772+0000] {dag.py:3444} INFO - Setting next_dagrun for example_trigger_target_dag to None, run_after=None
[2023-03-17T03:32:27.796+0000] {processor.py:175} INFO - Processing /home/airflow/.local/lib/python3.7/site-packages/airflow/example_dags/example_trigger_target_dag.py took 0.114 seconds
[2023-03-17T03:32:58.673+0000] {processor.py:153} INFO - Started process (PID=9684) to work on /home/airflow/.local/lib/python3.7/site-packages/airflow/example_dags/example_trigger_target_dag.py
[2023-03-17T03:32:58.675+0000] {processor.py:743} INFO - Processing file /home/airflow/.local/lib/python3.7/site-packages/airflow/example_dags/example_trigger_target_dag.py for tasks to queue
[2023-03-17T03:32:58.676+0000] {logging_mixin.py:137} INFO - [2023-03-17T03:32:58.676+0000] {dagbag.py:532} INFO - Filling up the DagBag from /home/airflow/.local/lib/python3.7/site-packages/airflow/example_dags/example_trigger_target_dag.py
[2023-03-17T03:32:58.703+0000] {processor.py:753} INFO - DAG(s) dict_keys(['example_trigger_target_dag']) retrieved from /home/airflow/.local/lib/python3.7/site-packages/airflow/example_dags/example_trigger_target_dag.py
[2023-03-17T03:32:58.736+0000] {logging_mixin.py:137} INFO - [2023-03-17T03:32:58.736+0000] {dag.py:2693} INFO - Sync 1 DAGs
[2023-03-17T03:32:58.768+0000] {logging_mixin.py:137} INFO - [2023-03-17T03:32:58.768+0000] {dag.py:3444} INFO - Setting next_dagrun for example_trigger_target_dag to None, run_after=None
[2023-03-17T03:32:58.794+0000] {processor.py:175} INFO - Processing /home/airflow/.local/lib/python3.7/site-packages/airflow/example_dags/example_trigger_target_dag.py took 0.125 seconds
[2023-03-17T03:33:29.164+0000] {processor.py:153} INFO - Started process (PID=9902) to work on /home/airflow/.local/lib/python3.7/site-packages/airflow/example_dags/example_trigger_target_dag.py
[2023-03-17T03:33:29.165+0000] {processor.py:743} INFO - Processing file /home/airflow/.local/lib/python3.7/site-packages/airflow/example_dags/example_trigger_target_dag.py for tasks to queue
[2023-03-17T03:33:29.168+0000] {logging_mixin.py:137} INFO - [2023-03-17T03:33:29.167+0000] {dagbag.py:532} INFO - Filling up the DagBag from /home/airflow/.local/lib/python3.7/site-packages/airflow/example_dags/example_trigger_target_dag.py
[2023-03-17T03:33:29.205+0000] {processor.py:753} INFO - DAG(s) dict_keys(['example_trigger_target_dag']) retrieved from /home/airflow/.local/lib/python3.7/site-packages/airflow/example_dags/example_trigger_target_dag.py
[2023-03-17T03:33:29.244+0000] {logging_mixin.py:137} INFO - [2023-03-17T03:33:29.243+0000] {dag.py:2693} INFO - Sync 1 DAGs
[2023-03-17T03:33:29.284+0000] {logging_mixin.py:137} INFO - [2023-03-17T03:33:29.283+0000] {dag.py:3444} INFO - Setting next_dagrun for example_trigger_target_dag to None, run_after=None
[2023-03-17T03:33:29.315+0000] {processor.py:175} INFO - Processing /home/airflow/.local/lib/python3.7/site-packages/airflow/example_dags/example_trigger_target_dag.py took 0.155 seconds
[2023-03-17T03:33:59.670+0000] {processor.py:153} INFO - Started process (PID=10119) to work on /home/airflow/.local/lib/python3.7/site-packages/airflow/example_dags/example_trigger_target_dag.py
[2023-03-17T03:33:59.670+0000] {processor.py:743} INFO - Processing file /home/airflow/.local/lib/python3.7/site-packages/airflow/example_dags/example_trigger_target_dag.py for tasks to queue
[2023-03-17T03:33:59.671+0000] {logging_mixin.py:137} INFO - [2023-03-17T03:33:59.671+0000] {dagbag.py:532} INFO - Filling up the DagBag from /home/airflow/.local/lib/python3.7/site-packages/airflow/example_dags/example_trigger_target_dag.py
[2023-03-17T03:33:59.697+0000] {processor.py:753} INFO - DAG(s) dict_keys(['example_trigger_target_dag']) retrieved from /home/airflow/.local/lib/python3.7/site-packages/airflow/example_dags/example_trigger_target_dag.py
[2023-03-17T03:33:59.726+0000] {logging_mixin.py:137} INFO - [2023-03-17T03:33:59.726+0000] {dag.py:2693} INFO - Sync 1 DAGs
[2023-03-17T03:33:59.758+0000] {logging_mixin.py:137} INFO - [2023-03-17T03:33:59.758+0000] {dag.py:3444} INFO - Setting next_dagrun for example_trigger_target_dag to None, run_after=None
[2023-03-17T03:33:59.783+0000] {processor.py:175} INFO - Processing /home/airflow/.local/lib/python3.7/site-packages/airflow/example_dags/example_trigger_target_dag.py took 0.118 seconds
[2023-03-17T03:34:30.326+0000] {processor.py:153} INFO - Started process (PID=10337) to work on /home/airflow/.local/lib/python3.7/site-packages/airflow/example_dags/example_trigger_target_dag.py
[2023-03-17T03:34:30.327+0000] {processor.py:743} INFO - Processing file /home/airflow/.local/lib/python3.7/site-packages/airflow/example_dags/example_trigger_target_dag.py for tasks to queue
[2023-03-17T03:34:30.328+0000] {logging_mixin.py:137} INFO - [2023-03-17T03:34:30.328+0000] {dagbag.py:532} INFO - Filling up the DagBag from /home/airflow/.local/lib/python3.7/site-packages/airflow/example_dags/example_trigger_target_dag.py
[2023-03-17T03:34:30.353+0000] {processor.py:753} INFO - DAG(s) dict_keys(['example_trigger_target_dag']) retrieved from /home/airflow/.local/lib/python3.7/site-packages/airflow/example_dags/example_trigger_target_dag.py
[2023-03-17T03:34:30.382+0000] {logging_mixin.py:137} INFO - [2023-03-17T03:34:30.382+0000] {dag.py:2693} INFO - Sync 1 DAGs
[2023-03-17T03:34:30.413+0000] {logging_mixin.py:137} INFO - [2023-03-17T03:34:30.413+0000] {dag.py:3444} INFO - Setting next_dagrun for example_trigger_target_dag to None, run_after=None
[2023-03-17T03:34:30.441+0000] {processor.py:175} INFO - Processing /home/airflow/.local/lib/python3.7/site-packages/airflow/example_dags/example_trigger_target_dag.py took 0.118 seconds
