[2023-03-17T03:11:00.246+0000] {processor.py:153} INFO - Started process (PID=230) to work on /home/airflow/.local/lib/python3.7/site-packages/airflow/example_dags/example_skip_dag.py
[2023-03-17T03:11:00.247+0000] {processor.py:743} INFO - Processing file /home/airflow/.local/lib/python3.7/site-packages/airflow/example_dags/example_skip_dag.py for tasks to queue
[2023-03-17T03:11:00.249+0000] {logging_mixin.py:137} INFO - [2023-03-17T03:11:00.249+0000] {dagbag.py:532} INFO - Filling up the DagBag from /home/airflow/.local/lib/python3.7/site-packages/airflow/example_dags/example_skip_dag.py
[2023-03-17T03:11:00.275+0000] {processor.py:753} INFO - DAG(s) dict_keys(['example_skip_dag']) retrieved from /home/airflow/.local/lib/python3.7/site-packages/airflow/example_dags/example_skip_dag.py
[2023-03-17T03:11:00.324+0000] {logging_mixin.py:137} INFO - [2023-03-17T03:11:00.324+0000] {dag.py:2693} INFO - Sync 1 DAGs
[2023-03-17T03:11:00.376+0000] {logging_mixin.py:137} INFO - [2023-03-17T03:11:00.376+0000] {dag.py:3444} INFO - Setting next_dagrun for example_skip_dag to 2023-03-16T03:11:00.375770+00:00, run_after=2023-03-17T03:11:00.375770+00:00
[2023-03-17T03:11:00.414+0000] {processor.py:175} INFO - Processing /home/airflow/.local/lib/python3.7/site-packages/airflow/example_dags/example_skip_dag.py took 0.175 seconds
[2023-03-17T03:11:32.995+0000] {processor.py:153} INFO - Started process (PID=447) to work on /home/airflow/.local/lib/python3.7/site-packages/airflow/example_dags/example_skip_dag.py
[2023-03-17T03:11:32.998+0000] {processor.py:743} INFO - Processing file /home/airflow/.local/lib/python3.7/site-packages/airflow/example_dags/example_skip_dag.py for tasks to queue
[2023-03-17T03:11:33.000+0000] {logging_mixin.py:137} INFO - [2023-03-17T03:11:33.000+0000] {dagbag.py:532} INFO - Filling up the DagBag from /home/airflow/.local/lib/python3.7/site-packages/airflow/example_dags/example_skip_dag.py
[2023-03-17T03:11:33.028+0000] {processor.py:753} INFO - DAG(s) dict_keys(['example_skip_dag']) retrieved from /home/airflow/.local/lib/python3.7/site-packages/airflow/example_dags/example_skip_dag.py
[2023-03-17T03:11:33.096+0000] {logging_mixin.py:137} INFO - [2023-03-17T03:11:33.095+0000] {dag.py:2693} INFO - Sync 1 DAGs
[2023-03-17T03:11:33.167+0000] {logging_mixin.py:137} INFO - [2023-03-17T03:11:33.166+0000] {dag.py:3444} INFO - Setting next_dagrun for example_skip_dag to 2023-03-16T03:11:33.166560+00:00, run_after=2023-03-17T03:11:33.166560+00:00
[2023-03-17T03:11:33.203+0000] {processor.py:175} INFO - Processing /home/airflow/.local/lib/python3.7/site-packages/airflow/example_dags/example_skip_dag.py took 0.213 seconds
[2023-03-17T03:12:04.785+0000] {processor.py:153} INFO - Started process (PID=671) to work on /home/airflow/.local/lib/python3.7/site-packages/airflow/example_dags/example_skip_dag.py
[2023-03-17T03:12:04.786+0000] {processor.py:743} INFO - Processing file /home/airflow/.local/lib/python3.7/site-packages/airflow/example_dags/example_skip_dag.py for tasks to queue
[2023-03-17T03:12:04.788+0000] {logging_mixin.py:137} INFO - [2023-03-17T03:12:04.788+0000] {dagbag.py:532} INFO - Filling up the DagBag from /home/airflow/.local/lib/python3.7/site-packages/airflow/example_dags/example_skip_dag.py
[2023-03-17T03:12:04.824+0000] {processor.py:753} INFO - DAG(s) dict_keys(['example_skip_dag']) retrieved from /home/airflow/.local/lib/python3.7/site-packages/airflow/example_dags/example_skip_dag.py
[2023-03-17T03:12:04.886+0000] {logging_mixin.py:137} INFO - [2023-03-17T03:12:04.886+0000] {dag.py:2693} INFO - Sync 1 DAGs
[2023-03-17T03:12:04.943+0000] {logging_mixin.py:137} INFO - [2023-03-17T03:12:04.943+0000] {dag.py:3444} INFO - Setting next_dagrun for example_skip_dag to 2023-03-16T03:12:04.942894+00:00, run_after=2023-03-17T03:12:04.942894+00:00
[2023-03-17T03:12:04.983+0000] {processor.py:175} INFO - Processing /home/airflow/.local/lib/python3.7/site-packages/airflow/example_dags/example_skip_dag.py took 0.205 seconds
[2023-03-17T03:12:35.196+0000] {processor.py:153} INFO - Started process (PID=888) to work on /home/airflow/.local/lib/python3.7/site-packages/airflow/example_dags/example_skip_dag.py
[2023-03-17T03:12:35.197+0000] {processor.py:743} INFO - Processing file /home/airflow/.local/lib/python3.7/site-packages/airflow/example_dags/example_skip_dag.py for tasks to queue
[2023-03-17T03:12:35.198+0000] {logging_mixin.py:137} INFO - [2023-03-17T03:12:35.198+0000] {dagbag.py:532} INFO - Filling up the DagBag from /home/airflow/.local/lib/python3.7/site-packages/airflow/example_dags/example_skip_dag.py
[2023-03-17T03:12:35.216+0000] {processor.py:753} INFO - DAG(s) dict_keys(['example_skip_dag']) retrieved from /home/airflow/.local/lib/python3.7/site-packages/airflow/example_dags/example_skip_dag.py
[2023-03-17T03:12:35.246+0000] {logging_mixin.py:137} INFO - [2023-03-17T03:12:35.246+0000] {dag.py:2693} INFO - Sync 1 DAGs
[2023-03-17T03:12:35.276+0000] {logging_mixin.py:137} INFO - [2023-03-17T03:12:35.276+0000] {dag.py:3444} INFO - Setting next_dagrun for example_skip_dag to 2023-03-16T03:12:35.276511+00:00, run_after=2023-03-17T03:12:35.276511+00:00
[2023-03-17T03:12:35.305+0000] {processor.py:175} INFO - Processing /home/airflow/.local/lib/python3.7/site-packages/airflow/example_dags/example_skip_dag.py took 0.113 seconds
[2023-03-17T03:13:06.039+0000] {processor.py:153} INFO - Started process (PID=1105) to work on /home/airflow/.local/lib/python3.7/site-packages/airflow/example_dags/example_skip_dag.py
[2023-03-17T03:13:06.040+0000] {processor.py:743} INFO - Processing file /home/airflow/.local/lib/python3.7/site-packages/airflow/example_dags/example_skip_dag.py for tasks to queue
[2023-03-17T03:13:06.042+0000] {logging_mixin.py:137} INFO - [2023-03-17T03:13:06.041+0000] {dagbag.py:532} INFO - Filling up the DagBag from /home/airflow/.local/lib/python3.7/site-packages/airflow/example_dags/example_skip_dag.py
[2023-03-17T03:13:06.059+0000] {processor.py:753} INFO - DAG(s) dict_keys(['example_skip_dag']) retrieved from /home/airflow/.local/lib/python3.7/site-packages/airflow/example_dags/example_skip_dag.py
[2023-03-17T03:13:06.087+0000] {logging_mixin.py:137} INFO - [2023-03-17T03:13:06.087+0000] {dag.py:2693} INFO - Sync 1 DAGs
[2023-03-17T03:13:06.117+0000] {logging_mixin.py:137} INFO - [2023-03-17T03:13:06.117+0000] {dag.py:3444} INFO - Setting next_dagrun for example_skip_dag to 2023-03-16T03:13:06.117551+00:00, run_after=2023-03-17T03:13:06.117551+00:00
[2023-03-17T03:13:06.145+0000] {processor.py:175} INFO - Processing /home/airflow/.local/lib/python3.7/site-packages/airflow/example_dags/example_skip_dag.py took 0.111 seconds
[2023-03-17T03:13:36.695+0000] {processor.py:153} INFO - Started process (PID=1324) to work on /home/airflow/.local/lib/python3.7/site-packages/airflow/example_dags/example_skip_dag.py
[2023-03-17T03:13:36.696+0000] {processor.py:743} INFO - Processing file /home/airflow/.local/lib/python3.7/site-packages/airflow/example_dags/example_skip_dag.py for tasks to queue
[2023-03-17T03:13:36.697+0000] {logging_mixin.py:137} INFO - [2023-03-17T03:13:36.696+0000] {dagbag.py:532} INFO - Filling up the DagBag from /home/airflow/.local/lib/python3.7/site-packages/airflow/example_dags/example_skip_dag.py
[2023-03-17T03:13:36.711+0000] {processor.py:753} INFO - DAG(s) dict_keys(['example_skip_dag']) retrieved from /home/airflow/.local/lib/python3.7/site-packages/airflow/example_dags/example_skip_dag.py
[2023-03-17T03:13:36.742+0000] {logging_mixin.py:137} INFO - [2023-03-17T03:13:36.741+0000] {dag.py:2693} INFO - Sync 1 DAGs
[2023-03-17T03:13:36.773+0000] {logging_mixin.py:137} INFO - [2023-03-17T03:13:36.773+0000] {dag.py:3444} INFO - Setting next_dagrun for example_skip_dag to 2023-03-16T03:13:36.772907+00:00, run_after=2023-03-17T03:13:36.772907+00:00
[2023-03-17T03:13:36.799+0000] {processor.py:175} INFO - Processing /home/airflow/.local/lib/python3.7/site-packages/airflow/example_dags/example_skip_dag.py took 0.107 seconds
[2023-03-17T03:14:07.143+0000] {processor.py:153} INFO - Started process (PID=1539) to work on /home/airflow/.local/lib/python3.7/site-packages/airflow/example_dags/example_skip_dag.py
[2023-03-17T03:14:07.144+0000] {processor.py:743} INFO - Processing file /home/airflow/.local/lib/python3.7/site-packages/airflow/example_dags/example_skip_dag.py for tasks to queue
[2023-03-17T03:14:07.145+0000] {logging_mixin.py:137} INFO - [2023-03-17T03:14:07.145+0000] {dagbag.py:532} INFO - Filling up the DagBag from /home/airflow/.local/lib/python3.7/site-packages/airflow/example_dags/example_skip_dag.py
[2023-03-17T03:14:07.165+0000] {processor.py:753} INFO - DAG(s) dict_keys(['example_skip_dag']) retrieved from /home/airflow/.local/lib/python3.7/site-packages/airflow/example_dags/example_skip_dag.py
[2023-03-17T03:14:07.199+0000] {logging_mixin.py:137} INFO - [2023-03-17T03:14:07.198+0000] {dag.py:2693} INFO - Sync 1 DAGs
[2023-03-17T03:14:07.229+0000] {logging_mixin.py:137} INFO - [2023-03-17T03:14:07.229+0000] {dag.py:3444} INFO - Setting next_dagrun for example_skip_dag to 2023-03-16T03:14:07.229099+00:00, run_after=2023-03-17T03:14:07.229099+00:00
[2023-03-17T03:14:07.253+0000] {processor.py:175} INFO - Processing /home/airflow/.local/lib/python3.7/site-packages/airflow/example_dags/example_skip_dag.py took 0.115 seconds
[2023-03-17T03:14:37.480+0000] {processor.py:153} INFO - Started process (PID=1756) to work on /home/airflow/.local/lib/python3.7/site-packages/airflow/example_dags/example_skip_dag.py
[2023-03-17T03:14:37.481+0000] {processor.py:743} INFO - Processing file /home/airflow/.local/lib/python3.7/site-packages/airflow/example_dags/example_skip_dag.py for tasks to queue
[2023-03-17T03:14:37.483+0000] {logging_mixin.py:137} INFO - [2023-03-17T03:14:37.482+0000] {dagbag.py:532} INFO - Filling up the DagBag from /home/airflow/.local/lib/python3.7/site-packages/airflow/example_dags/example_skip_dag.py
[2023-03-17T03:14:37.499+0000] {processor.py:753} INFO - DAG(s) dict_keys(['example_skip_dag']) retrieved from /home/airflow/.local/lib/python3.7/site-packages/airflow/example_dags/example_skip_dag.py
[2023-03-17T03:14:37.533+0000] {logging_mixin.py:137} INFO - [2023-03-17T03:14:37.533+0000] {dag.py:2693} INFO - Sync 1 DAGs
[2023-03-17T03:14:37.563+0000] {logging_mixin.py:137} INFO - [2023-03-17T03:14:37.563+0000] {dag.py:3444} INFO - Setting next_dagrun for example_skip_dag to 2023-03-16T03:14:37.563341+00:00, run_after=2023-03-17T03:14:37.563341+00:00
[2023-03-17T03:14:37.591+0000] {processor.py:175} INFO - Processing /home/airflow/.local/lib/python3.7/site-packages/airflow/example_dags/example_skip_dag.py took 0.114 seconds
[2023-03-17T03:15:08.029+0000] {processor.py:153} INFO - Started process (PID=1973) to work on /home/airflow/.local/lib/python3.7/site-packages/airflow/example_dags/example_skip_dag.py
[2023-03-17T03:15:08.031+0000] {processor.py:743} INFO - Processing file /home/airflow/.local/lib/python3.7/site-packages/airflow/example_dags/example_skip_dag.py for tasks to queue
[2023-03-17T03:15:08.032+0000] {logging_mixin.py:137} INFO - [2023-03-17T03:15:08.031+0000] {dagbag.py:532} INFO - Filling up the DagBag from /home/airflow/.local/lib/python3.7/site-packages/airflow/example_dags/example_skip_dag.py
[2023-03-17T03:15:08.049+0000] {processor.py:753} INFO - DAG(s) dict_keys(['example_skip_dag']) retrieved from /home/airflow/.local/lib/python3.7/site-packages/airflow/example_dags/example_skip_dag.py
[2023-03-17T03:15:08.082+0000] {logging_mixin.py:137} INFO - [2023-03-17T03:15:08.082+0000] {dag.py:2693} INFO - Sync 1 DAGs
[2023-03-17T03:15:08.115+0000] {logging_mixin.py:137} INFO - [2023-03-17T03:15:08.115+0000] {dag.py:3444} INFO - Setting next_dagrun for example_skip_dag to 2023-03-16T03:15:08.115364+00:00, run_after=2023-03-17T03:15:08.115364+00:00
[2023-03-17T03:15:08.141+0000] {processor.py:175} INFO - Processing /home/airflow/.local/lib/python3.7/site-packages/airflow/example_dags/example_skip_dag.py took 0.116 seconds
[2023-03-17T03:15:38.602+0000] {processor.py:153} INFO - Started process (PID=2190) to work on /home/airflow/.local/lib/python3.7/site-packages/airflow/example_dags/example_skip_dag.py
[2023-03-17T03:15:38.603+0000] {processor.py:743} INFO - Processing file /home/airflow/.local/lib/python3.7/site-packages/airflow/example_dags/example_skip_dag.py for tasks to queue
[2023-03-17T03:15:38.604+0000] {logging_mixin.py:137} INFO - [2023-03-17T03:15:38.604+0000] {dagbag.py:532} INFO - Filling up the DagBag from /home/airflow/.local/lib/python3.7/site-packages/airflow/example_dags/example_skip_dag.py
[2023-03-17T03:15:38.620+0000] {processor.py:753} INFO - DAG(s) dict_keys(['example_skip_dag']) retrieved from /home/airflow/.local/lib/python3.7/site-packages/airflow/example_dags/example_skip_dag.py
[2023-03-17T03:15:38.650+0000] {logging_mixin.py:137} INFO - [2023-03-17T03:15:38.650+0000] {dag.py:2693} INFO - Sync 1 DAGs
[2023-03-17T03:15:38.682+0000] {logging_mixin.py:137} INFO - [2023-03-17T03:15:38.682+0000] {dag.py:3444} INFO - Setting next_dagrun for example_skip_dag to 2023-03-16T03:15:38.682526+00:00, run_after=2023-03-17T03:15:38.682526+00:00
[2023-03-17T03:15:38.707+0000] {processor.py:175} INFO - Processing /home/airflow/.local/lib/python3.7/site-packages/airflow/example_dags/example_skip_dag.py took 0.108 seconds
[2023-03-17T03:16:09.048+0000] {processor.py:153} INFO - Started process (PID=2410) to work on /home/airflow/.local/lib/python3.7/site-packages/airflow/example_dags/example_skip_dag.py
[2023-03-17T03:16:09.049+0000] {processor.py:743} INFO - Processing file /home/airflow/.local/lib/python3.7/site-packages/airflow/example_dags/example_skip_dag.py for tasks to queue
[2023-03-17T03:16:09.050+0000] {logging_mixin.py:137} INFO - [2023-03-17T03:16:09.050+0000] {dagbag.py:532} INFO - Filling up the DagBag from /home/airflow/.local/lib/python3.7/site-packages/airflow/example_dags/example_skip_dag.py
[2023-03-17T03:16:09.067+0000] {processor.py:753} INFO - DAG(s) dict_keys(['example_skip_dag']) retrieved from /home/airflow/.local/lib/python3.7/site-packages/airflow/example_dags/example_skip_dag.py
[2023-03-17T03:16:09.098+0000] {logging_mixin.py:137} INFO - [2023-03-17T03:16:09.098+0000] {dag.py:2693} INFO - Sync 1 DAGs
[2023-03-17T03:16:09.127+0000] {logging_mixin.py:137} INFO - [2023-03-17T03:16:09.127+0000] {dag.py:3444} INFO - Setting next_dagrun for example_skip_dag to 2023-03-16T03:16:09.127511+00:00, run_after=2023-03-17T03:16:09.127511+00:00
[2023-03-17T03:16:09.152+0000] {processor.py:175} INFO - Processing /home/airflow/.local/lib/python3.7/site-packages/airflow/example_dags/example_skip_dag.py took 0.107 seconds
[2023-03-17T03:16:39.741+0000] {processor.py:153} INFO - Started process (PID=2625) to work on /home/airflow/.local/lib/python3.7/site-packages/airflow/example_dags/example_skip_dag.py
[2023-03-17T03:16:39.742+0000] {processor.py:743} INFO - Processing file /home/airflow/.local/lib/python3.7/site-packages/airflow/example_dags/example_skip_dag.py for tasks to queue
[2023-03-17T03:16:39.743+0000] {logging_mixin.py:137} INFO - [2023-03-17T03:16:39.743+0000] {dagbag.py:532} INFO - Filling up the DagBag from /home/airflow/.local/lib/python3.7/site-packages/airflow/example_dags/example_skip_dag.py
[2023-03-17T03:16:39.759+0000] {processor.py:753} INFO - DAG(s) dict_keys(['example_skip_dag']) retrieved from /home/airflow/.local/lib/python3.7/site-packages/airflow/example_dags/example_skip_dag.py
[2023-03-17T03:16:39.788+0000] {logging_mixin.py:137} INFO - [2023-03-17T03:16:39.788+0000] {dag.py:2693} INFO - Sync 1 DAGs
[2023-03-17T03:16:39.820+0000] {logging_mixin.py:137} INFO - [2023-03-17T03:16:39.820+0000] {dag.py:3444} INFO - Setting next_dagrun for example_skip_dag to 2023-03-16T03:16:39.820236+00:00, run_after=2023-03-17T03:16:39.820236+00:00
[2023-03-17T03:16:39.846+0000] {processor.py:175} INFO - Processing /home/airflow/.local/lib/python3.7/site-packages/airflow/example_dags/example_skip_dag.py took 0.108 seconds
[2023-03-17T03:17:10.239+0000] {processor.py:153} INFO - Started process (PID=2842) to work on /home/airflow/.local/lib/python3.7/site-packages/airflow/example_dags/example_skip_dag.py
[2023-03-17T03:17:10.240+0000] {processor.py:743} INFO - Processing file /home/airflow/.local/lib/python3.7/site-packages/airflow/example_dags/example_skip_dag.py for tasks to queue
[2023-03-17T03:17:10.241+0000] {logging_mixin.py:137} INFO - [2023-03-17T03:17:10.241+0000] {dagbag.py:532} INFO - Filling up the DagBag from /home/airflow/.local/lib/python3.7/site-packages/airflow/example_dags/example_skip_dag.py
[2023-03-17T03:17:10.257+0000] {processor.py:753} INFO - DAG(s) dict_keys(['example_skip_dag']) retrieved from /home/airflow/.local/lib/python3.7/site-packages/airflow/example_dags/example_skip_dag.py
[2023-03-17T03:17:10.286+0000] {logging_mixin.py:137} INFO - [2023-03-17T03:17:10.286+0000] {dag.py:2693} INFO - Sync 1 DAGs
[2023-03-17T03:17:10.317+0000] {logging_mixin.py:137} INFO - [2023-03-17T03:17:10.317+0000] {dag.py:3444} INFO - Setting next_dagrun for example_skip_dag to 2023-03-16T03:17:10.316952+00:00, run_after=2023-03-17T03:17:10.316952+00:00
[2023-03-17T03:17:10.342+0000] {processor.py:175} INFO - Processing /home/airflow/.local/lib/python3.7/site-packages/airflow/example_dags/example_skip_dag.py took 0.107 seconds
[2023-03-17T03:17:40.654+0000] {processor.py:153} INFO - Started process (PID=3061) to work on /home/airflow/.local/lib/python3.7/site-packages/airflow/example_dags/example_skip_dag.py
[2023-03-17T03:17:40.655+0000] {processor.py:743} INFO - Processing file /home/airflow/.local/lib/python3.7/site-packages/airflow/example_dags/example_skip_dag.py for tasks to queue
[2023-03-17T03:17:40.656+0000] {logging_mixin.py:137} INFO - [2023-03-17T03:17:40.656+0000] {dagbag.py:532} INFO - Filling up the DagBag from /home/airflow/.local/lib/python3.7/site-packages/airflow/example_dags/example_skip_dag.py
[2023-03-17T03:17:40.672+0000] {processor.py:753} INFO - DAG(s) dict_keys(['example_skip_dag']) retrieved from /home/airflow/.local/lib/python3.7/site-packages/airflow/example_dags/example_skip_dag.py
[2023-03-17T03:17:40.701+0000] {logging_mixin.py:137} INFO - [2023-03-17T03:17:40.701+0000] {dag.py:2693} INFO - Sync 1 DAGs
[2023-03-17T03:17:40.731+0000] {logging_mixin.py:137} INFO - [2023-03-17T03:17:40.731+0000] {dag.py:3444} INFO - Setting next_dagrun for example_skip_dag to 2023-03-16T03:17:40.731121+00:00, run_after=2023-03-17T03:17:40.731121+00:00
[2023-03-17T03:17:40.757+0000] {processor.py:175} INFO - Processing /home/airflow/.local/lib/python3.7/site-packages/airflow/example_dags/example_skip_dag.py took 0.106 seconds
[2023-03-17T03:18:11.120+0000] {processor.py:153} INFO - Started process (PID=3276) to work on /home/airflow/.local/lib/python3.7/site-packages/airflow/example_dags/example_skip_dag.py
[2023-03-17T03:18:11.121+0000] {processor.py:743} INFO - Processing file /home/airflow/.local/lib/python3.7/site-packages/airflow/example_dags/example_skip_dag.py for tasks to queue
[2023-03-17T03:18:11.122+0000] {logging_mixin.py:137} INFO - [2023-03-17T03:18:11.122+0000] {dagbag.py:532} INFO - Filling up the DagBag from /home/airflow/.local/lib/python3.7/site-packages/airflow/example_dags/example_skip_dag.py
[2023-03-17T03:18:11.138+0000] {processor.py:753} INFO - DAG(s) dict_keys(['example_skip_dag']) retrieved from /home/airflow/.local/lib/python3.7/site-packages/airflow/example_dags/example_skip_dag.py
[2023-03-17T03:18:11.166+0000] {logging_mixin.py:137} INFO - [2023-03-17T03:18:11.166+0000] {dag.py:2693} INFO - Sync 1 DAGs
[2023-03-17T03:18:11.196+0000] {logging_mixin.py:137} INFO - [2023-03-17T03:18:11.195+0000] {dag.py:3444} INFO - Setting next_dagrun for example_skip_dag to 2023-03-16T03:18:11.195650+00:00, run_after=2023-03-17T03:18:11.195650+00:00
[2023-03-17T03:18:11.221+0000] {processor.py:175} INFO - Processing /home/airflow/.local/lib/python3.7/site-packages/airflow/example_dags/example_skip_dag.py took 0.105 seconds
[2023-03-17T03:18:41.597+0000] {processor.py:153} INFO - Started process (PID=3494) to work on /home/airflow/.local/lib/python3.7/site-packages/airflow/example_dags/example_skip_dag.py
[2023-03-17T03:18:41.598+0000] {processor.py:743} INFO - Processing file /home/airflow/.local/lib/python3.7/site-packages/airflow/example_dags/example_skip_dag.py for tasks to queue
[2023-03-17T03:18:41.600+0000] {logging_mixin.py:137} INFO - [2023-03-17T03:18:41.600+0000] {dagbag.py:532} INFO - Filling up the DagBag from /home/airflow/.local/lib/python3.7/site-packages/airflow/example_dags/example_skip_dag.py
[2023-03-17T03:18:41.617+0000] {processor.py:753} INFO - DAG(s) dict_keys(['example_skip_dag']) retrieved from /home/airflow/.local/lib/python3.7/site-packages/airflow/example_dags/example_skip_dag.py
[2023-03-17T03:18:41.645+0000] {logging_mixin.py:137} INFO - [2023-03-17T03:18:41.645+0000] {dag.py:2693} INFO - Sync 1 DAGs
[2023-03-17T03:18:41.679+0000] {logging_mixin.py:137} INFO - [2023-03-17T03:18:41.679+0000] {dag.py:3444} INFO - Setting next_dagrun for example_skip_dag to 2023-03-16T03:18:41.679297+00:00, run_after=2023-03-17T03:18:41.679297+00:00
[2023-03-17T03:18:41.703+0000] {processor.py:175} INFO - Processing /home/airflow/.local/lib/python3.7/site-packages/airflow/example_dags/example_skip_dag.py took 0.110 seconds
[2023-03-17T03:19:12.152+0000] {processor.py:153} INFO - Started process (PID=3713) to work on /home/airflow/.local/lib/python3.7/site-packages/airflow/example_dags/example_skip_dag.py
[2023-03-17T03:19:12.153+0000] {processor.py:743} INFO - Processing file /home/airflow/.local/lib/python3.7/site-packages/airflow/example_dags/example_skip_dag.py for tasks to queue
[2023-03-17T03:19:12.154+0000] {logging_mixin.py:137} INFO - [2023-03-17T03:19:12.154+0000] {dagbag.py:532} INFO - Filling up the DagBag from /home/airflow/.local/lib/python3.7/site-packages/airflow/example_dags/example_skip_dag.py
[2023-03-17T03:19:12.170+0000] {processor.py:753} INFO - DAG(s) dict_keys(['example_skip_dag']) retrieved from /home/airflow/.local/lib/python3.7/site-packages/airflow/example_dags/example_skip_dag.py
[2023-03-17T03:19:12.201+0000] {logging_mixin.py:137} INFO - [2023-03-17T03:19:12.200+0000] {dag.py:2693} INFO - Sync 1 DAGs
[2023-03-17T03:19:12.230+0000] {logging_mixin.py:137} INFO - [2023-03-17T03:19:12.230+0000] {dag.py:3444} INFO - Setting next_dagrun for example_skip_dag to 2023-03-16T03:19:12.230312+00:00, run_after=2023-03-17T03:19:12.230312+00:00
[2023-03-17T03:19:12.256+0000] {processor.py:175} INFO - Processing /home/airflow/.local/lib/python3.7/site-packages/airflow/example_dags/example_skip_dag.py took 0.107 seconds
[2023-03-17T03:19:42.903+0000] {processor.py:153} INFO - Started process (PID=3930) to work on /home/airflow/.local/lib/python3.7/site-packages/airflow/example_dags/example_skip_dag.py
[2023-03-17T03:19:42.904+0000] {processor.py:743} INFO - Processing file /home/airflow/.local/lib/python3.7/site-packages/airflow/example_dags/example_skip_dag.py for tasks to queue
[2023-03-17T03:19:42.905+0000] {logging_mixin.py:137} INFO - [2023-03-17T03:19:42.905+0000] {dagbag.py:532} INFO - Filling up the DagBag from /home/airflow/.local/lib/python3.7/site-packages/airflow/example_dags/example_skip_dag.py
[2023-03-17T03:19:42.920+0000] {processor.py:753} INFO - DAG(s) dict_keys(['example_skip_dag']) retrieved from /home/airflow/.local/lib/python3.7/site-packages/airflow/example_dags/example_skip_dag.py
[2023-03-17T03:19:42.951+0000] {logging_mixin.py:137} INFO - [2023-03-17T03:19:42.950+0000] {dag.py:2693} INFO - Sync 1 DAGs
[2023-03-17T03:19:42.980+0000] {logging_mixin.py:137} INFO - [2023-03-17T03:19:42.980+0000] {dag.py:3444} INFO - Setting next_dagrun for example_skip_dag to 2023-03-16T03:19:42.980316+00:00, run_after=2023-03-17T03:19:42.980316+00:00
[2023-03-17T03:19:43.006+0000] {processor.py:175} INFO - Processing /home/airflow/.local/lib/python3.7/site-packages/airflow/example_dags/example_skip_dag.py took 0.106 seconds
[2023-03-17T03:20:13.349+0000] {processor.py:153} INFO - Started process (PID=4145) to work on /home/airflow/.local/lib/python3.7/site-packages/airflow/example_dags/example_skip_dag.py
[2023-03-17T03:20:13.350+0000] {processor.py:743} INFO - Processing file /home/airflow/.local/lib/python3.7/site-packages/airflow/example_dags/example_skip_dag.py for tasks to queue
[2023-03-17T03:20:13.352+0000] {logging_mixin.py:137} INFO - [2023-03-17T03:20:13.351+0000] {dagbag.py:532} INFO - Filling up the DagBag from /home/airflow/.local/lib/python3.7/site-packages/airflow/example_dags/example_skip_dag.py
[2023-03-17T03:20:13.367+0000] {processor.py:753} INFO - DAG(s) dict_keys(['example_skip_dag']) retrieved from /home/airflow/.local/lib/python3.7/site-packages/airflow/example_dags/example_skip_dag.py
[2023-03-17T03:20:13.397+0000] {logging_mixin.py:137} INFO - [2023-03-17T03:20:13.397+0000] {dag.py:2693} INFO - Sync 1 DAGs
[2023-03-17T03:20:13.428+0000] {logging_mixin.py:137} INFO - [2023-03-17T03:20:13.427+0000] {dag.py:3444} INFO - Setting next_dagrun for example_skip_dag to 2023-03-16T03:20:13.427628+00:00, run_after=2023-03-17T03:20:13.427628+00:00
[2023-03-17T03:20:13.454+0000] {processor.py:175} INFO - Processing /home/airflow/.local/lib/python3.7/site-packages/airflow/example_dags/example_skip_dag.py took 0.108 seconds
[2023-03-17T03:20:43.724+0000] {processor.py:153} INFO - Started process (PID=4362) to work on /home/airflow/.local/lib/python3.7/site-packages/airflow/example_dags/example_skip_dag.py
[2023-03-17T03:20:43.725+0000] {processor.py:743} INFO - Processing file /home/airflow/.local/lib/python3.7/site-packages/airflow/example_dags/example_skip_dag.py for tasks to queue
[2023-03-17T03:20:43.726+0000] {logging_mixin.py:137} INFO - [2023-03-17T03:20:43.726+0000] {dagbag.py:532} INFO - Filling up the DagBag from /home/airflow/.local/lib/python3.7/site-packages/airflow/example_dags/example_skip_dag.py
[2023-03-17T03:20:43.742+0000] {processor.py:753} INFO - DAG(s) dict_keys(['example_skip_dag']) retrieved from /home/airflow/.local/lib/python3.7/site-packages/airflow/example_dags/example_skip_dag.py
[2023-03-17T03:20:43.772+0000] {logging_mixin.py:137} INFO - [2023-03-17T03:20:43.771+0000] {dag.py:2693} INFO - Sync 1 DAGs
[2023-03-17T03:20:43.804+0000] {logging_mixin.py:137} INFO - [2023-03-17T03:20:43.803+0000] {dag.py:3444} INFO - Setting next_dagrun for example_skip_dag to 2023-03-16T03:20:43.803625+00:00, run_after=2023-03-17T03:20:43.803625+00:00
[2023-03-17T03:20:43.830+0000] {processor.py:175} INFO - Processing /home/airflow/.local/lib/python3.7/site-packages/airflow/example_dags/example_skip_dag.py took 0.109 seconds
[2023-03-17T03:21:14.258+0000] {processor.py:153} INFO - Started process (PID=4579) to work on /home/airflow/.local/lib/python3.7/site-packages/airflow/example_dags/example_skip_dag.py
[2023-03-17T03:21:14.259+0000] {processor.py:743} INFO - Processing file /home/airflow/.local/lib/python3.7/site-packages/airflow/example_dags/example_skip_dag.py for tasks to queue
[2023-03-17T03:21:14.261+0000] {logging_mixin.py:137} INFO - [2023-03-17T03:21:14.260+0000] {dagbag.py:532} INFO - Filling up the DagBag from /home/airflow/.local/lib/python3.7/site-packages/airflow/example_dags/example_skip_dag.py
[2023-03-17T03:21:14.277+0000] {processor.py:753} INFO - DAG(s) dict_keys(['example_skip_dag']) retrieved from /home/airflow/.local/lib/python3.7/site-packages/airflow/example_dags/example_skip_dag.py
[2023-03-17T03:21:14.305+0000] {logging_mixin.py:137} INFO - [2023-03-17T03:21:14.304+0000] {dag.py:2693} INFO - Sync 1 DAGs
[2023-03-17T03:21:14.336+0000] {logging_mixin.py:137} INFO - [2023-03-17T03:21:14.336+0000] {dag.py:3444} INFO - Setting next_dagrun for example_skip_dag to 2023-03-16T03:21:14.335912+00:00, run_after=2023-03-17T03:21:14.335912+00:00
[2023-03-17T03:21:14.361+0000] {processor.py:175} INFO - Processing /home/airflow/.local/lib/python3.7/site-packages/airflow/example_dags/example_skip_dag.py took 0.107 seconds
[2023-03-17T03:21:45.053+0000] {processor.py:153} INFO - Started process (PID=4796) to work on /home/airflow/.local/lib/python3.7/site-packages/airflow/example_dags/example_skip_dag.py
[2023-03-17T03:21:45.054+0000] {processor.py:743} INFO - Processing file /home/airflow/.local/lib/python3.7/site-packages/airflow/example_dags/example_skip_dag.py for tasks to queue
[2023-03-17T03:21:45.055+0000] {logging_mixin.py:137} INFO - [2023-03-17T03:21:45.054+0000] {dagbag.py:532} INFO - Filling up the DagBag from /home/airflow/.local/lib/python3.7/site-packages/airflow/example_dags/example_skip_dag.py
[2023-03-17T03:21:45.074+0000] {processor.py:753} INFO - DAG(s) dict_keys(['example_skip_dag']) retrieved from /home/airflow/.local/lib/python3.7/site-packages/airflow/example_dags/example_skip_dag.py
[2023-03-17T03:21:45.104+0000] {logging_mixin.py:137} INFO - [2023-03-17T03:21:45.104+0000] {dag.py:2693} INFO - Sync 1 DAGs
[2023-03-17T03:21:45.135+0000] {logging_mixin.py:137} INFO - [2023-03-17T03:21:45.135+0000] {dag.py:3444} INFO - Setting next_dagrun for example_skip_dag to 2023-03-16T03:21:45.135074+00:00, run_after=2023-03-17T03:21:45.135074+00:00
[2023-03-17T03:21:45.161+0000] {processor.py:175} INFO - Processing /home/airflow/.local/lib/python3.7/site-packages/airflow/example_dags/example_skip_dag.py took 0.112 seconds
[2023-03-17T03:22:15.345+0000] {processor.py:153} INFO - Started process (PID=5013) to work on /home/airflow/.local/lib/python3.7/site-packages/airflow/example_dags/example_skip_dag.py
[2023-03-17T03:22:15.346+0000] {processor.py:743} INFO - Processing file /home/airflow/.local/lib/python3.7/site-packages/airflow/example_dags/example_skip_dag.py for tasks to queue
[2023-03-17T03:22:15.348+0000] {logging_mixin.py:137} INFO - [2023-03-17T03:22:15.347+0000] {dagbag.py:532} INFO - Filling up the DagBag from /home/airflow/.local/lib/python3.7/site-packages/airflow/example_dags/example_skip_dag.py
[2023-03-17T03:22:15.363+0000] {processor.py:753} INFO - DAG(s) dict_keys(['example_skip_dag']) retrieved from /home/airflow/.local/lib/python3.7/site-packages/airflow/example_dags/example_skip_dag.py
[2023-03-17T03:22:15.394+0000] {logging_mixin.py:137} INFO - [2023-03-17T03:22:15.394+0000] {dag.py:2693} INFO - Sync 1 DAGs
[2023-03-17T03:22:15.425+0000] {logging_mixin.py:137} INFO - [2023-03-17T03:22:15.425+0000] {dag.py:3444} INFO - Setting next_dagrun for example_skip_dag to 2023-03-16T03:22:15.425444+00:00, run_after=2023-03-17T03:22:15.425444+00:00
[2023-03-17T03:22:15.451+0000] {processor.py:175} INFO - Processing /home/airflow/.local/lib/python3.7/site-packages/airflow/example_dags/example_skip_dag.py took 0.110 seconds
[2023-03-17T03:22:45.847+0000] {processor.py:153} INFO - Started process (PID=5232) to work on /home/airflow/.local/lib/python3.7/site-packages/airflow/example_dags/example_skip_dag.py
[2023-03-17T03:22:45.848+0000] {processor.py:743} INFO - Processing file /home/airflow/.local/lib/python3.7/site-packages/airflow/example_dags/example_skip_dag.py for tasks to queue
[2023-03-17T03:22:45.849+0000] {logging_mixin.py:137} INFO - [2023-03-17T03:22:45.849+0000] {dagbag.py:532} INFO - Filling up the DagBag from /home/airflow/.local/lib/python3.7/site-packages/airflow/example_dags/example_skip_dag.py
[2023-03-17T03:22:45.865+0000] {processor.py:753} INFO - DAG(s) dict_keys(['example_skip_dag']) retrieved from /home/airflow/.local/lib/python3.7/site-packages/airflow/example_dags/example_skip_dag.py
[2023-03-17T03:22:45.903+0000] {logging_mixin.py:137} INFO - [2023-03-17T03:22:45.903+0000] {dag.py:2693} INFO - Sync 1 DAGs
[2023-03-17T03:22:45.944+0000] {logging_mixin.py:137} INFO - [2023-03-17T03:22:45.944+0000] {dag.py:3444} INFO - Setting next_dagrun for example_skip_dag to 2023-03-16T03:22:45.944152+00:00, run_after=2023-03-17T03:22:45.944152+00:00
[2023-03-17T03:22:45.981+0000] {processor.py:175} INFO - Processing /home/airflow/.local/lib/python3.7/site-packages/airflow/example_dags/example_skip_dag.py took 0.137 seconds
[2023-03-17T03:23:16.197+0000] {processor.py:153} INFO - Started process (PID=5448) to work on /home/airflow/.local/lib/python3.7/site-packages/airflow/example_dags/example_skip_dag.py
[2023-03-17T03:23:16.198+0000] {processor.py:743} INFO - Processing file /home/airflow/.local/lib/python3.7/site-packages/airflow/example_dags/example_skip_dag.py for tasks to queue
[2023-03-17T03:23:16.199+0000] {logging_mixin.py:137} INFO - [2023-03-17T03:23:16.199+0000] {dagbag.py:532} INFO - Filling up the DagBag from /home/airflow/.local/lib/python3.7/site-packages/airflow/example_dags/example_skip_dag.py
[2023-03-17T03:23:16.216+0000] {processor.py:753} INFO - DAG(s) dict_keys(['example_skip_dag']) retrieved from /home/airflow/.local/lib/python3.7/site-packages/airflow/example_dags/example_skip_dag.py
[2023-03-17T03:23:16.248+0000] {logging_mixin.py:137} INFO - [2023-03-17T03:23:16.248+0000] {dag.py:2693} INFO - Sync 1 DAGs
[2023-03-17T03:23:16.279+0000] {logging_mixin.py:137} INFO - [2023-03-17T03:23:16.278+0000] {dag.py:3444} INFO - Setting next_dagrun for example_skip_dag to 2023-03-16T03:23:16.278644+00:00, run_after=2023-03-17T03:23:16.278644+00:00
[2023-03-17T03:23:16.305+0000] {processor.py:175} INFO - Processing /home/airflow/.local/lib/python3.7/site-packages/airflow/example_dags/example_skip_dag.py took 0.112 seconds
[2023-03-17T03:23:46.731+0000] {processor.py:153} INFO - Started process (PID=5665) to work on /home/airflow/.local/lib/python3.7/site-packages/airflow/example_dags/example_skip_dag.py
[2023-03-17T03:23:46.732+0000] {processor.py:743} INFO - Processing file /home/airflow/.local/lib/python3.7/site-packages/airflow/example_dags/example_skip_dag.py for tasks to queue
[2023-03-17T03:23:46.733+0000] {logging_mixin.py:137} INFO - [2023-03-17T03:23:46.733+0000] {dagbag.py:532} INFO - Filling up the DagBag from /home/airflow/.local/lib/python3.7/site-packages/airflow/example_dags/example_skip_dag.py
[2023-03-17T03:23:46.752+0000] {processor.py:753} INFO - DAG(s) dict_keys(['example_skip_dag']) retrieved from /home/airflow/.local/lib/python3.7/site-packages/airflow/example_dags/example_skip_dag.py
[2023-03-17T03:23:46.780+0000] {logging_mixin.py:137} INFO - [2023-03-17T03:23:46.780+0000] {dag.py:2693} INFO - Sync 1 DAGs
[2023-03-17T03:23:46.814+0000] {logging_mixin.py:137} INFO - [2023-03-17T03:23:46.814+0000] {dag.py:3444} INFO - Setting next_dagrun for example_skip_dag to 2023-03-16T03:23:46.814266+00:00, run_after=2023-03-17T03:23:46.814266+00:00
[2023-03-17T03:23:46.841+0000] {processor.py:175} INFO - Processing /home/airflow/.local/lib/python3.7/site-packages/airflow/example_dags/example_skip_dag.py took 0.114 seconds
[2023-03-17T03:24:17.094+0000] {processor.py:153} INFO - Started process (PID=5882) to work on /home/airflow/.local/lib/python3.7/site-packages/airflow/example_dags/example_skip_dag.py
[2023-03-17T03:24:17.096+0000] {processor.py:743} INFO - Processing file /home/airflow/.local/lib/python3.7/site-packages/airflow/example_dags/example_skip_dag.py for tasks to queue
[2023-03-17T03:24:17.097+0000] {logging_mixin.py:137} INFO - [2023-03-17T03:24:17.097+0000] {dagbag.py:532} INFO - Filling up the DagBag from /home/airflow/.local/lib/python3.7/site-packages/airflow/example_dags/example_skip_dag.py
[2023-03-17T03:24:17.117+0000] {processor.py:753} INFO - DAG(s) dict_keys(['example_skip_dag']) retrieved from /home/airflow/.local/lib/python3.7/site-packages/airflow/example_dags/example_skip_dag.py
[2023-03-17T03:24:17.152+0000] {logging_mixin.py:137} INFO - [2023-03-17T03:24:17.151+0000] {dag.py:2693} INFO - Sync 1 DAGs
[2023-03-17T03:24:17.187+0000] {logging_mixin.py:137} INFO - [2023-03-17T03:24:17.187+0000] {dag.py:3444} INFO - Setting next_dagrun for example_skip_dag to 2023-03-16T03:24:17.186880+00:00, run_after=2023-03-17T03:24:17.186880+00:00
[2023-03-17T03:24:17.216+0000] {processor.py:175} INFO - Processing /home/airflow/.local/lib/python3.7/site-packages/airflow/example_dags/example_skip_dag.py took 0.127 seconds
[2023-03-17T03:24:47.644+0000] {processor.py:153} INFO - Started process (PID=6099) to work on /home/airflow/.local/lib/python3.7/site-packages/airflow/example_dags/example_skip_dag.py
[2023-03-17T03:24:47.646+0000] {processor.py:743} INFO - Processing file /home/airflow/.local/lib/python3.7/site-packages/airflow/example_dags/example_skip_dag.py for tasks to queue
[2023-03-17T03:24:47.647+0000] {logging_mixin.py:137} INFO - [2023-03-17T03:24:47.646+0000] {dagbag.py:532} INFO - Filling up the DagBag from /home/airflow/.local/lib/python3.7/site-packages/airflow/example_dags/example_skip_dag.py
[2023-03-17T03:24:47.663+0000] {processor.py:753} INFO - DAG(s) dict_keys(['example_skip_dag']) retrieved from /home/airflow/.local/lib/python3.7/site-packages/airflow/example_dags/example_skip_dag.py
[2023-03-17T03:24:47.691+0000] {logging_mixin.py:137} INFO - [2023-03-17T03:24:47.691+0000] {dag.py:2693} INFO - Sync 1 DAGs
[2023-03-17T03:24:47.721+0000] {logging_mixin.py:137} INFO - [2023-03-17T03:24:47.721+0000] {dag.py:3444} INFO - Setting next_dagrun for example_skip_dag to 2023-03-16T03:24:47.721095+00:00, run_after=2023-03-17T03:24:47.721095+00:00
[2023-03-17T03:24:47.745+0000] {processor.py:175} INFO - Processing /home/airflow/.local/lib/python3.7/site-packages/airflow/example_dags/example_skip_dag.py took 0.105 seconds
[2023-03-17T03:25:17.958+0000] {processor.py:153} INFO - Started process (PID=6316) to work on /home/airflow/.local/lib/python3.7/site-packages/airflow/example_dags/example_skip_dag.py
[2023-03-17T03:25:17.959+0000] {processor.py:743} INFO - Processing file /home/airflow/.local/lib/python3.7/site-packages/airflow/example_dags/example_skip_dag.py for tasks to queue
[2023-03-17T03:25:17.960+0000] {logging_mixin.py:137} INFO - [2023-03-17T03:25:17.960+0000] {dagbag.py:532} INFO - Filling up the DagBag from /home/airflow/.local/lib/python3.7/site-packages/airflow/example_dags/example_skip_dag.py
[2023-03-17T03:25:17.976+0000] {processor.py:753} INFO - DAG(s) dict_keys(['example_skip_dag']) retrieved from /home/airflow/.local/lib/python3.7/site-packages/airflow/example_dags/example_skip_dag.py
[2023-03-17T03:25:18.007+0000] {logging_mixin.py:137} INFO - [2023-03-17T03:25:18.007+0000] {dag.py:2693} INFO - Sync 1 DAGs
[2023-03-17T03:25:18.041+0000] {logging_mixin.py:137} INFO - [2023-03-17T03:25:18.041+0000] {dag.py:3444} INFO - Setting next_dagrun for example_skip_dag to 2023-03-16T03:25:18.041056+00:00, run_after=2023-03-17T03:25:18.041056+00:00
[2023-03-17T03:25:18.069+0000] {processor.py:175} INFO - Processing /home/airflow/.local/lib/python3.7/site-packages/airflow/example_dags/example_skip_dag.py took 0.115 seconds
[2023-03-17T03:25:48.422+0000] {processor.py:153} INFO - Started process (PID=6533) to work on /home/airflow/.local/lib/python3.7/site-packages/airflow/example_dags/example_skip_dag.py
[2023-03-17T03:25:48.423+0000] {processor.py:743} INFO - Processing file /home/airflow/.local/lib/python3.7/site-packages/airflow/example_dags/example_skip_dag.py for tasks to queue
[2023-03-17T03:25:48.424+0000] {logging_mixin.py:137} INFO - [2023-03-17T03:25:48.424+0000] {dagbag.py:532} INFO - Filling up the DagBag from /home/airflow/.local/lib/python3.7/site-packages/airflow/example_dags/example_skip_dag.py
[2023-03-17T03:25:48.441+0000] {processor.py:753} INFO - DAG(s) dict_keys(['example_skip_dag']) retrieved from /home/airflow/.local/lib/python3.7/site-packages/airflow/example_dags/example_skip_dag.py
[2023-03-17T03:25:48.469+0000] {logging_mixin.py:137} INFO - [2023-03-17T03:25:48.469+0000] {dag.py:2693} INFO - Sync 1 DAGs
[2023-03-17T03:25:48.501+0000] {logging_mixin.py:137} INFO - [2023-03-17T03:25:48.501+0000] {dag.py:3444} INFO - Setting next_dagrun for example_skip_dag to 2023-03-16T03:25:48.500819+00:00, run_after=2023-03-17T03:25:48.500819+00:00
[2023-03-17T03:25:48.524+0000] {processor.py:175} INFO - Processing /home/airflow/.local/lib/python3.7/site-packages/airflow/example_dags/example_skip_dag.py took 0.106 seconds
[2023-03-17T03:26:18.869+0000] {processor.py:153} INFO - Started process (PID=6750) to work on /home/airflow/.local/lib/python3.7/site-packages/airflow/example_dags/example_skip_dag.py
[2023-03-17T03:26:18.870+0000] {processor.py:743} INFO - Processing file /home/airflow/.local/lib/python3.7/site-packages/airflow/example_dags/example_skip_dag.py for tasks to queue
[2023-03-17T03:26:18.871+0000] {logging_mixin.py:137} INFO - [2023-03-17T03:26:18.871+0000] {dagbag.py:532} INFO - Filling up the DagBag from /home/airflow/.local/lib/python3.7/site-packages/airflow/example_dags/example_skip_dag.py
[2023-03-17T03:26:18.887+0000] {processor.py:753} INFO - DAG(s) dict_keys(['example_skip_dag']) retrieved from /home/airflow/.local/lib/python3.7/site-packages/airflow/example_dags/example_skip_dag.py
[2023-03-17T03:26:18.917+0000] {logging_mixin.py:137} INFO - [2023-03-17T03:26:18.917+0000] {dag.py:2693} INFO - Sync 1 DAGs
[2023-03-17T03:26:18.950+0000] {logging_mixin.py:137} INFO - [2023-03-17T03:26:18.949+0000] {dag.py:3444} INFO - Setting next_dagrun for example_skip_dag to 2023-03-16T03:26:18.949595+00:00, run_after=2023-03-17T03:26:18.949595+00:00
[2023-03-17T03:26:18.977+0000] {processor.py:175} INFO - Processing /home/airflow/.local/lib/python3.7/site-packages/airflow/example_dags/example_skip_dag.py took 0.112 seconds
[2023-03-17T03:26:49.407+0000] {processor.py:153} INFO - Started process (PID=6967) to work on /home/airflow/.local/lib/python3.7/site-packages/airflow/example_dags/example_skip_dag.py
[2023-03-17T03:26:49.408+0000] {processor.py:743} INFO - Processing file /home/airflow/.local/lib/python3.7/site-packages/airflow/example_dags/example_skip_dag.py for tasks to queue
[2023-03-17T03:26:49.409+0000] {logging_mixin.py:137} INFO - [2023-03-17T03:26:49.409+0000] {dagbag.py:532} INFO - Filling up the DagBag from /home/airflow/.local/lib/python3.7/site-packages/airflow/example_dags/example_skip_dag.py
[2023-03-17T03:26:49.426+0000] {processor.py:753} INFO - DAG(s) dict_keys(['example_skip_dag']) retrieved from /home/airflow/.local/lib/python3.7/site-packages/airflow/example_dags/example_skip_dag.py
[2023-03-17T03:26:49.457+0000] {logging_mixin.py:137} INFO - [2023-03-17T03:26:49.456+0000] {dag.py:2693} INFO - Sync 1 DAGs
[2023-03-17T03:26:49.488+0000] {logging_mixin.py:137} INFO - [2023-03-17T03:26:49.488+0000] {dag.py:3444} INFO - Setting next_dagrun for example_skip_dag to 2023-03-16T03:26:49.488416+00:00, run_after=2023-03-17T03:26:49.488416+00:00
[2023-03-17T03:26:49.514+0000] {processor.py:175} INFO - Processing /home/airflow/.local/lib/python3.7/site-packages/airflow/example_dags/example_skip_dag.py took 0.111 seconds
[2023-03-17T03:27:19.743+0000] {processor.py:153} INFO - Started process (PID=7184) to work on /home/airflow/.local/lib/python3.7/site-packages/airflow/example_dags/example_skip_dag.py
[2023-03-17T03:27:19.745+0000] {processor.py:743} INFO - Processing file /home/airflow/.local/lib/python3.7/site-packages/airflow/example_dags/example_skip_dag.py for tasks to queue
[2023-03-17T03:27:19.746+0000] {logging_mixin.py:137} INFO - [2023-03-17T03:27:19.745+0000] {dagbag.py:532} INFO - Filling up the DagBag from /home/airflow/.local/lib/python3.7/site-packages/airflow/example_dags/example_skip_dag.py
[2023-03-17T03:27:19.763+0000] {processor.py:753} INFO - DAG(s) dict_keys(['example_skip_dag']) retrieved from /home/airflow/.local/lib/python3.7/site-packages/airflow/example_dags/example_skip_dag.py
[2023-03-17T03:27:19.794+0000] {logging_mixin.py:137} INFO - [2023-03-17T03:27:19.794+0000] {dag.py:2693} INFO - Sync 1 DAGs
[2023-03-17T03:27:19.830+0000] {logging_mixin.py:137} INFO - [2023-03-17T03:27:19.830+0000] {dag.py:3444} INFO - Setting next_dagrun for example_skip_dag to 2023-03-16T03:27:19.830229+00:00, run_after=2023-03-17T03:27:19.830229+00:00
[2023-03-17T03:27:19.855+0000] {processor.py:175} INFO - Processing /home/airflow/.local/lib/python3.7/site-packages/airflow/example_dags/example_skip_dag.py took 0.115 seconds
[2023-03-17T03:27:50.091+0000] {processor.py:153} INFO - Started process (PID=7401) to work on /home/airflow/.local/lib/python3.7/site-packages/airflow/example_dags/example_skip_dag.py
[2023-03-17T03:27:50.092+0000] {processor.py:743} INFO - Processing file /home/airflow/.local/lib/python3.7/site-packages/airflow/example_dags/example_skip_dag.py for tasks to queue
[2023-03-17T03:27:50.094+0000] {logging_mixin.py:137} INFO - [2023-03-17T03:27:50.093+0000] {dagbag.py:532} INFO - Filling up the DagBag from /home/airflow/.local/lib/python3.7/site-packages/airflow/example_dags/example_skip_dag.py
[2023-03-17T03:27:50.110+0000] {processor.py:753} INFO - DAG(s) dict_keys(['example_skip_dag']) retrieved from /home/airflow/.local/lib/python3.7/site-packages/airflow/example_dags/example_skip_dag.py
[2023-03-17T03:27:50.143+0000] {logging_mixin.py:137} INFO - [2023-03-17T03:27:50.143+0000] {dag.py:2693} INFO - Sync 1 DAGs
[2023-03-17T03:27:50.174+0000] {logging_mixin.py:137} INFO - [2023-03-17T03:27:50.173+0000] {dag.py:3444} INFO - Setting next_dagrun for example_skip_dag to 2023-03-16T03:27:50.173580+00:00, run_after=2023-03-17T03:27:50.173580+00:00
[2023-03-17T03:27:50.201+0000] {processor.py:175} INFO - Processing /home/airflow/.local/lib/python3.7/site-packages/airflow/example_dags/example_skip_dag.py took 0.115 seconds
[2023-03-17T03:28:20.478+0000] {processor.py:153} INFO - Started process (PID=7618) to work on /home/airflow/.local/lib/python3.7/site-packages/airflow/example_dags/example_skip_dag.py
[2023-03-17T03:28:20.479+0000] {processor.py:743} INFO - Processing file /home/airflow/.local/lib/python3.7/site-packages/airflow/example_dags/example_skip_dag.py for tasks to queue
[2023-03-17T03:28:20.480+0000] {logging_mixin.py:137} INFO - [2023-03-17T03:28:20.480+0000] {dagbag.py:532} INFO - Filling up the DagBag from /home/airflow/.local/lib/python3.7/site-packages/airflow/example_dags/example_skip_dag.py
[2023-03-17T03:28:20.498+0000] {processor.py:753} INFO - DAG(s) dict_keys(['example_skip_dag']) retrieved from /home/airflow/.local/lib/python3.7/site-packages/airflow/example_dags/example_skip_dag.py
[2023-03-17T03:28:20.531+0000] {logging_mixin.py:137} INFO - [2023-03-17T03:28:20.531+0000] {dag.py:2693} INFO - Sync 1 DAGs
[2023-03-17T03:28:20.562+0000] {logging_mixin.py:137} INFO - [2023-03-17T03:28:20.562+0000] {dag.py:3444} INFO - Setting next_dagrun for example_skip_dag to 2023-03-16T03:28:20.561768+00:00, run_after=2023-03-17T03:28:20.561768+00:00
[2023-03-17T03:28:20.588+0000] {processor.py:175} INFO - Processing /home/airflow/.local/lib/python3.7/site-packages/airflow/example_dags/example_skip_dag.py took 0.113 seconds
[2023-03-17T03:28:50.958+0000] {processor.py:153} INFO - Started process (PID=7835) to work on /home/airflow/.local/lib/python3.7/site-packages/airflow/example_dags/example_skip_dag.py
[2023-03-17T03:28:50.959+0000] {processor.py:743} INFO - Processing file /home/airflow/.local/lib/python3.7/site-packages/airflow/example_dags/example_skip_dag.py for tasks to queue
[2023-03-17T03:28:50.961+0000] {logging_mixin.py:137} INFO - [2023-03-17T03:28:50.960+0000] {dagbag.py:532} INFO - Filling up the DagBag from /home/airflow/.local/lib/python3.7/site-packages/airflow/example_dags/example_skip_dag.py
[2023-03-17T03:28:50.984+0000] {processor.py:753} INFO - DAG(s) dict_keys(['example_skip_dag']) retrieved from /home/airflow/.local/lib/python3.7/site-packages/airflow/example_dags/example_skip_dag.py
[2023-03-17T03:28:51.019+0000] {logging_mixin.py:137} INFO - [2023-03-17T03:28:51.018+0000] {dag.py:2693} INFO - Sync 1 DAGs
[2023-03-17T03:28:51.054+0000] {logging_mixin.py:137} INFO - [2023-03-17T03:28:51.054+0000] {dag.py:3444} INFO - Setting next_dagrun for example_skip_dag to 2023-03-16T03:28:51.053887+00:00, run_after=2023-03-17T03:28:51.053887+00:00
[2023-03-17T03:28:51.080+0000] {processor.py:175} INFO - Processing /home/airflow/.local/lib/python3.7/site-packages/airflow/example_dags/example_skip_dag.py took 0.126 seconds
[2023-03-17T03:29:21.214+0000] {processor.py:153} INFO - Started process (PID=8053) to work on /home/airflow/.local/lib/python3.7/site-packages/airflow/example_dags/example_skip_dag.py
[2023-03-17T03:29:21.215+0000] {processor.py:743} INFO - Processing file /home/airflow/.local/lib/python3.7/site-packages/airflow/example_dags/example_skip_dag.py for tasks to queue
[2023-03-17T03:29:21.216+0000] {logging_mixin.py:137} INFO - [2023-03-17T03:29:21.216+0000] {dagbag.py:532} INFO - Filling up the DagBag from /home/airflow/.local/lib/python3.7/site-packages/airflow/example_dags/example_skip_dag.py
[2023-03-17T03:29:21.236+0000] {processor.py:753} INFO - DAG(s) dict_keys(['example_skip_dag']) retrieved from /home/airflow/.local/lib/python3.7/site-packages/airflow/example_dags/example_skip_dag.py
[2023-03-17T03:29:21.271+0000] {logging_mixin.py:137} INFO - [2023-03-17T03:29:21.271+0000] {dag.py:2693} INFO - Sync 1 DAGs
[2023-03-17T03:29:21.312+0000] {logging_mixin.py:137} INFO - [2023-03-17T03:29:21.312+0000] {dag.py:3444} INFO - Setting next_dagrun for example_skip_dag to 2023-03-16T03:29:21.311988+00:00, run_after=2023-03-17T03:29:21.311988+00:00
[2023-03-17T03:29:21.344+0000] {processor.py:175} INFO - Processing /home/airflow/.local/lib/python3.7/site-packages/airflow/example_dags/example_skip_dag.py took 0.136 seconds
[2023-03-17T03:29:51.694+0000] {processor.py:153} INFO - Started process (PID=8270) to work on /home/airflow/.local/lib/python3.7/site-packages/airflow/example_dags/example_skip_dag.py
[2023-03-17T03:29:51.695+0000] {processor.py:743} INFO - Processing file /home/airflow/.local/lib/python3.7/site-packages/airflow/example_dags/example_skip_dag.py for tasks to queue
[2023-03-17T03:29:51.696+0000] {logging_mixin.py:137} INFO - [2023-03-17T03:29:51.696+0000] {dagbag.py:532} INFO - Filling up the DagBag from /home/airflow/.local/lib/python3.7/site-packages/airflow/example_dags/example_skip_dag.py
[2023-03-17T03:29:51.712+0000] {processor.py:753} INFO - DAG(s) dict_keys(['example_skip_dag']) retrieved from /home/airflow/.local/lib/python3.7/site-packages/airflow/example_dags/example_skip_dag.py
[2023-03-17T03:29:51.743+0000] {logging_mixin.py:137} INFO - [2023-03-17T03:29:51.743+0000] {dag.py:2693} INFO - Sync 1 DAGs
[2023-03-17T03:29:51.774+0000] {logging_mixin.py:137} INFO - [2023-03-17T03:29:51.774+0000] {dag.py:3444} INFO - Setting next_dagrun for example_skip_dag to 2023-03-16T03:29:51.774232+00:00, run_after=2023-03-17T03:29:51.774232+00:00
[2023-03-17T03:29:51.801+0000] {processor.py:175} INFO - Processing /home/airflow/.local/lib/python3.7/site-packages/airflow/example_dags/example_skip_dag.py took 0.111 seconds
[2023-03-17T03:30:21.997+0000] {processor.py:153} INFO - Started process (PID=8487) to work on /home/airflow/.local/lib/python3.7/site-packages/airflow/example_dags/example_skip_dag.py
[2023-03-17T03:30:21.998+0000] {processor.py:743} INFO - Processing file /home/airflow/.local/lib/python3.7/site-packages/airflow/example_dags/example_skip_dag.py for tasks to queue
[2023-03-17T03:30:21.999+0000] {logging_mixin.py:137} INFO - [2023-03-17T03:30:21.999+0000] {dagbag.py:532} INFO - Filling up the DagBag from /home/airflow/.local/lib/python3.7/site-packages/airflow/example_dags/example_skip_dag.py
[2023-03-17T03:30:22.015+0000] {processor.py:753} INFO - DAG(s) dict_keys(['example_skip_dag']) retrieved from /home/airflow/.local/lib/python3.7/site-packages/airflow/example_dags/example_skip_dag.py
[2023-03-17T03:30:22.052+0000] {logging_mixin.py:137} INFO - [2023-03-17T03:30:22.052+0000] {dag.py:2693} INFO - Sync 1 DAGs
[2023-03-17T03:30:22.091+0000] {logging_mixin.py:137} INFO - [2023-03-17T03:30:22.091+0000] {dag.py:3444} INFO - Setting next_dagrun for example_skip_dag to 2023-03-16T03:30:22.091173+00:00, run_after=2023-03-17T03:30:22.091173+00:00
[2023-03-17T03:30:22.118+0000] {processor.py:175} INFO - Processing /home/airflow/.local/lib/python3.7/site-packages/airflow/example_dags/example_skip_dag.py took 0.125 seconds
[2023-03-17T03:30:52.811+0000] {processor.py:153} INFO - Started process (PID=8704) to work on /home/airflow/.local/lib/python3.7/site-packages/airflow/example_dags/example_skip_dag.py
[2023-03-17T03:30:52.812+0000] {processor.py:743} INFO - Processing file /home/airflow/.local/lib/python3.7/site-packages/airflow/example_dags/example_skip_dag.py for tasks to queue
[2023-03-17T03:30:52.814+0000] {logging_mixin.py:137} INFO - [2023-03-17T03:30:52.814+0000] {dagbag.py:532} INFO - Filling up the DagBag from /home/airflow/.local/lib/python3.7/site-packages/airflow/example_dags/example_skip_dag.py
[2023-03-17T03:30:52.831+0000] {processor.py:753} INFO - DAG(s) dict_keys(['example_skip_dag']) retrieved from /home/airflow/.local/lib/python3.7/site-packages/airflow/example_dags/example_skip_dag.py
[2023-03-17T03:30:52.861+0000] {logging_mixin.py:137} INFO - [2023-03-17T03:30:52.861+0000] {dag.py:2693} INFO - Sync 1 DAGs
[2023-03-17T03:30:52.894+0000] {logging_mixin.py:137} INFO - [2023-03-17T03:30:52.894+0000] {dag.py:3444} INFO - Setting next_dagrun for example_skip_dag to 2023-03-16T03:30:52.894206+00:00, run_after=2023-03-17T03:30:52.894206+00:00
[2023-03-17T03:30:52.921+0000] {processor.py:175} INFO - Processing /home/airflow/.local/lib/python3.7/site-packages/airflow/example_dags/example_skip_dag.py took 0.114 seconds
[2023-03-17T03:31:23.147+0000] {processor.py:153} INFO - Started process (PID=8923) to work on /home/airflow/.local/lib/python3.7/site-packages/airflow/example_dags/example_skip_dag.py
[2023-03-17T03:31:23.148+0000] {processor.py:743} INFO - Processing file /home/airflow/.local/lib/python3.7/site-packages/airflow/example_dags/example_skip_dag.py for tasks to queue
[2023-03-17T03:31:23.149+0000] {logging_mixin.py:137} INFO - [2023-03-17T03:31:23.149+0000] {dagbag.py:532} INFO - Filling up the DagBag from /home/airflow/.local/lib/python3.7/site-packages/airflow/example_dags/example_skip_dag.py
[2023-03-17T03:31:23.164+0000] {processor.py:753} INFO - DAG(s) dict_keys(['example_skip_dag']) retrieved from /home/airflow/.local/lib/python3.7/site-packages/airflow/example_dags/example_skip_dag.py
[2023-03-17T03:31:23.193+0000] {logging_mixin.py:137} INFO - [2023-03-17T03:31:23.193+0000] {dag.py:2693} INFO - Sync 1 DAGs
[2023-03-17T03:31:23.225+0000] {logging_mixin.py:137} INFO - [2023-03-17T03:31:23.225+0000] {dag.py:3444} INFO - Setting next_dagrun for example_skip_dag to 2023-03-16T03:31:23.224865+00:00, run_after=2023-03-17T03:31:23.224865+00:00
[2023-03-17T03:31:23.249+0000] {processor.py:175} INFO - Processing /home/airflow/.local/lib/python3.7/site-packages/airflow/example_dags/example_skip_dag.py took 0.105 seconds
[2023-03-17T03:31:53.442+0000] {processor.py:153} INFO - Started process (PID=9138) to work on /home/airflow/.local/lib/python3.7/site-packages/airflow/example_dags/example_skip_dag.py
[2023-03-17T03:31:53.443+0000] {processor.py:743} INFO - Processing file /home/airflow/.local/lib/python3.7/site-packages/airflow/example_dags/example_skip_dag.py for tasks to queue
[2023-03-17T03:31:53.444+0000] {logging_mixin.py:137} INFO - [2023-03-17T03:31:53.444+0000] {dagbag.py:532} INFO - Filling up the DagBag from /home/airflow/.local/lib/python3.7/site-packages/airflow/example_dags/example_skip_dag.py
[2023-03-17T03:31:53.461+0000] {processor.py:753} INFO - DAG(s) dict_keys(['example_skip_dag']) retrieved from /home/airflow/.local/lib/python3.7/site-packages/airflow/example_dags/example_skip_dag.py
[2023-03-17T03:31:53.494+0000] {logging_mixin.py:137} INFO - [2023-03-17T03:31:53.494+0000] {dag.py:2693} INFO - Sync 1 DAGs
[2023-03-17T03:31:53.531+0000] {logging_mixin.py:137} INFO - [2023-03-17T03:31:53.531+0000] {dag.py:3444} INFO - Setting next_dagrun for example_skip_dag to 2023-03-16T03:31:53.531455+00:00, run_after=2023-03-17T03:31:53.531455+00:00
[2023-03-17T03:31:53.557+0000] {processor.py:175} INFO - Processing /home/airflow/.local/lib/python3.7/site-packages/airflow/example_dags/example_skip_dag.py took 0.119 seconds
[2023-03-17T03:32:23.954+0000] {processor.py:153} INFO - Started process (PID=9355) to work on /home/airflow/.local/lib/python3.7/site-packages/airflow/example_dags/example_skip_dag.py
[2023-03-17T03:32:23.955+0000] {processor.py:743} INFO - Processing file /home/airflow/.local/lib/python3.7/site-packages/airflow/example_dags/example_skip_dag.py for tasks to queue
[2023-03-17T03:32:23.956+0000] {logging_mixin.py:137} INFO - [2023-03-17T03:32:23.956+0000] {dagbag.py:532} INFO - Filling up the DagBag from /home/airflow/.local/lib/python3.7/site-packages/airflow/example_dags/example_skip_dag.py
[2023-03-17T03:32:23.975+0000] {processor.py:753} INFO - DAG(s) dict_keys(['example_skip_dag']) retrieved from /home/airflow/.local/lib/python3.7/site-packages/airflow/example_dags/example_skip_dag.py
[2023-03-17T03:32:24.004+0000] {logging_mixin.py:137} INFO - [2023-03-17T03:32:24.003+0000] {dag.py:2693} INFO - Sync 1 DAGs
[2023-03-17T03:32:24.034+0000] {logging_mixin.py:137} INFO - [2023-03-17T03:32:24.033+0000] {dag.py:3444} INFO - Setting next_dagrun for example_skip_dag to 2023-03-16T03:32:24.033745+00:00, run_after=2023-03-17T03:32:24.033745+00:00
[2023-03-17T03:32:24.060+0000] {processor.py:175} INFO - Processing /home/airflow/.local/lib/python3.7/site-packages/airflow/example_dags/example_skip_dag.py took 0.110 seconds
[2023-03-17T03:32:54.601+0000] {processor.py:153} INFO - Started process (PID=9572) to work on /home/airflow/.local/lib/python3.7/site-packages/airflow/example_dags/example_skip_dag.py
[2023-03-17T03:32:54.603+0000] {processor.py:743} INFO - Processing file /home/airflow/.local/lib/python3.7/site-packages/airflow/example_dags/example_skip_dag.py for tasks to queue
[2023-03-17T03:32:54.604+0000] {logging_mixin.py:137} INFO - [2023-03-17T03:32:54.603+0000] {dagbag.py:532} INFO - Filling up the DagBag from /home/airflow/.local/lib/python3.7/site-packages/airflow/example_dags/example_skip_dag.py
[2023-03-17T03:32:54.622+0000] {processor.py:753} INFO - DAG(s) dict_keys(['example_skip_dag']) retrieved from /home/airflow/.local/lib/python3.7/site-packages/airflow/example_dags/example_skip_dag.py
[2023-03-17T03:32:54.656+0000] {logging_mixin.py:137} INFO - [2023-03-17T03:32:54.656+0000] {dag.py:2693} INFO - Sync 1 DAGs
[2023-03-17T03:32:54.690+0000] {logging_mixin.py:137} INFO - [2023-03-17T03:32:54.690+0000] {dag.py:3444} INFO - Setting next_dagrun for example_skip_dag to 2023-03-16T03:32:54.690228+00:00, run_after=2023-03-17T03:32:54.690228+00:00
[2023-03-17T03:32:54.720+0000] {processor.py:175} INFO - Processing /home/airflow/.local/lib/python3.7/site-packages/airflow/example_dags/example_skip_dag.py took 0.122 seconds
[2023-03-17T03:33:25.411+0000] {processor.py:153} INFO - Started process (PID=9790) to work on /home/airflow/.local/lib/python3.7/site-packages/airflow/example_dags/example_skip_dag.py
[2023-03-17T03:33:25.412+0000] {processor.py:743} INFO - Processing file /home/airflow/.local/lib/python3.7/site-packages/airflow/example_dags/example_skip_dag.py for tasks to queue
[2023-03-17T03:33:25.414+0000] {logging_mixin.py:137} INFO - [2023-03-17T03:33:25.413+0000] {dagbag.py:532} INFO - Filling up the DagBag from /home/airflow/.local/lib/python3.7/site-packages/airflow/example_dags/example_skip_dag.py
[2023-03-17T03:33:25.430+0000] {processor.py:753} INFO - DAG(s) dict_keys(['example_skip_dag']) retrieved from /home/airflow/.local/lib/python3.7/site-packages/airflow/example_dags/example_skip_dag.py
[2023-03-17T03:33:25.461+0000] {logging_mixin.py:137} INFO - [2023-03-17T03:33:25.461+0000] {dag.py:2693} INFO - Sync 1 DAGs
[2023-03-17T03:33:25.494+0000] {logging_mixin.py:137} INFO - [2023-03-17T03:33:25.494+0000] {dag.py:3444} INFO - Setting next_dagrun for example_skip_dag to 2023-03-16T03:33:25.494059+00:00, run_after=2023-03-17T03:33:25.494059+00:00
[2023-03-17T03:33:25.522+0000] {processor.py:175} INFO - Processing /home/airflow/.local/lib/python3.7/site-packages/airflow/example_dags/example_skip_dag.py took 0.114 seconds
[2023-03-17T03:33:56.002+0000] {processor.py:153} INFO - Started process (PID=10007) to work on /home/airflow/.local/lib/python3.7/site-packages/airflow/example_dags/example_skip_dag.py
[2023-03-17T03:33:56.003+0000] {processor.py:743} INFO - Processing file /home/airflow/.local/lib/python3.7/site-packages/airflow/example_dags/example_skip_dag.py for tasks to queue
[2023-03-17T03:33:56.004+0000] {logging_mixin.py:137} INFO - [2023-03-17T03:33:56.004+0000] {dagbag.py:532} INFO - Filling up the DagBag from /home/airflow/.local/lib/python3.7/site-packages/airflow/example_dags/example_skip_dag.py
[2023-03-17T03:33:56.024+0000] {processor.py:753} INFO - DAG(s) dict_keys(['example_skip_dag']) retrieved from /home/airflow/.local/lib/python3.7/site-packages/airflow/example_dags/example_skip_dag.py
[2023-03-17T03:33:56.059+0000] {logging_mixin.py:137} INFO - [2023-03-17T03:33:56.059+0000] {dag.py:2693} INFO - Sync 1 DAGs
[2023-03-17T03:33:56.089+0000] {logging_mixin.py:137} INFO - [2023-03-17T03:33:56.089+0000] {dag.py:3444} INFO - Setting next_dagrun for example_skip_dag to 2023-03-16T03:33:56.089228+00:00, run_after=2023-03-17T03:33:56.089228+00:00
[2023-03-17T03:33:56.114+0000] {processor.py:175} INFO - Processing /home/airflow/.local/lib/python3.7/site-packages/airflow/example_dags/example_skip_dag.py took 0.118 seconds
[2023-03-17T03:34:26.454+0000] {processor.py:153} INFO - Started process (PID=10227) to work on /home/airflow/.local/lib/python3.7/site-packages/airflow/example_dags/example_skip_dag.py
[2023-03-17T03:34:26.455+0000] {processor.py:743} INFO - Processing file /home/airflow/.local/lib/python3.7/site-packages/airflow/example_dags/example_skip_dag.py for tasks to queue
[2023-03-17T03:34:26.456+0000] {logging_mixin.py:137} INFO - [2023-03-17T03:34:26.455+0000] {dagbag.py:532} INFO - Filling up the DagBag from /home/airflow/.local/lib/python3.7/site-packages/airflow/example_dags/example_skip_dag.py
[2023-03-17T03:34:26.472+0000] {processor.py:753} INFO - DAG(s) dict_keys(['example_skip_dag']) retrieved from /home/airflow/.local/lib/python3.7/site-packages/airflow/example_dags/example_skip_dag.py
[2023-03-17T03:34:26.502+0000] {logging_mixin.py:137} INFO - [2023-03-17T03:34:26.502+0000] {dag.py:2693} INFO - Sync 1 DAGs
[2023-03-17T03:34:26.535+0000] {logging_mixin.py:137} INFO - [2023-03-17T03:34:26.535+0000] {dag.py:3444} INFO - Setting next_dagrun for example_skip_dag to 2023-03-16T03:34:26.534949+00:00, run_after=2023-03-17T03:34:26.534949+00:00
[2023-03-17T03:34:26.567+0000] {processor.py:175} INFO - Processing /home/airflow/.local/lib/python3.7/site-packages/airflow/example_dags/example_skip_dag.py took 0.117 seconds
