[2023-03-17T03:10:58.494+0000] {processor.py:153} INFO - Started process (PID=180) to work on /home/airflow/.local/lib/python3.7/site-packages/airflow/example_dags/example_short_circuit_operator.py
[2023-03-17T03:10:58.497+0000] {processor.py:743} INFO - Processing file /home/airflow/.local/lib/python3.7/site-packages/airflow/example_dags/example_short_circuit_operator.py for tasks to queue
[2023-03-17T03:10:58.499+0000] {logging_mixin.py:137} INFO - [2023-03-17T03:10:58.499+0000] {dagbag.py:532} INFO - Filling up the DagBag from /home/airflow/.local/lib/python3.7/site-packages/airflow/example_dags/example_short_circuit_operator.py
[2023-03-17T03:10:58.541+0000] {processor.py:753} INFO - DAG(s) dict_keys(['example_short_circuit_operator']) retrieved from /home/airflow/.local/lib/python3.7/site-packages/airflow/example_dags/example_short_circuit_operator.py
[2023-03-17T03:10:58.599+0000] {logging_mixin.py:137} INFO - [2023-03-17T03:10:58.599+0000] {dag.py:2693} INFO - Sync 1 DAGs
[2023-03-17T03:10:58.650+0000] {logging_mixin.py:137} INFO - [2023-03-17T03:10:58.650+0000] {dag.py:3444} INFO - Setting next_dagrun for example_short_circuit_operator to 2023-03-16T03:10:58.649904+00:00, run_after=2023-03-17T03:10:58.649904+00:00
[2023-03-17T03:10:58.694+0000] {processor.py:175} INFO - Processing /home/airflow/.local/lib/python3.7/site-packages/airflow/example_dags/example_short_circuit_operator.py took 0.207 seconds
[2023-03-17T03:11:30.999+0000] {processor.py:153} INFO - Started process (PID=397) to work on /home/airflow/.local/lib/python3.7/site-packages/airflow/example_dags/example_short_circuit_operator.py
[2023-03-17T03:11:31.002+0000] {processor.py:743} INFO - Processing file /home/airflow/.local/lib/python3.7/site-packages/airflow/example_dags/example_short_circuit_operator.py for tasks to queue
[2023-03-17T03:11:31.004+0000] {logging_mixin.py:137} INFO - [2023-03-17T03:11:31.004+0000] {dagbag.py:532} INFO - Filling up the DagBag from /home/airflow/.local/lib/python3.7/site-packages/airflow/example_dags/example_short_circuit_operator.py
[2023-03-17T03:11:31.042+0000] {processor.py:753} INFO - DAG(s) dict_keys(['example_short_circuit_operator']) retrieved from /home/airflow/.local/lib/python3.7/site-packages/airflow/example_dags/example_short_circuit_operator.py
[2023-03-17T03:11:31.103+0000] {logging_mixin.py:137} INFO - [2023-03-17T03:11:31.102+0000] {dag.py:2693} INFO - Sync 1 DAGs
[2023-03-17T03:11:31.152+0000] {logging_mixin.py:137} INFO - [2023-03-17T03:11:31.152+0000] {dag.py:3444} INFO - Setting next_dagrun for example_short_circuit_operator to 2023-03-16T03:11:31.151778+00:00, run_after=2023-03-17T03:11:31.151778+00:00
[2023-03-17T03:11:31.185+0000] {processor.py:175} INFO - Processing /home/airflow/.local/lib/python3.7/site-packages/airflow/example_dags/example_short_circuit_operator.py took 0.190 seconds
[2023-03-17T03:12:02.913+0000] {processor.py:153} INFO - Started process (PID=614) to work on /home/airflow/.local/lib/python3.7/site-packages/airflow/example_dags/example_short_circuit_operator.py
[2023-03-17T03:12:02.914+0000] {processor.py:743} INFO - Processing file /home/airflow/.local/lib/python3.7/site-packages/airflow/example_dags/example_short_circuit_operator.py for tasks to queue
[2023-03-17T03:12:02.916+0000] {logging_mixin.py:137} INFO - [2023-03-17T03:12:02.915+0000] {dagbag.py:532} INFO - Filling up the DagBag from /home/airflow/.local/lib/python3.7/site-packages/airflow/example_dags/example_short_circuit_operator.py
[2023-03-17T03:12:02.938+0000] {processor.py:753} INFO - DAG(s) dict_keys(['example_short_circuit_operator']) retrieved from /home/airflow/.local/lib/python3.7/site-packages/airflow/example_dags/example_short_circuit_operator.py
[2023-03-17T03:12:02.985+0000] {logging_mixin.py:137} INFO - [2023-03-17T03:12:02.984+0000] {dag.py:2693} INFO - Sync 1 DAGs
[2023-03-17T03:12:03.023+0000] {logging_mixin.py:137} INFO - [2023-03-17T03:12:03.022+0000] {dag.py:3444} INFO - Setting next_dagrun for example_short_circuit_operator to 2023-03-16T03:12:03.022533+00:00, run_after=2023-03-17T03:12:03.022533+00:00
[2023-03-17T03:12:03.058+0000] {processor.py:175} INFO - Processing /home/airflow/.local/lib/python3.7/site-packages/airflow/example_dags/example_short_circuit_operator.py took 0.149 seconds
[2023-03-17T03:12:33.247+0000] {processor.py:153} INFO - Started process (PID=831) to work on /home/airflow/.local/lib/python3.7/site-packages/airflow/example_dags/example_short_circuit_operator.py
[2023-03-17T03:12:33.248+0000] {processor.py:743} INFO - Processing file /home/airflow/.local/lib/python3.7/site-packages/airflow/example_dags/example_short_circuit_operator.py for tasks to queue
[2023-03-17T03:12:33.249+0000] {logging_mixin.py:137} INFO - [2023-03-17T03:12:33.249+0000] {dagbag.py:532} INFO - Filling up the DagBag from /home/airflow/.local/lib/python3.7/site-packages/airflow/example_dags/example_short_circuit_operator.py
[2023-03-17T03:12:33.268+0000] {processor.py:753} INFO - DAG(s) dict_keys(['example_short_circuit_operator']) retrieved from /home/airflow/.local/lib/python3.7/site-packages/airflow/example_dags/example_short_circuit_operator.py
[2023-03-17T03:12:33.301+0000] {logging_mixin.py:137} INFO - [2023-03-17T03:12:33.301+0000] {dag.py:2693} INFO - Sync 1 DAGs
[2023-03-17T03:12:33.333+0000] {logging_mixin.py:137} INFO - [2023-03-17T03:12:33.332+0000] {dag.py:3444} INFO - Setting next_dagrun for example_short_circuit_operator to 2023-03-16T03:12:33.332720+00:00, run_after=2023-03-17T03:12:33.332720+00:00
[2023-03-17T03:12:33.358+0000] {processor.py:175} INFO - Processing /home/airflow/.local/lib/python3.7/site-packages/airflow/example_dags/example_short_circuit_operator.py took 0.114 seconds
[2023-03-17T03:13:03.982+0000] {processor.py:153} INFO - Started process (PID=1055) to work on /home/airflow/.local/lib/python3.7/site-packages/airflow/example_dags/example_short_circuit_operator.py
[2023-03-17T03:13:03.983+0000] {processor.py:743} INFO - Processing file /home/airflow/.local/lib/python3.7/site-packages/airflow/example_dags/example_short_circuit_operator.py for tasks to queue
[2023-03-17T03:13:03.984+0000] {logging_mixin.py:137} INFO - [2023-03-17T03:13:03.984+0000] {dagbag.py:532} INFO - Filling up the DagBag from /home/airflow/.local/lib/python3.7/site-packages/airflow/example_dags/example_short_circuit_operator.py
[2023-03-17T03:13:04.005+0000] {processor.py:753} INFO - DAG(s) dict_keys(['example_short_circuit_operator']) retrieved from /home/airflow/.local/lib/python3.7/site-packages/airflow/example_dags/example_short_circuit_operator.py
[2023-03-17T03:13:04.047+0000] {logging_mixin.py:137} INFO - [2023-03-17T03:13:04.047+0000] {dag.py:2693} INFO - Sync 1 DAGs
[2023-03-17T03:13:04.082+0000] {logging_mixin.py:137} INFO - [2023-03-17T03:13:04.082+0000] {dag.py:3444} INFO - Setting next_dagrun for example_short_circuit_operator to 2023-03-16T03:13:04.082411+00:00, run_after=2023-03-17T03:13:04.082411+00:00
[2023-03-17T03:13:04.109+0000] {processor.py:175} INFO - Processing /home/airflow/.local/lib/python3.7/site-packages/airflow/example_dags/example_short_circuit_operator.py took 0.130 seconds
[2023-03-17T03:13:34.821+0000] {processor.py:153} INFO - Started process (PID=1272) to work on /home/airflow/.local/lib/python3.7/site-packages/airflow/example_dags/example_short_circuit_operator.py
[2023-03-17T03:13:34.822+0000] {processor.py:743} INFO - Processing file /home/airflow/.local/lib/python3.7/site-packages/airflow/example_dags/example_short_circuit_operator.py for tasks to queue
[2023-03-17T03:13:34.823+0000] {logging_mixin.py:137} INFO - [2023-03-17T03:13:34.823+0000] {dagbag.py:532} INFO - Filling up the DagBag from /home/airflow/.local/lib/python3.7/site-packages/airflow/example_dags/example_short_circuit_operator.py
[2023-03-17T03:13:34.843+0000] {processor.py:753} INFO - DAG(s) dict_keys(['example_short_circuit_operator']) retrieved from /home/airflow/.local/lib/python3.7/site-packages/airflow/example_dags/example_short_circuit_operator.py
[2023-03-17T03:13:34.883+0000] {logging_mixin.py:137} INFO - [2023-03-17T03:13:34.882+0000] {dag.py:2693} INFO - Sync 1 DAGs
[2023-03-17T03:13:34.914+0000] {logging_mixin.py:137} INFO - [2023-03-17T03:13:34.913+0000] {dag.py:3444} INFO - Setting next_dagrun for example_short_circuit_operator to 2023-03-16T03:13:34.913429+00:00, run_after=2023-03-17T03:13:34.913429+00:00
[2023-03-17T03:13:34.939+0000] {processor.py:175} INFO - Processing /home/airflow/.local/lib/python3.7/site-packages/airflow/example_dags/example_short_circuit_operator.py took 0.122 seconds
[2023-03-17T03:14:05.304+0000] {processor.py:153} INFO - Started process (PID=1489) to work on /home/airflow/.local/lib/python3.7/site-packages/airflow/example_dags/example_short_circuit_operator.py
[2023-03-17T03:14:05.306+0000] {processor.py:743} INFO - Processing file /home/airflow/.local/lib/python3.7/site-packages/airflow/example_dags/example_short_circuit_operator.py for tasks to queue
[2023-03-17T03:14:05.307+0000] {logging_mixin.py:137} INFO - [2023-03-17T03:14:05.307+0000] {dagbag.py:532} INFO - Filling up the DagBag from /home/airflow/.local/lib/python3.7/site-packages/airflow/example_dags/example_short_circuit_operator.py
[2023-03-17T03:14:05.325+0000] {processor.py:753} INFO - DAG(s) dict_keys(['example_short_circuit_operator']) retrieved from /home/airflow/.local/lib/python3.7/site-packages/airflow/example_dags/example_short_circuit_operator.py
[2023-03-17T03:14:05.358+0000] {logging_mixin.py:137} INFO - [2023-03-17T03:14:05.358+0000] {dag.py:2693} INFO - Sync 1 DAGs
[2023-03-17T03:14:05.390+0000] {logging_mixin.py:137} INFO - [2023-03-17T03:14:05.390+0000] {dag.py:3444} INFO - Setting next_dagrun for example_short_circuit_operator to 2023-03-16T03:14:05.390198+00:00, run_after=2023-03-17T03:14:05.390198+00:00
[2023-03-17T03:14:05.418+0000] {processor.py:175} INFO - Processing /home/airflow/.local/lib/python3.7/site-packages/airflow/example_dags/example_short_circuit_operator.py took 0.118 seconds
[2023-03-17T03:14:35.636+0000] {processor.py:153} INFO - Started process (PID=1706) to work on /home/airflow/.local/lib/python3.7/site-packages/airflow/example_dags/example_short_circuit_operator.py
[2023-03-17T03:14:35.637+0000] {processor.py:743} INFO - Processing file /home/airflow/.local/lib/python3.7/site-packages/airflow/example_dags/example_short_circuit_operator.py for tasks to queue
[2023-03-17T03:14:35.638+0000] {logging_mixin.py:137} INFO - [2023-03-17T03:14:35.638+0000] {dagbag.py:532} INFO - Filling up the DagBag from /home/airflow/.local/lib/python3.7/site-packages/airflow/example_dags/example_short_circuit_operator.py
[2023-03-17T03:14:35.656+0000] {processor.py:753} INFO - DAG(s) dict_keys(['example_short_circuit_operator']) retrieved from /home/airflow/.local/lib/python3.7/site-packages/airflow/example_dags/example_short_circuit_operator.py
[2023-03-17T03:14:35.690+0000] {logging_mixin.py:137} INFO - [2023-03-17T03:14:35.689+0000] {dag.py:2693} INFO - Sync 1 DAGs
[2023-03-17T03:14:35.721+0000] {logging_mixin.py:137} INFO - [2023-03-17T03:14:35.721+0000] {dag.py:3444} INFO - Setting next_dagrun for example_short_circuit_operator to 2023-03-16T03:14:35.721558+00:00, run_after=2023-03-17T03:14:35.721558+00:00
[2023-03-17T03:14:35.748+0000] {processor.py:175} INFO - Processing /home/airflow/.local/lib/python3.7/site-packages/airflow/example_dags/example_short_circuit_operator.py took 0.116 seconds
[2023-03-17T03:15:06.206+0000] {processor.py:153} INFO - Started process (PID=1923) to work on /home/airflow/.local/lib/python3.7/site-packages/airflow/example_dags/example_short_circuit_operator.py
[2023-03-17T03:15:06.207+0000] {processor.py:743} INFO - Processing file /home/airflow/.local/lib/python3.7/site-packages/airflow/example_dags/example_short_circuit_operator.py for tasks to queue
[2023-03-17T03:15:06.209+0000] {logging_mixin.py:137} INFO - [2023-03-17T03:15:06.208+0000] {dagbag.py:532} INFO - Filling up the DagBag from /home/airflow/.local/lib/python3.7/site-packages/airflow/example_dags/example_short_circuit_operator.py
[2023-03-17T03:15:06.227+0000] {processor.py:753} INFO - DAG(s) dict_keys(['example_short_circuit_operator']) retrieved from /home/airflow/.local/lib/python3.7/site-packages/airflow/example_dags/example_short_circuit_operator.py
[2023-03-17T03:15:06.262+0000] {logging_mixin.py:137} INFO - [2023-03-17T03:15:06.262+0000] {dag.py:2693} INFO - Sync 1 DAGs
[2023-03-17T03:15:06.296+0000] {logging_mixin.py:137} INFO - [2023-03-17T03:15:06.296+0000] {dag.py:3444} INFO - Setting next_dagrun for example_short_circuit_operator to 2023-03-16T03:15:06.296291+00:00, run_after=2023-03-17T03:15:06.296291+00:00
[2023-03-17T03:15:06.324+0000] {processor.py:175} INFO - Processing /home/airflow/.local/lib/python3.7/site-packages/airflow/example_dags/example_short_circuit_operator.py took 0.122 seconds
[2023-03-17T03:15:36.791+0000] {processor.py:153} INFO - Started process (PID=2140) to work on /home/airflow/.local/lib/python3.7/site-packages/airflow/example_dags/example_short_circuit_operator.py
[2023-03-17T03:15:36.792+0000] {processor.py:743} INFO - Processing file /home/airflow/.local/lib/python3.7/site-packages/airflow/example_dags/example_short_circuit_operator.py for tasks to queue
[2023-03-17T03:15:36.793+0000] {logging_mixin.py:137} INFO - [2023-03-17T03:15:36.793+0000] {dagbag.py:532} INFO - Filling up the DagBag from /home/airflow/.local/lib/python3.7/site-packages/airflow/example_dags/example_short_circuit_operator.py
[2023-03-17T03:15:36.811+0000] {processor.py:753} INFO - DAG(s) dict_keys(['example_short_circuit_operator']) retrieved from /home/airflow/.local/lib/python3.7/site-packages/airflow/example_dags/example_short_circuit_operator.py
[2023-03-17T03:15:36.846+0000] {logging_mixin.py:137} INFO - [2023-03-17T03:15:36.845+0000] {dag.py:2693} INFO - Sync 1 DAGs
[2023-03-17T03:15:36.879+0000] {logging_mixin.py:137} INFO - [2023-03-17T03:15:36.879+0000] {dag.py:3444} INFO - Setting next_dagrun for example_short_circuit_operator to 2023-03-16T03:15:36.879030+00:00, run_after=2023-03-17T03:15:36.879030+00:00
[2023-03-17T03:15:36.905+0000] {processor.py:175} INFO - Processing /home/airflow/.local/lib/python3.7/site-packages/airflow/example_dags/example_short_circuit_operator.py took 0.117 seconds
[2023-03-17T03:16:07.229+0000] {processor.py:153} INFO - Started process (PID=2358) to work on /home/airflow/.local/lib/python3.7/site-packages/airflow/example_dags/example_short_circuit_operator.py
[2023-03-17T03:16:07.230+0000] {processor.py:743} INFO - Processing file /home/airflow/.local/lib/python3.7/site-packages/airflow/example_dags/example_short_circuit_operator.py for tasks to queue
[2023-03-17T03:16:07.231+0000] {logging_mixin.py:137} INFO - [2023-03-17T03:16:07.231+0000] {dagbag.py:532} INFO - Filling up the DagBag from /home/airflow/.local/lib/python3.7/site-packages/airflow/example_dags/example_short_circuit_operator.py
[2023-03-17T03:16:07.250+0000] {processor.py:753} INFO - DAG(s) dict_keys(['example_short_circuit_operator']) retrieved from /home/airflow/.local/lib/python3.7/site-packages/airflow/example_dags/example_short_circuit_operator.py
[2023-03-17T03:16:07.284+0000] {logging_mixin.py:137} INFO - [2023-03-17T03:16:07.283+0000] {dag.py:2693} INFO - Sync 1 DAGs
[2023-03-17T03:16:07.319+0000] {logging_mixin.py:137} INFO - [2023-03-17T03:16:07.319+0000] {dag.py:3444} INFO - Setting next_dagrun for example_short_circuit_operator to 2023-03-16T03:16:07.318911+00:00, run_after=2023-03-17T03:16:07.318911+00:00
[2023-03-17T03:16:07.345+0000] {processor.py:175} INFO - Processing /home/airflow/.local/lib/python3.7/site-packages/airflow/example_dags/example_short_circuit_operator.py took 0.119 seconds
[2023-03-17T03:16:37.914+0000] {processor.py:153} INFO - Started process (PID=2575) to work on /home/airflow/.local/lib/python3.7/site-packages/airflow/example_dags/example_short_circuit_operator.py
[2023-03-17T03:16:37.915+0000] {processor.py:743} INFO - Processing file /home/airflow/.local/lib/python3.7/site-packages/airflow/example_dags/example_short_circuit_operator.py for tasks to queue
[2023-03-17T03:16:37.916+0000] {logging_mixin.py:137} INFO - [2023-03-17T03:16:37.916+0000] {dagbag.py:532} INFO - Filling up the DagBag from /home/airflow/.local/lib/python3.7/site-packages/airflow/example_dags/example_short_circuit_operator.py
[2023-03-17T03:16:37.934+0000] {processor.py:753} INFO - DAG(s) dict_keys(['example_short_circuit_operator']) retrieved from /home/airflow/.local/lib/python3.7/site-packages/airflow/example_dags/example_short_circuit_operator.py
[2023-03-17T03:16:37.967+0000] {logging_mixin.py:137} INFO - [2023-03-17T03:16:37.967+0000] {dag.py:2693} INFO - Sync 1 DAGs
[2023-03-17T03:16:38.000+0000] {logging_mixin.py:137} INFO - [2023-03-17T03:16:38.000+0000] {dag.py:3444} INFO - Setting next_dagrun for example_short_circuit_operator to 2023-03-16T03:16:38.000242+00:00, run_after=2023-03-17T03:16:38.000242+00:00
[2023-03-17T03:16:38.024+0000] {processor.py:175} INFO - Processing /home/airflow/.local/lib/python3.7/site-packages/airflow/example_dags/example_short_circuit_operator.py took 0.114 seconds
[2023-03-17T03:17:08.421+0000] {processor.py:153} INFO - Started process (PID=2792) to work on /home/airflow/.local/lib/python3.7/site-packages/airflow/example_dags/example_short_circuit_operator.py
[2023-03-17T03:17:08.423+0000] {processor.py:743} INFO - Processing file /home/airflow/.local/lib/python3.7/site-packages/airflow/example_dags/example_short_circuit_operator.py for tasks to queue
[2023-03-17T03:17:08.424+0000] {logging_mixin.py:137} INFO - [2023-03-17T03:17:08.424+0000] {dagbag.py:532} INFO - Filling up the DagBag from /home/airflow/.local/lib/python3.7/site-packages/airflow/example_dags/example_short_circuit_operator.py
[2023-03-17T03:17:08.442+0000] {processor.py:753} INFO - DAG(s) dict_keys(['example_short_circuit_operator']) retrieved from /home/airflow/.local/lib/python3.7/site-packages/airflow/example_dags/example_short_circuit_operator.py
[2023-03-17T03:17:08.476+0000] {logging_mixin.py:137} INFO - [2023-03-17T03:17:08.475+0000] {dag.py:2693} INFO - Sync 1 DAGs
[2023-03-17T03:17:08.508+0000] {logging_mixin.py:137} INFO - [2023-03-17T03:17:08.507+0000] {dag.py:3444} INFO - Setting next_dagrun for example_short_circuit_operator to 2023-03-16T03:17:08.507516+00:00, run_after=2023-03-17T03:17:08.507516+00:00
[2023-03-17T03:17:08.533+0000] {processor.py:175} INFO - Processing /home/airflow/.local/lib/python3.7/site-packages/airflow/example_dags/example_short_circuit_operator.py took 0.115 seconds
[2023-03-17T03:17:38.784+0000] {processor.py:153} INFO - Started process (PID=3009) to work on /home/airflow/.local/lib/python3.7/site-packages/airflow/example_dags/example_short_circuit_operator.py
[2023-03-17T03:17:38.786+0000] {processor.py:743} INFO - Processing file /home/airflow/.local/lib/python3.7/site-packages/airflow/example_dags/example_short_circuit_operator.py for tasks to queue
[2023-03-17T03:17:38.787+0000] {logging_mixin.py:137} INFO - [2023-03-17T03:17:38.786+0000] {dagbag.py:532} INFO - Filling up the DagBag from /home/airflow/.local/lib/python3.7/site-packages/airflow/example_dags/example_short_circuit_operator.py
[2023-03-17T03:17:38.805+0000] {processor.py:753} INFO - DAG(s) dict_keys(['example_short_circuit_operator']) retrieved from /home/airflow/.local/lib/python3.7/site-packages/airflow/example_dags/example_short_circuit_operator.py
[2023-03-17T03:17:38.840+0000] {logging_mixin.py:137} INFO - [2023-03-17T03:17:38.840+0000] {dag.py:2693} INFO - Sync 1 DAGs
[2023-03-17T03:17:38.872+0000] {logging_mixin.py:137} INFO - [2023-03-17T03:17:38.871+0000] {dag.py:3444} INFO - Setting next_dagrun for example_short_circuit_operator to 2023-03-16T03:17:38.871688+00:00, run_after=2023-03-17T03:17:38.871688+00:00
[2023-03-17T03:17:38.898+0000] {processor.py:175} INFO - Processing /home/airflow/.local/lib/python3.7/site-packages/airflow/example_dags/example_short_circuit_operator.py took 0.117 seconds
[2023-03-17T03:18:09.267+0000] {processor.py:153} INFO - Started process (PID=3226) to work on /home/airflow/.local/lib/python3.7/site-packages/airflow/example_dags/example_short_circuit_operator.py
[2023-03-17T03:18:09.268+0000] {processor.py:743} INFO - Processing file /home/airflow/.local/lib/python3.7/site-packages/airflow/example_dags/example_short_circuit_operator.py for tasks to queue
[2023-03-17T03:18:09.269+0000] {logging_mixin.py:137} INFO - [2023-03-17T03:18:09.269+0000] {dagbag.py:532} INFO - Filling up the DagBag from /home/airflow/.local/lib/python3.7/site-packages/airflow/example_dags/example_short_circuit_operator.py
[2023-03-17T03:18:09.288+0000] {processor.py:753} INFO - DAG(s) dict_keys(['example_short_circuit_operator']) retrieved from /home/airflow/.local/lib/python3.7/site-packages/airflow/example_dags/example_short_circuit_operator.py
[2023-03-17T03:18:09.321+0000] {logging_mixin.py:137} INFO - [2023-03-17T03:18:09.321+0000] {dag.py:2693} INFO - Sync 1 DAGs
[2023-03-17T03:18:09.356+0000] {logging_mixin.py:137} INFO - [2023-03-17T03:18:09.356+0000] {dag.py:3444} INFO - Setting next_dagrun for example_short_circuit_operator to 2023-03-16T03:18:09.356504+00:00, run_after=2023-03-17T03:18:09.356504+00:00
[2023-03-17T03:18:09.384+0000] {processor.py:175} INFO - Processing /home/airflow/.local/lib/python3.7/site-packages/airflow/example_dags/example_short_circuit_operator.py took 0.121 seconds
[2023-03-17T03:18:39.777+0000] {processor.py:153} INFO - Started process (PID=3444) to work on /home/airflow/.local/lib/python3.7/site-packages/airflow/example_dags/example_short_circuit_operator.py
[2023-03-17T03:18:39.778+0000] {processor.py:743} INFO - Processing file /home/airflow/.local/lib/python3.7/site-packages/airflow/example_dags/example_short_circuit_operator.py for tasks to queue
[2023-03-17T03:18:39.779+0000] {logging_mixin.py:137} INFO - [2023-03-17T03:18:39.779+0000] {dagbag.py:532} INFO - Filling up the DagBag from /home/airflow/.local/lib/python3.7/site-packages/airflow/example_dags/example_short_circuit_operator.py
[2023-03-17T03:18:39.798+0000] {processor.py:753} INFO - DAG(s) dict_keys(['example_short_circuit_operator']) retrieved from /home/airflow/.local/lib/python3.7/site-packages/airflow/example_dags/example_short_circuit_operator.py
[2023-03-17T03:18:39.832+0000] {logging_mixin.py:137} INFO - [2023-03-17T03:18:39.832+0000] {dag.py:2693} INFO - Sync 1 DAGs
[2023-03-17T03:18:39.867+0000] {logging_mixin.py:137} INFO - [2023-03-17T03:18:39.867+0000] {dag.py:3444} INFO - Setting next_dagrun for example_short_circuit_operator to 2023-03-16T03:18:39.867440+00:00, run_after=2023-03-17T03:18:39.867440+00:00
[2023-03-17T03:18:39.893+0000] {processor.py:175} INFO - Processing /home/airflow/.local/lib/python3.7/site-packages/airflow/example_dags/example_short_circuit_operator.py took 0.120 seconds
[2023-03-17T03:19:10.296+0000] {processor.py:153} INFO - Started process (PID=3661) to work on /home/airflow/.local/lib/python3.7/site-packages/airflow/example_dags/example_short_circuit_operator.py
[2023-03-17T03:19:10.297+0000] {processor.py:743} INFO - Processing file /home/airflow/.local/lib/python3.7/site-packages/airflow/example_dags/example_short_circuit_operator.py for tasks to queue
[2023-03-17T03:19:10.299+0000] {logging_mixin.py:137} INFO - [2023-03-17T03:19:10.298+0000] {dagbag.py:532} INFO - Filling up the DagBag from /home/airflow/.local/lib/python3.7/site-packages/airflow/example_dags/example_short_circuit_operator.py
[2023-03-17T03:19:10.317+0000] {processor.py:753} INFO - DAG(s) dict_keys(['example_short_circuit_operator']) retrieved from /home/airflow/.local/lib/python3.7/site-packages/airflow/example_dags/example_short_circuit_operator.py
[2023-03-17T03:19:10.352+0000] {logging_mixin.py:137} INFO - [2023-03-17T03:19:10.352+0000] {dag.py:2693} INFO - Sync 1 DAGs
[2023-03-17T03:19:10.383+0000] {logging_mixin.py:137} INFO - [2023-03-17T03:19:10.383+0000] {dag.py:3444} INFO - Setting next_dagrun for example_short_circuit_operator to 2023-03-16T03:19:10.382832+00:00, run_after=2023-03-17T03:19:10.382832+00:00
[2023-03-17T03:19:10.412+0000] {processor.py:175} INFO - Processing /home/airflow/.local/lib/python3.7/site-packages/airflow/example_dags/example_short_circuit_operator.py took 0.119 seconds
[2023-03-17T03:19:41.063+0000] {processor.py:153} INFO - Started process (PID=3878) to work on /home/airflow/.local/lib/python3.7/site-packages/airflow/example_dags/example_short_circuit_operator.py
[2023-03-17T03:19:41.065+0000] {processor.py:743} INFO - Processing file /home/airflow/.local/lib/python3.7/site-packages/airflow/example_dags/example_short_circuit_operator.py for tasks to queue
[2023-03-17T03:19:41.066+0000] {logging_mixin.py:137} INFO - [2023-03-17T03:19:41.065+0000] {dagbag.py:532} INFO - Filling up the DagBag from /home/airflow/.local/lib/python3.7/site-packages/airflow/example_dags/example_short_circuit_operator.py
[2023-03-17T03:19:41.083+0000] {processor.py:753} INFO - DAG(s) dict_keys(['example_short_circuit_operator']) retrieved from /home/airflow/.local/lib/python3.7/site-packages/airflow/example_dags/example_short_circuit_operator.py
[2023-03-17T03:19:41.113+0000] {logging_mixin.py:137} INFO - [2023-03-17T03:19:41.113+0000] {dag.py:2693} INFO - Sync 1 DAGs
[2023-03-17T03:19:41.146+0000] {logging_mixin.py:137} INFO - [2023-03-17T03:19:41.146+0000] {dag.py:3444} INFO - Setting next_dagrun for example_short_circuit_operator to 2023-03-16T03:19:41.146360+00:00, run_after=2023-03-17T03:19:41.146360+00:00
[2023-03-17T03:19:41.169+0000] {processor.py:175} INFO - Processing /home/airflow/.local/lib/python3.7/site-packages/airflow/example_dags/example_short_circuit_operator.py took 0.111 seconds
[2023-03-17T03:20:11.519+0000] {processor.py:153} INFO - Started process (PID=4095) to work on /home/airflow/.local/lib/python3.7/site-packages/airflow/example_dags/example_short_circuit_operator.py
[2023-03-17T03:20:11.520+0000] {processor.py:743} INFO - Processing file /home/airflow/.local/lib/python3.7/site-packages/airflow/example_dags/example_short_circuit_operator.py for tasks to queue
[2023-03-17T03:20:11.521+0000] {logging_mixin.py:137} INFO - [2023-03-17T03:20:11.521+0000] {dagbag.py:532} INFO - Filling up the DagBag from /home/airflow/.local/lib/python3.7/site-packages/airflow/example_dags/example_short_circuit_operator.py
[2023-03-17T03:20:11.539+0000] {processor.py:753} INFO - DAG(s) dict_keys(['example_short_circuit_operator']) retrieved from /home/airflow/.local/lib/python3.7/site-packages/airflow/example_dags/example_short_circuit_operator.py
[2023-03-17T03:20:11.573+0000] {logging_mixin.py:137} INFO - [2023-03-17T03:20:11.572+0000] {dag.py:2693} INFO - Sync 1 DAGs
[2023-03-17T03:20:11.605+0000] {logging_mixin.py:137} INFO - [2023-03-17T03:20:11.605+0000] {dag.py:3444} INFO - Setting next_dagrun for example_short_circuit_operator to 2023-03-16T03:20:11.604793+00:00, run_after=2023-03-17T03:20:11.604793+00:00
[2023-03-17T03:20:11.631+0000] {processor.py:175} INFO - Processing /home/airflow/.local/lib/python3.7/site-packages/airflow/example_dags/example_short_circuit_operator.py took 0.115 seconds
[2023-03-17T03:20:41.750+0000] {processor.py:153} INFO - Started process (PID=4312) to work on /home/airflow/.local/lib/python3.7/site-packages/airflow/example_dags/example_short_circuit_operator.py
[2023-03-17T03:20:41.751+0000] {processor.py:743} INFO - Processing file /home/airflow/.local/lib/python3.7/site-packages/airflow/example_dags/example_short_circuit_operator.py for tasks to queue
[2023-03-17T03:20:41.752+0000] {logging_mixin.py:137} INFO - [2023-03-17T03:20:41.752+0000] {dagbag.py:532} INFO - Filling up the DagBag from /home/airflow/.local/lib/python3.7/site-packages/airflow/example_dags/example_short_circuit_operator.py
[2023-03-17T03:20:41.770+0000] {processor.py:753} INFO - DAG(s) dict_keys(['example_short_circuit_operator']) retrieved from /home/airflow/.local/lib/python3.7/site-packages/airflow/example_dags/example_short_circuit_operator.py
[2023-03-17T03:20:41.802+0000] {logging_mixin.py:137} INFO - [2023-03-17T03:20:41.802+0000] {dag.py:2693} INFO - Sync 1 DAGs
[2023-03-17T03:20:41.838+0000] {logging_mixin.py:137} INFO - [2023-03-17T03:20:41.838+0000] {dag.py:3444} INFO - Setting next_dagrun for example_short_circuit_operator to 2023-03-16T03:20:41.837881+00:00, run_after=2023-03-17T03:20:41.837881+00:00
[2023-03-17T03:20:41.882+0000] {processor.py:175} INFO - Processing /home/airflow/.local/lib/python3.7/site-packages/airflow/example_dags/example_short_circuit_operator.py took 0.135 seconds
[2023-03-17T03:21:12.390+0000] {processor.py:153} INFO - Started process (PID=4529) to work on /home/airflow/.local/lib/python3.7/site-packages/airflow/example_dags/example_short_circuit_operator.py
[2023-03-17T03:21:12.391+0000] {processor.py:743} INFO - Processing file /home/airflow/.local/lib/python3.7/site-packages/airflow/example_dags/example_short_circuit_operator.py for tasks to queue
[2023-03-17T03:21:12.392+0000] {logging_mixin.py:137} INFO - [2023-03-17T03:21:12.392+0000] {dagbag.py:532} INFO - Filling up the DagBag from /home/airflow/.local/lib/python3.7/site-packages/airflow/example_dags/example_short_circuit_operator.py
[2023-03-17T03:21:12.410+0000] {processor.py:753} INFO - DAG(s) dict_keys(['example_short_circuit_operator']) retrieved from /home/airflow/.local/lib/python3.7/site-packages/airflow/example_dags/example_short_circuit_operator.py
[2023-03-17T03:21:12.445+0000] {logging_mixin.py:137} INFO - [2023-03-17T03:21:12.445+0000] {dag.py:2693} INFO - Sync 1 DAGs
[2023-03-17T03:21:12.477+0000] {logging_mixin.py:137} INFO - [2023-03-17T03:21:12.477+0000] {dag.py:3444} INFO - Setting next_dagrun for example_short_circuit_operator to 2023-03-16T03:21:12.477442+00:00, run_after=2023-03-17T03:21:12.477442+00:00
[2023-03-17T03:21:12.504+0000] {processor.py:175} INFO - Processing /home/airflow/.local/lib/python3.7/site-packages/airflow/example_dags/example_short_circuit_operator.py took 0.118 seconds
[2023-03-17T03:21:43.189+0000] {processor.py:153} INFO - Started process (PID=4746) to work on /home/airflow/.local/lib/python3.7/site-packages/airflow/example_dags/example_short_circuit_operator.py
[2023-03-17T03:21:43.191+0000] {processor.py:743} INFO - Processing file /home/airflow/.local/lib/python3.7/site-packages/airflow/example_dags/example_short_circuit_operator.py for tasks to queue
[2023-03-17T03:21:43.192+0000] {logging_mixin.py:137} INFO - [2023-03-17T03:21:43.192+0000] {dagbag.py:532} INFO - Filling up the DagBag from /home/airflow/.local/lib/python3.7/site-packages/airflow/example_dags/example_short_circuit_operator.py
[2023-03-17T03:21:43.211+0000] {processor.py:753} INFO - DAG(s) dict_keys(['example_short_circuit_operator']) retrieved from /home/airflow/.local/lib/python3.7/site-packages/airflow/example_dags/example_short_circuit_operator.py
[2023-03-17T03:21:43.285+0000] {logging_mixin.py:137} INFO - [2023-03-17T03:21:43.285+0000] {dag.py:2693} INFO - Sync 1 DAGs
[2023-03-17T03:21:43.320+0000] {logging_mixin.py:137} INFO - [2023-03-17T03:21:43.320+0000] {dag.py:3444} INFO - Setting next_dagrun for example_short_circuit_operator to 2023-03-16T03:21:43.320079+00:00, run_after=2023-03-17T03:21:43.320079+00:00
[2023-03-17T03:21:43.350+0000] {processor.py:175} INFO - Processing /home/airflow/.local/lib/python3.7/site-packages/airflow/example_dags/example_short_circuit_operator.py took 0.164 seconds
[2023-03-17T03:22:13.545+0000] {processor.py:153} INFO - Started process (PID=4963) to work on /home/airflow/.local/lib/python3.7/site-packages/airflow/example_dags/example_short_circuit_operator.py
[2023-03-17T03:22:13.546+0000] {processor.py:743} INFO - Processing file /home/airflow/.local/lib/python3.7/site-packages/airflow/example_dags/example_short_circuit_operator.py for tasks to queue
[2023-03-17T03:22:13.547+0000] {logging_mixin.py:137} INFO - [2023-03-17T03:22:13.547+0000] {dagbag.py:532} INFO - Filling up the DagBag from /home/airflow/.local/lib/python3.7/site-packages/airflow/example_dags/example_short_circuit_operator.py
[2023-03-17T03:22:13.565+0000] {processor.py:753} INFO - DAG(s) dict_keys(['example_short_circuit_operator']) retrieved from /home/airflow/.local/lib/python3.7/site-packages/airflow/example_dags/example_short_circuit_operator.py
[2023-03-17T03:22:13.599+0000] {logging_mixin.py:137} INFO - [2023-03-17T03:22:13.599+0000] {dag.py:2693} INFO - Sync 1 DAGs
[2023-03-17T03:22:13.640+0000] {logging_mixin.py:137} INFO - [2023-03-17T03:22:13.639+0000] {dag.py:3444} INFO - Setting next_dagrun for example_short_circuit_operator to 2023-03-16T03:22:13.639556+00:00, run_after=2023-03-17T03:22:13.639556+00:00
[2023-03-17T03:22:13.667+0000] {processor.py:175} INFO - Processing /home/airflow/.local/lib/python3.7/site-packages/airflow/example_dags/example_short_circuit_operator.py took 0.126 seconds
[2023-03-17T03:22:43.984+0000] {processor.py:153} INFO - Started process (PID=5180) to work on /home/airflow/.local/lib/python3.7/site-packages/airflow/example_dags/example_short_circuit_operator.py
[2023-03-17T03:22:43.986+0000] {processor.py:743} INFO - Processing file /home/airflow/.local/lib/python3.7/site-packages/airflow/example_dags/example_short_circuit_operator.py for tasks to queue
[2023-03-17T03:22:43.987+0000] {logging_mixin.py:137} INFO - [2023-03-17T03:22:43.987+0000] {dagbag.py:532} INFO - Filling up the DagBag from /home/airflow/.local/lib/python3.7/site-packages/airflow/example_dags/example_short_circuit_operator.py
[2023-03-17T03:22:44.006+0000] {processor.py:753} INFO - DAG(s) dict_keys(['example_short_circuit_operator']) retrieved from /home/airflow/.local/lib/python3.7/site-packages/airflow/example_dags/example_short_circuit_operator.py
[2023-03-17T03:22:44.041+0000] {logging_mixin.py:137} INFO - [2023-03-17T03:22:44.041+0000] {dag.py:2693} INFO - Sync 1 DAGs
[2023-03-17T03:22:44.072+0000] {logging_mixin.py:137} INFO - [2023-03-17T03:22:44.072+0000] {dag.py:3444} INFO - Setting next_dagrun for example_short_circuit_operator to 2023-03-16T03:22:44.072423+00:00, run_after=2023-03-17T03:22:44.072423+00:00
[2023-03-17T03:22:44.099+0000] {processor.py:175} INFO - Processing /home/airflow/.local/lib/python3.7/site-packages/airflow/example_dags/example_short_circuit_operator.py took 0.118 seconds
[2023-03-17T03:23:14.360+0000] {processor.py:153} INFO - Started process (PID=5398) to work on /home/airflow/.local/lib/python3.7/site-packages/airflow/example_dags/example_short_circuit_operator.py
[2023-03-17T03:23:14.361+0000] {processor.py:743} INFO - Processing file /home/airflow/.local/lib/python3.7/site-packages/airflow/example_dags/example_short_circuit_operator.py for tasks to queue
[2023-03-17T03:23:14.362+0000] {logging_mixin.py:137} INFO - [2023-03-17T03:23:14.362+0000] {dagbag.py:532} INFO - Filling up the DagBag from /home/airflow/.local/lib/python3.7/site-packages/airflow/example_dags/example_short_circuit_operator.py
[2023-03-17T03:23:14.384+0000] {processor.py:753} INFO - DAG(s) dict_keys(['example_short_circuit_operator']) retrieved from /home/airflow/.local/lib/python3.7/site-packages/airflow/example_dags/example_short_circuit_operator.py
[2023-03-17T03:23:14.418+0000] {logging_mixin.py:137} INFO - [2023-03-17T03:23:14.417+0000] {dag.py:2693} INFO - Sync 1 DAGs
[2023-03-17T03:23:14.453+0000] {logging_mixin.py:137} INFO - [2023-03-17T03:23:14.452+0000] {dag.py:3444} INFO - Setting next_dagrun for example_short_circuit_operator to 2023-03-16T03:23:14.452677+00:00, run_after=2023-03-17T03:23:14.452677+00:00
[2023-03-17T03:23:14.478+0000] {processor.py:175} INFO - Processing /home/airflow/.local/lib/python3.7/site-packages/airflow/example_dags/example_short_circuit_operator.py took 0.122 seconds
[2023-03-17T03:23:44.903+0000] {processor.py:153} INFO - Started process (PID=5615) to work on /home/airflow/.local/lib/python3.7/site-packages/airflow/example_dags/example_short_circuit_operator.py
[2023-03-17T03:23:44.904+0000] {processor.py:743} INFO - Processing file /home/airflow/.local/lib/python3.7/site-packages/airflow/example_dags/example_short_circuit_operator.py for tasks to queue
[2023-03-17T03:23:44.905+0000] {logging_mixin.py:137} INFO - [2023-03-17T03:23:44.905+0000] {dagbag.py:532} INFO - Filling up the DagBag from /home/airflow/.local/lib/python3.7/site-packages/airflow/example_dags/example_short_circuit_operator.py
[2023-03-17T03:23:44.924+0000] {processor.py:753} INFO - DAG(s) dict_keys(['example_short_circuit_operator']) retrieved from /home/airflow/.local/lib/python3.7/site-packages/airflow/example_dags/example_short_circuit_operator.py
[2023-03-17T03:23:44.959+0000] {logging_mixin.py:137} INFO - [2023-03-17T03:23:44.959+0000] {dag.py:2693} INFO - Sync 1 DAGs
[2023-03-17T03:23:44.993+0000] {logging_mixin.py:137} INFO - [2023-03-17T03:23:44.993+0000] {dag.py:3444} INFO - Setting next_dagrun for example_short_circuit_operator to 2023-03-16T03:23:44.992890+00:00, run_after=2023-03-17T03:23:44.992890+00:00
[2023-03-17T03:23:45.021+0000] {processor.py:175} INFO - Processing /home/airflow/.local/lib/python3.7/site-packages/airflow/example_dags/example_short_circuit_operator.py took 0.122 seconds
[2023-03-17T03:24:15.265+0000] {processor.py:153} INFO - Started process (PID=5832) to work on /home/airflow/.local/lib/python3.7/site-packages/airflow/example_dags/example_short_circuit_operator.py
[2023-03-17T03:24:15.266+0000] {processor.py:743} INFO - Processing file /home/airflow/.local/lib/python3.7/site-packages/airflow/example_dags/example_short_circuit_operator.py for tasks to queue
[2023-03-17T03:24:15.267+0000] {logging_mixin.py:137} INFO - [2023-03-17T03:24:15.267+0000] {dagbag.py:532} INFO - Filling up the DagBag from /home/airflow/.local/lib/python3.7/site-packages/airflow/example_dags/example_short_circuit_operator.py
[2023-03-17T03:24:15.285+0000] {processor.py:753} INFO - DAG(s) dict_keys(['example_short_circuit_operator']) retrieved from /home/airflow/.local/lib/python3.7/site-packages/airflow/example_dags/example_short_circuit_operator.py
[2023-03-17T03:24:15.320+0000] {logging_mixin.py:137} INFO - [2023-03-17T03:24:15.320+0000] {dag.py:2693} INFO - Sync 1 DAGs
[2023-03-17T03:24:15.355+0000] {logging_mixin.py:137} INFO - [2023-03-17T03:24:15.355+0000] {dag.py:3444} INFO - Setting next_dagrun for example_short_circuit_operator to 2023-03-16T03:24:15.354849+00:00, run_after=2023-03-17T03:24:15.354849+00:00
[2023-03-17T03:24:15.381+0000] {processor.py:175} INFO - Processing /home/airflow/.local/lib/python3.7/site-packages/airflow/example_dags/example_short_circuit_operator.py took 0.121 seconds
[2023-03-17T03:24:45.790+0000] {processor.py:153} INFO - Started process (PID=6049) to work on /home/airflow/.local/lib/python3.7/site-packages/airflow/example_dags/example_short_circuit_operator.py
[2023-03-17T03:24:45.791+0000] {processor.py:743} INFO - Processing file /home/airflow/.local/lib/python3.7/site-packages/airflow/example_dags/example_short_circuit_operator.py for tasks to queue
[2023-03-17T03:24:45.792+0000] {logging_mixin.py:137} INFO - [2023-03-17T03:24:45.792+0000] {dagbag.py:532} INFO - Filling up the DagBag from /home/airflow/.local/lib/python3.7/site-packages/airflow/example_dags/example_short_circuit_operator.py
[2023-03-17T03:24:45.811+0000] {processor.py:753} INFO - DAG(s) dict_keys(['example_short_circuit_operator']) retrieved from /home/airflow/.local/lib/python3.7/site-packages/airflow/example_dags/example_short_circuit_operator.py
[2023-03-17T03:24:45.843+0000] {logging_mixin.py:137} INFO - [2023-03-17T03:24:45.843+0000] {dag.py:2693} INFO - Sync 1 DAGs
[2023-03-17T03:24:45.876+0000] {logging_mixin.py:137} INFO - [2023-03-17T03:24:45.875+0000] {dag.py:3444} INFO - Setting next_dagrun for example_short_circuit_operator to 2023-03-16T03:24:45.875607+00:00, run_after=2023-03-17T03:24:45.875607+00:00
[2023-03-17T03:24:45.905+0000] {processor.py:175} INFO - Processing /home/airflow/.local/lib/python3.7/site-packages/airflow/example_dags/example_short_circuit_operator.py took 0.119 seconds
[2023-03-17T03:25:16.140+0000] {processor.py:153} INFO - Started process (PID=6266) to work on /home/airflow/.local/lib/python3.7/site-packages/airflow/example_dags/example_short_circuit_operator.py
[2023-03-17T03:25:16.141+0000] {processor.py:743} INFO - Processing file /home/airflow/.local/lib/python3.7/site-packages/airflow/example_dags/example_short_circuit_operator.py for tasks to queue
[2023-03-17T03:25:16.142+0000] {logging_mixin.py:137} INFO - [2023-03-17T03:25:16.142+0000] {dagbag.py:532} INFO - Filling up the DagBag from /home/airflow/.local/lib/python3.7/site-packages/airflow/example_dags/example_short_circuit_operator.py
[2023-03-17T03:25:16.161+0000] {processor.py:753} INFO - DAG(s) dict_keys(['example_short_circuit_operator']) retrieved from /home/airflow/.local/lib/python3.7/site-packages/airflow/example_dags/example_short_circuit_operator.py
[2023-03-17T03:25:16.191+0000] {logging_mixin.py:137} INFO - [2023-03-17T03:25:16.191+0000] {dag.py:2693} INFO - Sync 1 DAGs
[2023-03-17T03:25:16.223+0000] {logging_mixin.py:137} INFO - [2023-03-17T03:25:16.223+0000] {dag.py:3444} INFO - Setting next_dagrun for example_short_circuit_operator to 2023-03-16T03:25:16.222938+00:00, run_after=2023-03-17T03:25:16.222938+00:00
[2023-03-17T03:25:16.249+0000] {processor.py:175} INFO - Processing /home/airflow/.local/lib/python3.7/site-packages/airflow/example_dags/example_short_circuit_operator.py took 0.112 seconds
[2023-03-17T03:25:46.589+0000] {processor.py:153} INFO - Started process (PID=6483) to work on /home/airflow/.local/lib/python3.7/site-packages/airflow/example_dags/example_short_circuit_operator.py
[2023-03-17T03:25:46.590+0000] {processor.py:743} INFO - Processing file /home/airflow/.local/lib/python3.7/site-packages/airflow/example_dags/example_short_circuit_operator.py for tasks to queue
[2023-03-17T03:25:46.591+0000] {logging_mixin.py:137} INFO - [2023-03-17T03:25:46.591+0000] {dagbag.py:532} INFO - Filling up the DagBag from /home/airflow/.local/lib/python3.7/site-packages/airflow/example_dags/example_short_circuit_operator.py
[2023-03-17T03:25:46.609+0000] {processor.py:753} INFO - DAG(s) dict_keys(['example_short_circuit_operator']) retrieved from /home/airflow/.local/lib/python3.7/site-packages/airflow/example_dags/example_short_circuit_operator.py
[2023-03-17T03:25:46.641+0000] {logging_mixin.py:137} INFO - [2023-03-17T03:25:46.641+0000] {dag.py:2693} INFO - Sync 1 DAGs
[2023-03-17T03:25:46.675+0000] {logging_mixin.py:137} INFO - [2023-03-17T03:25:46.675+0000] {dag.py:3444} INFO - Setting next_dagrun for example_short_circuit_operator to 2023-03-16T03:25:46.674721+00:00, run_after=2023-03-17T03:25:46.674721+00:00
[2023-03-17T03:25:46.700+0000] {processor.py:175} INFO - Processing /home/airflow/.local/lib/python3.7/site-packages/airflow/example_dags/example_short_circuit_operator.py took 0.115 seconds
[2023-03-17T03:26:17.038+0000] {processor.py:153} INFO - Started process (PID=6700) to work on /home/airflow/.local/lib/python3.7/site-packages/airflow/example_dags/example_short_circuit_operator.py
[2023-03-17T03:26:17.039+0000] {processor.py:743} INFO - Processing file /home/airflow/.local/lib/python3.7/site-packages/airflow/example_dags/example_short_circuit_operator.py for tasks to queue
[2023-03-17T03:26:17.041+0000] {logging_mixin.py:137} INFO - [2023-03-17T03:26:17.040+0000] {dagbag.py:532} INFO - Filling up the DagBag from /home/airflow/.local/lib/python3.7/site-packages/airflow/example_dags/example_short_circuit_operator.py
[2023-03-17T03:26:17.063+0000] {processor.py:753} INFO - DAG(s) dict_keys(['example_short_circuit_operator']) retrieved from /home/airflow/.local/lib/python3.7/site-packages/airflow/example_dags/example_short_circuit_operator.py
[2023-03-17T03:26:17.100+0000] {logging_mixin.py:137} INFO - [2023-03-17T03:26:17.100+0000] {dag.py:2693} INFO - Sync 1 DAGs
[2023-03-17T03:26:17.131+0000] {logging_mixin.py:137} INFO - [2023-03-17T03:26:17.131+0000] {dag.py:3444} INFO - Setting next_dagrun for example_short_circuit_operator to 2023-03-16T03:26:17.131140+00:00, run_after=2023-03-17T03:26:17.131140+00:00
[2023-03-17T03:26:17.156+0000] {processor.py:175} INFO - Processing /home/airflow/.local/lib/python3.7/site-packages/airflow/example_dags/example_short_circuit_operator.py took 0.123 seconds
[2023-03-17T03:26:47.570+0000] {processor.py:153} INFO - Started process (PID=6917) to work on /home/airflow/.local/lib/python3.7/site-packages/airflow/example_dags/example_short_circuit_operator.py
[2023-03-17T03:26:47.571+0000] {processor.py:743} INFO - Processing file /home/airflow/.local/lib/python3.7/site-packages/airflow/example_dags/example_short_circuit_operator.py for tasks to queue
[2023-03-17T03:26:47.572+0000] {logging_mixin.py:137} INFO - [2023-03-17T03:26:47.572+0000] {dagbag.py:532} INFO - Filling up the DagBag from /home/airflow/.local/lib/python3.7/site-packages/airflow/example_dags/example_short_circuit_operator.py
[2023-03-17T03:26:47.592+0000] {processor.py:753} INFO - DAG(s) dict_keys(['example_short_circuit_operator']) retrieved from /home/airflow/.local/lib/python3.7/site-packages/airflow/example_dags/example_short_circuit_operator.py
[2023-03-17T03:26:47.626+0000] {logging_mixin.py:137} INFO - [2023-03-17T03:26:47.625+0000] {dag.py:2693} INFO - Sync 1 DAGs
[2023-03-17T03:26:47.661+0000] {logging_mixin.py:137} INFO - [2023-03-17T03:26:47.661+0000] {dag.py:3444} INFO - Setting next_dagrun for example_short_circuit_operator to 2023-03-16T03:26:47.660698+00:00, run_after=2023-03-17T03:26:47.660698+00:00
[2023-03-17T03:26:47.686+0000] {processor.py:175} INFO - Processing /home/airflow/.local/lib/python3.7/site-packages/airflow/example_dags/example_short_circuit_operator.py took 0.120 seconds
[2023-03-17T03:27:17.909+0000] {processor.py:153} INFO - Started process (PID=7134) to work on /home/airflow/.local/lib/python3.7/site-packages/airflow/example_dags/example_short_circuit_operator.py
[2023-03-17T03:27:17.910+0000] {processor.py:743} INFO - Processing file /home/airflow/.local/lib/python3.7/site-packages/airflow/example_dags/example_short_circuit_operator.py for tasks to queue
[2023-03-17T03:27:17.911+0000] {logging_mixin.py:137} INFO - [2023-03-17T03:27:17.911+0000] {dagbag.py:532} INFO - Filling up the DagBag from /home/airflow/.local/lib/python3.7/site-packages/airflow/example_dags/example_short_circuit_operator.py
[2023-03-17T03:27:17.930+0000] {processor.py:753} INFO - DAG(s) dict_keys(['example_short_circuit_operator']) retrieved from /home/airflow/.local/lib/python3.7/site-packages/airflow/example_dags/example_short_circuit_operator.py
[2023-03-17T03:27:17.963+0000] {logging_mixin.py:137} INFO - [2023-03-17T03:27:17.963+0000] {dag.py:2693} INFO - Sync 1 DAGs
[2023-03-17T03:27:17.997+0000] {logging_mixin.py:137} INFO - [2023-03-17T03:27:17.997+0000] {dag.py:3444} INFO - Setting next_dagrun for example_short_circuit_operator to 2023-03-16T03:27:17.997000+00:00, run_after=2023-03-17T03:27:17.997000+00:00
[2023-03-17T03:27:18.022+0000] {processor.py:175} INFO - Processing /home/airflow/.local/lib/python3.7/site-packages/airflow/example_dags/example_short_circuit_operator.py took 0.117 seconds
[2023-03-17T03:27:48.265+0000] {processor.py:153} INFO - Started process (PID=7351) to work on /home/airflow/.local/lib/python3.7/site-packages/airflow/example_dags/example_short_circuit_operator.py
[2023-03-17T03:27:48.266+0000] {processor.py:743} INFO - Processing file /home/airflow/.local/lib/python3.7/site-packages/airflow/example_dags/example_short_circuit_operator.py for tasks to queue
[2023-03-17T03:27:48.268+0000] {logging_mixin.py:137} INFO - [2023-03-17T03:27:48.267+0000] {dagbag.py:532} INFO - Filling up the DagBag from /home/airflow/.local/lib/python3.7/site-packages/airflow/example_dags/example_short_circuit_operator.py
[2023-03-17T03:27:48.286+0000] {processor.py:753} INFO - DAG(s) dict_keys(['example_short_circuit_operator']) retrieved from /home/airflow/.local/lib/python3.7/site-packages/airflow/example_dags/example_short_circuit_operator.py
[2023-03-17T03:27:48.321+0000] {logging_mixin.py:137} INFO - [2023-03-17T03:27:48.321+0000] {dag.py:2693} INFO - Sync 1 DAGs
[2023-03-17T03:27:48.356+0000] {logging_mixin.py:137} INFO - [2023-03-17T03:27:48.356+0000] {dag.py:3444} INFO - Setting next_dagrun for example_short_circuit_operator to 2023-03-16T03:27:48.355912+00:00, run_after=2023-03-17T03:27:48.355912+00:00
[2023-03-17T03:27:48.382+0000] {processor.py:175} INFO - Processing /home/airflow/.local/lib/python3.7/site-packages/airflow/example_dags/example_short_circuit_operator.py took 0.120 seconds
[2023-03-17T03:28:18.623+0000] {processor.py:153} INFO - Started process (PID=7568) to work on /home/airflow/.local/lib/python3.7/site-packages/airflow/example_dags/example_short_circuit_operator.py
[2023-03-17T03:28:18.624+0000] {processor.py:743} INFO - Processing file /home/airflow/.local/lib/python3.7/site-packages/airflow/example_dags/example_short_circuit_operator.py for tasks to queue
[2023-03-17T03:28:18.625+0000] {logging_mixin.py:137} INFO - [2023-03-17T03:28:18.625+0000] {dagbag.py:532} INFO - Filling up the DagBag from /home/airflow/.local/lib/python3.7/site-packages/airflow/example_dags/example_short_circuit_operator.py
[2023-03-17T03:28:18.644+0000] {processor.py:753} INFO - DAG(s) dict_keys(['example_short_circuit_operator']) retrieved from /home/airflow/.local/lib/python3.7/site-packages/airflow/example_dags/example_short_circuit_operator.py
[2023-03-17T03:28:18.678+0000] {logging_mixin.py:137} INFO - [2023-03-17T03:28:18.678+0000] {dag.py:2693} INFO - Sync 1 DAGs
[2023-03-17T03:28:18.711+0000] {logging_mixin.py:137} INFO - [2023-03-17T03:28:18.711+0000] {dag.py:3444} INFO - Setting next_dagrun for example_short_circuit_operator to 2023-03-16T03:28:18.711359+00:00, run_after=2023-03-17T03:28:18.711359+00:00
[2023-03-17T03:28:18.739+0000] {processor.py:175} INFO - Processing /home/airflow/.local/lib/python3.7/site-packages/airflow/example_dags/example_short_circuit_operator.py took 0.120 seconds
[2023-03-17T03:28:49.098+0000] {processor.py:153} INFO - Started process (PID=7785) to work on /home/airflow/.local/lib/python3.7/site-packages/airflow/example_dags/example_short_circuit_operator.py
[2023-03-17T03:28:49.099+0000] {processor.py:743} INFO - Processing file /home/airflow/.local/lib/python3.7/site-packages/airflow/example_dags/example_short_circuit_operator.py for tasks to queue
[2023-03-17T03:28:49.100+0000] {logging_mixin.py:137} INFO - [2023-03-17T03:28:49.100+0000] {dagbag.py:532} INFO - Filling up the DagBag from /home/airflow/.local/lib/python3.7/site-packages/airflow/example_dags/example_short_circuit_operator.py
[2023-03-17T03:28:49.119+0000] {processor.py:753} INFO - DAG(s) dict_keys(['example_short_circuit_operator']) retrieved from /home/airflow/.local/lib/python3.7/site-packages/airflow/example_dags/example_short_circuit_operator.py
[2023-03-17T03:28:49.155+0000] {logging_mixin.py:137} INFO - [2023-03-17T03:28:49.155+0000] {dag.py:2693} INFO - Sync 1 DAGs
[2023-03-17T03:28:49.190+0000] {logging_mixin.py:137} INFO - [2023-03-17T03:28:49.190+0000] {dag.py:3444} INFO - Setting next_dagrun for example_short_circuit_operator to 2023-03-16T03:28:49.190514+00:00, run_after=2023-03-17T03:28:49.190514+00:00
[2023-03-17T03:28:49.217+0000] {processor.py:175} INFO - Processing /home/airflow/.local/lib/python3.7/site-packages/airflow/example_dags/example_short_circuit_operator.py took 0.123 seconds
[2023-03-17T03:29:19.378+0000] {processor.py:153} INFO - Started process (PID=8003) to work on /home/airflow/.local/lib/python3.7/site-packages/airflow/example_dags/example_short_circuit_operator.py
[2023-03-17T03:29:19.379+0000] {processor.py:743} INFO - Processing file /home/airflow/.local/lib/python3.7/site-packages/airflow/example_dags/example_short_circuit_operator.py for tasks to queue
[2023-03-17T03:29:19.380+0000] {logging_mixin.py:137} INFO - [2023-03-17T03:29:19.380+0000] {dagbag.py:532} INFO - Filling up the DagBag from /home/airflow/.local/lib/python3.7/site-packages/airflow/example_dags/example_short_circuit_operator.py
[2023-03-17T03:29:19.400+0000] {processor.py:753} INFO - DAG(s) dict_keys(['example_short_circuit_operator']) retrieved from /home/airflow/.local/lib/python3.7/site-packages/airflow/example_dags/example_short_circuit_operator.py
[2023-03-17T03:29:19.432+0000] {logging_mixin.py:137} INFO - [2023-03-17T03:29:19.432+0000] {dag.py:2693} INFO - Sync 1 DAGs
[2023-03-17T03:29:19.465+0000] {logging_mixin.py:137} INFO - [2023-03-17T03:29:19.465+0000] {dag.py:3444} INFO - Setting next_dagrun for example_short_circuit_operator to 2023-03-16T03:29:19.464875+00:00, run_after=2023-03-17T03:29:19.464875+00:00
[2023-03-17T03:29:19.488+0000] {processor.py:175} INFO - Processing /home/airflow/.local/lib/python3.7/site-packages/airflow/example_dags/example_short_circuit_operator.py took 0.115 seconds
[2023-03-17T03:29:49.852+0000] {processor.py:153} INFO - Started process (PID=8220) to work on /home/airflow/.local/lib/python3.7/site-packages/airflow/example_dags/example_short_circuit_operator.py
[2023-03-17T03:29:49.853+0000] {processor.py:743} INFO - Processing file /home/airflow/.local/lib/python3.7/site-packages/airflow/example_dags/example_short_circuit_operator.py for tasks to queue
[2023-03-17T03:29:49.854+0000] {logging_mixin.py:137} INFO - [2023-03-17T03:29:49.854+0000] {dagbag.py:532} INFO - Filling up the DagBag from /home/airflow/.local/lib/python3.7/site-packages/airflow/example_dags/example_short_circuit_operator.py
[2023-03-17T03:29:49.875+0000] {processor.py:753} INFO - DAG(s) dict_keys(['example_short_circuit_operator']) retrieved from /home/airflow/.local/lib/python3.7/site-packages/airflow/example_dags/example_short_circuit_operator.py
[2023-03-17T03:29:49.911+0000] {logging_mixin.py:137} INFO - [2023-03-17T03:29:49.910+0000] {dag.py:2693} INFO - Sync 1 DAGs
[2023-03-17T03:29:49.944+0000] {logging_mixin.py:137} INFO - [2023-03-17T03:29:49.944+0000] {dag.py:3444} INFO - Setting next_dagrun for example_short_circuit_operator to 2023-03-16T03:29:49.943912+00:00, run_after=2023-03-17T03:29:49.943912+00:00
[2023-03-17T03:29:49.971+0000] {processor.py:175} INFO - Processing /home/airflow/.local/lib/python3.7/site-packages/airflow/example_dags/example_short_circuit_operator.py took 0.123 seconds
[2023-03-17T03:30:20.145+0000] {processor.py:153} INFO - Started process (PID=8437) to work on /home/airflow/.local/lib/python3.7/site-packages/airflow/example_dags/example_short_circuit_operator.py
[2023-03-17T03:30:20.146+0000] {processor.py:743} INFO - Processing file /home/airflow/.local/lib/python3.7/site-packages/airflow/example_dags/example_short_circuit_operator.py for tasks to queue
[2023-03-17T03:30:20.147+0000] {logging_mixin.py:137} INFO - [2023-03-17T03:30:20.147+0000] {dagbag.py:532} INFO - Filling up the DagBag from /home/airflow/.local/lib/python3.7/site-packages/airflow/example_dags/example_short_circuit_operator.py
[2023-03-17T03:30:20.166+0000] {processor.py:753} INFO - DAG(s) dict_keys(['example_short_circuit_operator']) retrieved from /home/airflow/.local/lib/python3.7/site-packages/airflow/example_dags/example_short_circuit_operator.py
[2023-03-17T03:30:20.198+0000] {logging_mixin.py:137} INFO - [2023-03-17T03:30:20.198+0000] {dag.py:2693} INFO - Sync 1 DAGs
[2023-03-17T03:30:20.230+0000] {logging_mixin.py:137} INFO - [2023-03-17T03:30:20.229+0000] {dag.py:3444} INFO - Setting next_dagrun for example_short_circuit_operator to 2023-03-16T03:30:20.229605+00:00, run_after=2023-03-17T03:30:20.229605+00:00
[2023-03-17T03:30:20.256+0000] {processor.py:175} INFO - Processing /home/airflow/.local/lib/python3.7/site-packages/airflow/example_dags/example_short_circuit_operator.py took 0.115 seconds
[2023-03-17T03:30:50.987+0000] {processor.py:153} INFO - Started process (PID=8654) to work on /home/airflow/.local/lib/python3.7/site-packages/airflow/example_dags/example_short_circuit_operator.py
[2023-03-17T03:30:50.989+0000] {processor.py:743} INFO - Processing file /home/airflow/.local/lib/python3.7/site-packages/airflow/example_dags/example_short_circuit_operator.py for tasks to queue
[2023-03-17T03:30:50.990+0000] {logging_mixin.py:137} INFO - [2023-03-17T03:30:50.990+0000] {dagbag.py:532} INFO - Filling up the DagBag from /home/airflow/.local/lib/python3.7/site-packages/airflow/example_dags/example_short_circuit_operator.py
[2023-03-17T03:30:51.011+0000] {processor.py:753} INFO - DAG(s) dict_keys(['example_short_circuit_operator']) retrieved from /home/airflow/.local/lib/python3.7/site-packages/airflow/example_dags/example_short_circuit_operator.py
[2023-03-17T03:30:51.047+0000] {logging_mixin.py:137} INFO - [2023-03-17T03:30:51.047+0000] {dag.py:2693} INFO - Sync 1 DAGs
[2023-03-17T03:30:51.081+0000] {logging_mixin.py:137} INFO - [2023-03-17T03:30:51.081+0000] {dag.py:3444} INFO - Setting next_dagrun for example_short_circuit_operator to 2023-03-16T03:30:51.081328+00:00, run_after=2023-03-17T03:30:51.081328+00:00
[2023-03-17T03:30:51.106+0000] {processor.py:175} INFO - Processing /home/airflow/.local/lib/python3.7/site-packages/airflow/example_dags/example_short_circuit_operator.py took 0.123 seconds
[2023-03-17T03:31:21.287+0000] {processor.py:153} INFO - Started process (PID=8871) to work on /home/airflow/.local/lib/python3.7/site-packages/airflow/example_dags/example_short_circuit_operator.py
[2023-03-17T03:31:21.288+0000] {processor.py:743} INFO - Processing file /home/airflow/.local/lib/python3.7/site-packages/airflow/example_dags/example_short_circuit_operator.py for tasks to queue
[2023-03-17T03:31:21.289+0000] {logging_mixin.py:137} INFO - [2023-03-17T03:31:21.289+0000] {dagbag.py:532} INFO - Filling up the DagBag from /home/airflow/.local/lib/python3.7/site-packages/airflow/example_dags/example_short_circuit_operator.py
[2023-03-17T03:31:21.308+0000] {processor.py:753} INFO - DAG(s) dict_keys(['example_short_circuit_operator']) retrieved from /home/airflow/.local/lib/python3.7/site-packages/airflow/example_dags/example_short_circuit_operator.py
[2023-03-17T03:31:21.345+0000] {logging_mixin.py:137} INFO - [2023-03-17T03:31:21.344+0000] {dag.py:2693} INFO - Sync 1 DAGs
[2023-03-17T03:31:21.380+0000] {logging_mixin.py:137} INFO - [2023-03-17T03:31:21.380+0000] {dag.py:3444} INFO - Setting next_dagrun for example_short_circuit_operator to 2023-03-16T03:31:21.380436+00:00, run_after=2023-03-17T03:31:21.380436+00:00
[2023-03-17T03:31:21.407+0000] {processor.py:175} INFO - Processing /home/airflow/.local/lib/python3.7/site-packages/airflow/example_dags/example_short_circuit_operator.py took 0.124 seconds
[2023-03-17T03:31:51.641+0000] {processor.py:153} INFO - Started process (PID=9088) to work on /home/airflow/.local/lib/python3.7/site-packages/airflow/example_dags/example_short_circuit_operator.py
[2023-03-17T03:31:51.642+0000] {processor.py:743} INFO - Processing file /home/airflow/.local/lib/python3.7/site-packages/airflow/example_dags/example_short_circuit_operator.py for tasks to queue
[2023-03-17T03:31:51.643+0000] {logging_mixin.py:137} INFO - [2023-03-17T03:31:51.643+0000] {dagbag.py:532} INFO - Filling up the DagBag from /home/airflow/.local/lib/python3.7/site-packages/airflow/example_dags/example_short_circuit_operator.py
[2023-03-17T03:31:51.662+0000] {processor.py:753} INFO - DAG(s) dict_keys(['example_short_circuit_operator']) retrieved from /home/airflow/.local/lib/python3.7/site-packages/airflow/example_dags/example_short_circuit_operator.py
[2023-03-17T03:31:51.695+0000] {logging_mixin.py:137} INFO - [2023-03-17T03:31:51.695+0000] {dag.py:2693} INFO - Sync 1 DAGs
[2023-03-17T03:31:51.727+0000] {logging_mixin.py:137} INFO - [2023-03-17T03:31:51.726+0000] {dag.py:3444} INFO - Setting next_dagrun for example_short_circuit_operator to 2023-03-16T03:31:51.726523+00:00, run_after=2023-03-17T03:31:51.726523+00:00
[2023-03-17T03:31:51.754+0000] {processor.py:175} INFO - Processing /home/airflow/.local/lib/python3.7/site-packages/airflow/example_dags/example_short_circuit_operator.py took 0.117 seconds
[2023-03-17T03:32:22.111+0000] {processor.py:153} INFO - Started process (PID=9305) to work on /home/airflow/.local/lib/python3.7/site-packages/airflow/example_dags/example_short_circuit_operator.py
[2023-03-17T03:32:22.112+0000] {processor.py:743} INFO - Processing file /home/airflow/.local/lib/python3.7/site-packages/airflow/example_dags/example_short_circuit_operator.py for tasks to queue
[2023-03-17T03:32:22.114+0000] {logging_mixin.py:137} INFO - [2023-03-17T03:32:22.113+0000] {dagbag.py:532} INFO - Filling up the DagBag from /home/airflow/.local/lib/python3.7/site-packages/airflow/example_dags/example_short_circuit_operator.py
[2023-03-17T03:32:22.138+0000] {processor.py:753} INFO - DAG(s) dict_keys(['example_short_circuit_operator']) retrieved from /home/airflow/.local/lib/python3.7/site-packages/airflow/example_dags/example_short_circuit_operator.py
[2023-03-17T03:32:22.171+0000] {logging_mixin.py:137} INFO - [2023-03-17T03:32:22.171+0000] {dag.py:2693} INFO - Sync 1 DAGs
[2023-03-17T03:32:22.206+0000] {logging_mixin.py:137} INFO - [2023-03-17T03:32:22.205+0000] {dag.py:3444} INFO - Setting next_dagrun for example_short_circuit_operator to 2023-03-16T03:32:22.205643+00:00, run_after=2023-03-17T03:32:22.205643+00:00
[2023-03-17T03:32:22.235+0000] {processor.py:175} INFO - Processing /home/airflow/.local/lib/python3.7/site-packages/airflow/example_dags/example_short_circuit_operator.py took 0.128 seconds
[2023-03-17T03:32:52.639+0000] {processor.py:153} INFO - Started process (PID=9522) to work on /home/airflow/.local/lib/python3.7/site-packages/airflow/example_dags/example_short_circuit_operator.py
[2023-03-17T03:32:52.641+0000] {processor.py:743} INFO - Processing file /home/airflow/.local/lib/python3.7/site-packages/airflow/example_dags/example_short_circuit_operator.py for tasks to queue
[2023-03-17T03:32:52.642+0000] {logging_mixin.py:137} INFO - [2023-03-17T03:32:52.642+0000] {dagbag.py:532} INFO - Filling up the DagBag from /home/airflow/.local/lib/python3.7/site-packages/airflow/example_dags/example_short_circuit_operator.py
[2023-03-17T03:32:52.664+0000] {processor.py:753} INFO - DAG(s) dict_keys(['example_short_circuit_operator']) retrieved from /home/airflow/.local/lib/python3.7/site-packages/airflow/example_dags/example_short_circuit_operator.py
[2023-03-17T03:32:52.699+0000] {logging_mixin.py:137} INFO - [2023-03-17T03:32:52.699+0000] {dag.py:2693} INFO - Sync 1 DAGs
[2023-03-17T03:32:52.735+0000] {logging_mixin.py:137} INFO - [2023-03-17T03:32:52.735+0000] {dag.py:3444} INFO - Setting next_dagrun for example_short_circuit_operator to 2023-03-16T03:32:52.734986+00:00, run_after=2023-03-17T03:32:52.734986+00:00
[2023-03-17T03:32:52.765+0000] {processor.py:175} INFO - Processing /home/airflow/.local/lib/python3.7/site-packages/airflow/example_dags/example_short_circuit_operator.py took 0.129 seconds
[2023-03-17T03:33:23.541+0000] {processor.py:153} INFO - Started process (PID=9740) to work on /home/airflow/.local/lib/python3.7/site-packages/airflow/example_dags/example_short_circuit_operator.py
[2023-03-17T03:33:23.543+0000] {processor.py:743} INFO - Processing file /home/airflow/.local/lib/python3.7/site-packages/airflow/example_dags/example_short_circuit_operator.py for tasks to queue
[2023-03-17T03:33:23.544+0000] {logging_mixin.py:137} INFO - [2023-03-17T03:33:23.543+0000] {dagbag.py:532} INFO - Filling up the DagBag from /home/airflow/.local/lib/python3.7/site-packages/airflow/example_dags/example_short_circuit_operator.py
[2023-03-17T03:33:23.562+0000] {processor.py:753} INFO - DAG(s) dict_keys(['example_short_circuit_operator']) retrieved from /home/airflow/.local/lib/python3.7/site-packages/airflow/example_dags/example_short_circuit_operator.py
[2023-03-17T03:33:23.597+0000] {logging_mixin.py:137} INFO - [2023-03-17T03:33:23.597+0000] {dag.py:2693} INFO - Sync 1 DAGs
[2023-03-17T03:33:23.634+0000] {logging_mixin.py:137} INFO - [2023-03-17T03:33:23.633+0000] {dag.py:3444} INFO - Setting next_dagrun for example_short_circuit_operator to 2023-03-16T03:33:23.633547+00:00, run_after=2023-03-17T03:33:23.633547+00:00
[2023-03-17T03:33:23.663+0000] {processor.py:175} INFO - Processing /home/airflow/.local/lib/python3.7/site-packages/airflow/example_dags/example_short_circuit_operator.py took 0.126 seconds
[2023-03-17T03:33:54.147+0000] {processor.py:153} INFO - Started process (PID=9957) to work on /home/airflow/.local/lib/python3.7/site-packages/airflow/example_dags/example_short_circuit_operator.py
[2023-03-17T03:33:54.148+0000] {processor.py:743} INFO - Processing file /home/airflow/.local/lib/python3.7/site-packages/airflow/example_dags/example_short_circuit_operator.py for tasks to queue
[2023-03-17T03:33:54.149+0000] {logging_mixin.py:137} INFO - [2023-03-17T03:33:54.149+0000] {dagbag.py:532} INFO - Filling up the DagBag from /home/airflow/.local/lib/python3.7/site-packages/airflow/example_dags/example_short_circuit_operator.py
[2023-03-17T03:33:54.168+0000] {processor.py:753} INFO - DAG(s) dict_keys(['example_short_circuit_operator']) retrieved from /home/airflow/.local/lib/python3.7/site-packages/airflow/example_dags/example_short_circuit_operator.py
[2023-03-17T03:33:54.202+0000] {logging_mixin.py:137} INFO - [2023-03-17T03:33:54.202+0000] {dag.py:2693} INFO - Sync 1 DAGs
[2023-03-17T03:33:54.235+0000] {logging_mixin.py:137} INFO - [2023-03-17T03:33:54.235+0000] {dag.py:3444} INFO - Setting next_dagrun for example_short_circuit_operator to 2023-03-16T03:33:54.234730+00:00, run_after=2023-03-17T03:33:54.234730+00:00
[2023-03-17T03:33:54.262+0000] {processor.py:175} INFO - Processing /home/airflow/.local/lib/python3.7/site-packages/airflow/example_dags/example_short_circuit_operator.py took 0.120 seconds
[2023-03-17T03:34:24.583+0000] {processor.py:153} INFO - Started process (PID=10175) to work on /home/airflow/.local/lib/python3.7/site-packages/airflow/example_dags/example_short_circuit_operator.py
[2023-03-17T03:34:24.585+0000] {processor.py:743} INFO - Processing file /home/airflow/.local/lib/python3.7/site-packages/airflow/example_dags/example_short_circuit_operator.py for tasks to queue
[2023-03-17T03:34:24.586+0000] {logging_mixin.py:137} INFO - [2023-03-17T03:34:24.586+0000] {dagbag.py:532} INFO - Filling up the DagBag from /home/airflow/.local/lib/python3.7/site-packages/airflow/example_dags/example_short_circuit_operator.py
[2023-03-17T03:34:24.605+0000] {processor.py:753} INFO - DAG(s) dict_keys(['example_short_circuit_operator']) retrieved from /home/airflow/.local/lib/python3.7/site-packages/airflow/example_dags/example_short_circuit_operator.py
[2023-03-17T03:34:24.639+0000] {logging_mixin.py:137} INFO - [2023-03-17T03:34:24.639+0000] {dag.py:2693} INFO - Sync 1 DAGs
[2023-03-17T03:34:24.674+0000] {logging_mixin.py:137} INFO - [2023-03-17T03:34:24.673+0000] {dag.py:3444} INFO - Setting next_dagrun for example_short_circuit_operator to 2023-03-16T03:34:24.673623+00:00, run_after=2023-03-17T03:34:24.673623+00:00
[2023-03-17T03:34:24.700+0000] {processor.py:175} INFO - Processing /home/airflow/.local/lib/python3.7/site-packages/airflow/example_dags/example_short_circuit_operator.py took 0.120 seconds
[2023-03-17T03:34:55.264+0000] {processor.py:153} INFO - Started process (PID=10393) to work on /home/airflow/.local/lib/python3.7/site-packages/airflow/example_dags/example_short_circuit_operator.py
[2023-03-17T03:34:55.265+0000] {processor.py:743} INFO - Processing file /home/airflow/.local/lib/python3.7/site-packages/airflow/example_dags/example_short_circuit_operator.py for tasks to queue
[2023-03-17T03:34:55.267+0000] {logging_mixin.py:137} INFO - [2023-03-17T03:34:55.267+0000] {dagbag.py:532} INFO - Filling up the DagBag from /home/airflow/.local/lib/python3.7/site-packages/airflow/example_dags/example_short_circuit_operator.py
[2023-03-17T03:34:55.287+0000] {processor.py:753} INFO - DAG(s) dict_keys(['example_short_circuit_operator']) retrieved from /home/airflow/.local/lib/python3.7/site-packages/airflow/example_dags/example_short_circuit_operator.py
[2023-03-17T03:34:55.320+0000] {logging_mixin.py:137} INFO - [2023-03-17T03:34:55.320+0000] {dag.py:2693} INFO - Sync 1 DAGs
[2023-03-17T03:34:55.353+0000] {logging_mixin.py:137} INFO - [2023-03-17T03:34:55.353+0000] {dag.py:3444} INFO - Setting next_dagrun for example_short_circuit_operator to 2023-03-16T03:34:55.353521+00:00, run_after=2023-03-17T03:34:55.353521+00:00
[2023-03-17T03:34:55.379+0000] {processor.py:175} INFO - Processing /home/airflow/.local/lib/python3.7/site-packages/airflow/example_dags/example_short_circuit_operator.py took 0.121 seconds
