[2023-03-17T03:10:57.757+0000] {processor.py:153} INFO - Started process (PID=173) to work on /home/airflow/.local/lib/python3.7/site-packages/airflow/example_dags/example_params_ui_tutorial.py
[2023-03-17T03:10:57.769+0000] {processor.py:743} INFO - Processing file /home/airflow/.local/lib/python3.7/site-packages/airflow/example_dags/example_params_ui_tutorial.py for tasks to queue
[2023-03-17T03:10:57.782+0000] {logging_mixin.py:137} INFO - [2023-03-17T03:10:57.781+0000] {dagbag.py:532} INFO - Filling up the DagBag from /home/airflow/.local/lib/python3.7/site-packages/airflow/example_dags/example_params_ui_tutorial.py
[2023-03-17T03:10:58.168+0000] {processor.py:753} INFO - DAG(s) dict_keys(['example_params_ui_tutorial']) retrieved from /home/airflow/.local/lib/python3.7/site-packages/airflow/example_dags/example_params_ui_tutorial.py
[2023-03-17T03:10:58.432+0000] {logging_mixin.py:137} INFO - [2023-03-17T03:10:58.431+0000] {dag.py:2693} INFO - Sync 1 DAGs
[2023-03-17T03:10:58.521+0000] {logging_mixin.py:137} INFO - [2023-03-17T03:10:58.521+0000] {dag.py:3444} INFO - Setting next_dagrun for example_params_ui_tutorial to None, run_after=None
[2023-03-17T03:10:58.562+0000] {processor.py:175} INFO - Processing /home/airflow/.local/lib/python3.7/site-packages/airflow/example_dags/example_params_ui_tutorial.py took 0.847 seconds
[2023-03-17T03:11:29.250+0000] {processor.py:153} INFO - Started process (PID=392) to work on /home/airflow/.local/lib/python3.7/site-packages/airflow/example_dags/example_params_ui_tutorial.py
[2023-03-17T03:11:29.279+0000] {processor.py:743} INFO - Processing file /home/airflow/.local/lib/python3.7/site-packages/airflow/example_dags/example_params_ui_tutorial.py for tasks to queue
[2023-03-17T03:11:29.296+0000] {logging_mixin.py:137} INFO - [2023-03-17T03:11:29.293+0000] {dagbag.py:532} INFO - Filling up the DagBag from /home/airflow/.local/lib/python3.7/site-packages/airflow/example_dags/example_params_ui_tutorial.py
[2023-03-17T03:11:30.053+0000] {processor.py:753} INFO - DAG(s) dict_keys(['example_params_ui_tutorial']) retrieved from /home/airflow/.local/lib/python3.7/site-packages/airflow/example_dags/example_params_ui_tutorial.py
[2023-03-17T03:11:30.809+0000] {logging_mixin.py:137} INFO - [2023-03-17T03:11:30.809+0000] {dag.py:2693} INFO - Sync 1 DAGs
[2023-03-17T03:11:31.000+0000] {logging_mixin.py:137} INFO - [2023-03-17T03:11:30.999+0000] {dag.py:3444} INFO - Setting next_dagrun for example_params_ui_tutorial to None, run_after=None
[2023-03-17T03:11:31.048+0000] {processor.py:175} INFO - Processing /home/airflow/.local/lib/python3.7/site-packages/airflow/example_dags/example_params_ui_tutorial.py took 1.940 seconds
[2023-03-17T03:12:01.740+0000] {processor.py:153} INFO - Started process (PID=607) to work on /home/airflow/.local/lib/python3.7/site-packages/airflow/example_dags/example_params_ui_tutorial.py
[2023-03-17T03:12:01.742+0000] {processor.py:743} INFO - Processing file /home/airflow/.local/lib/python3.7/site-packages/airflow/example_dags/example_params_ui_tutorial.py for tasks to queue
[2023-03-17T03:12:01.743+0000] {logging_mixin.py:137} INFO - [2023-03-17T03:12:01.743+0000] {dagbag.py:532} INFO - Filling up the DagBag from /home/airflow/.local/lib/python3.7/site-packages/airflow/example_dags/example_params_ui_tutorial.py
[2023-03-17T03:12:02.295+0000] {processor.py:753} INFO - DAG(s) dict_keys(['example_params_ui_tutorial']) retrieved from /home/airflow/.local/lib/python3.7/site-packages/airflow/example_dags/example_params_ui_tutorial.py
[2023-03-17T03:12:02.849+0000] {logging_mixin.py:137} INFO - [2023-03-17T03:12:02.849+0000] {dag.py:2693} INFO - Sync 1 DAGs
[2023-03-17T03:12:02.915+0000] {logging_mixin.py:137} INFO - [2023-03-17T03:12:02.915+0000] {dag.py:3444} INFO - Setting next_dagrun for example_params_ui_tutorial to None, run_after=None
[2023-03-17T03:12:02.948+0000] {processor.py:175} INFO - Processing /home/airflow/.local/lib/python3.7/site-packages/airflow/example_dags/example_params_ui_tutorial.py took 1.212 seconds
[2023-03-17T03:12:33.057+0000] {processor.py:153} INFO - Started process (PID=826) to work on /home/airflow/.local/lib/python3.7/site-packages/airflow/example_dags/example_params_ui_tutorial.py
[2023-03-17T03:12:33.059+0000] {processor.py:743} INFO - Processing file /home/airflow/.local/lib/python3.7/site-packages/airflow/example_dags/example_params_ui_tutorial.py for tasks to queue
[2023-03-17T03:12:33.060+0000] {logging_mixin.py:137} INFO - [2023-03-17T03:12:33.060+0000] {dagbag.py:532} INFO - Filling up the DagBag from /home/airflow/.local/lib/python3.7/site-packages/airflow/example_dags/example_params_ui_tutorial.py
[2023-03-17T03:12:33.133+0000] {processor.py:753} INFO - DAG(s) dict_keys(['example_params_ui_tutorial']) retrieved from /home/airflow/.local/lib/python3.7/site-packages/airflow/example_dags/example_params_ui_tutorial.py
[2023-03-17T03:12:33.226+0000] {logging_mixin.py:137} INFO - [2023-03-17T03:12:33.226+0000] {dag.py:2693} INFO - Sync 1 DAGs
[2023-03-17T03:12:33.259+0000] {logging_mixin.py:137} INFO - [2023-03-17T03:12:33.259+0000] {dag.py:3444} INFO - Setting next_dagrun for example_params_ui_tutorial to None, run_after=None
[2023-03-17T03:12:33.284+0000] {processor.py:175} INFO - Processing /home/airflow/.local/lib/python3.7/site-packages/airflow/example_dags/example_params_ui_tutorial.py took 0.231 seconds
[2023-03-17T03:13:03.767+0000] {processor.py:153} INFO - Started process (PID=1043) to work on /home/airflow/.local/lib/python3.7/site-packages/airflow/example_dags/example_params_ui_tutorial.py
[2023-03-17T03:13:03.768+0000] {processor.py:743} INFO - Processing file /home/airflow/.local/lib/python3.7/site-packages/airflow/example_dags/example_params_ui_tutorial.py for tasks to queue
[2023-03-17T03:13:03.769+0000] {logging_mixin.py:137} INFO - [2023-03-17T03:13:03.769+0000] {dagbag.py:532} INFO - Filling up the DagBag from /home/airflow/.local/lib/python3.7/site-packages/airflow/example_dags/example_params_ui_tutorial.py
[2023-03-17T03:13:03.845+0000] {processor.py:753} INFO - DAG(s) dict_keys(['example_params_ui_tutorial']) retrieved from /home/airflow/.local/lib/python3.7/site-packages/airflow/example_dags/example_params_ui_tutorial.py
[2023-03-17T03:13:04.010+0000] {logging_mixin.py:137} INFO - [2023-03-17T03:13:04.010+0000] {dag.py:2693} INFO - Sync 1 DAGs
[2023-03-17T03:13:04.042+0000] {logging_mixin.py:137} INFO - [2023-03-17T03:13:04.042+0000] {dag.py:3444} INFO - Setting next_dagrun for example_params_ui_tutorial to None, run_after=None
[2023-03-17T03:13:04.067+0000] {processor.py:175} INFO - Processing /home/airflow/.local/lib/python3.7/site-packages/airflow/example_dags/example_params_ui_tutorial.py took 0.303 seconds
[2023-03-17T03:13:34.571+0000] {processor.py:153} INFO - Started process (PID=1267) to work on /home/airflow/.local/lib/python3.7/site-packages/airflow/example_dags/example_params_ui_tutorial.py
[2023-03-17T03:13:34.572+0000] {processor.py:743} INFO - Processing file /home/airflow/.local/lib/python3.7/site-packages/airflow/example_dags/example_params_ui_tutorial.py for tasks to queue
[2023-03-17T03:13:34.573+0000] {logging_mixin.py:137} INFO - [2023-03-17T03:13:34.573+0000] {dagbag.py:532} INFO - Filling up the DagBag from /home/airflow/.local/lib/python3.7/site-packages/airflow/example_dags/example_params_ui_tutorial.py
[2023-03-17T03:13:34.699+0000] {processor.py:753} INFO - DAG(s) dict_keys(['example_params_ui_tutorial']) retrieved from /home/airflow/.local/lib/python3.7/site-packages/airflow/example_dags/example_params_ui_tutorial.py
[2023-03-17T03:13:34.807+0000] {logging_mixin.py:137} INFO - [2023-03-17T03:13:34.806+0000] {dag.py:2693} INFO - Sync 1 DAGs
[2023-03-17T03:13:34.838+0000] {logging_mixin.py:137} INFO - [2023-03-17T03:13:34.837+0000] {dag.py:3444} INFO - Setting next_dagrun for example_params_ui_tutorial to None, run_after=None
[2023-03-17T03:13:34.864+0000] {processor.py:175} INFO - Processing /home/airflow/.local/lib/python3.7/site-packages/airflow/example_dags/example_params_ui_tutorial.py took 0.296 seconds
[2023-03-17T03:14:05.140+0000] {processor.py:153} INFO - Started process (PID=1484) to work on /home/airflow/.local/lib/python3.7/site-packages/airflow/example_dags/example_params_ui_tutorial.py
[2023-03-17T03:14:05.142+0000] {processor.py:743} INFO - Processing file /home/airflow/.local/lib/python3.7/site-packages/airflow/example_dags/example_params_ui_tutorial.py for tasks to queue
[2023-03-17T03:14:05.145+0000] {logging_mixin.py:137} INFO - [2023-03-17T03:14:05.145+0000] {dagbag.py:532} INFO - Filling up the DagBag from /home/airflow/.local/lib/python3.7/site-packages/airflow/example_dags/example_params_ui_tutorial.py
[2023-03-17T03:14:05.212+0000] {processor.py:753} INFO - DAG(s) dict_keys(['example_params_ui_tutorial']) retrieved from /home/airflow/.local/lib/python3.7/site-packages/airflow/example_dags/example_params_ui_tutorial.py
[2023-03-17T03:14:05.303+0000] {logging_mixin.py:137} INFO - [2023-03-17T03:14:05.303+0000] {dag.py:2693} INFO - Sync 1 DAGs
[2023-03-17T03:14:05.335+0000] {logging_mixin.py:137} INFO - [2023-03-17T03:14:05.335+0000] {dag.py:3444} INFO - Setting next_dagrun for example_params_ui_tutorial to None, run_after=None
[2023-03-17T03:14:05.363+0000] {processor.py:175} INFO - Processing /home/airflow/.local/lib/python3.7/site-packages/airflow/example_dags/example_params_ui_tutorial.py took 0.228 seconds
[2023-03-17T03:14:35.436+0000] {processor.py:153} INFO - Started process (PID=1701) to work on /home/airflow/.local/lib/python3.7/site-packages/airflow/example_dags/example_params_ui_tutorial.py
[2023-03-17T03:14:35.437+0000] {processor.py:743} INFO - Processing file /home/airflow/.local/lib/python3.7/site-packages/airflow/example_dags/example_params_ui_tutorial.py for tasks to queue
[2023-03-17T03:14:35.438+0000] {logging_mixin.py:137} INFO - [2023-03-17T03:14:35.438+0000] {dagbag.py:532} INFO - Filling up the DagBag from /home/airflow/.local/lib/python3.7/site-packages/airflow/example_dags/example_params_ui_tutorial.py
[2023-03-17T03:14:35.502+0000] {processor.py:753} INFO - DAG(s) dict_keys(['example_params_ui_tutorial']) retrieved from /home/airflow/.local/lib/python3.7/site-packages/airflow/example_dags/example_params_ui_tutorial.py
[2023-03-17T03:14:35.633+0000] {logging_mixin.py:137} INFO - [2023-03-17T03:14:35.633+0000] {dag.py:2693} INFO - Sync 1 DAGs
[2023-03-17T03:14:35.662+0000] {logging_mixin.py:137} INFO - [2023-03-17T03:14:35.662+0000] {dag.py:3444} INFO - Setting next_dagrun for example_params_ui_tutorial to None, run_after=None
[2023-03-17T03:14:35.685+0000] {processor.py:175} INFO - Processing /home/airflow/.local/lib/python3.7/site-packages/airflow/example_dags/example_params_ui_tutorial.py took 0.253 seconds
[2023-03-17T03:15:06.049+0000] {processor.py:153} INFO - Started process (PID=1918) to work on /home/airflow/.local/lib/python3.7/site-packages/airflow/example_dags/example_params_ui_tutorial.py
[2023-03-17T03:15:06.050+0000] {processor.py:743} INFO - Processing file /home/airflow/.local/lib/python3.7/site-packages/airflow/example_dags/example_params_ui_tutorial.py for tasks to queue
[2023-03-17T03:15:06.051+0000] {logging_mixin.py:137} INFO - [2023-03-17T03:15:06.051+0000] {dagbag.py:532} INFO - Filling up the DagBag from /home/airflow/.local/lib/python3.7/site-packages/airflow/example_dags/example_params_ui_tutorial.py
[2023-03-17T03:15:06.121+0000] {processor.py:753} INFO - DAG(s) dict_keys(['example_params_ui_tutorial']) retrieved from /home/airflow/.local/lib/python3.7/site-packages/airflow/example_dags/example_params_ui_tutorial.py
[2023-03-17T03:15:06.203+0000] {logging_mixin.py:137} INFO - [2023-03-17T03:15:06.203+0000] {dag.py:2693} INFO - Sync 1 DAGs
[2023-03-17T03:15:06.234+0000] {logging_mixin.py:137} INFO - [2023-03-17T03:15:06.233+0000] {dag.py:3444} INFO - Setting next_dagrun for example_params_ui_tutorial to None, run_after=None
[2023-03-17T03:15:06.259+0000] {processor.py:175} INFO - Processing /home/airflow/.local/lib/python3.7/site-packages/airflow/example_dags/example_params_ui_tutorial.py took 0.213 seconds
[2023-03-17T03:15:36.637+0000] {processor.py:153} INFO - Started process (PID=2135) to work on /home/airflow/.local/lib/python3.7/site-packages/airflow/example_dags/example_params_ui_tutorial.py
[2023-03-17T03:15:36.638+0000] {processor.py:743} INFO - Processing file /home/airflow/.local/lib/python3.7/site-packages/airflow/example_dags/example_params_ui_tutorial.py for tasks to queue
[2023-03-17T03:15:36.639+0000] {logging_mixin.py:137} INFO - [2023-03-17T03:15:36.639+0000] {dagbag.py:532} INFO - Filling up the DagBag from /home/airflow/.local/lib/python3.7/site-packages/airflow/example_dags/example_params_ui_tutorial.py
[2023-03-17T03:15:36.704+0000] {processor.py:753} INFO - DAG(s) dict_keys(['example_params_ui_tutorial']) retrieved from /home/airflow/.local/lib/python3.7/site-packages/airflow/example_dags/example_params_ui_tutorial.py
[2023-03-17T03:15:36.786+0000] {logging_mixin.py:137} INFO - [2023-03-17T03:15:36.786+0000] {dag.py:2693} INFO - Sync 1 DAGs
[2023-03-17T03:15:36.816+0000] {logging_mixin.py:137} INFO - [2023-03-17T03:15:36.816+0000] {dag.py:3444} INFO - Setting next_dagrun for example_params_ui_tutorial to None, run_after=None
[2023-03-17T03:15:36.843+0000] {processor.py:175} INFO - Processing /home/airflow/.local/lib/python3.7/site-packages/airflow/example_dags/example_params_ui_tutorial.py took 0.210 seconds
[2023-03-17T03:16:07.070+0000] {processor.py:153} INFO - Started process (PID=2353) to work on /home/airflow/.local/lib/python3.7/site-packages/airflow/example_dags/example_params_ui_tutorial.py
[2023-03-17T03:16:07.071+0000] {processor.py:743} INFO - Processing file /home/airflow/.local/lib/python3.7/site-packages/airflow/example_dags/example_params_ui_tutorial.py for tasks to queue
[2023-03-17T03:16:07.072+0000] {logging_mixin.py:137} INFO - [2023-03-17T03:16:07.072+0000] {dagbag.py:532} INFO - Filling up the DagBag from /home/airflow/.local/lib/python3.7/site-packages/airflow/example_dags/example_params_ui_tutorial.py
[2023-03-17T03:16:07.143+0000] {processor.py:753} INFO - DAG(s) dict_keys(['example_params_ui_tutorial']) retrieved from /home/airflow/.local/lib/python3.7/site-packages/airflow/example_dags/example_params_ui_tutorial.py
[2023-03-17T03:16:07.223+0000] {logging_mixin.py:137} INFO - [2023-03-17T03:16:07.223+0000] {dag.py:2693} INFO - Sync 1 DAGs
[2023-03-17T03:16:07.253+0000] {logging_mixin.py:137} INFO - [2023-03-17T03:16:07.253+0000] {dag.py:3444} INFO - Setting next_dagrun for example_params_ui_tutorial to None, run_after=None
[2023-03-17T03:16:07.279+0000] {processor.py:175} INFO - Processing /home/airflow/.local/lib/python3.7/site-packages/airflow/example_dags/example_params_ui_tutorial.py took 0.213 seconds
[2023-03-17T03:16:37.754+0000] {processor.py:153} INFO - Started process (PID=2570) to work on /home/airflow/.local/lib/python3.7/site-packages/airflow/example_dags/example_params_ui_tutorial.py
[2023-03-17T03:16:37.755+0000] {processor.py:743} INFO - Processing file /home/airflow/.local/lib/python3.7/site-packages/airflow/example_dags/example_params_ui_tutorial.py for tasks to queue
[2023-03-17T03:16:37.756+0000] {logging_mixin.py:137} INFO - [2023-03-17T03:16:37.756+0000] {dagbag.py:532} INFO - Filling up the DagBag from /home/airflow/.local/lib/python3.7/site-packages/airflow/example_dags/example_params_ui_tutorial.py
[2023-03-17T03:16:37.824+0000] {processor.py:753} INFO - DAG(s) dict_keys(['example_params_ui_tutorial']) retrieved from /home/airflow/.local/lib/python3.7/site-packages/airflow/example_dags/example_params_ui_tutorial.py
[2023-03-17T03:16:37.910+0000] {logging_mixin.py:137} INFO - [2023-03-17T03:16:37.910+0000] {dag.py:2693} INFO - Sync 1 DAGs
[2023-03-17T03:16:37.941+0000] {logging_mixin.py:137} INFO - [2023-03-17T03:16:37.941+0000] {dag.py:3444} INFO - Setting next_dagrun for example_params_ui_tutorial to None, run_after=None
[2023-03-17T03:16:37.966+0000] {processor.py:175} INFO - Processing /home/airflow/.local/lib/python3.7/site-packages/airflow/example_dags/example_params_ui_tutorial.py took 0.215 seconds
[2023-03-17T03:17:08.264+0000] {processor.py:153} INFO - Started process (PID=2787) to work on /home/airflow/.local/lib/python3.7/site-packages/airflow/example_dags/example_params_ui_tutorial.py
[2023-03-17T03:17:08.266+0000] {processor.py:743} INFO - Processing file /home/airflow/.local/lib/python3.7/site-packages/airflow/example_dags/example_params_ui_tutorial.py for tasks to queue
[2023-03-17T03:17:08.267+0000] {logging_mixin.py:137} INFO - [2023-03-17T03:17:08.267+0000] {dagbag.py:532} INFO - Filling up the DagBag from /home/airflow/.local/lib/python3.7/site-packages/airflow/example_dags/example_params_ui_tutorial.py
[2023-03-17T03:17:08.337+0000] {processor.py:753} INFO - DAG(s) dict_keys(['example_params_ui_tutorial']) retrieved from /home/airflow/.local/lib/python3.7/site-packages/airflow/example_dags/example_params_ui_tutorial.py
[2023-03-17T03:17:08.418+0000] {logging_mixin.py:137} INFO - [2023-03-17T03:17:08.418+0000] {dag.py:2693} INFO - Sync 1 DAGs
[2023-03-17T03:17:08.448+0000] {logging_mixin.py:137} INFO - [2023-03-17T03:17:08.448+0000] {dag.py:3444} INFO - Setting next_dagrun for example_params_ui_tutorial to None, run_after=None
[2023-03-17T03:17:08.474+0000] {processor.py:175} INFO - Processing /home/airflow/.local/lib/python3.7/site-packages/airflow/example_dags/example_params_ui_tutorial.py took 0.214 seconds
[2023-03-17T03:17:38.628+0000] {processor.py:153} INFO - Started process (PID=3004) to work on /home/airflow/.local/lib/python3.7/site-packages/airflow/example_dags/example_params_ui_tutorial.py
[2023-03-17T03:17:38.629+0000] {processor.py:743} INFO - Processing file /home/airflow/.local/lib/python3.7/site-packages/airflow/example_dags/example_params_ui_tutorial.py for tasks to queue
[2023-03-17T03:17:38.630+0000] {logging_mixin.py:137} INFO - [2023-03-17T03:17:38.630+0000] {dagbag.py:532} INFO - Filling up the DagBag from /home/airflow/.local/lib/python3.7/site-packages/airflow/example_dags/example_params_ui_tutorial.py
[2023-03-17T03:17:38.696+0000] {processor.py:753} INFO - DAG(s) dict_keys(['example_params_ui_tutorial']) retrieved from /home/airflow/.local/lib/python3.7/site-packages/airflow/example_dags/example_params_ui_tutorial.py
[2023-03-17T03:17:38.782+0000] {logging_mixin.py:137} INFO - [2023-03-17T03:17:38.782+0000] {dag.py:2693} INFO - Sync 1 DAGs
[2023-03-17T03:17:38.814+0000] {logging_mixin.py:137} INFO - [2023-03-17T03:17:38.813+0000] {dag.py:3444} INFO - Setting next_dagrun for example_params_ui_tutorial to None, run_after=None
[2023-03-17T03:17:38.840+0000] {processor.py:175} INFO - Processing /home/airflow/.local/lib/python3.7/site-packages/airflow/example_dags/example_params_ui_tutorial.py took 0.216 seconds
[2023-03-17T03:18:09.116+0000] {processor.py:153} INFO - Started process (PID=3221) to work on /home/airflow/.local/lib/python3.7/site-packages/airflow/example_dags/example_params_ui_tutorial.py
[2023-03-17T03:18:09.117+0000] {processor.py:743} INFO - Processing file /home/airflow/.local/lib/python3.7/site-packages/airflow/example_dags/example_params_ui_tutorial.py for tasks to queue
[2023-03-17T03:18:09.118+0000] {logging_mixin.py:137} INFO - [2023-03-17T03:18:09.118+0000] {dagbag.py:532} INFO - Filling up the DagBag from /home/airflow/.local/lib/python3.7/site-packages/airflow/example_dags/example_params_ui_tutorial.py
[2023-03-17T03:18:09.182+0000] {processor.py:753} INFO - DAG(s) dict_keys(['example_params_ui_tutorial']) retrieved from /home/airflow/.local/lib/python3.7/site-packages/airflow/example_dags/example_params_ui_tutorial.py
[2023-03-17T03:18:09.262+0000] {logging_mixin.py:137} INFO - [2023-03-17T03:18:09.262+0000] {dag.py:2693} INFO - Sync 1 DAGs
[2023-03-17T03:18:09.294+0000] {logging_mixin.py:137} INFO - [2023-03-17T03:18:09.294+0000] {dag.py:3444} INFO - Setting next_dagrun for example_params_ui_tutorial to None, run_after=None
[2023-03-17T03:18:09.321+0000] {processor.py:175} INFO - Processing /home/airflow/.local/lib/python3.7/site-packages/airflow/example_dags/example_params_ui_tutorial.py took 0.209 seconds
[2023-03-17T03:18:39.618+0000] {processor.py:153} INFO - Started process (PID=3439) to work on /home/airflow/.local/lib/python3.7/site-packages/airflow/example_dags/example_params_ui_tutorial.py
[2023-03-17T03:18:39.619+0000] {processor.py:743} INFO - Processing file /home/airflow/.local/lib/python3.7/site-packages/airflow/example_dags/example_params_ui_tutorial.py for tasks to queue
[2023-03-17T03:18:39.620+0000] {logging_mixin.py:137} INFO - [2023-03-17T03:18:39.620+0000] {dagbag.py:532} INFO - Filling up the DagBag from /home/airflow/.local/lib/python3.7/site-packages/airflow/example_dags/example_params_ui_tutorial.py
[2023-03-17T03:18:39.685+0000] {processor.py:753} INFO - DAG(s) dict_keys(['example_params_ui_tutorial']) retrieved from /home/airflow/.local/lib/python3.7/site-packages/airflow/example_dags/example_params_ui_tutorial.py
[2023-03-17T03:18:39.768+0000] {logging_mixin.py:137} INFO - [2023-03-17T03:18:39.768+0000] {dag.py:2693} INFO - Sync 1 DAGs
[2023-03-17T03:18:39.798+0000] {logging_mixin.py:137} INFO - [2023-03-17T03:18:39.798+0000] {dag.py:3444} INFO - Setting next_dagrun for example_params_ui_tutorial to None, run_after=None
[2023-03-17T03:18:39.823+0000] {processor.py:175} INFO - Processing /home/airflow/.local/lib/python3.7/site-packages/airflow/example_dags/example_params_ui_tutorial.py took 0.208 seconds
[2023-03-17T03:19:10.139+0000] {processor.py:153} INFO - Started process (PID=3656) to work on /home/airflow/.local/lib/python3.7/site-packages/airflow/example_dags/example_params_ui_tutorial.py
[2023-03-17T03:19:10.140+0000] {processor.py:743} INFO - Processing file /home/airflow/.local/lib/python3.7/site-packages/airflow/example_dags/example_params_ui_tutorial.py for tasks to queue
[2023-03-17T03:19:10.141+0000] {logging_mixin.py:137} INFO - [2023-03-17T03:19:10.141+0000] {dagbag.py:532} INFO - Filling up the DagBag from /home/airflow/.local/lib/python3.7/site-packages/airflow/example_dags/example_params_ui_tutorial.py
[2023-03-17T03:19:10.206+0000] {processor.py:753} INFO - DAG(s) dict_keys(['example_params_ui_tutorial']) retrieved from /home/airflow/.local/lib/python3.7/site-packages/airflow/example_dags/example_params_ui_tutorial.py
[2023-03-17T03:19:10.287+0000] {logging_mixin.py:137} INFO - [2023-03-17T03:19:10.287+0000] {dag.py:2693} INFO - Sync 1 DAGs
[2023-03-17T03:19:10.317+0000] {logging_mixin.py:137} INFO - [2023-03-17T03:19:10.317+0000] {dag.py:3444} INFO - Setting next_dagrun for example_params_ui_tutorial to None, run_after=None
[2023-03-17T03:19:10.346+0000] {processor.py:175} INFO - Processing /home/airflow/.local/lib/python3.7/site-packages/airflow/example_dags/example_params_ui_tutorial.py took 0.209 seconds
[2023-03-17T03:19:40.867+0000] {processor.py:153} INFO - Started process (PID=3873) to work on /home/airflow/.local/lib/python3.7/site-packages/airflow/example_dags/example_params_ui_tutorial.py
[2023-03-17T03:19:40.869+0000] {processor.py:743} INFO - Processing file /home/airflow/.local/lib/python3.7/site-packages/airflow/example_dags/example_params_ui_tutorial.py for tasks to queue
[2023-03-17T03:19:40.870+0000] {logging_mixin.py:137} INFO - [2023-03-17T03:19:40.870+0000] {dagbag.py:532} INFO - Filling up the DagBag from /home/airflow/.local/lib/python3.7/site-packages/airflow/example_dags/example_params_ui_tutorial.py
[2023-03-17T03:19:40.951+0000] {processor.py:753} INFO - DAG(s) dict_keys(['example_params_ui_tutorial']) retrieved from /home/airflow/.local/lib/python3.7/site-packages/airflow/example_dags/example_params_ui_tutorial.py
[2023-03-17T03:19:41.062+0000] {logging_mixin.py:137} INFO - [2023-03-17T03:19:41.062+0000] {dag.py:2693} INFO - Sync 1 DAGs
[2023-03-17T03:19:41.092+0000] {logging_mixin.py:137} INFO - [2023-03-17T03:19:41.092+0000] {dag.py:3444} INFO - Setting next_dagrun for example_params_ui_tutorial to None, run_after=None
[2023-03-17T03:19:41.116+0000] {processor.py:175} INFO - Processing /home/airflow/.local/lib/python3.7/site-packages/airflow/example_dags/example_params_ui_tutorial.py took 0.252 seconds
[2023-03-17T03:20:11.362+0000] {processor.py:153} INFO - Started process (PID=4090) to work on /home/airflow/.local/lib/python3.7/site-packages/airflow/example_dags/example_params_ui_tutorial.py
[2023-03-17T03:20:11.364+0000] {processor.py:743} INFO - Processing file /home/airflow/.local/lib/python3.7/site-packages/airflow/example_dags/example_params_ui_tutorial.py for tasks to queue
[2023-03-17T03:20:11.365+0000] {logging_mixin.py:137} INFO - [2023-03-17T03:20:11.365+0000] {dagbag.py:532} INFO - Filling up the DagBag from /home/airflow/.local/lib/python3.7/site-packages/airflow/example_dags/example_params_ui_tutorial.py
[2023-03-17T03:20:11.429+0000] {processor.py:753} INFO - DAG(s) dict_keys(['example_params_ui_tutorial']) retrieved from /home/airflow/.local/lib/python3.7/site-packages/airflow/example_dags/example_params_ui_tutorial.py
[2023-03-17T03:20:11.512+0000] {logging_mixin.py:137} INFO - [2023-03-17T03:20:11.511+0000] {dag.py:2693} INFO - Sync 1 DAGs
[2023-03-17T03:20:11.541+0000] {logging_mixin.py:137} INFO - [2023-03-17T03:20:11.540+0000] {dag.py:3444} INFO - Setting next_dagrun for example_params_ui_tutorial to None, run_after=None
[2023-03-17T03:20:11.565+0000] {processor.py:175} INFO - Processing /home/airflow/.local/lib/python3.7/site-packages/airflow/example_dags/example_params_ui_tutorial.py took 0.206 seconds
[2023-03-17T03:20:41.750+0000] {processor.py:153} INFO - Started process (PID=4309) to work on /home/airflow/.local/lib/python3.7/site-packages/airflow/example_dags/example_params_ui_tutorial.py
[2023-03-17T03:20:41.751+0000] {processor.py:743} INFO - Processing file /home/airflow/.local/lib/python3.7/site-packages/airflow/example_dags/example_params_ui_tutorial.py for tasks to queue
[2023-03-17T03:20:41.752+0000] {logging_mixin.py:137} INFO - [2023-03-17T03:20:41.752+0000] {dagbag.py:532} INFO - Filling up the DagBag from /home/airflow/.local/lib/python3.7/site-packages/airflow/example_dags/example_params_ui_tutorial.py
[2023-03-17T03:20:41.818+0000] {processor.py:753} INFO - DAG(s) dict_keys(['example_params_ui_tutorial']) retrieved from /home/airflow/.local/lib/python3.7/site-packages/airflow/example_dags/example_params_ui_tutorial.py
[2023-03-17T03:20:41.919+0000] {logging_mixin.py:137} INFO - [2023-03-17T03:20:41.919+0000] {dag.py:2693} INFO - Sync 1 DAGs
[2023-03-17T03:20:41.957+0000] {logging_mixin.py:137} INFO - [2023-03-17T03:20:41.957+0000] {dag.py:3444} INFO - Setting next_dagrun for example_params_ui_tutorial to None, run_after=None
[2023-03-17T03:20:41.986+0000] {processor.py:175} INFO - Processing /home/airflow/.local/lib/python3.7/site-packages/airflow/example_dags/example_params_ui_tutorial.py took 0.240 seconds
[2023-03-17T03:21:12.242+0000] {processor.py:153} INFO - Started process (PID=4524) to work on /home/airflow/.local/lib/python3.7/site-packages/airflow/example_dags/example_params_ui_tutorial.py
[2023-03-17T03:21:12.243+0000] {processor.py:743} INFO - Processing file /home/airflow/.local/lib/python3.7/site-packages/airflow/example_dags/example_params_ui_tutorial.py for tasks to queue
[2023-03-17T03:21:12.244+0000] {logging_mixin.py:137} INFO - [2023-03-17T03:21:12.244+0000] {dagbag.py:532} INFO - Filling up the DagBag from /home/airflow/.local/lib/python3.7/site-packages/airflow/example_dags/example_params_ui_tutorial.py
[2023-03-17T03:21:12.309+0000] {processor.py:753} INFO - DAG(s) dict_keys(['example_params_ui_tutorial']) retrieved from /home/airflow/.local/lib/python3.7/site-packages/airflow/example_dags/example_params_ui_tutorial.py
[2023-03-17T03:21:12.393+0000] {logging_mixin.py:137} INFO - [2023-03-17T03:21:12.393+0000] {dag.py:2693} INFO - Sync 1 DAGs
[2023-03-17T03:21:12.426+0000] {logging_mixin.py:137} INFO - [2023-03-17T03:21:12.426+0000] {dag.py:3444} INFO - Setting next_dagrun for example_params_ui_tutorial to None, run_after=None
[2023-03-17T03:21:12.451+0000] {processor.py:175} INFO - Processing /home/airflow/.local/lib/python3.7/site-packages/airflow/example_dags/example_params_ui_tutorial.py took 0.213 seconds
[2023-03-17T03:21:43.031+0000] {processor.py:153} INFO - Started process (PID=4741) to work on /home/airflow/.local/lib/python3.7/site-packages/airflow/example_dags/example_params_ui_tutorial.py
[2023-03-17T03:21:43.032+0000] {processor.py:743} INFO - Processing file /home/airflow/.local/lib/python3.7/site-packages/airflow/example_dags/example_params_ui_tutorial.py for tasks to queue
[2023-03-17T03:21:43.033+0000] {logging_mixin.py:137} INFO - [2023-03-17T03:21:43.033+0000] {dagbag.py:532} INFO - Filling up the DagBag from /home/airflow/.local/lib/python3.7/site-packages/airflow/example_dags/example_params_ui_tutorial.py
[2023-03-17T03:21:43.105+0000] {processor.py:753} INFO - DAG(s) dict_keys(['example_params_ui_tutorial']) retrieved from /home/airflow/.local/lib/python3.7/site-packages/airflow/example_dags/example_params_ui_tutorial.py
[2023-03-17T03:21:43.188+0000] {logging_mixin.py:137} INFO - [2023-03-17T03:21:43.187+0000] {dag.py:2693} INFO - Sync 1 DAGs
[2023-03-17T03:21:43.232+0000] {logging_mixin.py:137} INFO - [2023-03-17T03:21:43.232+0000] {dag.py:3444} INFO - Setting next_dagrun for example_params_ui_tutorial to None, run_after=None
[2023-03-17T03:21:43.286+0000] {processor.py:175} INFO - Processing /home/airflow/.local/lib/python3.7/site-packages/airflow/example_dags/example_params_ui_tutorial.py took 0.258 seconds
[2023-03-17T03:22:13.387+0000] {processor.py:153} INFO - Started process (PID=4958) to work on /home/airflow/.local/lib/python3.7/site-packages/airflow/example_dags/example_params_ui_tutorial.py
[2023-03-17T03:22:13.388+0000] {processor.py:743} INFO - Processing file /home/airflow/.local/lib/python3.7/site-packages/airflow/example_dags/example_params_ui_tutorial.py for tasks to queue
[2023-03-17T03:22:13.389+0000] {logging_mixin.py:137} INFO - [2023-03-17T03:22:13.389+0000] {dagbag.py:532} INFO - Filling up the DagBag from /home/airflow/.local/lib/python3.7/site-packages/airflow/example_dags/example_params_ui_tutorial.py
[2023-03-17T03:22:13.453+0000] {processor.py:753} INFO - DAG(s) dict_keys(['example_params_ui_tutorial']) retrieved from /home/airflow/.local/lib/python3.7/site-packages/airflow/example_dags/example_params_ui_tutorial.py
[2023-03-17T03:22:13.539+0000] {logging_mixin.py:137} INFO - [2023-03-17T03:22:13.539+0000] {dag.py:2693} INFO - Sync 1 DAGs
[2023-03-17T03:22:13.569+0000] {logging_mixin.py:137} INFO - [2023-03-17T03:22:13.568+0000] {dag.py:3444} INFO - Setting next_dagrun for example_params_ui_tutorial to None, run_after=None
[2023-03-17T03:22:13.595+0000] {processor.py:175} INFO - Processing /home/airflow/.local/lib/python3.7/site-packages/airflow/example_dags/example_params_ui_tutorial.py took 0.212 seconds
[2023-03-17T03:22:43.831+0000] {processor.py:153} INFO - Started process (PID=5175) to work on /home/airflow/.local/lib/python3.7/site-packages/airflow/example_dags/example_params_ui_tutorial.py
[2023-03-17T03:22:43.833+0000] {processor.py:743} INFO - Processing file /home/airflow/.local/lib/python3.7/site-packages/airflow/example_dags/example_params_ui_tutorial.py for tasks to queue
[2023-03-17T03:22:43.834+0000] {logging_mixin.py:137} INFO - [2023-03-17T03:22:43.833+0000] {dagbag.py:532} INFO - Filling up the DagBag from /home/airflow/.local/lib/python3.7/site-packages/airflow/example_dags/example_params_ui_tutorial.py
[2023-03-17T03:22:43.899+0000] {processor.py:753} INFO - DAG(s) dict_keys(['example_params_ui_tutorial']) retrieved from /home/airflow/.local/lib/python3.7/site-packages/airflow/example_dags/example_params_ui_tutorial.py
[2023-03-17T03:22:43.982+0000] {logging_mixin.py:137} INFO - [2023-03-17T03:22:43.982+0000] {dag.py:2693} INFO - Sync 1 DAGs
[2023-03-17T03:22:44.012+0000] {logging_mixin.py:137} INFO - [2023-03-17T03:22:44.012+0000] {dag.py:3444} INFO - Setting next_dagrun for example_params_ui_tutorial to None, run_after=None
[2023-03-17T03:22:44.042+0000] {processor.py:175} INFO - Processing /home/airflow/.local/lib/python3.7/site-packages/airflow/example_dags/example_params_ui_tutorial.py took 0.214 seconds
[2023-03-17T03:23:14.207+0000] {processor.py:153} INFO - Started process (PID=5393) to work on /home/airflow/.local/lib/python3.7/site-packages/airflow/example_dags/example_params_ui_tutorial.py
[2023-03-17T03:23:14.209+0000] {processor.py:743} INFO - Processing file /home/airflow/.local/lib/python3.7/site-packages/airflow/example_dags/example_params_ui_tutorial.py for tasks to queue
[2023-03-17T03:23:14.210+0000] {logging_mixin.py:137} INFO - [2023-03-17T03:23:14.210+0000] {dagbag.py:532} INFO - Filling up the DagBag from /home/airflow/.local/lib/python3.7/site-packages/airflow/example_dags/example_params_ui_tutorial.py
[2023-03-17T03:23:14.274+0000] {processor.py:753} INFO - DAG(s) dict_keys(['example_params_ui_tutorial']) retrieved from /home/airflow/.local/lib/python3.7/site-packages/airflow/example_dags/example_params_ui_tutorial.py
[2023-03-17T03:23:14.358+0000] {logging_mixin.py:137} INFO - [2023-03-17T03:23:14.358+0000] {dag.py:2693} INFO - Sync 1 DAGs
[2023-03-17T03:23:14.393+0000] {logging_mixin.py:137} INFO - [2023-03-17T03:23:14.393+0000] {dag.py:3444} INFO - Setting next_dagrun for example_params_ui_tutorial to None, run_after=None
[2023-03-17T03:23:14.422+0000] {processor.py:175} INFO - Processing /home/airflow/.local/lib/python3.7/site-packages/airflow/example_dags/example_params_ui_tutorial.py took 0.218 seconds
[2023-03-17T03:23:44.742+0000] {processor.py:153} INFO - Started process (PID=5610) to work on /home/airflow/.local/lib/python3.7/site-packages/airflow/example_dags/example_params_ui_tutorial.py
[2023-03-17T03:23:44.743+0000] {processor.py:743} INFO - Processing file /home/airflow/.local/lib/python3.7/site-packages/airflow/example_dags/example_params_ui_tutorial.py for tasks to queue
[2023-03-17T03:23:44.744+0000] {logging_mixin.py:137} INFO - [2023-03-17T03:23:44.744+0000] {dagbag.py:532} INFO - Filling up the DagBag from /home/airflow/.local/lib/python3.7/site-packages/airflow/example_dags/example_params_ui_tutorial.py
[2023-03-17T03:23:44.809+0000] {processor.py:753} INFO - DAG(s) dict_keys(['example_params_ui_tutorial']) retrieved from /home/airflow/.local/lib/python3.7/site-packages/airflow/example_dags/example_params_ui_tutorial.py
[2023-03-17T03:23:44.891+0000] {logging_mixin.py:137} INFO - [2023-03-17T03:23:44.890+0000] {dag.py:2693} INFO - Sync 1 DAGs
[2023-03-17T03:23:44.923+0000] {logging_mixin.py:137} INFO - [2023-03-17T03:23:44.922+0000] {dag.py:3444} INFO - Setting next_dagrun for example_params_ui_tutorial to None, run_after=None
[2023-03-17T03:23:44.950+0000] {processor.py:175} INFO - Processing /home/airflow/.local/lib/python3.7/site-packages/airflow/example_dags/example_params_ui_tutorial.py took 0.212 seconds
[2023-03-17T03:24:15.104+0000] {processor.py:153} INFO - Started process (PID=5827) to work on /home/airflow/.local/lib/python3.7/site-packages/airflow/example_dags/example_params_ui_tutorial.py
[2023-03-17T03:24:15.106+0000] {processor.py:743} INFO - Processing file /home/airflow/.local/lib/python3.7/site-packages/airflow/example_dags/example_params_ui_tutorial.py for tasks to queue
[2023-03-17T03:24:15.107+0000] {logging_mixin.py:137} INFO - [2023-03-17T03:24:15.107+0000] {dagbag.py:532} INFO - Filling up the DagBag from /home/airflow/.local/lib/python3.7/site-packages/airflow/example_dags/example_params_ui_tutorial.py
[2023-03-17T03:24:15.176+0000] {processor.py:753} INFO - DAG(s) dict_keys(['example_params_ui_tutorial']) retrieved from /home/airflow/.local/lib/python3.7/site-packages/airflow/example_dags/example_params_ui_tutorial.py
[2023-03-17T03:24:15.257+0000] {logging_mixin.py:137} INFO - [2023-03-17T03:24:15.257+0000] {dag.py:2693} INFO - Sync 1 DAGs
[2023-03-17T03:24:15.287+0000] {logging_mixin.py:137} INFO - [2023-03-17T03:24:15.287+0000] {dag.py:3444} INFO - Setting next_dagrun for example_params_ui_tutorial to None, run_after=None
[2023-03-17T03:24:15.313+0000] {processor.py:175} INFO - Processing /home/airflow/.local/lib/python3.7/site-packages/airflow/example_dags/example_params_ui_tutorial.py took 0.213 seconds
[2023-03-17T03:24:45.641+0000] {processor.py:153} INFO - Started process (PID=6044) to work on /home/airflow/.local/lib/python3.7/site-packages/airflow/example_dags/example_params_ui_tutorial.py
[2023-03-17T03:24:45.642+0000] {processor.py:743} INFO - Processing file /home/airflow/.local/lib/python3.7/site-packages/airflow/example_dags/example_params_ui_tutorial.py for tasks to queue
[2023-03-17T03:24:45.643+0000] {logging_mixin.py:137} INFO - [2023-03-17T03:24:45.643+0000] {dagbag.py:532} INFO - Filling up the DagBag from /home/airflow/.local/lib/python3.7/site-packages/airflow/example_dags/example_params_ui_tutorial.py
[2023-03-17T03:24:45.707+0000] {processor.py:753} INFO - DAG(s) dict_keys(['example_params_ui_tutorial']) retrieved from /home/airflow/.local/lib/python3.7/site-packages/airflow/example_dags/example_params_ui_tutorial.py
[2023-03-17T03:24:45.787+0000] {logging_mixin.py:137} INFO - [2023-03-17T03:24:45.786+0000] {dag.py:2693} INFO - Sync 1 DAGs
[2023-03-17T03:24:45.818+0000] {logging_mixin.py:137} INFO - [2023-03-17T03:24:45.818+0000] {dag.py:3444} INFO - Setting next_dagrun for example_params_ui_tutorial to None, run_after=None
[2023-03-17T03:24:45.842+0000] {processor.py:175} INFO - Processing /home/airflow/.local/lib/python3.7/site-packages/airflow/example_dags/example_params_ui_tutorial.py took 0.204 seconds
[2023-03-17T03:25:15.962+0000] {processor.py:153} INFO - Started process (PID=6261) to work on /home/airflow/.local/lib/python3.7/site-packages/airflow/example_dags/example_params_ui_tutorial.py
[2023-03-17T03:25:15.963+0000] {processor.py:743} INFO - Processing file /home/airflow/.local/lib/python3.7/site-packages/airflow/example_dags/example_params_ui_tutorial.py for tasks to queue
[2023-03-17T03:25:15.964+0000] {logging_mixin.py:137} INFO - [2023-03-17T03:25:15.964+0000] {dagbag.py:532} INFO - Filling up the DagBag from /home/airflow/.local/lib/python3.7/site-packages/airflow/example_dags/example_params_ui_tutorial.py
[2023-03-17T03:25:16.054+0000] {processor.py:753} INFO - DAG(s) dict_keys(['example_params_ui_tutorial']) retrieved from /home/airflow/.local/lib/python3.7/site-packages/airflow/example_dags/example_params_ui_tutorial.py
[2023-03-17T03:25:16.140+0000] {logging_mixin.py:137} INFO - [2023-03-17T03:25:16.140+0000] {dag.py:2693} INFO - Sync 1 DAGs
[2023-03-17T03:25:16.170+0000] {logging_mixin.py:137} INFO - [2023-03-17T03:25:16.170+0000] {dag.py:3444} INFO - Setting next_dagrun for example_params_ui_tutorial to None, run_after=None
[2023-03-17T03:25:16.195+0000] {processor.py:175} INFO - Processing /home/airflow/.local/lib/python3.7/site-packages/airflow/example_dags/example_params_ui_tutorial.py took 0.237 seconds
[2023-03-17T03:25:46.421+0000] {processor.py:153} INFO - Started process (PID=6478) to work on /home/airflow/.local/lib/python3.7/site-packages/airflow/example_dags/example_params_ui_tutorial.py
[2023-03-17T03:25:46.423+0000] {processor.py:743} INFO - Processing file /home/airflow/.local/lib/python3.7/site-packages/airflow/example_dags/example_params_ui_tutorial.py for tasks to queue
[2023-03-17T03:25:46.424+0000] {logging_mixin.py:137} INFO - [2023-03-17T03:25:46.424+0000] {dagbag.py:532} INFO - Filling up the DagBag from /home/airflow/.local/lib/python3.7/site-packages/airflow/example_dags/example_params_ui_tutorial.py
[2023-03-17T03:25:46.506+0000] {processor.py:753} INFO - DAG(s) dict_keys(['example_params_ui_tutorial']) retrieved from /home/airflow/.local/lib/python3.7/site-packages/airflow/example_dags/example_params_ui_tutorial.py
[2023-03-17T03:25:46.590+0000] {logging_mixin.py:137} INFO - [2023-03-17T03:25:46.590+0000] {dag.py:2693} INFO - Sync 1 DAGs
[2023-03-17T03:25:46.620+0000] {logging_mixin.py:137} INFO - [2023-03-17T03:25:46.620+0000] {dag.py:3444} INFO - Setting next_dagrun for example_params_ui_tutorial to None, run_after=None
[2023-03-17T03:25:46.643+0000] {processor.py:175} INFO - Processing /home/airflow/.local/lib/python3.7/site-packages/airflow/example_dags/example_params_ui_tutorial.py took 0.225 seconds
[2023-03-17T03:26:16.876+0000] {processor.py:153} INFO - Started process (PID=6695) to work on /home/airflow/.local/lib/python3.7/site-packages/airflow/example_dags/example_params_ui_tutorial.py
[2023-03-17T03:26:16.877+0000] {processor.py:743} INFO - Processing file /home/airflow/.local/lib/python3.7/site-packages/airflow/example_dags/example_params_ui_tutorial.py for tasks to queue
[2023-03-17T03:26:16.878+0000] {logging_mixin.py:137} INFO - [2023-03-17T03:26:16.878+0000] {dagbag.py:532} INFO - Filling up the DagBag from /home/airflow/.local/lib/python3.7/site-packages/airflow/example_dags/example_params_ui_tutorial.py
[2023-03-17T03:26:16.950+0000] {processor.py:753} INFO - DAG(s) dict_keys(['example_params_ui_tutorial']) retrieved from /home/airflow/.local/lib/python3.7/site-packages/airflow/example_dags/example_params_ui_tutorial.py
[2023-03-17T03:26:17.039+0000] {logging_mixin.py:137} INFO - [2023-03-17T03:26:17.038+0000] {dag.py:2693} INFO - Sync 1 DAGs
[2023-03-17T03:26:17.076+0000] {logging_mixin.py:137} INFO - [2023-03-17T03:26:17.075+0000] {dag.py:3444} INFO - Setting next_dagrun for example_params_ui_tutorial to None, run_after=None
[2023-03-17T03:26:17.103+0000] {processor.py:175} INFO - Processing /home/airflow/.local/lib/python3.7/site-packages/airflow/example_dags/example_params_ui_tutorial.py took 0.230 seconds
[2023-03-17T03:26:47.415+0000] {processor.py:153} INFO - Started process (PID=6912) to work on /home/airflow/.local/lib/python3.7/site-packages/airflow/example_dags/example_params_ui_tutorial.py
[2023-03-17T03:26:47.416+0000] {processor.py:743} INFO - Processing file /home/airflow/.local/lib/python3.7/site-packages/airflow/example_dags/example_params_ui_tutorial.py for tasks to queue
[2023-03-17T03:26:47.417+0000] {logging_mixin.py:137} INFO - [2023-03-17T03:26:47.417+0000] {dagbag.py:532} INFO - Filling up the DagBag from /home/airflow/.local/lib/python3.7/site-packages/airflow/example_dags/example_params_ui_tutorial.py
[2023-03-17T03:26:47.483+0000] {processor.py:753} INFO - DAG(s) dict_keys(['example_params_ui_tutorial']) retrieved from /home/airflow/.local/lib/python3.7/site-packages/airflow/example_dags/example_params_ui_tutorial.py
[2023-03-17T03:26:47.570+0000] {logging_mixin.py:137} INFO - [2023-03-17T03:26:47.570+0000] {dag.py:2693} INFO - Sync 1 DAGs
[2023-03-17T03:26:47.602+0000] {logging_mixin.py:137} INFO - [2023-03-17T03:26:47.602+0000] {dag.py:3444} INFO - Setting next_dagrun for example_params_ui_tutorial to None, run_after=None
[2023-03-17T03:26:47.628+0000] {processor.py:175} INFO - Processing /home/airflow/.local/lib/python3.7/site-packages/airflow/example_dags/example_params_ui_tutorial.py took 0.219 seconds
[2023-03-17T03:27:17.745+0000] {processor.py:153} INFO - Started process (PID=7129) to work on /home/airflow/.local/lib/python3.7/site-packages/airflow/example_dags/example_params_ui_tutorial.py
[2023-03-17T03:27:17.746+0000] {processor.py:743} INFO - Processing file /home/airflow/.local/lib/python3.7/site-packages/airflow/example_dags/example_params_ui_tutorial.py for tasks to queue
[2023-03-17T03:27:17.747+0000] {logging_mixin.py:137} INFO - [2023-03-17T03:27:17.747+0000] {dagbag.py:532} INFO - Filling up the DagBag from /home/airflow/.local/lib/python3.7/site-packages/airflow/example_dags/example_params_ui_tutorial.py
[2023-03-17T03:27:17.819+0000] {processor.py:753} INFO - DAG(s) dict_keys(['example_params_ui_tutorial']) retrieved from /home/airflow/.local/lib/python3.7/site-packages/airflow/example_dags/example_params_ui_tutorial.py
[2023-03-17T03:27:17.905+0000] {logging_mixin.py:137} INFO - [2023-03-17T03:27:17.905+0000] {dag.py:2693} INFO - Sync 1 DAGs
[2023-03-17T03:27:17.936+0000] {logging_mixin.py:137} INFO - [2023-03-17T03:27:17.936+0000] {dag.py:3444} INFO - Setting next_dagrun for example_params_ui_tutorial to None, run_after=None
[2023-03-17T03:27:17.962+0000] {processor.py:175} INFO - Processing /home/airflow/.local/lib/python3.7/site-packages/airflow/example_dags/example_params_ui_tutorial.py took 0.221 seconds
[2023-03-17T03:27:48.109+0000] {processor.py:153} INFO - Started process (PID=7346) to work on /home/airflow/.local/lib/python3.7/site-packages/airflow/example_dags/example_params_ui_tutorial.py
[2023-03-17T03:27:48.110+0000] {processor.py:743} INFO - Processing file /home/airflow/.local/lib/python3.7/site-packages/airflow/example_dags/example_params_ui_tutorial.py for tasks to queue
[2023-03-17T03:27:48.111+0000] {logging_mixin.py:137} INFO - [2023-03-17T03:27:48.111+0000] {dagbag.py:532} INFO - Filling up the DagBag from /home/airflow/.local/lib/python3.7/site-packages/airflow/example_dags/example_params_ui_tutorial.py
[2023-03-17T03:27:48.176+0000] {processor.py:753} INFO - DAG(s) dict_keys(['example_params_ui_tutorial']) retrieved from /home/airflow/.local/lib/python3.7/site-packages/airflow/example_dags/example_params_ui_tutorial.py
[2023-03-17T03:27:48.257+0000] {logging_mixin.py:137} INFO - [2023-03-17T03:27:48.256+0000] {dag.py:2693} INFO - Sync 1 DAGs
[2023-03-17T03:27:48.287+0000] {logging_mixin.py:137} INFO - [2023-03-17T03:27:48.287+0000] {dag.py:3444} INFO - Setting next_dagrun for example_params_ui_tutorial to None, run_after=None
[2023-03-17T03:27:48.312+0000] {processor.py:175} INFO - Processing /home/airflow/.local/lib/python3.7/site-packages/airflow/example_dags/example_params_ui_tutorial.py took 0.207 seconds
[2023-03-17T03:28:18.469+0000] {processor.py:153} INFO - Started process (PID=7563) to work on /home/airflow/.local/lib/python3.7/site-packages/airflow/example_dags/example_params_ui_tutorial.py
[2023-03-17T03:28:18.470+0000] {processor.py:743} INFO - Processing file /home/airflow/.local/lib/python3.7/site-packages/airflow/example_dags/example_params_ui_tutorial.py for tasks to queue
[2023-03-17T03:28:18.471+0000] {logging_mixin.py:137} INFO - [2023-03-17T03:28:18.471+0000] {dagbag.py:532} INFO - Filling up the DagBag from /home/airflow/.local/lib/python3.7/site-packages/airflow/example_dags/example_params_ui_tutorial.py
[2023-03-17T03:28:18.537+0000] {processor.py:753} INFO - DAG(s) dict_keys(['example_params_ui_tutorial']) retrieved from /home/airflow/.local/lib/python3.7/site-packages/airflow/example_dags/example_params_ui_tutorial.py
[2023-03-17T03:28:18.615+0000] {logging_mixin.py:137} INFO - [2023-03-17T03:28:18.615+0000] {dag.py:2693} INFO - Sync 1 DAGs
[2023-03-17T03:28:18.646+0000] {logging_mixin.py:137} INFO - [2023-03-17T03:28:18.646+0000] {dag.py:3444} INFO - Setting next_dagrun for example_params_ui_tutorial to None, run_after=None
[2023-03-17T03:28:18.671+0000] {processor.py:175} INFO - Processing /home/airflow/.local/lib/python3.7/site-packages/airflow/example_dags/example_params_ui_tutorial.py took 0.205 seconds
[2023-03-17T03:28:48.942+0000] {processor.py:153} INFO - Started process (PID=7780) to work on /home/airflow/.local/lib/python3.7/site-packages/airflow/example_dags/example_params_ui_tutorial.py
[2023-03-17T03:28:48.943+0000] {processor.py:743} INFO - Processing file /home/airflow/.local/lib/python3.7/site-packages/airflow/example_dags/example_params_ui_tutorial.py for tasks to queue
[2023-03-17T03:28:48.944+0000] {logging_mixin.py:137} INFO - [2023-03-17T03:28:48.944+0000] {dagbag.py:532} INFO - Filling up the DagBag from /home/airflow/.local/lib/python3.7/site-packages/airflow/example_dags/example_params_ui_tutorial.py
[2023-03-17T03:28:49.012+0000] {processor.py:753} INFO - DAG(s) dict_keys(['example_params_ui_tutorial']) retrieved from /home/airflow/.local/lib/python3.7/site-packages/airflow/example_dags/example_params_ui_tutorial.py
[2023-03-17T03:28:49.096+0000] {logging_mixin.py:137} INFO - [2023-03-17T03:28:49.096+0000] {dag.py:2693} INFO - Sync 1 DAGs
[2023-03-17T03:28:49.126+0000] {logging_mixin.py:137} INFO - [2023-03-17T03:28:49.126+0000] {dag.py:3444} INFO - Setting next_dagrun for example_params_ui_tutorial to None, run_after=None
[2023-03-17T03:28:49.151+0000] {processor.py:175} INFO - Processing /home/airflow/.local/lib/python3.7/site-packages/airflow/example_dags/example_params_ui_tutorial.py took 0.213 seconds
[2023-03-17T03:29:19.221+0000] {processor.py:153} INFO - Started process (PID=7998) to work on /home/airflow/.local/lib/python3.7/site-packages/airflow/example_dags/example_params_ui_tutorial.py
[2023-03-17T03:29:19.222+0000] {processor.py:743} INFO - Processing file /home/airflow/.local/lib/python3.7/site-packages/airflow/example_dags/example_params_ui_tutorial.py for tasks to queue
[2023-03-17T03:29:19.223+0000] {logging_mixin.py:137} INFO - [2023-03-17T03:29:19.223+0000] {dagbag.py:532} INFO - Filling up the DagBag from /home/airflow/.local/lib/python3.7/site-packages/airflow/example_dags/example_params_ui_tutorial.py
[2023-03-17T03:29:19.288+0000] {processor.py:753} INFO - DAG(s) dict_keys(['example_params_ui_tutorial']) retrieved from /home/airflow/.local/lib/python3.7/site-packages/airflow/example_dags/example_params_ui_tutorial.py
[2023-03-17T03:29:19.369+0000] {logging_mixin.py:137} INFO - [2023-03-17T03:29:19.369+0000] {dag.py:2693} INFO - Sync 1 DAGs
[2023-03-17T03:29:19.401+0000] {logging_mixin.py:137} INFO - [2023-03-17T03:29:19.400+0000] {dag.py:3444} INFO - Setting next_dagrun for example_params_ui_tutorial to None, run_after=None
[2023-03-17T03:29:19.425+0000] {processor.py:175} INFO - Processing /home/airflow/.local/lib/python3.7/site-packages/airflow/example_dags/example_params_ui_tutorial.py took 0.208 seconds
[2023-03-17T03:29:49.697+0000] {processor.py:153} INFO - Started process (PID=8215) to work on /home/airflow/.local/lib/python3.7/site-packages/airflow/example_dags/example_params_ui_tutorial.py
[2023-03-17T03:29:49.698+0000] {processor.py:743} INFO - Processing file /home/airflow/.local/lib/python3.7/site-packages/airflow/example_dags/example_params_ui_tutorial.py for tasks to queue
[2023-03-17T03:29:49.700+0000] {logging_mixin.py:137} INFO - [2023-03-17T03:29:49.699+0000] {dagbag.py:532} INFO - Filling up the DagBag from /home/airflow/.local/lib/python3.7/site-packages/airflow/example_dags/example_params_ui_tutorial.py
[2023-03-17T03:29:49.771+0000] {processor.py:753} INFO - DAG(s) dict_keys(['example_params_ui_tutorial']) retrieved from /home/airflow/.local/lib/python3.7/site-packages/airflow/example_dags/example_params_ui_tutorial.py
[2023-03-17T03:29:49.850+0000] {logging_mixin.py:137} INFO - [2023-03-17T03:29:49.850+0000] {dag.py:2693} INFO - Sync 1 DAGs
[2023-03-17T03:29:49.878+0000] {logging_mixin.py:137} INFO - [2023-03-17T03:29:49.878+0000] {dag.py:3444} INFO - Setting next_dagrun for example_params_ui_tutorial to None, run_after=None
[2023-03-17T03:29:49.905+0000] {processor.py:175} INFO - Processing /home/airflow/.local/lib/python3.7/site-packages/airflow/example_dags/example_params_ui_tutorial.py took 0.213 seconds
[2023-03-17T03:30:19.992+0000] {processor.py:153} INFO - Started process (PID=8432) to work on /home/airflow/.local/lib/python3.7/site-packages/airflow/example_dags/example_params_ui_tutorial.py
[2023-03-17T03:30:19.993+0000] {processor.py:743} INFO - Processing file /home/airflow/.local/lib/python3.7/site-packages/airflow/example_dags/example_params_ui_tutorial.py for tasks to queue
[2023-03-17T03:30:19.994+0000] {logging_mixin.py:137} INFO - [2023-03-17T03:30:19.994+0000] {dagbag.py:532} INFO - Filling up the DagBag from /home/airflow/.local/lib/python3.7/site-packages/airflow/example_dags/example_params_ui_tutorial.py
[2023-03-17T03:30:20.059+0000] {processor.py:753} INFO - DAG(s) dict_keys(['example_params_ui_tutorial']) retrieved from /home/airflow/.local/lib/python3.7/site-packages/airflow/example_dags/example_params_ui_tutorial.py
[2023-03-17T03:30:20.143+0000] {logging_mixin.py:137} INFO - [2023-03-17T03:30:20.143+0000] {dag.py:2693} INFO - Sync 1 DAGs
[2023-03-17T03:30:20.175+0000] {logging_mixin.py:137} INFO - [2023-03-17T03:30:20.174+0000] {dag.py:3444} INFO - Setting next_dagrun for example_params_ui_tutorial to None, run_after=None
[2023-03-17T03:30:20.199+0000] {processor.py:175} INFO - Processing /home/airflow/.local/lib/python3.7/site-packages/airflow/example_dags/example_params_ui_tutorial.py took 0.210 seconds
[2023-03-17T03:30:50.795+0000] {processor.py:153} INFO - Started process (PID=8649) to work on /home/airflow/.local/lib/python3.7/site-packages/airflow/example_dags/example_params_ui_tutorial.py
[2023-03-17T03:30:50.796+0000] {processor.py:743} INFO - Processing file /home/airflow/.local/lib/python3.7/site-packages/airflow/example_dags/example_params_ui_tutorial.py for tasks to queue
[2023-03-17T03:30:50.797+0000] {logging_mixin.py:137} INFO - [2023-03-17T03:30:50.797+0000] {dagbag.py:532} INFO - Filling up the DagBag from /home/airflow/.local/lib/python3.7/site-packages/airflow/example_dags/example_params_ui_tutorial.py
[2023-03-17T03:30:50.872+0000] {processor.py:753} INFO - DAG(s) dict_keys(['example_params_ui_tutorial']) retrieved from /home/airflow/.local/lib/python3.7/site-packages/airflow/example_dags/example_params_ui_tutorial.py
[2023-03-17T03:30:50.983+0000] {logging_mixin.py:137} INFO - [2023-03-17T03:30:50.982+0000] {dag.py:2693} INFO - Sync 1 DAGs
[2023-03-17T03:30:51.019+0000] {logging_mixin.py:137} INFO - [2023-03-17T03:30:51.019+0000] {dag.py:3444} INFO - Setting next_dagrun for example_params_ui_tutorial to None, run_after=None
[2023-03-17T03:30:51.047+0000] {processor.py:175} INFO - Processing /home/airflow/.local/lib/python3.7/site-packages/airflow/example_dags/example_params_ui_tutorial.py took 0.256 seconds
[2023-03-17T03:31:21.128+0000] {processor.py:153} INFO - Started process (PID=8866) to work on /home/airflow/.local/lib/python3.7/site-packages/airflow/example_dags/example_params_ui_tutorial.py
[2023-03-17T03:31:21.129+0000] {processor.py:743} INFO - Processing file /home/airflow/.local/lib/python3.7/site-packages/airflow/example_dags/example_params_ui_tutorial.py for tasks to queue
[2023-03-17T03:31:21.131+0000] {logging_mixin.py:137} INFO - [2023-03-17T03:31:21.131+0000] {dagbag.py:532} INFO - Filling up the DagBag from /home/airflow/.local/lib/python3.7/site-packages/airflow/example_dags/example_params_ui_tutorial.py
[2023-03-17T03:31:21.197+0000] {processor.py:753} INFO - DAG(s) dict_keys(['example_params_ui_tutorial']) retrieved from /home/airflow/.local/lib/python3.7/site-packages/airflow/example_dags/example_params_ui_tutorial.py
[2023-03-17T03:31:21.279+0000] {logging_mixin.py:137} INFO - [2023-03-17T03:31:21.278+0000] {dag.py:2693} INFO - Sync 1 DAGs
[2023-03-17T03:31:21.309+0000] {logging_mixin.py:137} INFO - [2023-03-17T03:31:21.309+0000] {dag.py:3444} INFO - Setting next_dagrun for example_params_ui_tutorial to None, run_after=None
[2023-03-17T03:31:21.338+0000] {processor.py:175} INFO - Processing /home/airflow/.local/lib/python3.7/site-packages/airflow/example_dags/example_params_ui_tutorial.py took 0.216 seconds
[2023-03-17T03:31:51.469+0000] {processor.py:153} INFO - Started process (PID=9083) to work on /home/airflow/.local/lib/python3.7/site-packages/airflow/example_dags/example_params_ui_tutorial.py
[2023-03-17T03:31:51.471+0000] {processor.py:743} INFO - Processing file /home/airflow/.local/lib/python3.7/site-packages/airflow/example_dags/example_params_ui_tutorial.py for tasks to queue
[2023-03-17T03:31:51.473+0000] {logging_mixin.py:137} INFO - [2023-03-17T03:31:51.473+0000] {dagbag.py:532} INFO - Filling up the DagBag from /home/airflow/.local/lib/python3.7/site-packages/airflow/example_dags/example_params_ui_tutorial.py
[2023-03-17T03:31:51.547+0000] {processor.py:753} INFO - DAG(s) dict_keys(['example_params_ui_tutorial']) retrieved from /home/airflow/.local/lib/python3.7/site-packages/airflow/example_dags/example_params_ui_tutorial.py
[2023-03-17T03:31:51.638+0000] {logging_mixin.py:137} INFO - [2023-03-17T03:31:51.638+0000] {dag.py:2693} INFO - Sync 1 DAGs
[2023-03-17T03:31:51.670+0000] {logging_mixin.py:137} INFO - [2023-03-17T03:31:51.670+0000] {dag.py:3444} INFO - Setting next_dagrun for example_params_ui_tutorial to None, run_after=None
[2023-03-17T03:31:51.696+0000] {processor.py:175} INFO - Processing /home/airflow/.local/lib/python3.7/site-packages/airflow/example_dags/example_params_ui_tutorial.py took 0.230 seconds
[2023-03-17T03:32:21.945+0000] {processor.py:153} INFO - Started process (PID=9300) to work on /home/airflow/.local/lib/python3.7/site-packages/airflow/example_dags/example_params_ui_tutorial.py
[2023-03-17T03:32:21.947+0000] {processor.py:743} INFO - Processing file /home/airflow/.local/lib/python3.7/site-packages/airflow/example_dags/example_params_ui_tutorial.py for tasks to queue
[2023-03-17T03:32:21.948+0000] {logging_mixin.py:137} INFO - [2023-03-17T03:32:21.948+0000] {dagbag.py:532} INFO - Filling up the DagBag from /home/airflow/.local/lib/python3.7/site-packages/airflow/example_dags/example_params_ui_tutorial.py
[2023-03-17T03:32:22.014+0000] {processor.py:753} INFO - DAG(s) dict_keys(['example_params_ui_tutorial']) retrieved from /home/airflow/.local/lib/python3.7/site-packages/airflow/example_dags/example_params_ui_tutorial.py
[2023-03-17T03:32:22.107+0000] {logging_mixin.py:137} INFO - [2023-03-17T03:32:22.107+0000] {dag.py:2693} INFO - Sync 1 DAGs
[2023-03-17T03:32:22.141+0000] {logging_mixin.py:137} INFO - [2023-03-17T03:32:22.141+0000] {dag.py:3444} INFO - Setting next_dagrun for example_params_ui_tutorial to None, run_after=None
[2023-03-17T03:32:22.165+0000] {processor.py:175} INFO - Processing /home/airflow/.local/lib/python3.7/site-packages/airflow/example_dags/example_params_ui_tutorial.py took 0.224 seconds
[2023-03-17T03:32:52.471+0000] {processor.py:153} INFO - Started process (PID=9517) to work on /home/airflow/.local/lib/python3.7/site-packages/airflow/example_dags/example_params_ui_tutorial.py
[2023-03-17T03:32:52.473+0000] {processor.py:743} INFO - Processing file /home/airflow/.local/lib/python3.7/site-packages/airflow/example_dags/example_params_ui_tutorial.py for tasks to queue
[2023-03-17T03:32:52.474+0000] {logging_mixin.py:137} INFO - [2023-03-17T03:32:52.474+0000] {dagbag.py:532} INFO - Filling up the DagBag from /home/airflow/.local/lib/python3.7/site-packages/airflow/example_dags/example_params_ui_tutorial.py
[2023-03-17T03:32:52.548+0000] {processor.py:753} INFO - DAG(s) dict_keys(['example_params_ui_tutorial']) retrieved from /home/airflow/.local/lib/python3.7/site-packages/airflow/example_dags/example_params_ui_tutorial.py
[2023-03-17T03:32:52.643+0000] {logging_mixin.py:137} INFO - [2023-03-17T03:32:52.643+0000] {dag.py:2693} INFO - Sync 1 DAGs
[2023-03-17T03:32:52.675+0000] {logging_mixin.py:137} INFO - [2023-03-17T03:32:52.675+0000] {dag.py:3444} INFO - Setting next_dagrun for example_params_ui_tutorial to None, run_after=None
[2023-03-17T03:32:52.706+0000] {processor.py:175} INFO - Processing /home/airflow/.local/lib/python3.7/site-packages/airflow/example_dags/example_params_ui_tutorial.py took 0.240 seconds
[2023-03-17T03:33:23.350+0000] {processor.py:153} INFO - Started process (PID=9735) to work on /home/airflow/.local/lib/python3.7/site-packages/airflow/example_dags/example_params_ui_tutorial.py
[2023-03-17T03:33:23.351+0000] {processor.py:743} INFO - Processing file /home/airflow/.local/lib/python3.7/site-packages/airflow/example_dags/example_params_ui_tutorial.py for tasks to queue
[2023-03-17T03:33:23.352+0000] {logging_mixin.py:137} INFO - [2023-03-17T03:33:23.351+0000] {dagbag.py:532} INFO - Filling up the DagBag from /home/airflow/.local/lib/python3.7/site-packages/airflow/example_dags/example_params_ui_tutorial.py
[2023-03-17T03:33:23.429+0000] {processor.py:753} INFO - DAG(s) dict_keys(['example_params_ui_tutorial']) retrieved from /home/airflow/.local/lib/python3.7/site-packages/airflow/example_dags/example_params_ui_tutorial.py
[2023-03-17T03:33:23.515+0000] {logging_mixin.py:137} INFO - [2023-03-17T03:33:23.514+0000] {dag.py:2693} INFO - Sync 1 DAGs
[2023-03-17T03:33:23.551+0000] {logging_mixin.py:137} INFO - [2023-03-17T03:33:23.551+0000] {dag.py:3444} INFO - Setting next_dagrun for example_params_ui_tutorial to None, run_after=None
[2023-03-17T03:33:23.580+0000] {processor.py:175} INFO - Processing /home/airflow/.local/lib/python3.7/site-packages/airflow/example_dags/example_params_ui_tutorial.py took 0.235 seconds
[2023-03-17T03:33:53.987+0000] {processor.py:153} INFO - Started process (PID=9952) to work on /home/airflow/.local/lib/python3.7/site-packages/airflow/example_dags/example_params_ui_tutorial.py
[2023-03-17T03:33:53.988+0000] {processor.py:743} INFO - Processing file /home/airflow/.local/lib/python3.7/site-packages/airflow/example_dags/example_params_ui_tutorial.py for tasks to queue
[2023-03-17T03:33:53.989+0000] {logging_mixin.py:137} INFO - [2023-03-17T03:33:53.989+0000] {dagbag.py:532} INFO - Filling up the DagBag from /home/airflow/.local/lib/python3.7/site-packages/airflow/example_dags/example_params_ui_tutorial.py
[2023-03-17T03:33:54.055+0000] {processor.py:753} INFO - DAG(s) dict_keys(['example_params_ui_tutorial']) retrieved from /home/airflow/.local/lib/python3.7/site-packages/airflow/example_dags/example_params_ui_tutorial.py
[2023-03-17T03:33:54.137+0000] {logging_mixin.py:137} INFO - [2023-03-17T03:33:54.137+0000] {dag.py:2693} INFO - Sync 1 DAGs
[2023-03-17T03:33:54.171+0000] {logging_mixin.py:137} INFO - [2023-03-17T03:33:54.171+0000] {dag.py:3444} INFO - Setting next_dagrun for example_params_ui_tutorial to None, run_after=None
[2023-03-17T03:33:54.198+0000] {processor.py:175} INFO - Processing /home/airflow/.local/lib/python3.7/site-packages/airflow/example_dags/example_params_ui_tutorial.py took 0.214 seconds
[2023-03-17T03:34:24.416+0000] {processor.py:153} INFO - Started process (PID=10170) to work on /home/airflow/.local/lib/python3.7/site-packages/airflow/example_dags/example_params_ui_tutorial.py
[2023-03-17T03:34:24.417+0000] {processor.py:743} INFO - Processing file /home/airflow/.local/lib/python3.7/site-packages/airflow/example_dags/example_params_ui_tutorial.py for tasks to queue
[2023-03-17T03:34:24.418+0000] {logging_mixin.py:137} INFO - [2023-03-17T03:34:24.418+0000] {dagbag.py:532} INFO - Filling up the DagBag from /home/airflow/.local/lib/python3.7/site-packages/airflow/example_dags/example_params_ui_tutorial.py
[2023-03-17T03:34:24.485+0000] {processor.py:753} INFO - DAG(s) dict_keys(['example_params_ui_tutorial']) retrieved from /home/airflow/.local/lib/python3.7/site-packages/airflow/example_dags/example_params_ui_tutorial.py
[2023-03-17T03:34:24.575+0000] {logging_mixin.py:137} INFO - [2023-03-17T03:34:24.574+0000] {dag.py:2693} INFO - Sync 1 DAGs
[2023-03-17T03:34:24.607+0000] {logging_mixin.py:137} INFO - [2023-03-17T03:34:24.607+0000] {dag.py:3444} INFO - Setting next_dagrun for example_params_ui_tutorial to None, run_after=None
[2023-03-17T03:34:24.632+0000] {processor.py:175} INFO - Processing /home/airflow/.local/lib/python3.7/site-packages/airflow/example_dags/example_params_ui_tutorial.py took 0.219 seconds
[2023-03-17T03:34:55.070+0000] {processor.py:153} INFO - Started process (PID=10388) to work on /home/airflow/.local/lib/python3.7/site-packages/airflow/example_dags/example_params_ui_tutorial.py
[2023-03-17T03:34:55.071+0000] {processor.py:743} INFO - Processing file /home/airflow/.local/lib/python3.7/site-packages/airflow/example_dags/example_params_ui_tutorial.py for tasks to queue
[2023-03-17T03:34:55.072+0000] {logging_mixin.py:137} INFO - [2023-03-17T03:34:55.072+0000] {dagbag.py:532} INFO - Filling up the DagBag from /home/airflow/.local/lib/python3.7/site-packages/airflow/example_dags/example_params_ui_tutorial.py
[2023-03-17T03:34:55.152+0000] {processor.py:753} INFO - DAG(s) dict_keys(['example_params_ui_tutorial']) retrieved from /home/airflow/.local/lib/python3.7/site-packages/airflow/example_dags/example_params_ui_tutorial.py
[2023-03-17T03:34:55.255+0000] {logging_mixin.py:137} INFO - [2023-03-17T03:34:55.255+0000] {dag.py:2693} INFO - Sync 1 DAGs
[2023-03-17T03:34:55.290+0000] {logging_mixin.py:137} INFO - [2023-03-17T03:34:55.290+0000] {dag.py:3444} INFO - Setting next_dagrun for example_params_ui_tutorial to None, run_after=None
[2023-03-17T03:34:55.317+0000] {processor.py:175} INFO - Processing /home/airflow/.local/lib/python3.7/site-packages/airflow/example_dags/example_params_ui_tutorial.py took 0.252 seconds
