[2023-03-17T03:10:59.174+0000] {processor.py:153} INFO - Started process (PID=205) to work on /home/airflow/.local/lib/python3.7/site-packages/airflow/example_dags/example_branch_operator_decorator.py
[2023-03-17T03:10:59.176+0000] {processor.py:743} INFO - Processing file /home/airflow/.local/lib/python3.7/site-packages/airflow/example_dags/example_branch_operator_decorator.py for tasks to queue
[2023-03-17T03:10:59.177+0000] {logging_mixin.py:137} INFO - [2023-03-17T03:10:59.177+0000] {dagbag.py:532} INFO - Filling up the DagBag from /home/airflow/.local/lib/python3.7/site-packages/airflow/example_dags/example_branch_operator_decorator.py
[2023-03-17T03:10:59.231+0000] {processor.py:753} INFO - DAG(s) dict_keys(['example_branch_python_operator_decorator']) retrieved from /home/airflow/.local/lib/python3.7/site-packages/airflow/example_dags/example_branch_operator_decorator.py
[2023-03-17T03:10:59.306+0000] {logging_mixin.py:137} INFO - [2023-03-17T03:10:59.306+0000] {dag.py:2693} INFO - Sync 1 DAGs
[2023-03-17T03:10:59.376+0000] {logging_mixin.py:137} INFO - [2023-03-17T03:10:59.376+0000] {dag.py:3444} INFO - Setting next_dagrun for example_branch_python_operator_decorator to 2023-03-16T00:00:00+00:00, run_after=2023-03-17T00:00:00+00:00
[2023-03-17T03:10:59.428+0000] {processor.py:175} INFO - Processing /home/airflow/.local/lib/python3.7/site-packages/airflow/example_dags/example_branch_operator_decorator.py took 0.259 seconds
[2023-03-17T03:11:31.760+0000] {processor.py:153} INFO - Started process (PID=422) to work on /home/airflow/.local/lib/python3.7/site-packages/airflow/example_dags/example_branch_operator_decorator.py
[2023-03-17T03:11:31.764+0000] {processor.py:743} INFO - Processing file /home/airflow/.local/lib/python3.7/site-packages/airflow/example_dags/example_branch_operator_decorator.py for tasks to queue
[2023-03-17T03:11:31.765+0000] {logging_mixin.py:137} INFO - [2023-03-17T03:11:31.765+0000] {dagbag.py:532} INFO - Filling up the DagBag from /home/airflow/.local/lib/python3.7/site-packages/airflow/example_dags/example_branch_operator_decorator.py
[2023-03-17T03:11:31.806+0000] {processor.py:753} INFO - DAG(s) dict_keys(['example_branch_python_operator_decorator']) retrieved from /home/airflow/.local/lib/python3.7/site-packages/airflow/example_dags/example_branch_operator_decorator.py
[2023-03-17T03:11:31.853+0000] {logging_mixin.py:137} INFO - [2023-03-17T03:11:31.853+0000] {dag.py:2693} INFO - Sync 1 DAGs
[2023-03-17T03:11:31.909+0000] {logging_mixin.py:137} INFO - [2023-03-17T03:11:31.909+0000] {dag.py:3444} INFO - Setting next_dagrun for example_branch_python_operator_decorator to 2023-03-16T00:00:00+00:00, run_after=2023-03-17T00:00:00+00:00
[2023-03-17T03:11:31.958+0000] {processor.py:175} INFO - Processing /home/airflow/.local/lib/python3.7/site-packages/airflow/example_dags/example_branch_operator_decorator.py took 0.203 seconds
[2023-03-17T03:12:03.544+0000] {processor.py:153} INFO - Started process (PID=645) to work on /home/airflow/.local/lib/python3.7/site-packages/airflow/example_dags/example_branch_operator_decorator.py
[2023-03-17T03:12:03.547+0000] {processor.py:743} INFO - Processing file /home/airflow/.local/lib/python3.7/site-packages/airflow/example_dags/example_branch_operator_decorator.py for tasks to queue
[2023-03-17T03:12:03.550+0000] {logging_mixin.py:137} INFO - [2023-03-17T03:12:03.550+0000] {dagbag.py:532} INFO - Filling up the DagBag from /home/airflow/.local/lib/python3.7/site-packages/airflow/example_dags/example_branch_operator_decorator.py
[2023-03-17T03:12:03.637+0000] {processor.py:753} INFO - DAG(s) dict_keys(['example_branch_python_operator_decorator']) retrieved from /home/airflow/.local/lib/python3.7/site-packages/airflow/example_dags/example_branch_operator_decorator.py
[2023-03-17T03:12:03.743+0000] {logging_mixin.py:137} INFO - [2023-03-17T03:12:03.743+0000] {dag.py:2693} INFO - Sync 1 DAGs
[2023-03-17T03:12:03.846+0000] {logging_mixin.py:137} INFO - [2023-03-17T03:12:03.846+0000] {dag.py:3444} INFO - Setting next_dagrun for example_branch_python_operator_decorator to 2023-03-16T00:00:00+00:00, run_after=2023-03-17T00:00:00+00:00
[2023-03-17T03:12:03.904+0000] {processor.py:175} INFO - Processing /home/airflow/.local/lib/python3.7/site-packages/airflow/example_dags/example_branch_operator_decorator.py took 0.371 seconds
[2023-03-17T03:12:34.635+0000] {processor.py:153} INFO - Started process (PID=863) to work on /home/airflow/.local/lib/python3.7/site-packages/airflow/example_dags/example_branch_operator_decorator.py
[2023-03-17T03:12:34.636+0000] {processor.py:743} INFO - Processing file /home/airflow/.local/lib/python3.7/site-packages/airflow/example_dags/example_branch_operator_decorator.py for tasks to queue
[2023-03-17T03:12:34.637+0000] {logging_mixin.py:137} INFO - [2023-03-17T03:12:34.637+0000] {dagbag.py:532} INFO - Filling up the DagBag from /home/airflow/.local/lib/python3.7/site-packages/airflow/example_dags/example_branch_operator_decorator.py
[2023-03-17T03:12:34.682+0000] {processor.py:753} INFO - DAG(s) dict_keys(['example_branch_python_operator_decorator']) retrieved from /home/airflow/.local/lib/python3.7/site-packages/airflow/example_dags/example_branch_operator_decorator.py
[2023-03-17T03:12:34.719+0000] {logging_mixin.py:137} INFO - [2023-03-17T03:12:34.719+0000] {dag.py:2693} INFO - Sync 1 DAGs
[2023-03-17T03:12:34.751+0000] {logging_mixin.py:137} INFO - [2023-03-17T03:12:34.751+0000] {dag.py:3444} INFO - Setting next_dagrun for example_branch_python_operator_decorator to 2023-03-16T00:00:00+00:00, run_after=2023-03-17T00:00:00+00:00
[2023-03-17T03:12:34.777+0000] {processor.py:175} INFO - Processing /home/airflow/.local/lib/python3.7/site-packages/airflow/example_dags/example_branch_operator_decorator.py took 0.146 seconds
[2023-03-17T03:13:05.353+0000] {processor.py:153} INFO - Started process (PID=1080) to work on /home/airflow/.local/lib/python3.7/site-packages/airflow/example_dags/example_branch_operator_decorator.py
[2023-03-17T03:13:05.354+0000] {processor.py:743} INFO - Processing file /home/airflow/.local/lib/python3.7/site-packages/airflow/example_dags/example_branch_operator_decorator.py for tasks to queue
[2023-03-17T03:13:05.355+0000] {logging_mixin.py:137} INFO - [2023-03-17T03:13:05.355+0000] {dagbag.py:532} INFO - Filling up the DagBag from /home/airflow/.local/lib/python3.7/site-packages/airflow/example_dags/example_branch_operator_decorator.py
[2023-03-17T03:13:05.386+0000] {processor.py:753} INFO - DAG(s) dict_keys(['example_branch_python_operator_decorator']) retrieved from /home/airflow/.local/lib/python3.7/site-packages/airflow/example_dags/example_branch_operator_decorator.py
[2023-03-17T03:13:05.417+0000] {logging_mixin.py:137} INFO - [2023-03-17T03:13:05.416+0000] {dag.py:2693} INFO - Sync 1 DAGs
[2023-03-17T03:13:05.457+0000] {logging_mixin.py:137} INFO - [2023-03-17T03:13:05.457+0000] {dag.py:3444} INFO - Setting next_dagrun for example_branch_python_operator_decorator to 2023-03-16T00:00:00+00:00, run_after=2023-03-17T00:00:00+00:00
[2023-03-17T03:13:05.541+0000] {processor.py:175} INFO - Processing /home/airflow/.local/lib/python3.7/site-packages/airflow/example_dags/example_branch_operator_decorator.py took 0.192 seconds
[2023-03-17T03:13:36.169+0000] {processor.py:153} INFO - Started process (PID=1297) to work on /home/airflow/.local/lib/python3.7/site-packages/airflow/example_dags/example_branch_operator_decorator.py
[2023-03-17T03:13:36.171+0000] {processor.py:743} INFO - Processing file /home/airflow/.local/lib/python3.7/site-packages/airflow/example_dags/example_branch_operator_decorator.py for tasks to queue
[2023-03-17T03:13:36.172+0000] {logging_mixin.py:137} INFO - [2023-03-17T03:13:36.171+0000] {dagbag.py:532} INFO - Filling up the DagBag from /home/airflow/.local/lib/python3.7/site-packages/airflow/example_dags/example_branch_operator_decorator.py
[2023-03-17T03:13:36.202+0000] {processor.py:753} INFO - DAG(s) dict_keys(['example_branch_python_operator_decorator']) retrieved from /home/airflow/.local/lib/python3.7/site-packages/airflow/example_dags/example_branch_operator_decorator.py
[2023-03-17T03:13:36.234+0000] {logging_mixin.py:137} INFO - [2023-03-17T03:13:36.234+0000] {dag.py:2693} INFO - Sync 1 DAGs
[2023-03-17T03:13:36.268+0000] {logging_mixin.py:137} INFO - [2023-03-17T03:13:36.268+0000] {dag.py:3444} INFO - Setting next_dagrun for example_branch_python_operator_decorator to 2023-03-16T00:00:00+00:00, run_after=2023-03-17T00:00:00+00:00
[2023-03-17T03:13:36.298+0000] {processor.py:175} INFO - Processing /home/airflow/.local/lib/python3.7/site-packages/airflow/example_dags/example_branch_operator_decorator.py took 0.132 seconds
[2023-03-17T03:14:06.641+0000] {processor.py:153} INFO - Started process (PID=1514) to work on /home/airflow/.local/lib/python3.7/site-packages/airflow/example_dags/example_branch_operator_decorator.py
[2023-03-17T03:14:06.642+0000] {processor.py:743} INFO - Processing file /home/airflow/.local/lib/python3.7/site-packages/airflow/example_dags/example_branch_operator_decorator.py for tasks to queue
[2023-03-17T03:14:06.643+0000] {logging_mixin.py:137} INFO - [2023-03-17T03:14:06.643+0000] {dagbag.py:532} INFO - Filling up the DagBag from /home/airflow/.local/lib/python3.7/site-packages/airflow/example_dags/example_branch_operator_decorator.py
[2023-03-17T03:14:06.678+0000] {processor.py:753} INFO - DAG(s) dict_keys(['example_branch_python_operator_decorator']) retrieved from /home/airflow/.local/lib/python3.7/site-packages/airflow/example_dags/example_branch_operator_decorator.py
[2023-03-17T03:14:06.710+0000] {logging_mixin.py:137} INFO - [2023-03-17T03:14:06.710+0000] {dag.py:2693} INFO - Sync 1 DAGs
[2023-03-17T03:14:06.741+0000] {logging_mixin.py:137} INFO - [2023-03-17T03:14:06.741+0000] {dag.py:3444} INFO - Setting next_dagrun for example_branch_python_operator_decorator to 2023-03-16T00:00:00+00:00, run_after=2023-03-17T00:00:00+00:00
[2023-03-17T03:14:06.769+0000] {processor.py:175} INFO - Processing /home/airflow/.local/lib/python3.7/site-packages/airflow/example_dags/example_branch_operator_decorator.py took 0.131 seconds
[2023-03-17T03:14:36.981+0000] {processor.py:153} INFO - Started process (PID=1731) to work on /home/airflow/.local/lib/python3.7/site-packages/airflow/example_dags/example_branch_operator_decorator.py
[2023-03-17T03:14:36.982+0000] {processor.py:743} INFO - Processing file /home/airflow/.local/lib/python3.7/site-packages/airflow/example_dags/example_branch_operator_decorator.py for tasks to queue
[2023-03-17T03:14:36.984+0000] {logging_mixin.py:137} INFO - [2023-03-17T03:14:36.983+0000] {dagbag.py:532} INFO - Filling up the DagBag from /home/airflow/.local/lib/python3.7/site-packages/airflow/example_dags/example_branch_operator_decorator.py
[2023-03-17T03:14:37.016+0000] {processor.py:753} INFO - DAG(s) dict_keys(['example_branch_python_operator_decorator']) retrieved from /home/airflow/.local/lib/python3.7/site-packages/airflow/example_dags/example_branch_operator_decorator.py
[2023-03-17T03:14:37.050+0000] {logging_mixin.py:137} INFO - [2023-03-17T03:14:37.050+0000] {dag.py:2693} INFO - Sync 1 DAGs
[2023-03-17T03:14:37.090+0000] {logging_mixin.py:137} INFO - [2023-03-17T03:14:37.090+0000] {dag.py:3444} INFO - Setting next_dagrun for example_branch_python_operator_decorator to 2023-03-16T00:00:00+00:00, run_after=2023-03-17T00:00:00+00:00
[2023-03-17T03:14:37.124+0000] {processor.py:175} INFO - Processing /home/airflow/.local/lib/python3.7/site-packages/airflow/example_dags/example_branch_operator_decorator.py took 0.146 seconds
[2023-03-17T03:15:07.534+0000] {processor.py:153} INFO - Started process (PID=1948) to work on /home/airflow/.local/lib/python3.7/site-packages/airflow/example_dags/example_branch_operator_decorator.py
[2023-03-17T03:15:07.535+0000] {processor.py:743} INFO - Processing file /home/airflow/.local/lib/python3.7/site-packages/airflow/example_dags/example_branch_operator_decorator.py for tasks to queue
[2023-03-17T03:15:07.537+0000] {logging_mixin.py:137} INFO - [2023-03-17T03:15:07.536+0000] {dagbag.py:532} INFO - Filling up the DagBag from /home/airflow/.local/lib/python3.7/site-packages/airflow/example_dags/example_branch_operator_decorator.py
[2023-03-17T03:15:07.566+0000] {processor.py:753} INFO - DAG(s) dict_keys(['example_branch_python_operator_decorator']) retrieved from /home/airflow/.local/lib/python3.7/site-packages/airflow/example_dags/example_branch_operator_decorator.py
[2023-03-17T03:15:07.598+0000] {logging_mixin.py:137} INFO - [2023-03-17T03:15:07.598+0000] {dag.py:2693} INFO - Sync 1 DAGs
[2023-03-17T03:15:07.629+0000] {logging_mixin.py:137} INFO - [2023-03-17T03:15:07.629+0000] {dag.py:3444} INFO - Setting next_dagrun for example_branch_python_operator_decorator to 2023-03-16T00:00:00+00:00, run_after=2023-03-17T00:00:00+00:00
[2023-03-17T03:15:07.655+0000] {processor.py:175} INFO - Processing /home/airflow/.local/lib/python3.7/site-packages/airflow/example_dags/example_branch_operator_decorator.py took 0.125 seconds
[2023-03-17T03:15:38.120+0000] {processor.py:153} INFO - Started process (PID=2165) to work on /home/airflow/.local/lib/python3.7/site-packages/airflow/example_dags/example_branch_operator_decorator.py
[2023-03-17T03:15:38.121+0000] {processor.py:743} INFO - Processing file /home/airflow/.local/lib/python3.7/site-packages/airflow/example_dags/example_branch_operator_decorator.py for tasks to queue
[2023-03-17T03:15:38.123+0000] {logging_mixin.py:137} INFO - [2023-03-17T03:15:38.123+0000] {dagbag.py:532} INFO - Filling up the DagBag from /home/airflow/.local/lib/python3.7/site-packages/airflow/example_dags/example_branch_operator_decorator.py
[2023-03-17T03:15:38.153+0000] {processor.py:753} INFO - DAG(s) dict_keys(['example_branch_python_operator_decorator']) retrieved from /home/airflow/.local/lib/python3.7/site-packages/airflow/example_dags/example_branch_operator_decorator.py
[2023-03-17T03:15:38.185+0000] {logging_mixin.py:137} INFO - [2023-03-17T03:15:38.185+0000] {dag.py:2693} INFO - Sync 1 DAGs
[2023-03-17T03:15:38.217+0000] {logging_mixin.py:137} INFO - [2023-03-17T03:15:38.217+0000] {dag.py:3444} INFO - Setting next_dagrun for example_branch_python_operator_decorator to 2023-03-16T00:00:00+00:00, run_after=2023-03-17T00:00:00+00:00
[2023-03-17T03:15:38.243+0000] {processor.py:175} INFO - Processing /home/airflow/.local/lib/python3.7/site-packages/airflow/example_dags/example_branch_operator_decorator.py took 0.126 seconds
[2023-03-17T03:16:08.547+0000] {processor.py:153} INFO - Started process (PID=2383) to work on /home/airflow/.local/lib/python3.7/site-packages/airflow/example_dags/example_branch_operator_decorator.py
[2023-03-17T03:16:08.548+0000] {processor.py:743} INFO - Processing file /home/airflow/.local/lib/python3.7/site-packages/airflow/example_dags/example_branch_operator_decorator.py for tasks to queue
[2023-03-17T03:16:08.549+0000] {logging_mixin.py:137} INFO - [2023-03-17T03:16:08.549+0000] {dagbag.py:532} INFO - Filling up the DagBag from /home/airflow/.local/lib/python3.7/site-packages/airflow/example_dags/example_branch_operator_decorator.py
[2023-03-17T03:16:08.579+0000] {processor.py:753} INFO - DAG(s) dict_keys(['example_branch_python_operator_decorator']) retrieved from /home/airflow/.local/lib/python3.7/site-packages/airflow/example_dags/example_branch_operator_decorator.py
[2023-03-17T03:16:08.611+0000] {logging_mixin.py:137} INFO - [2023-03-17T03:16:08.611+0000] {dag.py:2693} INFO - Sync 1 DAGs
[2023-03-17T03:16:08.642+0000] {logging_mixin.py:137} INFO - [2023-03-17T03:16:08.642+0000] {dag.py:3444} INFO - Setting next_dagrun for example_branch_python_operator_decorator to 2023-03-16T00:00:00+00:00, run_after=2023-03-17T00:00:00+00:00
[2023-03-17T03:16:08.672+0000] {processor.py:175} INFO - Processing /home/airflow/.local/lib/python3.7/site-packages/airflow/example_dags/example_branch_operator_decorator.py took 0.129 seconds
[2023-03-17T03:16:39.248+0000] {processor.py:153} INFO - Started process (PID=2600) to work on /home/airflow/.local/lib/python3.7/site-packages/airflow/example_dags/example_branch_operator_decorator.py
[2023-03-17T03:16:39.249+0000] {processor.py:743} INFO - Processing file /home/airflow/.local/lib/python3.7/site-packages/airflow/example_dags/example_branch_operator_decorator.py for tasks to queue
[2023-03-17T03:16:39.250+0000] {logging_mixin.py:137} INFO - [2023-03-17T03:16:39.250+0000] {dagbag.py:532} INFO - Filling up the DagBag from /home/airflow/.local/lib/python3.7/site-packages/airflow/example_dags/example_branch_operator_decorator.py
[2023-03-17T03:16:39.283+0000] {processor.py:753} INFO - DAG(s) dict_keys(['example_branch_python_operator_decorator']) retrieved from /home/airflow/.local/lib/python3.7/site-packages/airflow/example_dags/example_branch_operator_decorator.py
[2023-03-17T03:16:39.314+0000] {logging_mixin.py:137} INFO - [2023-03-17T03:16:39.314+0000] {dag.py:2693} INFO - Sync 1 DAGs
[2023-03-17T03:16:39.346+0000] {logging_mixin.py:137} INFO - [2023-03-17T03:16:39.346+0000] {dag.py:3444} INFO - Setting next_dagrun for example_branch_python_operator_decorator to 2023-03-16T00:00:00+00:00, run_after=2023-03-17T00:00:00+00:00
[2023-03-17T03:16:39.376+0000] {processor.py:175} INFO - Processing /home/airflow/.local/lib/python3.7/site-packages/airflow/example_dags/example_branch_operator_decorator.py took 0.131 seconds
[2023-03-17T03:17:09.747+0000] {processor.py:153} INFO - Started process (PID=2817) to work on /home/airflow/.local/lib/python3.7/site-packages/airflow/example_dags/example_branch_operator_decorator.py
[2023-03-17T03:17:09.748+0000] {processor.py:743} INFO - Processing file /home/airflow/.local/lib/python3.7/site-packages/airflow/example_dags/example_branch_operator_decorator.py for tasks to queue
[2023-03-17T03:17:09.749+0000] {logging_mixin.py:137} INFO - [2023-03-17T03:17:09.749+0000] {dagbag.py:532} INFO - Filling up the DagBag from /home/airflow/.local/lib/python3.7/site-packages/airflow/example_dags/example_branch_operator_decorator.py
[2023-03-17T03:17:09.779+0000] {processor.py:753} INFO - DAG(s) dict_keys(['example_branch_python_operator_decorator']) retrieved from /home/airflow/.local/lib/python3.7/site-packages/airflow/example_dags/example_branch_operator_decorator.py
[2023-03-17T03:17:09.812+0000] {logging_mixin.py:137} INFO - [2023-03-17T03:17:09.811+0000] {dag.py:2693} INFO - Sync 1 DAGs
[2023-03-17T03:17:09.844+0000] {logging_mixin.py:137} INFO - [2023-03-17T03:17:09.844+0000] {dag.py:3444} INFO - Setting next_dagrun for example_branch_python_operator_decorator to 2023-03-16T00:00:00+00:00, run_after=2023-03-17T00:00:00+00:00
[2023-03-17T03:17:09.870+0000] {processor.py:175} INFO - Processing /home/airflow/.local/lib/python3.7/site-packages/airflow/example_dags/example_branch_operator_decorator.py took 0.126 seconds
[2023-03-17T03:17:40.154+0000] {processor.py:153} INFO - Started process (PID=3034) to work on /home/airflow/.local/lib/python3.7/site-packages/airflow/example_dags/example_branch_operator_decorator.py
[2023-03-17T03:17:40.155+0000] {processor.py:743} INFO - Processing file /home/airflow/.local/lib/python3.7/site-packages/airflow/example_dags/example_branch_operator_decorator.py for tasks to queue
[2023-03-17T03:17:40.156+0000] {logging_mixin.py:137} INFO - [2023-03-17T03:17:40.156+0000] {dagbag.py:532} INFO - Filling up the DagBag from /home/airflow/.local/lib/python3.7/site-packages/airflow/example_dags/example_branch_operator_decorator.py
[2023-03-17T03:17:40.185+0000] {processor.py:753} INFO - DAG(s) dict_keys(['example_branch_python_operator_decorator']) retrieved from /home/airflow/.local/lib/python3.7/site-packages/airflow/example_dags/example_branch_operator_decorator.py
[2023-03-17T03:17:40.216+0000] {logging_mixin.py:137} INFO - [2023-03-17T03:17:40.216+0000] {dag.py:2693} INFO - Sync 1 DAGs
[2023-03-17T03:17:40.249+0000] {logging_mixin.py:137} INFO - [2023-03-17T03:17:40.249+0000] {dag.py:3444} INFO - Setting next_dagrun for example_branch_python_operator_decorator to 2023-03-16T00:00:00+00:00, run_after=2023-03-17T00:00:00+00:00
[2023-03-17T03:17:40.276+0000] {processor.py:175} INFO - Processing /home/airflow/.local/lib/python3.7/site-packages/airflow/example_dags/example_branch_operator_decorator.py took 0.126 seconds
[2023-03-17T03:18:10.607+0000] {processor.py:153} INFO - Started process (PID=3251) to work on /home/airflow/.local/lib/python3.7/site-packages/airflow/example_dags/example_branch_operator_decorator.py
[2023-03-17T03:18:10.608+0000] {processor.py:743} INFO - Processing file /home/airflow/.local/lib/python3.7/site-packages/airflow/example_dags/example_branch_operator_decorator.py for tasks to queue
[2023-03-17T03:18:10.610+0000] {logging_mixin.py:137} INFO - [2023-03-17T03:18:10.609+0000] {dagbag.py:532} INFO - Filling up the DagBag from /home/airflow/.local/lib/python3.7/site-packages/airflow/example_dags/example_branch_operator_decorator.py
[2023-03-17T03:18:10.639+0000] {processor.py:753} INFO - DAG(s) dict_keys(['example_branch_python_operator_decorator']) retrieved from /home/airflow/.local/lib/python3.7/site-packages/airflow/example_dags/example_branch_operator_decorator.py
[2023-03-17T03:18:10.670+0000] {logging_mixin.py:137} INFO - [2023-03-17T03:18:10.670+0000] {dag.py:2693} INFO - Sync 1 DAGs
[2023-03-17T03:18:10.705+0000] {logging_mixin.py:137} INFO - [2023-03-17T03:18:10.704+0000] {dag.py:3444} INFO - Setting next_dagrun for example_branch_python_operator_decorator to 2023-03-16T00:00:00+00:00, run_after=2023-03-17T00:00:00+00:00
[2023-03-17T03:18:10.732+0000] {processor.py:175} INFO - Processing /home/airflow/.local/lib/python3.7/site-packages/airflow/example_dags/example_branch_operator_decorator.py took 0.128 seconds
[2023-03-17T03:18:41.106+0000] {processor.py:153} INFO - Started process (PID=3469) to work on /home/airflow/.local/lib/python3.7/site-packages/airflow/example_dags/example_branch_operator_decorator.py
[2023-03-17T03:18:41.107+0000] {processor.py:743} INFO - Processing file /home/airflow/.local/lib/python3.7/site-packages/airflow/example_dags/example_branch_operator_decorator.py for tasks to queue
[2023-03-17T03:18:41.108+0000] {logging_mixin.py:137} INFO - [2023-03-17T03:18:41.108+0000] {dagbag.py:532} INFO - Filling up the DagBag from /home/airflow/.local/lib/python3.7/site-packages/airflow/example_dags/example_branch_operator_decorator.py
[2023-03-17T03:18:41.138+0000] {processor.py:753} INFO - DAG(s) dict_keys(['example_branch_python_operator_decorator']) retrieved from /home/airflow/.local/lib/python3.7/site-packages/airflow/example_dags/example_branch_operator_decorator.py
[2023-03-17T03:18:41.174+0000] {logging_mixin.py:137} INFO - [2023-03-17T03:18:41.174+0000] {dag.py:2693} INFO - Sync 1 DAGs
[2023-03-17T03:18:41.206+0000] {logging_mixin.py:137} INFO - [2023-03-17T03:18:41.206+0000] {dag.py:3444} INFO - Setting next_dagrun for example_branch_python_operator_decorator to 2023-03-16T00:00:00+00:00, run_after=2023-03-17T00:00:00+00:00
[2023-03-17T03:18:41.233+0000] {processor.py:175} INFO - Processing /home/airflow/.local/lib/python3.7/site-packages/airflow/example_dags/example_branch_operator_decorator.py took 0.130 seconds
[2023-03-17T03:19:11.633+0000] {processor.py:153} INFO - Started process (PID=3686) to work on /home/airflow/.local/lib/python3.7/site-packages/airflow/example_dags/example_branch_operator_decorator.py
[2023-03-17T03:19:11.634+0000] {processor.py:743} INFO - Processing file /home/airflow/.local/lib/python3.7/site-packages/airflow/example_dags/example_branch_operator_decorator.py for tasks to queue
[2023-03-17T03:19:11.635+0000] {logging_mixin.py:137} INFO - [2023-03-17T03:19:11.635+0000] {dagbag.py:532} INFO - Filling up the DagBag from /home/airflow/.local/lib/python3.7/site-packages/airflow/example_dags/example_branch_operator_decorator.py
[2023-03-17T03:19:11.668+0000] {processor.py:753} INFO - DAG(s) dict_keys(['example_branch_python_operator_decorator']) retrieved from /home/airflow/.local/lib/python3.7/site-packages/airflow/example_dags/example_branch_operator_decorator.py
[2023-03-17T03:19:11.700+0000] {logging_mixin.py:137} INFO - [2023-03-17T03:19:11.700+0000] {dag.py:2693} INFO - Sync 1 DAGs
[2023-03-17T03:19:11.733+0000] {logging_mixin.py:137} INFO - [2023-03-17T03:19:11.733+0000] {dag.py:3444} INFO - Setting next_dagrun for example_branch_python_operator_decorator to 2023-03-16T00:00:00+00:00, run_after=2023-03-17T00:00:00+00:00
[2023-03-17T03:19:11.760+0000] {processor.py:175} INFO - Processing /home/airflow/.local/lib/python3.7/site-packages/airflow/example_dags/example_branch_operator_decorator.py took 0.133 seconds
[2023-03-17T03:19:42.397+0000] {processor.py:153} INFO - Started process (PID=3903) to work on /home/airflow/.local/lib/python3.7/site-packages/airflow/example_dags/example_branch_operator_decorator.py
[2023-03-17T03:19:42.398+0000] {processor.py:743} INFO - Processing file /home/airflow/.local/lib/python3.7/site-packages/airflow/example_dags/example_branch_operator_decorator.py for tasks to queue
[2023-03-17T03:19:42.399+0000] {logging_mixin.py:137} INFO - [2023-03-17T03:19:42.399+0000] {dagbag.py:532} INFO - Filling up the DagBag from /home/airflow/.local/lib/python3.7/site-packages/airflow/example_dags/example_branch_operator_decorator.py
[2023-03-17T03:19:42.430+0000] {processor.py:753} INFO - DAG(s) dict_keys(['example_branch_python_operator_decorator']) retrieved from /home/airflow/.local/lib/python3.7/site-packages/airflow/example_dags/example_branch_operator_decorator.py
[2023-03-17T03:19:42.461+0000] {logging_mixin.py:137} INFO - [2023-03-17T03:19:42.461+0000] {dag.py:2693} INFO - Sync 1 DAGs
[2023-03-17T03:19:42.492+0000] {logging_mixin.py:137} INFO - [2023-03-17T03:19:42.492+0000] {dag.py:3444} INFO - Setting next_dagrun for example_branch_python_operator_decorator to 2023-03-16T00:00:00+00:00, run_after=2023-03-17T00:00:00+00:00
[2023-03-17T03:19:42.521+0000] {processor.py:175} INFO - Processing /home/airflow/.local/lib/python3.7/site-packages/airflow/example_dags/example_branch_operator_decorator.py took 0.130 seconds
[2023-03-17T03:20:12.854+0000] {processor.py:153} INFO - Started process (PID=4120) to work on /home/airflow/.local/lib/python3.7/site-packages/airflow/example_dags/example_branch_operator_decorator.py
[2023-03-17T03:20:12.856+0000] {processor.py:743} INFO - Processing file /home/airflow/.local/lib/python3.7/site-packages/airflow/example_dags/example_branch_operator_decorator.py for tasks to queue
[2023-03-17T03:20:12.857+0000] {logging_mixin.py:137} INFO - [2023-03-17T03:20:12.857+0000] {dagbag.py:532} INFO - Filling up the DagBag from /home/airflow/.local/lib/python3.7/site-packages/airflow/example_dags/example_branch_operator_decorator.py
[2023-03-17T03:20:12.886+0000] {processor.py:753} INFO - DAG(s) dict_keys(['example_branch_python_operator_decorator']) retrieved from /home/airflow/.local/lib/python3.7/site-packages/airflow/example_dags/example_branch_operator_decorator.py
[2023-03-17T03:20:12.921+0000] {logging_mixin.py:137} INFO - [2023-03-17T03:20:12.921+0000] {dag.py:2693} INFO - Sync 1 DAGs
[2023-03-17T03:20:12.954+0000] {logging_mixin.py:137} INFO - [2023-03-17T03:20:12.954+0000] {dag.py:3444} INFO - Setting next_dagrun for example_branch_python_operator_decorator to 2023-03-16T00:00:00+00:00, run_after=2023-03-17T00:00:00+00:00
[2023-03-17T03:20:12.981+0000] {processor.py:175} INFO - Processing /home/airflow/.local/lib/python3.7/site-packages/airflow/example_dags/example_branch_operator_decorator.py took 0.130 seconds
[2023-03-17T03:20:43.230+0000] {processor.py:153} INFO - Started process (PID=4337) to work on /home/airflow/.local/lib/python3.7/site-packages/airflow/example_dags/example_branch_operator_decorator.py
[2023-03-17T03:20:43.231+0000] {processor.py:743} INFO - Processing file /home/airflow/.local/lib/python3.7/site-packages/airflow/example_dags/example_branch_operator_decorator.py for tasks to queue
[2023-03-17T03:20:43.232+0000] {logging_mixin.py:137} INFO - [2023-03-17T03:20:43.232+0000] {dagbag.py:532} INFO - Filling up the DagBag from /home/airflow/.local/lib/python3.7/site-packages/airflow/example_dags/example_branch_operator_decorator.py
[2023-03-17T03:20:43.262+0000] {processor.py:753} INFO - DAG(s) dict_keys(['example_branch_python_operator_decorator']) retrieved from /home/airflow/.local/lib/python3.7/site-packages/airflow/example_dags/example_branch_operator_decorator.py
[2023-03-17T03:20:43.293+0000] {logging_mixin.py:137} INFO - [2023-03-17T03:20:43.292+0000] {dag.py:2693} INFO - Sync 1 DAGs
[2023-03-17T03:20:43.324+0000] {logging_mixin.py:137} INFO - [2023-03-17T03:20:43.324+0000] {dag.py:3444} INFO - Setting next_dagrun for example_branch_python_operator_decorator to 2023-03-16T00:00:00+00:00, run_after=2023-03-17T00:00:00+00:00
[2023-03-17T03:20:43.356+0000] {processor.py:175} INFO - Processing /home/airflow/.local/lib/python3.7/site-packages/airflow/example_dags/example_branch_operator_decorator.py took 0.129 seconds
[2023-03-17T03:21:13.749+0000] {processor.py:153} INFO - Started process (PID=4554) to work on /home/airflow/.local/lib/python3.7/site-packages/airflow/example_dags/example_branch_operator_decorator.py
[2023-03-17T03:21:13.750+0000] {processor.py:743} INFO - Processing file /home/airflow/.local/lib/python3.7/site-packages/airflow/example_dags/example_branch_operator_decorator.py for tasks to queue
[2023-03-17T03:21:13.751+0000] {logging_mixin.py:137} INFO - [2023-03-17T03:21:13.751+0000] {dagbag.py:532} INFO - Filling up the DagBag from /home/airflow/.local/lib/python3.7/site-packages/airflow/example_dags/example_branch_operator_decorator.py
[2023-03-17T03:21:13.785+0000] {processor.py:753} INFO - DAG(s) dict_keys(['example_branch_python_operator_decorator']) retrieved from /home/airflow/.local/lib/python3.7/site-packages/airflow/example_dags/example_branch_operator_decorator.py
[2023-03-17T03:21:13.818+0000] {logging_mixin.py:137} INFO - [2023-03-17T03:21:13.818+0000] {dag.py:2693} INFO - Sync 1 DAGs
[2023-03-17T03:21:13.854+0000] {logging_mixin.py:137} INFO - [2023-03-17T03:21:13.854+0000] {dag.py:3444} INFO - Setting next_dagrun for example_branch_python_operator_decorator to 2023-03-16T00:00:00+00:00, run_after=2023-03-17T00:00:00+00:00
[2023-03-17T03:21:13.886+0000] {processor.py:175} INFO - Processing /home/airflow/.local/lib/python3.7/site-packages/airflow/example_dags/example_branch_operator_decorator.py took 0.143 seconds
[2023-03-17T03:21:44.563+0000] {processor.py:153} INFO - Started process (PID=4771) to work on /home/airflow/.local/lib/python3.7/site-packages/airflow/example_dags/example_branch_operator_decorator.py
[2023-03-17T03:21:44.565+0000] {processor.py:743} INFO - Processing file /home/airflow/.local/lib/python3.7/site-packages/airflow/example_dags/example_branch_operator_decorator.py for tasks to queue
[2023-03-17T03:21:44.566+0000] {logging_mixin.py:137} INFO - [2023-03-17T03:21:44.566+0000] {dagbag.py:532} INFO - Filling up the DagBag from /home/airflow/.local/lib/python3.7/site-packages/airflow/example_dags/example_branch_operator_decorator.py
[2023-03-17T03:21:44.595+0000] {processor.py:753} INFO - DAG(s) dict_keys(['example_branch_python_operator_decorator']) retrieved from /home/airflow/.local/lib/python3.7/site-packages/airflow/example_dags/example_branch_operator_decorator.py
[2023-03-17T03:21:44.625+0000] {logging_mixin.py:137} INFO - [2023-03-17T03:21:44.625+0000] {dag.py:2693} INFO - Sync 1 DAGs
[2023-03-17T03:21:44.658+0000] {logging_mixin.py:137} INFO - [2023-03-17T03:21:44.658+0000] {dag.py:3444} INFO - Setting next_dagrun for example_branch_python_operator_decorator to 2023-03-16T00:00:00+00:00, run_after=2023-03-17T00:00:00+00:00
[2023-03-17T03:21:44.685+0000] {processor.py:175} INFO - Processing /home/airflow/.local/lib/python3.7/site-packages/airflow/example_dags/example_branch_operator_decorator.py took 0.125 seconds
[2023-03-17T03:22:14.874+0000] {processor.py:153} INFO - Started process (PID=4988) to work on /home/airflow/.local/lib/python3.7/site-packages/airflow/example_dags/example_branch_operator_decorator.py
[2023-03-17T03:22:14.875+0000] {processor.py:743} INFO - Processing file /home/airflow/.local/lib/python3.7/site-packages/airflow/example_dags/example_branch_operator_decorator.py for tasks to queue
[2023-03-17T03:22:14.876+0000] {logging_mixin.py:137} INFO - [2023-03-17T03:22:14.876+0000] {dagbag.py:532} INFO - Filling up the DagBag from /home/airflow/.local/lib/python3.7/site-packages/airflow/example_dags/example_branch_operator_decorator.py
[2023-03-17T03:22:14.906+0000] {processor.py:753} INFO - DAG(s) dict_keys(['example_branch_python_operator_decorator']) retrieved from /home/airflow/.local/lib/python3.7/site-packages/airflow/example_dags/example_branch_operator_decorator.py
[2023-03-17T03:22:14.939+0000] {logging_mixin.py:137} INFO - [2023-03-17T03:22:14.939+0000] {dag.py:2693} INFO - Sync 1 DAGs
[2023-03-17T03:22:14.971+0000] {logging_mixin.py:137} INFO - [2023-03-17T03:22:14.971+0000] {dag.py:3444} INFO - Setting next_dagrun for example_branch_python_operator_decorator to 2023-03-16T00:00:00+00:00, run_after=2023-03-17T00:00:00+00:00
[2023-03-17T03:22:14.998+0000] {processor.py:175} INFO - Processing /home/airflow/.local/lib/python3.7/site-packages/airflow/example_dags/example_branch_operator_decorator.py took 0.127 seconds
[2023-03-17T03:22:45.346+0000] {processor.py:153} INFO - Started process (PID=5205) to work on /home/airflow/.local/lib/python3.7/site-packages/airflow/example_dags/example_branch_operator_decorator.py
[2023-03-17T03:22:45.347+0000] {processor.py:743} INFO - Processing file /home/airflow/.local/lib/python3.7/site-packages/airflow/example_dags/example_branch_operator_decorator.py for tasks to queue
[2023-03-17T03:22:45.348+0000] {logging_mixin.py:137} INFO - [2023-03-17T03:22:45.348+0000] {dagbag.py:532} INFO - Filling up the DagBag from /home/airflow/.local/lib/python3.7/site-packages/airflow/example_dags/example_branch_operator_decorator.py
[2023-03-17T03:22:45.380+0000] {processor.py:753} INFO - DAG(s) dict_keys(['example_branch_python_operator_decorator']) retrieved from /home/airflow/.local/lib/python3.7/site-packages/airflow/example_dags/example_branch_operator_decorator.py
[2023-03-17T03:22:45.410+0000] {logging_mixin.py:137} INFO - [2023-03-17T03:22:45.410+0000] {dag.py:2693} INFO - Sync 1 DAGs
[2023-03-17T03:22:45.442+0000] {logging_mixin.py:137} INFO - [2023-03-17T03:22:45.441+0000] {dag.py:3444} INFO - Setting next_dagrun for example_branch_python_operator_decorator to 2023-03-16T00:00:00+00:00, run_after=2023-03-17T00:00:00+00:00
[2023-03-17T03:22:45.469+0000] {processor.py:175} INFO - Processing /home/airflow/.local/lib/python3.7/site-packages/airflow/example_dags/example_branch_operator_decorator.py took 0.127 seconds
[2023-03-17T03:23:15.685+0000] {processor.py:153} INFO - Started process (PID=5422) to work on /home/airflow/.local/lib/python3.7/site-packages/airflow/example_dags/example_branch_operator_decorator.py
[2023-03-17T03:23:15.686+0000] {processor.py:743} INFO - Processing file /home/airflow/.local/lib/python3.7/site-packages/airflow/example_dags/example_branch_operator_decorator.py for tasks to queue
[2023-03-17T03:23:15.687+0000] {logging_mixin.py:137} INFO - [2023-03-17T03:23:15.687+0000] {dagbag.py:532} INFO - Filling up the DagBag from /home/airflow/.local/lib/python3.7/site-packages/airflow/example_dags/example_branch_operator_decorator.py
[2023-03-17T03:23:15.719+0000] {processor.py:753} INFO - DAG(s) dict_keys(['example_branch_python_operator_decorator']) retrieved from /home/airflow/.local/lib/python3.7/site-packages/airflow/example_dags/example_branch_operator_decorator.py
[2023-03-17T03:23:15.752+0000] {logging_mixin.py:137} INFO - [2023-03-17T03:23:15.751+0000] {dag.py:2693} INFO - Sync 1 DAGs
[2023-03-17T03:23:15.786+0000] {logging_mixin.py:137} INFO - [2023-03-17T03:23:15.785+0000] {dag.py:3444} INFO - Setting next_dagrun for example_branch_python_operator_decorator to 2023-03-16T00:00:00+00:00, run_after=2023-03-17T00:00:00+00:00
[2023-03-17T03:23:15.812+0000] {processor.py:175} INFO - Processing /home/airflow/.local/lib/python3.7/site-packages/airflow/example_dags/example_branch_operator_decorator.py took 0.131 seconds
[2023-03-17T03:23:46.233+0000] {processor.py:153} INFO - Started process (PID=5640) to work on /home/airflow/.local/lib/python3.7/site-packages/airflow/example_dags/example_branch_operator_decorator.py
[2023-03-17T03:23:46.234+0000] {processor.py:743} INFO - Processing file /home/airflow/.local/lib/python3.7/site-packages/airflow/example_dags/example_branch_operator_decorator.py for tasks to queue
[2023-03-17T03:23:46.235+0000] {logging_mixin.py:137} INFO - [2023-03-17T03:23:46.235+0000] {dagbag.py:532} INFO - Filling up the DagBag from /home/airflow/.local/lib/python3.7/site-packages/airflow/example_dags/example_branch_operator_decorator.py
[2023-03-17T03:23:46.265+0000] {processor.py:753} INFO - DAG(s) dict_keys(['example_branch_python_operator_decorator']) retrieved from /home/airflow/.local/lib/python3.7/site-packages/airflow/example_dags/example_branch_operator_decorator.py
[2023-03-17T03:23:46.296+0000] {logging_mixin.py:137} INFO - [2023-03-17T03:23:46.296+0000] {dag.py:2693} INFO - Sync 1 DAGs
[2023-03-17T03:23:46.329+0000] {logging_mixin.py:137} INFO - [2023-03-17T03:23:46.329+0000] {dag.py:3444} INFO - Setting next_dagrun for example_branch_python_operator_decorator to 2023-03-16T00:00:00+00:00, run_after=2023-03-17T00:00:00+00:00
[2023-03-17T03:23:46.356+0000] {processor.py:175} INFO - Processing /home/airflow/.local/lib/python3.7/site-packages/airflow/example_dags/example_branch_operator_decorator.py took 0.127 seconds
[2023-03-17T03:24:16.607+0000] {processor.py:153} INFO - Started process (PID=5857) to work on /home/airflow/.local/lib/python3.7/site-packages/airflow/example_dags/example_branch_operator_decorator.py
[2023-03-17T03:24:16.608+0000] {processor.py:743} INFO - Processing file /home/airflow/.local/lib/python3.7/site-packages/airflow/example_dags/example_branch_operator_decorator.py for tasks to queue
[2023-03-17T03:24:16.609+0000] {logging_mixin.py:137} INFO - [2023-03-17T03:24:16.608+0000] {dagbag.py:532} INFO - Filling up the DagBag from /home/airflow/.local/lib/python3.7/site-packages/airflow/example_dags/example_branch_operator_decorator.py
[2023-03-17T03:24:16.638+0000] {processor.py:753} INFO - DAG(s) dict_keys(['example_branch_python_operator_decorator']) retrieved from /home/airflow/.local/lib/python3.7/site-packages/airflow/example_dags/example_branch_operator_decorator.py
[2023-03-17T03:24:16.670+0000] {logging_mixin.py:137} INFO - [2023-03-17T03:24:16.670+0000] {dag.py:2693} INFO - Sync 1 DAGs
[2023-03-17T03:24:16.702+0000] {logging_mixin.py:137} INFO - [2023-03-17T03:24:16.701+0000] {dag.py:3444} INFO - Setting next_dagrun for example_branch_python_operator_decorator to 2023-03-16T00:00:00+00:00, run_after=2023-03-17T00:00:00+00:00
[2023-03-17T03:24:16.729+0000] {processor.py:175} INFO - Processing /home/airflow/.local/lib/python3.7/site-packages/airflow/example_dags/example_branch_operator_decorator.py took 0.126 seconds
[2023-03-17T03:24:47.154+0000] {processor.py:153} INFO - Started process (PID=6074) to work on /home/airflow/.local/lib/python3.7/site-packages/airflow/example_dags/example_branch_operator_decorator.py
[2023-03-17T03:24:47.155+0000] {processor.py:743} INFO - Processing file /home/airflow/.local/lib/python3.7/site-packages/airflow/example_dags/example_branch_operator_decorator.py for tasks to queue
[2023-03-17T03:24:47.156+0000] {logging_mixin.py:137} INFO - [2023-03-17T03:24:47.156+0000] {dagbag.py:532} INFO - Filling up the DagBag from /home/airflow/.local/lib/python3.7/site-packages/airflow/example_dags/example_branch_operator_decorator.py
[2023-03-17T03:24:47.194+0000] {processor.py:753} INFO - DAG(s) dict_keys(['example_branch_python_operator_decorator']) retrieved from /home/airflow/.local/lib/python3.7/site-packages/airflow/example_dags/example_branch_operator_decorator.py
[2023-03-17T03:24:47.224+0000] {logging_mixin.py:137} INFO - [2023-03-17T03:24:47.224+0000] {dag.py:2693} INFO - Sync 1 DAGs
[2023-03-17T03:24:47.255+0000] {logging_mixin.py:137} INFO - [2023-03-17T03:24:47.255+0000] {dag.py:3444} INFO - Setting next_dagrun for example_branch_python_operator_decorator to 2023-03-16T00:00:00+00:00, run_after=2023-03-17T00:00:00+00:00
[2023-03-17T03:24:47.283+0000] {processor.py:175} INFO - Processing /home/airflow/.local/lib/python3.7/site-packages/airflow/example_dags/example_branch_operator_decorator.py took 0.133 seconds
[2023-03-17T03:25:17.473+0000] {processor.py:153} INFO - Started process (PID=6291) to work on /home/airflow/.local/lib/python3.7/site-packages/airflow/example_dags/example_branch_operator_decorator.py
[2023-03-17T03:25:17.474+0000] {processor.py:743} INFO - Processing file /home/airflow/.local/lib/python3.7/site-packages/airflow/example_dags/example_branch_operator_decorator.py for tasks to queue
[2023-03-17T03:25:17.476+0000] {logging_mixin.py:137} INFO - [2023-03-17T03:25:17.476+0000] {dagbag.py:532} INFO - Filling up the DagBag from /home/airflow/.local/lib/python3.7/site-packages/airflow/example_dags/example_branch_operator_decorator.py
[2023-03-17T03:25:17.507+0000] {processor.py:753} INFO - DAG(s) dict_keys(['example_branch_python_operator_decorator']) retrieved from /home/airflow/.local/lib/python3.7/site-packages/airflow/example_dags/example_branch_operator_decorator.py
[2023-03-17T03:25:17.538+0000] {logging_mixin.py:137} INFO - [2023-03-17T03:25:17.538+0000] {dag.py:2693} INFO - Sync 1 DAGs
[2023-03-17T03:25:17.571+0000] {logging_mixin.py:137} INFO - [2023-03-17T03:25:17.570+0000] {dag.py:3444} INFO - Setting next_dagrun for example_branch_python_operator_decorator to 2023-03-16T00:00:00+00:00, run_after=2023-03-17T00:00:00+00:00
[2023-03-17T03:25:17.598+0000] {processor.py:175} INFO - Processing /home/airflow/.local/lib/python3.7/site-packages/airflow/example_dags/example_branch_operator_decorator.py took 0.128 seconds
[2023-03-17T03:25:47.925+0000] {processor.py:153} INFO - Started process (PID=6508) to work on /home/airflow/.local/lib/python3.7/site-packages/airflow/example_dags/example_branch_operator_decorator.py
[2023-03-17T03:25:47.926+0000] {processor.py:743} INFO - Processing file /home/airflow/.local/lib/python3.7/site-packages/airflow/example_dags/example_branch_operator_decorator.py for tasks to queue
[2023-03-17T03:25:47.927+0000] {logging_mixin.py:137} INFO - [2023-03-17T03:25:47.927+0000] {dagbag.py:532} INFO - Filling up the DagBag from /home/airflow/.local/lib/python3.7/site-packages/airflow/example_dags/example_branch_operator_decorator.py
[2023-03-17T03:25:47.956+0000] {processor.py:753} INFO - DAG(s) dict_keys(['example_branch_python_operator_decorator']) retrieved from /home/airflow/.local/lib/python3.7/site-packages/airflow/example_dags/example_branch_operator_decorator.py
[2023-03-17T03:25:47.987+0000] {logging_mixin.py:137} INFO - [2023-03-17T03:25:47.986+0000] {dag.py:2693} INFO - Sync 1 DAGs
[2023-03-17T03:25:48.019+0000] {logging_mixin.py:137} INFO - [2023-03-17T03:25:48.019+0000] {dag.py:3444} INFO - Setting next_dagrun for example_branch_python_operator_decorator to 2023-03-16T00:00:00+00:00, run_after=2023-03-17T00:00:00+00:00
[2023-03-17T03:25:48.046+0000] {processor.py:175} INFO - Processing /home/airflow/.local/lib/python3.7/site-packages/airflow/example_dags/example_branch_operator_decorator.py took 0.124 seconds
[2023-03-17T03:26:18.378+0000] {processor.py:153} INFO - Started process (PID=6725) to work on /home/airflow/.local/lib/python3.7/site-packages/airflow/example_dags/example_branch_operator_decorator.py
[2023-03-17T03:26:18.379+0000] {processor.py:743} INFO - Processing file /home/airflow/.local/lib/python3.7/site-packages/airflow/example_dags/example_branch_operator_decorator.py for tasks to queue
[2023-03-17T03:26:18.380+0000] {logging_mixin.py:137} INFO - [2023-03-17T03:26:18.380+0000] {dagbag.py:532} INFO - Filling up the DagBag from /home/airflow/.local/lib/python3.7/site-packages/airflow/example_dags/example_branch_operator_decorator.py
[2023-03-17T03:26:18.410+0000] {processor.py:753} INFO - DAG(s) dict_keys(['example_branch_python_operator_decorator']) retrieved from /home/airflow/.local/lib/python3.7/site-packages/airflow/example_dags/example_branch_operator_decorator.py
[2023-03-17T03:26:18.441+0000] {logging_mixin.py:137} INFO - [2023-03-17T03:26:18.441+0000] {dag.py:2693} INFO - Sync 1 DAGs
[2023-03-17T03:26:18.475+0000] {logging_mixin.py:137} INFO - [2023-03-17T03:26:18.474+0000] {dag.py:3444} INFO - Setting next_dagrun for example_branch_python_operator_decorator to 2023-03-16T00:00:00+00:00, run_after=2023-03-17T00:00:00+00:00
[2023-03-17T03:26:18.503+0000] {processor.py:175} INFO - Processing /home/airflow/.local/lib/python3.7/site-packages/airflow/example_dags/example_branch_operator_decorator.py took 0.129 seconds
[2023-03-17T03:26:48.911+0000] {processor.py:153} INFO - Started process (PID=6942) to work on /home/airflow/.local/lib/python3.7/site-packages/airflow/example_dags/example_branch_operator_decorator.py
[2023-03-17T03:26:48.912+0000] {processor.py:743} INFO - Processing file /home/airflow/.local/lib/python3.7/site-packages/airflow/example_dags/example_branch_operator_decorator.py for tasks to queue
[2023-03-17T03:26:48.913+0000] {logging_mixin.py:137} INFO - [2023-03-17T03:26:48.913+0000] {dagbag.py:532} INFO - Filling up the DagBag from /home/airflow/.local/lib/python3.7/site-packages/airflow/example_dags/example_branch_operator_decorator.py
[2023-03-17T03:26:48.942+0000] {processor.py:753} INFO - DAG(s) dict_keys(['example_branch_python_operator_decorator']) retrieved from /home/airflow/.local/lib/python3.7/site-packages/airflow/example_dags/example_branch_operator_decorator.py
[2023-03-17T03:26:48.973+0000] {logging_mixin.py:137} INFO - [2023-03-17T03:26:48.973+0000] {dag.py:2693} INFO - Sync 1 DAGs
[2023-03-17T03:26:49.004+0000] {logging_mixin.py:137} INFO - [2023-03-17T03:26:49.004+0000] {dag.py:3444} INFO - Setting next_dagrun for example_branch_python_operator_decorator to 2023-03-16T00:00:00+00:00, run_after=2023-03-17T00:00:00+00:00
[2023-03-17T03:26:49.032+0000] {processor.py:175} INFO - Processing /home/airflow/.local/lib/python3.7/site-packages/airflow/example_dags/example_branch_operator_decorator.py took 0.125 seconds
[2023-03-17T03:27:19.243+0000] {processor.py:153} INFO - Started process (PID=7159) to work on /home/airflow/.local/lib/python3.7/site-packages/airflow/example_dags/example_branch_operator_decorator.py
[2023-03-17T03:27:19.244+0000] {processor.py:743} INFO - Processing file /home/airflow/.local/lib/python3.7/site-packages/airflow/example_dags/example_branch_operator_decorator.py for tasks to queue
[2023-03-17T03:27:19.245+0000] {logging_mixin.py:137} INFO - [2023-03-17T03:27:19.245+0000] {dagbag.py:532} INFO - Filling up the DagBag from /home/airflow/.local/lib/python3.7/site-packages/airflow/example_dags/example_branch_operator_decorator.py
[2023-03-17T03:27:19.276+0000] {processor.py:753} INFO - DAG(s) dict_keys(['example_branch_python_operator_decorator']) retrieved from /home/airflow/.local/lib/python3.7/site-packages/airflow/example_dags/example_branch_operator_decorator.py
[2023-03-17T03:27:19.307+0000] {logging_mixin.py:137} INFO - [2023-03-17T03:27:19.307+0000] {dag.py:2693} INFO - Sync 1 DAGs
[2023-03-17T03:27:19.339+0000] {logging_mixin.py:137} INFO - [2023-03-17T03:27:19.339+0000] {dag.py:3444} INFO - Setting next_dagrun for example_branch_python_operator_decorator to 2023-03-16T00:00:00+00:00, run_after=2023-03-17T00:00:00+00:00
[2023-03-17T03:27:19.367+0000] {processor.py:175} INFO - Processing /home/airflow/.local/lib/python3.7/site-packages/airflow/example_dags/example_branch_operator_decorator.py took 0.128 seconds
[2023-03-17T03:27:49.607+0000] {processor.py:153} INFO - Started process (PID=7376) to work on /home/airflow/.local/lib/python3.7/site-packages/airflow/example_dags/example_branch_operator_decorator.py
[2023-03-17T03:27:49.608+0000] {processor.py:743} INFO - Processing file /home/airflow/.local/lib/python3.7/site-packages/airflow/example_dags/example_branch_operator_decorator.py for tasks to queue
[2023-03-17T03:27:49.609+0000] {logging_mixin.py:137} INFO - [2023-03-17T03:27:49.609+0000] {dagbag.py:532} INFO - Filling up the DagBag from /home/airflow/.local/lib/python3.7/site-packages/airflow/example_dags/example_branch_operator_decorator.py
[2023-03-17T03:27:49.639+0000] {processor.py:753} INFO - DAG(s) dict_keys(['example_branch_python_operator_decorator']) retrieved from /home/airflow/.local/lib/python3.7/site-packages/airflow/example_dags/example_branch_operator_decorator.py
[2023-03-17T03:27:49.671+0000] {logging_mixin.py:137} INFO - [2023-03-17T03:27:49.671+0000] {dag.py:2693} INFO - Sync 1 DAGs
[2023-03-17T03:27:49.703+0000] {logging_mixin.py:137} INFO - [2023-03-17T03:27:49.702+0000] {dag.py:3444} INFO - Setting next_dagrun for example_branch_python_operator_decorator to 2023-03-16T00:00:00+00:00, run_after=2023-03-17T00:00:00+00:00
[2023-03-17T03:27:49.732+0000] {processor.py:175} INFO - Processing /home/airflow/.local/lib/python3.7/site-packages/airflow/example_dags/example_branch_operator_decorator.py took 0.128 seconds
[2023-03-17T03:28:19.986+0000] {processor.py:153} INFO - Started process (PID=7593) to work on /home/airflow/.local/lib/python3.7/site-packages/airflow/example_dags/example_branch_operator_decorator.py
[2023-03-17T03:28:19.988+0000] {processor.py:743} INFO - Processing file /home/airflow/.local/lib/python3.7/site-packages/airflow/example_dags/example_branch_operator_decorator.py for tasks to queue
[2023-03-17T03:28:19.989+0000] {logging_mixin.py:137} INFO - [2023-03-17T03:28:19.989+0000] {dagbag.py:532} INFO - Filling up the DagBag from /home/airflow/.local/lib/python3.7/site-packages/airflow/example_dags/example_branch_operator_decorator.py
[2023-03-17T03:28:20.021+0000] {processor.py:753} INFO - DAG(s) dict_keys(['example_branch_python_operator_decorator']) retrieved from /home/airflow/.local/lib/python3.7/site-packages/airflow/example_dags/example_branch_operator_decorator.py
[2023-03-17T03:28:20.053+0000] {logging_mixin.py:137} INFO - [2023-03-17T03:28:20.052+0000] {dag.py:2693} INFO - Sync 1 DAGs
[2023-03-17T03:28:20.087+0000] {logging_mixin.py:137} INFO - [2023-03-17T03:28:20.087+0000] {dag.py:3444} INFO - Setting next_dagrun for example_branch_python_operator_decorator to 2023-03-16T00:00:00+00:00, run_after=2023-03-17T00:00:00+00:00
[2023-03-17T03:28:20.116+0000] {processor.py:175} INFO - Processing /home/airflow/.local/lib/python3.7/site-packages/airflow/example_dags/example_branch_operator_decorator.py took 0.135 seconds
[2023-03-17T03:28:50.446+0000] {processor.py:153} INFO - Started process (PID=7810) to work on /home/airflow/.local/lib/python3.7/site-packages/airflow/example_dags/example_branch_operator_decorator.py
[2023-03-17T03:28:50.447+0000] {processor.py:743} INFO - Processing file /home/airflow/.local/lib/python3.7/site-packages/airflow/example_dags/example_branch_operator_decorator.py for tasks to queue
[2023-03-17T03:28:50.448+0000] {logging_mixin.py:137} INFO - [2023-03-17T03:28:50.448+0000] {dagbag.py:532} INFO - Filling up the DagBag from /home/airflow/.local/lib/python3.7/site-packages/airflow/example_dags/example_branch_operator_decorator.py
[2023-03-17T03:28:50.480+0000] {processor.py:753} INFO - DAG(s) dict_keys(['example_branch_python_operator_decorator']) retrieved from /home/airflow/.local/lib/python3.7/site-packages/airflow/example_dags/example_branch_operator_decorator.py
[2023-03-17T03:28:50.511+0000] {logging_mixin.py:137} INFO - [2023-03-17T03:28:50.511+0000] {dag.py:2693} INFO - Sync 1 DAGs
[2023-03-17T03:28:50.544+0000] {logging_mixin.py:137} INFO - [2023-03-17T03:28:50.544+0000] {dag.py:3444} INFO - Setting next_dagrun for example_branch_python_operator_decorator to 2023-03-16T00:00:00+00:00, run_after=2023-03-17T00:00:00+00:00
[2023-03-17T03:28:50.571+0000] {processor.py:175} INFO - Processing /home/airflow/.local/lib/python3.7/site-packages/airflow/example_dags/example_branch_operator_decorator.py took 0.129 seconds
[2023-03-17T03:29:20.689+0000] {processor.py:153} INFO - Started process (PID=8028) to work on /home/airflow/.local/lib/python3.7/site-packages/airflow/example_dags/example_branch_operator_decorator.py
[2023-03-17T03:29:20.690+0000] {processor.py:743} INFO - Processing file /home/airflow/.local/lib/python3.7/site-packages/airflow/example_dags/example_branch_operator_decorator.py for tasks to queue
[2023-03-17T03:29:20.691+0000] {logging_mixin.py:137} INFO - [2023-03-17T03:29:20.691+0000] {dagbag.py:532} INFO - Filling up the DagBag from /home/airflow/.local/lib/python3.7/site-packages/airflow/example_dags/example_branch_operator_decorator.py
[2023-03-17T03:29:20.724+0000] {processor.py:753} INFO - DAG(s) dict_keys(['example_branch_python_operator_decorator']) retrieved from /home/airflow/.local/lib/python3.7/site-packages/airflow/example_dags/example_branch_operator_decorator.py
[2023-03-17T03:29:20.756+0000] {logging_mixin.py:137} INFO - [2023-03-17T03:29:20.756+0000] {dag.py:2693} INFO - Sync 1 DAGs
[2023-03-17T03:29:20.789+0000] {logging_mixin.py:137} INFO - [2023-03-17T03:29:20.789+0000] {dag.py:3444} INFO - Setting next_dagrun for example_branch_python_operator_decorator to 2023-03-16T00:00:00+00:00, run_after=2023-03-17T00:00:00+00:00
[2023-03-17T03:29:20.816+0000] {processor.py:175} INFO - Processing /home/airflow/.local/lib/python3.7/site-packages/airflow/example_dags/example_branch_operator_decorator.py took 0.133 seconds
[2023-03-17T03:29:51.202+0000] {processor.py:153} INFO - Started process (PID=8245) to work on /home/airflow/.local/lib/python3.7/site-packages/airflow/example_dags/example_branch_operator_decorator.py
[2023-03-17T03:29:51.203+0000] {processor.py:743} INFO - Processing file /home/airflow/.local/lib/python3.7/site-packages/airflow/example_dags/example_branch_operator_decorator.py for tasks to queue
[2023-03-17T03:29:51.204+0000] {logging_mixin.py:137} INFO - [2023-03-17T03:29:51.204+0000] {dagbag.py:532} INFO - Filling up the DagBag from /home/airflow/.local/lib/python3.7/site-packages/airflow/example_dags/example_branch_operator_decorator.py
[2023-03-17T03:29:51.235+0000] {processor.py:753} INFO - DAG(s) dict_keys(['example_branch_python_operator_decorator']) retrieved from /home/airflow/.local/lib/python3.7/site-packages/airflow/example_dags/example_branch_operator_decorator.py
[2023-03-17T03:29:51.267+0000] {logging_mixin.py:137} INFO - [2023-03-17T03:29:51.266+0000] {dag.py:2693} INFO - Sync 1 DAGs
[2023-03-17T03:29:51.298+0000] {logging_mixin.py:137} INFO - [2023-03-17T03:29:51.298+0000] {dag.py:3444} INFO - Setting next_dagrun for example_branch_python_operator_decorator to 2023-03-16T00:00:00+00:00, run_after=2023-03-17T00:00:00+00:00
[2023-03-17T03:29:51.325+0000] {processor.py:175} INFO - Processing /home/airflow/.local/lib/python3.7/site-packages/airflow/example_dags/example_branch_operator_decorator.py took 0.126 seconds
[2023-03-17T03:30:21.490+0000] {processor.py:153} INFO - Started process (PID=8462) to work on /home/airflow/.local/lib/python3.7/site-packages/airflow/example_dags/example_branch_operator_decorator.py
[2023-03-17T03:30:21.491+0000] {processor.py:743} INFO - Processing file /home/airflow/.local/lib/python3.7/site-packages/airflow/example_dags/example_branch_operator_decorator.py for tasks to queue
[2023-03-17T03:30:21.493+0000] {logging_mixin.py:137} INFO - [2023-03-17T03:30:21.492+0000] {dagbag.py:532} INFO - Filling up the DagBag from /home/airflow/.local/lib/python3.7/site-packages/airflow/example_dags/example_branch_operator_decorator.py
[2023-03-17T03:30:21.524+0000] {processor.py:753} INFO - DAG(s) dict_keys(['example_branch_python_operator_decorator']) retrieved from /home/airflow/.local/lib/python3.7/site-packages/airflow/example_dags/example_branch_operator_decorator.py
[2023-03-17T03:30:21.557+0000] {logging_mixin.py:137} INFO - [2023-03-17T03:30:21.557+0000] {dag.py:2693} INFO - Sync 1 DAGs
[2023-03-17T03:30:21.590+0000] {logging_mixin.py:137} INFO - [2023-03-17T03:30:21.590+0000] {dag.py:3444} INFO - Setting next_dagrun for example_branch_python_operator_decorator to 2023-03-16T00:00:00+00:00, run_after=2023-03-17T00:00:00+00:00
[2023-03-17T03:30:21.617+0000] {processor.py:175} INFO - Processing /home/airflow/.local/lib/python3.7/site-packages/airflow/example_dags/example_branch_operator_decorator.py took 0.130 seconds
[2023-03-17T03:30:52.315+0000] {processor.py:153} INFO - Started process (PID=8679) to work on /home/airflow/.local/lib/python3.7/site-packages/airflow/example_dags/example_branch_operator_decorator.py
[2023-03-17T03:30:52.316+0000] {processor.py:743} INFO - Processing file /home/airflow/.local/lib/python3.7/site-packages/airflow/example_dags/example_branch_operator_decorator.py for tasks to queue
[2023-03-17T03:30:52.318+0000] {logging_mixin.py:137} INFO - [2023-03-17T03:30:52.317+0000] {dagbag.py:532} INFO - Filling up the DagBag from /home/airflow/.local/lib/python3.7/site-packages/airflow/example_dags/example_branch_operator_decorator.py
[2023-03-17T03:30:52.349+0000] {processor.py:753} INFO - DAG(s) dict_keys(['example_branch_python_operator_decorator']) retrieved from /home/airflow/.local/lib/python3.7/site-packages/airflow/example_dags/example_branch_operator_decorator.py
[2023-03-17T03:30:52.382+0000] {logging_mixin.py:137} INFO - [2023-03-17T03:30:52.382+0000] {dag.py:2693} INFO - Sync 1 DAGs
[2023-03-17T03:30:52.415+0000] {logging_mixin.py:137} INFO - [2023-03-17T03:30:52.415+0000] {dag.py:3444} INFO - Setting next_dagrun for example_branch_python_operator_decorator to 2023-03-16T00:00:00+00:00, run_after=2023-03-17T00:00:00+00:00
[2023-03-17T03:30:52.443+0000] {processor.py:175} INFO - Processing /home/airflow/.local/lib/python3.7/site-packages/airflow/example_dags/example_branch_operator_decorator.py took 0.131 seconds
[2023-03-17T03:31:22.637+0000] {processor.py:153} INFO - Started process (PID=8896) to work on /home/airflow/.local/lib/python3.7/site-packages/airflow/example_dags/example_branch_operator_decorator.py
[2023-03-17T03:31:22.639+0000] {processor.py:743} INFO - Processing file /home/airflow/.local/lib/python3.7/site-packages/airflow/example_dags/example_branch_operator_decorator.py for tasks to queue
[2023-03-17T03:31:22.640+0000] {logging_mixin.py:137} INFO - [2023-03-17T03:31:22.640+0000] {dagbag.py:532} INFO - Filling up the DagBag from /home/airflow/.local/lib/python3.7/site-packages/airflow/example_dags/example_branch_operator_decorator.py
[2023-03-17T03:31:22.671+0000] {processor.py:753} INFO - DAG(s) dict_keys(['example_branch_python_operator_decorator']) retrieved from /home/airflow/.local/lib/python3.7/site-packages/airflow/example_dags/example_branch_operator_decorator.py
[2023-03-17T03:31:22.702+0000] {logging_mixin.py:137} INFO - [2023-03-17T03:31:22.702+0000] {dag.py:2693} INFO - Sync 1 DAGs
[2023-03-17T03:31:22.733+0000] {logging_mixin.py:137} INFO - [2023-03-17T03:31:22.733+0000] {dag.py:3444} INFO - Setting next_dagrun for example_branch_python_operator_decorator to 2023-03-16T00:00:00+00:00, run_after=2023-03-17T00:00:00+00:00
[2023-03-17T03:31:22.761+0000] {processor.py:175} INFO - Processing /home/airflow/.local/lib/python3.7/site-packages/airflow/example_dags/example_branch_operator_decorator.py took 0.129 seconds
[2023-03-17T03:31:52.967+0000] {processor.py:153} INFO - Started process (PID=9113) to work on /home/airflow/.local/lib/python3.7/site-packages/airflow/example_dags/example_branch_operator_decorator.py
[2023-03-17T03:31:52.968+0000] {processor.py:743} INFO - Processing file /home/airflow/.local/lib/python3.7/site-packages/airflow/example_dags/example_branch_operator_decorator.py for tasks to queue
[2023-03-17T03:31:52.969+0000] {logging_mixin.py:137} INFO - [2023-03-17T03:31:52.969+0000] {dagbag.py:532} INFO - Filling up the DagBag from /home/airflow/.local/lib/python3.7/site-packages/airflow/example_dags/example_branch_operator_decorator.py
[2023-03-17T03:31:52.999+0000] {processor.py:753} INFO - DAG(s) dict_keys(['example_branch_python_operator_decorator']) retrieved from /home/airflow/.local/lib/python3.7/site-packages/airflow/example_dags/example_branch_operator_decorator.py
[2023-03-17T03:31:53.034+0000] {logging_mixin.py:137} INFO - [2023-03-17T03:31:53.034+0000] {dag.py:2693} INFO - Sync 1 DAGs
[2023-03-17T03:31:53.066+0000] {logging_mixin.py:137} INFO - [2023-03-17T03:31:53.066+0000] {dag.py:3444} INFO - Setting next_dagrun for example_branch_python_operator_decorator to 2023-03-16T00:00:00+00:00, run_after=2023-03-17T00:00:00+00:00
[2023-03-17T03:31:53.096+0000] {processor.py:175} INFO - Processing /home/airflow/.local/lib/python3.7/site-packages/airflow/example_dags/example_branch_operator_decorator.py took 0.133 seconds
[2023-03-17T03:32:23.450+0000] {processor.py:153} INFO - Started process (PID=9330) to work on /home/airflow/.local/lib/python3.7/site-packages/airflow/example_dags/example_branch_operator_decorator.py
[2023-03-17T03:32:23.452+0000] {processor.py:743} INFO - Processing file /home/airflow/.local/lib/python3.7/site-packages/airflow/example_dags/example_branch_operator_decorator.py for tasks to queue
[2023-03-17T03:32:23.453+0000] {logging_mixin.py:137} INFO - [2023-03-17T03:32:23.453+0000] {dagbag.py:532} INFO - Filling up the DagBag from /home/airflow/.local/lib/python3.7/site-packages/airflow/example_dags/example_branch_operator_decorator.py
[2023-03-17T03:32:23.486+0000] {processor.py:753} INFO - DAG(s) dict_keys(['example_branch_python_operator_decorator']) retrieved from /home/airflow/.local/lib/python3.7/site-packages/airflow/example_dags/example_branch_operator_decorator.py
[2023-03-17T03:32:23.519+0000] {logging_mixin.py:137} INFO - [2023-03-17T03:32:23.519+0000] {dag.py:2693} INFO - Sync 1 DAGs
[2023-03-17T03:32:23.551+0000] {logging_mixin.py:137} INFO - [2023-03-17T03:32:23.551+0000] {dag.py:3444} INFO - Setting next_dagrun for example_branch_python_operator_decorator to 2023-03-16T00:00:00+00:00, run_after=2023-03-17T00:00:00+00:00
[2023-03-17T03:32:23.580+0000] {processor.py:175} INFO - Processing /home/airflow/.local/lib/python3.7/site-packages/airflow/example_dags/example_branch_operator_decorator.py took 0.133 seconds
[2023-03-17T03:32:53.996+0000] {processor.py:153} INFO - Started process (PID=9547) to work on /home/airflow/.local/lib/python3.7/site-packages/airflow/example_dags/example_branch_operator_decorator.py
[2023-03-17T03:32:53.997+0000] {processor.py:743} INFO - Processing file /home/airflow/.local/lib/python3.7/site-packages/airflow/example_dags/example_branch_operator_decorator.py for tasks to queue
[2023-03-17T03:32:53.998+0000] {logging_mixin.py:137} INFO - [2023-03-17T03:32:53.998+0000] {dagbag.py:532} INFO - Filling up the DagBag from /home/airflow/.local/lib/python3.7/site-packages/airflow/example_dags/example_branch_operator_decorator.py
[2023-03-17T03:32:54.029+0000] {processor.py:753} INFO - DAG(s) dict_keys(['example_branch_python_operator_decorator']) retrieved from /home/airflow/.local/lib/python3.7/site-packages/airflow/example_dags/example_branch_operator_decorator.py
[2023-03-17T03:32:54.065+0000] {logging_mixin.py:137} INFO - [2023-03-17T03:32:54.065+0000] {dag.py:2693} INFO - Sync 1 DAGs
[2023-03-17T03:32:54.101+0000] {logging_mixin.py:137} INFO - [2023-03-17T03:32:54.101+0000] {dag.py:3444} INFO - Setting next_dagrun for example_branch_python_operator_decorator to 2023-03-16T00:00:00+00:00, run_after=2023-03-17T00:00:00+00:00
[2023-03-17T03:32:54.128+0000] {processor.py:175} INFO - Processing /home/airflow/.local/lib/python3.7/site-packages/airflow/example_dags/example_branch_operator_decorator.py took 0.137 seconds
[2023-03-17T03:33:24.878+0000] {processor.py:153} INFO - Started process (PID=9765) to work on /home/airflow/.local/lib/python3.7/site-packages/airflow/example_dags/example_branch_operator_decorator.py
[2023-03-17T03:33:24.879+0000] {processor.py:743} INFO - Processing file /home/airflow/.local/lib/python3.7/site-packages/airflow/example_dags/example_branch_operator_decorator.py for tasks to queue
[2023-03-17T03:33:24.880+0000] {logging_mixin.py:137} INFO - [2023-03-17T03:33:24.880+0000] {dagbag.py:532} INFO - Filling up the DagBag from /home/airflow/.local/lib/python3.7/site-packages/airflow/example_dags/example_branch_operator_decorator.py
[2023-03-17T03:33:24.912+0000] {processor.py:753} INFO - DAG(s) dict_keys(['example_branch_python_operator_decorator']) retrieved from /home/airflow/.local/lib/python3.7/site-packages/airflow/example_dags/example_branch_operator_decorator.py
[2023-03-17T03:33:24.945+0000] {logging_mixin.py:137} INFO - [2023-03-17T03:33:24.945+0000] {dag.py:2693} INFO - Sync 1 DAGs
[2023-03-17T03:33:24.979+0000] {logging_mixin.py:137} INFO - [2023-03-17T03:33:24.979+0000] {dag.py:3444} INFO - Setting next_dagrun for example_branch_python_operator_decorator to 2023-03-16T00:00:00+00:00, run_after=2023-03-17T00:00:00+00:00
[2023-03-17T03:33:25.013+0000] {processor.py:175} INFO - Processing /home/airflow/.local/lib/python3.7/site-packages/airflow/example_dags/example_branch_operator_decorator.py took 0.138 seconds
[2023-03-17T03:33:55.470+0000] {processor.py:153} INFO - Started process (PID=9982) to work on /home/airflow/.local/lib/python3.7/site-packages/airflow/example_dags/example_branch_operator_decorator.py
[2023-03-17T03:33:55.471+0000] {processor.py:743} INFO - Processing file /home/airflow/.local/lib/python3.7/site-packages/airflow/example_dags/example_branch_operator_decorator.py for tasks to queue
[2023-03-17T03:33:55.472+0000] {logging_mixin.py:137} INFO - [2023-03-17T03:33:55.472+0000] {dagbag.py:532} INFO - Filling up the DagBag from /home/airflow/.local/lib/python3.7/site-packages/airflow/example_dags/example_branch_operator_decorator.py
[2023-03-17T03:33:55.504+0000] {processor.py:753} INFO - DAG(s) dict_keys(['example_branch_python_operator_decorator']) retrieved from /home/airflow/.local/lib/python3.7/site-packages/airflow/example_dags/example_branch_operator_decorator.py
[2023-03-17T03:33:55.537+0000] {logging_mixin.py:137} INFO - [2023-03-17T03:33:55.537+0000] {dag.py:2693} INFO - Sync 1 DAGs
[2023-03-17T03:33:55.570+0000] {logging_mixin.py:137} INFO - [2023-03-17T03:33:55.570+0000] {dag.py:3444} INFO - Setting next_dagrun for example_branch_python_operator_decorator to 2023-03-16T00:00:00+00:00, run_after=2023-03-17T00:00:00+00:00
[2023-03-17T03:33:55.600+0000] {processor.py:175} INFO - Processing /home/airflow/.local/lib/python3.7/site-packages/airflow/example_dags/example_branch_operator_decorator.py took 0.134 seconds
[2023-03-17T03:34:25.917+0000] {processor.py:153} INFO - Started process (PID=10200) to work on /home/airflow/.local/lib/python3.7/site-packages/airflow/example_dags/example_branch_operator_decorator.py
[2023-03-17T03:34:25.918+0000] {processor.py:743} INFO - Processing file /home/airflow/.local/lib/python3.7/site-packages/airflow/example_dags/example_branch_operator_decorator.py for tasks to queue
[2023-03-17T03:34:25.920+0000] {logging_mixin.py:137} INFO - [2023-03-17T03:34:25.920+0000] {dagbag.py:532} INFO - Filling up the DagBag from /home/airflow/.local/lib/python3.7/site-packages/airflow/example_dags/example_branch_operator_decorator.py
[2023-03-17T03:34:25.958+0000] {processor.py:753} INFO - DAG(s) dict_keys(['example_branch_python_operator_decorator']) retrieved from /home/airflow/.local/lib/python3.7/site-packages/airflow/example_dags/example_branch_operator_decorator.py
[2023-03-17T03:34:25.998+0000] {logging_mixin.py:137} INFO - [2023-03-17T03:34:25.998+0000] {dag.py:2693} INFO - Sync 1 DAGs
[2023-03-17T03:34:26.037+0000] {logging_mixin.py:137} INFO - [2023-03-17T03:34:26.037+0000] {dag.py:3444} INFO - Setting next_dagrun for example_branch_python_operator_decorator to 2023-03-16T00:00:00+00:00, run_after=2023-03-17T00:00:00+00:00
[2023-03-17T03:34:26.064+0000] {processor.py:175} INFO - Processing /home/airflow/.local/lib/python3.7/site-packages/airflow/example_dags/example_branch_operator_decorator.py took 0.151 seconds
[2023-03-17T03:34:57.216+0000] {processor.py:153} INFO - Started process (PID=10416) to work on /home/airflow/.local/lib/python3.7/site-packages/airflow/example_dags/example_branch_operator_decorator.py
[2023-03-17T03:34:57.227+0000] {processor.py:743} INFO - Processing file /home/airflow/.local/lib/python3.7/site-packages/airflow/example_dags/example_branch_operator_decorator.py for tasks to queue
[2023-03-17T03:34:57.230+0000] {logging_mixin.py:137} INFO - [2023-03-17T03:34:57.230+0000] {dagbag.py:532} INFO - Filling up the DagBag from /home/airflow/.local/lib/python3.7/site-packages/airflow/example_dags/example_branch_operator_decorator.py
[2023-03-17T03:35:01.388+0000] {logging_mixin.py:137} INFO - [2023-03-17T03:35:01.387+0000] {process_utils.py:256} INFO - Waiting up to 5 seconds for processes to exit...
