[2023-03-17T03:11:01.798+0000] {processor.py:153} INFO - Started process (PID=280) to work on /home/airflow/.local/lib/python3.7/site-packages/airflow/example_dags/example_sla_dag.py
[2023-03-17T03:11:01.800+0000] {processor.py:743} INFO - Processing file /home/airflow/.local/lib/python3.7/site-packages/airflow/example_dags/example_sla_dag.py for tasks to queue
[2023-03-17T03:11:01.801+0000] {logging_mixin.py:137} INFO - [2023-03-17T03:11:01.801+0000] {dagbag.py:532} INFO - Filling up the DagBag from /home/airflow/.local/lib/python3.7/site-packages/airflow/example_dags/example_sla_dag.py
[2023-03-17T03:11:01.847+0000] {processor.py:753} INFO - DAG(s) dict_keys(['example_sla_dag']) retrieved from /home/airflow/.local/lib/python3.7/site-packages/airflow/example_dags/example_sla_dag.py
[2023-03-17T03:11:01.942+0000] {logging_mixin.py:137} INFO - [2023-03-17T03:11:01.942+0000] {dag.py:2693} INFO - Sync 1 DAGs
[2023-03-17T03:11:02.011+0000] {logging_mixin.py:137} INFO - [2023-03-17T03:11:02.011+0000] {dag.py:3444} INFO - Setting next_dagrun for example_sla_dag to 2023-03-17T03:08:00+00:00, run_after=2023-03-17T03:10:00+00:00
[2023-03-17T03:11:02.056+0000] {processor.py:175} INFO - Processing /home/airflow/.local/lib/python3.7/site-packages/airflow/example_dags/example_sla_dag.py took 0.264 seconds
[2023-03-17T03:11:35.190+0000] {processor.py:153} INFO - Started process (PID=504) to work on /home/airflow/.local/lib/python3.7/site-packages/airflow/example_dags/example_sla_dag.py
[2023-03-17T03:11:35.195+0000] {processor.py:743} INFO - Processing file /home/airflow/.local/lib/python3.7/site-packages/airflow/example_dags/example_sla_dag.py for tasks to queue
[2023-03-17T03:11:35.196+0000] {logging_mixin.py:137} INFO - [2023-03-17T03:11:35.196+0000] {dagbag.py:532} INFO - Filling up the DagBag from /home/airflow/.local/lib/python3.7/site-packages/airflow/example_dags/example_sla_dag.py
[2023-03-17T03:11:35.239+0000] {processor.py:753} INFO - DAG(s) dict_keys(['example_sla_dag']) retrieved from /home/airflow/.local/lib/python3.7/site-packages/airflow/example_dags/example_sla_dag.py
[2023-03-17T03:11:35.283+0000] {logging_mixin.py:137} INFO - [2023-03-17T03:11:35.283+0000] {dag.py:2693} INFO - Sync 1 DAGs
[2023-03-17T03:11:35.328+0000] {logging_mixin.py:137} INFO - [2023-03-17T03:11:35.328+0000] {dag.py:3444} INFO - Setting next_dagrun for example_sla_dag to 2023-03-17T03:08:00+00:00, run_after=2023-03-17T03:10:00+00:00
[2023-03-17T03:11:35.367+0000] {processor.py:175} INFO - Processing /home/airflow/.local/lib/python3.7/site-packages/airflow/example_dags/example_sla_dag.py took 0.184 seconds
[2023-03-17T03:12:05.962+0000] {processor.py:153} INFO - Started process (PID=721) to work on /home/airflow/.local/lib/python3.7/site-packages/airflow/example_dags/example_sla_dag.py
[2023-03-17T03:12:05.964+0000] {processor.py:743} INFO - Processing file /home/airflow/.local/lib/python3.7/site-packages/airflow/example_dags/example_sla_dag.py for tasks to queue
[2023-03-17T03:12:05.968+0000] {logging_mixin.py:137} INFO - [2023-03-17T03:12:05.967+0000] {dagbag.py:532} INFO - Filling up the DagBag from /home/airflow/.local/lib/python3.7/site-packages/airflow/example_dags/example_sla_dag.py
[2023-03-17T03:12:06.065+0000] {processor.py:753} INFO - DAG(s) dict_keys(['example_sla_dag']) retrieved from /home/airflow/.local/lib/python3.7/site-packages/airflow/example_dags/example_sla_dag.py
[2023-03-17T03:12:06.169+0000] {logging_mixin.py:137} INFO - [2023-03-17T03:12:06.166+0000] {dag.py:2693} INFO - Sync 1 DAGs
[2023-03-17T03:12:06.267+0000] {logging_mixin.py:137} INFO - [2023-03-17T03:12:06.266+0000] {dag.py:3444} INFO - Setting next_dagrun for example_sla_dag to 2023-03-17T03:10:00+00:00, run_after=2023-03-17T03:12:00+00:00
[2023-03-17T03:12:06.323+0000] {processor.py:175} INFO - Processing /home/airflow/.local/lib/python3.7/site-packages/airflow/example_dags/example_sla_dag.py took 0.369 seconds
[2023-03-17T03:12:37.031+0000] {processor.py:153} INFO - Started process (PID=938) to work on /home/airflow/.local/lib/python3.7/site-packages/airflow/example_dags/example_sla_dag.py
[2023-03-17T03:12:37.032+0000] {processor.py:743} INFO - Processing file /home/airflow/.local/lib/python3.7/site-packages/airflow/example_dags/example_sla_dag.py for tasks to queue
[2023-03-17T03:12:37.033+0000] {logging_mixin.py:137} INFO - [2023-03-17T03:12:37.033+0000] {dagbag.py:532} INFO - Filling up the DagBag from /home/airflow/.local/lib/python3.7/site-packages/airflow/example_dags/example_sla_dag.py
[2023-03-17T03:12:37.082+0000] {processor.py:753} INFO - DAG(s) dict_keys(['example_sla_dag']) retrieved from /home/airflow/.local/lib/python3.7/site-packages/airflow/example_dags/example_sla_dag.py
[2023-03-17T03:12:37.117+0000] {logging_mixin.py:137} INFO - [2023-03-17T03:12:37.117+0000] {dag.py:2693} INFO - Sync 1 DAGs
[2023-03-17T03:12:37.155+0000] {logging_mixin.py:137} INFO - [2023-03-17T03:12:37.154+0000] {dag.py:3444} INFO - Setting next_dagrun for example_sla_dag to 2023-03-17T03:10:00+00:00, run_after=2023-03-17T03:12:00+00:00
[2023-03-17T03:12:37.178+0000] {processor.py:175} INFO - Processing /home/airflow/.local/lib/python3.7/site-packages/airflow/example_dags/example_sla_dag.py took 0.152 seconds
[2023-03-17T03:13:07.779+0000] {processor.py:153} INFO - Started process (PID=1155) to work on /home/airflow/.local/lib/python3.7/site-packages/airflow/example_dags/example_sla_dag.py
[2023-03-17T03:13:07.780+0000] {processor.py:743} INFO - Processing file /home/airflow/.local/lib/python3.7/site-packages/airflow/example_dags/example_sla_dag.py for tasks to queue
[2023-03-17T03:13:07.782+0000] {logging_mixin.py:137} INFO - [2023-03-17T03:13:07.781+0000] {dagbag.py:532} INFO - Filling up the DagBag from /home/airflow/.local/lib/python3.7/site-packages/airflow/example_dags/example_sla_dag.py
[2023-03-17T03:13:07.813+0000] {processor.py:753} INFO - DAG(s) dict_keys(['example_sla_dag']) retrieved from /home/airflow/.local/lib/python3.7/site-packages/airflow/example_dags/example_sla_dag.py
[2023-03-17T03:13:07.845+0000] {logging_mixin.py:137} INFO - [2023-03-17T03:13:07.845+0000] {dag.py:2693} INFO - Sync 1 DAGs
[2023-03-17T03:13:07.881+0000] {logging_mixin.py:137} INFO - [2023-03-17T03:13:07.881+0000] {dag.py:3444} INFO - Setting next_dagrun for example_sla_dag to 2023-03-17T03:10:00+00:00, run_after=2023-03-17T03:12:00+00:00
[2023-03-17T03:13:07.960+0000] {processor.py:175} INFO - Processing /home/airflow/.local/lib/python3.7/site-packages/airflow/example_dags/example_sla_dag.py took 0.184 seconds
[2023-03-17T03:13:38.438+0000] {processor.py:153} INFO - Started process (PID=1372) to work on /home/airflow/.local/lib/python3.7/site-packages/airflow/example_dags/example_sla_dag.py
[2023-03-17T03:13:38.439+0000] {processor.py:743} INFO - Processing file /home/airflow/.local/lib/python3.7/site-packages/airflow/example_dags/example_sla_dag.py for tasks to queue
[2023-03-17T03:13:38.441+0000] {logging_mixin.py:137} INFO - [2023-03-17T03:13:38.440+0000] {dagbag.py:532} INFO - Filling up the DagBag from /home/airflow/.local/lib/python3.7/site-packages/airflow/example_dags/example_sla_dag.py
[2023-03-17T03:13:38.468+0000] {processor.py:753} INFO - DAG(s) dict_keys(['example_sla_dag']) retrieved from /home/airflow/.local/lib/python3.7/site-packages/airflow/example_dags/example_sla_dag.py
[2023-03-17T03:13:38.498+0000] {logging_mixin.py:137} INFO - [2023-03-17T03:13:38.498+0000] {dag.py:2693} INFO - Sync 1 DAGs
[2023-03-17T03:13:38.534+0000] {logging_mixin.py:137} INFO - [2023-03-17T03:13:38.533+0000] {dag.py:3444} INFO - Setting next_dagrun for example_sla_dag to 2023-03-17T03:10:00+00:00, run_after=2023-03-17T03:12:00+00:00
[2023-03-17T03:13:38.565+0000] {processor.py:175} INFO - Processing /home/airflow/.local/lib/python3.7/site-packages/airflow/example_dags/example_sla_dag.py took 0.130 seconds
[2023-03-17T03:14:08.785+0000] {processor.py:153} INFO - Started process (PID=1589) to work on /home/airflow/.local/lib/python3.7/site-packages/airflow/example_dags/example_sla_dag.py
[2023-03-17T03:14:08.786+0000] {processor.py:743} INFO - Processing file /home/airflow/.local/lib/python3.7/site-packages/airflow/example_dags/example_sla_dag.py for tasks to queue
[2023-03-17T03:14:08.788+0000] {logging_mixin.py:137} INFO - [2023-03-17T03:14:08.787+0000] {dagbag.py:532} INFO - Filling up the DagBag from /home/airflow/.local/lib/python3.7/site-packages/airflow/example_dags/example_sla_dag.py
[2023-03-17T03:14:08.815+0000] {processor.py:753} INFO - DAG(s) dict_keys(['example_sla_dag']) retrieved from /home/airflow/.local/lib/python3.7/site-packages/airflow/example_dags/example_sla_dag.py
[2023-03-17T03:14:08.844+0000] {logging_mixin.py:137} INFO - [2023-03-17T03:14:08.844+0000] {dag.py:2693} INFO - Sync 1 DAGs
[2023-03-17T03:14:08.878+0000] {logging_mixin.py:137} INFO - [2023-03-17T03:14:08.877+0000] {dag.py:3444} INFO - Setting next_dagrun for example_sla_dag to 2023-03-17T03:12:00+00:00, run_after=2023-03-17T03:14:00+00:00
[2023-03-17T03:14:08.907+0000] {processor.py:175} INFO - Processing /home/airflow/.local/lib/python3.7/site-packages/airflow/example_dags/example_sla_dag.py took 0.125 seconds
[2023-03-17T03:14:39.154+0000] {processor.py:153} INFO - Started process (PID=1806) to work on /home/airflow/.local/lib/python3.7/site-packages/airflow/example_dags/example_sla_dag.py
[2023-03-17T03:14:39.155+0000] {processor.py:743} INFO - Processing file /home/airflow/.local/lib/python3.7/site-packages/airflow/example_dags/example_sla_dag.py for tasks to queue
[2023-03-17T03:14:39.156+0000] {logging_mixin.py:137} INFO - [2023-03-17T03:14:39.156+0000] {dagbag.py:532} INFO - Filling up the DagBag from /home/airflow/.local/lib/python3.7/site-packages/airflow/example_dags/example_sla_dag.py
[2023-03-17T03:14:39.190+0000] {processor.py:753} INFO - DAG(s) dict_keys(['example_sla_dag']) retrieved from /home/airflow/.local/lib/python3.7/site-packages/airflow/example_dags/example_sla_dag.py
[2023-03-17T03:14:39.219+0000] {logging_mixin.py:137} INFO - [2023-03-17T03:14:39.219+0000] {dag.py:2693} INFO - Sync 1 DAGs
[2023-03-17T03:14:39.256+0000] {logging_mixin.py:137} INFO - [2023-03-17T03:14:39.256+0000] {dag.py:3444} INFO - Setting next_dagrun for example_sla_dag to 2023-03-17T03:12:00+00:00, run_after=2023-03-17T03:14:00+00:00
[2023-03-17T03:14:39.283+0000] {processor.py:175} INFO - Processing /home/airflow/.local/lib/python3.7/site-packages/airflow/example_dags/example_sla_dag.py took 0.132 seconds
[2023-03-17T03:15:09.738+0000] {processor.py:153} INFO - Started process (PID=2023) to work on /home/airflow/.local/lib/python3.7/site-packages/airflow/example_dags/example_sla_dag.py
[2023-03-17T03:15:09.740+0000] {processor.py:743} INFO - Processing file /home/airflow/.local/lib/python3.7/site-packages/airflow/example_dags/example_sla_dag.py for tasks to queue
[2023-03-17T03:15:09.741+0000] {logging_mixin.py:137} INFO - [2023-03-17T03:15:09.741+0000] {dagbag.py:532} INFO - Filling up the DagBag from /home/airflow/.local/lib/python3.7/site-packages/airflow/example_dags/example_sla_dag.py
[2023-03-17T03:15:09.779+0000] {processor.py:753} INFO - DAG(s) dict_keys(['example_sla_dag']) retrieved from /home/airflow/.local/lib/python3.7/site-packages/airflow/example_dags/example_sla_dag.py
[2023-03-17T03:15:09.812+0000] {logging_mixin.py:137} INFO - [2023-03-17T03:15:09.812+0000] {dag.py:2693} INFO - Sync 1 DAGs
[2023-03-17T03:15:09.847+0000] {logging_mixin.py:137} INFO - [2023-03-17T03:15:09.847+0000] {dag.py:3444} INFO - Setting next_dagrun for example_sla_dag to 2023-03-17T03:12:00+00:00, run_after=2023-03-17T03:14:00+00:00
[2023-03-17T03:15:09.874+0000] {processor.py:175} INFO - Processing /home/airflow/.local/lib/python3.7/site-packages/airflow/example_dags/example_sla_dag.py took 0.140 seconds
[2023-03-17T03:15:40.271+0000] {processor.py:153} INFO - Started process (PID=2240) to work on /home/airflow/.local/lib/python3.7/site-packages/airflow/example_dags/example_sla_dag.py
[2023-03-17T03:15:40.272+0000] {processor.py:743} INFO - Processing file /home/airflow/.local/lib/python3.7/site-packages/airflow/example_dags/example_sla_dag.py for tasks to queue
[2023-03-17T03:15:40.275+0000] {logging_mixin.py:137} INFO - [2023-03-17T03:15:40.274+0000] {dagbag.py:532} INFO - Filling up the DagBag from /home/airflow/.local/lib/python3.7/site-packages/airflow/example_dags/example_sla_dag.py
[2023-03-17T03:15:40.309+0000] {processor.py:753} INFO - DAG(s) dict_keys(['example_sla_dag']) retrieved from /home/airflow/.local/lib/python3.7/site-packages/airflow/example_dags/example_sla_dag.py
[2023-03-17T03:15:40.346+0000] {logging_mixin.py:137} INFO - [2023-03-17T03:15:40.346+0000] {dag.py:2693} INFO - Sync 1 DAGs
[2023-03-17T03:15:40.381+0000] {logging_mixin.py:137} INFO - [2023-03-17T03:15:40.381+0000] {dag.py:3444} INFO - Setting next_dagrun for example_sla_dag to 2023-03-17T03:12:00+00:00, run_after=2023-03-17T03:14:00+00:00
[2023-03-17T03:15:40.405+0000] {processor.py:175} INFO - Processing /home/airflow/.local/lib/python3.7/site-packages/airflow/example_dags/example_sla_dag.py took 0.137 seconds
[2023-03-17T03:16:10.843+0000] {processor.py:153} INFO - Started process (PID=2458) to work on /home/airflow/.local/lib/python3.7/site-packages/airflow/example_dags/example_sla_dag.py
[2023-03-17T03:16:10.844+0000] {processor.py:743} INFO - Processing file /home/airflow/.local/lib/python3.7/site-packages/airflow/example_dags/example_sla_dag.py for tasks to queue
[2023-03-17T03:16:10.846+0000] {logging_mixin.py:137} INFO - [2023-03-17T03:16:10.845+0000] {dagbag.py:532} INFO - Filling up the DagBag from /home/airflow/.local/lib/python3.7/site-packages/airflow/example_dags/example_sla_dag.py
[2023-03-17T03:16:10.886+0000] {processor.py:753} INFO - DAG(s) dict_keys(['example_sla_dag']) retrieved from /home/airflow/.local/lib/python3.7/site-packages/airflow/example_dags/example_sla_dag.py
[2023-03-17T03:16:10.928+0000] {logging_mixin.py:137} INFO - [2023-03-17T03:16:10.927+0000] {dag.py:2693} INFO - Sync 1 DAGs
[2023-03-17T03:16:10.973+0000] {logging_mixin.py:137} INFO - [2023-03-17T03:16:10.973+0000] {dag.py:3444} INFO - Setting next_dagrun for example_sla_dag to 2023-03-17T03:14:00+00:00, run_after=2023-03-17T03:16:00+00:00
[2023-03-17T03:16:11.002+0000] {processor.py:175} INFO - Processing /home/airflow/.local/lib/python3.7/site-packages/airflow/example_dags/example_sla_dag.py took 0.163 seconds
[2023-03-17T03:16:41.362+0000] {processor.py:153} INFO - Started process (PID=2675) to work on /home/airflow/.local/lib/python3.7/site-packages/airflow/example_dags/example_sla_dag.py
[2023-03-17T03:16:41.364+0000] {processor.py:743} INFO - Processing file /home/airflow/.local/lib/python3.7/site-packages/airflow/example_dags/example_sla_dag.py for tasks to queue
[2023-03-17T03:16:41.365+0000] {logging_mixin.py:137} INFO - [2023-03-17T03:16:41.365+0000] {dagbag.py:532} INFO - Filling up the DagBag from /home/airflow/.local/lib/python3.7/site-packages/airflow/example_dags/example_sla_dag.py
[2023-03-17T03:16:41.393+0000] {processor.py:753} INFO - DAG(s) dict_keys(['example_sla_dag']) retrieved from /home/airflow/.local/lib/python3.7/site-packages/airflow/example_dags/example_sla_dag.py
[2023-03-17T03:16:41.422+0000] {logging_mixin.py:137} INFO - [2023-03-17T03:16:41.422+0000] {dag.py:2693} INFO - Sync 1 DAGs
[2023-03-17T03:16:41.466+0000] {logging_mixin.py:137} INFO - [2023-03-17T03:16:41.466+0000] {dag.py:3444} INFO - Setting next_dagrun for example_sla_dag to 2023-03-17T03:14:00+00:00, run_after=2023-03-17T03:16:00+00:00
[2023-03-17T03:16:41.491+0000] {processor.py:175} INFO - Processing /home/airflow/.local/lib/python3.7/site-packages/airflow/example_dags/example_sla_dag.py took 0.135 seconds
[2023-03-17T03:17:11.862+0000] {processor.py:153} INFO - Started process (PID=2892) to work on /home/airflow/.local/lib/python3.7/site-packages/airflow/example_dags/example_sla_dag.py
[2023-03-17T03:17:11.863+0000] {processor.py:743} INFO - Processing file /home/airflow/.local/lib/python3.7/site-packages/airflow/example_dags/example_sla_dag.py for tasks to queue
[2023-03-17T03:17:11.864+0000] {logging_mixin.py:137} INFO - [2023-03-17T03:17:11.864+0000] {dagbag.py:532} INFO - Filling up the DagBag from /home/airflow/.local/lib/python3.7/site-packages/airflow/example_dags/example_sla_dag.py
[2023-03-17T03:17:11.891+0000] {processor.py:753} INFO - DAG(s) dict_keys(['example_sla_dag']) retrieved from /home/airflow/.local/lib/python3.7/site-packages/airflow/example_dags/example_sla_dag.py
[2023-03-17T03:17:11.922+0000] {logging_mixin.py:137} INFO - [2023-03-17T03:17:11.922+0000] {dag.py:2693} INFO - Sync 1 DAGs
[2023-03-17T03:17:11.965+0000] {logging_mixin.py:137} INFO - [2023-03-17T03:17:11.964+0000] {dag.py:3444} INFO - Setting next_dagrun for example_sla_dag to 2023-03-17T03:14:00+00:00, run_after=2023-03-17T03:16:00+00:00
[2023-03-17T03:17:11.991+0000] {processor.py:175} INFO - Processing /home/airflow/.local/lib/python3.7/site-packages/airflow/example_dags/example_sla_dag.py took 0.133 seconds
[2023-03-17T03:17:42.295+0000] {processor.py:153} INFO - Started process (PID=3109) to work on /home/airflow/.local/lib/python3.7/site-packages/airflow/example_dags/example_sla_dag.py
[2023-03-17T03:17:42.296+0000] {processor.py:743} INFO - Processing file /home/airflow/.local/lib/python3.7/site-packages/airflow/example_dags/example_sla_dag.py for tasks to queue
[2023-03-17T03:17:42.297+0000] {logging_mixin.py:137} INFO - [2023-03-17T03:17:42.297+0000] {dagbag.py:532} INFO - Filling up the DagBag from /home/airflow/.local/lib/python3.7/site-packages/airflow/example_dags/example_sla_dag.py
[2023-03-17T03:17:42.328+0000] {processor.py:753} INFO - DAG(s) dict_keys(['example_sla_dag']) retrieved from /home/airflow/.local/lib/python3.7/site-packages/airflow/example_dags/example_sla_dag.py
[2023-03-17T03:17:42.440+0000] {logging_mixin.py:137} INFO - [2023-03-17T03:17:42.440+0000] {dag.py:2693} INFO - Sync 1 DAGs
[2023-03-17T03:17:42.482+0000] {logging_mixin.py:137} INFO - [2023-03-17T03:17:42.482+0000] {dag.py:3444} INFO - Setting next_dagrun for example_sla_dag to 2023-03-17T03:14:00+00:00, run_after=2023-03-17T03:16:00+00:00
[2023-03-17T03:17:42.508+0000] {processor.py:175} INFO - Processing /home/airflow/.local/lib/python3.7/site-packages/airflow/example_dags/example_sla_dag.py took 0.216 seconds
[2023-03-17T03:18:12.734+0000] {processor.py:153} INFO - Started process (PID=3326) to work on /home/airflow/.local/lib/python3.7/site-packages/airflow/example_dags/example_sla_dag.py
[2023-03-17T03:18:12.735+0000] {processor.py:743} INFO - Processing file /home/airflow/.local/lib/python3.7/site-packages/airflow/example_dags/example_sla_dag.py for tasks to queue
[2023-03-17T03:18:12.736+0000] {logging_mixin.py:137} INFO - [2023-03-17T03:18:12.736+0000] {dagbag.py:532} INFO - Filling up the DagBag from /home/airflow/.local/lib/python3.7/site-packages/airflow/example_dags/example_sla_dag.py
[2023-03-17T03:18:12.763+0000] {processor.py:753} INFO - DAG(s) dict_keys(['example_sla_dag']) retrieved from /home/airflow/.local/lib/python3.7/site-packages/airflow/example_dags/example_sla_dag.py
[2023-03-17T03:18:12.793+0000] {logging_mixin.py:137} INFO - [2023-03-17T03:18:12.793+0000] {dag.py:2693} INFO - Sync 1 DAGs
[2023-03-17T03:18:12.828+0000] {logging_mixin.py:137} INFO - [2023-03-17T03:18:12.828+0000] {dag.py:3444} INFO - Setting next_dagrun for example_sla_dag to 2023-03-17T03:16:00+00:00, run_after=2023-03-17T03:18:00+00:00
[2023-03-17T03:18:12.857+0000] {processor.py:175} INFO - Processing /home/airflow/.local/lib/python3.7/site-packages/airflow/example_dags/example_sla_dag.py took 0.127 seconds
[2023-03-17T03:18:43.278+0000] {processor.py:153} INFO - Started process (PID=3544) to work on /home/airflow/.local/lib/python3.7/site-packages/airflow/example_dags/example_sla_dag.py
[2023-03-17T03:18:43.280+0000] {processor.py:743} INFO - Processing file /home/airflow/.local/lib/python3.7/site-packages/airflow/example_dags/example_sla_dag.py for tasks to queue
[2023-03-17T03:18:43.281+0000] {logging_mixin.py:137} INFO - [2023-03-17T03:18:43.280+0000] {dagbag.py:532} INFO - Filling up the DagBag from /home/airflow/.local/lib/python3.7/site-packages/airflow/example_dags/example_sla_dag.py
[2023-03-17T03:18:43.308+0000] {processor.py:753} INFO - DAG(s) dict_keys(['example_sla_dag']) retrieved from /home/airflow/.local/lib/python3.7/site-packages/airflow/example_dags/example_sla_dag.py
[2023-03-17T03:18:43.338+0000] {logging_mixin.py:137} INFO - [2023-03-17T03:18:43.338+0000] {dag.py:2693} INFO - Sync 1 DAGs
[2023-03-17T03:18:43.371+0000] {logging_mixin.py:137} INFO - [2023-03-17T03:18:43.371+0000] {dag.py:3444} INFO - Setting next_dagrun for example_sla_dag to 2023-03-17T03:16:00+00:00, run_after=2023-03-17T03:18:00+00:00
[2023-03-17T03:18:43.401+0000] {processor.py:175} INFO - Processing /home/airflow/.local/lib/python3.7/site-packages/airflow/example_dags/example_sla_dag.py took 0.126 seconds
[2023-03-17T03:19:13.932+0000] {processor.py:153} INFO - Started process (PID=3761) to work on /home/airflow/.local/lib/python3.7/site-packages/airflow/example_dags/example_sla_dag.py
[2023-03-17T03:19:13.933+0000] {processor.py:743} INFO - Processing file /home/airflow/.local/lib/python3.7/site-packages/airflow/example_dags/example_sla_dag.py for tasks to queue
[2023-03-17T03:19:13.935+0000] {logging_mixin.py:137} INFO - [2023-03-17T03:19:13.934+0000] {dagbag.py:532} INFO - Filling up the DagBag from /home/airflow/.local/lib/python3.7/site-packages/airflow/example_dags/example_sla_dag.py
[2023-03-17T03:19:13.963+0000] {processor.py:753} INFO - DAG(s) dict_keys(['example_sla_dag']) retrieved from /home/airflow/.local/lib/python3.7/site-packages/airflow/example_dags/example_sla_dag.py
[2023-03-17T03:19:13.996+0000] {logging_mixin.py:137} INFO - [2023-03-17T03:19:13.996+0000] {dag.py:2693} INFO - Sync 1 DAGs
[2023-03-17T03:19:14.037+0000] {logging_mixin.py:137} INFO - [2023-03-17T03:19:14.036+0000] {dag.py:3444} INFO - Setting next_dagrun for example_sla_dag to 2023-03-17T03:16:00+00:00, run_after=2023-03-17T03:18:00+00:00
[2023-03-17T03:19:14.066+0000] {processor.py:175} INFO - Processing /home/airflow/.local/lib/python3.7/site-packages/airflow/example_dags/example_sla_dag.py took 0.139 seconds
[2023-03-17T03:19:44.536+0000] {processor.py:153} INFO - Started process (PID=3978) to work on /home/airflow/.local/lib/python3.7/site-packages/airflow/example_dags/example_sla_dag.py
[2023-03-17T03:19:44.537+0000] {processor.py:743} INFO - Processing file /home/airflow/.local/lib/python3.7/site-packages/airflow/example_dags/example_sla_dag.py for tasks to queue
[2023-03-17T03:19:44.538+0000] {logging_mixin.py:137} INFO - [2023-03-17T03:19:44.538+0000] {dagbag.py:532} INFO - Filling up the DagBag from /home/airflow/.local/lib/python3.7/site-packages/airflow/example_dags/example_sla_dag.py
[2023-03-17T03:19:44.568+0000] {processor.py:753} INFO - DAG(s) dict_keys(['example_sla_dag']) retrieved from /home/airflow/.local/lib/python3.7/site-packages/airflow/example_dags/example_sla_dag.py
[2023-03-17T03:19:44.613+0000] {logging_mixin.py:137} INFO - [2023-03-17T03:19:44.613+0000] {dag.py:2693} INFO - Sync 1 DAGs
[2023-03-17T03:19:44.655+0000] {logging_mixin.py:137} INFO - [2023-03-17T03:19:44.655+0000] {dag.py:3444} INFO - Setting next_dagrun for example_sla_dag to 2023-03-17T03:16:00+00:00, run_after=2023-03-17T03:18:00+00:00
[2023-03-17T03:19:44.681+0000] {processor.py:175} INFO - Processing /home/airflow/.local/lib/python3.7/site-packages/airflow/example_dags/example_sla_dag.py took 0.149 seconds
[2023-03-17T03:20:14.987+0000] {processor.py:153} INFO - Started process (PID=4195) to work on /home/airflow/.local/lib/python3.7/site-packages/airflow/example_dags/example_sla_dag.py
[2023-03-17T03:20:14.988+0000] {processor.py:743} INFO - Processing file /home/airflow/.local/lib/python3.7/site-packages/airflow/example_dags/example_sla_dag.py for tasks to queue
[2023-03-17T03:20:14.989+0000] {logging_mixin.py:137} INFO - [2023-03-17T03:20:14.989+0000] {dagbag.py:532} INFO - Filling up the DagBag from /home/airflow/.local/lib/python3.7/site-packages/airflow/example_dags/example_sla_dag.py
[2023-03-17T03:20:15.018+0000] {processor.py:753} INFO - DAG(s) dict_keys(['example_sla_dag']) retrieved from /home/airflow/.local/lib/python3.7/site-packages/airflow/example_dags/example_sla_dag.py
[2023-03-17T03:20:15.051+0000] {logging_mixin.py:137} INFO - [2023-03-17T03:20:15.051+0000] {dag.py:2693} INFO - Sync 1 DAGs
[2023-03-17T03:20:15.087+0000] {logging_mixin.py:137} INFO - [2023-03-17T03:20:15.087+0000] {dag.py:3444} INFO - Setting next_dagrun for example_sla_dag to 2023-03-17T03:18:00+00:00, run_after=2023-03-17T03:20:00+00:00
[2023-03-17T03:20:15.114+0000] {processor.py:175} INFO - Processing /home/airflow/.local/lib/python3.7/site-packages/airflow/example_dags/example_sla_dag.py took 0.130 seconds
[2023-03-17T03:20:45.375+0000] {processor.py:153} INFO - Started process (PID=4412) to work on /home/airflow/.local/lib/python3.7/site-packages/airflow/example_dags/example_sla_dag.py
[2023-03-17T03:20:45.376+0000] {processor.py:743} INFO - Processing file /home/airflow/.local/lib/python3.7/site-packages/airflow/example_dags/example_sla_dag.py for tasks to queue
[2023-03-17T03:20:45.377+0000] {logging_mixin.py:137} INFO - [2023-03-17T03:20:45.377+0000] {dagbag.py:532} INFO - Filling up the DagBag from /home/airflow/.local/lib/python3.7/site-packages/airflow/example_dags/example_sla_dag.py
[2023-03-17T03:20:45.404+0000] {processor.py:753} INFO - DAG(s) dict_keys(['example_sla_dag']) retrieved from /home/airflow/.local/lib/python3.7/site-packages/airflow/example_dags/example_sla_dag.py
[2023-03-17T03:20:45.435+0000] {logging_mixin.py:137} INFO - [2023-03-17T03:20:45.435+0000] {dag.py:2693} INFO - Sync 1 DAGs
[2023-03-17T03:20:45.469+0000] {logging_mixin.py:137} INFO - [2023-03-17T03:20:45.469+0000] {dag.py:3444} INFO - Setting next_dagrun for example_sla_dag to 2023-03-17T03:18:00+00:00, run_after=2023-03-17T03:20:00+00:00
[2023-03-17T03:20:45.497+0000] {processor.py:175} INFO - Processing /home/airflow/.local/lib/python3.7/site-packages/airflow/example_dags/example_sla_dag.py took 0.125 seconds
[2023-03-17T03:21:15.888+0000] {processor.py:153} INFO - Started process (PID=4629) to work on /home/airflow/.local/lib/python3.7/site-packages/airflow/example_dags/example_sla_dag.py
[2023-03-17T03:21:15.889+0000] {processor.py:743} INFO - Processing file /home/airflow/.local/lib/python3.7/site-packages/airflow/example_dags/example_sla_dag.py for tasks to queue
[2023-03-17T03:21:15.890+0000] {logging_mixin.py:137} INFO - [2023-03-17T03:21:15.890+0000] {dagbag.py:532} INFO - Filling up the DagBag from /home/airflow/.local/lib/python3.7/site-packages/airflow/example_dags/example_sla_dag.py
[2023-03-17T03:21:15.922+0000] {processor.py:753} INFO - DAG(s) dict_keys(['example_sla_dag']) retrieved from /home/airflow/.local/lib/python3.7/site-packages/airflow/example_dags/example_sla_dag.py
[2023-03-17T03:21:15.955+0000] {logging_mixin.py:137} INFO - [2023-03-17T03:21:15.955+0000] {dag.py:2693} INFO - Sync 1 DAGs
[2023-03-17T03:21:16.003+0000] {logging_mixin.py:137} INFO - [2023-03-17T03:21:16.002+0000] {dag.py:3444} INFO - Setting next_dagrun for example_sla_dag to 2023-03-17T03:18:00+00:00, run_after=2023-03-17T03:20:00+00:00
[2023-03-17T03:21:16.033+0000] {processor.py:175} INFO - Processing /home/airflow/.local/lib/python3.7/site-packages/airflow/example_dags/example_sla_dag.py took 0.150 seconds
[2023-03-17T03:21:46.738+0000] {processor.py:153} INFO - Started process (PID=4845) to work on /home/airflow/.local/lib/python3.7/site-packages/airflow/example_dags/example_sla_dag.py
[2023-03-17T03:21:46.740+0000] {processor.py:743} INFO - Processing file /home/airflow/.local/lib/python3.7/site-packages/airflow/example_dags/example_sla_dag.py for tasks to queue
[2023-03-17T03:21:46.741+0000] {logging_mixin.py:137} INFO - [2023-03-17T03:21:46.741+0000] {dagbag.py:532} INFO - Filling up the DagBag from /home/airflow/.local/lib/python3.7/site-packages/airflow/example_dags/example_sla_dag.py
[2023-03-17T03:21:46.774+0000] {processor.py:753} INFO - DAG(s) dict_keys(['example_sla_dag']) retrieved from /home/airflow/.local/lib/python3.7/site-packages/airflow/example_dags/example_sla_dag.py
[2023-03-17T03:21:46.810+0000] {logging_mixin.py:137} INFO - [2023-03-17T03:21:46.810+0000] {dag.py:2693} INFO - Sync 1 DAGs
[2023-03-17T03:21:46.845+0000] {logging_mixin.py:137} INFO - [2023-03-17T03:21:46.845+0000] {dag.py:3444} INFO - Setting next_dagrun for example_sla_dag to 2023-03-17T03:18:00+00:00, run_after=2023-03-17T03:20:00+00:00
[2023-03-17T03:21:46.873+0000] {processor.py:175} INFO - Processing /home/airflow/.local/lib/python3.7/site-packages/airflow/example_dags/example_sla_dag.py took 0.138 seconds
[2023-03-17T03:22:17.066+0000] {processor.py:153} INFO - Started process (PID=5063) to work on /home/airflow/.local/lib/python3.7/site-packages/airflow/example_dags/example_sla_dag.py
[2023-03-17T03:22:17.067+0000] {processor.py:743} INFO - Processing file /home/airflow/.local/lib/python3.7/site-packages/airflow/example_dags/example_sla_dag.py for tasks to queue
[2023-03-17T03:22:17.069+0000] {logging_mixin.py:137} INFO - [2023-03-17T03:22:17.068+0000] {dagbag.py:532} INFO - Filling up the DagBag from /home/airflow/.local/lib/python3.7/site-packages/airflow/example_dags/example_sla_dag.py
[2023-03-17T03:22:17.103+0000] {processor.py:753} INFO - DAG(s) dict_keys(['example_sla_dag']) retrieved from /home/airflow/.local/lib/python3.7/site-packages/airflow/example_dags/example_sla_dag.py
[2023-03-17T03:22:17.173+0000] {logging_mixin.py:137} INFO - [2023-03-17T03:22:17.173+0000] {dag.py:2693} INFO - Sync 1 DAGs
[2023-03-17T03:22:17.216+0000] {logging_mixin.py:137} INFO - [2023-03-17T03:22:17.216+0000] {dag.py:3444} INFO - Setting next_dagrun for example_sla_dag to 2023-03-17T03:20:00+00:00, run_after=2023-03-17T03:22:00+00:00
[2023-03-17T03:22:17.240+0000] {processor.py:175} INFO - Processing /home/airflow/.local/lib/python3.7/site-packages/airflow/example_dags/example_sla_dag.py took 0.179 seconds
[2023-03-17T03:22:47.519+0000] {processor.py:153} INFO - Started process (PID=5280) to work on /home/airflow/.local/lib/python3.7/site-packages/airflow/example_dags/example_sla_dag.py
[2023-03-17T03:22:47.520+0000] {processor.py:743} INFO - Processing file /home/airflow/.local/lib/python3.7/site-packages/airflow/example_dags/example_sla_dag.py for tasks to queue
[2023-03-17T03:22:47.521+0000] {logging_mixin.py:137} INFO - [2023-03-17T03:22:47.521+0000] {dagbag.py:532} INFO - Filling up the DagBag from /home/airflow/.local/lib/python3.7/site-packages/airflow/example_dags/example_sla_dag.py
[2023-03-17T03:22:47.549+0000] {processor.py:753} INFO - DAG(s) dict_keys(['example_sla_dag']) retrieved from /home/airflow/.local/lib/python3.7/site-packages/airflow/example_dags/example_sla_dag.py
[2023-03-17T03:22:47.582+0000] {logging_mixin.py:137} INFO - [2023-03-17T03:22:47.582+0000] {dag.py:2693} INFO - Sync 1 DAGs
[2023-03-17T03:22:47.616+0000] {logging_mixin.py:137} INFO - [2023-03-17T03:22:47.616+0000] {dag.py:3444} INFO - Setting next_dagrun for example_sla_dag to 2023-03-17T03:20:00+00:00, run_after=2023-03-17T03:22:00+00:00
[2023-03-17T03:22:47.641+0000] {processor.py:175} INFO - Processing /home/airflow/.local/lib/python3.7/site-packages/airflow/example_dags/example_sla_dag.py took 0.125 seconds
[2023-03-17T03:23:17.901+0000] {processor.py:153} INFO - Started process (PID=5498) to work on /home/airflow/.local/lib/python3.7/site-packages/airflow/example_dags/example_sla_dag.py
[2023-03-17T03:23:17.902+0000] {processor.py:743} INFO - Processing file /home/airflow/.local/lib/python3.7/site-packages/airflow/example_dags/example_sla_dag.py for tasks to queue
[2023-03-17T03:23:17.904+0000] {logging_mixin.py:137} INFO - [2023-03-17T03:23:17.903+0000] {dagbag.py:532} INFO - Filling up the DagBag from /home/airflow/.local/lib/python3.7/site-packages/airflow/example_dags/example_sla_dag.py
[2023-03-17T03:23:17.934+0000] {processor.py:753} INFO - DAG(s) dict_keys(['example_sla_dag']) retrieved from /home/airflow/.local/lib/python3.7/site-packages/airflow/example_dags/example_sla_dag.py
[2023-03-17T03:23:17.965+0000] {logging_mixin.py:137} INFO - [2023-03-17T03:23:17.965+0000] {dag.py:2693} INFO - Sync 1 DAGs
[2023-03-17T03:23:17.999+0000] {logging_mixin.py:137} INFO - [2023-03-17T03:23:17.999+0000] {dag.py:3444} INFO - Setting next_dagrun for example_sla_dag to 2023-03-17T03:20:00+00:00, run_after=2023-03-17T03:22:00+00:00
[2023-03-17T03:23:18.025+0000] {processor.py:175} INFO - Processing /home/airflow/.local/lib/python3.7/site-packages/airflow/example_dags/example_sla_dag.py took 0.128 seconds
[2023-03-17T03:23:48.402+0000] {processor.py:153} INFO - Started process (PID=5715) to work on /home/airflow/.local/lib/python3.7/site-packages/airflow/example_dags/example_sla_dag.py
[2023-03-17T03:23:48.403+0000] {processor.py:743} INFO - Processing file /home/airflow/.local/lib/python3.7/site-packages/airflow/example_dags/example_sla_dag.py for tasks to queue
[2023-03-17T03:23:48.404+0000] {logging_mixin.py:137} INFO - [2023-03-17T03:23:48.404+0000] {dagbag.py:532} INFO - Filling up the DagBag from /home/airflow/.local/lib/python3.7/site-packages/airflow/example_dags/example_sla_dag.py
[2023-03-17T03:23:48.432+0000] {processor.py:753} INFO - DAG(s) dict_keys(['example_sla_dag']) retrieved from /home/airflow/.local/lib/python3.7/site-packages/airflow/example_dags/example_sla_dag.py
[2023-03-17T03:23:48.462+0000] {logging_mixin.py:137} INFO - [2023-03-17T03:23:48.461+0000] {dag.py:2693} INFO - Sync 1 DAGs
[2023-03-17T03:23:48.496+0000] {logging_mixin.py:137} INFO - [2023-03-17T03:23:48.496+0000] {dag.py:3444} INFO - Setting next_dagrun for example_sla_dag to 2023-03-17T03:20:00+00:00, run_after=2023-03-17T03:22:00+00:00
[2023-03-17T03:23:48.523+0000] {processor.py:175} INFO - Processing /home/airflow/.local/lib/python3.7/site-packages/airflow/example_dags/example_sla_dag.py took 0.126 seconds
[2023-03-17T03:24:18.769+0000] {processor.py:153} INFO - Started process (PID=5932) to work on /home/airflow/.local/lib/python3.7/site-packages/airflow/example_dags/example_sla_dag.py
[2023-03-17T03:24:18.770+0000] {processor.py:743} INFO - Processing file /home/airflow/.local/lib/python3.7/site-packages/airflow/example_dags/example_sla_dag.py for tasks to queue
[2023-03-17T03:24:18.771+0000] {logging_mixin.py:137} INFO - [2023-03-17T03:24:18.771+0000] {dagbag.py:532} INFO - Filling up the DagBag from /home/airflow/.local/lib/python3.7/site-packages/airflow/example_dags/example_sla_dag.py
[2023-03-17T03:24:18.798+0000] {processor.py:753} INFO - DAG(s) dict_keys(['example_sla_dag']) retrieved from /home/airflow/.local/lib/python3.7/site-packages/airflow/example_dags/example_sla_dag.py
[2023-03-17T03:24:18.829+0000] {logging_mixin.py:137} INFO - [2023-03-17T03:24:18.828+0000] {dag.py:2693} INFO - Sync 1 DAGs
[2023-03-17T03:24:18.862+0000] {logging_mixin.py:137} INFO - [2023-03-17T03:24:18.861+0000] {dag.py:3444} INFO - Setting next_dagrun for example_sla_dag to 2023-03-17T03:22:00+00:00, run_after=2023-03-17T03:24:00+00:00
[2023-03-17T03:24:18.888+0000] {processor.py:175} INFO - Processing /home/airflow/.local/lib/python3.7/site-packages/airflow/example_dags/example_sla_dag.py took 0.124 seconds
[2023-03-17T03:24:49.274+0000] {processor.py:153} INFO - Started process (PID=6149) to work on /home/airflow/.local/lib/python3.7/site-packages/airflow/example_dags/example_sla_dag.py
[2023-03-17T03:24:49.275+0000] {processor.py:743} INFO - Processing file /home/airflow/.local/lib/python3.7/site-packages/airflow/example_dags/example_sla_dag.py for tasks to queue
[2023-03-17T03:24:49.277+0000] {logging_mixin.py:137} INFO - [2023-03-17T03:24:49.276+0000] {dagbag.py:532} INFO - Filling up the DagBag from /home/airflow/.local/lib/python3.7/site-packages/airflow/example_dags/example_sla_dag.py
[2023-03-17T03:24:49.304+0000] {processor.py:753} INFO - DAG(s) dict_keys(['example_sla_dag']) retrieved from /home/airflow/.local/lib/python3.7/site-packages/airflow/example_dags/example_sla_dag.py
[2023-03-17T03:24:49.334+0000] {logging_mixin.py:137} INFO - [2023-03-17T03:24:49.333+0000] {dag.py:2693} INFO - Sync 1 DAGs
[2023-03-17T03:24:49.368+0000] {logging_mixin.py:137} INFO - [2023-03-17T03:24:49.368+0000] {dag.py:3444} INFO - Setting next_dagrun for example_sla_dag to 2023-03-17T03:22:00+00:00, run_after=2023-03-17T03:24:00+00:00
[2023-03-17T03:24:49.395+0000] {processor.py:175} INFO - Processing /home/airflow/.local/lib/python3.7/site-packages/airflow/example_dags/example_sla_dag.py took 0.124 seconds
[2023-03-17T03:25:19.636+0000] {processor.py:153} INFO - Started process (PID=6366) to work on /home/airflow/.local/lib/python3.7/site-packages/airflow/example_dags/example_sla_dag.py
[2023-03-17T03:25:19.637+0000] {processor.py:743} INFO - Processing file /home/airflow/.local/lib/python3.7/site-packages/airflow/example_dags/example_sla_dag.py for tasks to queue
[2023-03-17T03:25:19.638+0000] {logging_mixin.py:137} INFO - [2023-03-17T03:25:19.638+0000] {dagbag.py:532} INFO - Filling up the DagBag from /home/airflow/.local/lib/python3.7/site-packages/airflow/example_dags/example_sla_dag.py
[2023-03-17T03:25:19.665+0000] {processor.py:753} INFO - DAG(s) dict_keys(['example_sla_dag']) retrieved from /home/airflow/.local/lib/python3.7/site-packages/airflow/example_dags/example_sla_dag.py
[2023-03-17T03:25:19.694+0000] {logging_mixin.py:137} INFO - [2023-03-17T03:25:19.694+0000] {dag.py:2693} INFO - Sync 1 DAGs
[2023-03-17T03:25:19.729+0000] {logging_mixin.py:137} INFO - [2023-03-17T03:25:19.729+0000] {dag.py:3444} INFO - Setting next_dagrun for example_sla_dag to 2023-03-17T03:22:00+00:00, run_after=2023-03-17T03:24:00+00:00
[2023-03-17T03:25:19.756+0000] {processor.py:175} INFO - Processing /home/airflow/.local/lib/python3.7/site-packages/airflow/example_dags/example_sla_dag.py took 0.123 seconds
[2023-03-17T03:25:50.071+0000] {processor.py:153} INFO - Started process (PID=6583) to work on /home/airflow/.local/lib/python3.7/site-packages/airflow/example_dags/example_sla_dag.py
[2023-03-17T03:25:50.073+0000] {processor.py:743} INFO - Processing file /home/airflow/.local/lib/python3.7/site-packages/airflow/example_dags/example_sla_dag.py for tasks to queue
[2023-03-17T03:25:50.074+0000] {logging_mixin.py:137} INFO - [2023-03-17T03:25:50.074+0000] {dagbag.py:532} INFO - Filling up the DagBag from /home/airflow/.local/lib/python3.7/site-packages/airflow/example_dags/example_sla_dag.py
[2023-03-17T03:25:50.104+0000] {processor.py:753} INFO - DAG(s) dict_keys(['example_sla_dag']) retrieved from /home/airflow/.local/lib/python3.7/site-packages/airflow/example_dags/example_sla_dag.py
[2023-03-17T03:25:50.134+0000] {logging_mixin.py:137} INFO - [2023-03-17T03:25:50.133+0000] {dag.py:2693} INFO - Sync 1 DAGs
[2023-03-17T03:25:50.167+0000] {logging_mixin.py:137} INFO - [2023-03-17T03:25:50.167+0000] {dag.py:3444} INFO - Setting next_dagrun for example_sla_dag to 2023-03-17T03:22:00+00:00, run_after=2023-03-17T03:24:00+00:00
[2023-03-17T03:25:50.193+0000] {processor.py:175} INFO - Processing /home/airflow/.local/lib/python3.7/site-packages/airflow/example_dags/example_sla_dag.py took 0.130 seconds
[2023-03-17T03:26:20.510+0000] {processor.py:153} INFO - Started process (PID=6800) to work on /home/airflow/.local/lib/python3.7/site-packages/airflow/example_dags/example_sla_dag.py
[2023-03-17T03:26:20.511+0000] {processor.py:743} INFO - Processing file /home/airflow/.local/lib/python3.7/site-packages/airflow/example_dags/example_sla_dag.py for tasks to queue
[2023-03-17T03:26:20.512+0000] {logging_mixin.py:137} INFO - [2023-03-17T03:26:20.512+0000] {dagbag.py:532} INFO - Filling up the DagBag from /home/airflow/.local/lib/python3.7/site-packages/airflow/example_dags/example_sla_dag.py
[2023-03-17T03:26:20.540+0000] {processor.py:753} INFO - DAG(s) dict_keys(['example_sla_dag']) retrieved from /home/airflow/.local/lib/python3.7/site-packages/airflow/example_dags/example_sla_dag.py
[2023-03-17T03:26:20.569+0000] {logging_mixin.py:137} INFO - [2023-03-17T03:26:20.569+0000] {dag.py:2693} INFO - Sync 1 DAGs
[2023-03-17T03:26:20.603+0000] {logging_mixin.py:137} INFO - [2023-03-17T03:26:20.603+0000] {dag.py:3444} INFO - Setting next_dagrun for example_sla_dag to 2023-03-17T03:24:00+00:00, run_after=2023-03-17T03:26:00+00:00
[2023-03-17T03:26:20.629+0000] {processor.py:175} INFO - Processing /home/airflow/.local/lib/python3.7/site-packages/airflow/example_dags/example_sla_dag.py took 0.123 seconds
[2023-03-17T03:26:51.038+0000] {processor.py:153} INFO - Started process (PID=7017) to work on /home/airflow/.local/lib/python3.7/site-packages/airflow/example_dags/example_sla_dag.py
[2023-03-17T03:26:51.039+0000] {processor.py:743} INFO - Processing file /home/airflow/.local/lib/python3.7/site-packages/airflow/example_dags/example_sla_dag.py for tasks to queue
[2023-03-17T03:26:51.040+0000] {logging_mixin.py:137} INFO - [2023-03-17T03:26:51.040+0000] {dagbag.py:532} INFO - Filling up the DagBag from /home/airflow/.local/lib/python3.7/site-packages/airflow/example_dags/example_sla_dag.py
[2023-03-17T03:26:51.067+0000] {processor.py:753} INFO - DAG(s) dict_keys(['example_sla_dag']) retrieved from /home/airflow/.local/lib/python3.7/site-packages/airflow/example_dags/example_sla_dag.py
[2023-03-17T03:26:51.096+0000] {logging_mixin.py:137} INFO - [2023-03-17T03:26:51.096+0000] {dag.py:2693} INFO - Sync 1 DAGs
[2023-03-17T03:26:51.132+0000] {logging_mixin.py:137} INFO - [2023-03-17T03:26:51.131+0000] {dag.py:3444} INFO - Setting next_dagrun for example_sla_dag to 2023-03-17T03:24:00+00:00, run_after=2023-03-17T03:26:00+00:00
[2023-03-17T03:26:51.159+0000] {processor.py:175} INFO - Processing /home/airflow/.local/lib/python3.7/site-packages/airflow/example_dags/example_sla_dag.py took 0.124 seconds
[2023-03-17T03:27:21.419+0000] {processor.py:153} INFO - Started process (PID=7234) to work on /home/airflow/.local/lib/python3.7/site-packages/airflow/example_dags/example_sla_dag.py
[2023-03-17T03:27:21.421+0000] {processor.py:743} INFO - Processing file /home/airflow/.local/lib/python3.7/site-packages/airflow/example_dags/example_sla_dag.py for tasks to queue
[2023-03-17T03:27:21.422+0000] {logging_mixin.py:137} INFO - [2023-03-17T03:27:21.422+0000] {dagbag.py:532} INFO - Filling up the DagBag from /home/airflow/.local/lib/python3.7/site-packages/airflow/example_dags/example_sla_dag.py
[2023-03-17T03:27:21.448+0000] {processor.py:753} INFO - DAG(s) dict_keys(['example_sla_dag']) retrieved from /home/airflow/.local/lib/python3.7/site-packages/airflow/example_dags/example_sla_dag.py
[2023-03-17T03:27:21.478+0000] {logging_mixin.py:137} INFO - [2023-03-17T03:27:21.477+0000] {dag.py:2693} INFO - Sync 1 DAGs
[2023-03-17T03:27:21.516+0000] {logging_mixin.py:137} INFO - [2023-03-17T03:27:21.516+0000] {dag.py:3444} INFO - Setting next_dagrun for example_sla_dag to 2023-03-17T03:24:00+00:00, run_after=2023-03-17T03:26:00+00:00
[2023-03-17T03:27:21.541+0000] {processor.py:175} INFO - Processing /home/airflow/.local/lib/python3.7/site-packages/airflow/example_dags/example_sla_dag.py took 0.126 seconds
[2023-03-17T03:27:51.815+0000] {processor.py:153} INFO - Started process (PID=7451) to work on /home/airflow/.local/lib/python3.7/site-packages/airflow/example_dags/example_sla_dag.py
[2023-03-17T03:27:51.817+0000] {processor.py:743} INFO - Processing file /home/airflow/.local/lib/python3.7/site-packages/airflow/example_dags/example_sla_dag.py for tasks to queue
[2023-03-17T03:27:51.818+0000] {logging_mixin.py:137} INFO - [2023-03-17T03:27:51.818+0000] {dagbag.py:532} INFO - Filling up the DagBag from /home/airflow/.local/lib/python3.7/site-packages/airflow/example_dags/example_sla_dag.py
[2023-03-17T03:27:51.847+0000] {processor.py:753} INFO - DAG(s) dict_keys(['example_sla_dag']) retrieved from /home/airflow/.local/lib/python3.7/site-packages/airflow/example_dags/example_sla_dag.py
[2023-03-17T03:27:51.879+0000] {logging_mixin.py:137} INFO - [2023-03-17T03:27:51.878+0000] {dag.py:2693} INFO - Sync 1 DAGs
[2023-03-17T03:27:51.912+0000] {logging_mixin.py:137} INFO - [2023-03-17T03:27:51.912+0000] {dag.py:3444} INFO - Setting next_dagrun for example_sla_dag to 2023-03-17T03:24:00+00:00, run_after=2023-03-17T03:26:00+00:00
[2023-03-17T03:27:51.937+0000] {processor.py:175} INFO - Processing /home/airflow/.local/lib/python3.7/site-packages/airflow/example_dags/example_sla_dag.py took 0.127 seconds
[2023-03-17T03:28:22.151+0000] {processor.py:153} INFO - Started process (PID=7668) to work on /home/airflow/.local/lib/python3.7/site-packages/airflow/example_dags/example_sla_dag.py
[2023-03-17T03:28:22.152+0000] {processor.py:743} INFO - Processing file /home/airflow/.local/lib/python3.7/site-packages/airflow/example_dags/example_sla_dag.py for tasks to queue
[2023-03-17T03:28:22.154+0000] {logging_mixin.py:137} INFO - [2023-03-17T03:28:22.153+0000] {dagbag.py:532} INFO - Filling up the DagBag from /home/airflow/.local/lib/python3.7/site-packages/airflow/example_dags/example_sla_dag.py
[2023-03-17T03:28:22.183+0000] {processor.py:753} INFO - DAG(s) dict_keys(['example_sla_dag']) retrieved from /home/airflow/.local/lib/python3.7/site-packages/airflow/example_dags/example_sla_dag.py
[2023-03-17T03:28:22.215+0000] {logging_mixin.py:137} INFO - [2023-03-17T03:28:22.214+0000] {dag.py:2693} INFO - Sync 1 DAGs
[2023-03-17T03:28:22.252+0000] {logging_mixin.py:137} INFO - [2023-03-17T03:28:22.252+0000] {dag.py:3444} INFO - Setting next_dagrun for example_sla_dag to 2023-03-17T03:26:00+00:00, run_after=2023-03-17T03:28:00+00:00
[2023-03-17T03:28:22.279+0000] {processor.py:175} INFO - Processing /home/airflow/.local/lib/python3.7/site-packages/airflow/example_dags/example_sla_dag.py took 0.133 seconds
[2023-03-17T03:28:52.627+0000] {processor.py:153} INFO - Started process (PID=7885) to work on /home/airflow/.local/lib/python3.7/site-packages/airflow/example_dags/example_sla_dag.py
[2023-03-17T03:28:52.628+0000] {processor.py:743} INFO - Processing file /home/airflow/.local/lib/python3.7/site-packages/airflow/example_dags/example_sla_dag.py for tasks to queue
[2023-03-17T03:28:52.629+0000] {logging_mixin.py:137} INFO - [2023-03-17T03:28:52.629+0000] {dagbag.py:532} INFO - Filling up the DagBag from /home/airflow/.local/lib/python3.7/site-packages/airflow/example_dags/example_sla_dag.py
[2023-03-17T03:28:52.656+0000] {processor.py:753} INFO - DAG(s) dict_keys(['example_sla_dag']) retrieved from /home/airflow/.local/lib/python3.7/site-packages/airflow/example_dags/example_sla_dag.py
[2023-03-17T03:28:52.686+0000] {logging_mixin.py:137} INFO - [2023-03-17T03:28:52.685+0000] {dag.py:2693} INFO - Sync 1 DAGs
[2023-03-17T03:28:52.720+0000] {logging_mixin.py:137} INFO - [2023-03-17T03:28:52.720+0000] {dag.py:3444} INFO - Setting next_dagrun for example_sla_dag to 2023-03-17T03:26:00+00:00, run_after=2023-03-17T03:28:00+00:00
[2023-03-17T03:28:52.747+0000] {processor.py:175} INFO - Processing /home/airflow/.local/lib/python3.7/site-packages/airflow/example_dags/example_sla_dag.py took 0.124 seconds
[2023-03-17T03:29:22.917+0000] {processor.py:153} INFO - Started process (PID=8103) to work on /home/airflow/.local/lib/python3.7/site-packages/airflow/example_dags/example_sla_dag.py
[2023-03-17T03:29:22.918+0000] {processor.py:743} INFO - Processing file /home/airflow/.local/lib/python3.7/site-packages/airflow/example_dags/example_sla_dag.py for tasks to queue
[2023-03-17T03:29:22.919+0000] {logging_mixin.py:137} INFO - [2023-03-17T03:29:22.919+0000] {dagbag.py:532} INFO - Filling up the DagBag from /home/airflow/.local/lib/python3.7/site-packages/airflow/example_dags/example_sla_dag.py
[2023-03-17T03:29:22.949+0000] {processor.py:753} INFO - DAG(s) dict_keys(['example_sla_dag']) retrieved from /home/airflow/.local/lib/python3.7/site-packages/airflow/example_dags/example_sla_dag.py
[2023-03-17T03:29:22.980+0000] {logging_mixin.py:137} INFO - [2023-03-17T03:29:22.980+0000] {dag.py:2693} INFO - Sync 1 DAGs
[2023-03-17T03:29:23.014+0000] {logging_mixin.py:137} INFO - [2023-03-17T03:29:23.014+0000] {dag.py:3444} INFO - Setting next_dagrun for example_sla_dag to 2023-03-17T03:26:00+00:00, run_after=2023-03-17T03:28:00+00:00
[2023-03-17T03:29:23.039+0000] {processor.py:175} INFO - Processing /home/airflow/.local/lib/python3.7/site-packages/airflow/example_dags/example_sla_dag.py took 0.128 seconds
[2023-03-17T03:29:53.354+0000] {processor.py:153} INFO - Started process (PID=8320) to work on /home/airflow/.local/lib/python3.7/site-packages/airflow/example_dags/example_sla_dag.py
[2023-03-17T03:29:53.355+0000] {processor.py:743} INFO - Processing file /home/airflow/.local/lib/python3.7/site-packages/airflow/example_dags/example_sla_dag.py for tasks to queue
[2023-03-17T03:29:53.356+0000] {logging_mixin.py:137} INFO - [2023-03-17T03:29:53.356+0000] {dagbag.py:532} INFO - Filling up the DagBag from /home/airflow/.local/lib/python3.7/site-packages/airflow/example_dags/example_sla_dag.py
[2023-03-17T03:29:53.384+0000] {processor.py:753} INFO - DAG(s) dict_keys(['example_sla_dag']) retrieved from /home/airflow/.local/lib/python3.7/site-packages/airflow/example_dags/example_sla_dag.py
[2023-03-17T03:29:53.415+0000] {logging_mixin.py:137} INFO - [2023-03-17T03:29:53.414+0000] {dag.py:2693} INFO - Sync 1 DAGs
[2023-03-17T03:29:53.448+0000] {logging_mixin.py:137} INFO - [2023-03-17T03:29:53.448+0000] {dag.py:3444} INFO - Setting next_dagrun for example_sla_dag to 2023-03-17T03:26:00+00:00, run_after=2023-03-17T03:28:00+00:00
[2023-03-17T03:29:53.471+0000] {processor.py:175} INFO - Processing /home/airflow/.local/lib/python3.7/site-packages/airflow/example_dags/example_sla_dag.py took 0.121 seconds
[2023-03-17T03:30:23.954+0000] {processor.py:153} INFO - Started process (PID=8537) to work on /home/airflow/.local/lib/python3.7/site-packages/airflow/example_dags/example_sla_dag.py
[2023-03-17T03:30:23.956+0000] {processor.py:743} INFO - Processing file /home/airflow/.local/lib/python3.7/site-packages/airflow/example_dags/example_sla_dag.py for tasks to queue
[2023-03-17T03:30:23.957+0000] {logging_mixin.py:137} INFO - [2023-03-17T03:30:23.957+0000] {dagbag.py:532} INFO - Filling up the DagBag from /home/airflow/.local/lib/python3.7/site-packages/airflow/example_dags/example_sla_dag.py
[2023-03-17T03:30:23.984+0000] {processor.py:753} INFO - DAG(s) dict_keys(['example_sla_dag']) retrieved from /home/airflow/.local/lib/python3.7/site-packages/airflow/example_dags/example_sla_dag.py
[2023-03-17T03:30:24.014+0000] {logging_mixin.py:137} INFO - [2023-03-17T03:30:24.014+0000] {dag.py:2693} INFO - Sync 1 DAGs
[2023-03-17T03:30:24.048+0000] {logging_mixin.py:137} INFO - [2023-03-17T03:30:24.048+0000] {dag.py:3444} INFO - Setting next_dagrun for example_sla_dag to 2023-03-17T03:28:00+00:00, run_after=2023-03-17T03:30:00+00:00
[2023-03-17T03:30:24.076+0000] {processor.py:175} INFO - Processing /home/airflow/.local/lib/python3.7/site-packages/airflow/example_dags/example_sla_dag.py took 0.125 seconds
[2023-03-17T03:30:54.469+0000] {processor.py:153} INFO - Started process (PID=8754) to work on /home/airflow/.local/lib/python3.7/site-packages/airflow/example_dags/example_sla_dag.py
[2023-03-17T03:30:54.470+0000] {processor.py:743} INFO - Processing file /home/airflow/.local/lib/python3.7/site-packages/airflow/example_dags/example_sla_dag.py for tasks to queue
[2023-03-17T03:30:54.472+0000] {logging_mixin.py:137} INFO - [2023-03-17T03:30:54.471+0000] {dagbag.py:532} INFO - Filling up the DagBag from /home/airflow/.local/lib/python3.7/site-packages/airflow/example_dags/example_sla_dag.py
[2023-03-17T03:30:54.498+0000] {processor.py:753} INFO - DAG(s) dict_keys(['example_sla_dag']) retrieved from /home/airflow/.local/lib/python3.7/site-packages/airflow/example_dags/example_sla_dag.py
[2023-03-17T03:30:54.529+0000] {logging_mixin.py:137} INFO - [2023-03-17T03:30:54.528+0000] {dag.py:2693} INFO - Sync 1 DAGs
[2023-03-17T03:30:54.563+0000] {logging_mixin.py:137} INFO - [2023-03-17T03:30:54.563+0000] {dag.py:3444} INFO - Setting next_dagrun for example_sla_dag to 2023-03-17T03:28:00+00:00, run_after=2023-03-17T03:30:00+00:00
[2023-03-17T03:30:54.588+0000] {processor.py:175} INFO - Processing /home/airflow/.local/lib/python3.7/site-packages/airflow/example_dags/example_sla_dag.py took 0.123 seconds
[2023-03-17T03:31:24.786+0000] {processor.py:153} INFO - Started process (PID=8971) to work on /home/airflow/.local/lib/python3.7/site-packages/airflow/example_dags/example_sla_dag.py
[2023-03-17T03:31:24.787+0000] {processor.py:743} INFO - Processing file /home/airflow/.local/lib/python3.7/site-packages/airflow/example_dags/example_sla_dag.py for tasks to queue
[2023-03-17T03:31:24.789+0000] {logging_mixin.py:137} INFO - [2023-03-17T03:31:24.789+0000] {dagbag.py:532} INFO - Filling up the DagBag from /home/airflow/.local/lib/python3.7/site-packages/airflow/example_dags/example_sla_dag.py
[2023-03-17T03:31:24.820+0000] {processor.py:753} INFO - DAG(s) dict_keys(['example_sla_dag']) retrieved from /home/airflow/.local/lib/python3.7/site-packages/airflow/example_dags/example_sla_dag.py
[2023-03-17T03:31:24.851+0000] {logging_mixin.py:137} INFO - [2023-03-17T03:31:24.851+0000] {dag.py:2693} INFO - Sync 1 DAGs
[2023-03-17T03:31:24.885+0000] {logging_mixin.py:137} INFO - [2023-03-17T03:31:24.885+0000] {dag.py:3444} INFO - Setting next_dagrun for example_sla_dag to 2023-03-17T03:28:00+00:00, run_after=2023-03-17T03:30:00+00:00
[2023-03-17T03:31:24.910+0000] {processor.py:175} INFO - Processing /home/airflow/.local/lib/python3.7/site-packages/airflow/example_dags/example_sla_dag.py took 0.131 seconds
[2023-03-17T03:31:55.150+0000] {processor.py:153} INFO - Started process (PID=9188) to work on /home/airflow/.local/lib/python3.7/site-packages/airflow/example_dags/example_sla_dag.py
[2023-03-17T03:31:55.152+0000] {processor.py:743} INFO - Processing file /home/airflow/.local/lib/python3.7/site-packages/airflow/example_dags/example_sla_dag.py for tasks to queue
[2023-03-17T03:31:55.153+0000] {logging_mixin.py:137} INFO - [2023-03-17T03:31:55.153+0000] {dagbag.py:532} INFO - Filling up the DagBag from /home/airflow/.local/lib/python3.7/site-packages/airflow/example_dags/example_sla_dag.py
[2023-03-17T03:31:55.182+0000] {processor.py:753} INFO - DAG(s) dict_keys(['example_sla_dag']) retrieved from /home/airflow/.local/lib/python3.7/site-packages/airflow/example_dags/example_sla_dag.py
[2023-03-17T03:31:55.214+0000] {logging_mixin.py:137} INFO - [2023-03-17T03:31:55.214+0000] {dag.py:2693} INFO - Sync 1 DAGs
[2023-03-17T03:31:55.249+0000] {logging_mixin.py:137} INFO - [2023-03-17T03:31:55.249+0000] {dag.py:3444} INFO - Setting next_dagrun for example_sla_dag to 2023-03-17T03:28:00+00:00, run_after=2023-03-17T03:30:00+00:00
[2023-03-17T03:31:55.274+0000] {processor.py:175} INFO - Processing /home/airflow/.local/lib/python3.7/site-packages/airflow/example_dags/example_sla_dag.py took 0.130 seconds
[2023-03-17T03:32:25.591+0000] {processor.py:153} INFO - Started process (PID=9405) to work on /home/airflow/.local/lib/python3.7/site-packages/airflow/example_dags/example_sla_dag.py
[2023-03-17T03:32:25.592+0000] {processor.py:743} INFO - Processing file /home/airflow/.local/lib/python3.7/site-packages/airflow/example_dags/example_sla_dag.py for tasks to queue
[2023-03-17T03:32:25.593+0000] {logging_mixin.py:137} INFO - [2023-03-17T03:32:25.593+0000] {dagbag.py:532} INFO - Filling up the DagBag from /home/airflow/.local/lib/python3.7/site-packages/airflow/example_dags/example_sla_dag.py
[2023-03-17T03:32:25.620+0000] {processor.py:753} INFO - DAG(s) dict_keys(['example_sla_dag']) retrieved from /home/airflow/.local/lib/python3.7/site-packages/airflow/example_dags/example_sla_dag.py
[2023-03-17T03:32:25.649+0000] {logging_mixin.py:137} INFO - [2023-03-17T03:32:25.649+0000] {dag.py:2693} INFO - Sync 1 DAGs
[2023-03-17T03:32:25.684+0000] {logging_mixin.py:137} INFO - [2023-03-17T03:32:25.684+0000] {dag.py:3444} INFO - Setting next_dagrun for example_sla_dag to 2023-03-17T03:30:00+00:00, run_after=2023-03-17T03:32:00+00:00
[2023-03-17T03:32:25.710+0000] {processor.py:175} INFO - Processing /home/airflow/.local/lib/python3.7/site-packages/airflow/example_dags/example_sla_dag.py took 0.122 seconds
[2023-03-17T03:32:56.331+0000] {processor.py:153} INFO - Started process (PID=9622) to work on /home/airflow/.local/lib/python3.7/site-packages/airflow/example_dags/example_sla_dag.py
[2023-03-17T03:32:56.332+0000] {processor.py:743} INFO - Processing file /home/airflow/.local/lib/python3.7/site-packages/airflow/example_dags/example_sla_dag.py for tasks to queue
[2023-03-17T03:32:56.333+0000] {logging_mixin.py:137} INFO - [2023-03-17T03:32:56.333+0000] {dagbag.py:532} INFO - Filling up the DagBag from /home/airflow/.local/lib/python3.7/site-packages/airflow/example_dags/example_sla_dag.py
[2023-03-17T03:32:56.361+0000] {processor.py:753} INFO - DAG(s) dict_keys(['example_sla_dag']) retrieved from /home/airflow/.local/lib/python3.7/site-packages/airflow/example_dags/example_sla_dag.py
[2023-03-17T03:32:56.395+0000] {logging_mixin.py:137} INFO - [2023-03-17T03:32:56.395+0000] {dag.py:2693} INFO - Sync 1 DAGs
[2023-03-17T03:32:56.461+0000] {logging_mixin.py:137} INFO - [2023-03-17T03:32:56.460+0000] {dag.py:3444} INFO - Setting next_dagrun for example_sla_dag to 2023-03-17T03:30:00+00:00, run_after=2023-03-17T03:32:00+00:00
[2023-03-17T03:32:56.507+0000] {processor.py:175} INFO - Processing /home/airflow/.local/lib/python3.7/site-packages/airflow/example_dags/example_sla_dag.py took 0.180 seconds
[2023-03-17T03:33:27.138+0000] {processor.py:153} INFO - Started process (PID=9840) to work on /home/airflow/.local/lib/python3.7/site-packages/airflow/example_dags/example_sla_dag.py
[2023-03-17T03:33:27.140+0000] {processor.py:743} INFO - Processing file /home/airflow/.local/lib/python3.7/site-packages/airflow/example_dags/example_sla_dag.py for tasks to queue
[2023-03-17T03:33:27.141+0000] {logging_mixin.py:137} INFO - [2023-03-17T03:33:27.141+0000] {dagbag.py:532} INFO - Filling up the DagBag from /home/airflow/.local/lib/python3.7/site-packages/airflow/example_dags/example_sla_dag.py
[2023-03-17T03:33:27.175+0000] {processor.py:753} INFO - DAG(s) dict_keys(['example_sla_dag']) retrieved from /home/airflow/.local/lib/python3.7/site-packages/airflow/example_dags/example_sla_dag.py
[2023-03-17T03:33:27.212+0000] {logging_mixin.py:137} INFO - [2023-03-17T03:33:27.212+0000] {dag.py:2693} INFO - Sync 1 DAGs
[2023-03-17T03:33:27.247+0000] {logging_mixin.py:137} INFO - [2023-03-17T03:33:27.247+0000] {dag.py:3444} INFO - Setting next_dagrun for example_sla_dag to 2023-03-17T03:30:00+00:00, run_after=2023-03-17T03:32:00+00:00
[2023-03-17T03:33:27.273+0000] {processor.py:175} INFO - Processing /home/airflow/.local/lib/python3.7/site-packages/airflow/example_dags/example_sla_dag.py took 0.141 seconds
[2023-03-17T03:33:57.660+0000] {processor.py:153} INFO - Started process (PID=10057) to work on /home/airflow/.local/lib/python3.7/site-packages/airflow/example_dags/example_sla_dag.py
[2023-03-17T03:33:57.661+0000] {processor.py:743} INFO - Processing file /home/airflow/.local/lib/python3.7/site-packages/airflow/example_dags/example_sla_dag.py for tasks to queue
[2023-03-17T03:33:57.662+0000] {logging_mixin.py:137} INFO - [2023-03-17T03:33:57.662+0000] {dagbag.py:532} INFO - Filling up the DagBag from /home/airflow/.local/lib/python3.7/site-packages/airflow/example_dags/example_sla_dag.py
[2023-03-17T03:33:57.688+0000] {processor.py:753} INFO - DAG(s) dict_keys(['example_sla_dag']) retrieved from /home/airflow/.local/lib/python3.7/site-packages/airflow/example_dags/example_sla_dag.py
[2023-03-17T03:33:57.718+0000] {logging_mixin.py:137} INFO - [2023-03-17T03:33:57.718+0000] {dag.py:2693} INFO - Sync 1 DAGs
[2023-03-17T03:33:57.755+0000] {logging_mixin.py:137} INFO - [2023-03-17T03:33:57.755+0000] {dag.py:3444} INFO - Setting next_dagrun for example_sla_dag to 2023-03-17T03:30:00+00:00, run_after=2023-03-17T03:32:00+00:00
[2023-03-17T03:33:57.793+0000] {processor.py:175} INFO - Processing /home/airflow/.local/lib/python3.7/site-packages/airflow/example_dags/example_sla_dag.py took 0.137 seconds
[2023-03-17T03:34:28.329+0000] {processor.py:153} INFO - Started process (PID=10275) to work on /home/airflow/.local/lib/python3.7/site-packages/airflow/example_dags/example_sla_dag.py
[2023-03-17T03:34:28.330+0000] {processor.py:743} INFO - Processing file /home/airflow/.local/lib/python3.7/site-packages/airflow/example_dags/example_sla_dag.py for tasks to queue
[2023-03-17T03:34:28.331+0000] {logging_mixin.py:137} INFO - [2023-03-17T03:34:28.331+0000] {dagbag.py:532} INFO - Filling up the DagBag from /home/airflow/.local/lib/python3.7/site-packages/airflow/example_dags/example_sla_dag.py
[2023-03-17T03:34:28.360+0000] {processor.py:753} INFO - DAG(s) dict_keys(['example_sla_dag']) retrieved from /home/airflow/.local/lib/python3.7/site-packages/airflow/example_dags/example_sla_dag.py
[2023-03-17T03:34:28.390+0000] {logging_mixin.py:137} INFO - [2023-03-17T03:34:28.390+0000] {dag.py:2693} INFO - Sync 1 DAGs
[2023-03-17T03:34:28.428+0000] {logging_mixin.py:137} INFO - [2023-03-17T03:34:28.428+0000] {dag.py:3444} INFO - Setting next_dagrun for example_sla_dag to 2023-03-17T03:32:00+00:00, run_after=2023-03-17T03:34:00+00:00
[2023-03-17T03:34:28.456+0000] {processor.py:175} INFO - Processing /home/airflow/.local/lib/python3.7/site-packages/airflow/example_dags/example_sla_dag.py took 0.133 seconds
