[2023-03-17T03:11:02.995+0000] {processor.py:153} INFO - Started process (PID=321) to work on /home/airflow/.local/lib/python3.7/site-packages/airflow/example_dags/example_branch_python_dop_operator_3.py
[2023-03-17T03:11:02.997+0000] {processor.py:743} INFO - Processing file /home/airflow/.local/lib/python3.7/site-packages/airflow/example_dags/example_branch_python_dop_operator_3.py for tasks to queue
[2023-03-17T03:11:02.999+0000] {logging_mixin.py:137} INFO - [2023-03-17T03:11:02.999+0000] {dagbag.py:532} INFO - Filling up the DagBag from /home/airflow/.local/lib/python3.7/site-packages/airflow/example_dags/example_branch_python_dop_operator_3.py
[2023-03-17T03:11:03.057+0000] {processor.py:753} INFO - DAG(s) dict_keys(['example_branch_dop_operator_v3']) retrieved from /home/airflow/.local/lib/python3.7/site-packages/airflow/example_dags/example_branch_python_dop_operator_3.py
[2023-03-17T03:11:03.118+0000] {logging_mixin.py:137} INFO - [2023-03-17T03:11:03.118+0000] {dag.py:2693} INFO - Sync 1 DAGs
[2023-03-17T03:11:03.397+0000] {logging_mixin.py:137} INFO - [2023-03-17T03:11:03.397+0000] {dag.py:3444} INFO - Setting next_dagrun for example_branch_dop_operator_v3 to 2023-03-17T03:10:00+00:00, run_after=2023-03-17T03:11:00+00:00
[2023-03-17T03:11:03.478+0000] {processor.py:175} INFO - Processing /home/airflow/.local/lib/python3.7/site-packages/airflow/example_dags/example_branch_python_dop_operator_3.py took 0.490 seconds
[2023-03-17T03:11:35.965+0000] {processor.py:153} INFO - Started process (PID=539) to work on /home/airflow/.local/lib/python3.7/site-packages/airflow/example_dags/example_branch_python_dop_operator_3.py
[2023-03-17T03:11:35.968+0000] {processor.py:743} INFO - Processing file /home/airflow/.local/lib/python3.7/site-packages/airflow/example_dags/example_branch_python_dop_operator_3.py for tasks to queue
[2023-03-17T03:11:35.969+0000] {logging_mixin.py:137} INFO - [2023-03-17T03:11:35.969+0000] {dagbag.py:532} INFO - Filling up the DagBag from /home/airflow/.local/lib/python3.7/site-packages/airflow/example_dags/example_branch_python_dop_operator_3.py
[2023-03-17T03:11:36.023+0000] {processor.py:753} INFO - DAG(s) dict_keys(['example_branch_dop_operator_v3']) retrieved from /home/airflow/.local/lib/python3.7/site-packages/airflow/example_dags/example_branch_python_dop_operator_3.py
[2023-03-17T03:11:36.076+0000] {logging_mixin.py:137} INFO - [2023-03-17T03:11:36.076+0000] {dag.py:2693} INFO - Sync 1 DAGs
[2023-03-17T03:11:36.143+0000] {logging_mixin.py:137} INFO - [2023-03-17T03:11:36.143+0000] {dag.py:3444} INFO - Setting next_dagrun for example_branch_dop_operator_v3 to 2023-03-17T03:10:00+00:00, run_after=2023-03-17T03:11:00+00:00
[2023-03-17T03:11:36.183+0000] {processor.py:175} INFO - Processing /home/airflow/.local/lib/python3.7/site-packages/airflow/example_dags/example_branch_python_dop_operator_3.py took 0.224 seconds
[2023-03-17T03:12:07.233+0000] {processor.py:153} INFO - Started process (PID=756) to work on /home/airflow/.local/lib/python3.7/site-packages/airflow/example_dags/example_branch_python_dop_operator_3.py
[2023-03-17T03:12:07.235+0000] {processor.py:743} INFO - Processing file /home/airflow/.local/lib/python3.7/site-packages/airflow/example_dags/example_branch_python_dop_operator_3.py for tasks to queue
[2023-03-17T03:12:07.237+0000] {logging_mixin.py:137} INFO - [2023-03-17T03:12:07.236+0000] {dagbag.py:532} INFO - Filling up the DagBag from /home/airflow/.local/lib/python3.7/site-packages/airflow/example_dags/example_branch_python_dop_operator_3.py
[2023-03-17T03:12:07.314+0000] {processor.py:753} INFO - DAG(s) dict_keys(['example_branch_dop_operator_v3']) retrieved from /home/airflow/.local/lib/python3.7/site-packages/airflow/example_dags/example_branch_python_dop_operator_3.py
[2023-03-17T03:12:07.388+0000] {logging_mixin.py:137} INFO - [2023-03-17T03:12:07.387+0000] {dag.py:2693} INFO - Sync 1 DAGs
[2023-03-17T03:12:07.456+0000] {logging_mixin.py:137} INFO - [2023-03-17T03:12:07.455+0000] {dag.py:3444} INFO - Setting next_dagrun for example_branch_dop_operator_v3 to 2023-03-17T03:11:00+00:00, run_after=2023-03-17T03:12:00+00:00
[2023-03-17T03:12:07.494+0000] {processor.py:175} INFO - Processing /home/airflow/.local/lib/python3.7/site-packages/airflow/example_dags/example_branch_python_dop_operator_3.py took 0.269 seconds
[2023-03-17T03:12:37.686+0000] {processor.py:153} INFO - Started process (PID=973) to work on /home/airflow/.local/lib/python3.7/site-packages/airflow/example_dags/example_branch_python_dop_operator_3.py
[2023-03-17T03:12:37.687+0000] {processor.py:743} INFO - Processing file /home/airflow/.local/lib/python3.7/site-packages/airflow/example_dags/example_branch_python_dop_operator_3.py for tasks to queue
[2023-03-17T03:12:37.688+0000] {logging_mixin.py:137} INFO - [2023-03-17T03:12:37.688+0000] {dagbag.py:532} INFO - Filling up the DagBag from /home/airflow/.local/lib/python3.7/site-packages/airflow/example_dags/example_branch_python_dop_operator_3.py
[2023-03-17T03:12:37.717+0000] {processor.py:753} INFO - DAG(s) dict_keys(['example_branch_dop_operator_v3']) retrieved from /home/airflow/.local/lib/python3.7/site-packages/airflow/example_dags/example_branch_python_dop_operator_3.py
[2023-03-17T03:12:37.747+0000] {logging_mixin.py:137} INFO - [2023-03-17T03:12:37.747+0000] {dag.py:2693} INFO - Sync 1 DAGs
[2023-03-17T03:12:37.784+0000] {logging_mixin.py:137} INFO - [2023-03-17T03:12:37.784+0000] {dag.py:3444} INFO - Setting next_dagrun for example_branch_dop_operator_v3 to 2023-03-17T03:11:00+00:00, run_after=2023-03-17T03:12:00+00:00
[2023-03-17T03:12:37.833+0000] {processor.py:175} INFO - Processing /home/airflow/.local/lib/python3.7/site-packages/airflow/example_dags/example_branch_python_dop_operator_3.py took 0.151 seconds
[2023-03-17T03:13:08.460+0000] {processor.py:153} INFO - Started process (PID=1190) to work on /home/airflow/.local/lib/python3.7/site-packages/airflow/example_dags/example_branch_python_dop_operator_3.py
[2023-03-17T03:13:08.462+0000] {processor.py:743} INFO - Processing file /home/airflow/.local/lib/python3.7/site-packages/airflow/example_dags/example_branch_python_dop_operator_3.py for tasks to queue
[2023-03-17T03:13:08.463+0000] {logging_mixin.py:137} INFO - [2023-03-17T03:13:08.462+0000] {dagbag.py:532} INFO - Filling up the DagBag from /home/airflow/.local/lib/python3.7/site-packages/airflow/example_dags/example_branch_python_dop_operator_3.py
[2023-03-17T03:13:08.492+0000] {processor.py:753} INFO - DAG(s) dict_keys(['example_branch_dop_operator_v3']) retrieved from /home/airflow/.local/lib/python3.7/site-packages/airflow/example_dags/example_branch_python_dop_operator_3.py
[2023-03-17T03:13:08.523+0000] {logging_mixin.py:137} INFO - [2023-03-17T03:13:08.523+0000] {dag.py:2693} INFO - Sync 1 DAGs
[2023-03-17T03:13:08.565+0000] {logging_mixin.py:137} INFO - [2023-03-17T03:13:08.564+0000] {dag.py:3444} INFO - Setting next_dagrun for example_branch_dop_operator_v3 to 2023-03-17T03:12:00+00:00, run_after=2023-03-17T03:13:00+00:00
[2023-03-17T03:13:08.598+0000] {processor.py:175} INFO - Processing /home/airflow/.local/lib/python3.7/site-packages/airflow/example_dags/example_branch_python_dop_operator_3.py took 0.141 seconds
[2023-03-17T03:13:39.044+0000] {processor.py:153} INFO - Started process (PID=1407) to work on /home/airflow/.local/lib/python3.7/site-packages/airflow/example_dags/example_branch_python_dop_operator_3.py
[2023-03-17T03:13:39.045+0000] {processor.py:743} INFO - Processing file /home/airflow/.local/lib/python3.7/site-packages/airflow/example_dags/example_branch_python_dop_operator_3.py for tasks to queue
[2023-03-17T03:13:39.046+0000] {logging_mixin.py:137} INFO - [2023-03-17T03:13:39.046+0000] {dagbag.py:532} INFO - Filling up the DagBag from /home/airflow/.local/lib/python3.7/site-packages/airflow/example_dags/example_branch_python_dop_operator_3.py
[2023-03-17T03:13:39.074+0000] {processor.py:753} INFO - DAG(s) dict_keys(['example_branch_dop_operator_v3']) retrieved from /home/airflow/.local/lib/python3.7/site-packages/airflow/example_dags/example_branch_python_dop_operator_3.py
[2023-03-17T03:13:39.104+0000] {logging_mixin.py:137} INFO - [2023-03-17T03:13:39.104+0000] {dag.py:2693} INFO - Sync 1 DAGs
[2023-03-17T03:13:39.141+0000] {logging_mixin.py:137} INFO - [2023-03-17T03:13:39.141+0000] {dag.py:3444} INFO - Setting next_dagrun for example_branch_dop_operator_v3 to 2023-03-17T03:12:00+00:00, run_after=2023-03-17T03:13:00+00:00
[2023-03-17T03:13:39.166+0000] {processor.py:175} INFO - Processing /home/airflow/.local/lib/python3.7/site-packages/airflow/example_dags/example_branch_python_dop_operator_3.py took 0.126 seconds
[2023-03-17T03:14:09.380+0000] {processor.py:153} INFO - Started process (PID=1624) to work on /home/airflow/.local/lib/python3.7/site-packages/airflow/example_dags/example_branch_python_dop_operator_3.py
[2023-03-17T03:14:09.381+0000] {processor.py:743} INFO - Processing file /home/airflow/.local/lib/python3.7/site-packages/airflow/example_dags/example_branch_python_dop_operator_3.py for tasks to queue
[2023-03-17T03:14:09.383+0000] {logging_mixin.py:137} INFO - [2023-03-17T03:14:09.383+0000] {dagbag.py:532} INFO - Filling up the DagBag from /home/airflow/.local/lib/python3.7/site-packages/airflow/example_dags/example_branch_python_dop_operator_3.py
[2023-03-17T03:14:09.411+0000] {processor.py:753} INFO - DAG(s) dict_keys(['example_branch_dop_operator_v3']) retrieved from /home/airflow/.local/lib/python3.7/site-packages/airflow/example_dags/example_branch_python_dop_operator_3.py
[2023-03-17T03:14:09.441+0000] {logging_mixin.py:137} INFO - [2023-03-17T03:14:09.440+0000] {dag.py:2693} INFO - Sync 1 DAGs
[2023-03-17T03:14:09.476+0000] {logging_mixin.py:137} INFO - [2023-03-17T03:14:09.476+0000] {dag.py:3444} INFO - Setting next_dagrun for example_branch_dop_operator_v3 to 2023-03-17T03:13:00+00:00, run_after=2023-03-17T03:14:00+00:00
[2023-03-17T03:14:09.503+0000] {processor.py:175} INFO - Processing /home/airflow/.local/lib/python3.7/site-packages/airflow/example_dags/example_branch_python_dop_operator_3.py took 0.126 seconds
[2023-03-17T03:14:39.758+0000] {processor.py:153} INFO - Started process (PID=1841) to work on /home/airflow/.local/lib/python3.7/site-packages/airflow/example_dags/example_branch_python_dop_operator_3.py
[2023-03-17T03:14:39.759+0000] {processor.py:743} INFO - Processing file /home/airflow/.local/lib/python3.7/site-packages/airflow/example_dags/example_branch_python_dop_operator_3.py for tasks to queue
[2023-03-17T03:14:39.760+0000] {logging_mixin.py:137} INFO - [2023-03-17T03:14:39.760+0000] {dagbag.py:532} INFO - Filling up the DagBag from /home/airflow/.local/lib/python3.7/site-packages/airflow/example_dags/example_branch_python_dop_operator_3.py
[2023-03-17T03:14:39.789+0000] {processor.py:753} INFO - DAG(s) dict_keys(['example_branch_dop_operator_v3']) retrieved from /home/airflow/.local/lib/python3.7/site-packages/airflow/example_dags/example_branch_python_dop_operator_3.py
[2023-03-17T03:14:39.819+0000] {logging_mixin.py:137} INFO - [2023-03-17T03:14:39.819+0000] {dag.py:2693} INFO - Sync 1 DAGs
[2023-03-17T03:14:39.859+0000] {logging_mixin.py:137} INFO - [2023-03-17T03:14:39.859+0000] {dag.py:3444} INFO - Setting next_dagrun for example_branch_dop_operator_v3 to 2023-03-17T03:13:00+00:00, run_after=2023-03-17T03:14:00+00:00
[2023-03-17T03:14:39.887+0000] {processor.py:175} INFO - Processing /home/airflow/.local/lib/python3.7/site-packages/airflow/example_dags/example_branch_python_dop_operator_3.py took 0.133 seconds
[2023-03-17T03:15:10.540+0000] {processor.py:153} INFO - Started process (PID=2060) to work on /home/airflow/.local/lib/python3.7/site-packages/airflow/example_dags/example_branch_python_dop_operator_3.py
[2023-03-17T03:15:10.541+0000] {processor.py:743} INFO - Processing file /home/airflow/.local/lib/python3.7/site-packages/airflow/example_dags/example_branch_python_dop_operator_3.py for tasks to queue
[2023-03-17T03:15:10.542+0000] {logging_mixin.py:137} INFO - [2023-03-17T03:15:10.542+0000] {dagbag.py:532} INFO - Filling up the DagBag from /home/airflow/.local/lib/python3.7/site-packages/airflow/example_dags/example_branch_python_dop_operator_3.py
[2023-03-17T03:15:10.570+0000] {processor.py:753} INFO - DAG(s) dict_keys(['example_branch_dop_operator_v3']) retrieved from /home/airflow/.local/lib/python3.7/site-packages/airflow/example_dags/example_branch_python_dop_operator_3.py
[2023-03-17T03:15:10.599+0000] {logging_mixin.py:137} INFO - [2023-03-17T03:15:10.598+0000] {dag.py:2693} INFO - Sync 1 DAGs
[2023-03-17T03:15:10.640+0000] {logging_mixin.py:137} INFO - [2023-03-17T03:15:10.640+0000] {dag.py:3444} INFO - Setting next_dagrun for example_branch_dop_operator_v3 to 2023-03-17T03:14:00+00:00, run_after=2023-03-17T03:15:00+00:00
[2023-03-17T03:15:10.668+0000] {processor.py:175} INFO - Processing /home/airflow/.local/lib/python3.7/site-packages/airflow/example_dags/example_branch_python_dop_operator_3.py took 0.132 seconds
[2023-03-17T03:15:40.864+0000] {processor.py:153} INFO - Started process (PID=2275) to work on /home/airflow/.local/lib/python3.7/site-packages/airflow/example_dags/example_branch_python_dop_operator_3.py
[2023-03-17T03:15:40.866+0000] {processor.py:743} INFO - Processing file /home/airflow/.local/lib/python3.7/site-packages/airflow/example_dags/example_branch_python_dop_operator_3.py for tasks to queue
[2023-03-17T03:15:40.867+0000] {logging_mixin.py:137} INFO - [2023-03-17T03:15:40.866+0000] {dagbag.py:532} INFO - Filling up the DagBag from /home/airflow/.local/lib/python3.7/site-packages/airflow/example_dags/example_branch_python_dop_operator_3.py
[2023-03-17T03:15:40.903+0000] {processor.py:753} INFO - DAG(s) dict_keys(['example_branch_dop_operator_v3']) retrieved from /home/airflow/.local/lib/python3.7/site-packages/airflow/example_dags/example_branch_python_dop_operator_3.py
[2023-03-17T03:15:40.936+0000] {logging_mixin.py:137} INFO - [2023-03-17T03:15:40.936+0000] {dag.py:2693} INFO - Sync 1 DAGs
[2023-03-17T03:15:40.979+0000] {logging_mixin.py:137} INFO - [2023-03-17T03:15:40.979+0000] {dag.py:3444} INFO - Setting next_dagrun for example_branch_dop_operator_v3 to 2023-03-17T03:14:00+00:00, run_after=2023-03-17T03:15:00+00:00
[2023-03-17T03:15:41.009+0000] {processor.py:175} INFO - Processing /home/airflow/.local/lib/python3.7/site-packages/airflow/example_dags/example_branch_python_dop_operator_3.py took 0.149 seconds
[2023-03-17T03:16:11.559+0000] {processor.py:153} INFO - Started process (PID=2495) to work on /home/airflow/.local/lib/python3.7/site-packages/airflow/example_dags/example_branch_python_dop_operator_3.py
[2023-03-17T03:16:11.560+0000] {processor.py:743} INFO - Processing file /home/airflow/.local/lib/python3.7/site-packages/airflow/example_dags/example_branch_python_dop_operator_3.py for tasks to queue
[2023-03-17T03:16:11.562+0000] {logging_mixin.py:137} INFO - [2023-03-17T03:16:11.562+0000] {dagbag.py:532} INFO - Filling up the DagBag from /home/airflow/.local/lib/python3.7/site-packages/airflow/example_dags/example_branch_python_dop_operator_3.py
[2023-03-17T03:16:11.587+0000] {processor.py:753} INFO - DAG(s) dict_keys(['example_branch_dop_operator_v3']) retrieved from /home/airflow/.local/lib/python3.7/site-packages/airflow/example_dags/example_branch_python_dop_operator_3.py
[2023-03-17T03:16:11.617+0000] {logging_mixin.py:137} INFO - [2023-03-17T03:16:11.617+0000] {dag.py:2693} INFO - Sync 1 DAGs
[2023-03-17T03:16:11.653+0000] {logging_mixin.py:137} INFO - [2023-03-17T03:16:11.652+0000] {dag.py:3444} INFO - Setting next_dagrun for example_branch_dop_operator_v3 to 2023-03-17T03:15:00+00:00, run_after=2023-03-17T03:16:00+00:00
[2023-03-17T03:16:11.676+0000] {processor.py:175} INFO - Processing /home/airflow/.local/lib/python3.7/site-packages/airflow/example_dags/example_branch_python_dop_operator_3.py took 0.121 seconds
[2023-03-17T03:16:42.137+0000] {processor.py:153} INFO - Started process (PID=2710) to work on /home/airflow/.local/lib/python3.7/site-packages/airflow/example_dags/example_branch_python_dop_operator_3.py
[2023-03-17T03:16:42.138+0000] {processor.py:743} INFO - Processing file /home/airflow/.local/lib/python3.7/site-packages/airflow/example_dags/example_branch_python_dop_operator_3.py for tasks to queue
[2023-03-17T03:16:42.140+0000] {logging_mixin.py:137} INFO - [2023-03-17T03:16:42.139+0000] {dagbag.py:532} INFO - Filling up the DagBag from /home/airflow/.local/lib/python3.7/site-packages/airflow/example_dags/example_branch_python_dop_operator_3.py
[2023-03-17T03:16:42.173+0000] {processor.py:753} INFO - DAG(s) dict_keys(['example_branch_dop_operator_v3']) retrieved from /home/airflow/.local/lib/python3.7/site-packages/airflow/example_dags/example_branch_python_dop_operator_3.py
[2023-03-17T03:16:42.200+0000] {logging_mixin.py:137} INFO - [2023-03-17T03:16:42.200+0000] {dag.py:2693} INFO - Sync 1 DAGs
[2023-03-17T03:16:42.238+0000] {logging_mixin.py:137} INFO - [2023-03-17T03:16:42.237+0000] {dag.py:3444} INFO - Setting next_dagrun for example_branch_dop_operator_v3 to 2023-03-17T03:15:00+00:00, run_after=2023-03-17T03:16:00+00:00
[2023-03-17T03:16:42.264+0000] {processor.py:175} INFO - Processing /home/airflow/.local/lib/python3.7/site-packages/airflow/example_dags/example_branch_python_dop_operator_3.py took 0.131 seconds
[2023-03-17T03:17:12.544+0000] {processor.py:153} INFO - Started process (PID=2927) to work on /home/airflow/.local/lib/python3.7/site-packages/airflow/example_dags/example_branch_python_dop_operator_3.py
[2023-03-17T03:17:12.545+0000] {processor.py:743} INFO - Processing file /home/airflow/.local/lib/python3.7/site-packages/airflow/example_dags/example_branch_python_dop_operator_3.py for tasks to queue
[2023-03-17T03:17:12.546+0000] {logging_mixin.py:137} INFO - [2023-03-17T03:17:12.546+0000] {dagbag.py:532} INFO - Filling up the DagBag from /home/airflow/.local/lib/python3.7/site-packages/airflow/example_dags/example_branch_python_dop_operator_3.py
[2023-03-17T03:17:12.578+0000] {processor.py:753} INFO - DAG(s) dict_keys(['example_branch_dop_operator_v3']) retrieved from /home/airflow/.local/lib/python3.7/site-packages/airflow/example_dags/example_branch_python_dop_operator_3.py
[2023-03-17T03:17:12.608+0000] {logging_mixin.py:137} INFO - [2023-03-17T03:17:12.608+0000] {dag.py:2693} INFO - Sync 1 DAGs
[2023-03-17T03:17:12.649+0000] {logging_mixin.py:137} INFO - [2023-03-17T03:17:12.648+0000] {dag.py:3444} INFO - Setting next_dagrun for example_branch_dop_operator_v3 to 2023-03-17T03:16:00+00:00, run_after=2023-03-17T03:17:00+00:00
[2023-03-17T03:17:12.679+0000] {processor.py:175} INFO - Processing /home/airflow/.local/lib/python3.7/site-packages/airflow/example_dags/example_branch_python_dop_operator_3.py took 0.139 seconds
[2023-03-17T03:17:43.134+0000] {processor.py:153} INFO - Started process (PID=3144) to work on /home/airflow/.local/lib/python3.7/site-packages/airflow/example_dags/example_branch_python_dop_operator_3.py
[2023-03-17T03:17:43.135+0000] {processor.py:743} INFO - Processing file /home/airflow/.local/lib/python3.7/site-packages/airflow/example_dags/example_branch_python_dop_operator_3.py for tasks to queue
[2023-03-17T03:17:43.136+0000] {logging_mixin.py:137} INFO - [2023-03-17T03:17:43.136+0000] {dagbag.py:532} INFO - Filling up the DagBag from /home/airflow/.local/lib/python3.7/site-packages/airflow/example_dags/example_branch_python_dop_operator_3.py
[2023-03-17T03:17:43.164+0000] {processor.py:753} INFO - DAG(s) dict_keys(['example_branch_dop_operator_v3']) retrieved from /home/airflow/.local/lib/python3.7/site-packages/airflow/example_dags/example_branch_python_dop_operator_3.py
[2023-03-17T03:17:43.191+0000] {logging_mixin.py:137} INFO - [2023-03-17T03:17:43.191+0000] {dag.py:2693} INFO - Sync 1 DAGs
[2023-03-17T03:17:43.227+0000] {logging_mixin.py:137} INFO - [2023-03-17T03:17:43.227+0000] {dag.py:3444} INFO - Setting next_dagrun for example_branch_dop_operator_v3 to 2023-03-17T03:16:00+00:00, run_after=2023-03-17T03:17:00+00:00
[2023-03-17T03:17:43.253+0000] {processor.py:175} INFO - Processing /home/airflow/.local/lib/python3.7/site-packages/airflow/example_dags/example_branch_python_dop_operator_3.py took 0.123 seconds
[2023-03-17T03:18:13.426+0000] {processor.py:153} INFO - Started process (PID=3361) to work on /home/airflow/.local/lib/python3.7/site-packages/airflow/example_dags/example_branch_python_dop_operator_3.py
[2023-03-17T03:18:13.427+0000] {processor.py:743} INFO - Processing file /home/airflow/.local/lib/python3.7/site-packages/airflow/example_dags/example_branch_python_dop_operator_3.py for tasks to queue
[2023-03-17T03:18:13.428+0000] {logging_mixin.py:137} INFO - [2023-03-17T03:18:13.428+0000] {dagbag.py:532} INFO - Filling up the DagBag from /home/airflow/.local/lib/python3.7/site-packages/airflow/example_dags/example_branch_python_dop_operator_3.py
[2023-03-17T03:18:13.456+0000] {processor.py:753} INFO - DAG(s) dict_keys(['example_branch_dop_operator_v3']) retrieved from /home/airflow/.local/lib/python3.7/site-packages/airflow/example_dags/example_branch_python_dop_operator_3.py
[2023-03-17T03:18:13.483+0000] {logging_mixin.py:137} INFO - [2023-03-17T03:18:13.483+0000] {dag.py:2693} INFO - Sync 1 DAGs
[2023-03-17T03:18:13.519+0000] {logging_mixin.py:137} INFO - [2023-03-17T03:18:13.519+0000] {dag.py:3444} INFO - Setting next_dagrun for example_branch_dop_operator_v3 to 2023-03-17T03:17:00+00:00, run_after=2023-03-17T03:18:00+00:00
[2023-03-17T03:18:13.545+0000] {processor.py:175} INFO - Processing /home/airflow/.local/lib/python3.7/site-packages/airflow/example_dags/example_branch_python_dop_operator_3.py took 0.123 seconds
[2023-03-17T03:18:44.119+0000] {processor.py:153} INFO - Started process (PID=3579) to work on /home/airflow/.local/lib/python3.7/site-packages/airflow/example_dags/example_branch_python_dop_operator_3.py
[2023-03-17T03:18:44.120+0000] {processor.py:743} INFO - Processing file /home/airflow/.local/lib/python3.7/site-packages/airflow/example_dags/example_branch_python_dop_operator_3.py for tasks to queue
[2023-03-17T03:18:44.121+0000] {logging_mixin.py:137} INFO - [2023-03-17T03:18:44.121+0000] {dagbag.py:532} INFO - Filling up the DagBag from /home/airflow/.local/lib/python3.7/site-packages/airflow/example_dags/example_branch_python_dop_operator_3.py
[2023-03-17T03:18:44.148+0000] {processor.py:753} INFO - DAG(s) dict_keys(['example_branch_dop_operator_v3']) retrieved from /home/airflow/.local/lib/python3.7/site-packages/airflow/example_dags/example_branch_python_dop_operator_3.py
[2023-03-17T03:18:44.178+0000] {logging_mixin.py:137} INFO - [2023-03-17T03:18:44.178+0000] {dag.py:2693} INFO - Sync 1 DAGs
[2023-03-17T03:18:44.214+0000] {logging_mixin.py:137} INFO - [2023-03-17T03:18:44.214+0000] {dag.py:3444} INFO - Setting next_dagrun for example_branch_dop_operator_v3 to 2023-03-17T03:17:00+00:00, run_after=2023-03-17T03:18:00+00:00
[2023-03-17T03:18:44.238+0000] {processor.py:175} INFO - Processing /home/airflow/.local/lib/python3.7/site-packages/airflow/example_dags/example_branch_python_dop_operator_3.py took 0.123 seconds
[2023-03-17T03:19:14.754+0000] {processor.py:153} INFO - Started process (PID=3798) to work on /home/airflow/.local/lib/python3.7/site-packages/airflow/example_dags/example_branch_python_dop_operator_3.py
[2023-03-17T03:19:14.756+0000] {processor.py:743} INFO - Processing file /home/airflow/.local/lib/python3.7/site-packages/airflow/example_dags/example_branch_python_dop_operator_3.py for tasks to queue
[2023-03-17T03:19:14.757+0000] {logging_mixin.py:137} INFO - [2023-03-17T03:19:14.757+0000] {dagbag.py:532} INFO - Filling up the DagBag from /home/airflow/.local/lib/python3.7/site-packages/airflow/example_dags/example_branch_python_dop_operator_3.py
[2023-03-17T03:19:14.784+0000] {processor.py:753} INFO - DAG(s) dict_keys(['example_branch_dop_operator_v3']) retrieved from /home/airflow/.local/lib/python3.7/site-packages/airflow/example_dags/example_branch_python_dop_operator_3.py
[2023-03-17T03:19:14.813+0000] {logging_mixin.py:137} INFO - [2023-03-17T03:19:14.813+0000] {dag.py:2693} INFO - Sync 1 DAGs
[2023-03-17T03:19:14.849+0000] {logging_mixin.py:137} INFO - [2023-03-17T03:19:14.848+0000] {dag.py:3444} INFO - Setting next_dagrun for example_branch_dop_operator_v3 to 2023-03-17T03:18:00+00:00, run_after=2023-03-17T03:19:00+00:00
[2023-03-17T03:19:14.877+0000] {processor.py:175} INFO - Processing /home/airflow/.local/lib/python3.7/site-packages/airflow/example_dags/example_branch_python_dop_operator_3.py took 0.126 seconds
[2023-03-17T03:19:45.175+0000] {processor.py:153} INFO - Started process (PID=4013) to work on /home/airflow/.local/lib/python3.7/site-packages/airflow/example_dags/example_branch_python_dop_operator_3.py
[2023-03-17T03:19:45.176+0000] {processor.py:743} INFO - Processing file /home/airflow/.local/lib/python3.7/site-packages/airflow/example_dags/example_branch_python_dop_operator_3.py for tasks to queue
[2023-03-17T03:19:45.177+0000] {logging_mixin.py:137} INFO - [2023-03-17T03:19:45.177+0000] {dagbag.py:532} INFO - Filling up the DagBag from /home/airflow/.local/lib/python3.7/site-packages/airflow/example_dags/example_branch_python_dop_operator_3.py
[2023-03-17T03:19:45.205+0000] {processor.py:753} INFO - DAG(s) dict_keys(['example_branch_dop_operator_v3']) retrieved from /home/airflow/.local/lib/python3.7/site-packages/airflow/example_dags/example_branch_python_dop_operator_3.py
[2023-03-17T03:19:45.234+0000] {logging_mixin.py:137} INFO - [2023-03-17T03:19:45.234+0000] {dag.py:2693} INFO - Sync 1 DAGs
[2023-03-17T03:19:45.270+0000] {logging_mixin.py:137} INFO - [2023-03-17T03:19:45.270+0000] {dag.py:3444} INFO - Setting next_dagrun for example_branch_dop_operator_v3 to 2023-03-17T03:18:00+00:00, run_after=2023-03-17T03:19:00+00:00
[2023-03-17T03:19:45.300+0000] {processor.py:175} INFO - Processing /home/airflow/.local/lib/python3.7/site-packages/airflow/example_dags/example_branch_python_dop_operator_3.py took 0.129 seconds
[2023-03-17T03:20:15.604+0000] {processor.py:153} INFO - Started process (PID=4230) to work on /home/airflow/.local/lib/python3.7/site-packages/airflow/example_dags/example_branch_python_dop_operator_3.py
[2023-03-17T03:20:15.605+0000] {processor.py:743} INFO - Processing file /home/airflow/.local/lib/python3.7/site-packages/airflow/example_dags/example_branch_python_dop_operator_3.py for tasks to queue
[2023-03-17T03:20:15.606+0000] {logging_mixin.py:137} INFO - [2023-03-17T03:20:15.606+0000] {dagbag.py:532} INFO - Filling up the DagBag from /home/airflow/.local/lib/python3.7/site-packages/airflow/example_dags/example_branch_python_dop_operator_3.py
[2023-03-17T03:20:15.635+0000] {processor.py:753} INFO - DAG(s) dict_keys(['example_branch_dop_operator_v3']) retrieved from /home/airflow/.local/lib/python3.7/site-packages/airflow/example_dags/example_branch_python_dop_operator_3.py
[2023-03-17T03:20:15.664+0000] {logging_mixin.py:137} INFO - [2023-03-17T03:20:15.664+0000] {dag.py:2693} INFO - Sync 1 DAGs
[2023-03-17T03:20:15.701+0000] {logging_mixin.py:137} INFO - [2023-03-17T03:20:15.701+0000] {dag.py:3444} INFO - Setting next_dagrun for example_branch_dop_operator_v3 to 2023-03-17T03:19:00+00:00, run_after=2023-03-17T03:20:00+00:00
[2023-03-17T03:20:15.728+0000] {processor.py:175} INFO - Processing /home/airflow/.local/lib/python3.7/site-packages/airflow/example_dags/example_branch_python_dop_operator_3.py took 0.127 seconds
[2023-03-17T03:20:46.047+0000] {processor.py:153} INFO - Started process (PID=4447) to work on /home/airflow/.local/lib/python3.7/site-packages/airflow/example_dags/example_branch_python_dop_operator_3.py
[2023-03-17T03:20:46.048+0000] {processor.py:743} INFO - Processing file /home/airflow/.local/lib/python3.7/site-packages/airflow/example_dags/example_branch_python_dop_operator_3.py for tasks to queue
[2023-03-17T03:20:46.050+0000] {logging_mixin.py:137} INFO - [2023-03-17T03:20:46.049+0000] {dagbag.py:532} INFO - Filling up the DagBag from /home/airflow/.local/lib/python3.7/site-packages/airflow/example_dags/example_branch_python_dop_operator_3.py
[2023-03-17T03:20:46.077+0000] {processor.py:753} INFO - DAG(s) dict_keys(['example_branch_dop_operator_v3']) retrieved from /home/airflow/.local/lib/python3.7/site-packages/airflow/example_dags/example_branch_python_dop_operator_3.py
[2023-03-17T03:20:46.104+0000] {logging_mixin.py:137} INFO - [2023-03-17T03:20:46.104+0000] {dag.py:2693} INFO - Sync 1 DAGs
[2023-03-17T03:20:46.141+0000] {logging_mixin.py:137} INFO - [2023-03-17T03:20:46.141+0000] {dag.py:3444} INFO - Setting next_dagrun for example_branch_dop_operator_v3 to 2023-03-17T03:19:00+00:00, run_after=2023-03-17T03:20:00+00:00
[2023-03-17T03:20:46.168+0000] {processor.py:175} INFO - Processing /home/airflow/.local/lib/python3.7/site-packages/airflow/example_dags/example_branch_python_dop_operator_3.py took 0.125 seconds
[2023-03-17T03:21:16.767+0000] {processor.py:153} INFO - Started process (PID=4666) to work on /home/airflow/.local/lib/python3.7/site-packages/airflow/example_dags/example_branch_python_dop_operator_3.py
[2023-03-17T03:21:16.768+0000] {processor.py:743} INFO - Processing file /home/airflow/.local/lib/python3.7/site-packages/airflow/example_dags/example_branch_python_dop_operator_3.py for tasks to queue
[2023-03-17T03:21:16.769+0000] {logging_mixin.py:137} INFO - [2023-03-17T03:21:16.769+0000] {dagbag.py:532} INFO - Filling up the DagBag from /home/airflow/.local/lib/python3.7/site-packages/airflow/example_dags/example_branch_python_dop_operator_3.py
[2023-03-17T03:21:16.796+0000] {processor.py:753} INFO - DAG(s) dict_keys(['example_branch_dop_operator_v3']) retrieved from /home/airflow/.local/lib/python3.7/site-packages/airflow/example_dags/example_branch_python_dop_operator_3.py
[2023-03-17T03:21:16.825+0000] {logging_mixin.py:137} INFO - [2023-03-17T03:21:16.825+0000] {dag.py:2693} INFO - Sync 1 DAGs
[2023-03-17T03:21:16.861+0000] {logging_mixin.py:137} INFO - [2023-03-17T03:21:16.861+0000] {dag.py:3444} INFO - Setting next_dagrun for example_branch_dop_operator_v3 to 2023-03-17T03:20:00+00:00, run_after=2023-03-17T03:21:00+00:00
[2023-03-17T03:21:16.891+0000] {processor.py:175} INFO - Processing /home/airflow/.local/lib/python3.7/site-packages/airflow/example_dags/example_branch_python_dop_operator_3.py took 0.127 seconds
[2023-03-17T03:21:47.358+0000] {processor.py:153} INFO - Started process (PID=4881) to work on /home/airflow/.local/lib/python3.7/site-packages/airflow/example_dags/example_branch_python_dop_operator_3.py
[2023-03-17T03:21:47.359+0000] {processor.py:743} INFO - Processing file /home/airflow/.local/lib/python3.7/site-packages/airflow/example_dags/example_branch_python_dop_operator_3.py for tasks to queue
[2023-03-17T03:21:47.360+0000] {logging_mixin.py:137} INFO - [2023-03-17T03:21:47.360+0000] {dagbag.py:532} INFO - Filling up the DagBag from /home/airflow/.local/lib/python3.7/site-packages/airflow/example_dags/example_branch_python_dop_operator_3.py
[2023-03-17T03:21:47.389+0000] {processor.py:753} INFO - DAG(s) dict_keys(['example_branch_dop_operator_v3']) retrieved from /home/airflow/.local/lib/python3.7/site-packages/airflow/example_dags/example_branch_python_dop_operator_3.py
[2023-03-17T03:21:47.418+0000] {logging_mixin.py:137} INFO - [2023-03-17T03:21:47.418+0000] {dag.py:2693} INFO - Sync 1 DAGs
[2023-03-17T03:21:47.453+0000] {logging_mixin.py:137} INFO - [2023-03-17T03:21:47.453+0000] {dag.py:3444} INFO - Setting next_dagrun for example_branch_dop_operator_v3 to 2023-03-17T03:20:00+00:00, run_after=2023-03-17T03:21:00+00:00
[2023-03-17T03:21:47.477+0000] {processor.py:175} INFO - Processing /home/airflow/.local/lib/python3.7/site-packages/airflow/example_dags/example_branch_python_dop_operator_3.py took 0.123 seconds
[2023-03-17T03:22:17.883+0000] {processor.py:153} INFO - Started process (PID=5100) to work on /home/airflow/.local/lib/python3.7/site-packages/airflow/example_dags/example_branch_python_dop_operator_3.py
[2023-03-17T03:22:17.885+0000] {processor.py:743} INFO - Processing file /home/airflow/.local/lib/python3.7/site-packages/airflow/example_dags/example_branch_python_dop_operator_3.py for tasks to queue
[2023-03-17T03:22:17.886+0000] {logging_mixin.py:137} INFO - [2023-03-17T03:22:17.886+0000] {dagbag.py:532} INFO - Filling up the DagBag from /home/airflow/.local/lib/python3.7/site-packages/airflow/example_dags/example_branch_python_dop_operator_3.py
[2023-03-17T03:22:17.921+0000] {processor.py:753} INFO - DAG(s) dict_keys(['example_branch_dop_operator_v3']) retrieved from /home/airflow/.local/lib/python3.7/site-packages/airflow/example_dags/example_branch_python_dop_operator_3.py
[2023-03-17T03:22:17.953+0000] {logging_mixin.py:137} INFO - [2023-03-17T03:22:17.952+0000] {dag.py:2693} INFO - Sync 1 DAGs
[2023-03-17T03:22:17.987+0000] {logging_mixin.py:137} INFO - [2023-03-17T03:22:17.987+0000] {dag.py:3444} INFO - Setting next_dagrun for example_branch_dop_operator_v3 to 2023-03-17T03:21:00+00:00, run_after=2023-03-17T03:22:00+00:00
[2023-03-17T03:22:18.016+0000] {processor.py:175} INFO - Processing /home/airflow/.local/lib/python3.7/site-packages/airflow/example_dags/example_branch_python_dop_operator_3.py took 0.136 seconds
[2023-03-17T03:22:48.130+0000] {processor.py:153} INFO - Started process (PID=5315) to work on /home/airflow/.local/lib/python3.7/site-packages/airflow/example_dags/example_branch_python_dop_operator_3.py
[2023-03-17T03:22:48.132+0000] {processor.py:743} INFO - Processing file /home/airflow/.local/lib/python3.7/site-packages/airflow/example_dags/example_branch_python_dop_operator_3.py for tasks to queue
[2023-03-17T03:22:48.133+0000] {logging_mixin.py:137} INFO - [2023-03-17T03:22:48.133+0000] {dagbag.py:532} INFO - Filling up the DagBag from /home/airflow/.local/lib/python3.7/site-packages/airflow/example_dags/example_branch_python_dop_operator_3.py
[2023-03-17T03:22:48.161+0000] {processor.py:753} INFO - DAG(s) dict_keys(['example_branch_dop_operator_v3']) retrieved from /home/airflow/.local/lib/python3.7/site-packages/airflow/example_dags/example_branch_python_dop_operator_3.py
[2023-03-17T03:22:48.191+0000] {logging_mixin.py:137} INFO - [2023-03-17T03:22:48.191+0000] {dag.py:2693} INFO - Sync 1 DAGs
[2023-03-17T03:22:48.226+0000] {logging_mixin.py:137} INFO - [2023-03-17T03:22:48.226+0000] {dag.py:3444} INFO - Setting next_dagrun for example_branch_dop_operator_v3 to 2023-03-17T03:21:00+00:00, run_after=2023-03-17T03:22:00+00:00
[2023-03-17T03:22:48.254+0000] {processor.py:175} INFO - Processing /home/airflow/.local/lib/python3.7/site-packages/airflow/example_dags/example_branch_python_dop_operator_3.py took 0.127 seconds
[2023-03-17T03:23:18.686+0000] {processor.py:153} INFO - Started process (PID=5533) to work on /home/airflow/.local/lib/python3.7/site-packages/airflow/example_dags/example_branch_python_dop_operator_3.py
[2023-03-17T03:23:18.687+0000] {processor.py:743} INFO - Processing file /home/airflow/.local/lib/python3.7/site-packages/airflow/example_dags/example_branch_python_dop_operator_3.py for tasks to queue
[2023-03-17T03:23:18.688+0000] {logging_mixin.py:137} INFO - [2023-03-17T03:23:18.688+0000] {dagbag.py:532} INFO - Filling up the DagBag from /home/airflow/.local/lib/python3.7/site-packages/airflow/example_dags/example_branch_python_dop_operator_3.py
[2023-03-17T03:23:18.717+0000] {processor.py:753} INFO - DAG(s) dict_keys(['example_branch_dop_operator_v3']) retrieved from /home/airflow/.local/lib/python3.7/site-packages/airflow/example_dags/example_branch_python_dop_operator_3.py
[2023-03-17T03:23:18.745+0000] {logging_mixin.py:137} INFO - [2023-03-17T03:23:18.745+0000] {dag.py:2693} INFO - Sync 1 DAGs
[2023-03-17T03:23:18.781+0000] {logging_mixin.py:137} INFO - [2023-03-17T03:23:18.781+0000] {dag.py:3444} INFO - Setting next_dagrun for example_branch_dop_operator_v3 to 2023-03-17T03:22:00+00:00, run_after=2023-03-17T03:23:00+00:00
[2023-03-17T03:23:18.808+0000] {processor.py:175} INFO - Processing /home/airflow/.local/lib/python3.7/site-packages/airflow/example_dags/example_branch_python_dop_operator_3.py took 0.126 seconds
[2023-03-17T03:23:49.089+0000] {processor.py:153} INFO - Started process (PID=5750) to work on /home/airflow/.local/lib/python3.7/site-packages/airflow/example_dags/example_branch_python_dop_operator_3.py
[2023-03-17T03:23:49.090+0000] {processor.py:743} INFO - Processing file /home/airflow/.local/lib/python3.7/site-packages/airflow/example_dags/example_branch_python_dop_operator_3.py for tasks to queue
[2023-03-17T03:23:49.091+0000] {logging_mixin.py:137} INFO - [2023-03-17T03:23:49.091+0000] {dagbag.py:532} INFO - Filling up the DagBag from /home/airflow/.local/lib/python3.7/site-packages/airflow/example_dags/example_branch_python_dop_operator_3.py
[2023-03-17T03:23:49.126+0000] {processor.py:753} INFO - DAG(s) dict_keys(['example_branch_dop_operator_v3']) retrieved from /home/airflow/.local/lib/python3.7/site-packages/airflow/example_dags/example_branch_python_dop_operator_3.py
[2023-03-17T03:23:49.154+0000] {logging_mixin.py:137} INFO - [2023-03-17T03:23:49.153+0000] {dag.py:2693} INFO - Sync 1 DAGs
[2023-03-17T03:23:49.190+0000] {logging_mixin.py:137} INFO - [2023-03-17T03:23:49.190+0000] {dag.py:3444} INFO - Setting next_dagrun for example_branch_dop_operator_v3 to 2023-03-17T03:22:00+00:00, run_after=2023-03-17T03:23:00+00:00
[2023-03-17T03:23:49.215+0000] {processor.py:175} INFO - Processing /home/airflow/.local/lib/python3.7/site-packages/airflow/example_dags/example_branch_python_dop_operator_3.py took 0.131 seconds
[2023-03-17T03:24:19.439+0000] {processor.py:153} INFO - Started process (PID=5969) to work on /home/airflow/.local/lib/python3.7/site-packages/airflow/example_dags/example_branch_python_dop_operator_3.py
[2023-03-17T03:24:19.440+0000] {processor.py:743} INFO - Processing file /home/airflow/.local/lib/python3.7/site-packages/airflow/example_dags/example_branch_python_dop_operator_3.py for tasks to queue
[2023-03-17T03:24:19.441+0000] {logging_mixin.py:137} INFO - [2023-03-17T03:24:19.441+0000] {dagbag.py:532} INFO - Filling up the DagBag from /home/airflow/.local/lib/python3.7/site-packages/airflow/example_dags/example_branch_python_dop_operator_3.py
[2023-03-17T03:24:19.470+0000] {processor.py:753} INFO - DAG(s) dict_keys(['example_branch_dop_operator_v3']) retrieved from /home/airflow/.local/lib/python3.7/site-packages/airflow/example_dags/example_branch_python_dop_operator_3.py
[2023-03-17T03:24:19.502+0000] {logging_mixin.py:137} INFO - [2023-03-17T03:24:19.502+0000] {dag.py:2693} INFO - Sync 1 DAGs
[2023-03-17T03:24:19.539+0000] {logging_mixin.py:137} INFO - [2023-03-17T03:24:19.538+0000] {dag.py:3444} INFO - Setting next_dagrun for example_branch_dop_operator_v3 to 2023-03-17T03:23:00+00:00, run_after=2023-03-17T03:24:00+00:00
[2023-03-17T03:24:19.563+0000] {processor.py:175} INFO - Processing /home/airflow/.local/lib/python3.7/site-packages/airflow/example_dags/example_branch_python_dop_operator_3.py took 0.128 seconds
[2023-03-17T03:24:49.927+0000] {processor.py:153} INFO - Started process (PID=6184) to work on /home/airflow/.local/lib/python3.7/site-packages/airflow/example_dags/example_branch_python_dop_operator_3.py
[2023-03-17T03:24:49.928+0000] {processor.py:743} INFO - Processing file /home/airflow/.local/lib/python3.7/site-packages/airflow/example_dags/example_branch_python_dop_operator_3.py for tasks to queue
[2023-03-17T03:24:49.929+0000] {logging_mixin.py:137} INFO - [2023-03-17T03:24:49.929+0000] {dagbag.py:532} INFO - Filling up the DagBag from /home/airflow/.local/lib/python3.7/site-packages/airflow/example_dags/example_branch_python_dop_operator_3.py
[2023-03-17T03:24:49.956+0000] {processor.py:753} INFO - DAG(s) dict_keys(['example_branch_dop_operator_v3']) retrieved from /home/airflow/.local/lib/python3.7/site-packages/airflow/example_dags/example_branch_python_dop_operator_3.py
[2023-03-17T03:24:49.983+0000] {logging_mixin.py:137} INFO - [2023-03-17T03:24:49.983+0000] {dag.py:2693} INFO - Sync 1 DAGs
[2023-03-17T03:24:50.018+0000] {logging_mixin.py:137} INFO - [2023-03-17T03:24:50.018+0000] {dag.py:3444} INFO - Setting next_dagrun for example_branch_dop_operator_v3 to 2023-03-17T03:23:00+00:00, run_after=2023-03-17T03:24:00+00:00
[2023-03-17T03:24:50.044+0000] {processor.py:175} INFO - Processing /home/airflow/.local/lib/python3.7/site-packages/airflow/example_dags/example_branch_python_dop_operator_3.py took 0.120 seconds
[2023-03-17T03:25:20.253+0000] {processor.py:153} INFO - Started process (PID=6401) to work on /home/airflow/.local/lib/python3.7/site-packages/airflow/example_dags/example_branch_python_dop_operator_3.py
[2023-03-17T03:25:20.254+0000] {processor.py:743} INFO - Processing file /home/airflow/.local/lib/python3.7/site-packages/airflow/example_dags/example_branch_python_dop_operator_3.py for tasks to queue
[2023-03-17T03:25:20.255+0000] {logging_mixin.py:137} INFO - [2023-03-17T03:25:20.255+0000] {dagbag.py:532} INFO - Filling up the DagBag from /home/airflow/.local/lib/python3.7/site-packages/airflow/example_dags/example_branch_python_dop_operator_3.py
[2023-03-17T03:25:20.295+0000] {processor.py:753} INFO - DAG(s) dict_keys(['example_branch_dop_operator_v3']) retrieved from /home/airflow/.local/lib/python3.7/site-packages/airflow/example_dags/example_branch_python_dop_operator_3.py
[2023-03-17T03:25:20.325+0000] {logging_mixin.py:137} INFO - [2023-03-17T03:25:20.325+0000] {dag.py:2693} INFO - Sync 1 DAGs
[2023-03-17T03:25:20.364+0000] {logging_mixin.py:137} INFO - [2023-03-17T03:25:20.363+0000] {dag.py:3444} INFO - Setting next_dagrun for example_branch_dop_operator_v3 to 2023-03-17T03:24:00+00:00, run_after=2023-03-17T03:25:00+00:00
[2023-03-17T03:25:20.391+0000] {processor.py:175} INFO - Processing /home/airflow/.local/lib/python3.7/site-packages/airflow/example_dags/example_branch_python_dop_operator_3.py took 0.143 seconds
[2023-03-17T03:25:50.751+0000] {processor.py:153} INFO - Started process (PID=6618) to work on /home/airflow/.local/lib/python3.7/site-packages/airflow/example_dags/example_branch_python_dop_operator_3.py
[2023-03-17T03:25:50.753+0000] {processor.py:743} INFO - Processing file /home/airflow/.local/lib/python3.7/site-packages/airflow/example_dags/example_branch_python_dop_operator_3.py for tasks to queue
[2023-03-17T03:25:50.754+0000] {logging_mixin.py:137} INFO - [2023-03-17T03:25:50.754+0000] {dagbag.py:532} INFO - Filling up the DagBag from /home/airflow/.local/lib/python3.7/site-packages/airflow/example_dags/example_branch_python_dop_operator_3.py
[2023-03-17T03:25:50.805+0000] {processor.py:753} INFO - DAG(s) dict_keys(['example_branch_dop_operator_v3']) retrieved from /home/airflow/.local/lib/python3.7/site-packages/airflow/example_dags/example_branch_python_dop_operator_3.py
[2023-03-17T03:25:50.850+0000] {logging_mixin.py:137} INFO - [2023-03-17T03:25:50.850+0000] {dag.py:2693} INFO - Sync 1 DAGs
[2023-03-17T03:25:50.894+0000] {logging_mixin.py:137} INFO - [2023-03-17T03:25:50.894+0000] {dag.py:3444} INFO - Setting next_dagrun for example_branch_dop_operator_v3 to 2023-03-17T03:24:00+00:00, run_after=2023-03-17T03:25:00+00:00
[2023-03-17T03:25:50.926+0000] {processor.py:175} INFO - Processing /home/airflow/.local/lib/python3.7/site-packages/airflow/example_dags/example_branch_python_dop_operator_3.py took 0.181 seconds
[2023-03-17T03:26:21.367+0000] {processor.py:153} INFO - Started process (PID=6835) to work on /home/airflow/.local/lib/python3.7/site-packages/airflow/example_dags/example_branch_python_dop_operator_3.py
[2023-03-17T03:26:21.368+0000] {processor.py:743} INFO - Processing file /home/airflow/.local/lib/python3.7/site-packages/airflow/example_dags/example_branch_python_dop_operator_3.py for tasks to queue
[2023-03-17T03:26:21.369+0000] {logging_mixin.py:137} INFO - [2023-03-17T03:26:21.369+0000] {dagbag.py:532} INFO - Filling up the DagBag from /home/airflow/.local/lib/python3.7/site-packages/airflow/example_dags/example_branch_python_dop_operator_3.py
[2023-03-17T03:26:21.397+0000] {processor.py:753} INFO - DAG(s) dict_keys(['example_branch_dop_operator_v3']) retrieved from /home/airflow/.local/lib/python3.7/site-packages/airflow/example_dags/example_branch_python_dop_operator_3.py
[2023-03-17T03:26:21.427+0000] {logging_mixin.py:137} INFO - [2023-03-17T03:26:21.427+0000] {dag.py:2693} INFO - Sync 1 DAGs
[2023-03-17T03:26:21.466+0000] {logging_mixin.py:137} INFO - [2023-03-17T03:26:21.466+0000] {dag.py:3444} INFO - Setting next_dagrun for example_branch_dop_operator_v3 to 2023-03-17T03:25:00+00:00, run_after=2023-03-17T03:26:00+00:00
[2023-03-17T03:26:21.494+0000] {processor.py:175} INFO - Processing /home/airflow/.local/lib/python3.7/site-packages/airflow/example_dags/example_branch_python_dop_operator_3.py took 0.131 seconds
[2023-03-17T03:26:51.639+0000] {processor.py:153} INFO - Started process (PID=7052) to work on /home/airflow/.local/lib/python3.7/site-packages/airflow/example_dags/example_branch_python_dop_operator_3.py
[2023-03-17T03:26:51.640+0000] {processor.py:743} INFO - Processing file /home/airflow/.local/lib/python3.7/site-packages/airflow/example_dags/example_branch_python_dop_operator_3.py for tasks to queue
[2023-03-17T03:26:51.642+0000] {logging_mixin.py:137} INFO - [2023-03-17T03:26:51.642+0000] {dagbag.py:532} INFO - Filling up the DagBag from /home/airflow/.local/lib/python3.7/site-packages/airflow/example_dags/example_branch_python_dop_operator_3.py
[2023-03-17T03:26:51.668+0000] {processor.py:753} INFO - DAG(s) dict_keys(['example_branch_dop_operator_v3']) retrieved from /home/airflow/.local/lib/python3.7/site-packages/airflow/example_dags/example_branch_python_dop_operator_3.py
[2023-03-17T03:26:51.724+0000] {logging_mixin.py:137} INFO - [2023-03-17T03:26:51.724+0000] {dag.py:2693} INFO - Sync 1 DAGs
[2023-03-17T03:26:51.770+0000] {logging_mixin.py:137} INFO - [2023-03-17T03:26:51.769+0000] {dag.py:3444} INFO - Setting next_dagrun for example_branch_dop_operator_v3 to 2023-03-17T03:25:00+00:00, run_after=2023-03-17T03:26:00+00:00
[2023-03-17T03:26:51.796+0000] {processor.py:175} INFO - Processing /home/airflow/.local/lib/python3.7/site-packages/airflow/example_dags/example_branch_python_dop_operator_3.py took 0.162 seconds
[2023-03-17T03:27:22.028+0000] {processor.py:153} INFO - Started process (PID=7269) to work on /home/airflow/.local/lib/python3.7/site-packages/airflow/example_dags/example_branch_python_dop_operator_3.py
[2023-03-17T03:27:22.030+0000] {processor.py:743} INFO - Processing file /home/airflow/.local/lib/python3.7/site-packages/airflow/example_dags/example_branch_python_dop_operator_3.py for tasks to queue
[2023-03-17T03:27:22.031+0000] {logging_mixin.py:137} INFO - [2023-03-17T03:27:22.031+0000] {dagbag.py:532} INFO - Filling up the DagBag from /home/airflow/.local/lib/python3.7/site-packages/airflow/example_dags/example_branch_python_dop_operator_3.py
[2023-03-17T03:27:22.067+0000] {processor.py:753} INFO - DAG(s) dict_keys(['example_branch_dop_operator_v3']) retrieved from /home/airflow/.local/lib/python3.7/site-packages/airflow/example_dags/example_branch_python_dop_operator_3.py
[2023-03-17T03:27:22.100+0000] {logging_mixin.py:137} INFO - [2023-03-17T03:27:22.100+0000] {dag.py:2693} INFO - Sync 1 DAGs
[2023-03-17T03:27:22.141+0000] {logging_mixin.py:137} INFO - [2023-03-17T03:27:22.140+0000] {dag.py:3444} INFO - Setting next_dagrun for example_branch_dop_operator_v3 to 2023-03-17T03:26:00+00:00, run_after=2023-03-17T03:27:00+00:00
[2023-03-17T03:27:22.168+0000] {processor.py:175} INFO - Processing /home/airflow/.local/lib/python3.7/site-packages/airflow/example_dags/example_branch_python_dop_operator_3.py took 0.143 seconds
[2023-03-17T03:27:52.427+0000] {processor.py:153} INFO - Started process (PID=7486) to work on /home/airflow/.local/lib/python3.7/site-packages/airflow/example_dags/example_branch_python_dop_operator_3.py
[2023-03-17T03:27:52.429+0000] {processor.py:743} INFO - Processing file /home/airflow/.local/lib/python3.7/site-packages/airflow/example_dags/example_branch_python_dop_operator_3.py for tasks to queue
[2023-03-17T03:27:52.430+0000] {logging_mixin.py:137} INFO - [2023-03-17T03:27:52.430+0000] {dagbag.py:532} INFO - Filling up the DagBag from /home/airflow/.local/lib/python3.7/site-packages/airflow/example_dags/example_branch_python_dop_operator_3.py
[2023-03-17T03:27:52.460+0000] {processor.py:753} INFO - DAG(s) dict_keys(['example_branch_dop_operator_v3']) retrieved from /home/airflow/.local/lib/python3.7/site-packages/airflow/example_dags/example_branch_python_dop_operator_3.py
[2023-03-17T03:27:52.491+0000] {logging_mixin.py:137} INFO - [2023-03-17T03:27:52.491+0000] {dag.py:2693} INFO - Sync 1 DAGs
[2023-03-17T03:27:52.528+0000] {logging_mixin.py:137} INFO - [2023-03-17T03:27:52.528+0000] {dag.py:3444} INFO - Setting next_dagrun for example_branch_dop_operator_v3 to 2023-03-17T03:26:00+00:00, run_after=2023-03-17T03:27:00+00:00
[2023-03-17T03:27:52.555+0000] {processor.py:175} INFO - Processing /home/airflow/.local/lib/python3.7/site-packages/airflow/example_dags/example_branch_python_dop_operator_3.py took 0.131 seconds
[2023-03-17T03:28:22.754+0000] {processor.py:153} INFO - Started process (PID=7703) to work on /home/airflow/.local/lib/python3.7/site-packages/airflow/example_dags/example_branch_python_dop_operator_3.py
[2023-03-17T03:28:22.756+0000] {processor.py:743} INFO - Processing file /home/airflow/.local/lib/python3.7/site-packages/airflow/example_dags/example_branch_python_dop_operator_3.py for tasks to queue
[2023-03-17T03:28:22.757+0000] {logging_mixin.py:137} INFO - [2023-03-17T03:28:22.756+0000] {dagbag.py:532} INFO - Filling up the DagBag from /home/airflow/.local/lib/python3.7/site-packages/airflow/example_dags/example_branch_python_dop_operator_3.py
[2023-03-17T03:28:22.787+0000] {processor.py:753} INFO - DAG(s) dict_keys(['example_branch_dop_operator_v3']) retrieved from /home/airflow/.local/lib/python3.7/site-packages/airflow/example_dags/example_branch_python_dop_operator_3.py
[2023-03-17T03:28:22.817+0000] {logging_mixin.py:137} INFO - [2023-03-17T03:28:22.816+0000] {dag.py:2693} INFO - Sync 1 DAGs
[2023-03-17T03:28:22.852+0000] {logging_mixin.py:137} INFO - [2023-03-17T03:28:22.852+0000] {dag.py:3444} INFO - Setting next_dagrun for example_branch_dop_operator_v3 to 2023-03-17T03:27:00+00:00, run_after=2023-03-17T03:28:00+00:00
[2023-03-17T03:28:22.879+0000] {processor.py:175} INFO - Processing /home/airflow/.local/lib/python3.7/site-packages/airflow/example_dags/example_branch_python_dop_operator_3.py took 0.128 seconds
[2023-03-17T03:28:53.212+0000] {processor.py:153} INFO - Started process (PID=7920) to work on /home/airflow/.local/lib/python3.7/site-packages/airflow/example_dags/example_branch_python_dop_operator_3.py
[2023-03-17T03:28:53.213+0000] {processor.py:743} INFO - Processing file /home/airflow/.local/lib/python3.7/site-packages/airflow/example_dags/example_branch_python_dop_operator_3.py for tasks to queue
[2023-03-17T03:28:53.215+0000] {logging_mixin.py:137} INFO - [2023-03-17T03:28:53.214+0000] {dagbag.py:532} INFO - Filling up the DagBag from /home/airflow/.local/lib/python3.7/site-packages/airflow/example_dags/example_branch_python_dop_operator_3.py
[2023-03-17T03:28:53.245+0000] {processor.py:753} INFO - DAG(s) dict_keys(['example_branch_dop_operator_v3']) retrieved from /home/airflow/.local/lib/python3.7/site-packages/airflow/example_dags/example_branch_python_dop_operator_3.py
[2023-03-17T03:28:53.277+0000] {logging_mixin.py:137} INFO - [2023-03-17T03:28:53.277+0000] {dag.py:2693} INFO - Sync 1 DAGs
[2023-03-17T03:28:53.314+0000] {logging_mixin.py:137} INFO - [2023-03-17T03:28:53.314+0000] {dag.py:3444} INFO - Setting next_dagrun for example_branch_dop_operator_v3 to 2023-03-17T03:27:00+00:00, run_after=2023-03-17T03:28:00+00:00
[2023-03-17T03:28:53.342+0000] {processor.py:175} INFO - Processing /home/airflow/.local/lib/python3.7/site-packages/airflow/example_dags/example_branch_python_dop_operator_3.py took 0.134 seconds
[2023-03-17T03:29:23.666+0000] {processor.py:153} INFO - Started process (PID=8138) to work on /home/airflow/.local/lib/python3.7/site-packages/airflow/example_dags/example_branch_python_dop_operator_3.py
[2023-03-17T03:29:23.667+0000] {processor.py:743} INFO - Processing file /home/airflow/.local/lib/python3.7/site-packages/airflow/example_dags/example_branch_python_dop_operator_3.py for tasks to queue
[2023-03-17T03:29:23.668+0000] {logging_mixin.py:137} INFO - [2023-03-17T03:29:23.668+0000] {dagbag.py:532} INFO - Filling up the DagBag from /home/airflow/.local/lib/python3.7/site-packages/airflow/example_dags/example_branch_python_dop_operator_3.py
[2023-03-17T03:29:23.698+0000] {processor.py:753} INFO - DAG(s) dict_keys(['example_branch_dop_operator_v3']) retrieved from /home/airflow/.local/lib/python3.7/site-packages/airflow/example_dags/example_branch_python_dop_operator_3.py
[2023-03-17T03:29:23.728+0000] {logging_mixin.py:137} INFO - [2023-03-17T03:29:23.728+0000] {dag.py:2693} INFO - Sync 1 DAGs
[2023-03-17T03:29:23.765+0000] {logging_mixin.py:137} INFO - [2023-03-17T03:29:23.765+0000] {dag.py:3444} INFO - Setting next_dagrun for example_branch_dop_operator_v3 to 2023-03-17T03:28:00+00:00, run_after=2023-03-17T03:29:00+00:00
[2023-03-17T03:29:23.791+0000] {processor.py:175} INFO - Processing /home/airflow/.local/lib/python3.7/site-packages/airflow/example_dags/example_branch_python_dop_operator_3.py took 0.129 seconds
[2023-03-17T03:29:53.944+0000] {processor.py:153} INFO - Started process (PID=8355) to work on /home/airflow/.local/lib/python3.7/site-packages/airflow/example_dags/example_branch_python_dop_operator_3.py
[2023-03-17T03:29:53.945+0000] {processor.py:743} INFO - Processing file /home/airflow/.local/lib/python3.7/site-packages/airflow/example_dags/example_branch_python_dop_operator_3.py for tasks to queue
[2023-03-17T03:29:53.946+0000] {logging_mixin.py:137} INFO - [2023-03-17T03:29:53.946+0000] {dagbag.py:532} INFO - Filling up the DagBag from /home/airflow/.local/lib/python3.7/site-packages/airflow/example_dags/example_branch_python_dop_operator_3.py
[2023-03-17T03:29:53.976+0000] {processor.py:753} INFO - DAG(s) dict_keys(['example_branch_dop_operator_v3']) retrieved from /home/airflow/.local/lib/python3.7/site-packages/airflow/example_dags/example_branch_python_dop_operator_3.py
[2023-03-17T03:29:54.006+0000] {logging_mixin.py:137} INFO - [2023-03-17T03:29:54.006+0000] {dag.py:2693} INFO - Sync 1 DAGs
[2023-03-17T03:29:54.041+0000] {logging_mixin.py:137} INFO - [2023-03-17T03:29:54.041+0000] {dag.py:3444} INFO - Setting next_dagrun for example_branch_dop_operator_v3 to 2023-03-17T03:28:00+00:00, run_after=2023-03-17T03:29:00+00:00
[2023-03-17T03:29:54.067+0000] {processor.py:175} INFO - Processing /home/airflow/.local/lib/python3.7/site-packages/airflow/example_dags/example_branch_python_dop_operator_3.py took 0.127 seconds
[2023-03-17T03:30:24.656+0000] {processor.py:153} INFO - Started process (PID=8572) to work on /home/airflow/.local/lib/python3.7/site-packages/airflow/example_dags/example_branch_python_dop_operator_3.py
[2023-03-17T03:30:24.657+0000] {processor.py:743} INFO - Processing file /home/airflow/.local/lib/python3.7/site-packages/airflow/example_dags/example_branch_python_dop_operator_3.py for tasks to queue
[2023-03-17T03:30:24.658+0000] {logging_mixin.py:137} INFO - [2023-03-17T03:30:24.658+0000] {dagbag.py:532} INFO - Filling up the DagBag from /home/airflow/.local/lib/python3.7/site-packages/airflow/example_dags/example_branch_python_dop_operator_3.py
[2023-03-17T03:30:24.686+0000] {processor.py:753} INFO - DAG(s) dict_keys(['example_branch_dop_operator_v3']) retrieved from /home/airflow/.local/lib/python3.7/site-packages/airflow/example_dags/example_branch_python_dop_operator_3.py
[2023-03-17T03:30:24.715+0000] {logging_mixin.py:137} INFO - [2023-03-17T03:30:24.715+0000] {dag.py:2693} INFO - Sync 1 DAGs
[2023-03-17T03:30:24.750+0000] {logging_mixin.py:137} INFO - [2023-03-17T03:30:24.750+0000] {dag.py:3444} INFO - Setting next_dagrun for example_branch_dop_operator_v3 to 2023-03-17T03:29:00+00:00, run_after=2023-03-17T03:30:00+00:00
[2023-03-17T03:30:24.778+0000] {processor.py:175} INFO - Processing /home/airflow/.local/lib/python3.7/site-packages/airflow/example_dags/example_branch_python_dop_operator_3.py took 0.125 seconds
[2023-03-17T03:30:55.062+0000] {processor.py:153} INFO - Started process (PID=8789) to work on /home/airflow/.local/lib/python3.7/site-packages/airflow/example_dags/example_branch_python_dop_operator_3.py
[2023-03-17T03:30:55.063+0000] {processor.py:743} INFO - Processing file /home/airflow/.local/lib/python3.7/site-packages/airflow/example_dags/example_branch_python_dop_operator_3.py for tasks to queue
[2023-03-17T03:30:55.064+0000] {logging_mixin.py:137} INFO - [2023-03-17T03:30:55.064+0000] {dagbag.py:532} INFO - Filling up the DagBag from /home/airflow/.local/lib/python3.7/site-packages/airflow/example_dags/example_branch_python_dop_operator_3.py
[2023-03-17T03:30:55.093+0000] {processor.py:753} INFO - DAG(s) dict_keys(['example_branch_dop_operator_v3']) retrieved from /home/airflow/.local/lib/python3.7/site-packages/airflow/example_dags/example_branch_python_dop_operator_3.py
[2023-03-17T03:30:55.121+0000] {logging_mixin.py:137} INFO - [2023-03-17T03:30:55.121+0000] {dag.py:2693} INFO - Sync 1 DAGs
[2023-03-17T03:30:55.158+0000] {logging_mixin.py:137} INFO - [2023-03-17T03:30:55.157+0000] {dag.py:3444} INFO - Setting next_dagrun for example_branch_dop_operator_v3 to 2023-03-17T03:29:00+00:00, run_after=2023-03-17T03:30:00+00:00
[2023-03-17T03:30:55.184+0000] {processor.py:175} INFO - Processing /home/airflow/.local/lib/python3.7/site-packages/airflow/example_dags/example_branch_python_dop_operator_3.py took 0.126 seconds
[2023-03-17T03:31:25.385+0000] {processor.py:153} INFO - Started process (PID=9006) to work on /home/airflow/.local/lib/python3.7/site-packages/airflow/example_dags/example_branch_python_dop_operator_3.py
[2023-03-17T03:31:25.386+0000] {processor.py:743} INFO - Processing file /home/airflow/.local/lib/python3.7/site-packages/airflow/example_dags/example_branch_python_dop_operator_3.py for tasks to queue
[2023-03-17T03:31:25.387+0000] {logging_mixin.py:137} INFO - [2023-03-17T03:31:25.387+0000] {dagbag.py:532} INFO - Filling up the DagBag from /home/airflow/.local/lib/python3.7/site-packages/airflow/example_dags/example_branch_python_dop_operator_3.py
[2023-03-17T03:31:25.417+0000] {processor.py:753} INFO - DAG(s) dict_keys(['example_branch_dop_operator_v3']) retrieved from /home/airflow/.local/lib/python3.7/site-packages/airflow/example_dags/example_branch_python_dop_operator_3.py
[2023-03-17T03:31:25.446+0000] {logging_mixin.py:137} INFO - [2023-03-17T03:31:25.446+0000] {dag.py:2693} INFO - Sync 1 DAGs
[2023-03-17T03:31:25.481+0000] {logging_mixin.py:137} INFO - [2023-03-17T03:31:25.481+0000] {dag.py:3444} INFO - Setting next_dagrun for example_branch_dop_operator_v3 to 2023-03-17T03:30:00+00:00, run_after=2023-03-17T03:31:00+00:00
[2023-03-17T03:31:25.508+0000] {processor.py:175} INFO - Processing /home/airflow/.local/lib/python3.7/site-packages/airflow/example_dags/example_branch_python_dop_operator_3.py took 0.126 seconds
[2023-03-17T03:31:55.745+0000] {processor.py:153} INFO - Started process (PID=9223) to work on /home/airflow/.local/lib/python3.7/site-packages/airflow/example_dags/example_branch_python_dop_operator_3.py
[2023-03-17T03:31:55.747+0000] {processor.py:743} INFO - Processing file /home/airflow/.local/lib/python3.7/site-packages/airflow/example_dags/example_branch_python_dop_operator_3.py for tasks to queue
[2023-03-17T03:31:55.748+0000] {logging_mixin.py:137} INFO - [2023-03-17T03:31:55.748+0000] {dagbag.py:532} INFO - Filling up the DagBag from /home/airflow/.local/lib/python3.7/site-packages/airflow/example_dags/example_branch_python_dop_operator_3.py
[2023-03-17T03:31:55.777+0000] {processor.py:753} INFO - DAG(s) dict_keys(['example_branch_dop_operator_v3']) retrieved from /home/airflow/.local/lib/python3.7/site-packages/airflow/example_dags/example_branch_python_dop_operator_3.py
[2023-03-17T03:31:55.809+0000] {logging_mixin.py:137} INFO - [2023-03-17T03:31:55.809+0000] {dag.py:2693} INFO - Sync 1 DAGs
[2023-03-17T03:31:55.848+0000] {logging_mixin.py:137} INFO - [2023-03-17T03:31:55.847+0000] {dag.py:3444} INFO - Setting next_dagrun for example_branch_dop_operator_v3 to 2023-03-17T03:30:00+00:00, run_after=2023-03-17T03:31:00+00:00
[2023-03-17T03:31:55.878+0000] {processor.py:175} INFO - Processing /home/airflow/.local/lib/python3.7/site-packages/airflow/example_dags/example_branch_python_dop_operator_3.py took 0.136 seconds
[2023-03-17T03:32:26.214+0000] {processor.py:153} INFO - Started process (PID=9440) to work on /home/airflow/.local/lib/python3.7/site-packages/airflow/example_dags/example_branch_python_dop_operator_3.py
[2023-03-17T03:32:26.216+0000] {processor.py:743} INFO - Processing file /home/airflow/.local/lib/python3.7/site-packages/airflow/example_dags/example_branch_python_dop_operator_3.py for tasks to queue
[2023-03-17T03:32:26.217+0000] {logging_mixin.py:137} INFO - [2023-03-17T03:32:26.217+0000] {dagbag.py:532} INFO - Filling up the DagBag from /home/airflow/.local/lib/python3.7/site-packages/airflow/example_dags/example_branch_python_dop_operator_3.py
[2023-03-17T03:32:26.245+0000] {processor.py:753} INFO - DAG(s) dict_keys(['example_branch_dop_operator_v3']) retrieved from /home/airflow/.local/lib/python3.7/site-packages/airflow/example_dags/example_branch_python_dop_operator_3.py
[2023-03-17T03:32:26.275+0000] {logging_mixin.py:137} INFO - [2023-03-17T03:32:26.275+0000] {dag.py:2693} INFO - Sync 1 DAGs
[2023-03-17T03:32:26.313+0000] {logging_mixin.py:137} INFO - [2023-03-17T03:32:26.313+0000] {dag.py:3444} INFO - Setting next_dagrun for example_branch_dop_operator_v3 to 2023-03-17T03:31:00+00:00, run_after=2023-03-17T03:32:00+00:00
[2023-03-17T03:32:26.338+0000] {processor.py:175} INFO - Processing /home/airflow/.local/lib/python3.7/site-packages/airflow/example_dags/example_branch_python_dop_operator_3.py took 0.127 seconds
[2023-03-17T03:32:57.181+0000] {processor.py:153} INFO - Started process (PID=9657) to work on /home/airflow/.local/lib/python3.7/site-packages/airflow/example_dags/example_branch_python_dop_operator_3.py
[2023-03-17T03:32:57.183+0000] {processor.py:743} INFO - Processing file /home/airflow/.local/lib/python3.7/site-packages/airflow/example_dags/example_branch_python_dop_operator_3.py for tasks to queue
[2023-03-17T03:32:57.184+0000] {logging_mixin.py:137} INFO - [2023-03-17T03:32:57.184+0000] {dagbag.py:532} INFO - Filling up the DagBag from /home/airflow/.local/lib/python3.7/site-packages/airflow/example_dags/example_branch_python_dop_operator_3.py
[2023-03-17T03:32:57.212+0000] {processor.py:753} INFO - DAG(s) dict_keys(['example_branch_dop_operator_v3']) retrieved from /home/airflow/.local/lib/python3.7/site-packages/airflow/example_dags/example_branch_python_dop_operator_3.py
[2023-03-17T03:32:57.242+0000] {logging_mixin.py:137} INFO - [2023-03-17T03:32:57.241+0000] {dag.py:2693} INFO - Sync 1 DAGs
[2023-03-17T03:32:57.278+0000] {logging_mixin.py:137} INFO - [2023-03-17T03:32:57.278+0000] {dag.py:3444} INFO - Setting next_dagrun for example_branch_dop_operator_v3 to 2023-03-17T03:31:00+00:00, run_after=2023-03-17T03:32:00+00:00
[2023-03-17T03:32:57.303+0000] {processor.py:175} INFO - Processing /home/airflow/.local/lib/python3.7/site-packages/airflow/example_dags/example_branch_python_dop_operator_3.py took 0.126 seconds
[2023-03-17T03:33:27.789+0000] {processor.py:153} INFO - Started process (PID=9875) to work on /home/airflow/.local/lib/python3.7/site-packages/airflow/example_dags/example_branch_python_dop_operator_3.py
[2023-03-17T03:33:27.790+0000] {processor.py:743} INFO - Processing file /home/airflow/.local/lib/python3.7/site-packages/airflow/example_dags/example_branch_python_dop_operator_3.py for tasks to queue
[2023-03-17T03:33:27.792+0000] {logging_mixin.py:137} INFO - [2023-03-17T03:33:27.791+0000] {dagbag.py:532} INFO - Filling up the DagBag from /home/airflow/.local/lib/python3.7/site-packages/airflow/example_dags/example_branch_python_dop_operator_3.py
[2023-03-17T03:33:27.822+0000] {processor.py:753} INFO - DAG(s) dict_keys(['example_branch_dop_operator_v3']) retrieved from /home/airflow/.local/lib/python3.7/site-packages/airflow/example_dags/example_branch_python_dop_operator_3.py
[2023-03-17T03:33:27.851+0000] {logging_mixin.py:137} INFO - [2023-03-17T03:33:27.851+0000] {dag.py:2693} INFO - Sync 1 DAGs
[2023-03-17T03:33:27.890+0000] {logging_mixin.py:137} INFO - [2023-03-17T03:33:27.890+0000] {dag.py:3444} INFO - Setting next_dagrun for example_branch_dop_operator_v3 to 2023-03-17T03:32:00+00:00, run_after=2023-03-17T03:33:00+00:00
[2023-03-17T03:33:27.920+0000] {processor.py:175} INFO - Processing /home/airflow/.local/lib/python3.7/site-packages/airflow/example_dags/example_branch_python_dop_operator_3.py took 0.134 seconds
[2023-03-17T03:33:58.286+0000] {processor.py:153} INFO - Started process (PID=10092) to work on /home/airflow/.local/lib/python3.7/site-packages/airflow/example_dags/example_branch_python_dop_operator_3.py
[2023-03-17T03:33:58.287+0000] {processor.py:743} INFO - Processing file /home/airflow/.local/lib/python3.7/site-packages/airflow/example_dags/example_branch_python_dop_operator_3.py for tasks to queue
[2023-03-17T03:33:58.288+0000] {logging_mixin.py:137} INFO - [2023-03-17T03:33:58.288+0000] {dagbag.py:532} INFO - Filling up the DagBag from /home/airflow/.local/lib/python3.7/site-packages/airflow/example_dags/example_branch_python_dop_operator_3.py
[2023-03-17T03:33:58.318+0000] {processor.py:753} INFO - DAG(s) dict_keys(['example_branch_dop_operator_v3']) retrieved from /home/airflow/.local/lib/python3.7/site-packages/airflow/example_dags/example_branch_python_dop_operator_3.py
[2023-03-17T03:33:58.351+0000] {logging_mixin.py:137} INFO - [2023-03-17T03:33:58.351+0000] {dag.py:2693} INFO - Sync 1 DAGs
[2023-03-17T03:33:58.387+0000] {logging_mixin.py:137} INFO - [2023-03-17T03:33:58.387+0000] {dag.py:3444} INFO - Setting next_dagrun for example_branch_dop_operator_v3 to 2023-03-17T03:32:00+00:00, run_after=2023-03-17T03:33:00+00:00
[2023-03-17T03:33:58.415+0000] {processor.py:175} INFO - Processing /home/airflow/.local/lib/python3.7/site-packages/airflow/example_dags/example_branch_python_dop_operator_3.py took 0.132 seconds
[2023-03-17T03:34:28.951+0000] {processor.py:153} INFO - Started process (PID=10310) to work on /home/airflow/.local/lib/python3.7/site-packages/airflow/example_dags/example_branch_python_dop_operator_3.py
[2023-03-17T03:34:28.952+0000] {processor.py:743} INFO - Processing file /home/airflow/.local/lib/python3.7/site-packages/airflow/example_dags/example_branch_python_dop_operator_3.py for tasks to queue
[2023-03-17T03:34:28.954+0000] {logging_mixin.py:137} INFO - [2023-03-17T03:34:28.953+0000] {dagbag.py:532} INFO - Filling up the DagBag from /home/airflow/.local/lib/python3.7/site-packages/airflow/example_dags/example_branch_python_dop_operator_3.py
[2023-03-17T03:34:28.984+0000] {processor.py:753} INFO - DAG(s) dict_keys(['example_branch_dop_operator_v3']) retrieved from /home/airflow/.local/lib/python3.7/site-packages/airflow/example_dags/example_branch_python_dop_operator_3.py
[2023-03-17T03:34:29.013+0000] {logging_mixin.py:137} INFO - [2023-03-17T03:34:29.013+0000] {dag.py:2693} INFO - Sync 1 DAGs
[2023-03-17T03:34:29.057+0000] {logging_mixin.py:137} INFO - [2023-03-17T03:34:29.057+0000] {dag.py:3444} INFO - Setting next_dagrun for example_branch_dop_operator_v3 to 2023-03-17T03:33:00+00:00, run_after=2023-03-17T03:34:00+00:00
[2023-03-17T03:34:29.086+0000] {processor.py:175} INFO - Processing /home/airflow/.local/lib/python3.7/site-packages/airflow/example_dags/example_branch_python_dop_operator_3.py took 0.139 seconds
