[2023-03-17T03:10:58.608+0000] {processor.py:153} INFO - Started process (PID=185) to work on /home/airflow/.local/lib/python3.7/site-packages/airflow/example_dags/example_xcom.py
[2023-03-17T03:10:58.609+0000] {processor.py:743} INFO - Processing file /home/airflow/.local/lib/python3.7/site-packages/airflow/example_dags/example_xcom.py for tasks to queue
[2023-03-17T03:10:58.611+0000] {logging_mixin.py:137} INFO - [2023-03-17T03:10:58.611+0000] {dagbag.py:532} INFO - Filling up the DagBag from /home/airflow/.local/lib/python3.7/site-packages/airflow/example_dags/example_xcom.py
[2023-03-17T03:10:58.661+0000] {processor.py:753} INFO - DAG(s) dict_keys(['example_xcom']) retrieved from /home/airflow/.local/lib/python3.7/site-packages/airflow/example_dags/example_xcom.py
[2023-03-17T03:10:58.734+0000] {logging_mixin.py:137} INFO - [2023-03-17T03:10:58.733+0000] {dag.py:2693} INFO - Sync 1 DAGs
[2023-03-17T03:10:58.786+0000] {logging_mixin.py:137} INFO - [2023-03-17T03:10:58.786+0000] {dag.py:3444} INFO - Setting next_dagrun for example_xcom to 2021-01-01T00:00:00+00:00, run_after=2021-01-01T00:00:00+00:00
[2023-03-17T03:10:58.822+0000] {processor.py:175} INFO - Processing /home/airflow/.local/lib/python3.7/site-packages/airflow/example_dags/example_xcom.py took 0.220 seconds
[2023-03-17T03:11:31.096+0000] {processor.py:153} INFO - Started process (PID=402) to work on /home/airflow/.local/lib/python3.7/site-packages/airflow/example_dags/example_xcom.py
[2023-03-17T03:11:31.100+0000] {processor.py:743} INFO - Processing file /home/airflow/.local/lib/python3.7/site-packages/airflow/example_dags/example_xcom.py for tasks to queue
[2023-03-17T03:11:31.102+0000] {logging_mixin.py:137} INFO - [2023-03-17T03:11:31.102+0000] {dagbag.py:532} INFO - Filling up the DagBag from /home/airflow/.local/lib/python3.7/site-packages/airflow/example_dags/example_xcom.py
[2023-03-17T03:11:31.149+0000] {processor.py:753} INFO - DAG(s) dict_keys(['example_xcom']) retrieved from /home/airflow/.local/lib/python3.7/site-packages/airflow/example_dags/example_xcom.py
[2023-03-17T03:11:31.194+0000] {logging_mixin.py:137} INFO - [2023-03-17T03:11:31.194+0000] {dag.py:2693} INFO - Sync 1 DAGs
[2023-03-17T03:11:31.241+0000] {logging_mixin.py:137} INFO - [2023-03-17T03:11:31.241+0000] {dag.py:3444} INFO - Setting next_dagrun for example_xcom to 2021-01-01T00:00:00+00:00, run_after=2021-01-01T00:00:00+00:00
[2023-03-17T03:11:31.281+0000] {processor.py:175} INFO - Processing /home/airflow/.local/lib/python3.7/site-packages/airflow/example_dags/example_xcom.py took 0.192 seconds
[2023-03-17T03:12:02.991+0000] {processor.py:153} INFO - Started process (PID=619) to work on /home/airflow/.local/lib/python3.7/site-packages/airflow/example_dags/example_xcom.py
[2023-03-17T03:12:02.992+0000] {processor.py:743} INFO - Processing file /home/airflow/.local/lib/python3.7/site-packages/airflow/example_dags/example_xcom.py for tasks to queue
[2023-03-17T03:12:02.994+0000] {logging_mixin.py:137} INFO - [2023-03-17T03:12:02.994+0000] {dagbag.py:532} INFO - Filling up the DagBag from /home/airflow/.local/lib/python3.7/site-packages/airflow/example_dags/example_xcom.py
[2023-03-17T03:12:03.036+0000] {processor.py:753} INFO - DAG(s) dict_keys(['example_xcom']) retrieved from /home/airflow/.local/lib/python3.7/site-packages/airflow/example_dags/example_xcom.py
[2023-03-17T03:12:03.076+0000] {logging_mixin.py:137} INFO - [2023-03-17T03:12:03.076+0000] {dag.py:2693} INFO - Sync 1 DAGs
[2023-03-17T03:12:03.117+0000] {logging_mixin.py:137} INFO - [2023-03-17T03:12:03.117+0000] {dag.py:3444} INFO - Setting next_dagrun for example_xcom to 2021-01-01T00:00:00+00:00, run_after=2021-01-01T00:00:00+00:00
[2023-03-17T03:12:03.150+0000] {processor.py:175} INFO - Processing /home/airflow/.local/lib/python3.7/site-packages/airflow/example_dags/example_xcom.py took 0.164 seconds
[2023-03-17T03:12:33.314+0000] {processor.py:153} INFO - Started process (PID=836) to work on /home/airflow/.local/lib/python3.7/site-packages/airflow/example_dags/example_xcom.py
[2023-03-17T03:12:33.315+0000] {processor.py:743} INFO - Processing file /home/airflow/.local/lib/python3.7/site-packages/airflow/example_dags/example_xcom.py for tasks to queue
[2023-03-17T03:12:33.316+0000] {logging_mixin.py:137} INFO - [2023-03-17T03:12:33.316+0000] {dagbag.py:532} INFO - Filling up the DagBag from /home/airflow/.local/lib/python3.7/site-packages/airflow/example_dags/example_xcom.py
[2023-03-17T03:12:33.342+0000] {processor.py:753} INFO - DAG(s) dict_keys(['example_xcom']) retrieved from /home/airflow/.local/lib/python3.7/site-packages/airflow/example_dags/example_xcom.py
[2023-03-17T03:12:33.372+0000] {logging_mixin.py:137} INFO - [2023-03-17T03:12:33.372+0000] {dag.py:2693} INFO - Sync 1 DAGs
[2023-03-17T03:12:33.403+0000] {logging_mixin.py:137} INFO - [2023-03-17T03:12:33.403+0000] {dag.py:3444} INFO - Setting next_dagrun for example_xcom to 2021-01-01T00:00:00+00:00, run_after=2021-01-01T00:00:00+00:00
[2023-03-17T03:12:33.428+0000] {processor.py:175} INFO - Processing /home/airflow/.local/lib/python3.7/site-packages/airflow/example_dags/example_xcom.py took 0.118 seconds
[2023-03-17T03:13:04.099+0000] {processor.py:153} INFO - Started process (PID=1060) to work on /home/airflow/.local/lib/python3.7/site-packages/airflow/example_dags/example_xcom.py
[2023-03-17T03:13:04.100+0000] {processor.py:743} INFO - Processing file /home/airflow/.local/lib/python3.7/site-packages/airflow/example_dags/example_xcom.py for tasks to queue
[2023-03-17T03:13:04.102+0000] {logging_mixin.py:137} INFO - [2023-03-17T03:13:04.101+0000] {dagbag.py:532} INFO - Filling up the DagBag from /home/airflow/.local/lib/python3.7/site-packages/airflow/example_dags/example_xcom.py
[2023-03-17T03:13:04.131+0000] {processor.py:753} INFO - DAG(s) dict_keys(['example_xcom']) retrieved from /home/airflow/.local/lib/python3.7/site-packages/airflow/example_dags/example_xcom.py
[2023-03-17T03:13:04.160+0000] {logging_mixin.py:137} INFO - [2023-03-17T03:13:04.160+0000] {dag.py:2693} INFO - Sync 1 DAGs
[2023-03-17T03:13:04.193+0000] {logging_mixin.py:137} INFO - [2023-03-17T03:13:04.192+0000] {dag.py:3444} INFO - Setting next_dagrun for example_xcom to 2021-01-01T00:00:00+00:00, run_after=2021-01-01T00:00:00+00:00
[2023-03-17T03:13:04.218+0000] {processor.py:175} INFO - Processing /home/airflow/.local/lib/python3.7/site-packages/airflow/example_dags/example_xcom.py took 0.122 seconds
[2023-03-17T03:13:34.955+0000] {processor.py:153} INFO - Started process (PID=1277) to work on /home/airflow/.local/lib/python3.7/site-packages/airflow/example_dags/example_xcom.py
[2023-03-17T03:13:34.956+0000] {processor.py:743} INFO - Processing file /home/airflow/.local/lib/python3.7/site-packages/airflow/example_dags/example_xcom.py for tasks to queue
[2023-03-17T03:13:34.957+0000] {logging_mixin.py:137} INFO - [2023-03-17T03:13:34.957+0000] {dagbag.py:532} INFO - Filling up the DagBag from /home/airflow/.local/lib/python3.7/site-packages/airflow/example_dags/example_xcom.py
[2023-03-17T03:13:35.005+0000] {processor.py:753} INFO - DAG(s) dict_keys(['example_xcom']) retrieved from /home/airflow/.local/lib/python3.7/site-packages/airflow/example_dags/example_xcom.py
[2023-03-17T03:13:35.037+0000] {logging_mixin.py:137} INFO - [2023-03-17T03:13:35.037+0000] {dag.py:2693} INFO - Sync 1 DAGs
[2023-03-17T03:13:35.068+0000] {logging_mixin.py:137} INFO - [2023-03-17T03:13:35.068+0000] {dag.py:3444} INFO - Setting next_dagrun for example_xcom to 2021-01-01T00:00:00+00:00, run_after=2021-01-01T00:00:00+00:00
[2023-03-17T03:13:35.094+0000] {processor.py:175} INFO - Processing /home/airflow/.local/lib/python3.7/site-packages/airflow/example_dags/example_xcom.py took 0.143 seconds
[2023-03-17T03:14:05.393+0000] {processor.py:153} INFO - Started process (PID=1494) to work on /home/airflow/.local/lib/python3.7/site-packages/airflow/example_dags/example_xcom.py
[2023-03-17T03:14:05.394+0000] {processor.py:743} INFO - Processing file /home/airflow/.local/lib/python3.7/site-packages/airflow/example_dags/example_xcom.py for tasks to queue
[2023-03-17T03:14:05.396+0000] {logging_mixin.py:137} INFO - [2023-03-17T03:14:05.395+0000] {dagbag.py:532} INFO - Filling up the DagBag from /home/airflow/.local/lib/python3.7/site-packages/airflow/example_dags/example_xcom.py
[2023-03-17T03:14:05.424+0000] {processor.py:753} INFO - DAG(s) dict_keys(['example_xcom']) retrieved from /home/airflow/.local/lib/python3.7/site-packages/airflow/example_dags/example_xcom.py
[2023-03-17T03:14:05.457+0000] {logging_mixin.py:137} INFO - [2023-03-17T03:14:05.457+0000] {dag.py:2693} INFO - Sync 1 DAGs
[2023-03-17T03:14:05.488+0000] {logging_mixin.py:137} INFO - [2023-03-17T03:14:05.488+0000] {dag.py:3444} INFO - Setting next_dagrun for example_xcom to 2021-01-01T00:00:00+00:00, run_after=2021-01-01T00:00:00+00:00
[2023-03-17T03:14:05.518+0000] {processor.py:175} INFO - Processing /home/airflow/.local/lib/python3.7/site-packages/airflow/example_dags/example_xcom.py took 0.128 seconds
[2023-03-17T03:14:35.716+0000] {processor.py:153} INFO - Started process (PID=1711) to work on /home/airflow/.local/lib/python3.7/site-packages/airflow/example_dags/example_xcom.py
[2023-03-17T03:14:35.717+0000] {processor.py:743} INFO - Processing file /home/airflow/.local/lib/python3.7/site-packages/airflow/example_dags/example_xcom.py for tasks to queue
[2023-03-17T03:14:35.718+0000] {logging_mixin.py:137} INFO - [2023-03-17T03:14:35.718+0000] {dagbag.py:532} INFO - Filling up the DagBag from /home/airflow/.local/lib/python3.7/site-packages/airflow/example_dags/example_xcom.py
[2023-03-17T03:14:35.747+0000] {processor.py:753} INFO - DAG(s) dict_keys(['example_xcom']) retrieved from /home/airflow/.local/lib/python3.7/site-packages/airflow/example_dags/example_xcom.py
[2023-03-17T03:14:35.783+0000] {logging_mixin.py:137} INFO - [2023-03-17T03:14:35.783+0000] {dag.py:2693} INFO - Sync 1 DAGs
[2023-03-17T03:14:35.815+0000] {logging_mixin.py:137} INFO - [2023-03-17T03:14:35.815+0000] {dag.py:3444} INFO - Setting next_dagrun for example_xcom to 2021-01-01T00:00:00+00:00, run_after=2021-01-01T00:00:00+00:00
[2023-03-17T03:14:35.842+0000] {processor.py:175} INFO - Processing /home/airflow/.local/lib/python3.7/site-packages/airflow/example_dags/example_xcom.py took 0.129 seconds
[2023-03-17T03:15:06.292+0000] {processor.py:153} INFO - Started process (PID=1928) to work on /home/airflow/.local/lib/python3.7/site-packages/airflow/example_dags/example_xcom.py
[2023-03-17T03:15:06.293+0000] {processor.py:743} INFO - Processing file /home/airflow/.local/lib/python3.7/site-packages/airflow/example_dags/example_xcom.py for tasks to queue
[2023-03-17T03:15:06.294+0000] {logging_mixin.py:137} INFO - [2023-03-17T03:15:06.294+0000] {dagbag.py:532} INFO - Filling up the DagBag from /home/airflow/.local/lib/python3.7/site-packages/airflow/example_dags/example_xcom.py
[2023-03-17T03:15:06.322+0000] {processor.py:753} INFO - DAG(s) dict_keys(['example_xcom']) retrieved from /home/airflow/.local/lib/python3.7/site-packages/airflow/example_dags/example_xcom.py
[2023-03-17T03:15:06.355+0000] {logging_mixin.py:137} INFO - [2023-03-17T03:15:06.355+0000] {dag.py:2693} INFO - Sync 1 DAGs
[2023-03-17T03:15:06.387+0000] {logging_mixin.py:137} INFO - [2023-03-17T03:15:06.386+0000] {dag.py:3444} INFO - Setting next_dagrun for example_xcom to 2021-01-01T00:00:00+00:00, run_after=2021-01-01T00:00:00+00:00
[2023-03-17T03:15:06.413+0000] {processor.py:175} INFO - Processing /home/airflow/.local/lib/python3.7/site-packages/airflow/example_dags/example_xcom.py took 0.125 seconds
[2023-03-17T03:15:36.873+0000] {processor.py:153} INFO - Started process (PID=2145) to work on /home/airflow/.local/lib/python3.7/site-packages/airflow/example_dags/example_xcom.py
[2023-03-17T03:15:36.874+0000] {processor.py:743} INFO - Processing file /home/airflow/.local/lib/python3.7/site-packages/airflow/example_dags/example_xcom.py for tasks to queue
[2023-03-17T03:15:36.875+0000] {logging_mixin.py:137} INFO - [2023-03-17T03:15:36.875+0000] {dagbag.py:532} INFO - Filling up the DagBag from /home/airflow/.local/lib/python3.7/site-packages/airflow/example_dags/example_xcom.py
[2023-03-17T03:15:36.903+0000] {processor.py:753} INFO - DAG(s) dict_keys(['example_xcom']) retrieved from /home/airflow/.local/lib/python3.7/site-packages/airflow/example_dags/example_xcom.py
[2023-03-17T03:15:36.936+0000] {logging_mixin.py:137} INFO - [2023-03-17T03:15:36.936+0000] {dag.py:2693} INFO - Sync 1 DAGs
[2023-03-17T03:15:36.966+0000] {logging_mixin.py:137} INFO - [2023-03-17T03:15:36.966+0000] {dag.py:3444} INFO - Setting next_dagrun for example_xcom to 2021-01-01T00:00:00+00:00, run_after=2021-01-01T00:00:00+00:00
[2023-03-17T03:15:36.993+0000] {processor.py:175} INFO - Processing /home/airflow/.local/lib/python3.7/site-packages/airflow/example_dags/example_xcom.py took 0.123 seconds
[2023-03-17T03:16:07.310+0000] {processor.py:153} INFO - Started process (PID=2363) to work on /home/airflow/.local/lib/python3.7/site-packages/airflow/example_dags/example_xcom.py
[2023-03-17T03:16:07.311+0000] {processor.py:743} INFO - Processing file /home/airflow/.local/lib/python3.7/site-packages/airflow/example_dags/example_xcom.py for tasks to queue
[2023-03-17T03:16:07.312+0000] {logging_mixin.py:137} INFO - [2023-03-17T03:16:07.312+0000] {dagbag.py:532} INFO - Filling up the DagBag from /home/airflow/.local/lib/python3.7/site-packages/airflow/example_dags/example_xcom.py
[2023-03-17T03:16:07.341+0000] {processor.py:753} INFO - DAG(s) dict_keys(['example_xcom']) retrieved from /home/airflow/.local/lib/python3.7/site-packages/airflow/example_dags/example_xcom.py
[2023-03-17T03:16:07.372+0000] {logging_mixin.py:137} INFO - [2023-03-17T03:16:07.371+0000] {dag.py:2693} INFO - Sync 1 DAGs
[2023-03-17T03:16:07.400+0000] {logging_mixin.py:137} INFO - [2023-03-17T03:16:07.400+0000] {dag.py:3444} INFO - Setting next_dagrun for example_xcom to 2021-01-01T00:00:00+00:00, run_after=2021-01-01T00:00:00+00:00
[2023-03-17T03:16:07.427+0000] {processor.py:175} INFO - Processing /home/airflow/.local/lib/python3.7/site-packages/airflow/example_dags/example_xcom.py took 0.120 seconds
[2023-03-17T03:16:37.997+0000] {processor.py:153} INFO - Started process (PID=2580) to work on /home/airflow/.local/lib/python3.7/site-packages/airflow/example_dags/example_xcom.py
[2023-03-17T03:16:37.998+0000] {processor.py:743} INFO - Processing file /home/airflow/.local/lib/python3.7/site-packages/airflow/example_dags/example_xcom.py for tasks to queue
[2023-03-17T03:16:37.999+0000] {logging_mixin.py:137} INFO - [2023-03-17T03:16:37.999+0000] {dagbag.py:532} INFO - Filling up the DagBag from /home/airflow/.local/lib/python3.7/site-packages/airflow/example_dags/example_xcom.py
[2023-03-17T03:16:38.028+0000] {processor.py:753} INFO - DAG(s) dict_keys(['example_xcom']) retrieved from /home/airflow/.local/lib/python3.7/site-packages/airflow/example_dags/example_xcom.py
[2023-03-17T03:16:38.059+0000] {logging_mixin.py:137} INFO - [2023-03-17T03:16:38.059+0000] {dag.py:2693} INFO - Sync 1 DAGs
[2023-03-17T03:16:38.098+0000] {logging_mixin.py:137} INFO - [2023-03-17T03:16:38.098+0000] {dag.py:3444} INFO - Setting next_dagrun for example_xcom to 2021-01-01T00:00:00+00:00, run_after=2021-01-01T00:00:00+00:00
[2023-03-17T03:16:38.122+0000] {processor.py:175} INFO - Processing /home/airflow/.local/lib/python3.7/site-packages/airflow/example_dags/example_xcom.py took 0.129 seconds
[2023-03-17T03:17:08.505+0000] {processor.py:153} INFO - Started process (PID=2797) to work on /home/airflow/.local/lib/python3.7/site-packages/airflow/example_dags/example_xcom.py
[2023-03-17T03:17:08.506+0000] {processor.py:743} INFO - Processing file /home/airflow/.local/lib/python3.7/site-packages/airflow/example_dags/example_xcom.py for tasks to queue
[2023-03-17T03:17:08.507+0000] {logging_mixin.py:137} INFO - [2023-03-17T03:17:08.507+0000] {dagbag.py:532} INFO - Filling up the DagBag from /home/airflow/.local/lib/python3.7/site-packages/airflow/example_dags/example_xcom.py
[2023-03-17T03:17:08.535+0000] {processor.py:753} INFO - DAG(s) dict_keys(['example_xcom']) retrieved from /home/airflow/.local/lib/python3.7/site-packages/airflow/example_dags/example_xcom.py
[2023-03-17T03:17:08.569+0000] {logging_mixin.py:137} INFO - [2023-03-17T03:17:08.569+0000] {dag.py:2693} INFO - Sync 1 DAGs
[2023-03-17T03:17:08.599+0000] {logging_mixin.py:137} INFO - [2023-03-17T03:17:08.599+0000] {dag.py:3444} INFO - Setting next_dagrun for example_xcom to 2021-01-01T00:00:00+00:00, run_after=2021-01-01T00:00:00+00:00
[2023-03-17T03:17:08.625+0000] {processor.py:175} INFO - Processing /home/airflow/.local/lib/python3.7/site-packages/airflow/example_dags/example_xcom.py took 0.124 seconds
[2023-03-17T03:17:38.872+0000] {processor.py:153} INFO - Started process (PID=3014) to work on /home/airflow/.local/lib/python3.7/site-packages/airflow/example_dags/example_xcom.py
[2023-03-17T03:17:38.873+0000] {processor.py:743} INFO - Processing file /home/airflow/.local/lib/python3.7/site-packages/airflow/example_dags/example_xcom.py for tasks to queue
[2023-03-17T03:17:38.874+0000] {logging_mixin.py:137} INFO - [2023-03-17T03:17:38.874+0000] {dagbag.py:532} INFO - Filling up the DagBag from /home/airflow/.local/lib/python3.7/site-packages/airflow/example_dags/example_xcom.py
[2023-03-17T03:17:38.904+0000] {processor.py:753} INFO - DAG(s) dict_keys(['example_xcom']) retrieved from /home/airflow/.local/lib/python3.7/site-packages/airflow/example_dags/example_xcom.py
[2023-03-17T03:17:38.935+0000] {logging_mixin.py:137} INFO - [2023-03-17T03:17:38.935+0000] {dag.py:2693} INFO - Sync 1 DAGs
[2023-03-17T03:17:38.964+0000] {logging_mixin.py:137} INFO - [2023-03-17T03:17:38.964+0000] {dag.py:3444} INFO - Setting next_dagrun for example_xcom to 2021-01-01T00:00:00+00:00, run_after=2021-01-01T00:00:00+00:00
[2023-03-17T03:17:38.992+0000] {processor.py:175} INFO - Processing /home/airflow/.local/lib/python3.7/site-packages/airflow/example_dags/example_xcom.py took 0.123 seconds
[2023-03-17T03:18:09.350+0000] {processor.py:153} INFO - Started process (PID=3231) to work on /home/airflow/.local/lib/python3.7/site-packages/airflow/example_dags/example_xcom.py
[2023-03-17T03:18:09.351+0000] {processor.py:743} INFO - Processing file /home/airflow/.local/lib/python3.7/site-packages/airflow/example_dags/example_xcom.py for tasks to queue
[2023-03-17T03:18:09.352+0000] {logging_mixin.py:137} INFO - [2023-03-17T03:18:09.352+0000] {dagbag.py:532} INFO - Filling up the DagBag from /home/airflow/.local/lib/python3.7/site-packages/airflow/example_dags/example_xcom.py
[2023-03-17T03:18:09.380+0000] {processor.py:753} INFO - DAG(s) dict_keys(['example_xcom']) retrieved from /home/airflow/.local/lib/python3.7/site-packages/airflow/example_dags/example_xcom.py
[2023-03-17T03:18:09.412+0000] {logging_mixin.py:137} INFO - [2023-03-17T03:18:09.412+0000] {dag.py:2693} INFO - Sync 1 DAGs
[2023-03-17T03:18:09.443+0000] {logging_mixin.py:137} INFO - [2023-03-17T03:18:09.442+0000] {dag.py:3444} INFO - Setting next_dagrun for example_xcom to 2021-01-01T00:00:00+00:00, run_after=2021-01-01T00:00:00+00:00
[2023-03-17T03:18:09.469+0000] {processor.py:175} INFO - Processing /home/airflow/.local/lib/python3.7/site-packages/airflow/example_dags/example_xcom.py took 0.122 seconds
[2023-03-17T03:18:39.856+0000] {processor.py:153} INFO - Started process (PID=3449) to work on /home/airflow/.local/lib/python3.7/site-packages/airflow/example_dags/example_xcom.py
[2023-03-17T03:18:39.858+0000] {processor.py:743} INFO - Processing file /home/airflow/.local/lib/python3.7/site-packages/airflow/example_dags/example_xcom.py for tasks to queue
[2023-03-17T03:18:39.859+0000] {logging_mixin.py:137} INFO - [2023-03-17T03:18:39.858+0000] {dagbag.py:532} INFO - Filling up the DagBag from /home/airflow/.local/lib/python3.7/site-packages/airflow/example_dags/example_xcom.py
[2023-03-17T03:18:39.887+0000] {processor.py:753} INFO - DAG(s) dict_keys(['example_xcom']) retrieved from /home/airflow/.local/lib/python3.7/site-packages/airflow/example_dags/example_xcom.py
[2023-03-17T03:18:39.919+0000] {logging_mixin.py:137} INFO - [2023-03-17T03:18:39.919+0000] {dag.py:2693} INFO - Sync 1 DAGs
[2023-03-17T03:18:39.949+0000] {logging_mixin.py:137} INFO - [2023-03-17T03:18:39.949+0000] {dag.py:3444} INFO - Setting next_dagrun for example_xcom to 2021-01-01T00:00:00+00:00, run_after=2021-01-01T00:00:00+00:00
[2023-03-17T03:18:39.974+0000] {processor.py:175} INFO - Processing /home/airflow/.local/lib/python3.7/site-packages/airflow/example_dags/example_xcom.py took 0.122 seconds
[2023-03-17T03:19:10.375+0000] {processor.py:153} INFO - Started process (PID=3666) to work on /home/airflow/.local/lib/python3.7/site-packages/airflow/example_dags/example_xcom.py
[2023-03-17T03:19:10.376+0000] {processor.py:743} INFO - Processing file /home/airflow/.local/lib/python3.7/site-packages/airflow/example_dags/example_xcom.py for tasks to queue
[2023-03-17T03:19:10.377+0000] {logging_mixin.py:137} INFO - [2023-03-17T03:19:10.377+0000] {dagbag.py:532} INFO - Filling up the DagBag from /home/airflow/.local/lib/python3.7/site-packages/airflow/example_dags/example_xcom.py
[2023-03-17T03:19:10.407+0000] {processor.py:753} INFO - DAG(s) dict_keys(['example_xcom']) retrieved from /home/airflow/.local/lib/python3.7/site-packages/airflow/example_dags/example_xcom.py
[2023-03-17T03:19:10.441+0000] {logging_mixin.py:137} INFO - [2023-03-17T03:19:10.441+0000] {dag.py:2693} INFO - Sync 1 DAGs
[2023-03-17T03:19:10.470+0000] {logging_mixin.py:137} INFO - [2023-03-17T03:19:10.470+0000] {dag.py:3444} INFO - Setting next_dagrun for example_xcom to 2021-01-01T00:00:00+00:00, run_after=2021-01-01T00:00:00+00:00
[2023-03-17T03:19:10.498+0000] {processor.py:175} INFO - Processing /home/airflow/.local/lib/python3.7/site-packages/airflow/example_dags/example_xcom.py took 0.126 seconds
[2023-03-17T03:19:41.145+0000] {processor.py:153} INFO - Started process (PID=3883) to work on /home/airflow/.local/lib/python3.7/site-packages/airflow/example_dags/example_xcom.py
[2023-03-17T03:19:41.146+0000] {processor.py:743} INFO - Processing file /home/airflow/.local/lib/python3.7/site-packages/airflow/example_dags/example_xcom.py for tasks to queue
[2023-03-17T03:19:41.147+0000] {logging_mixin.py:137} INFO - [2023-03-17T03:19:41.147+0000] {dagbag.py:532} INFO - Filling up the DagBag from /home/airflow/.local/lib/python3.7/site-packages/airflow/example_dags/example_xcom.py
[2023-03-17T03:19:41.173+0000] {processor.py:753} INFO - DAG(s) dict_keys(['example_xcom']) retrieved from /home/airflow/.local/lib/python3.7/site-packages/airflow/example_dags/example_xcom.py
[2023-03-17T03:19:41.205+0000] {logging_mixin.py:137} INFO - [2023-03-17T03:19:41.205+0000] {dag.py:2693} INFO - Sync 1 DAGs
[2023-03-17T03:19:41.235+0000] {logging_mixin.py:137} INFO - [2023-03-17T03:19:41.235+0000] {dag.py:3444} INFO - Setting next_dagrun for example_xcom to 2021-01-01T00:00:00+00:00, run_after=2021-01-01T00:00:00+00:00
[2023-03-17T03:19:41.263+0000] {processor.py:175} INFO - Processing /home/airflow/.local/lib/python3.7/site-packages/airflow/example_dags/example_xcom.py took 0.122 seconds
[2023-03-17T03:20:11.596+0000] {processor.py:153} INFO - Started process (PID=4100) to work on /home/airflow/.local/lib/python3.7/site-packages/airflow/example_dags/example_xcom.py
[2023-03-17T03:20:11.597+0000] {processor.py:743} INFO - Processing file /home/airflow/.local/lib/python3.7/site-packages/airflow/example_dags/example_xcom.py for tasks to queue
[2023-03-17T03:20:11.598+0000] {logging_mixin.py:137} INFO - [2023-03-17T03:20:11.598+0000] {dagbag.py:532} INFO - Filling up the DagBag from /home/airflow/.local/lib/python3.7/site-packages/airflow/example_dags/example_xcom.py
[2023-03-17T03:20:11.627+0000] {processor.py:753} INFO - DAG(s) dict_keys(['example_xcom']) retrieved from /home/airflow/.local/lib/python3.7/site-packages/airflow/example_dags/example_xcom.py
[2023-03-17T03:20:11.659+0000] {logging_mixin.py:137} INFO - [2023-03-17T03:20:11.659+0000] {dag.py:2693} INFO - Sync 1 DAGs
[2023-03-17T03:20:11.692+0000] {logging_mixin.py:137} INFO - [2023-03-17T03:20:11.692+0000] {dag.py:3444} INFO - Setting next_dagrun for example_xcom to 2021-01-01T00:00:00+00:00, run_after=2021-01-01T00:00:00+00:00
[2023-03-17T03:20:11.717+0000] {processor.py:175} INFO - Processing /home/airflow/.local/lib/python3.7/site-packages/airflow/example_dags/example_xcom.py took 0.124 seconds
[2023-03-17T03:20:41.916+0000] {processor.py:153} INFO - Started process (PID=4317) to work on /home/airflow/.local/lib/python3.7/site-packages/airflow/example_dags/example_xcom.py
[2023-03-17T03:20:41.917+0000] {processor.py:743} INFO - Processing file /home/airflow/.local/lib/python3.7/site-packages/airflow/example_dags/example_xcom.py for tasks to queue
[2023-03-17T03:20:41.918+0000] {logging_mixin.py:137} INFO - [2023-03-17T03:20:41.918+0000] {dagbag.py:532} INFO - Filling up the DagBag from /home/airflow/.local/lib/python3.7/site-packages/airflow/example_dags/example_xcom.py
[2023-03-17T03:20:41.952+0000] {processor.py:753} INFO - DAG(s) dict_keys(['example_xcom']) retrieved from /home/airflow/.local/lib/python3.7/site-packages/airflow/example_dags/example_xcom.py
[2023-03-17T03:20:41.997+0000] {logging_mixin.py:137} INFO - [2023-03-17T03:20:41.997+0000] {dag.py:2693} INFO - Sync 1 DAGs
[2023-03-17T03:20:42.032+0000] {logging_mixin.py:137} INFO - [2023-03-17T03:20:42.031+0000] {dag.py:3444} INFO - Setting next_dagrun for example_xcom to 2021-01-01T00:00:00+00:00, run_after=2021-01-01T00:00:00+00:00
[2023-03-17T03:20:42.069+0000] {processor.py:175} INFO - Processing /home/airflow/.local/lib/python3.7/site-packages/airflow/example_dags/example_xcom.py took 0.157 seconds
[2023-03-17T03:21:12.481+0000] {processor.py:153} INFO - Started process (PID=4534) to work on /home/airflow/.local/lib/python3.7/site-packages/airflow/example_dags/example_xcom.py
[2023-03-17T03:21:12.482+0000] {processor.py:743} INFO - Processing file /home/airflow/.local/lib/python3.7/site-packages/airflow/example_dags/example_xcom.py for tasks to queue
[2023-03-17T03:21:12.483+0000] {logging_mixin.py:137} INFO - [2023-03-17T03:21:12.483+0000] {dagbag.py:532} INFO - Filling up the DagBag from /home/airflow/.local/lib/python3.7/site-packages/airflow/example_dags/example_xcom.py
[2023-03-17T03:21:12.513+0000] {processor.py:753} INFO - DAG(s) dict_keys(['example_xcom']) retrieved from /home/airflow/.local/lib/python3.7/site-packages/airflow/example_dags/example_xcom.py
[2023-03-17T03:21:12.544+0000] {logging_mixin.py:137} INFO - [2023-03-17T03:21:12.544+0000] {dag.py:2693} INFO - Sync 1 DAGs
[2023-03-17T03:21:12.576+0000] {logging_mixin.py:137} INFO - [2023-03-17T03:21:12.576+0000] {dag.py:3444} INFO - Setting next_dagrun for example_xcom to 2021-01-01T00:00:00+00:00, run_after=2021-01-01T00:00:00+00:00
[2023-03-17T03:21:12.605+0000] {processor.py:175} INFO - Processing /home/airflow/.local/lib/python3.7/site-packages/airflow/example_dags/example_xcom.py took 0.127 seconds
[2023-03-17T03:21:43.317+0000] {processor.py:153} INFO - Started process (PID=4751) to work on /home/airflow/.local/lib/python3.7/site-packages/airflow/example_dags/example_xcom.py
[2023-03-17T03:21:43.318+0000] {processor.py:743} INFO - Processing file /home/airflow/.local/lib/python3.7/site-packages/airflow/example_dags/example_xcom.py for tasks to queue
[2023-03-17T03:21:43.319+0000] {logging_mixin.py:137} INFO - [2023-03-17T03:21:43.319+0000] {dagbag.py:532} INFO - Filling up the DagBag from /home/airflow/.local/lib/python3.7/site-packages/airflow/example_dags/example_xcom.py
[2023-03-17T03:21:43.350+0000] {processor.py:753} INFO - DAG(s) dict_keys(['example_xcom']) retrieved from /home/airflow/.local/lib/python3.7/site-packages/airflow/example_dags/example_xcom.py
[2023-03-17T03:21:43.383+0000] {logging_mixin.py:137} INFO - [2023-03-17T03:21:43.383+0000] {dag.py:2693} INFO - Sync 1 DAGs
[2023-03-17T03:21:43.414+0000] {logging_mixin.py:137} INFO - [2023-03-17T03:21:43.414+0000] {dag.py:3444} INFO - Setting next_dagrun for example_xcom to 2021-01-01T00:00:00+00:00, run_after=2021-01-01T00:00:00+00:00
[2023-03-17T03:21:43.440+0000] {processor.py:175} INFO - Processing /home/airflow/.local/lib/python3.7/site-packages/airflow/example_dags/example_xcom.py took 0.127 seconds
[2023-03-17T03:22:13.629+0000] {processor.py:153} INFO - Started process (PID=4968) to work on /home/airflow/.local/lib/python3.7/site-packages/airflow/example_dags/example_xcom.py
[2023-03-17T03:22:13.631+0000] {processor.py:743} INFO - Processing file /home/airflow/.local/lib/python3.7/site-packages/airflow/example_dags/example_xcom.py for tasks to queue
[2023-03-17T03:22:13.632+0000] {logging_mixin.py:137} INFO - [2023-03-17T03:22:13.632+0000] {dagbag.py:532} INFO - Filling up the DagBag from /home/airflow/.local/lib/python3.7/site-packages/airflow/example_dags/example_xcom.py
[2023-03-17T03:22:13.660+0000] {processor.py:753} INFO - DAG(s) dict_keys(['example_xcom']) retrieved from /home/airflow/.local/lib/python3.7/site-packages/airflow/example_dags/example_xcom.py
[2023-03-17T03:22:13.694+0000] {logging_mixin.py:137} INFO - [2023-03-17T03:22:13.693+0000] {dag.py:2693} INFO - Sync 1 DAGs
[2023-03-17T03:22:13.724+0000] {logging_mixin.py:137} INFO - [2023-03-17T03:22:13.724+0000] {dag.py:3444} INFO - Setting next_dagrun for example_xcom to 2021-01-01T00:00:00+00:00, run_after=2021-01-01T00:00:00+00:00
[2023-03-17T03:22:13.751+0000] {processor.py:175} INFO - Processing /home/airflow/.local/lib/python3.7/site-packages/airflow/example_dags/example_xcom.py took 0.125 seconds
[2023-03-17T03:22:44.073+0000] {processor.py:153} INFO - Started process (PID=5185) to work on /home/airflow/.local/lib/python3.7/site-packages/airflow/example_dags/example_xcom.py
[2023-03-17T03:22:44.074+0000] {processor.py:743} INFO - Processing file /home/airflow/.local/lib/python3.7/site-packages/airflow/example_dags/example_xcom.py for tasks to queue
[2023-03-17T03:22:44.075+0000] {logging_mixin.py:137} INFO - [2023-03-17T03:22:44.075+0000] {dagbag.py:532} INFO - Filling up the DagBag from /home/airflow/.local/lib/python3.7/site-packages/airflow/example_dags/example_xcom.py
[2023-03-17T03:22:44.105+0000] {processor.py:753} INFO - DAG(s) dict_keys(['example_xcom']) retrieved from /home/airflow/.local/lib/python3.7/site-packages/airflow/example_dags/example_xcom.py
[2023-03-17T03:22:44.135+0000] {logging_mixin.py:137} INFO - [2023-03-17T03:22:44.135+0000] {dag.py:2693} INFO - Sync 1 DAGs
[2023-03-17T03:22:44.172+0000] {logging_mixin.py:137} INFO - [2023-03-17T03:22:44.171+0000] {dag.py:3444} INFO - Setting next_dagrun for example_xcom to 2021-01-01T00:00:00+00:00, run_after=2021-01-01T00:00:00+00:00
[2023-03-17T03:22:44.199+0000] {processor.py:175} INFO - Processing /home/airflow/.local/lib/python3.7/site-packages/airflow/example_dags/example_xcom.py took 0.130 seconds
[2023-03-17T03:23:14.455+0000] {processor.py:153} INFO - Started process (PID=5403) to work on /home/airflow/.local/lib/python3.7/site-packages/airflow/example_dags/example_xcom.py
[2023-03-17T03:23:14.456+0000] {processor.py:743} INFO - Processing file /home/airflow/.local/lib/python3.7/site-packages/airflow/example_dags/example_xcom.py for tasks to queue
[2023-03-17T03:23:14.457+0000] {logging_mixin.py:137} INFO - [2023-03-17T03:23:14.457+0000] {dagbag.py:532} INFO - Filling up the DagBag from /home/airflow/.local/lib/python3.7/site-packages/airflow/example_dags/example_xcom.py
[2023-03-17T03:23:14.488+0000] {processor.py:753} INFO - DAG(s) dict_keys(['example_xcom']) retrieved from /home/airflow/.local/lib/python3.7/site-packages/airflow/example_dags/example_xcom.py
[2023-03-17T03:23:14.520+0000] {logging_mixin.py:137} INFO - [2023-03-17T03:23:14.520+0000] {dag.py:2693} INFO - Sync 1 DAGs
[2023-03-17T03:23:14.551+0000] {logging_mixin.py:137} INFO - [2023-03-17T03:23:14.550+0000] {dag.py:3444} INFO - Setting next_dagrun for example_xcom to 2021-01-01T00:00:00+00:00, run_after=2021-01-01T00:00:00+00:00
[2023-03-17T03:23:14.578+0000] {processor.py:175} INFO - Processing /home/airflow/.local/lib/python3.7/site-packages/airflow/example_dags/example_xcom.py took 0.127 seconds
[2023-03-17T03:23:44.982+0000] {processor.py:153} INFO - Started process (PID=5620) to work on /home/airflow/.local/lib/python3.7/site-packages/airflow/example_dags/example_xcom.py
[2023-03-17T03:23:44.983+0000] {processor.py:743} INFO - Processing file /home/airflow/.local/lib/python3.7/site-packages/airflow/example_dags/example_xcom.py for tasks to queue
[2023-03-17T03:23:44.985+0000] {logging_mixin.py:137} INFO - [2023-03-17T03:23:44.984+0000] {dagbag.py:532} INFO - Filling up the DagBag from /home/airflow/.local/lib/python3.7/site-packages/airflow/example_dags/example_xcom.py
[2023-03-17T03:23:45.013+0000] {processor.py:753} INFO - DAG(s) dict_keys(['example_xcom']) retrieved from /home/airflow/.local/lib/python3.7/site-packages/airflow/example_dags/example_xcom.py
[2023-03-17T03:23:45.048+0000] {logging_mixin.py:137} INFO - [2023-03-17T03:23:45.047+0000] {dag.py:2693} INFO - Sync 1 DAGs
[2023-03-17T03:23:45.079+0000] {logging_mixin.py:137} INFO - [2023-03-17T03:23:45.079+0000] {dag.py:3444} INFO - Setting next_dagrun for example_xcom to 2021-01-01T00:00:00+00:00, run_after=2021-01-01T00:00:00+00:00
[2023-03-17T03:23:45.108+0000] {processor.py:175} INFO - Processing /home/airflow/.local/lib/python3.7/site-packages/airflow/example_dags/example_xcom.py took 0.129 seconds
[2023-03-17T03:24:15.347+0000] {processor.py:153} INFO - Started process (PID=5837) to work on /home/airflow/.local/lib/python3.7/site-packages/airflow/example_dags/example_xcom.py
[2023-03-17T03:24:15.349+0000] {processor.py:743} INFO - Processing file /home/airflow/.local/lib/python3.7/site-packages/airflow/example_dags/example_xcom.py for tasks to queue
[2023-03-17T03:24:15.350+0000] {logging_mixin.py:137} INFO - [2023-03-17T03:24:15.350+0000] {dagbag.py:532} INFO - Filling up the DagBag from /home/airflow/.local/lib/python3.7/site-packages/airflow/example_dags/example_xcom.py
[2023-03-17T03:24:15.379+0000] {processor.py:753} INFO - DAG(s) dict_keys(['example_xcom']) retrieved from /home/airflow/.local/lib/python3.7/site-packages/airflow/example_dags/example_xcom.py
[2023-03-17T03:24:15.412+0000] {logging_mixin.py:137} INFO - [2023-03-17T03:24:15.412+0000] {dag.py:2693} INFO - Sync 1 DAGs
[2023-03-17T03:24:15.443+0000] {logging_mixin.py:137} INFO - [2023-03-17T03:24:15.443+0000] {dag.py:3444} INFO - Setting next_dagrun for example_xcom to 2021-01-01T00:00:00+00:00, run_after=2021-01-01T00:00:00+00:00
[2023-03-17T03:24:15.469+0000] {processor.py:175} INFO - Processing /home/airflow/.local/lib/python3.7/site-packages/airflow/example_dags/example_xcom.py took 0.126 seconds
[2023-03-17T03:24:45.870+0000] {processor.py:153} INFO - Started process (PID=6054) to work on /home/airflow/.local/lib/python3.7/site-packages/airflow/example_dags/example_xcom.py
[2023-03-17T03:24:45.871+0000] {processor.py:743} INFO - Processing file /home/airflow/.local/lib/python3.7/site-packages/airflow/example_dags/example_xcom.py for tasks to queue
[2023-03-17T03:24:45.872+0000] {logging_mixin.py:137} INFO - [2023-03-17T03:24:45.872+0000] {dagbag.py:532} INFO - Filling up the DagBag from /home/airflow/.local/lib/python3.7/site-packages/airflow/example_dags/example_xcom.py
[2023-03-17T03:24:45.909+0000] {processor.py:753} INFO - DAG(s) dict_keys(['example_xcom']) retrieved from /home/airflow/.local/lib/python3.7/site-packages/airflow/example_dags/example_xcom.py
[2023-03-17T03:24:45.947+0000] {logging_mixin.py:137} INFO - [2023-03-17T03:24:45.947+0000] {dag.py:2693} INFO - Sync 1 DAGs
[2023-03-17T03:24:45.991+0000] {logging_mixin.py:137} INFO - [2023-03-17T03:24:45.991+0000] {dag.py:3444} INFO - Setting next_dagrun for example_xcom to 2021-01-01T00:00:00+00:00, run_after=2021-01-01T00:00:00+00:00
[2023-03-17T03:24:46.021+0000] {processor.py:175} INFO - Processing /home/airflow/.local/lib/python3.7/site-packages/airflow/example_dags/example_xcom.py took 0.154 seconds
[2023-03-17T03:25:16.227+0000] {processor.py:153} INFO - Started process (PID=6271) to work on /home/airflow/.local/lib/python3.7/site-packages/airflow/example_dags/example_xcom.py
[2023-03-17T03:25:16.228+0000] {processor.py:743} INFO - Processing file /home/airflow/.local/lib/python3.7/site-packages/airflow/example_dags/example_xcom.py for tasks to queue
[2023-03-17T03:25:16.229+0000] {logging_mixin.py:137} INFO - [2023-03-17T03:25:16.229+0000] {dagbag.py:532} INFO - Filling up the DagBag from /home/airflow/.local/lib/python3.7/site-packages/airflow/example_dags/example_xcom.py
[2023-03-17T03:25:16.261+0000] {processor.py:753} INFO - DAG(s) dict_keys(['example_xcom']) retrieved from /home/airflow/.local/lib/python3.7/site-packages/airflow/example_dags/example_xcom.py
[2023-03-17T03:25:16.294+0000] {logging_mixin.py:137} INFO - [2023-03-17T03:25:16.294+0000] {dag.py:2693} INFO - Sync 1 DAGs
[2023-03-17T03:25:16.329+0000] {logging_mixin.py:137} INFO - [2023-03-17T03:25:16.328+0000] {dag.py:3444} INFO - Setting next_dagrun for example_xcom to 2021-01-01T00:00:00+00:00, run_after=2021-01-01T00:00:00+00:00
[2023-03-17T03:25:16.356+0000] {processor.py:175} INFO - Processing /home/airflow/.local/lib/python3.7/site-packages/airflow/example_dags/example_xcom.py took 0.134 seconds
[2023-03-17T03:25:46.673+0000] {processor.py:153} INFO - Started process (PID=6488) to work on /home/airflow/.local/lib/python3.7/site-packages/airflow/example_dags/example_xcom.py
[2023-03-17T03:25:46.674+0000] {processor.py:743} INFO - Processing file /home/airflow/.local/lib/python3.7/site-packages/airflow/example_dags/example_xcom.py for tasks to queue
[2023-03-17T03:25:46.675+0000] {logging_mixin.py:137} INFO - [2023-03-17T03:25:46.675+0000] {dagbag.py:532} INFO - Filling up the DagBag from /home/airflow/.local/lib/python3.7/site-packages/airflow/example_dags/example_xcom.py
[2023-03-17T03:25:46.702+0000] {processor.py:753} INFO - DAG(s) dict_keys(['example_xcom']) retrieved from /home/airflow/.local/lib/python3.7/site-packages/airflow/example_dags/example_xcom.py
[2023-03-17T03:25:46.734+0000] {logging_mixin.py:137} INFO - [2023-03-17T03:25:46.734+0000] {dag.py:2693} INFO - Sync 1 DAGs
[2023-03-17T03:25:46.764+0000] {logging_mixin.py:137} INFO - [2023-03-17T03:25:46.764+0000] {dag.py:3444} INFO - Setting next_dagrun for example_xcom to 2021-01-01T00:00:00+00:00, run_after=2021-01-01T00:00:00+00:00
[2023-03-17T03:25:46.790+0000] {processor.py:175} INFO - Processing /home/airflow/.local/lib/python3.7/site-packages/airflow/example_dags/example_xcom.py took 0.121 seconds
[2023-03-17T03:26:17.133+0000] {processor.py:153} INFO - Started process (PID=6705) to work on /home/airflow/.local/lib/python3.7/site-packages/airflow/example_dags/example_xcom.py
[2023-03-17T03:26:17.134+0000] {processor.py:743} INFO - Processing file /home/airflow/.local/lib/python3.7/site-packages/airflow/example_dags/example_xcom.py for tasks to queue
[2023-03-17T03:26:17.135+0000] {logging_mixin.py:137} INFO - [2023-03-17T03:26:17.135+0000] {dagbag.py:532} INFO - Filling up the DagBag from /home/airflow/.local/lib/python3.7/site-packages/airflow/example_dags/example_xcom.py
[2023-03-17T03:26:17.165+0000] {processor.py:753} INFO - DAG(s) dict_keys(['example_xcom']) retrieved from /home/airflow/.local/lib/python3.7/site-packages/airflow/example_dags/example_xcom.py
[2023-03-17T03:26:17.194+0000] {logging_mixin.py:137} INFO - [2023-03-17T03:26:17.194+0000] {dag.py:2693} INFO - Sync 1 DAGs
[2023-03-17T03:26:17.224+0000] {logging_mixin.py:137} INFO - [2023-03-17T03:26:17.224+0000] {dag.py:3444} INFO - Setting next_dagrun for example_xcom to 2021-01-01T00:00:00+00:00, run_after=2021-01-01T00:00:00+00:00
[2023-03-17T03:26:17.248+0000] {processor.py:175} INFO - Processing /home/airflow/.local/lib/python3.7/site-packages/airflow/example_dags/example_xcom.py took 0.119 seconds
[2023-03-17T03:26:47.661+0000] {processor.py:153} INFO - Started process (PID=6922) to work on /home/airflow/.local/lib/python3.7/site-packages/airflow/example_dags/example_xcom.py
[2023-03-17T03:26:47.663+0000] {processor.py:743} INFO - Processing file /home/airflow/.local/lib/python3.7/site-packages/airflow/example_dags/example_xcom.py for tasks to queue
[2023-03-17T03:26:47.664+0000] {logging_mixin.py:137} INFO - [2023-03-17T03:26:47.663+0000] {dagbag.py:532} INFO - Filling up the DagBag from /home/airflow/.local/lib/python3.7/site-packages/airflow/example_dags/example_xcom.py
[2023-03-17T03:26:47.692+0000] {processor.py:753} INFO - DAG(s) dict_keys(['example_xcom']) retrieved from /home/airflow/.local/lib/python3.7/site-packages/airflow/example_dags/example_xcom.py
[2023-03-17T03:26:47.724+0000] {logging_mixin.py:137} INFO - [2023-03-17T03:26:47.724+0000] {dag.py:2693} INFO - Sync 1 DAGs
[2023-03-17T03:26:47.755+0000] {logging_mixin.py:137} INFO - [2023-03-17T03:26:47.755+0000] {dag.py:3444} INFO - Setting next_dagrun for example_xcom to 2021-01-01T00:00:00+00:00, run_after=2021-01-01T00:00:00+00:00
[2023-03-17T03:26:47.783+0000] {processor.py:175} INFO - Processing /home/airflow/.local/lib/python3.7/site-packages/airflow/example_dags/example_xcom.py took 0.125 seconds
[2023-03-17T03:27:17.994+0000] {processor.py:153} INFO - Started process (PID=7139) to work on /home/airflow/.local/lib/python3.7/site-packages/airflow/example_dags/example_xcom.py
[2023-03-17T03:27:17.995+0000] {processor.py:743} INFO - Processing file /home/airflow/.local/lib/python3.7/site-packages/airflow/example_dags/example_xcom.py for tasks to queue
[2023-03-17T03:27:17.997+0000] {logging_mixin.py:137} INFO - [2023-03-17T03:27:17.997+0000] {dagbag.py:532} INFO - Filling up the DagBag from /home/airflow/.local/lib/python3.7/site-packages/airflow/example_dags/example_xcom.py
[2023-03-17T03:27:18.026+0000] {processor.py:753} INFO - DAG(s) dict_keys(['example_xcom']) retrieved from /home/airflow/.local/lib/python3.7/site-packages/airflow/example_dags/example_xcom.py
[2023-03-17T03:27:18.057+0000] {logging_mixin.py:137} INFO - [2023-03-17T03:27:18.057+0000] {dag.py:2693} INFO - Sync 1 DAGs
[2023-03-17T03:27:18.088+0000] {logging_mixin.py:137} INFO - [2023-03-17T03:27:18.087+0000] {dag.py:3444} INFO - Setting next_dagrun for example_xcom to 2021-01-01T00:00:00+00:00, run_after=2021-01-01T00:00:00+00:00
[2023-03-17T03:27:18.112+0000] {processor.py:175} INFO - Processing /home/airflow/.local/lib/python3.7/site-packages/airflow/example_dags/example_xcom.py took 0.122 seconds
[2023-03-17T03:27:48.345+0000] {processor.py:153} INFO - Started process (PID=7356) to work on /home/airflow/.local/lib/python3.7/site-packages/airflow/example_dags/example_xcom.py
[2023-03-17T03:27:48.347+0000] {processor.py:743} INFO - Processing file /home/airflow/.local/lib/python3.7/site-packages/airflow/example_dags/example_xcom.py for tasks to queue
[2023-03-17T03:27:48.348+0000] {logging_mixin.py:137} INFO - [2023-03-17T03:27:48.348+0000] {dagbag.py:532} INFO - Filling up the DagBag from /home/airflow/.local/lib/python3.7/site-packages/airflow/example_dags/example_xcom.py
[2023-03-17T03:27:48.376+0000] {processor.py:753} INFO - DAG(s) dict_keys(['example_xcom']) retrieved from /home/airflow/.local/lib/python3.7/site-packages/airflow/example_dags/example_xcom.py
[2023-03-17T03:27:48.409+0000] {logging_mixin.py:137} INFO - [2023-03-17T03:27:48.409+0000] {dag.py:2693} INFO - Sync 1 DAGs
[2023-03-17T03:27:48.439+0000] {logging_mixin.py:137} INFO - [2023-03-17T03:27:48.439+0000] {dag.py:3444} INFO - Setting next_dagrun for example_xcom to 2021-01-01T00:00:00+00:00, run_after=2021-01-01T00:00:00+00:00
[2023-03-17T03:27:48.467+0000] {processor.py:175} INFO - Processing /home/airflow/.local/lib/python3.7/site-packages/airflow/example_dags/example_xcom.py took 0.126 seconds
[2023-03-17T03:28:18.704+0000] {processor.py:153} INFO - Started process (PID=7573) to work on /home/airflow/.local/lib/python3.7/site-packages/airflow/example_dags/example_xcom.py
[2023-03-17T03:28:18.705+0000] {processor.py:743} INFO - Processing file /home/airflow/.local/lib/python3.7/site-packages/airflow/example_dags/example_xcom.py for tasks to queue
[2023-03-17T03:28:18.706+0000] {logging_mixin.py:137} INFO - [2023-03-17T03:28:18.706+0000] {dagbag.py:532} INFO - Filling up the DagBag from /home/airflow/.local/lib/python3.7/site-packages/airflow/example_dags/example_xcom.py
[2023-03-17T03:28:18.736+0000] {processor.py:753} INFO - DAG(s) dict_keys(['example_xcom']) retrieved from /home/airflow/.local/lib/python3.7/site-packages/airflow/example_dags/example_xcom.py
[2023-03-17T03:28:18.769+0000] {logging_mixin.py:137} INFO - [2023-03-17T03:28:18.768+0000] {dag.py:2693} INFO - Sync 1 DAGs
[2023-03-17T03:28:18.800+0000] {logging_mixin.py:137} INFO - [2023-03-17T03:28:18.800+0000] {dag.py:3444} INFO - Setting next_dagrun for example_xcom to 2021-01-01T00:00:00+00:00, run_after=2021-01-01T00:00:00+00:00
[2023-03-17T03:28:18.828+0000] {processor.py:175} INFO - Processing /home/airflow/.local/lib/python3.7/site-packages/airflow/example_dags/example_xcom.py took 0.128 seconds
[2023-03-17T03:28:49.183+0000] {processor.py:153} INFO - Started process (PID=7790) to work on /home/airflow/.local/lib/python3.7/site-packages/airflow/example_dags/example_xcom.py
[2023-03-17T03:28:49.184+0000] {processor.py:743} INFO - Processing file /home/airflow/.local/lib/python3.7/site-packages/airflow/example_dags/example_xcom.py for tasks to queue
[2023-03-17T03:28:49.186+0000] {logging_mixin.py:137} INFO - [2023-03-17T03:28:49.185+0000] {dagbag.py:532} INFO - Filling up the DagBag from /home/airflow/.local/lib/python3.7/site-packages/airflow/example_dags/example_xcom.py
[2023-03-17T03:28:49.214+0000] {processor.py:753} INFO - DAG(s) dict_keys(['example_xcom']) retrieved from /home/airflow/.local/lib/python3.7/site-packages/airflow/example_dags/example_xcom.py
[2023-03-17T03:28:49.247+0000] {logging_mixin.py:137} INFO - [2023-03-17T03:28:49.247+0000] {dag.py:2693} INFO - Sync 1 DAGs
[2023-03-17T03:28:49.279+0000] {logging_mixin.py:137} INFO - [2023-03-17T03:28:49.279+0000] {dag.py:3444} INFO - Setting next_dagrun for example_xcom to 2021-01-01T00:00:00+00:00, run_after=2021-01-01T00:00:00+00:00
[2023-03-17T03:28:49.305+0000] {processor.py:175} INFO - Processing /home/airflow/.local/lib/python3.7/site-packages/airflow/example_dags/example_xcom.py took 0.125 seconds
[2023-03-17T03:29:19.454+0000] {processor.py:153} INFO - Started process (PID=8008) to work on /home/airflow/.local/lib/python3.7/site-packages/airflow/example_dags/example_xcom.py
[2023-03-17T03:29:19.455+0000] {processor.py:743} INFO - Processing file /home/airflow/.local/lib/python3.7/site-packages/airflow/example_dags/example_xcom.py for tasks to queue
[2023-03-17T03:29:19.456+0000] {logging_mixin.py:137} INFO - [2023-03-17T03:29:19.456+0000] {dagbag.py:532} INFO - Filling up the DagBag from /home/airflow/.local/lib/python3.7/site-packages/airflow/example_dags/example_xcom.py
[2023-03-17T03:29:19.483+0000] {processor.py:753} INFO - DAG(s) dict_keys(['example_xcom']) retrieved from /home/airflow/.local/lib/python3.7/site-packages/airflow/example_dags/example_xcom.py
[2023-03-17T03:29:19.516+0000] {logging_mixin.py:137} INFO - [2023-03-17T03:29:19.515+0000] {dag.py:2693} INFO - Sync 1 DAGs
[2023-03-17T03:29:19.545+0000] {logging_mixin.py:137} INFO - [2023-03-17T03:29:19.545+0000] {dag.py:3444} INFO - Setting next_dagrun for example_xcom to 2021-01-01T00:00:00+00:00, run_after=2021-01-01T00:00:00+00:00
[2023-03-17T03:29:19.569+0000] {processor.py:175} INFO - Processing /home/airflow/.local/lib/python3.7/site-packages/airflow/example_dags/example_xcom.py took 0.118 seconds
[2023-03-17T03:29:49.937+0000] {processor.py:153} INFO - Started process (PID=8225) to work on /home/airflow/.local/lib/python3.7/site-packages/airflow/example_dags/example_xcom.py
[2023-03-17T03:29:49.938+0000] {processor.py:743} INFO - Processing file /home/airflow/.local/lib/python3.7/site-packages/airflow/example_dags/example_xcom.py for tasks to queue
[2023-03-17T03:29:49.940+0000] {logging_mixin.py:137} INFO - [2023-03-17T03:29:49.939+0000] {dagbag.py:532} INFO - Filling up the DagBag from /home/airflow/.local/lib/python3.7/site-packages/airflow/example_dags/example_xcom.py
[2023-03-17T03:29:49.969+0000] {processor.py:753} INFO - DAG(s) dict_keys(['example_xcom']) retrieved from /home/airflow/.local/lib/python3.7/site-packages/airflow/example_dags/example_xcom.py
[2023-03-17T03:29:50.002+0000] {logging_mixin.py:137} INFO - [2023-03-17T03:29:50.002+0000] {dag.py:2693} INFO - Sync 1 DAGs
[2023-03-17T03:29:50.033+0000] {logging_mixin.py:137} INFO - [2023-03-17T03:29:50.032+0000] {dag.py:3444} INFO - Setting next_dagrun for example_xcom to 2021-01-01T00:00:00+00:00, run_after=2021-01-01T00:00:00+00:00
[2023-03-17T03:29:50.057+0000] {processor.py:175} INFO - Processing /home/airflow/.local/lib/python3.7/site-packages/airflow/example_dags/example_xcom.py took 0.123 seconds
[2023-03-17T03:30:20.228+0000] {processor.py:153} INFO - Started process (PID=8442) to work on /home/airflow/.local/lib/python3.7/site-packages/airflow/example_dags/example_xcom.py
[2023-03-17T03:30:20.229+0000] {processor.py:743} INFO - Processing file /home/airflow/.local/lib/python3.7/site-packages/airflow/example_dags/example_xcom.py for tasks to queue
[2023-03-17T03:30:20.230+0000] {logging_mixin.py:137} INFO - [2023-03-17T03:30:20.229+0000] {dagbag.py:532} INFO - Filling up the DagBag from /home/airflow/.local/lib/python3.7/site-packages/airflow/example_dags/example_xcom.py
[2023-03-17T03:30:20.258+0000] {processor.py:753} INFO - DAG(s) dict_keys(['example_xcom']) retrieved from /home/airflow/.local/lib/python3.7/site-packages/airflow/example_dags/example_xcom.py
[2023-03-17T03:30:20.291+0000] {logging_mixin.py:137} INFO - [2023-03-17T03:30:20.291+0000] {dag.py:2693} INFO - Sync 1 DAGs
[2023-03-17T03:30:20.325+0000] {logging_mixin.py:137} INFO - [2023-03-17T03:30:20.325+0000] {dag.py:3444} INFO - Setting next_dagrun for example_xcom to 2021-01-01T00:00:00+00:00, run_after=2021-01-01T00:00:00+00:00
[2023-03-17T03:30:20.356+0000] {processor.py:175} INFO - Processing /home/airflow/.local/lib/python3.7/site-packages/airflow/example_dags/example_xcom.py took 0.132 seconds
[2023-03-17T03:30:51.077+0000] {processor.py:153} INFO - Started process (PID=8659) to work on /home/airflow/.local/lib/python3.7/site-packages/airflow/example_dags/example_xcom.py
[2023-03-17T03:30:51.078+0000] {processor.py:743} INFO - Processing file /home/airflow/.local/lib/python3.7/site-packages/airflow/example_dags/example_xcom.py for tasks to queue
[2023-03-17T03:30:51.079+0000] {logging_mixin.py:137} INFO - [2023-03-17T03:30:51.079+0000] {dagbag.py:532} INFO - Filling up the DagBag from /home/airflow/.local/lib/python3.7/site-packages/airflow/example_dags/example_xcom.py
[2023-03-17T03:30:51.107+0000] {processor.py:753} INFO - DAG(s) dict_keys(['example_xcom']) retrieved from /home/airflow/.local/lib/python3.7/site-packages/airflow/example_dags/example_xcom.py
[2023-03-17T03:30:51.140+0000] {logging_mixin.py:137} INFO - [2023-03-17T03:30:51.140+0000] {dag.py:2693} INFO - Sync 1 DAGs
[2023-03-17T03:30:51.171+0000] {logging_mixin.py:137} INFO - [2023-03-17T03:30:51.171+0000] {dag.py:3444} INFO - Setting next_dagrun for example_xcom to 2021-01-01T00:00:00+00:00, run_after=2021-01-01T00:00:00+00:00
[2023-03-17T03:30:51.196+0000] {processor.py:175} INFO - Processing /home/airflow/.local/lib/python3.7/site-packages/airflow/example_dags/example_xcom.py took 0.123 seconds
[2023-03-17T03:31:21.371+0000] {processor.py:153} INFO - Started process (PID=8876) to work on /home/airflow/.local/lib/python3.7/site-packages/airflow/example_dags/example_xcom.py
[2023-03-17T03:31:21.372+0000] {processor.py:743} INFO - Processing file /home/airflow/.local/lib/python3.7/site-packages/airflow/example_dags/example_xcom.py for tasks to queue
[2023-03-17T03:31:21.373+0000] {logging_mixin.py:137} INFO - [2023-03-17T03:31:21.373+0000] {dagbag.py:532} INFO - Filling up the DagBag from /home/airflow/.local/lib/python3.7/site-packages/airflow/example_dags/example_xcom.py
[2023-03-17T03:31:21.401+0000] {processor.py:753} INFO - DAG(s) dict_keys(['example_xcom']) retrieved from /home/airflow/.local/lib/python3.7/site-packages/airflow/example_dags/example_xcom.py
[2023-03-17T03:31:21.432+0000] {logging_mixin.py:137} INFO - [2023-03-17T03:31:21.432+0000] {dag.py:2693} INFO - Sync 1 DAGs
[2023-03-17T03:31:21.462+0000] {logging_mixin.py:137} INFO - [2023-03-17T03:31:21.462+0000] {dag.py:3444} INFO - Setting next_dagrun for example_xcom to 2021-01-01T00:00:00+00:00, run_after=2021-01-01T00:00:00+00:00
[2023-03-17T03:31:21.489+0000] {processor.py:175} INFO - Processing /home/airflow/.local/lib/python3.7/site-packages/airflow/example_dags/example_xcom.py took 0.122 seconds
[2023-03-17T03:31:51.729+0000] {processor.py:153} INFO - Started process (PID=9093) to work on /home/airflow/.local/lib/python3.7/site-packages/airflow/example_dags/example_xcom.py
[2023-03-17T03:31:51.731+0000] {processor.py:743} INFO - Processing file /home/airflow/.local/lib/python3.7/site-packages/airflow/example_dags/example_xcom.py for tasks to queue
[2023-03-17T03:31:51.732+0000] {logging_mixin.py:137} INFO - [2023-03-17T03:31:51.732+0000] {dagbag.py:532} INFO - Filling up the DagBag from /home/airflow/.local/lib/python3.7/site-packages/airflow/example_dags/example_xcom.py
[2023-03-17T03:31:51.761+0000] {processor.py:753} INFO - DAG(s) dict_keys(['example_xcom']) retrieved from /home/airflow/.local/lib/python3.7/site-packages/airflow/example_dags/example_xcom.py
[2023-03-17T03:31:51.791+0000] {logging_mixin.py:137} INFO - [2023-03-17T03:31:51.791+0000] {dag.py:2693} INFO - Sync 1 DAGs
[2023-03-17T03:31:51.821+0000] {logging_mixin.py:137} INFO - [2023-03-17T03:31:51.821+0000] {dag.py:3444} INFO - Setting next_dagrun for example_xcom to 2021-01-01T00:00:00+00:00, run_after=2021-01-01T00:00:00+00:00
[2023-03-17T03:31:51.848+0000] {processor.py:175} INFO - Processing /home/airflow/.local/lib/python3.7/site-packages/airflow/example_dags/example_xcom.py took 0.123 seconds
[2023-03-17T03:32:22.193+0000] {processor.py:153} INFO - Started process (PID=9310) to work on /home/airflow/.local/lib/python3.7/site-packages/airflow/example_dags/example_xcom.py
[2023-03-17T03:32:22.194+0000] {processor.py:743} INFO - Processing file /home/airflow/.local/lib/python3.7/site-packages/airflow/example_dags/example_xcom.py for tasks to queue
[2023-03-17T03:32:22.195+0000] {logging_mixin.py:137} INFO - [2023-03-17T03:32:22.195+0000] {dagbag.py:532} INFO - Filling up the DagBag from /home/airflow/.local/lib/python3.7/site-packages/airflow/example_dags/example_xcom.py
[2023-03-17T03:32:22.223+0000] {processor.py:753} INFO - DAG(s) dict_keys(['example_xcom']) retrieved from /home/airflow/.local/lib/python3.7/site-packages/airflow/example_dags/example_xcom.py
[2023-03-17T03:32:22.259+0000] {logging_mixin.py:137} INFO - [2023-03-17T03:32:22.259+0000] {dag.py:2693} INFO - Sync 1 DAGs
[2023-03-17T03:32:22.292+0000] {logging_mixin.py:137} INFO - [2023-03-17T03:32:22.291+0000] {dag.py:3444} INFO - Setting next_dagrun for example_xcom to 2021-01-01T00:00:00+00:00, run_after=2021-01-01T00:00:00+00:00
[2023-03-17T03:32:22.319+0000] {processor.py:175} INFO - Processing /home/airflow/.local/lib/python3.7/site-packages/airflow/example_dags/example_xcom.py took 0.130 seconds
[2023-03-17T03:32:52.738+0000] {processor.py:153} INFO - Started process (PID=9527) to work on /home/airflow/.local/lib/python3.7/site-packages/airflow/example_dags/example_xcom.py
[2023-03-17T03:32:52.739+0000] {processor.py:743} INFO - Processing file /home/airflow/.local/lib/python3.7/site-packages/airflow/example_dags/example_xcom.py for tasks to queue
[2023-03-17T03:32:52.740+0000] {logging_mixin.py:137} INFO - [2023-03-17T03:32:52.740+0000] {dagbag.py:532} INFO - Filling up the DagBag from /home/airflow/.local/lib/python3.7/site-packages/airflow/example_dags/example_xcom.py
[2023-03-17T03:32:52.769+0000] {processor.py:753} INFO - DAG(s) dict_keys(['example_xcom']) retrieved from /home/airflow/.local/lib/python3.7/site-packages/airflow/example_dags/example_xcom.py
[2023-03-17T03:32:52.804+0000] {logging_mixin.py:137} INFO - [2023-03-17T03:32:52.804+0000] {dag.py:2693} INFO - Sync 1 DAGs
[2023-03-17T03:32:52.836+0000] {logging_mixin.py:137} INFO - [2023-03-17T03:32:52.836+0000] {dag.py:3444} INFO - Setting next_dagrun for example_xcom to 2021-01-01T00:00:00+00:00, run_after=2021-01-01T00:00:00+00:00
[2023-03-17T03:32:52.863+0000] {processor.py:175} INFO - Processing /home/airflow/.local/lib/python3.7/site-packages/airflow/example_dags/example_xcom.py took 0.129 seconds
[2023-03-17T03:33:23.612+0000] {processor.py:153} INFO - Started process (PID=9745) to work on /home/airflow/.local/lib/python3.7/site-packages/airflow/example_dags/example_xcom.py
[2023-03-17T03:33:23.614+0000] {processor.py:743} INFO - Processing file /home/airflow/.local/lib/python3.7/site-packages/airflow/example_dags/example_xcom.py for tasks to queue
[2023-03-17T03:33:23.615+0000] {logging_mixin.py:137} INFO - [2023-03-17T03:33:23.615+0000] {dagbag.py:532} INFO - Filling up the DagBag from /home/airflow/.local/lib/python3.7/site-packages/airflow/example_dags/example_xcom.py
[2023-03-17T03:33:23.649+0000] {processor.py:753} INFO - DAG(s) dict_keys(['example_xcom']) retrieved from /home/airflow/.local/lib/python3.7/site-packages/airflow/example_dags/example_xcom.py
[2023-03-17T03:33:23.685+0000] {logging_mixin.py:137} INFO - [2023-03-17T03:33:23.684+0000] {dag.py:2693} INFO - Sync 1 DAGs
[2023-03-17T03:33:23.716+0000] {logging_mixin.py:137} INFO - [2023-03-17T03:33:23.716+0000] {dag.py:3444} INFO - Setting next_dagrun for example_xcom to 2021-01-01T00:00:00+00:00, run_after=2021-01-01T00:00:00+00:00
[2023-03-17T03:33:23.744+0000] {processor.py:175} INFO - Processing /home/airflow/.local/lib/python3.7/site-packages/airflow/example_dags/example_xcom.py took 0.135 seconds
[2023-03-17T03:33:54.229+0000] {processor.py:153} INFO - Started process (PID=9962) to work on /home/airflow/.local/lib/python3.7/site-packages/airflow/example_dags/example_xcom.py
[2023-03-17T03:33:54.230+0000] {processor.py:743} INFO - Processing file /home/airflow/.local/lib/python3.7/site-packages/airflow/example_dags/example_xcom.py for tasks to queue
[2023-03-17T03:33:54.232+0000] {logging_mixin.py:137} INFO - [2023-03-17T03:33:54.231+0000] {dagbag.py:532} INFO - Filling up the DagBag from /home/airflow/.local/lib/python3.7/site-packages/airflow/example_dags/example_xcom.py
[2023-03-17T03:33:54.259+0000] {processor.py:753} INFO - DAG(s) dict_keys(['example_xcom']) retrieved from /home/airflow/.local/lib/python3.7/site-packages/airflow/example_dags/example_xcom.py
[2023-03-17T03:33:54.293+0000] {logging_mixin.py:137} INFO - [2023-03-17T03:33:54.293+0000] {dag.py:2693} INFO - Sync 1 DAGs
[2023-03-17T03:33:54.324+0000] {logging_mixin.py:137} INFO - [2023-03-17T03:33:54.324+0000] {dag.py:3444} INFO - Setting next_dagrun for example_xcom to 2021-01-01T00:00:00+00:00, run_after=2021-01-01T00:00:00+00:00
[2023-03-17T03:33:54.352+0000] {processor.py:175} INFO - Processing /home/airflow/.local/lib/python3.7/site-packages/airflow/example_dags/example_xcom.py took 0.127 seconds
[2023-03-17T03:34:24.663+0000] {processor.py:153} INFO - Started process (PID=10180) to work on /home/airflow/.local/lib/python3.7/site-packages/airflow/example_dags/example_xcom.py
[2023-03-17T03:34:24.664+0000] {processor.py:743} INFO - Processing file /home/airflow/.local/lib/python3.7/site-packages/airflow/example_dags/example_xcom.py for tasks to queue
[2023-03-17T03:34:24.665+0000] {logging_mixin.py:137} INFO - [2023-03-17T03:34:24.665+0000] {dagbag.py:532} INFO - Filling up the DagBag from /home/airflow/.local/lib/python3.7/site-packages/airflow/example_dags/example_xcom.py
[2023-03-17T03:34:24.695+0000] {processor.py:753} INFO - DAG(s) dict_keys(['example_xcom']) retrieved from /home/airflow/.local/lib/python3.7/site-packages/airflow/example_dags/example_xcom.py
[2023-03-17T03:34:24.727+0000] {logging_mixin.py:137} INFO - [2023-03-17T03:34:24.727+0000] {dag.py:2693} INFO - Sync 1 DAGs
[2023-03-17T03:34:24.766+0000] {logging_mixin.py:137} INFO - [2023-03-17T03:34:24.766+0000] {dag.py:3444} INFO - Setting next_dagrun for example_xcom to 2021-01-01T00:00:00+00:00, run_after=2021-01-01T00:00:00+00:00
[2023-03-17T03:34:24.793+0000] {processor.py:175} INFO - Processing /home/airflow/.local/lib/python3.7/site-packages/airflow/example_dags/example_xcom.py took 0.134 seconds
[2023-03-17T03:34:55.348+0000] {processor.py:153} INFO - Started process (PID=10398) to work on /home/airflow/.local/lib/python3.7/site-packages/airflow/example_dags/example_xcom.py
[2023-03-17T03:34:55.349+0000] {processor.py:743} INFO - Processing file /home/airflow/.local/lib/python3.7/site-packages/airflow/example_dags/example_xcom.py for tasks to queue
[2023-03-17T03:34:55.350+0000] {logging_mixin.py:137} INFO - [2023-03-17T03:34:55.350+0000] {dagbag.py:532} INFO - Filling up the DagBag from /home/airflow/.local/lib/python3.7/site-packages/airflow/example_dags/example_xcom.py
[2023-03-17T03:34:55.378+0000] {processor.py:753} INFO - DAG(s) dict_keys(['example_xcom']) retrieved from /home/airflow/.local/lib/python3.7/site-packages/airflow/example_dags/example_xcom.py
[2023-03-17T03:34:55.422+0000] {logging_mixin.py:137} INFO - [2023-03-17T03:34:55.421+0000] {dag.py:2693} INFO - Sync 1 DAGs
[2023-03-17T03:34:55.478+0000] {logging_mixin.py:137} INFO - [2023-03-17T03:34:55.477+0000] {dag.py:3444} INFO - Setting next_dagrun for example_xcom to 2021-01-01T00:00:00+00:00, run_after=2021-01-01T00:00:00+00:00
[2023-03-17T03:34:55.506+0000] {processor.py:175} INFO - Processing /home/airflow/.local/lib/python3.7/site-packages/airflow/example_dags/example_xcom.py took 0.163 seconds
