[2023-03-17T03:10:59.302+0000] {processor.py:153} INFO - Started process (PID=210) to work on /home/airflow/.local/lib/python3.7/site-packages/airflow/example_dags/example_dag_decorator.py
[2023-03-17T03:10:59.303+0000] {processor.py:743} INFO - Processing file /home/airflow/.local/lib/python3.7/site-packages/airflow/example_dags/example_dag_decorator.py for tasks to queue
[2023-03-17T03:10:59.305+0000] {logging_mixin.py:137} INFO - [2023-03-17T03:10:59.305+0000] {dagbag.py:532} INFO - Filling up the DagBag from /home/airflow/.local/lib/python3.7/site-packages/airflow/example_dags/example_dag_decorator.py
[2023-03-17T03:10:59.357+0000] {logging_mixin.py:137} INFO - [2023-03-17T03:10:59.357+0000] {taskmixin.py:211} WARNING - Dependency <Task(_PythonDecoratedOperator): prepare_email>, send_email already registered for DAG: example_dag_decorator
[2023-03-17T03:10:59.358+0000] {logging_mixin.py:137} INFO - [2023-03-17T03:10:59.358+0000] {taskmixin.py:211} WARNING - Dependency <Task(EmailOperator): send_email>, prepare_email already registered for DAG: example_dag_decorator
[2023-03-17T03:10:59.385+0000] {processor.py:753} INFO - DAG(s) dict_keys(['example_dag_decorator']) retrieved from /home/airflow/.local/lib/python3.7/site-packages/airflow/example_dags/example_dag_decorator.py
[2023-03-17T03:10:59.645+0000] {logging_mixin.py:137} INFO - [2023-03-17T03:10:59.645+0000] {dag.py:2693} INFO - Sync 1 DAGs
[2023-03-17T03:10:59.724+0000] {logging_mixin.py:137} INFO - [2023-03-17T03:10:59.724+0000] {dag.py:3444} INFO - Setting next_dagrun for example_dag_decorator to None, run_after=None
[2023-03-17T03:10:59.782+0000] {processor.py:175} INFO - Processing /home/airflow/.local/lib/python3.7/site-packages/airflow/example_dags/example_dag_decorator.py took 0.489 seconds
[2023-03-17T03:11:31.844+0000] {processor.py:153} INFO - Started process (PID=427) to work on /home/airflow/.local/lib/python3.7/site-packages/airflow/example_dags/example_dag_decorator.py
[2023-03-17T03:11:31.846+0000] {processor.py:743} INFO - Processing file /home/airflow/.local/lib/python3.7/site-packages/airflow/example_dags/example_dag_decorator.py for tasks to queue
[2023-03-17T03:11:31.848+0000] {logging_mixin.py:137} INFO - [2023-03-17T03:11:31.847+0000] {dagbag.py:532} INFO - Filling up the DagBag from /home/airflow/.local/lib/python3.7/site-packages/airflow/example_dags/example_dag_decorator.py
[2023-03-17T03:11:31.884+0000] {logging_mixin.py:137} INFO - [2023-03-17T03:11:31.884+0000] {taskmixin.py:211} WARNING - Dependency <Task(_PythonDecoratedOperator): prepare_email>, send_email already registered for DAG: example_dag_decorator
[2023-03-17T03:11:31.885+0000] {logging_mixin.py:137} INFO - [2023-03-17T03:11:31.885+0000] {taskmixin.py:211} WARNING - Dependency <Task(EmailOperator): send_email>, prepare_email already registered for DAG: example_dag_decorator
[2023-03-17T03:11:31.910+0000] {processor.py:753} INFO - DAG(s) dict_keys(['example_dag_decorator']) retrieved from /home/airflow/.local/lib/python3.7/site-packages/airflow/example_dags/example_dag_decorator.py
[2023-03-17T03:11:32.103+0000] {logging_mixin.py:137} INFO - [2023-03-17T03:11:32.102+0000] {dag.py:2693} INFO - Sync 1 DAGs
[2023-03-17T03:11:32.197+0000] {logging_mixin.py:137} INFO - [2023-03-17T03:11:32.196+0000] {dag.py:3444} INFO - Setting next_dagrun for example_dag_decorator to None, run_after=None
[2023-03-17T03:11:32.671+0000] {processor.py:175} INFO - Processing /home/airflow/.local/lib/python3.7/site-packages/airflow/example_dags/example_dag_decorator.py took 0.832 seconds
[2023-03-17T03:12:03.827+0000] {processor.py:153} INFO - Started process (PID=651) to work on /home/airflow/.local/lib/python3.7/site-packages/airflow/example_dags/example_dag_decorator.py
[2023-03-17T03:12:03.830+0000] {processor.py:743} INFO - Processing file /home/airflow/.local/lib/python3.7/site-packages/airflow/example_dags/example_dag_decorator.py for tasks to queue
[2023-03-17T03:12:03.831+0000] {logging_mixin.py:137} INFO - [2023-03-17T03:12:03.831+0000] {dagbag.py:532} INFO - Filling up the DagBag from /home/airflow/.local/lib/python3.7/site-packages/airflow/example_dags/example_dag_decorator.py
[2023-03-17T03:12:03.887+0000] {logging_mixin.py:137} INFO - [2023-03-17T03:12:03.886+0000] {taskmixin.py:211} WARNING - Dependency <Task(_PythonDecoratedOperator): prepare_email>, send_email already registered for DAG: example_dag_decorator
[2023-03-17T03:12:03.887+0000] {logging_mixin.py:137} INFO - [2023-03-17T03:12:03.887+0000] {taskmixin.py:211} WARNING - Dependency <Task(EmailOperator): send_email>, prepare_email already registered for DAG: example_dag_decorator
[2023-03-17T03:12:03.922+0000] {processor.py:753} INFO - DAG(s) dict_keys(['example_dag_decorator']) retrieved from /home/airflow/.local/lib/python3.7/site-packages/airflow/example_dags/example_dag_decorator.py
[2023-03-17T03:12:04.125+0000] {logging_mixin.py:137} INFO - [2023-03-17T03:12:04.125+0000] {dag.py:2693} INFO - Sync 1 DAGs
[2023-03-17T03:12:04.221+0000] {logging_mixin.py:137} INFO - [2023-03-17T03:12:04.221+0000] {dag.py:3444} INFO - Setting next_dagrun for example_dag_decorator to None, run_after=None
[2023-03-17T03:12:04.297+0000] {processor.py:175} INFO - Processing /home/airflow/.local/lib/python3.7/site-packages/airflow/example_dags/example_dag_decorator.py took 0.478 seconds
[2023-03-17T03:12:34.809+0000] {processor.py:153} INFO - Started process (PID=870) to work on /home/airflow/.local/lib/python3.7/site-packages/airflow/example_dags/example_dag_decorator.py
[2023-03-17T03:12:34.810+0000] {processor.py:743} INFO - Processing file /home/airflow/.local/lib/python3.7/site-packages/airflow/example_dags/example_dag_decorator.py for tasks to queue
[2023-03-17T03:12:34.811+0000] {logging_mixin.py:137} INFO - [2023-03-17T03:12:34.811+0000] {dagbag.py:532} INFO - Filling up the DagBag from /home/airflow/.local/lib/python3.7/site-packages/airflow/example_dags/example_dag_decorator.py
[2023-03-17T03:12:34.832+0000] {logging_mixin.py:137} INFO - [2023-03-17T03:12:34.832+0000] {taskmixin.py:211} WARNING - Dependency <Task(_PythonDecoratedOperator): prepare_email>, send_email already registered for DAG: example_dag_decorator
[2023-03-17T03:12:34.833+0000] {logging_mixin.py:137} INFO - [2023-03-17T03:12:34.833+0000] {taskmixin.py:211} WARNING - Dependency <Task(EmailOperator): send_email>, prepare_email already registered for DAG: example_dag_decorator
[2023-03-17T03:12:34.848+0000] {processor.py:753} INFO - DAG(s) dict_keys(['example_dag_decorator']) retrieved from /home/airflow/.local/lib/python3.7/site-packages/airflow/example_dags/example_dag_decorator.py
[2023-03-17T03:12:34.978+0000] {logging_mixin.py:137} INFO - [2023-03-17T03:12:34.977+0000] {dag.py:2693} INFO - Sync 1 DAGs
[2023-03-17T03:12:35.006+0000] {logging_mixin.py:137} INFO - [2023-03-17T03:12:35.005+0000] {dag.py:3444} INFO - Setting next_dagrun for example_dag_decorator to None, run_after=None
[2023-03-17T03:12:35.032+0000] {processor.py:175} INFO - Processing /home/airflow/.local/lib/python3.7/site-packages/airflow/example_dags/example_dag_decorator.py took 0.227 seconds
[2023-03-17T03:13:05.576+0000] {processor.py:153} INFO - Started process (PID=1087) to work on /home/airflow/.local/lib/python3.7/site-packages/airflow/example_dags/example_dag_decorator.py
[2023-03-17T03:13:05.577+0000] {processor.py:743} INFO - Processing file /home/airflow/.local/lib/python3.7/site-packages/airflow/example_dags/example_dag_decorator.py for tasks to queue
[2023-03-17T03:13:05.578+0000] {logging_mixin.py:137} INFO - [2023-03-17T03:13:05.578+0000] {dagbag.py:532} INFO - Filling up the DagBag from /home/airflow/.local/lib/python3.7/site-packages/airflow/example_dags/example_dag_decorator.py
[2023-03-17T03:13:05.597+0000] {logging_mixin.py:137} INFO - [2023-03-17T03:13:05.597+0000] {taskmixin.py:211} WARNING - Dependency <Task(_PythonDecoratedOperator): prepare_email>, send_email already registered for DAG: example_dag_decorator
[2023-03-17T03:13:05.598+0000] {logging_mixin.py:137} INFO - [2023-03-17T03:13:05.598+0000] {taskmixin.py:211} WARNING - Dependency <Task(EmailOperator): send_email>, prepare_email already registered for DAG: example_dag_decorator
[2023-03-17T03:13:05.612+0000] {processor.py:753} INFO - DAG(s) dict_keys(['example_dag_decorator']) retrieved from /home/airflow/.local/lib/python3.7/site-packages/airflow/example_dags/example_dag_decorator.py
[2023-03-17T03:13:05.693+0000] {logging_mixin.py:137} INFO - [2023-03-17T03:13:05.693+0000] {dag.py:2693} INFO - Sync 1 DAGs
[2023-03-17T03:13:05.720+0000] {logging_mixin.py:137} INFO - [2023-03-17T03:13:05.720+0000] {dag.py:3444} INFO - Setting next_dagrun for example_dag_decorator to None, run_after=None
[2023-03-17T03:13:05.754+0000] {processor.py:175} INFO - Processing /home/airflow/.local/lib/python3.7/site-packages/airflow/example_dags/example_dag_decorator.py took 0.181 seconds
[2023-03-17T03:13:36.315+0000] {processor.py:153} INFO - Started process (PID=1302) to work on /home/airflow/.local/lib/python3.7/site-packages/airflow/example_dags/example_dag_decorator.py
[2023-03-17T03:13:36.317+0000] {processor.py:743} INFO - Processing file /home/airflow/.local/lib/python3.7/site-packages/airflow/example_dags/example_dag_decorator.py for tasks to queue
[2023-03-17T03:13:36.318+0000] {logging_mixin.py:137} INFO - [2023-03-17T03:13:36.318+0000] {dagbag.py:532} INFO - Filling up the DagBag from /home/airflow/.local/lib/python3.7/site-packages/airflow/example_dags/example_dag_decorator.py
[2023-03-17T03:13:36.342+0000] {logging_mixin.py:137} INFO - [2023-03-17T03:13:36.341+0000] {taskmixin.py:211} WARNING - Dependency <Task(_PythonDecoratedOperator): prepare_email>, send_email already registered for DAG: example_dag_decorator
[2023-03-17T03:13:36.342+0000] {logging_mixin.py:137} INFO - [2023-03-17T03:13:36.342+0000] {taskmixin.py:211} WARNING - Dependency <Task(EmailOperator): send_email>, prepare_email already registered for DAG: example_dag_decorator
[2023-03-17T03:13:36.358+0000] {processor.py:753} INFO - DAG(s) dict_keys(['example_dag_decorator']) retrieved from /home/airflow/.local/lib/python3.7/site-packages/airflow/example_dags/example_dag_decorator.py
[2023-03-17T03:13:36.438+0000] {logging_mixin.py:137} INFO - [2023-03-17T03:13:36.438+0000] {dag.py:2693} INFO - Sync 1 DAGs
[2023-03-17T03:13:36.473+0000] {logging_mixin.py:137} INFO - [2023-03-17T03:13:36.473+0000] {dag.py:3444} INFO - Setting next_dagrun for example_dag_decorator to None, run_after=None
[2023-03-17T03:13:36.502+0000] {processor.py:175} INFO - Processing /home/airflow/.local/lib/python3.7/site-packages/airflow/example_dags/example_dag_decorator.py took 0.189 seconds
[2023-03-17T03:14:06.781+0000] {processor.py:153} INFO - Started process (PID=1519) to work on /home/airflow/.local/lib/python3.7/site-packages/airflow/example_dags/example_dag_decorator.py
[2023-03-17T03:14:06.782+0000] {processor.py:743} INFO - Processing file /home/airflow/.local/lib/python3.7/site-packages/airflow/example_dags/example_dag_decorator.py for tasks to queue
[2023-03-17T03:14:06.783+0000] {logging_mixin.py:137} INFO - [2023-03-17T03:14:06.783+0000] {dagbag.py:532} INFO - Filling up the DagBag from /home/airflow/.local/lib/python3.7/site-packages/airflow/example_dags/example_dag_decorator.py
[2023-03-17T03:14:06.806+0000] {logging_mixin.py:137} INFO - [2023-03-17T03:14:06.806+0000] {taskmixin.py:211} WARNING - Dependency <Task(_PythonDecoratedOperator): prepare_email>, send_email already registered for DAG: example_dag_decorator
[2023-03-17T03:14:06.806+0000] {logging_mixin.py:137} INFO - [2023-03-17T03:14:06.806+0000] {taskmixin.py:211} WARNING - Dependency <Task(EmailOperator): send_email>, prepare_email already registered for DAG: example_dag_decorator
[2023-03-17T03:14:06.820+0000] {processor.py:753} INFO - DAG(s) dict_keys(['example_dag_decorator']) retrieved from /home/airflow/.local/lib/python3.7/site-packages/airflow/example_dags/example_dag_decorator.py
[2023-03-17T03:14:06.901+0000] {logging_mixin.py:137} INFO - [2023-03-17T03:14:06.900+0000] {dag.py:2693} INFO - Sync 1 DAGs
[2023-03-17T03:14:06.934+0000] {logging_mixin.py:137} INFO - [2023-03-17T03:14:06.933+0000] {dag.py:3444} INFO - Setting next_dagrun for example_dag_decorator to None, run_after=None
[2023-03-17T03:14:06.959+0000] {processor.py:175} INFO - Processing /home/airflow/.local/lib/python3.7/site-packages/airflow/example_dags/example_dag_decorator.py took 0.182 seconds
[2023-03-17T03:14:37.156+0000] {processor.py:153} INFO - Started process (PID=1741) to work on /home/airflow/.local/lib/python3.7/site-packages/airflow/example_dags/example_dag_decorator.py
[2023-03-17T03:14:37.158+0000] {processor.py:743} INFO - Processing file /home/airflow/.local/lib/python3.7/site-packages/airflow/example_dags/example_dag_decorator.py for tasks to queue
[2023-03-17T03:14:37.159+0000] {logging_mixin.py:137} INFO - [2023-03-17T03:14:37.159+0000] {dagbag.py:532} INFO - Filling up the DagBag from /home/airflow/.local/lib/python3.7/site-packages/airflow/example_dags/example_dag_decorator.py
[2023-03-17T03:14:37.180+0000] {logging_mixin.py:137} INFO - [2023-03-17T03:14:37.180+0000] {taskmixin.py:211} WARNING - Dependency <Task(_PythonDecoratedOperator): prepare_email>, send_email already registered for DAG: example_dag_decorator
[2023-03-17T03:14:37.180+0000] {logging_mixin.py:137} INFO - [2023-03-17T03:14:37.180+0000] {taskmixin.py:211} WARNING - Dependency <Task(EmailOperator): send_email>, prepare_email already registered for DAG: example_dag_decorator
[2023-03-17T03:14:37.194+0000] {processor.py:753} INFO - DAG(s) dict_keys(['example_dag_decorator']) retrieved from /home/airflow/.local/lib/python3.7/site-packages/airflow/example_dags/example_dag_decorator.py
[2023-03-17T03:14:37.286+0000] {logging_mixin.py:137} INFO - [2023-03-17T03:14:37.286+0000] {dag.py:2693} INFO - Sync 1 DAGs
[2023-03-17T03:14:37.315+0000] {logging_mixin.py:137} INFO - [2023-03-17T03:14:37.315+0000] {dag.py:3444} INFO - Setting next_dagrun for example_dag_decorator to None, run_after=None
[2023-03-17T03:14:37.342+0000] {processor.py:175} INFO - Processing /home/airflow/.local/lib/python3.7/site-packages/airflow/example_dags/example_dag_decorator.py took 0.189 seconds
[2023-03-17T03:15:07.670+0000] {processor.py:153} INFO - Started process (PID=1953) to work on /home/airflow/.local/lib/python3.7/site-packages/airflow/example_dags/example_dag_decorator.py
[2023-03-17T03:15:07.671+0000] {processor.py:743} INFO - Processing file /home/airflow/.local/lib/python3.7/site-packages/airflow/example_dags/example_dag_decorator.py for tasks to queue
[2023-03-17T03:15:07.672+0000] {logging_mixin.py:137} INFO - [2023-03-17T03:15:07.672+0000] {dagbag.py:532} INFO - Filling up the DagBag from /home/airflow/.local/lib/python3.7/site-packages/airflow/example_dags/example_dag_decorator.py
[2023-03-17T03:15:07.695+0000] {logging_mixin.py:137} INFO - [2023-03-17T03:15:07.694+0000] {taskmixin.py:211} WARNING - Dependency <Task(_PythonDecoratedOperator): prepare_email>, send_email already registered for DAG: example_dag_decorator
[2023-03-17T03:15:07.695+0000] {logging_mixin.py:137} INFO - [2023-03-17T03:15:07.695+0000] {taskmixin.py:211} WARNING - Dependency <Task(EmailOperator): send_email>, prepare_email already registered for DAG: example_dag_decorator
[2023-03-17T03:15:07.708+0000] {processor.py:753} INFO - DAG(s) dict_keys(['example_dag_decorator']) retrieved from /home/airflow/.local/lib/python3.7/site-packages/airflow/example_dags/example_dag_decorator.py
[2023-03-17T03:15:07.795+0000] {logging_mixin.py:137} INFO - [2023-03-17T03:15:07.795+0000] {dag.py:2693} INFO - Sync 1 DAGs
[2023-03-17T03:15:07.828+0000] {logging_mixin.py:137} INFO - [2023-03-17T03:15:07.828+0000] {dag.py:3444} INFO - Setting next_dagrun for example_dag_decorator to None, run_after=None
[2023-03-17T03:15:07.856+0000] {processor.py:175} INFO - Processing /home/airflow/.local/lib/python3.7/site-packages/airflow/example_dags/example_dag_decorator.py took 0.190 seconds
[2023-03-17T03:15:38.257+0000] {processor.py:153} INFO - Started process (PID=2170) to work on /home/airflow/.local/lib/python3.7/site-packages/airflow/example_dags/example_dag_decorator.py
[2023-03-17T03:15:38.258+0000] {processor.py:743} INFO - Processing file /home/airflow/.local/lib/python3.7/site-packages/airflow/example_dags/example_dag_decorator.py for tasks to queue
[2023-03-17T03:15:38.259+0000] {logging_mixin.py:137} INFO - [2023-03-17T03:15:38.259+0000] {dagbag.py:532} INFO - Filling up the DagBag from /home/airflow/.local/lib/python3.7/site-packages/airflow/example_dags/example_dag_decorator.py
[2023-03-17T03:15:38.278+0000] {logging_mixin.py:137} INFO - [2023-03-17T03:15:38.278+0000] {taskmixin.py:211} WARNING - Dependency <Task(_PythonDecoratedOperator): prepare_email>, send_email already registered for DAG: example_dag_decorator
[2023-03-17T03:15:38.279+0000] {logging_mixin.py:137} INFO - [2023-03-17T03:15:38.279+0000] {taskmixin.py:211} WARNING - Dependency <Task(EmailOperator): send_email>, prepare_email already registered for DAG: example_dag_decorator
[2023-03-17T03:15:38.292+0000] {processor.py:753} INFO - DAG(s) dict_keys(['example_dag_decorator']) retrieved from /home/airflow/.local/lib/python3.7/site-packages/airflow/example_dags/example_dag_decorator.py
[2023-03-17T03:15:38.372+0000] {logging_mixin.py:137} INFO - [2023-03-17T03:15:38.372+0000] {dag.py:2693} INFO - Sync 1 DAGs
[2023-03-17T03:15:38.402+0000] {logging_mixin.py:137} INFO - [2023-03-17T03:15:38.402+0000] {dag.py:3444} INFO - Setting next_dagrun for example_dag_decorator to None, run_after=None
[2023-03-17T03:15:38.428+0000] {processor.py:175} INFO - Processing /home/airflow/.local/lib/python3.7/site-packages/airflow/example_dags/example_dag_decorator.py took 0.174 seconds
[2023-03-17T03:16:08.686+0000] {processor.py:153} INFO - Started process (PID=2388) to work on /home/airflow/.local/lib/python3.7/site-packages/airflow/example_dags/example_dag_decorator.py
[2023-03-17T03:16:08.687+0000] {processor.py:743} INFO - Processing file /home/airflow/.local/lib/python3.7/site-packages/airflow/example_dags/example_dag_decorator.py for tasks to queue
[2023-03-17T03:16:08.688+0000] {logging_mixin.py:137} INFO - [2023-03-17T03:16:08.688+0000] {dagbag.py:532} INFO - Filling up the DagBag from /home/airflow/.local/lib/python3.7/site-packages/airflow/example_dags/example_dag_decorator.py
[2023-03-17T03:16:08.708+0000] {logging_mixin.py:137} INFO - [2023-03-17T03:16:08.708+0000] {taskmixin.py:211} WARNING - Dependency <Task(_PythonDecoratedOperator): prepare_email>, send_email already registered for DAG: example_dag_decorator
[2023-03-17T03:16:08.709+0000] {logging_mixin.py:137} INFO - [2023-03-17T03:16:08.709+0000] {taskmixin.py:211} WARNING - Dependency <Task(EmailOperator): send_email>, prepare_email already registered for DAG: example_dag_decorator
[2023-03-17T03:16:08.722+0000] {processor.py:753} INFO - DAG(s) dict_keys(['example_dag_decorator']) retrieved from /home/airflow/.local/lib/python3.7/site-packages/airflow/example_dags/example_dag_decorator.py
[2023-03-17T03:16:08.804+0000] {logging_mixin.py:137} INFO - [2023-03-17T03:16:08.804+0000] {dag.py:2693} INFO - Sync 1 DAGs
[2023-03-17T03:16:08.833+0000] {logging_mixin.py:137} INFO - [2023-03-17T03:16:08.833+0000] {dag.py:3444} INFO - Setting next_dagrun for example_dag_decorator to None, run_after=None
[2023-03-17T03:16:08.860+0000] {processor.py:175} INFO - Processing /home/airflow/.local/lib/python3.7/site-packages/airflow/example_dags/example_dag_decorator.py took 0.178 seconds
[2023-03-17T03:16:39.389+0000] {processor.py:153} INFO - Started process (PID=2605) to work on /home/airflow/.local/lib/python3.7/site-packages/airflow/example_dags/example_dag_decorator.py
[2023-03-17T03:16:39.390+0000] {processor.py:743} INFO - Processing file /home/airflow/.local/lib/python3.7/site-packages/airflow/example_dags/example_dag_decorator.py for tasks to queue
[2023-03-17T03:16:39.391+0000] {logging_mixin.py:137} INFO - [2023-03-17T03:16:39.391+0000] {dagbag.py:532} INFO - Filling up the DagBag from /home/airflow/.local/lib/python3.7/site-packages/airflow/example_dags/example_dag_decorator.py
[2023-03-17T03:16:39.411+0000] {logging_mixin.py:137} INFO - [2023-03-17T03:16:39.411+0000] {taskmixin.py:211} WARNING - Dependency <Task(_PythonDecoratedOperator): prepare_email>, send_email already registered for DAG: example_dag_decorator
[2023-03-17T03:16:39.412+0000] {logging_mixin.py:137} INFO - [2023-03-17T03:16:39.412+0000] {taskmixin.py:211} WARNING - Dependency <Task(EmailOperator): send_email>, prepare_email already registered for DAG: example_dag_decorator
[2023-03-17T03:16:39.425+0000] {processor.py:753} INFO - DAG(s) dict_keys(['example_dag_decorator']) retrieved from /home/airflow/.local/lib/python3.7/site-packages/airflow/example_dags/example_dag_decorator.py
[2023-03-17T03:16:39.508+0000] {logging_mixin.py:137} INFO - [2023-03-17T03:16:39.508+0000] {dag.py:2693} INFO - Sync 1 DAGs
[2023-03-17T03:16:39.537+0000] {logging_mixin.py:137} INFO - [2023-03-17T03:16:39.537+0000] {dag.py:3444} INFO - Setting next_dagrun for example_dag_decorator to None, run_after=None
[2023-03-17T03:16:39.564+0000] {processor.py:175} INFO - Processing /home/airflow/.local/lib/python3.7/site-packages/airflow/example_dags/example_dag_decorator.py took 0.178 seconds
[2023-03-17T03:17:09.886+0000] {processor.py:153} INFO - Started process (PID=2822) to work on /home/airflow/.local/lib/python3.7/site-packages/airflow/example_dags/example_dag_decorator.py
[2023-03-17T03:17:09.887+0000] {processor.py:743} INFO - Processing file /home/airflow/.local/lib/python3.7/site-packages/airflow/example_dags/example_dag_decorator.py for tasks to queue
[2023-03-17T03:17:09.888+0000] {logging_mixin.py:137} INFO - [2023-03-17T03:17:09.888+0000] {dagbag.py:532} INFO - Filling up the DagBag from /home/airflow/.local/lib/python3.7/site-packages/airflow/example_dags/example_dag_decorator.py
[2023-03-17T03:17:09.908+0000] {logging_mixin.py:137} INFO - [2023-03-17T03:17:09.907+0000] {taskmixin.py:211} WARNING - Dependency <Task(_PythonDecoratedOperator): prepare_email>, send_email already registered for DAG: example_dag_decorator
[2023-03-17T03:17:09.908+0000] {logging_mixin.py:137} INFO - [2023-03-17T03:17:09.908+0000] {taskmixin.py:211} WARNING - Dependency <Task(EmailOperator): send_email>, prepare_email already registered for DAG: example_dag_decorator
[2023-03-17T03:17:09.922+0000] {processor.py:753} INFO - DAG(s) dict_keys(['example_dag_decorator']) retrieved from /home/airflow/.local/lib/python3.7/site-packages/airflow/example_dags/example_dag_decorator.py
[2023-03-17T03:17:10.005+0000] {logging_mixin.py:137} INFO - [2023-03-17T03:17:10.005+0000] {dag.py:2693} INFO - Sync 1 DAGs
[2023-03-17T03:17:10.035+0000] {logging_mixin.py:137} INFO - [2023-03-17T03:17:10.035+0000] {dag.py:3444} INFO - Setting next_dagrun for example_dag_decorator to None, run_after=None
[2023-03-17T03:17:10.063+0000] {processor.py:175} INFO - Processing /home/airflow/.local/lib/python3.7/site-packages/airflow/example_dags/example_dag_decorator.py took 0.181 seconds
[2023-03-17T03:17:40.292+0000] {processor.py:153} INFO - Started process (PID=3039) to work on /home/airflow/.local/lib/python3.7/site-packages/airflow/example_dags/example_dag_decorator.py
[2023-03-17T03:17:40.293+0000] {processor.py:743} INFO - Processing file /home/airflow/.local/lib/python3.7/site-packages/airflow/example_dags/example_dag_decorator.py for tasks to queue
[2023-03-17T03:17:40.294+0000] {logging_mixin.py:137} INFO - [2023-03-17T03:17:40.294+0000] {dagbag.py:532} INFO - Filling up the DagBag from /home/airflow/.local/lib/python3.7/site-packages/airflow/example_dags/example_dag_decorator.py
[2023-03-17T03:17:40.314+0000] {logging_mixin.py:137} INFO - [2023-03-17T03:17:40.314+0000] {taskmixin.py:211} WARNING - Dependency <Task(_PythonDecoratedOperator): prepare_email>, send_email already registered for DAG: example_dag_decorator
[2023-03-17T03:17:40.315+0000] {logging_mixin.py:137} INFO - [2023-03-17T03:17:40.315+0000] {taskmixin.py:211} WARNING - Dependency <Task(EmailOperator): send_email>, prepare_email already registered for DAG: example_dag_decorator
[2023-03-17T03:17:40.329+0000] {processor.py:753} INFO - DAG(s) dict_keys(['example_dag_decorator']) retrieved from /home/airflow/.local/lib/python3.7/site-packages/airflow/example_dags/example_dag_decorator.py
[2023-03-17T03:17:40.410+0000] {logging_mixin.py:137} INFO - [2023-03-17T03:17:40.410+0000] {dag.py:2693} INFO - Sync 1 DAGs
[2023-03-17T03:17:40.442+0000] {logging_mixin.py:137} INFO - [2023-03-17T03:17:40.442+0000] {dag.py:3444} INFO - Setting next_dagrun for example_dag_decorator to None, run_after=None
[2023-03-17T03:17:40.469+0000] {processor.py:175} INFO - Processing /home/airflow/.local/lib/python3.7/site-packages/airflow/example_dags/example_dag_decorator.py took 0.182 seconds
[2023-03-17T03:18:10.745+0000] {processor.py:153} INFO - Started process (PID=3256) to work on /home/airflow/.local/lib/python3.7/site-packages/airflow/example_dags/example_dag_decorator.py
[2023-03-17T03:18:10.746+0000] {processor.py:743} INFO - Processing file /home/airflow/.local/lib/python3.7/site-packages/airflow/example_dags/example_dag_decorator.py for tasks to queue
[2023-03-17T03:18:10.747+0000] {logging_mixin.py:137} INFO - [2023-03-17T03:18:10.747+0000] {dagbag.py:532} INFO - Filling up the DagBag from /home/airflow/.local/lib/python3.7/site-packages/airflow/example_dags/example_dag_decorator.py
[2023-03-17T03:18:10.767+0000] {logging_mixin.py:137} INFO - [2023-03-17T03:18:10.766+0000] {taskmixin.py:211} WARNING - Dependency <Task(_PythonDecoratedOperator): prepare_email>, send_email already registered for DAG: example_dag_decorator
[2023-03-17T03:18:10.767+0000] {logging_mixin.py:137} INFO - [2023-03-17T03:18:10.767+0000] {taskmixin.py:211} WARNING - Dependency <Task(EmailOperator): send_email>, prepare_email already registered for DAG: example_dag_decorator
[2023-03-17T03:18:10.781+0000] {processor.py:753} INFO - DAG(s) dict_keys(['example_dag_decorator']) retrieved from /home/airflow/.local/lib/python3.7/site-packages/airflow/example_dags/example_dag_decorator.py
[2023-03-17T03:18:10.864+0000] {logging_mixin.py:137} INFO - [2023-03-17T03:18:10.864+0000] {dag.py:2693} INFO - Sync 1 DAGs
[2023-03-17T03:18:10.903+0000] {logging_mixin.py:137} INFO - [2023-03-17T03:18:10.903+0000] {dag.py:3444} INFO - Setting next_dagrun for example_dag_decorator to None, run_after=None
[2023-03-17T03:18:10.937+0000] {processor.py:175} INFO - Processing /home/airflow/.local/lib/python3.7/site-packages/airflow/example_dags/example_dag_decorator.py took 0.195 seconds
[2023-03-17T03:18:41.249+0000] {processor.py:153} INFO - Started process (PID=3474) to work on /home/airflow/.local/lib/python3.7/site-packages/airflow/example_dags/example_dag_decorator.py
[2023-03-17T03:18:41.250+0000] {processor.py:743} INFO - Processing file /home/airflow/.local/lib/python3.7/site-packages/airflow/example_dags/example_dag_decorator.py for tasks to queue
[2023-03-17T03:18:41.251+0000] {logging_mixin.py:137} INFO - [2023-03-17T03:18:41.251+0000] {dagbag.py:532} INFO - Filling up the DagBag from /home/airflow/.local/lib/python3.7/site-packages/airflow/example_dags/example_dag_decorator.py
[2023-03-17T03:18:41.271+0000] {logging_mixin.py:137} INFO - [2023-03-17T03:18:41.271+0000] {taskmixin.py:211} WARNING - Dependency <Task(_PythonDecoratedOperator): prepare_email>, send_email already registered for DAG: example_dag_decorator
[2023-03-17T03:18:41.272+0000] {logging_mixin.py:137} INFO - [2023-03-17T03:18:41.272+0000] {taskmixin.py:211} WARNING - Dependency <Task(EmailOperator): send_email>, prepare_email already registered for DAG: example_dag_decorator
[2023-03-17T03:18:41.285+0000] {processor.py:753} INFO - DAG(s) dict_keys(['example_dag_decorator']) retrieved from /home/airflow/.local/lib/python3.7/site-packages/airflow/example_dags/example_dag_decorator.py
[2023-03-17T03:18:41.370+0000] {logging_mixin.py:137} INFO - [2023-03-17T03:18:41.369+0000] {dag.py:2693} INFO - Sync 1 DAGs
[2023-03-17T03:18:41.398+0000] {logging_mixin.py:137} INFO - [2023-03-17T03:18:41.398+0000] {dag.py:3444} INFO - Setting next_dagrun for example_dag_decorator to None, run_after=None
[2023-03-17T03:18:41.426+0000] {processor.py:175} INFO - Processing /home/airflow/.local/lib/python3.7/site-packages/airflow/example_dags/example_dag_decorator.py took 0.181 seconds
[2023-03-17T03:19:11.768+0000] {processor.py:153} INFO - Started process (PID=3691) to work on /home/airflow/.local/lib/python3.7/site-packages/airflow/example_dags/example_dag_decorator.py
[2023-03-17T03:19:11.769+0000] {processor.py:743} INFO - Processing file /home/airflow/.local/lib/python3.7/site-packages/airflow/example_dags/example_dag_decorator.py for tasks to queue
[2023-03-17T03:19:11.770+0000] {logging_mixin.py:137} INFO - [2023-03-17T03:19:11.770+0000] {dagbag.py:532} INFO - Filling up the DagBag from /home/airflow/.local/lib/python3.7/site-packages/airflow/example_dags/example_dag_decorator.py
[2023-03-17T03:19:11.791+0000] {logging_mixin.py:137} INFO - [2023-03-17T03:19:11.791+0000] {taskmixin.py:211} WARNING - Dependency <Task(_PythonDecoratedOperator): prepare_email>, send_email already registered for DAG: example_dag_decorator
[2023-03-17T03:19:11.792+0000] {logging_mixin.py:137} INFO - [2023-03-17T03:19:11.792+0000] {taskmixin.py:211} WARNING - Dependency <Task(EmailOperator): send_email>, prepare_email already registered for DAG: example_dag_decorator
[2023-03-17T03:19:11.806+0000] {processor.py:753} INFO - DAG(s) dict_keys(['example_dag_decorator']) retrieved from /home/airflow/.local/lib/python3.7/site-packages/airflow/example_dags/example_dag_decorator.py
[2023-03-17T03:19:11.889+0000] {logging_mixin.py:137} INFO - [2023-03-17T03:19:11.889+0000] {dag.py:2693} INFO - Sync 1 DAGs
[2023-03-17T03:19:11.923+0000] {logging_mixin.py:137} INFO - [2023-03-17T03:19:11.923+0000] {dag.py:3444} INFO - Setting next_dagrun for example_dag_decorator to None, run_after=None
[2023-03-17T03:19:11.950+0000] {processor.py:175} INFO - Processing /home/airflow/.local/lib/python3.7/site-packages/airflow/example_dags/example_dag_decorator.py took 0.185 seconds
[2023-03-17T03:19:42.535+0000] {processor.py:153} INFO - Started process (PID=3908) to work on /home/airflow/.local/lib/python3.7/site-packages/airflow/example_dags/example_dag_decorator.py
[2023-03-17T03:19:42.537+0000] {processor.py:743} INFO - Processing file /home/airflow/.local/lib/python3.7/site-packages/airflow/example_dags/example_dag_decorator.py for tasks to queue
[2023-03-17T03:19:42.538+0000] {logging_mixin.py:137} INFO - [2023-03-17T03:19:42.538+0000] {dagbag.py:532} INFO - Filling up the DagBag from /home/airflow/.local/lib/python3.7/site-packages/airflow/example_dags/example_dag_decorator.py
[2023-03-17T03:19:42.559+0000] {logging_mixin.py:137} INFO - [2023-03-17T03:19:42.558+0000] {taskmixin.py:211} WARNING - Dependency <Task(_PythonDecoratedOperator): prepare_email>, send_email already registered for DAG: example_dag_decorator
[2023-03-17T03:19:42.559+0000] {logging_mixin.py:137} INFO - [2023-03-17T03:19:42.559+0000] {taskmixin.py:211} WARNING - Dependency <Task(EmailOperator): send_email>, prepare_email already registered for DAG: example_dag_decorator
[2023-03-17T03:19:42.572+0000] {processor.py:753} INFO - DAG(s) dict_keys(['example_dag_decorator']) retrieved from /home/airflow/.local/lib/python3.7/site-packages/airflow/example_dags/example_dag_decorator.py
[2023-03-17T03:19:42.655+0000] {logging_mixin.py:137} INFO - [2023-03-17T03:19:42.655+0000] {dag.py:2693} INFO - Sync 1 DAGs
[2023-03-17T03:19:42.690+0000] {logging_mixin.py:137} INFO - [2023-03-17T03:19:42.690+0000] {dag.py:3444} INFO - Setting next_dagrun for example_dag_decorator to None, run_after=None
[2023-03-17T03:19:42.717+0000] {processor.py:175} INFO - Processing /home/airflow/.local/lib/python3.7/site-packages/airflow/example_dags/example_dag_decorator.py took 0.186 seconds
[2023-03-17T03:20:12.996+0000] {processor.py:153} INFO - Started process (PID=4125) to work on /home/airflow/.local/lib/python3.7/site-packages/airflow/example_dags/example_dag_decorator.py
[2023-03-17T03:20:12.997+0000] {processor.py:743} INFO - Processing file /home/airflow/.local/lib/python3.7/site-packages/airflow/example_dags/example_dag_decorator.py for tasks to queue
[2023-03-17T03:20:12.999+0000] {logging_mixin.py:137} INFO - [2023-03-17T03:20:12.998+0000] {dagbag.py:532} INFO - Filling up the DagBag from /home/airflow/.local/lib/python3.7/site-packages/airflow/example_dags/example_dag_decorator.py
[2023-03-17T03:20:13.018+0000] {logging_mixin.py:137} INFO - [2023-03-17T03:20:13.018+0000] {taskmixin.py:211} WARNING - Dependency <Task(_PythonDecoratedOperator): prepare_email>, send_email already registered for DAG: example_dag_decorator
[2023-03-17T03:20:13.019+0000] {logging_mixin.py:137} INFO - [2023-03-17T03:20:13.019+0000] {taskmixin.py:211} WARNING - Dependency <Task(EmailOperator): send_email>, prepare_email already registered for DAG: example_dag_decorator
[2023-03-17T03:20:13.032+0000] {processor.py:753} INFO - DAG(s) dict_keys(['example_dag_decorator']) retrieved from /home/airflow/.local/lib/python3.7/site-packages/airflow/example_dags/example_dag_decorator.py
[2023-03-17T03:20:13.116+0000] {logging_mixin.py:137} INFO - [2023-03-17T03:20:13.116+0000] {dag.py:2693} INFO - Sync 1 DAGs
[2023-03-17T03:20:13.145+0000] {logging_mixin.py:137} INFO - [2023-03-17T03:20:13.145+0000] {dag.py:3444} INFO - Setting next_dagrun for example_dag_decorator to None, run_after=None
[2023-03-17T03:20:13.172+0000] {processor.py:175} INFO - Processing /home/airflow/.local/lib/python3.7/site-packages/airflow/example_dags/example_dag_decorator.py took 0.179 seconds
[2023-03-17T03:20:43.371+0000] {processor.py:153} INFO - Started process (PID=4342) to work on /home/airflow/.local/lib/python3.7/site-packages/airflow/example_dags/example_dag_decorator.py
[2023-03-17T03:20:43.372+0000] {processor.py:743} INFO - Processing file /home/airflow/.local/lib/python3.7/site-packages/airflow/example_dags/example_dag_decorator.py for tasks to queue
[2023-03-17T03:20:43.373+0000] {logging_mixin.py:137} INFO - [2023-03-17T03:20:43.372+0000] {dagbag.py:532} INFO - Filling up the DagBag from /home/airflow/.local/lib/python3.7/site-packages/airflow/example_dags/example_dag_decorator.py
[2023-03-17T03:20:43.392+0000] {logging_mixin.py:137} INFO - [2023-03-17T03:20:43.392+0000] {taskmixin.py:211} WARNING - Dependency <Task(_PythonDecoratedOperator): prepare_email>, send_email already registered for DAG: example_dag_decorator
[2023-03-17T03:20:43.393+0000] {logging_mixin.py:137} INFO - [2023-03-17T03:20:43.393+0000] {taskmixin.py:211} WARNING - Dependency <Task(EmailOperator): send_email>, prepare_email already registered for DAG: example_dag_decorator
[2023-03-17T03:20:43.406+0000] {processor.py:753} INFO - DAG(s) dict_keys(['example_dag_decorator']) retrieved from /home/airflow/.local/lib/python3.7/site-packages/airflow/example_dags/example_dag_decorator.py
[2023-03-17T03:20:43.490+0000] {logging_mixin.py:137} INFO - [2023-03-17T03:20:43.490+0000] {dag.py:2693} INFO - Sync 1 DAGs
[2023-03-17T03:20:43.519+0000] {logging_mixin.py:137} INFO - [2023-03-17T03:20:43.519+0000] {dag.py:3444} INFO - Setting next_dagrun for example_dag_decorator to None, run_after=None
[2023-03-17T03:20:43.549+0000] {processor.py:175} INFO - Processing /home/airflow/.local/lib/python3.7/site-packages/airflow/example_dags/example_dag_decorator.py took 0.182 seconds
[2023-03-17T03:21:13.903+0000] {processor.py:153} INFO - Started process (PID=4559) to work on /home/airflow/.local/lib/python3.7/site-packages/airflow/example_dags/example_dag_decorator.py
[2023-03-17T03:21:13.905+0000] {processor.py:743} INFO - Processing file /home/airflow/.local/lib/python3.7/site-packages/airflow/example_dags/example_dag_decorator.py for tasks to queue
[2023-03-17T03:21:13.906+0000] {logging_mixin.py:137} INFO - [2023-03-17T03:21:13.906+0000] {dagbag.py:532} INFO - Filling up the DagBag from /home/airflow/.local/lib/python3.7/site-packages/airflow/example_dags/example_dag_decorator.py
[2023-03-17T03:21:13.930+0000] {logging_mixin.py:137} INFO - [2023-03-17T03:21:13.930+0000] {taskmixin.py:211} WARNING - Dependency <Task(_PythonDecoratedOperator): prepare_email>, send_email already registered for DAG: example_dag_decorator
[2023-03-17T03:21:13.931+0000] {logging_mixin.py:137} INFO - [2023-03-17T03:21:13.931+0000] {taskmixin.py:211} WARNING - Dependency <Task(EmailOperator): send_email>, prepare_email already registered for DAG: example_dag_decorator
[2023-03-17T03:21:13.946+0000] {processor.py:753} INFO - DAG(s) dict_keys(['example_dag_decorator']) retrieved from /home/airflow/.local/lib/python3.7/site-packages/airflow/example_dags/example_dag_decorator.py
[2023-03-17T03:21:14.031+0000] {logging_mixin.py:137} INFO - [2023-03-17T03:21:14.031+0000] {dag.py:2693} INFO - Sync 1 DAGs
[2023-03-17T03:21:14.068+0000] {logging_mixin.py:137} INFO - [2023-03-17T03:21:14.068+0000] {dag.py:3444} INFO - Setting next_dagrun for example_dag_decorator to None, run_after=None
[2023-03-17T03:21:14.095+0000] {processor.py:175} INFO - Processing /home/airflow/.local/lib/python3.7/site-packages/airflow/example_dags/example_dag_decorator.py took 0.197 seconds
[2023-03-17T03:21:44.708+0000] {processor.py:153} INFO - Started process (PID=4778) to work on /home/airflow/.local/lib/python3.7/site-packages/airflow/example_dags/example_dag_decorator.py
[2023-03-17T03:21:44.709+0000] {processor.py:743} INFO - Processing file /home/airflow/.local/lib/python3.7/site-packages/airflow/example_dags/example_dag_decorator.py for tasks to queue
[2023-03-17T03:21:44.710+0000] {logging_mixin.py:137} INFO - [2023-03-17T03:21:44.710+0000] {dagbag.py:532} INFO - Filling up the DagBag from /home/airflow/.local/lib/python3.7/site-packages/airflow/example_dags/example_dag_decorator.py
[2023-03-17T03:21:44.734+0000] {logging_mixin.py:137} INFO - [2023-03-17T03:21:44.734+0000] {taskmixin.py:211} WARNING - Dependency <Task(_PythonDecoratedOperator): prepare_email>, send_email already registered for DAG: example_dag_decorator
[2023-03-17T03:21:44.735+0000] {logging_mixin.py:137} INFO - [2023-03-17T03:21:44.734+0000] {taskmixin.py:211} WARNING - Dependency <Task(EmailOperator): send_email>, prepare_email already registered for DAG: example_dag_decorator
[2023-03-17T03:21:44.748+0000] {processor.py:753} INFO - DAG(s) dict_keys(['example_dag_decorator']) retrieved from /home/airflow/.local/lib/python3.7/site-packages/airflow/example_dags/example_dag_decorator.py
[2023-03-17T03:21:44.834+0000] {logging_mixin.py:137} INFO - [2023-03-17T03:21:44.833+0000] {dag.py:2693} INFO - Sync 1 DAGs
[2023-03-17T03:21:44.864+0000] {logging_mixin.py:137} INFO - [2023-03-17T03:21:44.864+0000] {dag.py:3444} INFO - Setting next_dagrun for example_dag_decorator to None, run_after=None
[2023-03-17T03:21:44.890+0000] {processor.py:175} INFO - Processing /home/airflow/.local/lib/python3.7/site-packages/airflow/example_dags/example_dag_decorator.py took 0.185 seconds
[2023-03-17T03:22:15.031+0000] {processor.py:153} INFO - Started process (PID=4998) to work on /home/airflow/.local/lib/python3.7/site-packages/airflow/example_dags/example_dag_decorator.py
[2023-03-17T03:22:15.032+0000] {processor.py:743} INFO - Processing file /home/airflow/.local/lib/python3.7/site-packages/airflow/example_dags/example_dag_decorator.py for tasks to queue
[2023-03-17T03:22:15.034+0000] {logging_mixin.py:137} INFO - [2023-03-17T03:22:15.034+0000] {dagbag.py:532} INFO - Filling up the DagBag from /home/airflow/.local/lib/python3.7/site-packages/airflow/example_dags/example_dag_decorator.py
[2023-03-17T03:22:15.055+0000] {logging_mixin.py:137} INFO - [2023-03-17T03:22:15.055+0000] {taskmixin.py:211} WARNING - Dependency <Task(_PythonDecoratedOperator): prepare_email>, send_email already registered for DAG: example_dag_decorator
[2023-03-17T03:22:15.056+0000] {logging_mixin.py:137} INFO - [2023-03-17T03:22:15.055+0000] {taskmixin.py:211} WARNING - Dependency <Task(EmailOperator): send_email>, prepare_email already registered for DAG: example_dag_decorator
[2023-03-17T03:22:15.069+0000] {processor.py:753} INFO - DAG(s) dict_keys(['example_dag_decorator']) retrieved from /home/airflow/.local/lib/python3.7/site-packages/airflow/example_dags/example_dag_decorator.py
[2023-03-17T03:22:15.158+0000] {logging_mixin.py:137} INFO - [2023-03-17T03:22:15.158+0000] {dag.py:2693} INFO - Sync 1 DAGs
[2023-03-17T03:22:15.186+0000] {logging_mixin.py:137} INFO - [2023-03-17T03:22:15.186+0000] {dag.py:3444} INFO - Setting next_dagrun for example_dag_decorator to None, run_after=None
[2023-03-17T03:22:15.213+0000] {processor.py:175} INFO - Processing /home/airflow/.local/lib/python3.7/site-packages/airflow/example_dags/example_dag_decorator.py took 0.186 seconds
[2023-03-17T03:22:45.487+0000] {processor.py:153} INFO - Started process (PID=5211) to work on /home/airflow/.local/lib/python3.7/site-packages/airflow/example_dags/example_dag_decorator.py
[2023-03-17T03:22:45.488+0000] {processor.py:743} INFO - Processing file /home/airflow/.local/lib/python3.7/site-packages/airflow/example_dags/example_dag_decorator.py for tasks to queue
[2023-03-17T03:22:45.489+0000] {logging_mixin.py:137} INFO - [2023-03-17T03:22:45.489+0000] {dagbag.py:532} INFO - Filling up the DagBag from /home/airflow/.local/lib/python3.7/site-packages/airflow/example_dags/example_dag_decorator.py
[2023-03-17T03:22:45.512+0000] {logging_mixin.py:137} INFO - [2023-03-17T03:22:45.512+0000] {taskmixin.py:211} WARNING - Dependency <Task(_PythonDecoratedOperator): prepare_email>, send_email already registered for DAG: example_dag_decorator
[2023-03-17T03:22:45.513+0000] {logging_mixin.py:137} INFO - [2023-03-17T03:22:45.513+0000] {taskmixin.py:211} WARNING - Dependency <Task(EmailOperator): send_email>, prepare_email already registered for DAG: example_dag_decorator
[2023-03-17T03:22:45.527+0000] {processor.py:753} INFO - DAG(s) dict_keys(['example_dag_decorator']) retrieved from /home/airflow/.local/lib/python3.7/site-packages/airflow/example_dags/example_dag_decorator.py
[2023-03-17T03:22:45.608+0000] {logging_mixin.py:137} INFO - [2023-03-17T03:22:45.608+0000] {dag.py:2693} INFO - Sync 1 DAGs
[2023-03-17T03:22:45.640+0000] {logging_mixin.py:137} INFO - [2023-03-17T03:22:45.639+0000] {dag.py:3444} INFO - Setting next_dagrun for example_dag_decorator to None, run_after=None
[2023-03-17T03:22:45.668+0000] {processor.py:175} INFO - Processing /home/airflow/.local/lib/python3.7/site-packages/airflow/example_dags/example_dag_decorator.py took 0.184 seconds
[2023-03-17T03:23:15.846+0000] {processor.py:153} INFO - Started process (PID=5433) to work on /home/airflow/.local/lib/python3.7/site-packages/airflow/example_dags/example_dag_decorator.py
[2023-03-17T03:23:15.847+0000] {processor.py:743} INFO - Processing file /home/airflow/.local/lib/python3.7/site-packages/airflow/example_dags/example_dag_decorator.py for tasks to queue
[2023-03-17T03:23:15.848+0000] {logging_mixin.py:137} INFO - [2023-03-17T03:23:15.848+0000] {dagbag.py:532} INFO - Filling up the DagBag from /home/airflow/.local/lib/python3.7/site-packages/airflow/example_dags/example_dag_decorator.py
[2023-03-17T03:23:15.869+0000] {logging_mixin.py:137} INFO - [2023-03-17T03:23:15.869+0000] {taskmixin.py:211} WARNING - Dependency <Task(_PythonDecoratedOperator): prepare_email>, send_email already registered for DAG: example_dag_decorator
[2023-03-17T03:23:15.870+0000] {logging_mixin.py:137} INFO - [2023-03-17T03:23:15.870+0000] {taskmixin.py:211} WARNING - Dependency <Task(EmailOperator): send_email>, prepare_email already registered for DAG: example_dag_decorator
[2023-03-17T03:23:15.890+0000] {processor.py:753} INFO - DAG(s) dict_keys(['example_dag_decorator']) retrieved from /home/airflow/.local/lib/python3.7/site-packages/airflow/example_dags/example_dag_decorator.py
[2023-03-17T03:23:16.002+0000] {logging_mixin.py:137} INFO - [2023-03-17T03:23:16.002+0000] {dag.py:2693} INFO - Sync 1 DAGs
[2023-03-17T03:23:16.035+0000] {logging_mixin.py:137} INFO - [2023-03-17T03:23:16.035+0000] {dag.py:3444} INFO - Setting next_dagrun for example_dag_decorator to None, run_after=None
[2023-03-17T03:23:16.063+0000] {processor.py:175} INFO - Processing /home/airflow/.local/lib/python3.7/site-packages/airflow/example_dags/example_dag_decorator.py took 0.221 seconds
[2023-03-17T03:23:46.379+0000] {processor.py:153} INFO - Started process (PID=5647) to work on /home/airflow/.local/lib/python3.7/site-packages/airflow/example_dags/example_dag_decorator.py
[2023-03-17T03:23:46.380+0000] {processor.py:743} INFO - Processing file /home/airflow/.local/lib/python3.7/site-packages/airflow/example_dags/example_dag_decorator.py for tasks to queue
[2023-03-17T03:23:46.381+0000] {logging_mixin.py:137} INFO - [2023-03-17T03:23:46.381+0000] {dagbag.py:532} INFO - Filling up the DagBag from /home/airflow/.local/lib/python3.7/site-packages/airflow/example_dags/example_dag_decorator.py
[2023-03-17T03:23:46.403+0000] {logging_mixin.py:137} INFO - [2023-03-17T03:23:46.403+0000] {taskmixin.py:211} WARNING - Dependency <Task(_PythonDecoratedOperator): prepare_email>, send_email already registered for DAG: example_dag_decorator
[2023-03-17T03:23:46.404+0000] {logging_mixin.py:137} INFO - [2023-03-17T03:23:46.404+0000] {taskmixin.py:211} WARNING - Dependency <Task(EmailOperator): send_email>, prepare_email already registered for DAG: example_dag_decorator
[2023-03-17T03:23:46.418+0000] {processor.py:753} INFO - DAG(s) dict_keys(['example_dag_decorator']) retrieved from /home/airflow/.local/lib/python3.7/site-packages/airflow/example_dags/example_dag_decorator.py
[2023-03-17T03:23:46.505+0000] {logging_mixin.py:137} INFO - [2023-03-17T03:23:46.505+0000] {dag.py:2693} INFO - Sync 1 DAGs
[2023-03-17T03:23:46.537+0000] {logging_mixin.py:137} INFO - [2023-03-17T03:23:46.537+0000] {dag.py:3444} INFO - Setting next_dagrun for example_dag_decorator to None, run_after=None
[2023-03-17T03:23:46.563+0000] {processor.py:175} INFO - Processing /home/airflow/.local/lib/python3.7/site-packages/airflow/example_dags/example_dag_decorator.py took 0.188 seconds
[2023-03-17T03:24:16.762+0000] {processor.py:153} INFO - Started process (PID=5867) to work on /home/airflow/.local/lib/python3.7/site-packages/airflow/example_dags/example_dag_decorator.py
[2023-03-17T03:24:16.763+0000] {processor.py:743} INFO - Processing file /home/airflow/.local/lib/python3.7/site-packages/airflow/example_dags/example_dag_decorator.py for tasks to queue
[2023-03-17T03:24:16.764+0000] {logging_mixin.py:137} INFO - [2023-03-17T03:24:16.764+0000] {dagbag.py:532} INFO - Filling up the DagBag from /home/airflow/.local/lib/python3.7/site-packages/airflow/example_dags/example_dag_decorator.py
[2023-03-17T03:24:16.785+0000] {logging_mixin.py:137} INFO - [2023-03-17T03:24:16.785+0000] {taskmixin.py:211} WARNING - Dependency <Task(_PythonDecoratedOperator): prepare_email>, send_email already registered for DAG: example_dag_decorator
[2023-03-17T03:24:16.785+0000] {logging_mixin.py:137} INFO - [2023-03-17T03:24:16.785+0000] {taskmixin.py:211} WARNING - Dependency <Task(EmailOperator): send_email>, prepare_email already registered for DAG: example_dag_decorator
[2023-03-17T03:24:16.799+0000] {processor.py:753} INFO - DAG(s) dict_keys(['example_dag_decorator']) retrieved from /home/airflow/.local/lib/python3.7/site-packages/airflow/example_dags/example_dag_decorator.py
[2023-03-17T03:24:16.885+0000] {logging_mixin.py:137} INFO - [2023-03-17T03:24:16.885+0000] {dag.py:2693} INFO - Sync 1 DAGs
[2023-03-17T03:24:16.914+0000] {logging_mixin.py:137} INFO - [2023-03-17T03:24:16.914+0000] {dag.py:3444} INFO - Setting next_dagrun for example_dag_decorator to None, run_after=None
[2023-03-17T03:24:16.945+0000] {processor.py:175} INFO - Processing /home/airflow/.local/lib/python3.7/site-packages/airflow/example_dags/example_dag_decorator.py took 0.187 seconds
[2023-03-17T03:24:47.297+0000] {processor.py:153} INFO - Started process (PID=6079) to work on /home/airflow/.local/lib/python3.7/site-packages/airflow/example_dags/example_dag_decorator.py
[2023-03-17T03:24:47.298+0000] {processor.py:743} INFO - Processing file /home/airflow/.local/lib/python3.7/site-packages/airflow/example_dags/example_dag_decorator.py for tasks to queue
[2023-03-17T03:24:47.299+0000] {logging_mixin.py:137} INFO - [2023-03-17T03:24:47.299+0000] {dagbag.py:532} INFO - Filling up the DagBag from /home/airflow/.local/lib/python3.7/site-packages/airflow/example_dags/example_dag_decorator.py
[2023-03-17T03:24:47.320+0000] {logging_mixin.py:137} INFO - [2023-03-17T03:24:47.320+0000] {taskmixin.py:211} WARNING - Dependency <Task(_PythonDecoratedOperator): prepare_email>, send_email already registered for DAG: example_dag_decorator
[2023-03-17T03:24:47.321+0000] {logging_mixin.py:137} INFO - [2023-03-17T03:24:47.321+0000] {taskmixin.py:211} WARNING - Dependency <Task(EmailOperator): send_email>, prepare_email already registered for DAG: example_dag_decorator
[2023-03-17T03:24:47.336+0000] {processor.py:753} INFO - DAG(s) dict_keys(['example_dag_decorator']) retrieved from /home/airflow/.local/lib/python3.7/site-packages/airflow/example_dags/example_dag_decorator.py
[2023-03-17T03:24:47.416+0000] {logging_mixin.py:137} INFO - [2023-03-17T03:24:47.416+0000] {dag.py:2693} INFO - Sync 1 DAGs
[2023-03-17T03:24:47.447+0000] {logging_mixin.py:137} INFO - [2023-03-17T03:24:47.447+0000] {dag.py:3444} INFO - Setting next_dagrun for example_dag_decorator to None, run_after=None
[2023-03-17T03:24:47.473+0000] {processor.py:175} INFO - Processing /home/airflow/.local/lib/python3.7/site-packages/airflow/example_dags/example_dag_decorator.py took 0.180 seconds
[2023-03-17T03:25:17.632+0000] {processor.py:153} INFO - Started process (PID=6301) to work on /home/airflow/.local/lib/python3.7/site-packages/airflow/example_dags/example_dag_decorator.py
[2023-03-17T03:25:17.633+0000] {processor.py:743} INFO - Processing file /home/airflow/.local/lib/python3.7/site-packages/airflow/example_dags/example_dag_decorator.py for tasks to queue
[2023-03-17T03:25:17.634+0000] {logging_mixin.py:137} INFO - [2023-03-17T03:25:17.634+0000] {dagbag.py:532} INFO - Filling up the DagBag from /home/airflow/.local/lib/python3.7/site-packages/airflow/example_dags/example_dag_decorator.py
[2023-03-17T03:25:17.654+0000] {logging_mixin.py:137} INFO - [2023-03-17T03:25:17.654+0000] {taskmixin.py:211} WARNING - Dependency <Task(_PythonDecoratedOperator): prepare_email>, send_email already registered for DAG: example_dag_decorator
[2023-03-17T03:25:17.655+0000] {logging_mixin.py:137} INFO - [2023-03-17T03:25:17.655+0000] {taskmixin.py:211} WARNING - Dependency <Task(EmailOperator): send_email>, prepare_email already registered for DAG: example_dag_decorator
[2023-03-17T03:25:17.669+0000] {processor.py:753} INFO - DAG(s) dict_keys(['example_dag_decorator']) retrieved from /home/airflow/.local/lib/python3.7/site-packages/airflow/example_dags/example_dag_decorator.py
[2023-03-17T03:25:17.755+0000] {logging_mixin.py:137} INFO - [2023-03-17T03:25:17.755+0000] {dag.py:2693} INFO - Sync 1 DAGs
[2023-03-17T03:25:17.789+0000] {logging_mixin.py:137} INFO - [2023-03-17T03:25:17.789+0000] {dag.py:3444} INFO - Setting next_dagrun for example_dag_decorator to None, run_after=None
[2023-03-17T03:25:17.816+0000] {processor.py:175} INFO - Processing /home/airflow/.local/lib/python3.7/site-packages/airflow/example_dags/example_dag_decorator.py took 0.189 seconds
[2023-03-17T03:25:48.069+0000] {processor.py:153} INFO - Started process (PID=6515) to work on /home/airflow/.local/lib/python3.7/site-packages/airflow/example_dags/example_dag_decorator.py
[2023-03-17T03:25:48.070+0000] {processor.py:743} INFO - Processing file /home/airflow/.local/lib/python3.7/site-packages/airflow/example_dags/example_dag_decorator.py for tasks to queue
[2023-03-17T03:25:48.071+0000] {logging_mixin.py:137} INFO - [2023-03-17T03:25:48.071+0000] {dagbag.py:532} INFO - Filling up the DagBag from /home/airflow/.local/lib/python3.7/site-packages/airflow/example_dags/example_dag_decorator.py
[2023-03-17T03:25:48.091+0000] {logging_mixin.py:137} INFO - [2023-03-17T03:25:48.090+0000] {taskmixin.py:211} WARNING - Dependency <Task(_PythonDecoratedOperator): prepare_email>, send_email already registered for DAG: example_dag_decorator
[2023-03-17T03:25:48.091+0000] {logging_mixin.py:137} INFO - [2023-03-17T03:25:48.091+0000] {taskmixin.py:211} WARNING - Dependency <Task(EmailOperator): send_email>, prepare_email already registered for DAG: example_dag_decorator
[2023-03-17T03:25:48.108+0000] {processor.py:753} INFO - DAG(s) dict_keys(['example_dag_decorator']) retrieved from /home/airflow/.local/lib/python3.7/site-packages/airflow/example_dags/example_dag_decorator.py
[2023-03-17T03:25:48.191+0000] {logging_mixin.py:137} INFO - [2023-03-17T03:25:48.191+0000] {dag.py:2693} INFO - Sync 1 DAGs
[2023-03-17T03:25:48.222+0000] {logging_mixin.py:137} INFO - [2023-03-17T03:25:48.222+0000] {dag.py:3444} INFO - Setting next_dagrun for example_dag_decorator to None, run_after=None
[2023-03-17T03:25:48.249+0000] {processor.py:175} INFO - Processing /home/airflow/.local/lib/python3.7/site-packages/airflow/example_dags/example_dag_decorator.py took 0.184 seconds
[2023-03-17T03:26:18.517+0000] {processor.py:153} INFO - Started process (PID=6730) to work on /home/airflow/.local/lib/python3.7/site-packages/airflow/example_dags/example_dag_decorator.py
[2023-03-17T03:26:18.518+0000] {processor.py:743} INFO - Processing file /home/airflow/.local/lib/python3.7/site-packages/airflow/example_dags/example_dag_decorator.py for tasks to queue
[2023-03-17T03:26:18.519+0000] {logging_mixin.py:137} INFO - [2023-03-17T03:26:18.519+0000] {dagbag.py:532} INFO - Filling up the DagBag from /home/airflow/.local/lib/python3.7/site-packages/airflow/example_dags/example_dag_decorator.py
[2023-03-17T03:26:18.544+0000] {logging_mixin.py:137} INFO - [2023-03-17T03:26:18.543+0000] {taskmixin.py:211} WARNING - Dependency <Task(_PythonDecoratedOperator): prepare_email>, send_email already registered for DAG: example_dag_decorator
[2023-03-17T03:26:18.544+0000] {logging_mixin.py:137} INFO - [2023-03-17T03:26:18.544+0000] {taskmixin.py:211} WARNING - Dependency <Task(EmailOperator): send_email>, prepare_email already registered for DAG: example_dag_decorator
[2023-03-17T03:26:18.558+0000] {processor.py:753} INFO - DAG(s) dict_keys(['example_dag_decorator']) retrieved from /home/airflow/.local/lib/python3.7/site-packages/airflow/example_dags/example_dag_decorator.py
[2023-03-17T03:26:18.642+0000] {logging_mixin.py:137} INFO - [2023-03-17T03:26:18.642+0000] {dag.py:2693} INFO - Sync 1 DAGs
[2023-03-17T03:26:18.672+0000] {logging_mixin.py:137} INFO - [2023-03-17T03:26:18.672+0000] {dag.py:3444} INFO - Setting next_dagrun for example_dag_decorator to None, run_after=None
[2023-03-17T03:26:18.699+0000] {processor.py:175} INFO - Processing /home/airflow/.local/lib/python3.7/site-packages/airflow/example_dags/example_dag_decorator.py took 0.186 seconds
[2023-03-17T03:26:49.046+0000] {processor.py:153} INFO - Started process (PID=6947) to work on /home/airflow/.local/lib/python3.7/site-packages/airflow/example_dags/example_dag_decorator.py
[2023-03-17T03:26:49.047+0000] {processor.py:743} INFO - Processing file /home/airflow/.local/lib/python3.7/site-packages/airflow/example_dags/example_dag_decorator.py for tasks to queue
[2023-03-17T03:26:49.048+0000] {logging_mixin.py:137} INFO - [2023-03-17T03:26:49.048+0000] {dagbag.py:532} INFO - Filling up the DagBag from /home/airflow/.local/lib/python3.7/site-packages/airflow/example_dags/example_dag_decorator.py
[2023-03-17T03:26:49.069+0000] {logging_mixin.py:137} INFO - [2023-03-17T03:26:49.069+0000] {taskmixin.py:211} WARNING - Dependency <Task(_PythonDecoratedOperator): prepare_email>, send_email already registered for DAG: example_dag_decorator
[2023-03-17T03:26:49.069+0000] {logging_mixin.py:137} INFO - [2023-03-17T03:26:49.069+0000] {taskmixin.py:211} WARNING - Dependency <Task(EmailOperator): send_email>, prepare_email already registered for DAG: example_dag_decorator
[2023-03-17T03:26:49.082+0000] {processor.py:753} INFO - DAG(s) dict_keys(['example_dag_decorator']) retrieved from /home/airflow/.local/lib/python3.7/site-packages/airflow/example_dags/example_dag_decorator.py
[2023-03-17T03:26:49.171+0000] {logging_mixin.py:137} INFO - [2023-03-17T03:26:49.171+0000] {dag.py:2693} INFO - Sync 1 DAGs
[2023-03-17T03:26:49.203+0000] {logging_mixin.py:137} INFO - [2023-03-17T03:26:49.202+0000] {dag.py:3444} INFO - Setting next_dagrun for example_dag_decorator to None, run_after=None
[2023-03-17T03:26:49.229+0000] {processor.py:175} INFO - Processing /home/airflow/.local/lib/python3.7/site-packages/airflow/example_dags/example_dag_decorator.py took 0.188 seconds
[2023-03-17T03:27:19.403+0000] {processor.py:153} INFO - Started process (PID=7169) to work on /home/airflow/.local/lib/python3.7/site-packages/airflow/example_dags/example_dag_decorator.py
[2023-03-17T03:27:19.404+0000] {processor.py:743} INFO - Processing file /home/airflow/.local/lib/python3.7/site-packages/airflow/example_dags/example_dag_decorator.py for tasks to queue
[2023-03-17T03:27:19.405+0000] {logging_mixin.py:137} INFO - [2023-03-17T03:27:19.405+0000] {dagbag.py:532} INFO - Filling up the DagBag from /home/airflow/.local/lib/python3.7/site-packages/airflow/example_dags/example_dag_decorator.py
[2023-03-17T03:27:19.430+0000] {logging_mixin.py:137} INFO - [2023-03-17T03:27:19.430+0000] {taskmixin.py:211} WARNING - Dependency <Task(_PythonDecoratedOperator): prepare_email>, send_email already registered for DAG: example_dag_decorator
[2023-03-17T03:27:19.431+0000] {logging_mixin.py:137} INFO - [2023-03-17T03:27:19.431+0000] {taskmixin.py:211} WARNING - Dependency <Task(EmailOperator): send_email>, prepare_email already registered for DAG: example_dag_decorator
[2023-03-17T03:27:19.450+0000] {processor.py:753} INFO - DAG(s) dict_keys(['example_dag_decorator']) retrieved from /home/airflow/.local/lib/python3.7/site-packages/airflow/example_dags/example_dag_decorator.py
[2023-03-17T03:27:19.536+0000] {logging_mixin.py:137} INFO - [2023-03-17T03:27:19.536+0000] {dag.py:2693} INFO - Sync 1 DAGs
[2023-03-17T03:27:19.568+0000] {logging_mixin.py:137} INFO - [2023-03-17T03:27:19.568+0000] {dag.py:3444} INFO - Setting next_dagrun for example_dag_decorator to None, run_after=None
[2023-03-17T03:27:19.596+0000] {processor.py:175} INFO - Processing /home/airflow/.local/lib/python3.7/site-packages/airflow/example_dags/example_dag_decorator.py took 0.197 seconds
[2023-03-17T03:27:49.767+0000] {processor.py:153} INFO - Started process (PID=7386) to work on /home/airflow/.local/lib/python3.7/site-packages/airflow/example_dags/example_dag_decorator.py
[2023-03-17T03:27:49.769+0000] {processor.py:743} INFO - Processing file /home/airflow/.local/lib/python3.7/site-packages/airflow/example_dags/example_dag_decorator.py for tasks to queue
[2023-03-17T03:27:49.770+0000] {logging_mixin.py:137} INFO - [2023-03-17T03:27:49.770+0000] {dagbag.py:532} INFO - Filling up the DagBag from /home/airflow/.local/lib/python3.7/site-packages/airflow/example_dags/example_dag_decorator.py
[2023-03-17T03:27:49.790+0000] {logging_mixin.py:137} INFO - [2023-03-17T03:27:49.790+0000] {taskmixin.py:211} WARNING - Dependency <Task(_PythonDecoratedOperator): prepare_email>, send_email already registered for DAG: example_dag_decorator
[2023-03-17T03:27:49.790+0000] {logging_mixin.py:137} INFO - [2023-03-17T03:27:49.790+0000] {taskmixin.py:211} WARNING - Dependency <Task(EmailOperator): send_email>, prepare_email already registered for DAG: example_dag_decorator
[2023-03-17T03:27:49.805+0000] {processor.py:753} INFO - DAG(s) dict_keys(['example_dag_decorator']) retrieved from /home/airflow/.local/lib/python3.7/site-packages/airflow/example_dags/example_dag_decorator.py
[2023-03-17T03:27:49.892+0000] {logging_mixin.py:137} INFO - [2023-03-17T03:27:49.892+0000] {dag.py:2693} INFO - Sync 1 DAGs
[2023-03-17T03:27:49.920+0000] {logging_mixin.py:137} INFO - [2023-03-17T03:27:49.920+0000] {dag.py:3444} INFO - Setting next_dagrun for example_dag_decorator to None, run_after=None
[2023-03-17T03:27:49.952+0000] {processor.py:175} INFO - Processing /home/airflow/.local/lib/python3.7/site-packages/airflow/example_dags/example_dag_decorator.py took 0.189 seconds
[2023-03-17T03:28:20.149+0000] {processor.py:153} INFO - Started process (PID=7603) to work on /home/airflow/.local/lib/python3.7/site-packages/airflow/example_dags/example_dag_decorator.py
[2023-03-17T03:28:20.150+0000] {processor.py:743} INFO - Processing file /home/airflow/.local/lib/python3.7/site-packages/airflow/example_dags/example_dag_decorator.py for tasks to queue
[2023-03-17T03:28:20.151+0000] {logging_mixin.py:137} INFO - [2023-03-17T03:28:20.151+0000] {dagbag.py:532} INFO - Filling up the DagBag from /home/airflow/.local/lib/python3.7/site-packages/airflow/example_dags/example_dag_decorator.py
[2023-03-17T03:28:20.174+0000] {logging_mixin.py:137} INFO - [2023-03-17T03:28:20.174+0000] {taskmixin.py:211} WARNING - Dependency <Task(_PythonDecoratedOperator): prepare_email>, send_email already registered for DAG: example_dag_decorator
[2023-03-17T03:28:20.175+0000] {logging_mixin.py:137} INFO - [2023-03-17T03:28:20.175+0000] {taskmixin.py:211} WARNING - Dependency <Task(EmailOperator): send_email>, prepare_email already registered for DAG: example_dag_decorator
[2023-03-17T03:28:20.189+0000] {processor.py:753} INFO - DAG(s) dict_keys(['example_dag_decorator']) retrieved from /home/airflow/.local/lib/python3.7/site-packages/airflow/example_dags/example_dag_decorator.py
[2023-03-17T03:28:20.274+0000] {logging_mixin.py:137} INFO - [2023-03-17T03:28:20.273+0000] {dag.py:2693} INFO - Sync 1 DAGs
[2023-03-17T03:28:20.304+0000] {logging_mixin.py:137} INFO - [2023-03-17T03:28:20.304+0000] {dag.py:3444} INFO - Setting next_dagrun for example_dag_decorator to None, run_after=None
[2023-03-17T03:28:20.335+0000] {processor.py:175} INFO - Processing /home/airflow/.local/lib/python3.7/site-packages/airflow/example_dags/example_dag_decorator.py took 0.189 seconds
[2023-03-17T03:28:50.593+0000] {processor.py:153} INFO - Started process (PID=7817) to work on /home/airflow/.local/lib/python3.7/site-packages/airflow/example_dags/example_dag_decorator.py
[2023-03-17T03:28:50.594+0000] {processor.py:743} INFO - Processing file /home/airflow/.local/lib/python3.7/site-packages/airflow/example_dags/example_dag_decorator.py for tasks to queue
[2023-03-17T03:28:50.595+0000] {logging_mixin.py:137} INFO - [2023-03-17T03:28:50.595+0000] {dagbag.py:532} INFO - Filling up the DagBag from /home/airflow/.local/lib/python3.7/site-packages/airflow/example_dags/example_dag_decorator.py
[2023-03-17T03:28:50.617+0000] {logging_mixin.py:137} INFO - [2023-03-17T03:28:50.617+0000] {taskmixin.py:211} WARNING - Dependency <Task(_PythonDecoratedOperator): prepare_email>, send_email already registered for DAG: example_dag_decorator
[2023-03-17T03:28:50.618+0000] {logging_mixin.py:137} INFO - [2023-03-17T03:28:50.617+0000] {taskmixin.py:211} WARNING - Dependency <Task(EmailOperator): send_email>, prepare_email already registered for DAG: example_dag_decorator
[2023-03-17T03:28:50.636+0000] {processor.py:753} INFO - DAG(s) dict_keys(['example_dag_decorator']) retrieved from /home/airflow/.local/lib/python3.7/site-packages/airflow/example_dags/example_dag_decorator.py
[2023-03-17T03:28:50.720+0000] {logging_mixin.py:137} INFO - [2023-03-17T03:28:50.719+0000] {dag.py:2693} INFO - Sync 1 DAGs
[2023-03-17T03:28:50.748+0000] {logging_mixin.py:137} INFO - [2023-03-17T03:28:50.748+0000] {dag.py:3444} INFO - Setting next_dagrun for example_dag_decorator to None, run_after=None
[2023-03-17T03:28:50.775+0000] {processor.py:175} INFO - Processing /home/airflow/.local/lib/python3.7/site-packages/airflow/example_dags/example_dag_decorator.py took 0.184 seconds
[2023-03-17T03:29:20.851+0000] {processor.py:153} INFO - Started process (PID=8038) to work on /home/airflow/.local/lib/python3.7/site-packages/airflow/example_dags/example_dag_decorator.py
[2023-03-17T03:29:20.852+0000] {processor.py:743} INFO - Processing file /home/airflow/.local/lib/python3.7/site-packages/airflow/example_dags/example_dag_decorator.py for tasks to queue
[2023-03-17T03:29:20.853+0000] {logging_mixin.py:137} INFO - [2023-03-17T03:29:20.853+0000] {dagbag.py:532} INFO - Filling up the DagBag from /home/airflow/.local/lib/python3.7/site-packages/airflow/example_dags/example_dag_decorator.py
[2023-03-17T03:29:20.878+0000] {logging_mixin.py:137} INFO - [2023-03-17T03:29:20.878+0000] {taskmixin.py:211} WARNING - Dependency <Task(_PythonDecoratedOperator): prepare_email>, send_email already registered for DAG: example_dag_decorator
[2023-03-17T03:29:20.879+0000] {logging_mixin.py:137} INFO - [2023-03-17T03:29:20.879+0000] {taskmixin.py:211} WARNING - Dependency <Task(EmailOperator): send_email>, prepare_email already registered for DAG: example_dag_decorator
[2023-03-17T03:29:20.896+0000] {processor.py:753} INFO - DAG(s) dict_keys(['example_dag_decorator']) retrieved from /home/airflow/.local/lib/python3.7/site-packages/airflow/example_dags/example_dag_decorator.py
[2023-03-17T03:29:21.009+0000] {logging_mixin.py:137} INFO - [2023-03-17T03:29:21.009+0000] {dag.py:2693} INFO - Sync 1 DAGs
[2023-03-17T03:29:21.043+0000] {logging_mixin.py:137} INFO - [2023-03-17T03:29:21.043+0000] {dag.py:3444} INFO - Setting next_dagrun for example_dag_decorator to None, run_after=None
[2023-03-17T03:29:21.072+0000] {processor.py:175} INFO - Processing /home/airflow/.local/lib/python3.7/site-packages/airflow/example_dags/example_dag_decorator.py took 0.225 seconds
[2023-03-17T03:29:51.339+0000] {processor.py:153} INFO - Started process (PID=8250) to work on /home/airflow/.local/lib/python3.7/site-packages/airflow/example_dags/example_dag_decorator.py
[2023-03-17T03:29:51.340+0000] {processor.py:743} INFO - Processing file /home/airflow/.local/lib/python3.7/site-packages/airflow/example_dags/example_dag_decorator.py for tasks to queue
[2023-03-17T03:29:51.341+0000] {logging_mixin.py:137} INFO - [2023-03-17T03:29:51.341+0000] {dagbag.py:532} INFO - Filling up the DagBag from /home/airflow/.local/lib/python3.7/site-packages/airflow/example_dags/example_dag_decorator.py
[2023-03-17T03:29:51.366+0000] {logging_mixin.py:137} INFO - [2023-03-17T03:29:51.365+0000] {taskmixin.py:211} WARNING - Dependency <Task(_PythonDecoratedOperator): prepare_email>, send_email already registered for DAG: example_dag_decorator
[2023-03-17T03:29:51.366+0000] {logging_mixin.py:137} INFO - [2023-03-17T03:29:51.366+0000] {taskmixin.py:211} WARNING - Dependency <Task(EmailOperator): send_email>, prepare_email already registered for DAG: example_dag_decorator
[2023-03-17T03:29:51.380+0000] {processor.py:753} INFO - DAG(s) dict_keys(['example_dag_decorator']) retrieved from /home/airflow/.local/lib/python3.7/site-packages/airflow/example_dags/example_dag_decorator.py
[2023-03-17T03:29:51.460+0000] {logging_mixin.py:137} INFO - [2023-03-17T03:29:51.460+0000] {dag.py:2693} INFO - Sync 1 DAGs
[2023-03-17T03:29:51.492+0000] {logging_mixin.py:137} INFO - [2023-03-17T03:29:51.492+0000] {dag.py:3444} INFO - Setting next_dagrun for example_dag_decorator to None, run_after=None
[2023-03-17T03:29:51.520+0000] {processor.py:175} INFO - Processing /home/airflow/.local/lib/python3.7/site-packages/airflow/example_dags/example_dag_decorator.py took 0.185 seconds
[2023-03-17T03:30:21.787+0000] {processor.py:153} INFO - Started process (PID=8474) to work on /home/airflow/.local/lib/python3.7/site-packages/airflow/example_dags/example_dag_decorator.py
[2023-03-17T03:30:21.788+0000] {processor.py:743} INFO - Processing file /home/airflow/.local/lib/python3.7/site-packages/airflow/example_dags/example_dag_decorator.py for tasks to queue
[2023-03-17T03:30:21.789+0000] {logging_mixin.py:137} INFO - [2023-03-17T03:30:21.789+0000] {dagbag.py:532} INFO - Filling up the DagBag from /home/airflow/.local/lib/python3.7/site-packages/airflow/example_dags/example_dag_decorator.py
[2023-03-17T03:30:21.810+0000] {logging_mixin.py:137} INFO - [2023-03-17T03:30:21.810+0000] {taskmixin.py:211} WARNING - Dependency <Task(_PythonDecoratedOperator): prepare_email>, send_email already registered for DAG: example_dag_decorator
[2023-03-17T03:30:21.811+0000] {logging_mixin.py:137} INFO - [2023-03-17T03:30:21.811+0000] {taskmixin.py:211} WARNING - Dependency <Task(EmailOperator): send_email>, prepare_email already registered for DAG: example_dag_decorator
[2023-03-17T03:30:21.826+0000] {processor.py:753} INFO - DAG(s) dict_keys(['example_dag_decorator']) retrieved from /home/airflow/.local/lib/python3.7/site-packages/airflow/example_dags/example_dag_decorator.py
[2023-03-17T03:30:21.908+0000] {logging_mixin.py:137} INFO - [2023-03-17T03:30:21.907+0000] {dag.py:2693} INFO - Sync 1 DAGs
[2023-03-17T03:30:21.936+0000] {logging_mixin.py:137} INFO - [2023-03-17T03:30:21.936+0000] {dag.py:3444} INFO - Setting next_dagrun for example_dag_decorator to None, run_after=None
[2023-03-17T03:30:21.964+0000] {processor.py:175} INFO - Processing /home/airflow/.local/lib/python3.7/site-packages/airflow/example_dags/example_dag_decorator.py took 0.181 seconds
[2023-03-17T03:30:52.457+0000] {processor.py:153} INFO - Started process (PID=8684) to work on /home/airflow/.local/lib/python3.7/site-packages/airflow/example_dags/example_dag_decorator.py
[2023-03-17T03:30:52.458+0000] {processor.py:743} INFO - Processing file /home/airflow/.local/lib/python3.7/site-packages/airflow/example_dags/example_dag_decorator.py for tasks to queue
[2023-03-17T03:30:52.459+0000] {logging_mixin.py:137} INFO - [2023-03-17T03:30:52.459+0000] {dagbag.py:532} INFO - Filling up the DagBag from /home/airflow/.local/lib/python3.7/site-packages/airflow/example_dags/example_dag_decorator.py
[2023-03-17T03:30:52.479+0000] {logging_mixin.py:137} INFO - [2023-03-17T03:30:52.479+0000] {taskmixin.py:211} WARNING - Dependency <Task(_PythonDecoratedOperator): prepare_email>, send_email already registered for DAG: example_dag_decorator
[2023-03-17T03:30:52.480+0000] {logging_mixin.py:137} INFO - [2023-03-17T03:30:52.480+0000] {taskmixin.py:211} WARNING - Dependency <Task(EmailOperator): send_email>, prepare_email already registered for DAG: example_dag_decorator
[2023-03-17T03:30:52.493+0000] {processor.py:753} INFO - DAG(s) dict_keys(['example_dag_decorator']) retrieved from /home/airflow/.local/lib/python3.7/site-packages/airflow/example_dags/example_dag_decorator.py
[2023-03-17T03:30:52.577+0000] {logging_mixin.py:137} INFO - [2023-03-17T03:30:52.577+0000] {dag.py:2693} INFO - Sync 1 DAGs
[2023-03-17T03:30:52.610+0000] {logging_mixin.py:137} INFO - [2023-03-17T03:30:52.610+0000] {dag.py:3444} INFO - Setting next_dagrun for example_dag_decorator to None, run_after=None
[2023-03-17T03:30:52.638+0000] {processor.py:175} INFO - Processing /home/airflow/.local/lib/python3.7/site-packages/airflow/example_dags/example_dag_decorator.py took 0.184 seconds
[2023-03-17T03:31:22.776+0000] {processor.py:153} INFO - Started process (PID=8901) to work on /home/airflow/.local/lib/python3.7/site-packages/airflow/example_dags/example_dag_decorator.py
[2023-03-17T03:31:22.778+0000] {processor.py:743} INFO - Processing file /home/airflow/.local/lib/python3.7/site-packages/airflow/example_dags/example_dag_decorator.py for tasks to queue
[2023-03-17T03:31:22.779+0000] {logging_mixin.py:137} INFO - [2023-03-17T03:31:22.779+0000] {dagbag.py:532} INFO - Filling up the DagBag from /home/airflow/.local/lib/python3.7/site-packages/airflow/example_dags/example_dag_decorator.py
[2023-03-17T03:31:22.801+0000] {logging_mixin.py:137} INFO - [2023-03-17T03:31:22.801+0000] {taskmixin.py:211} WARNING - Dependency <Task(_PythonDecoratedOperator): prepare_email>, send_email already registered for DAG: example_dag_decorator
[2023-03-17T03:31:22.801+0000] {logging_mixin.py:137} INFO - [2023-03-17T03:31:22.801+0000] {taskmixin.py:211} WARNING - Dependency <Task(EmailOperator): send_email>, prepare_email already registered for DAG: example_dag_decorator
[2023-03-17T03:31:22.821+0000] {processor.py:753} INFO - DAG(s) dict_keys(['example_dag_decorator']) retrieved from /home/airflow/.local/lib/python3.7/site-packages/airflow/example_dags/example_dag_decorator.py
[2023-03-17T03:31:22.903+0000] {logging_mixin.py:137} INFO - [2023-03-17T03:31:22.903+0000] {dag.py:2693} INFO - Sync 1 DAGs
[2023-03-17T03:31:22.938+0000] {logging_mixin.py:137} INFO - [2023-03-17T03:31:22.938+0000] {dag.py:3444} INFO - Setting next_dagrun for example_dag_decorator to None, run_after=None
[2023-03-17T03:31:22.967+0000] {processor.py:175} INFO - Processing /home/airflow/.local/lib/python3.7/site-packages/airflow/example_dags/example_dag_decorator.py took 0.194 seconds
[2023-03-17T03:31:53.129+0000] {processor.py:153} INFO - Started process (PID=9123) to work on /home/airflow/.local/lib/python3.7/site-packages/airflow/example_dags/example_dag_decorator.py
[2023-03-17T03:31:53.130+0000] {processor.py:743} INFO - Processing file /home/airflow/.local/lib/python3.7/site-packages/airflow/example_dags/example_dag_decorator.py for tasks to queue
[2023-03-17T03:31:53.131+0000] {logging_mixin.py:137} INFO - [2023-03-17T03:31:53.131+0000] {dagbag.py:532} INFO - Filling up the DagBag from /home/airflow/.local/lib/python3.7/site-packages/airflow/example_dags/example_dag_decorator.py
[2023-03-17T03:31:53.152+0000] {logging_mixin.py:137} INFO - [2023-03-17T03:31:53.152+0000] {taskmixin.py:211} WARNING - Dependency <Task(_PythonDecoratedOperator): prepare_email>, send_email already registered for DAG: example_dag_decorator
[2023-03-17T03:31:53.153+0000] {logging_mixin.py:137} INFO - [2023-03-17T03:31:53.153+0000] {taskmixin.py:211} WARNING - Dependency <Task(EmailOperator): send_email>, prepare_email already registered for DAG: example_dag_decorator
[2023-03-17T03:31:53.168+0000] {processor.py:753} INFO - DAG(s) dict_keys(['example_dag_decorator']) retrieved from /home/airflow/.local/lib/python3.7/site-packages/airflow/example_dags/example_dag_decorator.py
[2023-03-17T03:31:53.254+0000] {logging_mixin.py:137} INFO - [2023-03-17T03:31:53.254+0000] {dag.py:2693} INFO - Sync 1 DAGs
[2023-03-17T03:31:53.284+0000] {logging_mixin.py:137} INFO - [2023-03-17T03:31:53.284+0000] {dag.py:3444} INFO - Setting next_dagrun for example_dag_decorator to None, run_after=None
[2023-03-17T03:31:53.310+0000] {processor.py:175} INFO - Processing /home/airflow/.local/lib/python3.7/site-packages/airflow/example_dags/example_dag_decorator.py took 0.185 seconds
[2023-03-17T03:32:23.603+0000] {processor.py:153} INFO - Started process (PID=9337) to work on /home/airflow/.local/lib/python3.7/site-packages/airflow/example_dags/example_dag_decorator.py
[2023-03-17T03:32:23.604+0000] {processor.py:743} INFO - Processing file /home/airflow/.local/lib/python3.7/site-packages/airflow/example_dags/example_dag_decorator.py for tasks to queue
[2023-03-17T03:32:23.605+0000] {logging_mixin.py:137} INFO - [2023-03-17T03:32:23.605+0000] {dagbag.py:532} INFO - Filling up the DagBag from /home/airflow/.local/lib/python3.7/site-packages/airflow/example_dags/example_dag_decorator.py
[2023-03-17T03:32:23.625+0000] {logging_mixin.py:137} INFO - [2023-03-17T03:32:23.625+0000] {taskmixin.py:211} WARNING - Dependency <Task(_PythonDecoratedOperator): prepare_email>, send_email already registered for DAG: example_dag_decorator
[2023-03-17T03:32:23.625+0000] {logging_mixin.py:137} INFO - [2023-03-17T03:32:23.625+0000] {taskmixin.py:211} WARNING - Dependency <Task(EmailOperator): send_email>, prepare_email already registered for DAG: example_dag_decorator
[2023-03-17T03:32:23.640+0000] {processor.py:753} INFO - DAG(s) dict_keys(['example_dag_decorator']) retrieved from /home/airflow/.local/lib/python3.7/site-packages/airflow/example_dags/example_dag_decorator.py
[2023-03-17T03:32:23.726+0000] {logging_mixin.py:137} INFO - [2023-03-17T03:32:23.726+0000] {dag.py:2693} INFO - Sync 1 DAGs
[2023-03-17T03:32:23.762+0000] {logging_mixin.py:137} INFO - [2023-03-17T03:32:23.762+0000] {dag.py:3444} INFO - Setting next_dagrun for example_dag_decorator to None, run_after=None
[2023-03-17T03:32:23.791+0000] {processor.py:175} INFO - Processing /home/airflow/.local/lib/python3.7/site-packages/airflow/example_dags/example_dag_decorator.py took 0.192 seconds
[2023-03-17T03:32:54.146+0000] {processor.py:153} INFO - Started process (PID=9552) to work on /home/airflow/.local/lib/python3.7/site-packages/airflow/example_dags/example_dag_decorator.py
[2023-03-17T03:32:54.147+0000] {processor.py:743} INFO - Processing file /home/airflow/.local/lib/python3.7/site-packages/airflow/example_dags/example_dag_decorator.py for tasks to queue
[2023-03-17T03:32:54.148+0000] {logging_mixin.py:137} INFO - [2023-03-17T03:32:54.148+0000] {dagbag.py:532} INFO - Filling up the DagBag from /home/airflow/.local/lib/python3.7/site-packages/airflow/example_dags/example_dag_decorator.py
[2023-03-17T03:32:54.168+0000] {logging_mixin.py:137} INFO - [2023-03-17T03:32:54.168+0000] {taskmixin.py:211} WARNING - Dependency <Task(_PythonDecoratedOperator): prepare_email>, send_email already registered for DAG: example_dag_decorator
[2023-03-17T03:32:54.169+0000] {logging_mixin.py:137} INFO - [2023-03-17T03:32:54.169+0000] {taskmixin.py:211} WARNING - Dependency <Task(EmailOperator): send_email>, prepare_email already registered for DAG: example_dag_decorator
[2023-03-17T03:32:54.183+0000] {processor.py:753} INFO - DAG(s) dict_keys(['example_dag_decorator']) retrieved from /home/airflow/.local/lib/python3.7/site-packages/airflow/example_dags/example_dag_decorator.py
[2023-03-17T03:32:54.314+0000] {logging_mixin.py:137} INFO - [2023-03-17T03:32:54.314+0000] {dag.py:2693} INFO - Sync 1 DAGs
[2023-03-17T03:32:54.373+0000] {logging_mixin.py:137} INFO - [2023-03-17T03:32:54.372+0000] {dag.py:3444} INFO - Setting next_dagrun for example_dag_decorator to None, run_after=None
[2023-03-17T03:32:54.409+0000] {processor.py:175} INFO - Processing /home/airflow/.local/lib/python3.7/site-packages/airflow/example_dags/example_dag_decorator.py took 0.268 seconds
[2023-03-17T03:33:25.019+0000] {processor.py:153} INFO - Started process (PID=9770) to work on /home/airflow/.local/lib/python3.7/site-packages/airflow/example_dags/example_dag_decorator.py
[2023-03-17T03:33:25.020+0000] {processor.py:743} INFO - Processing file /home/airflow/.local/lib/python3.7/site-packages/airflow/example_dags/example_dag_decorator.py for tasks to queue
[2023-03-17T03:33:25.021+0000] {logging_mixin.py:137} INFO - [2023-03-17T03:33:25.021+0000] {dagbag.py:532} INFO - Filling up the DagBag from /home/airflow/.local/lib/python3.7/site-packages/airflow/example_dags/example_dag_decorator.py
[2023-03-17T03:33:25.043+0000] {logging_mixin.py:137} INFO - [2023-03-17T03:33:25.042+0000] {taskmixin.py:211} WARNING - Dependency <Task(_PythonDecoratedOperator): prepare_email>, send_email already registered for DAG: example_dag_decorator
[2023-03-17T03:33:25.043+0000] {logging_mixin.py:137} INFO - [2023-03-17T03:33:25.043+0000] {taskmixin.py:211} WARNING - Dependency <Task(EmailOperator): send_email>, prepare_email already registered for DAG: example_dag_decorator
[2023-03-17T03:33:25.061+0000] {processor.py:753} INFO - DAG(s) dict_keys(['example_dag_decorator']) retrieved from /home/airflow/.local/lib/python3.7/site-packages/airflow/example_dags/example_dag_decorator.py
[2023-03-17T03:33:25.144+0000] {logging_mixin.py:137} INFO - [2023-03-17T03:33:25.144+0000] {dag.py:2693} INFO - Sync 1 DAGs
[2023-03-17T03:33:25.178+0000] {logging_mixin.py:137} INFO - [2023-03-17T03:33:25.178+0000] {dag.py:3444} INFO - Setting next_dagrun for example_dag_decorator to None, run_after=None
[2023-03-17T03:33:25.206+0000] {processor.py:175} INFO - Processing /home/airflow/.local/lib/python3.7/site-packages/airflow/example_dags/example_dag_decorator.py took 0.191 seconds
[2023-03-17T03:33:55.615+0000] {processor.py:153} INFO - Started process (PID=9987) to work on /home/airflow/.local/lib/python3.7/site-packages/airflow/example_dags/example_dag_decorator.py
[2023-03-17T03:33:55.617+0000] {processor.py:743} INFO - Processing file /home/airflow/.local/lib/python3.7/site-packages/airflow/example_dags/example_dag_decorator.py for tasks to queue
[2023-03-17T03:33:55.618+0000] {logging_mixin.py:137} INFO - [2023-03-17T03:33:55.618+0000] {dagbag.py:532} INFO - Filling up the DagBag from /home/airflow/.local/lib/python3.7/site-packages/airflow/example_dags/example_dag_decorator.py
[2023-03-17T03:33:55.639+0000] {logging_mixin.py:137} INFO - [2023-03-17T03:33:55.639+0000] {taskmixin.py:211} WARNING - Dependency <Task(_PythonDecoratedOperator): prepare_email>, send_email already registered for DAG: example_dag_decorator
[2023-03-17T03:33:55.639+0000] {logging_mixin.py:137} INFO - [2023-03-17T03:33:55.639+0000] {taskmixin.py:211} WARNING - Dependency <Task(EmailOperator): send_email>, prepare_email already registered for DAG: example_dag_decorator
[2023-03-17T03:33:55.659+0000] {processor.py:753} INFO - DAG(s) dict_keys(['example_dag_decorator']) retrieved from /home/airflow/.local/lib/python3.7/site-packages/airflow/example_dags/example_dag_decorator.py
[2023-03-17T03:33:55.744+0000] {logging_mixin.py:137} INFO - [2023-03-17T03:33:55.744+0000] {dag.py:2693} INFO - Sync 1 DAGs
[2023-03-17T03:33:55.774+0000] {logging_mixin.py:137} INFO - [2023-03-17T03:33:55.774+0000] {dag.py:3444} INFO - Setting next_dagrun for example_dag_decorator to None, run_after=None
[2023-03-17T03:33:55.803+0000] {processor.py:175} INFO - Processing /home/airflow/.local/lib/python3.7/site-packages/airflow/example_dags/example_dag_decorator.py took 0.191 seconds
[2023-03-17T03:34:26.079+0000] {processor.py:153} INFO - Started process (PID=10205) to work on /home/airflow/.local/lib/python3.7/site-packages/airflow/example_dags/example_dag_decorator.py
[2023-03-17T03:34:26.080+0000] {processor.py:743} INFO - Processing file /home/airflow/.local/lib/python3.7/site-packages/airflow/example_dags/example_dag_decorator.py for tasks to queue
[2023-03-17T03:34:26.081+0000] {logging_mixin.py:137} INFO - [2023-03-17T03:34:26.080+0000] {dagbag.py:532} INFO - Filling up the DagBag from /home/airflow/.local/lib/python3.7/site-packages/airflow/example_dags/example_dag_decorator.py
[2023-03-17T03:34:26.103+0000] {logging_mixin.py:137} INFO - [2023-03-17T03:34:26.103+0000] {taskmixin.py:211} WARNING - Dependency <Task(_PythonDecoratedOperator): prepare_email>, send_email already registered for DAG: example_dag_decorator
[2023-03-17T03:34:26.104+0000] {logging_mixin.py:137} INFO - [2023-03-17T03:34:26.103+0000] {taskmixin.py:211} WARNING - Dependency <Task(EmailOperator): send_email>, prepare_email already registered for DAG: example_dag_decorator
[2023-03-17T03:34:26.117+0000] {processor.py:753} INFO - DAG(s) dict_keys(['example_dag_decorator']) retrieved from /home/airflow/.local/lib/python3.7/site-packages/airflow/example_dags/example_dag_decorator.py
[2023-03-17T03:34:26.202+0000] {logging_mixin.py:137} INFO - [2023-03-17T03:34:26.201+0000] {dag.py:2693} INFO - Sync 1 DAGs
[2023-03-17T03:34:26.232+0000] {logging_mixin.py:137} INFO - [2023-03-17T03:34:26.232+0000] {dag.py:3444} INFO - Setting next_dagrun for example_dag_decorator to None, run_after=None
[2023-03-17T03:34:26.261+0000] {processor.py:175} INFO - Processing /home/airflow/.local/lib/python3.7/site-packages/airflow/example_dags/example_dag_decorator.py took 0.186 seconds
