[2023-03-17T03:11:00.823+0000] {processor.py:153} INFO - Started process (PID=255) to work on /home/airflow/.local/lib/python3.7/site-packages/airflow/example_dags/example_short_circuit_decorator.py
[2023-03-17T03:11:00.825+0000] {processor.py:743} INFO - Processing file /home/airflow/.local/lib/python3.7/site-packages/airflow/example_dags/example_short_circuit_decorator.py for tasks to queue
[2023-03-17T03:11:00.827+0000] {logging_mixin.py:137} INFO - [2023-03-17T03:11:00.826+0000] {dagbag.py:532} INFO - Filling up the DagBag from /home/airflow/.local/lib/python3.7/site-packages/airflow/example_dags/example_short_circuit_decorator.py
[2023-03-17T03:11:00.887+0000] {processor.py:753} INFO - DAG(s) dict_keys(['example_short_circuit_decorator']) retrieved from /home/airflow/.local/lib/python3.7/site-packages/airflow/example_dags/example_short_circuit_decorator.py
[2023-03-17T03:11:00.969+0000] {logging_mixin.py:137} INFO - [2023-03-17T03:11:00.968+0000] {dag.py:2693} INFO - Sync 1 DAGs
[2023-03-17T03:11:01.073+0000] {logging_mixin.py:137} INFO - [2023-03-17T03:11:01.072+0000] {dag.py:3444} INFO - Setting next_dagrun for example_short_circuit_decorator to 2023-03-16T03:11:01.070349+00:00, run_after=2023-03-17T03:11:01.070349+00:00
[2023-03-17T03:11:01.198+0000] {processor.py:175} INFO - Processing /home/airflow/.local/lib/python3.7/site-packages/airflow/example_dags/example_short_circuit_decorator.py took 0.382 seconds
[2023-03-17T03:11:33.676+0000] {processor.py:153} INFO - Started process (PID=479) to work on /home/airflow/.local/lib/python3.7/site-packages/airflow/example_dags/example_short_circuit_decorator.py
[2023-03-17T03:11:33.678+0000] {processor.py:743} INFO - Processing file /home/airflow/.local/lib/python3.7/site-packages/airflow/example_dags/example_short_circuit_decorator.py for tasks to queue
[2023-03-17T03:11:33.680+0000] {logging_mixin.py:137} INFO - [2023-03-17T03:11:33.679+0000] {dagbag.py:532} INFO - Filling up the DagBag from /home/airflow/.local/lib/python3.7/site-packages/airflow/example_dags/example_short_circuit_decorator.py
[2023-03-17T03:11:33.751+0000] {processor.py:753} INFO - DAG(s) dict_keys(['example_short_circuit_decorator']) retrieved from /home/airflow/.local/lib/python3.7/site-packages/airflow/example_dags/example_short_circuit_decorator.py
[2023-03-17T03:11:34.196+0000] {logging_mixin.py:137} INFO - [2023-03-17T03:11:34.195+0000] {dag.py:2693} INFO - Sync 1 DAGs
[2023-03-17T03:11:34.278+0000] {logging_mixin.py:137} INFO - [2023-03-17T03:11:34.278+0000] {dag.py:3444} INFO - Setting next_dagrun for example_short_circuit_decorator to 2023-03-16T03:11:34.277716+00:00, run_after=2023-03-17T03:11:34.277716+00:00
[2023-03-17T03:11:34.490+0000] {processor.py:175} INFO - Processing /home/airflow/.local/lib/python3.7/site-packages/airflow/example_dags/example_short_circuit_decorator.py took 0.820 seconds
[2023-03-17T03:12:05.329+0000] {processor.py:153} INFO - Started process (PID=696) to work on /home/airflow/.local/lib/python3.7/site-packages/airflow/example_dags/example_short_circuit_decorator.py
[2023-03-17T03:12:05.331+0000] {processor.py:743} INFO - Processing file /home/airflow/.local/lib/python3.7/site-packages/airflow/example_dags/example_short_circuit_decorator.py for tasks to queue
[2023-03-17T03:12:05.333+0000] {logging_mixin.py:137} INFO - [2023-03-17T03:12:05.333+0000] {dagbag.py:532} INFO - Filling up the DagBag from /home/airflow/.local/lib/python3.7/site-packages/airflow/example_dags/example_short_circuit_decorator.py
[2023-03-17T03:12:05.390+0000] {processor.py:753} INFO - DAG(s) dict_keys(['example_short_circuit_decorator']) retrieved from /home/airflow/.local/lib/python3.7/site-packages/airflow/example_dags/example_short_circuit_decorator.py
[2023-03-17T03:12:05.449+0000] {logging_mixin.py:137} INFO - [2023-03-17T03:12:05.449+0000] {dag.py:2693} INFO - Sync 1 DAGs
[2023-03-17T03:12:05.498+0000] {logging_mixin.py:137} INFO - [2023-03-17T03:12:05.498+0000] {dag.py:3444} INFO - Setting next_dagrun for example_short_circuit_decorator to 2023-03-16T03:12:05.498002+00:00, run_after=2023-03-17T03:12:05.498002+00:00
[2023-03-17T03:12:05.536+0000] {processor.py:175} INFO - Processing /home/airflow/.local/lib/python3.7/site-packages/airflow/example_dags/example_short_circuit_decorator.py took 0.218 seconds
[2023-03-17T03:12:35.663+0000] {processor.py:153} INFO - Started process (PID=915) to work on /home/airflow/.local/lib/python3.7/site-packages/airflow/example_dags/example_short_circuit_decorator.py
[2023-03-17T03:12:35.665+0000] {processor.py:743} INFO - Processing file /home/airflow/.local/lib/python3.7/site-packages/airflow/example_dags/example_short_circuit_decorator.py for tasks to queue
[2023-03-17T03:12:35.666+0000] {logging_mixin.py:137} INFO - [2023-03-17T03:12:35.666+0000] {dagbag.py:532} INFO - Filling up the DagBag from /home/airflow/.local/lib/python3.7/site-packages/airflow/example_dags/example_short_circuit_decorator.py
[2023-03-17T03:12:35.696+0000] {processor.py:753} INFO - DAG(s) dict_keys(['example_short_circuit_decorator']) retrieved from /home/airflow/.local/lib/python3.7/site-packages/airflow/example_dags/example_short_circuit_decorator.py
[2023-03-17T03:12:35.729+0000] {logging_mixin.py:137} INFO - [2023-03-17T03:12:35.728+0000] {dag.py:2693} INFO - Sync 1 DAGs
[2023-03-17T03:12:35.759+0000] {logging_mixin.py:137} INFO - [2023-03-17T03:12:35.759+0000] {dag.py:3444} INFO - Setting next_dagrun for example_short_circuit_decorator to 2023-03-16T03:12:35.759001+00:00, run_after=2023-03-17T03:12:35.759001+00:00
[2023-03-17T03:12:35.786+0000] {processor.py:175} INFO - Processing /home/airflow/.local/lib/python3.7/site-packages/airflow/example_dags/example_short_circuit_decorator.py took 0.126 seconds
[2023-03-17T03:13:06.420+0000] {processor.py:153} INFO - Started process (PID=1130) to work on /home/airflow/.local/lib/python3.7/site-packages/airflow/example_dags/example_short_circuit_decorator.py
[2023-03-17T03:13:06.421+0000] {processor.py:743} INFO - Processing file /home/airflow/.local/lib/python3.7/site-packages/airflow/example_dags/example_short_circuit_decorator.py for tasks to queue
[2023-03-17T03:13:06.422+0000] {logging_mixin.py:137} INFO - [2023-03-17T03:13:06.422+0000] {dagbag.py:532} INFO - Filling up the DagBag from /home/airflow/.local/lib/python3.7/site-packages/airflow/example_dags/example_short_circuit_decorator.py
[2023-03-17T03:13:06.452+0000] {processor.py:753} INFO - DAG(s) dict_keys(['example_short_circuit_decorator']) retrieved from /home/airflow/.local/lib/python3.7/site-packages/airflow/example_dags/example_short_circuit_decorator.py
[2023-03-17T03:13:06.484+0000] {logging_mixin.py:137} INFO - [2023-03-17T03:13:06.483+0000] {dag.py:2693} INFO - Sync 1 DAGs
[2023-03-17T03:13:06.516+0000] {logging_mixin.py:137} INFO - [2023-03-17T03:13:06.516+0000] {dag.py:3444} INFO - Setting next_dagrun for example_short_circuit_decorator to 2023-03-16T03:13:06.516275+00:00, run_after=2023-03-17T03:13:06.516275+00:00
[2023-03-17T03:13:06.546+0000] {processor.py:175} INFO - Processing /home/airflow/.local/lib/python3.7/site-packages/airflow/example_dags/example_short_circuit_decorator.py took 0.130 seconds
[2023-03-17T03:13:37.033+0000] {processor.py:153} INFO - Started process (PID=1347) to work on /home/airflow/.local/lib/python3.7/site-packages/airflow/example_dags/example_short_circuit_decorator.py
[2023-03-17T03:13:37.035+0000] {processor.py:743} INFO - Processing file /home/airflow/.local/lib/python3.7/site-packages/airflow/example_dags/example_short_circuit_decorator.py for tasks to queue
[2023-03-17T03:13:37.036+0000] {logging_mixin.py:137} INFO - [2023-03-17T03:13:37.036+0000] {dagbag.py:532} INFO - Filling up the DagBag from /home/airflow/.local/lib/python3.7/site-packages/airflow/example_dags/example_short_circuit_decorator.py
[2023-03-17T03:13:37.074+0000] {processor.py:753} INFO - DAG(s) dict_keys(['example_short_circuit_decorator']) retrieved from /home/airflow/.local/lib/python3.7/site-packages/airflow/example_dags/example_short_circuit_decorator.py
[2023-03-17T03:13:37.107+0000] {logging_mixin.py:137} INFO - [2023-03-17T03:13:37.107+0000] {dag.py:2693} INFO - Sync 1 DAGs
[2023-03-17T03:13:37.140+0000] {logging_mixin.py:137} INFO - [2023-03-17T03:13:37.139+0000] {dag.py:3444} INFO - Setting next_dagrun for example_short_circuit_decorator to 2023-03-16T03:13:37.139455+00:00, run_after=2023-03-17T03:13:37.139455+00:00
[2023-03-17T03:13:37.187+0000] {processor.py:175} INFO - Processing /home/airflow/.local/lib/python3.7/site-packages/airflow/example_dags/example_short_circuit_decorator.py took 0.158 seconds
[2023-03-17T03:14:07.451+0000] {processor.py:153} INFO - Started process (PID=1564) to work on /home/airflow/.local/lib/python3.7/site-packages/airflow/example_dags/example_short_circuit_decorator.py
[2023-03-17T03:14:07.452+0000] {processor.py:743} INFO - Processing file /home/airflow/.local/lib/python3.7/site-packages/airflow/example_dags/example_short_circuit_decorator.py for tasks to queue
[2023-03-17T03:14:07.454+0000] {logging_mixin.py:137} INFO - [2023-03-17T03:14:07.453+0000] {dagbag.py:532} INFO - Filling up the DagBag from /home/airflow/.local/lib/python3.7/site-packages/airflow/example_dags/example_short_circuit_decorator.py
[2023-03-17T03:14:07.486+0000] {processor.py:753} INFO - DAG(s) dict_keys(['example_short_circuit_decorator']) retrieved from /home/airflow/.local/lib/python3.7/site-packages/airflow/example_dags/example_short_circuit_decorator.py
[2023-03-17T03:14:07.526+0000] {logging_mixin.py:137} INFO - [2023-03-17T03:14:07.526+0000] {dag.py:2693} INFO - Sync 1 DAGs
[2023-03-17T03:14:07.560+0000] {logging_mixin.py:137} INFO - [2023-03-17T03:14:07.559+0000] {dag.py:3444} INFO - Setting next_dagrun for example_short_circuit_decorator to 2023-03-16T03:14:07.559494+00:00, run_after=2023-03-17T03:14:07.559494+00:00
[2023-03-17T03:14:07.589+0000] {processor.py:175} INFO - Processing /home/airflow/.local/lib/python3.7/site-packages/airflow/example_dags/example_short_circuit_decorator.py took 0.141 seconds
[2023-03-17T03:14:37.828+0000] {processor.py:153} INFO - Started process (PID=1781) to work on /home/airflow/.local/lib/python3.7/site-packages/airflow/example_dags/example_short_circuit_decorator.py
[2023-03-17T03:14:37.829+0000] {processor.py:743} INFO - Processing file /home/airflow/.local/lib/python3.7/site-packages/airflow/example_dags/example_short_circuit_decorator.py for tasks to queue
[2023-03-17T03:14:37.830+0000] {logging_mixin.py:137} INFO - [2023-03-17T03:14:37.830+0000] {dagbag.py:532} INFO - Filling up the DagBag from /home/airflow/.local/lib/python3.7/site-packages/airflow/example_dags/example_short_circuit_decorator.py
[2023-03-17T03:14:37.859+0000] {processor.py:753} INFO - DAG(s) dict_keys(['example_short_circuit_decorator']) retrieved from /home/airflow/.local/lib/python3.7/site-packages/airflow/example_dags/example_short_circuit_decorator.py
[2023-03-17T03:14:37.893+0000] {logging_mixin.py:137} INFO - [2023-03-17T03:14:37.893+0000] {dag.py:2693} INFO - Sync 1 DAGs
[2023-03-17T03:14:37.925+0000] {logging_mixin.py:137} INFO - [2023-03-17T03:14:37.925+0000] {dag.py:3444} INFO - Setting next_dagrun for example_short_circuit_decorator to 2023-03-16T03:14:37.924719+00:00, run_after=2023-03-17T03:14:37.924719+00:00
[2023-03-17T03:14:37.950+0000] {processor.py:175} INFO - Processing /home/airflow/.local/lib/python3.7/site-packages/airflow/example_dags/example_short_circuit_decorator.py took 0.127 seconds
[2023-03-17T03:15:08.349+0000] {processor.py:153} INFO - Started process (PID=1998) to work on /home/airflow/.local/lib/python3.7/site-packages/airflow/example_dags/example_short_circuit_decorator.py
[2023-03-17T03:15:08.351+0000] {processor.py:743} INFO - Processing file /home/airflow/.local/lib/python3.7/site-packages/airflow/example_dags/example_short_circuit_decorator.py for tasks to queue
[2023-03-17T03:15:08.352+0000] {logging_mixin.py:137} INFO - [2023-03-17T03:15:08.351+0000] {dagbag.py:532} INFO - Filling up the DagBag from /home/airflow/.local/lib/python3.7/site-packages/airflow/example_dags/example_short_circuit_decorator.py
[2023-03-17T03:15:08.380+0000] {processor.py:753} INFO - DAG(s) dict_keys(['example_short_circuit_decorator']) retrieved from /home/airflow/.local/lib/python3.7/site-packages/airflow/example_dags/example_short_circuit_decorator.py
[2023-03-17T03:15:08.413+0000] {logging_mixin.py:137} INFO - [2023-03-17T03:15:08.413+0000] {dag.py:2693} INFO - Sync 1 DAGs
[2023-03-17T03:15:08.447+0000] {logging_mixin.py:137} INFO - [2023-03-17T03:15:08.446+0000] {dag.py:3444} INFO - Setting next_dagrun for example_short_circuit_decorator to 2023-03-16T03:15:08.446686+00:00, run_after=2023-03-17T03:15:08.446686+00:00
[2023-03-17T03:15:08.473+0000] {processor.py:175} INFO - Processing /home/airflow/.local/lib/python3.7/site-packages/airflow/example_dags/example_short_circuit_decorator.py took 0.127 seconds
[2023-03-17T03:15:38.915+0000] {processor.py:153} INFO - Started process (PID=2215) to work on /home/airflow/.local/lib/python3.7/site-packages/airflow/example_dags/example_short_circuit_decorator.py
[2023-03-17T03:15:38.916+0000] {processor.py:743} INFO - Processing file /home/airflow/.local/lib/python3.7/site-packages/airflow/example_dags/example_short_circuit_decorator.py for tasks to queue
[2023-03-17T03:15:38.917+0000] {logging_mixin.py:137} INFO - [2023-03-17T03:15:38.916+0000] {dagbag.py:532} INFO - Filling up the DagBag from /home/airflow/.local/lib/python3.7/site-packages/airflow/example_dags/example_short_circuit_decorator.py
[2023-03-17T03:15:38.949+0000] {processor.py:753} INFO - DAG(s) dict_keys(['example_short_circuit_decorator']) retrieved from /home/airflow/.local/lib/python3.7/site-packages/airflow/example_dags/example_short_circuit_decorator.py
[2023-03-17T03:15:38.979+0000] {logging_mixin.py:137} INFO - [2023-03-17T03:15:38.979+0000] {dag.py:2693} INFO - Sync 1 DAGs
[2023-03-17T03:15:39.010+0000] {logging_mixin.py:137} INFO - [2023-03-17T03:15:39.010+0000] {dag.py:3444} INFO - Setting next_dagrun for example_short_circuit_decorator to 2023-03-16T03:15:39.010165+00:00, run_after=2023-03-17T03:15:39.010165+00:00
[2023-03-17T03:15:39.037+0000] {processor.py:175} INFO - Processing /home/airflow/.local/lib/python3.7/site-packages/airflow/example_dags/example_short_circuit_decorator.py took 0.126 seconds
[2023-03-17T03:16:09.474+0000] {processor.py:153} INFO - Started process (PID=2433) to work on /home/airflow/.local/lib/python3.7/site-packages/airflow/example_dags/example_short_circuit_decorator.py
[2023-03-17T03:16:09.475+0000] {processor.py:743} INFO - Processing file /home/airflow/.local/lib/python3.7/site-packages/airflow/example_dags/example_short_circuit_decorator.py for tasks to queue
[2023-03-17T03:16:09.476+0000] {logging_mixin.py:137} INFO - [2023-03-17T03:16:09.476+0000] {dagbag.py:532} INFO - Filling up the DagBag from /home/airflow/.local/lib/python3.7/site-packages/airflow/example_dags/example_short_circuit_decorator.py
[2023-03-17T03:16:09.528+0000] {processor.py:753} INFO - DAG(s) dict_keys(['example_short_circuit_decorator']) retrieved from /home/airflow/.local/lib/python3.7/site-packages/airflow/example_dags/example_short_circuit_decorator.py
[2023-03-17T03:16:09.558+0000] {logging_mixin.py:137} INFO - [2023-03-17T03:16:09.558+0000] {dag.py:2693} INFO - Sync 1 DAGs
[2023-03-17T03:16:09.589+0000] {logging_mixin.py:137} INFO - [2023-03-17T03:16:09.589+0000] {dag.py:3444} INFO - Setting next_dagrun for example_short_circuit_decorator to 2023-03-16T03:16:09.588845+00:00, run_after=2023-03-17T03:16:09.588845+00:00
[2023-03-17T03:16:09.617+0000] {processor.py:175} INFO - Processing /home/airflow/.local/lib/python3.7/site-packages/airflow/example_dags/example_short_circuit_decorator.py took 0.147 seconds
[2023-03-17T03:16:40.056+0000] {processor.py:153} INFO - Started process (PID=2650) to work on /home/airflow/.local/lib/python3.7/site-packages/airflow/example_dags/example_short_circuit_decorator.py
[2023-03-17T03:16:40.057+0000] {processor.py:743} INFO - Processing file /home/airflow/.local/lib/python3.7/site-packages/airflow/example_dags/example_short_circuit_decorator.py for tasks to queue
[2023-03-17T03:16:40.058+0000] {logging_mixin.py:137} INFO - [2023-03-17T03:16:40.058+0000] {dagbag.py:532} INFO - Filling up the DagBag from /home/airflow/.local/lib/python3.7/site-packages/airflow/example_dags/example_short_circuit_decorator.py
[2023-03-17T03:16:40.087+0000] {processor.py:753} INFO - DAG(s) dict_keys(['example_short_circuit_decorator']) retrieved from /home/airflow/.local/lib/python3.7/site-packages/airflow/example_dags/example_short_circuit_decorator.py
[2023-03-17T03:16:40.118+0000] {logging_mixin.py:137} INFO - [2023-03-17T03:16:40.117+0000] {dag.py:2693} INFO - Sync 1 DAGs
[2023-03-17T03:16:40.151+0000] {logging_mixin.py:137} INFO - [2023-03-17T03:16:40.151+0000] {dag.py:3444} INFO - Setting next_dagrun for example_short_circuit_decorator to 2023-03-16T03:16:40.150960+00:00, run_after=2023-03-17T03:16:40.150960+00:00
[2023-03-17T03:16:40.177+0000] {processor.py:175} INFO - Processing /home/airflow/.local/lib/python3.7/site-packages/airflow/example_dags/example_short_circuit_decorator.py took 0.126 seconds
[2023-03-17T03:17:10.553+0000] {processor.py:153} INFO - Started process (PID=2867) to work on /home/airflow/.local/lib/python3.7/site-packages/airflow/example_dags/example_short_circuit_decorator.py
[2023-03-17T03:17:10.554+0000] {processor.py:743} INFO - Processing file /home/airflow/.local/lib/python3.7/site-packages/airflow/example_dags/example_short_circuit_decorator.py for tasks to queue
[2023-03-17T03:17:10.555+0000] {logging_mixin.py:137} INFO - [2023-03-17T03:17:10.555+0000] {dagbag.py:532} INFO - Filling up the DagBag from /home/airflow/.local/lib/python3.7/site-packages/airflow/example_dags/example_short_circuit_decorator.py
[2023-03-17T03:17:10.583+0000] {processor.py:753} INFO - DAG(s) dict_keys(['example_short_circuit_decorator']) retrieved from /home/airflow/.local/lib/python3.7/site-packages/airflow/example_dags/example_short_circuit_decorator.py
[2023-03-17T03:17:10.614+0000] {logging_mixin.py:137} INFO - [2023-03-17T03:17:10.614+0000] {dag.py:2693} INFO - Sync 1 DAGs
[2023-03-17T03:17:10.646+0000] {logging_mixin.py:137} INFO - [2023-03-17T03:17:10.646+0000] {dag.py:3444} INFO - Setting next_dagrun for example_short_circuit_decorator to 2023-03-16T03:17:10.645836+00:00, run_after=2023-03-17T03:17:10.645836+00:00
[2023-03-17T03:17:10.672+0000] {processor.py:175} INFO - Processing /home/airflow/.local/lib/python3.7/site-packages/airflow/example_dags/example_short_circuit_decorator.py took 0.123 seconds
[2023-03-17T03:17:40.965+0000] {processor.py:153} INFO - Started process (PID=3084) to work on /home/airflow/.local/lib/python3.7/site-packages/airflow/example_dags/example_short_circuit_decorator.py
[2023-03-17T03:17:40.967+0000] {processor.py:743} INFO - Processing file /home/airflow/.local/lib/python3.7/site-packages/airflow/example_dags/example_short_circuit_decorator.py for tasks to queue
[2023-03-17T03:17:40.968+0000] {logging_mixin.py:137} INFO - [2023-03-17T03:17:40.968+0000] {dagbag.py:532} INFO - Filling up the DagBag from /home/airflow/.local/lib/python3.7/site-packages/airflow/example_dags/example_short_circuit_decorator.py
[2023-03-17T03:17:41.009+0000] {processor.py:753} INFO - DAG(s) dict_keys(['example_short_circuit_decorator']) retrieved from /home/airflow/.local/lib/python3.7/site-packages/airflow/example_dags/example_short_circuit_decorator.py
[2023-03-17T03:17:41.044+0000] {logging_mixin.py:137} INFO - [2023-03-17T03:17:41.044+0000] {dag.py:2693} INFO - Sync 1 DAGs
[2023-03-17T03:17:41.075+0000] {logging_mixin.py:137} INFO - [2023-03-17T03:17:41.075+0000] {dag.py:3444} INFO - Setting next_dagrun for example_short_circuit_decorator to 2023-03-16T03:17:41.074958+00:00, run_after=2023-03-17T03:17:41.074958+00:00
[2023-03-17T03:17:41.101+0000] {processor.py:175} INFO - Processing /home/airflow/.local/lib/python3.7/site-packages/airflow/example_dags/example_short_circuit_decorator.py took 0.140 seconds
[2023-03-17T03:18:11.419+0000] {processor.py:153} INFO - Started process (PID=3301) to work on /home/airflow/.local/lib/python3.7/site-packages/airflow/example_dags/example_short_circuit_decorator.py
[2023-03-17T03:18:11.420+0000] {processor.py:743} INFO - Processing file /home/airflow/.local/lib/python3.7/site-packages/airflow/example_dags/example_short_circuit_decorator.py for tasks to queue
[2023-03-17T03:18:11.421+0000] {logging_mixin.py:137} INFO - [2023-03-17T03:18:11.421+0000] {dagbag.py:532} INFO - Filling up the DagBag from /home/airflow/.local/lib/python3.7/site-packages/airflow/example_dags/example_short_circuit_decorator.py
[2023-03-17T03:18:11.450+0000] {processor.py:753} INFO - DAG(s) dict_keys(['example_short_circuit_decorator']) retrieved from /home/airflow/.local/lib/python3.7/site-packages/airflow/example_dags/example_short_circuit_decorator.py
[2023-03-17T03:18:11.481+0000] {logging_mixin.py:137} INFO - [2023-03-17T03:18:11.481+0000] {dag.py:2693} INFO - Sync 1 DAGs
[2023-03-17T03:18:11.513+0000] {logging_mixin.py:137} INFO - [2023-03-17T03:18:11.513+0000] {dag.py:3444} INFO - Setting next_dagrun for example_short_circuit_decorator to 2023-03-16T03:18:11.513279+00:00, run_after=2023-03-17T03:18:11.513279+00:00
[2023-03-17T03:18:11.539+0000] {processor.py:175} INFO - Processing /home/airflow/.local/lib/python3.7/site-packages/airflow/example_dags/example_short_circuit_decorator.py took 0.123 seconds
[2023-03-17T03:18:41.911+0000] {processor.py:153} INFO - Started process (PID=3519) to work on /home/airflow/.local/lib/python3.7/site-packages/airflow/example_dags/example_short_circuit_decorator.py
[2023-03-17T03:18:41.912+0000] {processor.py:743} INFO - Processing file /home/airflow/.local/lib/python3.7/site-packages/airflow/example_dags/example_short_circuit_decorator.py for tasks to queue
[2023-03-17T03:18:41.913+0000] {logging_mixin.py:137} INFO - [2023-03-17T03:18:41.913+0000] {dagbag.py:532} INFO - Filling up the DagBag from /home/airflow/.local/lib/python3.7/site-packages/airflow/example_dags/example_short_circuit_decorator.py
[2023-03-17T03:18:41.941+0000] {processor.py:753} INFO - DAG(s) dict_keys(['example_short_circuit_decorator']) retrieved from /home/airflow/.local/lib/python3.7/site-packages/airflow/example_dags/example_short_circuit_decorator.py
[2023-03-17T03:18:41.973+0000] {logging_mixin.py:137} INFO - [2023-03-17T03:18:41.973+0000] {dag.py:2693} INFO - Sync 1 DAGs
[2023-03-17T03:18:42.007+0000] {logging_mixin.py:137} INFO - [2023-03-17T03:18:42.007+0000] {dag.py:3444} INFO - Setting next_dagrun for example_short_circuit_decorator to 2023-03-16T03:18:42.007298+00:00, run_after=2023-03-17T03:18:42.007298+00:00
[2023-03-17T03:18:42.043+0000] {processor.py:175} INFO - Processing /home/airflow/.local/lib/python3.7/site-packages/airflow/example_dags/example_short_circuit_decorator.py took 0.136 seconds
[2023-03-17T03:19:12.586+0000] {processor.py:153} INFO - Started process (PID=3736) to work on /home/airflow/.local/lib/python3.7/site-packages/airflow/example_dags/example_short_circuit_decorator.py
[2023-03-17T03:19:12.587+0000] {processor.py:743} INFO - Processing file /home/airflow/.local/lib/python3.7/site-packages/airflow/example_dags/example_short_circuit_decorator.py for tasks to queue
[2023-03-17T03:19:12.588+0000] {logging_mixin.py:137} INFO - [2023-03-17T03:19:12.588+0000] {dagbag.py:532} INFO - Filling up the DagBag from /home/airflow/.local/lib/python3.7/site-packages/airflow/example_dags/example_short_circuit_decorator.py
[2023-03-17T03:19:12.617+0000] {processor.py:753} INFO - DAG(s) dict_keys(['example_short_circuit_decorator']) retrieved from /home/airflow/.local/lib/python3.7/site-packages/airflow/example_dags/example_short_circuit_decorator.py
[2023-03-17T03:19:12.649+0000] {logging_mixin.py:137} INFO - [2023-03-17T03:19:12.649+0000] {dag.py:2693} INFO - Sync 1 DAGs
[2023-03-17T03:19:12.680+0000] {logging_mixin.py:137} INFO - [2023-03-17T03:19:12.679+0000] {dag.py:3444} INFO - Setting next_dagrun for example_short_circuit_decorator to 2023-03-16T03:19:12.679656+00:00, run_after=2023-03-17T03:19:12.679656+00:00
[2023-03-17T03:19:12.707+0000] {processor.py:175} INFO - Processing /home/airflow/.local/lib/python3.7/site-packages/airflow/example_dags/example_short_circuit_decorator.py took 0.125 seconds
[2023-03-17T03:19:43.211+0000] {processor.py:153} INFO - Started process (PID=3953) to work on /home/airflow/.local/lib/python3.7/site-packages/airflow/example_dags/example_short_circuit_decorator.py
[2023-03-17T03:19:43.212+0000] {processor.py:743} INFO - Processing file /home/airflow/.local/lib/python3.7/site-packages/airflow/example_dags/example_short_circuit_decorator.py for tasks to queue
[2023-03-17T03:19:43.213+0000] {logging_mixin.py:137} INFO - [2023-03-17T03:19:43.213+0000] {dagbag.py:532} INFO - Filling up the DagBag from /home/airflow/.local/lib/python3.7/site-packages/airflow/example_dags/example_short_circuit_decorator.py
[2023-03-17T03:19:43.242+0000] {processor.py:753} INFO - DAG(s) dict_keys(['example_short_circuit_decorator']) retrieved from /home/airflow/.local/lib/python3.7/site-packages/airflow/example_dags/example_short_circuit_decorator.py
[2023-03-17T03:19:43.274+0000] {logging_mixin.py:137} INFO - [2023-03-17T03:19:43.273+0000] {dag.py:2693} INFO - Sync 1 DAGs
[2023-03-17T03:19:43.305+0000] {logging_mixin.py:137} INFO - [2023-03-17T03:19:43.305+0000] {dag.py:3444} INFO - Setting next_dagrun for example_short_circuit_decorator to 2023-03-16T03:19:43.305143+00:00, run_after=2023-03-17T03:19:43.305143+00:00
[2023-03-17T03:19:43.331+0000] {processor.py:175} INFO - Processing /home/airflow/.local/lib/python3.7/site-packages/airflow/example_dags/example_short_circuit_decorator.py took 0.123 seconds
[2023-03-17T03:20:13.660+0000] {processor.py:153} INFO - Started process (PID=4170) to work on /home/airflow/.local/lib/python3.7/site-packages/airflow/example_dags/example_short_circuit_decorator.py
[2023-03-17T03:20:13.661+0000] {processor.py:743} INFO - Processing file /home/airflow/.local/lib/python3.7/site-packages/airflow/example_dags/example_short_circuit_decorator.py for tasks to queue
[2023-03-17T03:20:13.662+0000] {logging_mixin.py:137} INFO - [2023-03-17T03:20:13.662+0000] {dagbag.py:532} INFO - Filling up the DagBag from /home/airflow/.local/lib/python3.7/site-packages/airflow/example_dags/example_short_circuit_decorator.py
[2023-03-17T03:20:13.690+0000] {processor.py:753} INFO - DAG(s) dict_keys(['example_short_circuit_decorator']) retrieved from /home/airflow/.local/lib/python3.7/site-packages/airflow/example_dags/example_short_circuit_decorator.py
[2023-03-17T03:20:13.721+0000] {logging_mixin.py:137} INFO - [2023-03-17T03:20:13.721+0000] {dag.py:2693} INFO - Sync 1 DAGs
[2023-03-17T03:20:13.752+0000] {logging_mixin.py:137} INFO - [2023-03-17T03:20:13.752+0000] {dag.py:3444} INFO - Setting next_dagrun for example_short_circuit_decorator to 2023-03-16T03:20:13.752267+00:00, run_after=2023-03-17T03:20:13.752267+00:00
[2023-03-17T03:20:13.778+0000] {processor.py:175} INFO - Processing /home/airflow/.local/lib/python3.7/site-packages/airflow/example_dags/example_short_circuit_decorator.py took 0.122 seconds
[2023-03-17T03:20:44.031+0000] {processor.py:153} INFO - Started process (PID=4387) to work on /home/airflow/.local/lib/python3.7/site-packages/airflow/example_dags/example_short_circuit_decorator.py
[2023-03-17T03:20:44.032+0000] {processor.py:743} INFO - Processing file /home/airflow/.local/lib/python3.7/site-packages/airflow/example_dags/example_short_circuit_decorator.py for tasks to queue
[2023-03-17T03:20:44.033+0000] {logging_mixin.py:137} INFO - [2023-03-17T03:20:44.033+0000] {dagbag.py:532} INFO - Filling up the DagBag from /home/airflow/.local/lib/python3.7/site-packages/airflow/example_dags/example_short_circuit_decorator.py
[2023-03-17T03:20:44.064+0000] {processor.py:753} INFO - DAG(s) dict_keys(['example_short_circuit_decorator']) retrieved from /home/airflow/.local/lib/python3.7/site-packages/airflow/example_dags/example_short_circuit_decorator.py
[2023-03-17T03:20:44.098+0000] {logging_mixin.py:137} INFO - [2023-03-17T03:20:44.098+0000] {dag.py:2693} INFO - Sync 1 DAGs
[2023-03-17T03:20:44.134+0000] {logging_mixin.py:137} INFO - [2023-03-17T03:20:44.134+0000] {dag.py:3444} INFO - Setting next_dagrun for example_short_circuit_decorator to 2023-03-16T03:20:44.133693+00:00, run_after=2023-03-17T03:20:44.133693+00:00
[2023-03-17T03:20:44.158+0000] {processor.py:175} INFO - Processing /home/airflow/.local/lib/python3.7/site-packages/airflow/example_dags/example_short_circuit_decorator.py took 0.131 seconds
[2023-03-17T03:21:14.569+0000] {processor.py:153} INFO - Started process (PID=4604) to work on /home/airflow/.local/lib/python3.7/site-packages/airflow/example_dags/example_short_circuit_decorator.py
[2023-03-17T03:21:14.570+0000] {processor.py:743} INFO - Processing file /home/airflow/.local/lib/python3.7/site-packages/airflow/example_dags/example_short_circuit_decorator.py for tasks to queue
[2023-03-17T03:21:14.571+0000] {logging_mixin.py:137} INFO - [2023-03-17T03:21:14.571+0000] {dagbag.py:532} INFO - Filling up the DagBag from /home/airflow/.local/lib/python3.7/site-packages/airflow/example_dags/example_short_circuit_decorator.py
[2023-03-17T03:21:14.599+0000] {processor.py:753} INFO - DAG(s) dict_keys(['example_short_circuit_decorator']) retrieved from /home/airflow/.local/lib/python3.7/site-packages/airflow/example_dags/example_short_circuit_decorator.py
[2023-03-17T03:21:14.629+0000] {logging_mixin.py:137} INFO - [2023-03-17T03:21:14.629+0000] {dag.py:2693} INFO - Sync 1 DAGs
[2023-03-17T03:21:14.660+0000] {logging_mixin.py:137} INFO - [2023-03-17T03:21:14.659+0000] {dag.py:3444} INFO - Setting next_dagrun for example_short_circuit_decorator to 2023-03-16T03:21:14.659622+00:00, run_after=2023-03-17T03:21:14.659622+00:00
[2023-03-17T03:21:14.685+0000] {processor.py:175} INFO - Processing /home/airflow/.local/lib/python3.7/site-packages/airflow/example_dags/example_short_circuit_decorator.py took 0.120 seconds
[2023-03-17T03:21:45.376+0000] {processor.py:153} INFO - Started process (PID=4821) to work on /home/airflow/.local/lib/python3.7/site-packages/airflow/example_dags/example_short_circuit_decorator.py
[2023-03-17T03:21:45.377+0000] {processor.py:743} INFO - Processing file /home/airflow/.local/lib/python3.7/site-packages/airflow/example_dags/example_short_circuit_decorator.py for tasks to queue
[2023-03-17T03:21:45.378+0000] {logging_mixin.py:137} INFO - [2023-03-17T03:21:45.378+0000] {dagbag.py:532} INFO - Filling up the DagBag from /home/airflow/.local/lib/python3.7/site-packages/airflow/example_dags/example_short_circuit_decorator.py
[2023-03-17T03:21:45.409+0000] {processor.py:753} INFO - DAG(s) dict_keys(['example_short_circuit_decorator']) retrieved from /home/airflow/.local/lib/python3.7/site-packages/airflow/example_dags/example_short_circuit_decorator.py
[2023-03-17T03:21:45.442+0000] {logging_mixin.py:137} INFO - [2023-03-17T03:21:45.442+0000] {dag.py:2693} INFO - Sync 1 DAGs
[2023-03-17T03:21:45.475+0000] {logging_mixin.py:137} INFO - [2023-03-17T03:21:45.475+0000] {dag.py:3444} INFO - Setting next_dagrun for example_short_circuit_decorator to 2023-03-16T03:21:45.475038+00:00, run_after=2023-03-17T03:21:45.475038+00:00
[2023-03-17T03:21:45.503+0000] {processor.py:175} INFO - Processing /home/airflow/.local/lib/python3.7/site-packages/airflow/example_dags/example_short_circuit_decorator.py took 0.132 seconds
[2023-03-17T03:22:15.688+0000] {processor.py:153} INFO - Started process (PID=5038) to work on /home/airflow/.local/lib/python3.7/site-packages/airflow/example_dags/example_short_circuit_decorator.py
[2023-03-17T03:22:15.690+0000] {processor.py:743} INFO - Processing file /home/airflow/.local/lib/python3.7/site-packages/airflow/example_dags/example_short_circuit_decorator.py for tasks to queue
[2023-03-17T03:22:15.690+0000] {logging_mixin.py:137} INFO - [2023-03-17T03:22:15.690+0000] {dagbag.py:532} INFO - Filling up the DagBag from /home/airflow/.local/lib/python3.7/site-packages/airflow/example_dags/example_short_circuit_decorator.py
[2023-03-17T03:22:15.719+0000] {processor.py:753} INFO - DAG(s) dict_keys(['example_short_circuit_decorator']) retrieved from /home/airflow/.local/lib/python3.7/site-packages/airflow/example_dags/example_short_circuit_decorator.py
[2023-03-17T03:22:15.752+0000] {logging_mixin.py:137} INFO - [2023-03-17T03:22:15.751+0000] {dag.py:2693} INFO - Sync 1 DAGs
[2023-03-17T03:22:15.782+0000] {logging_mixin.py:137} INFO - [2023-03-17T03:22:15.782+0000] {dag.py:3444} INFO - Setting next_dagrun for example_short_circuit_decorator to 2023-03-16T03:22:15.782314+00:00, run_after=2023-03-17T03:22:15.782314+00:00
[2023-03-17T03:22:15.808+0000] {processor.py:175} INFO - Processing /home/airflow/.local/lib/python3.7/site-packages/airflow/example_dags/example_short_circuit_decorator.py took 0.123 seconds
[2023-03-17T03:22:46.199+0000] {processor.py:153} INFO - Started process (PID=5255) to work on /home/airflow/.local/lib/python3.7/site-packages/airflow/example_dags/example_short_circuit_decorator.py
[2023-03-17T03:22:46.200+0000] {processor.py:743} INFO - Processing file /home/airflow/.local/lib/python3.7/site-packages/airflow/example_dags/example_short_circuit_decorator.py for tasks to queue
[2023-03-17T03:22:46.201+0000] {logging_mixin.py:137} INFO - [2023-03-17T03:22:46.201+0000] {dagbag.py:532} INFO - Filling up the DagBag from /home/airflow/.local/lib/python3.7/site-packages/airflow/example_dags/example_short_circuit_decorator.py
[2023-03-17T03:22:46.235+0000] {processor.py:753} INFO - DAG(s) dict_keys(['example_short_circuit_decorator']) retrieved from /home/airflow/.local/lib/python3.7/site-packages/airflow/example_dags/example_short_circuit_decorator.py
[2023-03-17T03:22:46.268+0000] {logging_mixin.py:137} INFO - [2023-03-17T03:22:46.268+0000] {dag.py:2693} INFO - Sync 1 DAGs
[2023-03-17T03:22:46.304+0000] {logging_mixin.py:137} INFO - [2023-03-17T03:22:46.304+0000] {dag.py:3444} INFO - Setting next_dagrun for example_short_circuit_decorator to 2023-03-16T03:22:46.304419+00:00, run_after=2023-03-17T03:22:46.304419+00:00
[2023-03-17T03:22:46.333+0000] {processor.py:175} INFO - Processing /home/airflow/.local/lib/python3.7/site-packages/airflow/example_dags/example_short_circuit_decorator.py took 0.139 seconds
[2023-03-17T03:23:16.555+0000] {processor.py:153} INFO - Started process (PID=5473) to work on /home/airflow/.local/lib/python3.7/site-packages/airflow/example_dags/example_short_circuit_decorator.py
[2023-03-17T03:23:16.556+0000] {processor.py:743} INFO - Processing file /home/airflow/.local/lib/python3.7/site-packages/airflow/example_dags/example_short_circuit_decorator.py for tasks to queue
[2023-03-17T03:23:16.557+0000] {logging_mixin.py:137} INFO - [2023-03-17T03:23:16.557+0000] {dagbag.py:532} INFO - Filling up the DagBag from /home/airflow/.local/lib/python3.7/site-packages/airflow/example_dags/example_short_circuit_decorator.py
[2023-03-17T03:23:16.591+0000] {processor.py:753} INFO - DAG(s) dict_keys(['example_short_circuit_decorator']) retrieved from /home/airflow/.local/lib/python3.7/site-packages/airflow/example_dags/example_short_circuit_decorator.py
[2023-03-17T03:23:16.627+0000] {logging_mixin.py:137} INFO - [2023-03-17T03:23:16.627+0000] {dag.py:2693} INFO - Sync 1 DAGs
[2023-03-17T03:23:16.659+0000] {logging_mixin.py:137} INFO - [2023-03-17T03:23:16.659+0000] {dag.py:3444} INFO - Setting next_dagrun for example_short_circuit_decorator to 2023-03-16T03:23:16.658730+00:00, run_after=2023-03-17T03:23:16.658730+00:00
[2023-03-17T03:23:16.687+0000] {processor.py:175} INFO - Processing /home/airflow/.local/lib/python3.7/site-packages/airflow/example_dags/example_short_circuit_decorator.py took 0.137 seconds
[2023-03-17T03:23:47.048+0000] {processor.py:153} INFO - Started process (PID=5690) to work on /home/airflow/.local/lib/python3.7/site-packages/airflow/example_dags/example_short_circuit_decorator.py
[2023-03-17T03:23:47.049+0000] {processor.py:743} INFO - Processing file /home/airflow/.local/lib/python3.7/site-packages/airflow/example_dags/example_short_circuit_decorator.py for tasks to queue
[2023-03-17T03:23:47.050+0000] {logging_mixin.py:137} INFO - [2023-03-17T03:23:47.050+0000] {dagbag.py:532} INFO - Filling up the DagBag from /home/airflow/.local/lib/python3.7/site-packages/airflow/example_dags/example_short_circuit_decorator.py
[2023-03-17T03:23:47.079+0000] {processor.py:753} INFO - DAG(s) dict_keys(['example_short_circuit_decorator']) retrieved from /home/airflow/.local/lib/python3.7/site-packages/airflow/example_dags/example_short_circuit_decorator.py
[2023-03-17T03:23:47.119+0000] {logging_mixin.py:137} INFO - [2023-03-17T03:23:47.119+0000] {dag.py:2693} INFO - Sync 1 DAGs
[2023-03-17T03:23:47.157+0000] {logging_mixin.py:137} INFO - [2023-03-17T03:23:47.157+0000] {dag.py:3444} INFO - Setting next_dagrun for example_short_circuit_decorator to 2023-03-16T03:23:47.157259+00:00, run_after=2023-03-17T03:23:47.157259+00:00
[2023-03-17T03:23:47.186+0000] {processor.py:175} INFO - Processing /home/airflow/.local/lib/python3.7/site-packages/airflow/example_dags/example_short_circuit_decorator.py took 0.142 seconds
[2023-03-17T03:24:17.442+0000] {processor.py:153} INFO - Started process (PID=5907) to work on /home/airflow/.local/lib/python3.7/site-packages/airflow/example_dags/example_short_circuit_decorator.py
[2023-03-17T03:24:17.443+0000] {processor.py:743} INFO - Processing file /home/airflow/.local/lib/python3.7/site-packages/airflow/example_dags/example_short_circuit_decorator.py for tasks to queue
[2023-03-17T03:24:17.444+0000] {logging_mixin.py:137} INFO - [2023-03-17T03:24:17.444+0000] {dagbag.py:532} INFO - Filling up the DagBag from /home/airflow/.local/lib/python3.7/site-packages/airflow/example_dags/example_short_circuit_decorator.py
[2023-03-17T03:24:17.472+0000] {processor.py:753} INFO - DAG(s) dict_keys(['example_short_circuit_decorator']) retrieved from /home/airflow/.local/lib/python3.7/site-packages/airflow/example_dags/example_short_circuit_decorator.py
[2023-03-17T03:24:17.505+0000] {logging_mixin.py:137} INFO - [2023-03-17T03:24:17.505+0000] {dag.py:2693} INFO - Sync 1 DAGs
[2023-03-17T03:24:17.536+0000] {logging_mixin.py:137} INFO - [2023-03-17T03:24:17.535+0000] {dag.py:3444} INFO - Setting next_dagrun for example_short_circuit_decorator to 2023-03-16T03:24:17.535717+00:00, run_after=2023-03-17T03:24:17.535717+00:00
[2023-03-17T03:24:17.563+0000] {processor.py:175} INFO - Processing /home/airflow/.local/lib/python3.7/site-packages/airflow/example_dags/example_short_circuit_decorator.py took 0.125 seconds
[2023-03-17T03:24:47.951+0000] {processor.py:153} INFO - Started process (PID=6124) to work on /home/airflow/.local/lib/python3.7/site-packages/airflow/example_dags/example_short_circuit_decorator.py
[2023-03-17T03:24:47.952+0000] {processor.py:743} INFO - Processing file /home/airflow/.local/lib/python3.7/site-packages/airflow/example_dags/example_short_circuit_decorator.py for tasks to queue
[2023-03-17T03:24:47.953+0000] {logging_mixin.py:137} INFO - [2023-03-17T03:24:47.953+0000] {dagbag.py:532} INFO - Filling up the DagBag from /home/airflow/.local/lib/python3.7/site-packages/airflow/example_dags/example_short_circuit_decorator.py
[2023-03-17T03:24:47.981+0000] {processor.py:753} INFO - DAG(s) dict_keys(['example_short_circuit_decorator']) retrieved from /home/airflow/.local/lib/python3.7/site-packages/airflow/example_dags/example_short_circuit_decorator.py
[2023-03-17T03:24:48.012+0000] {logging_mixin.py:137} INFO - [2023-03-17T03:24:48.011+0000] {dag.py:2693} INFO - Sync 1 DAGs
[2023-03-17T03:24:48.047+0000] {logging_mixin.py:137} INFO - [2023-03-17T03:24:48.047+0000] {dag.py:3444} INFO - Setting next_dagrun for example_short_circuit_decorator to 2023-03-16T03:24:48.047288+00:00, run_after=2023-03-17T03:24:48.047288+00:00
[2023-03-17T03:24:48.072+0000] {processor.py:175} INFO - Processing /home/airflow/.local/lib/python3.7/site-packages/airflow/example_dags/example_short_circuit_decorator.py took 0.126 seconds
[2023-03-17T03:25:18.299+0000] {processor.py:153} INFO - Started process (PID=6341) to work on /home/airflow/.local/lib/python3.7/site-packages/airflow/example_dags/example_short_circuit_decorator.py
[2023-03-17T03:25:18.300+0000] {processor.py:743} INFO - Processing file /home/airflow/.local/lib/python3.7/site-packages/airflow/example_dags/example_short_circuit_decorator.py for tasks to queue
[2023-03-17T03:25:18.301+0000] {logging_mixin.py:137} INFO - [2023-03-17T03:25:18.301+0000] {dagbag.py:532} INFO - Filling up the DagBag from /home/airflow/.local/lib/python3.7/site-packages/airflow/example_dags/example_short_circuit_decorator.py
[2023-03-17T03:25:18.329+0000] {processor.py:753} INFO - DAG(s) dict_keys(['example_short_circuit_decorator']) retrieved from /home/airflow/.local/lib/python3.7/site-packages/airflow/example_dags/example_short_circuit_decorator.py
[2023-03-17T03:25:18.359+0000] {logging_mixin.py:137} INFO - [2023-03-17T03:25:18.359+0000] {dag.py:2693} INFO - Sync 1 DAGs
[2023-03-17T03:25:18.392+0000] {logging_mixin.py:137} INFO - [2023-03-17T03:25:18.392+0000] {dag.py:3444} INFO - Setting next_dagrun for example_short_circuit_decorator to 2023-03-16T03:25:18.392302+00:00, run_after=2023-03-17T03:25:18.392302+00:00
[2023-03-17T03:25:18.417+0000] {processor.py:175} INFO - Processing /home/airflow/.local/lib/python3.7/site-packages/airflow/example_dags/example_short_circuit_decorator.py took 0.122 seconds
[2023-03-17T03:25:48.731+0000] {processor.py:153} INFO - Started process (PID=6558) to work on /home/airflow/.local/lib/python3.7/site-packages/airflow/example_dags/example_short_circuit_decorator.py
[2023-03-17T03:25:48.732+0000] {processor.py:743} INFO - Processing file /home/airflow/.local/lib/python3.7/site-packages/airflow/example_dags/example_short_circuit_decorator.py for tasks to queue
[2023-03-17T03:25:48.733+0000] {logging_mixin.py:137} INFO - [2023-03-17T03:25:48.733+0000] {dagbag.py:532} INFO - Filling up the DagBag from /home/airflow/.local/lib/python3.7/site-packages/airflow/example_dags/example_short_circuit_decorator.py
[2023-03-17T03:25:48.762+0000] {processor.py:753} INFO - DAG(s) dict_keys(['example_short_circuit_decorator']) retrieved from /home/airflow/.local/lib/python3.7/site-packages/airflow/example_dags/example_short_circuit_decorator.py
[2023-03-17T03:25:48.794+0000] {logging_mixin.py:137} INFO - [2023-03-17T03:25:48.794+0000] {dag.py:2693} INFO - Sync 1 DAGs
[2023-03-17T03:25:48.826+0000] {logging_mixin.py:137} INFO - [2023-03-17T03:25:48.825+0000] {dag.py:3444} INFO - Setting next_dagrun for example_short_circuit_decorator to 2023-03-16T03:25:48.825437+00:00, run_after=2023-03-17T03:25:48.825437+00:00
[2023-03-17T03:25:48.851+0000] {processor.py:175} INFO - Processing /home/airflow/.local/lib/python3.7/site-packages/airflow/example_dags/example_short_circuit_decorator.py took 0.124 seconds
[2023-03-17T03:26:19.177+0000] {processor.py:153} INFO - Started process (PID=6775) to work on /home/airflow/.local/lib/python3.7/site-packages/airflow/example_dags/example_short_circuit_decorator.py
[2023-03-17T03:26:19.179+0000] {processor.py:743} INFO - Processing file /home/airflow/.local/lib/python3.7/site-packages/airflow/example_dags/example_short_circuit_decorator.py for tasks to queue
[2023-03-17T03:26:19.180+0000] {logging_mixin.py:137} INFO - [2023-03-17T03:26:19.180+0000] {dagbag.py:532} INFO - Filling up the DagBag from /home/airflow/.local/lib/python3.7/site-packages/airflow/example_dags/example_short_circuit_decorator.py
[2023-03-17T03:26:19.210+0000] {processor.py:753} INFO - DAG(s) dict_keys(['example_short_circuit_decorator']) retrieved from /home/airflow/.local/lib/python3.7/site-packages/airflow/example_dags/example_short_circuit_decorator.py
[2023-03-17T03:26:19.241+0000] {logging_mixin.py:137} INFO - [2023-03-17T03:26:19.241+0000] {dag.py:2693} INFO - Sync 1 DAGs
[2023-03-17T03:26:19.272+0000] {logging_mixin.py:137} INFO - [2023-03-17T03:26:19.272+0000] {dag.py:3444} INFO - Setting next_dagrun for example_short_circuit_decorator to 2023-03-16T03:26:19.272254+00:00, run_after=2023-03-17T03:26:19.272254+00:00
[2023-03-17T03:26:19.299+0000] {processor.py:175} INFO - Processing /home/airflow/.local/lib/python3.7/site-packages/airflow/example_dags/example_short_circuit_decorator.py took 0.125 seconds
[2023-03-17T03:26:49.723+0000] {processor.py:153} INFO - Started process (PID=6992) to work on /home/airflow/.local/lib/python3.7/site-packages/airflow/example_dags/example_short_circuit_decorator.py
[2023-03-17T03:26:49.725+0000] {processor.py:743} INFO - Processing file /home/airflow/.local/lib/python3.7/site-packages/airflow/example_dags/example_short_circuit_decorator.py for tasks to queue
[2023-03-17T03:26:49.726+0000] {logging_mixin.py:137} INFO - [2023-03-17T03:26:49.726+0000] {dagbag.py:532} INFO - Filling up the DagBag from /home/airflow/.local/lib/python3.7/site-packages/airflow/example_dags/example_short_circuit_decorator.py
[2023-03-17T03:26:49.757+0000] {processor.py:753} INFO - DAG(s) dict_keys(['example_short_circuit_decorator']) retrieved from /home/airflow/.local/lib/python3.7/site-packages/airflow/example_dags/example_short_circuit_decorator.py
[2023-03-17T03:26:49.787+0000] {logging_mixin.py:137} INFO - [2023-03-17T03:26:49.787+0000] {dag.py:2693} INFO - Sync 1 DAGs
[2023-03-17T03:26:49.818+0000] {logging_mixin.py:137} INFO - [2023-03-17T03:26:49.818+0000] {dag.py:3444} INFO - Setting next_dagrun for example_short_circuit_decorator to 2023-03-16T03:26:49.818062+00:00, run_after=2023-03-17T03:26:49.818062+00:00
[2023-03-17T03:26:49.847+0000] {processor.py:175} INFO - Processing /home/airflow/.local/lib/python3.7/site-packages/airflow/example_dags/example_short_circuit_decorator.py took 0.128 seconds
[2023-03-17T03:27:20.096+0000] {processor.py:153} INFO - Started process (PID=7209) to work on /home/airflow/.local/lib/python3.7/site-packages/airflow/example_dags/example_short_circuit_decorator.py
[2023-03-17T03:27:20.098+0000] {processor.py:743} INFO - Processing file /home/airflow/.local/lib/python3.7/site-packages/airflow/example_dags/example_short_circuit_decorator.py for tasks to queue
[2023-03-17T03:27:20.099+0000] {logging_mixin.py:137} INFO - [2023-03-17T03:27:20.099+0000] {dagbag.py:532} INFO - Filling up the DagBag from /home/airflow/.local/lib/python3.7/site-packages/airflow/example_dags/example_short_circuit_decorator.py
[2023-03-17T03:27:20.131+0000] {processor.py:753} INFO - DAG(s) dict_keys(['example_short_circuit_decorator']) retrieved from /home/airflow/.local/lib/python3.7/site-packages/airflow/example_dags/example_short_circuit_decorator.py
[2023-03-17T03:27:20.166+0000] {logging_mixin.py:137} INFO - [2023-03-17T03:27:20.165+0000] {dag.py:2693} INFO - Sync 1 DAGs
[2023-03-17T03:27:20.201+0000] {logging_mixin.py:137} INFO - [2023-03-17T03:27:20.201+0000] {dag.py:3444} INFO - Setting next_dagrun for example_short_circuit_decorator to 2023-03-16T03:27:20.200978+00:00, run_after=2023-03-17T03:27:20.200978+00:00
[2023-03-17T03:27:20.228+0000] {processor.py:175} INFO - Processing /home/airflow/.local/lib/python3.7/site-packages/airflow/example_dags/example_short_circuit_decorator.py took 0.135 seconds
[2023-03-17T03:27:50.453+0000] {processor.py:153} INFO - Started process (PID=7426) to work on /home/airflow/.local/lib/python3.7/site-packages/airflow/example_dags/example_short_circuit_decorator.py
[2023-03-17T03:27:50.455+0000] {processor.py:743} INFO - Processing file /home/airflow/.local/lib/python3.7/site-packages/airflow/example_dags/example_short_circuit_decorator.py for tasks to queue
[2023-03-17T03:27:50.456+0000] {logging_mixin.py:137} INFO - [2023-03-17T03:27:50.456+0000] {dagbag.py:532} INFO - Filling up the DagBag from /home/airflow/.local/lib/python3.7/site-packages/airflow/example_dags/example_short_circuit_decorator.py
[2023-03-17T03:27:50.485+0000] {processor.py:753} INFO - DAG(s) dict_keys(['example_short_circuit_decorator']) retrieved from /home/airflow/.local/lib/python3.7/site-packages/airflow/example_dags/example_short_circuit_decorator.py
[2023-03-17T03:27:50.523+0000] {logging_mixin.py:137} INFO - [2023-03-17T03:27:50.523+0000] {dag.py:2693} INFO - Sync 1 DAGs
[2023-03-17T03:27:50.560+0000] {logging_mixin.py:137} INFO - [2023-03-17T03:27:50.560+0000] {dag.py:3444} INFO - Setting next_dagrun for example_short_circuit_decorator to 2023-03-16T03:27:50.559765+00:00, run_after=2023-03-17T03:27:50.559765+00:00
[2023-03-17T03:27:50.585+0000] {processor.py:175} INFO - Processing /home/airflow/.local/lib/python3.7/site-packages/airflow/example_dags/example_short_circuit_decorator.py took 0.135 seconds
[2023-03-17T03:28:20.815+0000] {processor.py:153} INFO - Started process (PID=7643) to work on /home/airflow/.local/lib/python3.7/site-packages/airflow/example_dags/example_short_circuit_decorator.py
[2023-03-17T03:28:20.816+0000] {processor.py:743} INFO - Processing file /home/airflow/.local/lib/python3.7/site-packages/airflow/example_dags/example_short_circuit_decorator.py for tasks to queue
[2023-03-17T03:28:20.817+0000] {logging_mixin.py:137} INFO - [2023-03-17T03:28:20.817+0000] {dagbag.py:532} INFO - Filling up the DagBag from /home/airflow/.local/lib/python3.7/site-packages/airflow/example_dags/example_short_circuit_decorator.py
[2023-03-17T03:28:20.845+0000] {processor.py:753} INFO - DAG(s) dict_keys(['example_short_circuit_decorator']) retrieved from /home/airflow/.local/lib/python3.7/site-packages/airflow/example_dags/example_short_circuit_decorator.py
[2023-03-17T03:28:20.879+0000] {logging_mixin.py:137} INFO - [2023-03-17T03:28:20.879+0000] {dag.py:2693} INFO - Sync 1 DAGs
[2023-03-17T03:28:20.919+0000] {logging_mixin.py:137} INFO - [2023-03-17T03:28:20.919+0000] {dag.py:3444} INFO - Setting next_dagrun for example_short_circuit_decorator to 2023-03-16T03:28:20.919117+00:00, run_after=2023-03-17T03:28:20.919117+00:00
[2023-03-17T03:28:20.949+0000] {processor.py:175} INFO - Processing /home/airflow/.local/lib/python3.7/site-packages/airflow/example_dags/example_short_circuit_decorator.py took 0.138 seconds
[2023-03-17T03:28:51.307+0000] {processor.py:153} INFO - Started process (PID=7860) to work on /home/airflow/.local/lib/python3.7/site-packages/airflow/example_dags/example_short_circuit_decorator.py
[2023-03-17T03:28:51.308+0000] {processor.py:743} INFO - Processing file /home/airflow/.local/lib/python3.7/site-packages/airflow/example_dags/example_short_circuit_decorator.py for tasks to queue
[2023-03-17T03:28:51.309+0000] {logging_mixin.py:137} INFO - [2023-03-17T03:28:51.309+0000] {dagbag.py:532} INFO - Filling up the DagBag from /home/airflow/.local/lib/python3.7/site-packages/airflow/example_dags/example_short_circuit_decorator.py
[2023-03-17T03:28:51.339+0000] {processor.py:753} INFO - DAG(s) dict_keys(['example_short_circuit_decorator']) retrieved from /home/airflow/.local/lib/python3.7/site-packages/airflow/example_dags/example_short_circuit_decorator.py
[2023-03-17T03:28:51.372+0000] {logging_mixin.py:137} INFO - [2023-03-17T03:28:51.372+0000] {dag.py:2693} INFO - Sync 1 DAGs
[2023-03-17T03:28:51.406+0000] {logging_mixin.py:137} INFO - [2023-03-17T03:28:51.406+0000] {dag.py:3444} INFO - Setting next_dagrun for example_short_circuit_decorator to 2023-03-16T03:28:51.406317+00:00, run_after=2023-03-17T03:28:51.406317+00:00
[2023-03-17T03:28:51.433+0000] {processor.py:175} INFO - Processing /home/airflow/.local/lib/python3.7/site-packages/airflow/example_dags/example_short_circuit_decorator.py took 0.130 seconds
[2023-03-17T03:29:21.592+0000] {processor.py:153} INFO - Started process (PID=8078) to work on /home/airflow/.local/lib/python3.7/site-packages/airflow/example_dags/example_short_circuit_decorator.py
[2023-03-17T03:29:21.593+0000] {processor.py:743} INFO - Processing file /home/airflow/.local/lib/python3.7/site-packages/airflow/example_dags/example_short_circuit_decorator.py for tasks to queue
[2023-03-17T03:29:21.594+0000] {logging_mixin.py:137} INFO - [2023-03-17T03:29:21.594+0000] {dagbag.py:532} INFO - Filling up the DagBag from /home/airflow/.local/lib/python3.7/site-packages/airflow/example_dags/example_short_circuit_decorator.py
[2023-03-17T03:29:21.623+0000] {processor.py:753} INFO - DAG(s) dict_keys(['example_short_circuit_decorator']) retrieved from /home/airflow/.local/lib/python3.7/site-packages/airflow/example_dags/example_short_circuit_decorator.py
[2023-03-17T03:29:21.658+0000] {logging_mixin.py:137} INFO - [2023-03-17T03:29:21.658+0000] {dag.py:2693} INFO - Sync 1 DAGs
[2023-03-17T03:29:21.691+0000] {logging_mixin.py:137} INFO - [2023-03-17T03:29:21.691+0000] {dag.py:3444} INFO - Setting next_dagrun for example_short_circuit_decorator to 2023-03-16T03:29:21.690836+00:00, run_after=2023-03-17T03:29:21.690836+00:00
[2023-03-17T03:29:21.718+0000] {processor.py:175} INFO - Processing /home/airflow/.local/lib/python3.7/site-packages/airflow/example_dags/example_short_circuit_decorator.py took 0.129 seconds
[2023-03-17T03:29:52.007+0000] {processor.py:153} INFO - Started process (PID=8295) to work on /home/airflow/.local/lib/python3.7/site-packages/airflow/example_dags/example_short_circuit_decorator.py
[2023-03-17T03:29:52.008+0000] {processor.py:743} INFO - Processing file /home/airflow/.local/lib/python3.7/site-packages/airflow/example_dags/example_short_circuit_decorator.py for tasks to queue
[2023-03-17T03:29:52.009+0000] {logging_mixin.py:137} INFO - [2023-03-17T03:29:52.009+0000] {dagbag.py:532} INFO - Filling up the DagBag from /home/airflow/.local/lib/python3.7/site-packages/airflow/example_dags/example_short_circuit_decorator.py
[2023-03-17T03:29:52.045+0000] {processor.py:753} INFO - DAG(s) dict_keys(['example_short_circuit_decorator']) retrieved from /home/airflow/.local/lib/python3.7/site-packages/airflow/example_dags/example_short_circuit_decorator.py
[2023-03-17T03:29:52.086+0000] {logging_mixin.py:137} INFO - [2023-03-17T03:29:52.086+0000] {dag.py:2693} INFO - Sync 1 DAGs
[2023-03-17T03:29:52.122+0000] {logging_mixin.py:137} INFO - [2023-03-17T03:29:52.122+0000] {dag.py:3444} INFO - Setting next_dagrun for example_short_circuit_decorator to 2023-03-16T03:29:52.121766+00:00, run_after=2023-03-17T03:29:52.121766+00:00
[2023-03-17T03:29:52.148+0000] {processor.py:175} INFO - Processing /home/airflow/.local/lib/python3.7/site-packages/airflow/example_dags/example_short_circuit_decorator.py took 0.145 seconds
[2023-03-17T03:30:22.612+0000] {processor.py:153} INFO - Started process (PID=8514) to work on /home/airflow/.local/lib/python3.7/site-packages/airflow/example_dags/example_short_circuit_decorator.py
[2023-03-17T03:30:22.613+0000] {processor.py:743} INFO - Processing file /home/airflow/.local/lib/python3.7/site-packages/airflow/example_dags/example_short_circuit_decorator.py for tasks to queue
[2023-03-17T03:30:22.614+0000] {logging_mixin.py:137} INFO - [2023-03-17T03:30:22.614+0000] {dagbag.py:532} INFO - Filling up the DagBag from /home/airflow/.local/lib/python3.7/site-packages/airflow/example_dags/example_short_circuit_decorator.py
[2023-03-17T03:30:22.643+0000] {processor.py:753} INFO - DAG(s) dict_keys(['example_short_circuit_decorator']) retrieved from /home/airflow/.local/lib/python3.7/site-packages/airflow/example_dags/example_short_circuit_decorator.py
[2023-03-17T03:30:22.676+0000] {logging_mixin.py:137} INFO - [2023-03-17T03:30:22.676+0000] {dag.py:2693} INFO - Sync 1 DAGs
[2023-03-17T03:30:22.705+0000] {logging_mixin.py:137} INFO - [2023-03-17T03:30:22.705+0000] {dag.py:3444} INFO - Setting next_dagrun for example_short_circuit_decorator to 2023-03-16T03:30:22.705414+00:00, run_after=2023-03-17T03:30:22.705414+00:00
[2023-03-17T03:30:22.732+0000] {processor.py:175} INFO - Processing /home/airflow/.local/lib/python3.7/site-packages/airflow/example_dags/example_short_circuit_decorator.py took 0.125 seconds
[2023-03-17T03:30:53.124+0000] {processor.py:153} INFO - Started process (PID=8729) to work on /home/airflow/.local/lib/python3.7/site-packages/airflow/example_dags/example_short_circuit_decorator.py
[2023-03-17T03:30:53.125+0000] {processor.py:743} INFO - Processing file /home/airflow/.local/lib/python3.7/site-packages/airflow/example_dags/example_short_circuit_decorator.py for tasks to queue
[2023-03-17T03:30:53.126+0000] {logging_mixin.py:137} INFO - [2023-03-17T03:30:53.126+0000] {dagbag.py:532} INFO - Filling up the DagBag from /home/airflow/.local/lib/python3.7/site-packages/airflow/example_dags/example_short_circuit_decorator.py
[2023-03-17T03:30:53.154+0000] {processor.py:753} INFO - DAG(s) dict_keys(['example_short_circuit_decorator']) retrieved from /home/airflow/.local/lib/python3.7/site-packages/airflow/example_dags/example_short_circuit_decorator.py
[2023-03-17T03:30:53.186+0000] {logging_mixin.py:137} INFO - [2023-03-17T03:30:53.186+0000] {dag.py:2693} INFO - Sync 1 DAGs
[2023-03-17T03:30:53.219+0000] {logging_mixin.py:137} INFO - [2023-03-17T03:30:53.219+0000] {dag.py:3444} INFO - Setting next_dagrun for example_short_circuit_decorator to 2023-03-16T03:30:53.218818+00:00, run_after=2023-03-17T03:30:53.218818+00:00
[2023-03-17T03:30:53.245+0000] {processor.py:175} INFO - Processing /home/airflow/.local/lib/python3.7/site-packages/airflow/example_dags/example_short_circuit_decorator.py took 0.125 seconds
[2023-03-17T03:31:23.449+0000] {processor.py:153} INFO - Started process (PID=8946) to work on /home/airflow/.local/lib/python3.7/site-packages/airflow/example_dags/example_short_circuit_decorator.py
[2023-03-17T03:31:23.450+0000] {processor.py:743} INFO - Processing file /home/airflow/.local/lib/python3.7/site-packages/airflow/example_dags/example_short_circuit_decorator.py for tasks to queue
[2023-03-17T03:31:23.451+0000] {logging_mixin.py:137} INFO - [2023-03-17T03:31:23.451+0000] {dagbag.py:532} INFO - Filling up the DagBag from /home/airflow/.local/lib/python3.7/site-packages/airflow/example_dags/example_short_circuit_decorator.py
[2023-03-17T03:31:23.481+0000] {processor.py:753} INFO - DAG(s) dict_keys(['example_short_circuit_decorator']) retrieved from /home/airflow/.local/lib/python3.7/site-packages/airflow/example_dags/example_short_circuit_decorator.py
[2023-03-17T03:31:23.514+0000] {logging_mixin.py:137} INFO - [2023-03-17T03:31:23.513+0000] {dag.py:2693} INFO - Sync 1 DAGs
[2023-03-17T03:31:23.546+0000] {logging_mixin.py:137} INFO - [2023-03-17T03:31:23.546+0000] {dag.py:3444} INFO - Setting next_dagrun for example_short_circuit_decorator to 2023-03-16T03:31:23.546050+00:00, run_after=2023-03-17T03:31:23.546050+00:00
[2023-03-17T03:31:23.572+0000] {processor.py:175} INFO - Processing /home/airflow/.local/lib/python3.7/site-packages/airflow/example_dags/example_short_circuit_decorator.py took 0.127 seconds
[2023-03-17T03:31:53.807+0000] {processor.py:153} INFO - Started process (PID=9163) to work on /home/airflow/.local/lib/python3.7/site-packages/airflow/example_dags/example_short_circuit_decorator.py
[2023-03-17T03:31:53.809+0000] {processor.py:743} INFO - Processing file /home/airflow/.local/lib/python3.7/site-packages/airflow/example_dags/example_short_circuit_decorator.py for tasks to queue
[2023-03-17T03:31:53.810+0000] {logging_mixin.py:137} INFO - [2023-03-17T03:31:53.810+0000] {dagbag.py:532} INFO - Filling up the DagBag from /home/airflow/.local/lib/python3.7/site-packages/airflow/example_dags/example_short_circuit_decorator.py
[2023-03-17T03:31:53.839+0000] {processor.py:753} INFO - DAG(s) dict_keys(['example_short_circuit_decorator']) retrieved from /home/airflow/.local/lib/python3.7/site-packages/airflow/example_dags/example_short_circuit_decorator.py
[2023-03-17T03:31:53.873+0000] {logging_mixin.py:137} INFO - [2023-03-17T03:31:53.872+0000] {dag.py:2693} INFO - Sync 1 DAGs
[2023-03-17T03:31:53.903+0000] {logging_mixin.py:137} INFO - [2023-03-17T03:31:53.903+0000] {dag.py:3444} INFO - Setting next_dagrun for example_short_circuit_decorator to 2023-03-16T03:31:53.903460+00:00, run_after=2023-03-17T03:31:53.903460+00:00
[2023-03-17T03:31:53.931+0000] {processor.py:175} INFO - Processing /home/airflow/.local/lib/python3.7/site-packages/airflow/example_dags/example_short_circuit_decorator.py took 0.127 seconds
[2023-03-17T03:32:24.276+0000] {processor.py:153} INFO - Started process (PID=9380) to work on /home/airflow/.local/lib/python3.7/site-packages/airflow/example_dags/example_short_circuit_decorator.py
[2023-03-17T03:32:24.277+0000] {processor.py:743} INFO - Processing file /home/airflow/.local/lib/python3.7/site-packages/airflow/example_dags/example_short_circuit_decorator.py for tasks to queue
[2023-03-17T03:32:24.278+0000] {logging_mixin.py:137} INFO - [2023-03-17T03:32:24.278+0000] {dagbag.py:532} INFO - Filling up the DagBag from /home/airflow/.local/lib/python3.7/site-packages/airflow/example_dags/example_short_circuit_decorator.py
[2023-03-17T03:32:24.306+0000] {processor.py:753} INFO - DAG(s) dict_keys(['example_short_circuit_decorator']) retrieved from /home/airflow/.local/lib/python3.7/site-packages/airflow/example_dags/example_short_circuit_decorator.py
[2023-03-17T03:32:24.338+0000] {logging_mixin.py:137} INFO - [2023-03-17T03:32:24.338+0000] {dag.py:2693} INFO - Sync 1 DAGs
[2023-03-17T03:32:24.372+0000] {logging_mixin.py:137} INFO - [2023-03-17T03:32:24.371+0000] {dag.py:3444} INFO - Setting next_dagrun for example_short_circuit_decorator to 2023-03-16T03:32:24.371663+00:00, run_after=2023-03-17T03:32:24.371663+00:00
[2023-03-17T03:32:24.397+0000] {processor.py:175} INFO - Processing /home/airflow/.local/lib/python3.7/site-packages/airflow/example_dags/example_short_circuit_decorator.py took 0.126 seconds
[2023-03-17T03:32:54.949+0000] {processor.py:153} INFO - Started process (PID=9597) to work on /home/airflow/.local/lib/python3.7/site-packages/airflow/example_dags/example_short_circuit_decorator.py
[2023-03-17T03:32:54.950+0000] {processor.py:743} INFO - Processing file /home/airflow/.local/lib/python3.7/site-packages/airflow/example_dags/example_short_circuit_decorator.py for tasks to queue
[2023-03-17T03:32:54.952+0000] {logging_mixin.py:137} INFO - [2023-03-17T03:32:54.951+0000] {dagbag.py:532} INFO - Filling up the DagBag from /home/airflow/.local/lib/python3.7/site-packages/airflow/example_dags/example_short_circuit_decorator.py
[2023-03-17T03:32:54.987+0000] {processor.py:753} INFO - DAG(s) dict_keys(['example_short_circuit_decorator']) retrieved from /home/airflow/.local/lib/python3.7/site-packages/airflow/example_dags/example_short_circuit_decorator.py
[2023-03-17T03:32:55.024+0000] {logging_mixin.py:137} INFO - [2023-03-17T03:32:55.024+0000] {dag.py:2693} INFO - Sync 1 DAGs
[2023-03-17T03:32:55.061+0000] {logging_mixin.py:137} INFO - [2023-03-17T03:32:55.061+0000] {dag.py:3444} INFO - Setting next_dagrun for example_short_circuit_decorator to 2023-03-16T03:32:55.061188+00:00, run_after=2023-03-17T03:32:55.061188+00:00
[2023-03-17T03:32:55.088+0000] {processor.py:175} INFO - Processing /home/airflow/.local/lib/python3.7/site-packages/airflow/example_dags/example_short_circuit_decorator.py took 0.145 seconds
[2023-03-17T03:33:25.742+0000] {processor.py:153} INFO - Started process (PID=9815) to work on /home/airflow/.local/lib/python3.7/site-packages/airflow/example_dags/example_short_circuit_decorator.py
[2023-03-17T03:33:25.744+0000] {processor.py:743} INFO - Processing file /home/airflow/.local/lib/python3.7/site-packages/airflow/example_dags/example_short_circuit_decorator.py for tasks to queue
[2023-03-17T03:33:25.744+0000] {logging_mixin.py:137} INFO - [2023-03-17T03:33:25.744+0000] {dagbag.py:532} INFO - Filling up the DagBag from /home/airflow/.local/lib/python3.7/site-packages/airflow/example_dags/example_short_circuit_decorator.py
[2023-03-17T03:33:25.775+0000] {processor.py:753} INFO - DAG(s) dict_keys(['example_short_circuit_decorator']) retrieved from /home/airflow/.local/lib/python3.7/site-packages/airflow/example_dags/example_short_circuit_decorator.py
[2023-03-17T03:33:25.809+0000] {logging_mixin.py:137} INFO - [2023-03-17T03:33:25.809+0000] {dag.py:2693} INFO - Sync 1 DAGs
[2023-03-17T03:33:25.841+0000] {logging_mixin.py:137} INFO - [2023-03-17T03:33:25.841+0000] {dag.py:3444} INFO - Setting next_dagrun for example_short_circuit_decorator to 2023-03-16T03:33:25.841444+00:00, run_after=2023-03-17T03:33:25.841444+00:00
[2023-03-17T03:33:25.868+0000] {processor.py:175} INFO - Processing /home/airflow/.local/lib/python3.7/site-packages/airflow/example_dags/example_short_circuit_decorator.py took 0.130 seconds
[2023-03-17T03:33:56.327+0000] {processor.py:153} INFO - Started process (PID=10032) to work on /home/airflow/.local/lib/python3.7/site-packages/airflow/example_dags/example_short_circuit_decorator.py
[2023-03-17T03:33:56.328+0000] {processor.py:743} INFO - Processing file /home/airflow/.local/lib/python3.7/site-packages/airflow/example_dags/example_short_circuit_decorator.py for tasks to queue
[2023-03-17T03:33:56.329+0000] {logging_mixin.py:137} INFO - [2023-03-17T03:33:56.328+0000] {dagbag.py:532} INFO - Filling up the DagBag from /home/airflow/.local/lib/python3.7/site-packages/airflow/example_dags/example_short_circuit_decorator.py
[2023-03-17T03:33:56.361+0000] {processor.py:753} INFO - DAG(s) dict_keys(['example_short_circuit_decorator']) retrieved from /home/airflow/.local/lib/python3.7/site-packages/airflow/example_dags/example_short_circuit_decorator.py
[2023-03-17T03:33:56.395+0000] {logging_mixin.py:137} INFO - [2023-03-17T03:33:56.395+0000] {dag.py:2693} INFO - Sync 1 DAGs
[2023-03-17T03:33:56.428+0000] {logging_mixin.py:137} INFO - [2023-03-17T03:33:56.428+0000] {dag.py:3444} INFO - Setting next_dagrun for example_short_circuit_decorator to 2023-03-16T03:33:56.428262+00:00, run_after=2023-03-17T03:33:56.428262+00:00
[2023-03-17T03:33:56.456+0000] {processor.py:175} INFO - Processing /home/airflow/.local/lib/python3.7/site-packages/airflow/example_dags/example_short_circuit_decorator.py took 0.134 seconds
[2023-03-17T03:34:26.944+0000] {processor.py:153} INFO - Started process (PID=10250) to work on /home/airflow/.local/lib/python3.7/site-packages/airflow/example_dags/example_short_circuit_decorator.py
[2023-03-17T03:34:26.945+0000] {processor.py:743} INFO - Processing file /home/airflow/.local/lib/python3.7/site-packages/airflow/example_dags/example_short_circuit_decorator.py for tasks to queue
[2023-03-17T03:34:26.946+0000] {logging_mixin.py:137} INFO - [2023-03-17T03:34:26.946+0000] {dagbag.py:532} INFO - Filling up the DagBag from /home/airflow/.local/lib/python3.7/site-packages/airflow/example_dags/example_short_circuit_decorator.py
[2023-03-17T03:34:26.980+0000] {processor.py:753} INFO - DAG(s) dict_keys(['example_short_circuit_decorator']) retrieved from /home/airflow/.local/lib/python3.7/site-packages/airflow/example_dags/example_short_circuit_decorator.py
[2023-03-17T03:34:27.013+0000] {logging_mixin.py:137} INFO - [2023-03-17T03:34:27.013+0000] {dag.py:2693} INFO - Sync 1 DAGs
[2023-03-17T03:34:27.047+0000] {logging_mixin.py:137} INFO - [2023-03-17T03:34:27.047+0000] {dag.py:3444} INFO - Setting next_dagrun for example_short_circuit_decorator to 2023-03-16T03:34:27.047079+00:00, run_after=2023-03-17T03:34:27.047079+00:00
[2023-03-17T03:34:27.085+0000] {processor.py:175} INFO - Processing /home/airflow/.local/lib/python3.7/site-packages/airflow/example_dags/example_short_circuit_decorator.py took 0.144 seconds
