[2023-03-17T03:11:02.108+0000] {processor.py:153} INFO - Started process (PID=287) to work on /home/airflow/.local/lib/python3.7/site-packages/airflow/example_dags/example_branch_operator.py
[2023-03-17T03:11:02.110+0000] {processor.py:743} INFO - Processing file /home/airflow/.local/lib/python3.7/site-packages/airflow/example_dags/example_branch_operator.py for tasks to queue
[2023-03-17T03:11:02.112+0000] {logging_mixin.py:137} INFO - [2023-03-17T03:11:02.112+0000] {dagbag.py:532} INFO - Filling up the DagBag from /home/airflow/.local/lib/python3.7/site-packages/airflow/example_dags/example_branch_operator.py
[2023-03-17T03:11:02.141+0000] {processor.py:753} INFO - DAG(s) dict_keys(['example_branch_operator']) retrieved from /home/airflow/.local/lib/python3.7/site-packages/airflow/example_dags/example_branch_operator.py
[2023-03-17T03:11:02.196+0000] {logging_mixin.py:137} INFO - [2023-03-17T03:11:02.195+0000] {dag.py:2693} INFO - Sync 1 DAGs
[2023-03-17T03:11:02.265+0000] {logging_mixin.py:137} INFO - [2023-03-17T03:11:02.265+0000] {dag.py:3444} INFO - Setting next_dagrun for example_branch_operator to 2023-03-16T00:00:00+00:00, run_after=2023-03-17T00:00:00+00:00
[2023-03-17T03:11:02.312+0000] {processor.py:175} INFO - Processing /home/airflow/.local/lib/python3.7/site-packages/airflow/example_dags/example_branch_operator.py took 0.209 seconds
[2023-03-17T03:11:35.338+0000] {processor.py:153} INFO - Started process (PID=509) to work on /home/airflow/.local/lib/python3.7/site-packages/airflow/example_dags/example_branch_operator.py
[2023-03-17T03:11:35.341+0000] {processor.py:743} INFO - Processing file /home/airflow/.local/lib/python3.7/site-packages/airflow/example_dags/example_branch_operator.py for tasks to queue
[2023-03-17T03:11:35.342+0000] {logging_mixin.py:137} INFO - [2023-03-17T03:11:35.342+0000] {dagbag.py:532} INFO - Filling up the DagBag from /home/airflow/.local/lib/python3.7/site-packages/airflow/example_dags/example_branch_operator.py
[2023-03-17T03:11:35.370+0000] {processor.py:753} INFO - DAG(s) dict_keys(['example_branch_operator']) retrieved from /home/airflow/.local/lib/python3.7/site-packages/airflow/example_dags/example_branch_operator.py
[2023-03-17T03:11:35.413+0000] {logging_mixin.py:137} INFO - [2023-03-17T03:11:35.413+0000] {dag.py:2693} INFO - Sync 1 DAGs
[2023-03-17T03:11:35.454+0000] {logging_mixin.py:137} INFO - [2023-03-17T03:11:35.454+0000] {dag.py:3444} INFO - Setting next_dagrun for example_branch_operator to 2023-03-16T00:00:00+00:00, run_after=2023-03-17T00:00:00+00:00
[2023-03-17T03:11:35.488+0000] {processor.py:175} INFO - Processing /home/airflow/.local/lib/python3.7/site-packages/airflow/example_dags/example_branch_operator.py took 0.155 seconds
[2023-03-17T03:12:06.436+0000] {processor.py:153} INFO - Started process (PID=726) to work on /home/airflow/.local/lib/python3.7/site-packages/airflow/example_dags/example_branch_operator.py
[2023-03-17T03:12:06.437+0000] {processor.py:743} INFO - Processing file /home/airflow/.local/lib/python3.7/site-packages/airflow/example_dags/example_branch_operator.py for tasks to queue
[2023-03-17T03:12:06.439+0000] {logging_mixin.py:137} INFO - [2023-03-17T03:12:06.439+0000] {dagbag.py:532} INFO - Filling up the DagBag from /home/airflow/.local/lib/python3.7/site-packages/airflow/example_dags/example_branch_operator.py
[2023-03-17T03:12:06.494+0000] {processor.py:753} INFO - DAG(s) dict_keys(['example_branch_operator']) retrieved from /home/airflow/.local/lib/python3.7/site-packages/airflow/example_dags/example_branch_operator.py
[2023-03-17T03:12:06.591+0000] {logging_mixin.py:137} INFO - [2023-03-17T03:12:06.591+0000] {dag.py:2693} INFO - Sync 1 DAGs
[2023-03-17T03:12:06.667+0000] {logging_mixin.py:137} INFO - [2023-03-17T03:12:06.667+0000] {dag.py:3444} INFO - Setting next_dagrun for example_branch_operator to 2023-03-16T00:00:00+00:00, run_after=2023-03-17T00:00:00+00:00
[2023-03-17T03:12:06.712+0000] {processor.py:175} INFO - Processing /home/airflow/.local/lib/python3.7/site-packages/airflow/example_dags/example_branch_operator.py took 0.285 seconds
[2023-03-17T03:12:37.212+0000] {processor.py:153} INFO - Started process (PID=945) to work on /home/airflow/.local/lib/python3.7/site-packages/airflow/example_dags/example_branch_operator.py
[2023-03-17T03:12:37.214+0000] {processor.py:743} INFO - Processing file /home/airflow/.local/lib/python3.7/site-packages/airflow/example_dags/example_branch_operator.py for tasks to queue
[2023-03-17T03:12:37.214+0000] {logging_mixin.py:137} INFO - [2023-03-17T03:12:37.214+0000] {dagbag.py:532} INFO - Filling up the DagBag from /home/airflow/.local/lib/python3.7/site-packages/airflow/example_dags/example_branch_operator.py
[2023-03-17T03:12:37.233+0000] {processor.py:753} INFO - DAG(s) dict_keys(['example_branch_operator']) retrieved from /home/airflow/.local/lib/python3.7/site-packages/airflow/example_dags/example_branch_operator.py
[2023-03-17T03:12:37.265+0000] {logging_mixin.py:137} INFO - [2023-03-17T03:12:37.265+0000] {dag.py:2693} INFO - Sync 1 DAGs
[2023-03-17T03:12:37.295+0000] {logging_mixin.py:137} INFO - [2023-03-17T03:12:37.295+0000] {dag.py:3444} INFO - Setting next_dagrun for example_branch_operator to 2023-03-16T00:00:00+00:00, run_after=2023-03-17T00:00:00+00:00
[2023-03-17T03:12:37.328+0000] {processor.py:175} INFO - Processing /home/airflow/.local/lib/python3.7/site-packages/airflow/example_dags/example_branch_operator.py took 0.120 seconds
[2023-03-17T03:13:07.997+0000] {processor.py:153} INFO - Started process (PID=1160) to work on /home/airflow/.local/lib/python3.7/site-packages/airflow/example_dags/example_branch_operator.py
[2023-03-17T03:13:07.998+0000] {processor.py:743} INFO - Processing file /home/airflow/.local/lib/python3.7/site-packages/airflow/example_dags/example_branch_operator.py for tasks to queue
[2023-03-17T03:13:08.000+0000] {logging_mixin.py:137} INFO - [2023-03-17T03:13:07.999+0000] {dagbag.py:532} INFO - Filling up the DagBag from /home/airflow/.local/lib/python3.7/site-packages/airflow/example_dags/example_branch_operator.py
[2023-03-17T03:13:08.020+0000] {processor.py:753} INFO - DAG(s) dict_keys(['example_branch_operator']) retrieved from /home/airflow/.local/lib/python3.7/site-packages/airflow/example_dags/example_branch_operator.py
[2023-03-17T03:13:08.051+0000] {logging_mixin.py:137} INFO - [2023-03-17T03:13:08.051+0000] {dag.py:2693} INFO - Sync 1 DAGs
[2023-03-17T03:13:08.084+0000] {logging_mixin.py:137} INFO - [2023-03-17T03:13:08.084+0000] {dag.py:3444} INFO - Setting next_dagrun for example_branch_operator to 2023-03-16T00:00:00+00:00, run_after=2023-03-17T00:00:00+00:00
[2023-03-17T03:13:08.119+0000] {processor.py:175} INFO - Processing /home/airflow/.local/lib/python3.7/site-packages/airflow/example_dags/example_branch_operator.py took 0.126 seconds
[2023-03-17T03:13:38.600+0000] {processor.py:153} INFO - Started process (PID=1379) to work on /home/airflow/.local/lib/python3.7/site-packages/airflow/example_dags/example_branch_operator.py
[2023-03-17T03:13:38.601+0000] {processor.py:743} INFO - Processing file /home/airflow/.local/lib/python3.7/site-packages/airflow/example_dags/example_branch_operator.py for tasks to queue
[2023-03-17T03:13:38.602+0000] {logging_mixin.py:137} INFO - [2023-03-17T03:13:38.602+0000] {dagbag.py:532} INFO - Filling up the DagBag from /home/airflow/.local/lib/python3.7/site-packages/airflow/example_dags/example_branch_operator.py
[2023-03-17T03:13:38.621+0000] {processor.py:753} INFO - DAG(s) dict_keys(['example_branch_operator']) retrieved from /home/airflow/.local/lib/python3.7/site-packages/airflow/example_dags/example_branch_operator.py
[2023-03-17T03:13:38.656+0000] {logging_mixin.py:137} INFO - [2023-03-17T03:13:38.656+0000] {dag.py:2693} INFO - Sync 1 DAGs
[2023-03-17T03:13:38.687+0000] {logging_mixin.py:137} INFO - [2023-03-17T03:13:38.687+0000] {dag.py:3444} INFO - Setting next_dagrun for example_branch_operator to 2023-03-16T00:00:00+00:00, run_after=2023-03-17T00:00:00+00:00
[2023-03-17T03:13:38.714+0000] {processor.py:175} INFO - Processing /home/airflow/.local/lib/python3.7/site-packages/airflow/example_dags/example_branch_operator.py took 0.117 seconds
[2023-03-17T03:14:08.943+0000] {processor.py:153} INFO - Started process (PID=1596) to work on /home/airflow/.local/lib/python3.7/site-packages/airflow/example_dags/example_branch_operator.py
[2023-03-17T03:14:08.944+0000] {processor.py:743} INFO - Processing file /home/airflow/.local/lib/python3.7/site-packages/airflow/example_dags/example_branch_operator.py for tasks to queue
[2023-03-17T03:14:08.945+0000] {logging_mixin.py:137} INFO - [2023-03-17T03:14:08.945+0000] {dagbag.py:532} INFO - Filling up the DagBag from /home/airflow/.local/lib/python3.7/site-packages/airflow/example_dags/example_branch_operator.py
[2023-03-17T03:14:08.965+0000] {processor.py:753} INFO - DAG(s) dict_keys(['example_branch_operator']) retrieved from /home/airflow/.local/lib/python3.7/site-packages/airflow/example_dags/example_branch_operator.py
[2023-03-17T03:14:08.997+0000] {logging_mixin.py:137} INFO - [2023-03-17T03:14:08.997+0000] {dag.py:2693} INFO - Sync 1 DAGs
[2023-03-17T03:14:09.029+0000] {logging_mixin.py:137} INFO - [2023-03-17T03:14:09.029+0000] {dag.py:3444} INFO - Setting next_dagrun for example_branch_operator to 2023-03-16T00:00:00+00:00, run_after=2023-03-17T00:00:00+00:00
[2023-03-17T03:14:09.056+0000] {processor.py:175} INFO - Processing /home/airflow/.local/lib/python3.7/site-packages/airflow/example_dags/example_branch_operator.py took 0.118 seconds
[2023-03-17T03:14:39.317+0000] {processor.py:153} INFO - Started process (PID=1813) to work on /home/airflow/.local/lib/python3.7/site-packages/airflow/example_dags/example_branch_operator.py
[2023-03-17T03:14:39.318+0000] {processor.py:743} INFO - Processing file /home/airflow/.local/lib/python3.7/site-packages/airflow/example_dags/example_branch_operator.py for tasks to queue
[2023-03-17T03:14:39.319+0000] {logging_mixin.py:137} INFO - [2023-03-17T03:14:39.319+0000] {dagbag.py:532} INFO - Filling up the DagBag from /home/airflow/.local/lib/python3.7/site-packages/airflow/example_dags/example_branch_operator.py
[2023-03-17T03:14:39.338+0000] {processor.py:753} INFO - DAG(s) dict_keys(['example_branch_operator']) retrieved from /home/airflow/.local/lib/python3.7/site-packages/airflow/example_dags/example_branch_operator.py
[2023-03-17T03:14:39.370+0000] {logging_mixin.py:137} INFO - [2023-03-17T03:14:39.370+0000] {dag.py:2693} INFO - Sync 1 DAGs
[2023-03-17T03:14:39.402+0000] {logging_mixin.py:137} INFO - [2023-03-17T03:14:39.402+0000] {dag.py:3444} INFO - Setting next_dagrun for example_branch_operator to 2023-03-16T00:00:00+00:00, run_after=2023-03-17T00:00:00+00:00
[2023-03-17T03:14:39.428+0000] {processor.py:175} INFO - Processing /home/airflow/.local/lib/python3.7/site-packages/airflow/example_dags/example_branch_operator.py took 0.114 seconds
[2023-03-17T03:15:09.910+0000] {processor.py:153} INFO - Started process (PID=2030) to work on /home/airflow/.local/lib/python3.7/site-packages/airflow/example_dags/example_branch_operator.py
[2023-03-17T03:15:09.911+0000] {processor.py:743} INFO - Processing file /home/airflow/.local/lib/python3.7/site-packages/airflow/example_dags/example_branch_operator.py for tasks to queue
[2023-03-17T03:15:09.912+0000] {logging_mixin.py:137} INFO - [2023-03-17T03:15:09.912+0000] {dagbag.py:532} INFO - Filling up the DagBag from /home/airflow/.local/lib/python3.7/site-packages/airflow/example_dags/example_branch_operator.py
[2023-03-17T03:15:09.934+0000] {processor.py:753} INFO - DAG(s) dict_keys(['example_branch_operator']) retrieved from /home/airflow/.local/lib/python3.7/site-packages/airflow/example_dags/example_branch_operator.py
[2023-03-17T03:15:09.970+0000] {logging_mixin.py:137} INFO - [2023-03-17T03:15:09.970+0000] {dag.py:2693} INFO - Sync 1 DAGs
[2023-03-17T03:15:10.003+0000] {logging_mixin.py:137} INFO - [2023-03-17T03:15:10.003+0000] {dag.py:3444} INFO - Setting next_dagrun for example_branch_operator to 2023-03-16T00:00:00+00:00, run_after=2023-03-17T00:00:00+00:00
[2023-03-17T03:15:10.028+0000] {processor.py:175} INFO - Processing /home/airflow/.local/lib/python3.7/site-packages/airflow/example_dags/example_branch_operator.py took 0.120 seconds
[2023-03-17T03:15:40.435+0000] {processor.py:153} INFO - Started process (PID=2246) to work on /home/airflow/.local/lib/python3.7/site-packages/airflow/example_dags/example_branch_operator.py
[2023-03-17T03:15:40.436+0000] {processor.py:743} INFO - Processing file /home/airflow/.local/lib/python3.7/site-packages/airflow/example_dags/example_branch_operator.py for tasks to queue
[2023-03-17T03:15:40.437+0000] {logging_mixin.py:137} INFO - [2023-03-17T03:15:40.437+0000] {dagbag.py:532} INFO - Filling up the DagBag from /home/airflow/.local/lib/python3.7/site-packages/airflow/example_dags/example_branch_operator.py
[2023-03-17T03:15:40.456+0000] {processor.py:753} INFO - DAG(s) dict_keys(['example_branch_operator']) retrieved from /home/airflow/.local/lib/python3.7/site-packages/airflow/example_dags/example_branch_operator.py
[2023-03-17T03:15:40.489+0000] {logging_mixin.py:137} INFO - [2023-03-17T03:15:40.488+0000] {dag.py:2693} INFO - Sync 1 DAGs
[2023-03-17T03:15:40.521+0000] {logging_mixin.py:137} INFO - [2023-03-17T03:15:40.521+0000] {dag.py:3444} INFO - Setting next_dagrun for example_branch_operator to 2023-03-16T00:00:00+00:00, run_after=2023-03-17T00:00:00+00:00
[2023-03-17T03:15:40.547+0000] {processor.py:175} INFO - Processing /home/airflow/.local/lib/python3.7/site-packages/airflow/example_dags/example_branch_operator.py took 0.116 seconds
[2023-03-17T03:16:11.040+0000] {processor.py:153} INFO - Started process (PID=2465) to work on /home/airflow/.local/lib/python3.7/site-packages/airflow/example_dags/example_branch_operator.py
[2023-03-17T03:16:11.041+0000] {processor.py:743} INFO - Processing file /home/airflow/.local/lib/python3.7/site-packages/airflow/example_dags/example_branch_operator.py for tasks to queue
[2023-03-17T03:16:11.042+0000] {logging_mixin.py:137} INFO - [2023-03-17T03:16:11.042+0000] {dagbag.py:532} INFO - Filling up the DagBag from /home/airflow/.local/lib/python3.7/site-packages/airflow/example_dags/example_branch_operator.py
[2023-03-17T03:16:11.061+0000] {processor.py:753} INFO - DAG(s) dict_keys(['example_branch_operator']) retrieved from /home/airflow/.local/lib/python3.7/site-packages/airflow/example_dags/example_branch_operator.py
[2023-03-17T03:16:11.092+0000] {logging_mixin.py:137} INFO - [2023-03-17T03:16:11.091+0000] {dag.py:2693} INFO - Sync 1 DAGs
[2023-03-17T03:16:11.123+0000] {logging_mixin.py:137} INFO - [2023-03-17T03:16:11.123+0000] {dag.py:3444} INFO - Setting next_dagrun for example_branch_operator to 2023-03-16T00:00:00+00:00, run_after=2023-03-17T00:00:00+00:00
[2023-03-17T03:16:11.150+0000] {processor.py:175} INFO - Processing /home/airflow/.local/lib/python3.7/site-packages/airflow/example_dags/example_branch_operator.py took 0.113 seconds
[2023-03-17T03:16:41.526+0000] {processor.py:153} INFO - Started process (PID=2682) to work on /home/airflow/.local/lib/python3.7/site-packages/airflow/example_dags/example_branch_operator.py
[2023-03-17T03:16:41.527+0000] {processor.py:743} INFO - Processing file /home/airflow/.local/lib/python3.7/site-packages/airflow/example_dags/example_branch_operator.py for tasks to queue
[2023-03-17T03:16:41.528+0000] {logging_mixin.py:137} INFO - [2023-03-17T03:16:41.528+0000] {dagbag.py:532} INFO - Filling up the DagBag from /home/airflow/.local/lib/python3.7/site-packages/airflow/example_dags/example_branch_operator.py
[2023-03-17T03:16:41.548+0000] {processor.py:753} INFO - DAG(s) dict_keys(['example_branch_operator']) retrieved from /home/airflow/.local/lib/python3.7/site-packages/airflow/example_dags/example_branch_operator.py
[2023-03-17T03:16:41.579+0000] {logging_mixin.py:137} INFO - [2023-03-17T03:16:41.579+0000] {dag.py:2693} INFO - Sync 1 DAGs
[2023-03-17T03:16:41.610+0000] {logging_mixin.py:137} INFO - [2023-03-17T03:16:41.610+0000] {dag.py:3444} INFO - Setting next_dagrun for example_branch_operator to 2023-03-16T00:00:00+00:00, run_after=2023-03-17T00:00:00+00:00
[2023-03-17T03:16:41.635+0000] {processor.py:175} INFO - Processing /home/airflow/.local/lib/python3.7/site-packages/airflow/example_dags/example_branch_operator.py took 0.113 seconds
[2023-03-17T03:17:12.026+0000] {processor.py:153} INFO - Started process (PID=2899) to work on /home/airflow/.local/lib/python3.7/site-packages/airflow/example_dags/example_branch_operator.py
[2023-03-17T03:17:12.027+0000] {processor.py:743} INFO - Processing file /home/airflow/.local/lib/python3.7/site-packages/airflow/example_dags/example_branch_operator.py for tasks to queue
[2023-03-17T03:17:12.028+0000] {logging_mixin.py:137} INFO - [2023-03-17T03:17:12.028+0000] {dagbag.py:532} INFO - Filling up the DagBag from /home/airflow/.local/lib/python3.7/site-packages/airflow/example_dags/example_branch_operator.py
[2023-03-17T03:17:12.056+0000] {processor.py:753} INFO - DAG(s) dict_keys(['example_branch_operator']) retrieved from /home/airflow/.local/lib/python3.7/site-packages/airflow/example_dags/example_branch_operator.py
[2023-03-17T03:17:12.100+0000] {logging_mixin.py:137} INFO - [2023-03-17T03:17:12.099+0000] {dag.py:2693} INFO - Sync 1 DAGs
[2023-03-17T03:17:12.147+0000] {logging_mixin.py:137} INFO - [2023-03-17T03:17:12.147+0000] {dag.py:3444} INFO - Setting next_dagrun for example_branch_operator to 2023-03-16T00:00:00+00:00, run_after=2023-03-17T00:00:00+00:00
[2023-03-17T03:17:12.183+0000] {processor.py:175} INFO - Processing /home/airflow/.local/lib/python3.7/site-packages/airflow/example_dags/example_branch_operator.py took 0.161 seconds
[2023-03-17T03:17:42.543+0000] {processor.py:153} INFO - Started process (PID=3116) to work on /home/airflow/.local/lib/python3.7/site-packages/airflow/example_dags/example_branch_operator.py
[2023-03-17T03:17:42.545+0000] {processor.py:743} INFO - Processing file /home/airflow/.local/lib/python3.7/site-packages/airflow/example_dags/example_branch_operator.py for tasks to queue
[2023-03-17T03:17:42.546+0000] {logging_mixin.py:137} INFO - [2023-03-17T03:17:42.546+0000] {dagbag.py:532} INFO - Filling up the DagBag from /home/airflow/.local/lib/python3.7/site-packages/airflow/example_dags/example_branch_operator.py
[2023-03-17T03:17:42.565+0000] {processor.py:753} INFO - DAG(s) dict_keys(['example_branch_operator']) retrieved from /home/airflow/.local/lib/python3.7/site-packages/airflow/example_dags/example_branch_operator.py
[2023-03-17T03:17:42.597+0000] {logging_mixin.py:137} INFO - [2023-03-17T03:17:42.597+0000] {dag.py:2693} INFO - Sync 1 DAGs
[2023-03-17T03:17:42.627+0000] {logging_mixin.py:137} INFO - [2023-03-17T03:17:42.627+0000] {dag.py:3444} INFO - Setting next_dagrun for example_branch_operator to 2023-03-16T00:00:00+00:00, run_after=2023-03-17T00:00:00+00:00
[2023-03-17T03:17:42.654+0000] {processor.py:175} INFO - Processing /home/airflow/.local/lib/python3.7/site-packages/airflow/example_dags/example_branch_operator.py took 0.114 seconds
[2023-03-17T03:18:12.950+0000] {processor.py:153} INFO - Started process (PID=3333) to work on /home/airflow/.local/lib/python3.7/site-packages/airflow/example_dags/example_branch_operator.py
[2023-03-17T03:18:12.952+0000] {processor.py:743} INFO - Processing file /home/airflow/.local/lib/python3.7/site-packages/airflow/example_dags/example_branch_operator.py for tasks to queue
[2023-03-17T03:18:12.953+0000] {logging_mixin.py:137} INFO - [2023-03-17T03:18:12.953+0000] {dagbag.py:532} INFO - Filling up the DagBag from /home/airflow/.local/lib/python3.7/site-packages/airflow/example_dags/example_branch_operator.py
[2023-03-17T03:18:12.976+0000] {processor.py:753} INFO - DAG(s) dict_keys(['example_branch_operator']) retrieved from /home/airflow/.local/lib/python3.7/site-packages/airflow/example_dags/example_branch_operator.py
[2023-03-17T03:18:13.013+0000] {logging_mixin.py:137} INFO - [2023-03-17T03:18:13.013+0000] {dag.py:2693} INFO - Sync 1 DAGs
[2023-03-17T03:18:13.046+0000] {logging_mixin.py:137} INFO - [2023-03-17T03:18:13.045+0000] {dag.py:3444} INFO - Setting next_dagrun for example_branch_operator to 2023-03-16T00:00:00+00:00, run_after=2023-03-17T00:00:00+00:00
[2023-03-17T03:18:13.069+0000] {processor.py:175} INFO - Processing /home/airflow/.local/lib/python3.7/site-packages/airflow/example_dags/example_branch_operator.py took 0.123 seconds
[2023-03-17T03:18:43.507+0000] {processor.py:153} INFO - Started process (PID=3551) to work on /home/airflow/.local/lib/python3.7/site-packages/airflow/example_dags/example_branch_operator.py
[2023-03-17T03:18:43.509+0000] {processor.py:743} INFO - Processing file /home/airflow/.local/lib/python3.7/site-packages/airflow/example_dags/example_branch_operator.py for tasks to queue
[2023-03-17T03:18:43.510+0000] {logging_mixin.py:137} INFO - [2023-03-17T03:18:43.510+0000] {dagbag.py:532} INFO - Filling up the DagBag from /home/airflow/.local/lib/python3.7/site-packages/airflow/example_dags/example_branch_operator.py
[2023-03-17T03:18:43.535+0000] {processor.py:753} INFO - DAG(s) dict_keys(['example_branch_operator']) retrieved from /home/airflow/.local/lib/python3.7/site-packages/airflow/example_dags/example_branch_operator.py
[2023-03-17T03:18:43.574+0000] {logging_mixin.py:137} INFO - [2023-03-17T03:18:43.573+0000] {dag.py:2693} INFO - Sync 1 DAGs
[2023-03-17T03:18:43.605+0000] {logging_mixin.py:137} INFO - [2023-03-17T03:18:43.605+0000] {dag.py:3444} INFO - Setting next_dagrun for example_branch_operator to 2023-03-16T00:00:00+00:00, run_after=2023-03-17T00:00:00+00:00
[2023-03-17T03:18:43.631+0000] {processor.py:175} INFO - Processing /home/airflow/.local/lib/python3.7/site-packages/airflow/example_dags/example_branch_operator.py took 0.128 seconds
[2023-03-17T03:19:14.111+0000] {processor.py:153} INFO - Started process (PID=3768) to work on /home/airflow/.local/lib/python3.7/site-packages/airflow/example_dags/example_branch_operator.py
[2023-03-17T03:19:14.112+0000] {processor.py:743} INFO - Processing file /home/airflow/.local/lib/python3.7/site-packages/airflow/example_dags/example_branch_operator.py for tasks to queue
[2023-03-17T03:19:14.113+0000] {logging_mixin.py:137} INFO - [2023-03-17T03:19:14.113+0000] {dagbag.py:532} INFO - Filling up the DagBag from /home/airflow/.local/lib/python3.7/site-packages/airflow/example_dags/example_branch_operator.py
[2023-03-17T03:19:14.134+0000] {processor.py:753} INFO - DAG(s) dict_keys(['example_branch_operator']) retrieved from /home/airflow/.local/lib/python3.7/site-packages/airflow/example_dags/example_branch_operator.py
[2023-03-17T03:19:14.164+0000] {logging_mixin.py:137} INFO - [2023-03-17T03:19:14.164+0000] {dag.py:2693} INFO - Sync 1 DAGs
[2023-03-17T03:19:14.196+0000] {logging_mixin.py:137} INFO - [2023-03-17T03:19:14.196+0000] {dag.py:3444} INFO - Setting next_dagrun for example_branch_operator to 2023-03-16T00:00:00+00:00, run_after=2023-03-17T00:00:00+00:00
[2023-03-17T03:19:14.222+0000] {processor.py:175} INFO - Processing /home/airflow/.local/lib/python3.7/site-packages/airflow/example_dags/example_branch_operator.py took 0.115 seconds
[2023-03-17T03:19:44.716+0000] {processor.py:153} INFO - Started process (PID=3985) to work on /home/airflow/.local/lib/python3.7/site-packages/airflow/example_dags/example_branch_operator.py
[2023-03-17T03:19:44.717+0000] {processor.py:743} INFO - Processing file /home/airflow/.local/lib/python3.7/site-packages/airflow/example_dags/example_branch_operator.py for tasks to queue
[2023-03-17T03:19:44.718+0000] {logging_mixin.py:137} INFO - [2023-03-17T03:19:44.718+0000] {dagbag.py:532} INFO - Filling up the DagBag from /home/airflow/.local/lib/python3.7/site-packages/airflow/example_dags/example_branch_operator.py
[2023-03-17T03:19:44.737+0000] {processor.py:753} INFO - DAG(s) dict_keys(['example_branch_operator']) retrieved from /home/airflow/.local/lib/python3.7/site-packages/airflow/example_dags/example_branch_operator.py
[2023-03-17T03:19:44.767+0000] {logging_mixin.py:137} INFO - [2023-03-17T03:19:44.767+0000] {dag.py:2693} INFO - Sync 1 DAGs
[2023-03-17T03:19:44.798+0000] {logging_mixin.py:137} INFO - [2023-03-17T03:19:44.798+0000] {dag.py:3444} INFO - Setting next_dagrun for example_branch_operator to 2023-03-16T00:00:00+00:00, run_after=2023-03-17T00:00:00+00:00
[2023-03-17T03:19:44.823+0000] {processor.py:175} INFO - Processing /home/airflow/.local/lib/python3.7/site-packages/airflow/example_dags/example_branch_operator.py took 0.111 seconds
[2023-03-17T03:20:15.155+0000] {processor.py:153} INFO - Started process (PID=4202) to work on /home/airflow/.local/lib/python3.7/site-packages/airflow/example_dags/example_branch_operator.py
[2023-03-17T03:20:15.156+0000] {processor.py:743} INFO - Processing file /home/airflow/.local/lib/python3.7/site-packages/airflow/example_dags/example_branch_operator.py for tasks to queue
[2023-03-17T03:20:15.157+0000] {logging_mixin.py:137} INFO - [2023-03-17T03:20:15.157+0000] {dagbag.py:532} INFO - Filling up the DagBag from /home/airflow/.local/lib/python3.7/site-packages/airflow/example_dags/example_branch_operator.py
[2023-03-17T03:20:15.183+0000] {processor.py:753} INFO - DAG(s) dict_keys(['example_branch_operator']) retrieved from /home/airflow/.local/lib/python3.7/site-packages/airflow/example_dags/example_branch_operator.py
[2023-03-17T03:20:15.216+0000] {logging_mixin.py:137} INFO - [2023-03-17T03:20:15.216+0000] {dag.py:2693} INFO - Sync 1 DAGs
[2023-03-17T03:20:15.250+0000] {logging_mixin.py:137} INFO - [2023-03-17T03:20:15.250+0000] {dag.py:3444} INFO - Setting next_dagrun for example_branch_operator to 2023-03-16T00:00:00+00:00, run_after=2023-03-17T00:00:00+00:00
[2023-03-17T03:20:15.275+0000] {processor.py:175} INFO - Processing /home/airflow/.local/lib/python3.7/site-packages/airflow/example_dags/example_branch_operator.py took 0.124 seconds
[2023-03-17T03:20:45.540+0000] {processor.py:153} INFO - Started process (PID=4419) to work on /home/airflow/.local/lib/python3.7/site-packages/airflow/example_dags/example_branch_operator.py
[2023-03-17T03:20:45.541+0000] {processor.py:743} INFO - Processing file /home/airflow/.local/lib/python3.7/site-packages/airflow/example_dags/example_branch_operator.py for tasks to queue
[2023-03-17T03:20:45.542+0000] {logging_mixin.py:137} INFO - [2023-03-17T03:20:45.542+0000] {dagbag.py:532} INFO - Filling up the DagBag from /home/airflow/.local/lib/python3.7/site-packages/airflow/example_dags/example_branch_operator.py
[2023-03-17T03:20:45.561+0000] {processor.py:753} INFO - DAG(s) dict_keys(['example_branch_operator']) retrieved from /home/airflow/.local/lib/python3.7/site-packages/airflow/example_dags/example_branch_operator.py
[2023-03-17T03:20:45.619+0000] {logging_mixin.py:137} INFO - [2023-03-17T03:20:45.618+0000] {dag.py:2693} INFO - Sync 1 DAGs
[2023-03-17T03:20:45.658+0000] {logging_mixin.py:137} INFO - [2023-03-17T03:20:45.658+0000] {dag.py:3444} INFO - Setting next_dagrun for example_branch_operator to 2023-03-16T00:00:00+00:00, run_after=2023-03-17T00:00:00+00:00
[2023-03-17T03:20:45.684+0000] {processor.py:175} INFO - Processing /home/airflow/.local/lib/python3.7/site-packages/airflow/example_dags/example_branch_operator.py took 0.147 seconds
[2023-03-17T03:21:16.072+0000] {processor.py:153} INFO - Started process (PID=4636) to work on /home/airflow/.local/lib/python3.7/site-packages/airflow/example_dags/example_branch_operator.py
[2023-03-17T03:21:16.073+0000] {processor.py:743} INFO - Processing file /home/airflow/.local/lib/python3.7/site-packages/airflow/example_dags/example_branch_operator.py for tasks to queue
[2023-03-17T03:21:16.074+0000] {logging_mixin.py:137} INFO - [2023-03-17T03:21:16.074+0000] {dagbag.py:532} INFO - Filling up the DagBag from /home/airflow/.local/lib/python3.7/site-packages/airflow/example_dags/example_branch_operator.py
[2023-03-17T03:21:16.093+0000] {processor.py:753} INFO - DAG(s) dict_keys(['example_branch_operator']) retrieved from /home/airflow/.local/lib/python3.7/site-packages/airflow/example_dags/example_branch_operator.py
[2023-03-17T03:21:16.204+0000] {logging_mixin.py:137} INFO - [2023-03-17T03:21:16.204+0000] {dag.py:2693} INFO - Sync 1 DAGs
[2023-03-17T03:21:16.251+0000] {logging_mixin.py:137} INFO - [2023-03-17T03:21:16.250+0000] {dag.py:3444} INFO - Setting next_dagrun for example_branch_operator to 2023-03-16T00:00:00+00:00, run_after=2023-03-17T00:00:00+00:00
[2023-03-17T03:21:16.276+0000] {processor.py:175} INFO - Processing /home/airflow/.local/lib/python3.7/site-packages/airflow/example_dags/example_branch_operator.py took 0.207 seconds
[2023-03-17T03:21:46.907+0000] {processor.py:153} INFO - Started process (PID=4853) to work on /home/airflow/.local/lib/python3.7/site-packages/airflow/example_dags/example_branch_operator.py
[2023-03-17T03:21:46.908+0000] {processor.py:743} INFO - Processing file /home/airflow/.local/lib/python3.7/site-packages/airflow/example_dags/example_branch_operator.py for tasks to queue
[2023-03-17T03:21:46.909+0000] {logging_mixin.py:137} INFO - [2023-03-17T03:21:46.909+0000] {dagbag.py:532} INFO - Filling up the DagBag from /home/airflow/.local/lib/python3.7/site-packages/airflow/example_dags/example_branch_operator.py
[2023-03-17T03:21:46.928+0000] {processor.py:753} INFO - DAG(s) dict_keys(['example_branch_operator']) retrieved from /home/airflow/.local/lib/python3.7/site-packages/airflow/example_dags/example_branch_operator.py
[2023-03-17T03:21:46.960+0000] {logging_mixin.py:137} INFO - [2023-03-17T03:21:46.960+0000] {dag.py:2693} INFO - Sync 1 DAGs
[2023-03-17T03:21:46.993+0000] {logging_mixin.py:137} INFO - [2023-03-17T03:21:46.993+0000] {dag.py:3444} INFO - Setting next_dagrun for example_branch_operator to 2023-03-16T00:00:00+00:00, run_after=2023-03-17T00:00:00+00:00
[2023-03-17T03:21:47.018+0000] {processor.py:175} INFO - Processing /home/airflow/.local/lib/python3.7/site-packages/airflow/example_dags/example_branch_operator.py took 0.113 seconds
[2023-03-17T03:22:17.272+0000] {processor.py:153} INFO - Started process (PID=5070) to work on /home/airflow/.local/lib/python3.7/site-packages/airflow/example_dags/example_branch_operator.py
[2023-03-17T03:22:17.273+0000] {processor.py:743} INFO - Processing file /home/airflow/.local/lib/python3.7/site-packages/airflow/example_dags/example_branch_operator.py for tasks to queue
[2023-03-17T03:22:17.274+0000] {logging_mixin.py:137} INFO - [2023-03-17T03:22:17.274+0000] {dagbag.py:532} INFO - Filling up the DagBag from /home/airflow/.local/lib/python3.7/site-packages/airflow/example_dags/example_branch_operator.py
[2023-03-17T03:22:17.296+0000] {processor.py:753} INFO - DAG(s) dict_keys(['example_branch_operator']) retrieved from /home/airflow/.local/lib/python3.7/site-packages/airflow/example_dags/example_branch_operator.py
[2023-03-17T03:22:17.330+0000] {logging_mixin.py:137} INFO - [2023-03-17T03:22:17.330+0000] {dag.py:2693} INFO - Sync 1 DAGs
[2023-03-17T03:22:17.363+0000] {logging_mixin.py:137} INFO - [2023-03-17T03:22:17.363+0000] {dag.py:3444} INFO - Setting next_dagrun for example_branch_operator to 2023-03-16T00:00:00+00:00, run_after=2023-03-17T00:00:00+00:00
[2023-03-17T03:22:17.389+0000] {processor.py:175} INFO - Processing /home/airflow/.local/lib/python3.7/site-packages/airflow/example_dags/example_branch_operator.py took 0.121 seconds
[2023-03-17T03:22:47.686+0000] {processor.py:153} INFO - Started process (PID=5287) to work on /home/airflow/.local/lib/python3.7/site-packages/airflow/example_dags/example_branch_operator.py
[2023-03-17T03:22:47.687+0000] {processor.py:743} INFO - Processing file /home/airflow/.local/lib/python3.7/site-packages/airflow/example_dags/example_branch_operator.py for tasks to queue
[2023-03-17T03:22:47.688+0000] {logging_mixin.py:137} INFO - [2023-03-17T03:22:47.688+0000] {dagbag.py:532} INFO - Filling up the DagBag from /home/airflow/.local/lib/python3.7/site-packages/airflow/example_dags/example_branch_operator.py
[2023-03-17T03:22:47.710+0000] {processor.py:753} INFO - DAG(s) dict_keys(['example_branch_operator']) retrieved from /home/airflow/.local/lib/python3.7/site-packages/airflow/example_dags/example_branch_operator.py
[2023-03-17T03:22:47.741+0000] {logging_mixin.py:137} INFO - [2023-03-17T03:22:47.741+0000] {dag.py:2693} INFO - Sync 1 DAGs
[2023-03-17T03:22:47.773+0000] {logging_mixin.py:137} INFO - [2023-03-17T03:22:47.773+0000] {dag.py:3444} INFO - Setting next_dagrun for example_branch_operator to 2023-03-16T00:00:00+00:00, run_after=2023-03-17T00:00:00+00:00
[2023-03-17T03:22:47.799+0000] {processor.py:175} INFO - Processing /home/airflow/.local/lib/python3.7/site-packages/airflow/example_dags/example_branch_operator.py took 0.118 seconds
[2023-03-17T03:23:18.061+0000] {processor.py:153} INFO - Started process (PID=5505) to work on /home/airflow/.local/lib/python3.7/site-packages/airflow/example_dags/example_branch_operator.py
[2023-03-17T03:23:18.062+0000] {processor.py:743} INFO - Processing file /home/airflow/.local/lib/python3.7/site-packages/airflow/example_dags/example_branch_operator.py for tasks to queue
[2023-03-17T03:23:18.063+0000] {logging_mixin.py:137} INFO - [2023-03-17T03:23:18.063+0000] {dagbag.py:532} INFO - Filling up the DagBag from /home/airflow/.local/lib/python3.7/site-packages/airflow/example_dags/example_branch_operator.py
[2023-03-17T03:23:18.086+0000] {processor.py:753} INFO - DAG(s) dict_keys(['example_branch_operator']) retrieved from /home/airflow/.local/lib/python3.7/site-packages/airflow/example_dags/example_branch_operator.py
[2023-03-17T03:23:18.119+0000] {logging_mixin.py:137} INFO - [2023-03-17T03:23:18.119+0000] {dag.py:2693} INFO - Sync 1 DAGs
[2023-03-17T03:23:18.150+0000] {logging_mixin.py:137} INFO - [2023-03-17T03:23:18.150+0000] {dag.py:3444} INFO - Setting next_dagrun for example_branch_operator to 2023-03-16T00:00:00+00:00, run_after=2023-03-17T00:00:00+00:00
[2023-03-17T03:23:18.174+0000] {processor.py:175} INFO - Processing /home/airflow/.local/lib/python3.7/site-packages/airflow/example_dags/example_branch_operator.py took 0.117 seconds
[2023-03-17T03:23:48.558+0000] {processor.py:153} INFO - Started process (PID=5722) to work on /home/airflow/.local/lib/python3.7/site-packages/airflow/example_dags/example_branch_operator.py
[2023-03-17T03:23:48.559+0000] {processor.py:743} INFO - Processing file /home/airflow/.local/lib/python3.7/site-packages/airflow/example_dags/example_branch_operator.py for tasks to queue
[2023-03-17T03:23:48.560+0000] {logging_mixin.py:137} INFO - [2023-03-17T03:23:48.560+0000] {dagbag.py:532} INFO - Filling up the DagBag from /home/airflow/.local/lib/python3.7/site-packages/airflow/example_dags/example_branch_operator.py
[2023-03-17T03:23:48.580+0000] {processor.py:753} INFO - DAG(s) dict_keys(['example_branch_operator']) retrieved from /home/airflow/.local/lib/python3.7/site-packages/airflow/example_dags/example_branch_operator.py
[2023-03-17T03:23:48.612+0000] {logging_mixin.py:137} INFO - [2023-03-17T03:23:48.612+0000] {dag.py:2693} INFO - Sync 1 DAGs
[2023-03-17T03:23:48.650+0000] {logging_mixin.py:137} INFO - [2023-03-17T03:23:48.649+0000] {dag.py:3444} INFO - Setting next_dagrun for example_branch_operator to 2023-03-16T00:00:00+00:00, run_after=2023-03-17T00:00:00+00:00
[2023-03-17T03:23:48.675+0000] {processor.py:175} INFO - Processing /home/airflow/.local/lib/python3.7/site-packages/airflow/example_dags/example_branch_operator.py took 0.120 seconds
[2023-03-17T03:24:18.925+0000] {processor.py:153} INFO - Started process (PID=5939) to work on /home/airflow/.local/lib/python3.7/site-packages/airflow/example_dags/example_branch_operator.py
[2023-03-17T03:24:18.926+0000] {processor.py:743} INFO - Processing file /home/airflow/.local/lib/python3.7/site-packages/airflow/example_dags/example_branch_operator.py for tasks to queue
[2023-03-17T03:24:18.927+0000] {logging_mixin.py:137} INFO - [2023-03-17T03:24:18.927+0000] {dagbag.py:532} INFO - Filling up the DagBag from /home/airflow/.local/lib/python3.7/site-packages/airflow/example_dags/example_branch_operator.py
[2023-03-17T03:24:18.948+0000] {processor.py:753} INFO - DAG(s) dict_keys(['example_branch_operator']) retrieved from /home/airflow/.local/lib/python3.7/site-packages/airflow/example_dags/example_branch_operator.py
[2023-03-17T03:24:18.980+0000] {logging_mixin.py:137} INFO - [2023-03-17T03:24:18.980+0000] {dag.py:2693} INFO - Sync 1 DAGs
[2023-03-17T03:24:19.012+0000] {logging_mixin.py:137} INFO - [2023-03-17T03:24:19.011+0000] {dag.py:3444} INFO - Setting next_dagrun for example_branch_operator to 2023-03-16T00:00:00+00:00, run_after=2023-03-17T00:00:00+00:00
[2023-03-17T03:24:19.037+0000] {processor.py:175} INFO - Processing /home/airflow/.local/lib/python3.7/site-packages/airflow/example_dags/example_branch_operator.py took 0.115 seconds
[2023-03-17T03:24:49.430+0000] {processor.py:153} INFO - Started process (PID=6156) to work on /home/airflow/.local/lib/python3.7/site-packages/airflow/example_dags/example_branch_operator.py
[2023-03-17T03:24:49.431+0000] {processor.py:743} INFO - Processing file /home/airflow/.local/lib/python3.7/site-packages/airflow/example_dags/example_branch_operator.py for tasks to queue
[2023-03-17T03:24:49.432+0000] {logging_mixin.py:137} INFO - [2023-03-17T03:24:49.432+0000] {dagbag.py:532} INFO - Filling up the DagBag from /home/airflow/.local/lib/python3.7/site-packages/airflow/example_dags/example_branch_operator.py
[2023-03-17T03:24:49.453+0000] {processor.py:753} INFO - DAG(s) dict_keys(['example_branch_operator']) retrieved from /home/airflow/.local/lib/python3.7/site-packages/airflow/example_dags/example_branch_operator.py
[2023-03-17T03:24:49.485+0000] {logging_mixin.py:137} INFO - [2023-03-17T03:24:49.484+0000] {dag.py:2693} INFO - Sync 1 DAGs
[2023-03-17T03:24:49.517+0000] {logging_mixin.py:137} INFO - [2023-03-17T03:24:49.517+0000] {dag.py:3444} INFO - Setting next_dagrun for example_branch_operator to 2023-03-16T00:00:00+00:00, run_after=2023-03-17T00:00:00+00:00
[2023-03-17T03:24:49.542+0000] {processor.py:175} INFO - Processing /home/airflow/.local/lib/python3.7/site-packages/airflow/example_dags/example_branch_operator.py took 0.115 seconds
[2023-03-17T03:25:19.792+0000] {processor.py:153} INFO - Started process (PID=6373) to work on /home/airflow/.local/lib/python3.7/site-packages/airflow/example_dags/example_branch_operator.py
[2023-03-17T03:25:19.793+0000] {processor.py:743} INFO - Processing file /home/airflow/.local/lib/python3.7/site-packages/airflow/example_dags/example_branch_operator.py for tasks to queue
[2023-03-17T03:25:19.794+0000] {logging_mixin.py:137} INFO - [2023-03-17T03:25:19.794+0000] {dagbag.py:532} INFO - Filling up the DagBag from /home/airflow/.local/lib/python3.7/site-packages/airflow/example_dags/example_branch_operator.py
[2023-03-17T03:25:19.813+0000] {processor.py:753} INFO - DAG(s) dict_keys(['example_branch_operator']) retrieved from /home/airflow/.local/lib/python3.7/site-packages/airflow/example_dags/example_branch_operator.py
[2023-03-17T03:25:19.845+0000] {logging_mixin.py:137} INFO - [2023-03-17T03:25:19.845+0000] {dag.py:2693} INFO - Sync 1 DAGs
[2023-03-17T03:25:19.878+0000] {logging_mixin.py:137} INFO - [2023-03-17T03:25:19.878+0000] {dag.py:3444} INFO - Setting next_dagrun for example_branch_operator to 2023-03-16T00:00:00+00:00, run_after=2023-03-17T00:00:00+00:00
[2023-03-17T03:25:19.905+0000] {processor.py:175} INFO - Processing /home/airflow/.local/lib/python3.7/site-packages/airflow/example_dags/example_branch_operator.py took 0.117 seconds
[2023-03-17T03:25:50.228+0000] {processor.py:153} INFO - Started process (PID=6590) to work on /home/airflow/.local/lib/python3.7/site-packages/airflow/example_dags/example_branch_operator.py
[2023-03-17T03:25:50.229+0000] {processor.py:743} INFO - Processing file /home/airflow/.local/lib/python3.7/site-packages/airflow/example_dags/example_branch_operator.py for tasks to queue
[2023-03-17T03:25:50.230+0000] {logging_mixin.py:137} INFO - [2023-03-17T03:25:50.230+0000] {dagbag.py:532} INFO - Filling up the DagBag from /home/airflow/.local/lib/python3.7/site-packages/airflow/example_dags/example_branch_operator.py
[2023-03-17T03:25:50.250+0000] {processor.py:753} INFO - DAG(s) dict_keys(['example_branch_operator']) retrieved from /home/airflow/.local/lib/python3.7/site-packages/airflow/example_dags/example_branch_operator.py
[2023-03-17T03:25:50.282+0000] {logging_mixin.py:137} INFO - [2023-03-17T03:25:50.282+0000] {dag.py:2693} INFO - Sync 1 DAGs
[2023-03-17T03:25:50.314+0000] {logging_mixin.py:137} INFO - [2023-03-17T03:25:50.314+0000] {dag.py:3444} INFO - Setting next_dagrun for example_branch_operator to 2023-03-16T00:00:00+00:00, run_after=2023-03-17T00:00:00+00:00
[2023-03-17T03:25:50.338+0000] {processor.py:175} INFO - Processing /home/airflow/.local/lib/python3.7/site-packages/airflow/example_dags/example_branch_operator.py took 0.113 seconds
[2023-03-17T03:26:20.665+0000] {processor.py:153} INFO - Started process (PID=6807) to work on /home/airflow/.local/lib/python3.7/site-packages/airflow/example_dags/example_branch_operator.py
[2023-03-17T03:26:20.666+0000] {processor.py:743} INFO - Processing file /home/airflow/.local/lib/python3.7/site-packages/airflow/example_dags/example_branch_operator.py for tasks to queue
[2023-03-17T03:26:20.667+0000] {logging_mixin.py:137} INFO - [2023-03-17T03:26:20.667+0000] {dagbag.py:532} INFO - Filling up the DagBag from /home/airflow/.local/lib/python3.7/site-packages/airflow/example_dags/example_branch_operator.py
[2023-03-17T03:26:20.686+0000] {processor.py:753} INFO - DAG(s) dict_keys(['example_branch_operator']) retrieved from /home/airflow/.local/lib/python3.7/site-packages/airflow/example_dags/example_branch_operator.py
[2023-03-17T03:26:20.718+0000] {logging_mixin.py:137} INFO - [2023-03-17T03:26:20.718+0000] {dag.py:2693} INFO - Sync 1 DAGs
[2023-03-17T03:26:20.750+0000] {logging_mixin.py:137} INFO - [2023-03-17T03:26:20.749+0000] {dag.py:3444} INFO - Setting next_dagrun for example_branch_operator to 2023-03-16T00:00:00+00:00, run_after=2023-03-17T00:00:00+00:00
[2023-03-17T03:26:20.776+0000] {processor.py:175} INFO - Processing /home/airflow/.local/lib/python3.7/site-packages/airflow/example_dags/example_branch_operator.py took 0.115 seconds
[2023-03-17T03:26:51.196+0000] {processor.py:153} INFO - Started process (PID=7024) to work on /home/airflow/.local/lib/python3.7/site-packages/airflow/example_dags/example_branch_operator.py
[2023-03-17T03:26:51.197+0000] {processor.py:743} INFO - Processing file /home/airflow/.local/lib/python3.7/site-packages/airflow/example_dags/example_branch_operator.py for tasks to queue
[2023-03-17T03:26:51.198+0000] {logging_mixin.py:137} INFO - [2023-03-17T03:26:51.198+0000] {dagbag.py:532} INFO - Filling up the DagBag from /home/airflow/.local/lib/python3.7/site-packages/airflow/example_dags/example_branch_operator.py
[2023-03-17T03:26:51.218+0000] {processor.py:753} INFO - DAG(s) dict_keys(['example_branch_operator']) retrieved from /home/airflow/.local/lib/python3.7/site-packages/airflow/example_dags/example_branch_operator.py
[2023-03-17T03:26:51.250+0000] {logging_mixin.py:137} INFO - [2023-03-17T03:26:51.250+0000] {dag.py:2693} INFO - Sync 1 DAGs
[2023-03-17T03:26:51.281+0000] {logging_mixin.py:137} INFO - [2023-03-17T03:26:51.281+0000] {dag.py:3444} INFO - Setting next_dagrun for example_branch_operator to 2023-03-16T00:00:00+00:00, run_after=2023-03-17T00:00:00+00:00
[2023-03-17T03:26:51.310+0000] {processor.py:175} INFO - Processing /home/airflow/.local/lib/python3.7/site-packages/airflow/example_dags/example_branch_operator.py took 0.117 seconds
[2023-03-17T03:27:21.579+0000] {processor.py:153} INFO - Started process (PID=7241) to work on /home/airflow/.local/lib/python3.7/site-packages/airflow/example_dags/example_branch_operator.py
[2023-03-17T03:27:21.580+0000] {processor.py:743} INFO - Processing file /home/airflow/.local/lib/python3.7/site-packages/airflow/example_dags/example_branch_operator.py for tasks to queue
[2023-03-17T03:27:21.581+0000] {logging_mixin.py:137} INFO - [2023-03-17T03:27:21.581+0000] {dagbag.py:532} INFO - Filling up the DagBag from /home/airflow/.local/lib/python3.7/site-packages/airflow/example_dags/example_branch_operator.py
[2023-03-17T03:27:21.604+0000] {processor.py:753} INFO - DAG(s) dict_keys(['example_branch_operator']) retrieved from /home/airflow/.local/lib/python3.7/site-packages/airflow/example_dags/example_branch_operator.py
[2023-03-17T03:27:21.637+0000] {logging_mixin.py:137} INFO - [2023-03-17T03:27:21.637+0000] {dag.py:2693} INFO - Sync 1 DAGs
[2023-03-17T03:27:21.670+0000] {logging_mixin.py:137} INFO - [2023-03-17T03:27:21.669+0000] {dag.py:3444} INFO - Setting next_dagrun for example_branch_operator to 2023-03-16T00:00:00+00:00, run_after=2023-03-17T00:00:00+00:00
[2023-03-17T03:27:21.696+0000] {processor.py:175} INFO - Processing /home/airflow/.local/lib/python3.7/site-packages/airflow/example_dags/example_branch_operator.py took 0.120 seconds
[2023-03-17T03:27:51.971+0000] {processor.py:153} INFO - Started process (PID=7458) to work on /home/airflow/.local/lib/python3.7/site-packages/airflow/example_dags/example_branch_operator.py
[2023-03-17T03:27:51.972+0000] {processor.py:743} INFO - Processing file /home/airflow/.local/lib/python3.7/site-packages/airflow/example_dags/example_branch_operator.py for tasks to queue
[2023-03-17T03:27:51.973+0000] {logging_mixin.py:137} INFO - [2023-03-17T03:27:51.973+0000] {dagbag.py:532} INFO - Filling up the DagBag from /home/airflow/.local/lib/python3.7/site-packages/airflow/example_dags/example_branch_operator.py
[2023-03-17T03:27:51.992+0000] {processor.py:753} INFO - DAG(s) dict_keys(['example_branch_operator']) retrieved from /home/airflow/.local/lib/python3.7/site-packages/airflow/example_dags/example_branch_operator.py
[2023-03-17T03:27:52.025+0000] {logging_mixin.py:137} INFO - [2023-03-17T03:27:52.025+0000] {dag.py:2693} INFO - Sync 1 DAGs
[2023-03-17T03:27:52.068+0000] {logging_mixin.py:137} INFO - [2023-03-17T03:27:52.067+0000] {dag.py:3444} INFO - Setting next_dagrun for example_branch_operator to 2023-03-16T00:00:00+00:00, run_after=2023-03-17T00:00:00+00:00
[2023-03-17T03:27:52.096+0000] {processor.py:175} INFO - Processing /home/airflow/.local/lib/python3.7/site-packages/airflow/example_dags/example_branch_operator.py took 0.127 seconds
[2023-03-17T03:28:22.313+0000] {processor.py:153} INFO - Started process (PID=7675) to work on /home/airflow/.local/lib/python3.7/site-packages/airflow/example_dags/example_branch_operator.py
[2023-03-17T03:28:22.314+0000] {processor.py:743} INFO - Processing file /home/airflow/.local/lib/python3.7/site-packages/airflow/example_dags/example_branch_operator.py for tasks to queue
[2023-03-17T03:28:22.315+0000] {logging_mixin.py:137} INFO - [2023-03-17T03:28:22.315+0000] {dagbag.py:532} INFO - Filling up the DagBag from /home/airflow/.local/lib/python3.7/site-packages/airflow/example_dags/example_branch_operator.py
[2023-03-17T03:28:22.335+0000] {processor.py:753} INFO - DAG(s) dict_keys(['example_branch_operator']) retrieved from /home/airflow/.local/lib/python3.7/site-packages/airflow/example_dags/example_branch_operator.py
[2023-03-17T03:28:22.366+0000] {logging_mixin.py:137} INFO - [2023-03-17T03:28:22.366+0000] {dag.py:2693} INFO - Sync 1 DAGs
[2023-03-17T03:28:22.397+0000] {logging_mixin.py:137} INFO - [2023-03-17T03:28:22.397+0000] {dag.py:3444} INFO - Setting next_dagrun for example_branch_operator to 2023-03-16T00:00:00+00:00, run_after=2023-03-17T00:00:00+00:00
[2023-03-17T03:28:22.424+0000] {processor.py:175} INFO - Processing /home/airflow/.local/lib/python3.7/site-packages/airflow/example_dags/example_branch_operator.py took 0.114 seconds
[2023-03-17T03:28:52.776+0000] {processor.py:153} INFO - Started process (PID=7891) to work on /home/airflow/.local/lib/python3.7/site-packages/airflow/example_dags/example_branch_operator.py
[2023-03-17T03:28:52.777+0000] {processor.py:743} INFO - Processing file /home/airflow/.local/lib/python3.7/site-packages/airflow/example_dags/example_branch_operator.py for tasks to queue
[2023-03-17T03:28:52.778+0000] {logging_mixin.py:137} INFO - [2023-03-17T03:28:52.778+0000] {dagbag.py:532} INFO - Filling up the DagBag from /home/airflow/.local/lib/python3.7/site-packages/airflow/example_dags/example_branch_operator.py
[2023-03-17T03:28:52.798+0000] {processor.py:753} INFO - DAG(s) dict_keys(['example_branch_operator']) retrieved from /home/airflow/.local/lib/python3.7/site-packages/airflow/example_dags/example_branch_operator.py
[2023-03-17T03:28:52.831+0000] {logging_mixin.py:137} INFO - [2023-03-17T03:28:52.831+0000] {dag.py:2693} INFO - Sync 1 DAGs
[2023-03-17T03:28:52.865+0000] {logging_mixin.py:137} INFO - [2023-03-17T03:28:52.864+0000] {dag.py:3444} INFO - Setting next_dagrun for example_branch_operator to 2023-03-16T00:00:00+00:00, run_after=2023-03-17T00:00:00+00:00
[2023-03-17T03:28:52.890+0000] {processor.py:175} INFO - Processing /home/airflow/.local/lib/python3.7/site-packages/airflow/example_dags/example_branch_operator.py took 0.118 seconds
[2023-03-17T03:29:23.074+0000] {processor.py:153} INFO - Started process (PID=8110) to work on /home/airflow/.local/lib/python3.7/site-packages/airflow/example_dags/example_branch_operator.py
[2023-03-17T03:29:23.075+0000] {processor.py:743} INFO - Processing file /home/airflow/.local/lib/python3.7/site-packages/airflow/example_dags/example_branch_operator.py for tasks to queue
[2023-03-17T03:29:23.076+0000] {logging_mixin.py:137} INFO - [2023-03-17T03:29:23.076+0000] {dagbag.py:532} INFO - Filling up the DagBag from /home/airflow/.local/lib/python3.7/site-packages/airflow/example_dags/example_branch_operator.py
[2023-03-17T03:29:23.095+0000] {processor.py:753} INFO - DAG(s) dict_keys(['example_branch_operator']) retrieved from /home/airflow/.local/lib/python3.7/site-packages/airflow/example_dags/example_branch_operator.py
[2023-03-17T03:29:23.128+0000] {logging_mixin.py:137} INFO - [2023-03-17T03:29:23.128+0000] {dag.py:2693} INFO - Sync 1 DAGs
[2023-03-17T03:29:23.159+0000] {logging_mixin.py:137} INFO - [2023-03-17T03:29:23.158+0000] {dag.py:3444} INFO - Setting next_dagrun for example_branch_operator to 2023-03-16T00:00:00+00:00, run_after=2023-03-17T00:00:00+00:00
[2023-03-17T03:29:23.181+0000] {processor.py:175} INFO - Processing /home/airflow/.local/lib/python3.7/site-packages/airflow/example_dags/example_branch_operator.py took 0.110 seconds
[2023-03-17T03:29:53.500+0000] {processor.py:153} INFO - Started process (PID=8326) to work on /home/airflow/.local/lib/python3.7/site-packages/airflow/example_dags/example_branch_operator.py
[2023-03-17T03:29:53.501+0000] {processor.py:743} INFO - Processing file /home/airflow/.local/lib/python3.7/site-packages/airflow/example_dags/example_branch_operator.py for tasks to queue
[2023-03-17T03:29:53.502+0000] {logging_mixin.py:137} INFO - [2023-03-17T03:29:53.501+0000] {dagbag.py:532} INFO - Filling up the DagBag from /home/airflow/.local/lib/python3.7/site-packages/airflow/example_dags/example_branch_operator.py
[2023-03-17T03:29:53.521+0000] {processor.py:753} INFO - DAG(s) dict_keys(['example_branch_operator']) retrieved from /home/airflow/.local/lib/python3.7/site-packages/airflow/example_dags/example_branch_operator.py
[2023-03-17T03:29:53.553+0000] {logging_mixin.py:137} INFO - [2023-03-17T03:29:53.552+0000] {dag.py:2693} INFO - Sync 1 DAGs
[2023-03-17T03:29:53.586+0000] {logging_mixin.py:137} INFO - [2023-03-17T03:29:53.586+0000] {dag.py:3444} INFO - Setting next_dagrun for example_branch_operator to 2023-03-16T00:00:00+00:00, run_after=2023-03-17T00:00:00+00:00
[2023-03-17T03:29:53.610+0000] {processor.py:175} INFO - Processing /home/airflow/.local/lib/python3.7/site-packages/airflow/example_dags/example_branch_operator.py took 0.115 seconds
[2023-03-17T03:30:24.112+0000] {processor.py:153} INFO - Started process (PID=8544) to work on /home/airflow/.local/lib/python3.7/site-packages/airflow/example_dags/example_branch_operator.py
[2023-03-17T03:30:24.113+0000] {processor.py:743} INFO - Processing file /home/airflow/.local/lib/python3.7/site-packages/airflow/example_dags/example_branch_operator.py for tasks to queue
[2023-03-17T03:30:24.114+0000] {logging_mixin.py:137} INFO - [2023-03-17T03:30:24.114+0000] {dagbag.py:532} INFO - Filling up the DagBag from /home/airflow/.local/lib/python3.7/site-packages/airflow/example_dags/example_branch_operator.py
[2023-03-17T03:30:24.138+0000] {processor.py:753} INFO - DAG(s) dict_keys(['example_branch_operator']) retrieved from /home/airflow/.local/lib/python3.7/site-packages/airflow/example_dags/example_branch_operator.py
[2023-03-17T03:30:24.171+0000] {logging_mixin.py:137} INFO - [2023-03-17T03:30:24.170+0000] {dag.py:2693} INFO - Sync 1 DAGs
[2023-03-17T03:30:24.202+0000] {logging_mixin.py:137} INFO - [2023-03-17T03:30:24.202+0000] {dag.py:3444} INFO - Setting next_dagrun for example_branch_operator to 2023-03-16T00:00:00+00:00, run_after=2023-03-17T00:00:00+00:00
[2023-03-17T03:30:24.229+0000] {processor.py:175} INFO - Processing /home/airflow/.local/lib/python3.7/site-packages/airflow/example_dags/example_branch_operator.py took 0.120 seconds
[2023-03-17T03:30:54.623+0000] {processor.py:153} INFO - Started process (PID=8761) to work on /home/airflow/.local/lib/python3.7/site-packages/airflow/example_dags/example_branch_operator.py
[2023-03-17T03:30:54.624+0000] {processor.py:743} INFO - Processing file /home/airflow/.local/lib/python3.7/site-packages/airflow/example_dags/example_branch_operator.py for tasks to queue
[2023-03-17T03:30:54.625+0000] {logging_mixin.py:137} INFO - [2023-03-17T03:30:54.625+0000] {dagbag.py:532} INFO - Filling up the DagBag from /home/airflow/.local/lib/python3.7/site-packages/airflow/example_dags/example_branch_operator.py
[2023-03-17T03:30:54.645+0000] {processor.py:753} INFO - DAG(s) dict_keys(['example_branch_operator']) retrieved from /home/airflow/.local/lib/python3.7/site-packages/airflow/example_dags/example_branch_operator.py
[2023-03-17T03:30:54.678+0000] {logging_mixin.py:137} INFO - [2023-03-17T03:30:54.678+0000] {dag.py:2693} INFO - Sync 1 DAGs
[2023-03-17T03:30:54.711+0000] {logging_mixin.py:137} INFO - [2023-03-17T03:30:54.711+0000] {dag.py:3444} INFO - Setting next_dagrun for example_branch_operator to 2023-03-16T00:00:00+00:00, run_after=2023-03-17T00:00:00+00:00
[2023-03-17T03:30:54.737+0000] {processor.py:175} INFO - Processing /home/airflow/.local/lib/python3.7/site-packages/airflow/example_dags/example_branch_operator.py took 0.118 seconds
[2023-03-17T03:31:24.943+0000] {processor.py:153} INFO - Started process (PID=8978) to work on /home/airflow/.local/lib/python3.7/site-packages/airflow/example_dags/example_branch_operator.py
[2023-03-17T03:31:24.944+0000] {processor.py:743} INFO - Processing file /home/airflow/.local/lib/python3.7/site-packages/airflow/example_dags/example_branch_operator.py for tasks to queue
[2023-03-17T03:31:24.945+0000] {logging_mixin.py:137} INFO - [2023-03-17T03:31:24.945+0000] {dagbag.py:532} INFO - Filling up the DagBag from /home/airflow/.local/lib/python3.7/site-packages/airflow/example_dags/example_branch_operator.py
[2023-03-17T03:31:24.967+0000] {processor.py:753} INFO - DAG(s) dict_keys(['example_branch_operator']) retrieved from /home/airflow/.local/lib/python3.7/site-packages/airflow/example_dags/example_branch_operator.py
[2023-03-17T03:31:25.000+0000] {logging_mixin.py:137} INFO - [2023-03-17T03:31:24.999+0000] {dag.py:2693} INFO - Sync 1 DAGs
[2023-03-17T03:31:25.032+0000] {logging_mixin.py:137} INFO - [2023-03-17T03:31:25.032+0000] {dag.py:3444} INFO - Setting next_dagrun for example_branch_operator to 2023-03-16T00:00:00+00:00, run_after=2023-03-17T00:00:00+00:00
[2023-03-17T03:31:25.058+0000] {processor.py:175} INFO - Processing /home/airflow/.local/lib/python3.7/site-packages/airflow/example_dags/example_branch_operator.py took 0.119 seconds
[2023-03-17T03:31:55.303+0000] {processor.py:153} INFO - Started process (PID=9194) to work on /home/airflow/.local/lib/python3.7/site-packages/airflow/example_dags/example_branch_operator.py
[2023-03-17T03:31:55.304+0000] {processor.py:743} INFO - Processing file /home/airflow/.local/lib/python3.7/site-packages/airflow/example_dags/example_branch_operator.py for tasks to queue
[2023-03-17T03:31:55.305+0000] {logging_mixin.py:137} INFO - [2023-03-17T03:31:55.305+0000] {dagbag.py:532} INFO - Filling up the DagBag from /home/airflow/.local/lib/python3.7/site-packages/airflow/example_dags/example_branch_operator.py
[2023-03-17T03:31:55.326+0000] {processor.py:753} INFO - DAG(s) dict_keys(['example_branch_operator']) retrieved from /home/airflow/.local/lib/python3.7/site-packages/airflow/example_dags/example_branch_operator.py
[2023-03-17T03:31:55.358+0000] {logging_mixin.py:137} INFO - [2023-03-17T03:31:55.357+0000] {dag.py:2693} INFO - Sync 1 DAGs
[2023-03-17T03:31:55.390+0000] {logging_mixin.py:137} INFO - [2023-03-17T03:31:55.390+0000] {dag.py:3444} INFO - Setting next_dagrun for example_branch_operator to 2023-03-16T00:00:00+00:00, run_after=2023-03-17T00:00:00+00:00
[2023-03-17T03:31:55.415+0000] {processor.py:175} INFO - Processing /home/airflow/.local/lib/python3.7/site-packages/airflow/example_dags/example_branch_operator.py took 0.117 seconds
[2023-03-17T03:32:25.743+0000] {processor.py:153} INFO - Started process (PID=9412) to work on /home/airflow/.local/lib/python3.7/site-packages/airflow/example_dags/example_branch_operator.py
[2023-03-17T03:32:25.744+0000] {processor.py:743} INFO - Processing file /home/airflow/.local/lib/python3.7/site-packages/airflow/example_dags/example_branch_operator.py for tasks to queue
[2023-03-17T03:32:25.745+0000] {logging_mixin.py:137} INFO - [2023-03-17T03:32:25.745+0000] {dagbag.py:532} INFO - Filling up the DagBag from /home/airflow/.local/lib/python3.7/site-packages/airflow/example_dags/example_branch_operator.py
[2023-03-17T03:32:25.765+0000] {processor.py:753} INFO - DAG(s) dict_keys(['example_branch_operator']) retrieved from /home/airflow/.local/lib/python3.7/site-packages/airflow/example_dags/example_branch_operator.py
[2023-03-17T03:32:25.796+0000] {logging_mixin.py:137} INFO - [2023-03-17T03:32:25.796+0000] {dag.py:2693} INFO - Sync 1 DAGs
[2023-03-17T03:32:25.829+0000] {logging_mixin.py:137} INFO - [2023-03-17T03:32:25.829+0000] {dag.py:3444} INFO - Setting next_dagrun for example_branch_operator to 2023-03-16T00:00:00+00:00, run_after=2023-03-17T00:00:00+00:00
[2023-03-17T03:32:25.856+0000] {processor.py:175} INFO - Processing /home/airflow/.local/lib/python3.7/site-packages/airflow/example_dags/example_branch_operator.py took 0.116 seconds
[2023-03-17T03:32:56.550+0000] {processor.py:153} INFO - Started process (PID=9629) to work on /home/airflow/.local/lib/python3.7/site-packages/airflow/example_dags/example_branch_operator.py
[2023-03-17T03:32:56.551+0000] {processor.py:743} INFO - Processing file /home/airflow/.local/lib/python3.7/site-packages/airflow/example_dags/example_branch_operator.py for tasks to queue
[2023-03-17T03:32:56.552+0000] {logging_mixin.py:137} INFO - [2023-03-17T03:32:56.552+0000] {dagbag.py:532} INFO - Filling up the DagBag from /home/airflow/.local/lib/python3.7/site-packages/airflow/example_dags/example_branch_operator.py
[2023-03-17T03:32:56.573+0000] {processor.py:753} INFO - DAG(s) dict_keys(['example_branch_operator']) retrieved from /home/airflow/.local/lib/python3.7/site-packages/airflow/example_dags/example_branch_operator.py
[2023-03-17T03:32:56.614+0000] {logging_mixin.py:137} INFO - [2023-03-17T03:32:56.613+0000] {dag.py:2693} INFO - Sync 1 DAGs
[2023-03-17T03:32:56.648+0000] {logging_mixin.py:137} INFO - [2023-03-17T03:32:56.648+0000] {dag.py:3444} INFO - Setting next_dagrun for example_branch_operator to 2023-03-16T00:00:00+00:00, run_after=2023-03-17T00:00:00+00:00
[2023-03-17T03:32:56.683+0000] {processor.py:175} INFO - Processing /home/airflow/.local/lib/python3.7/site-packages/airflow/example_dags/example_branch_operator.py took 0.138 seconds
[2023-03-17T03:33:27.309+0000] {processor.py:153} INFO - Started process (PID=9847) to work on /home/airflow/.local/lib/python3.7/site-packages/airflow/example_dags/example_branch_operator.py
[2023-03-17T03:33:27.310+0000] {processor.py:743} INFO - Processing file /home/airflow/.local/lib/python3.7/site-packages/airflow/example_dags/example_branch_operator.py for tasks to queue
[2023-03-17T03:33:27.311+0000] {logging_mixin.py:137} INFO - [2023-03-17T03:33:27.311+0000] {dagbag.py:532} INFO - Filling up the DagBag from /home/airflow/.local/lib/python3.7/site-packages/airflow/example_dags/example_branch_operator.py
[2023-03-17T03:33:27.330+0000] {processor.py:753} INFO - DAG(s) dict_keys(['example_branch_operator']) retrieved from /home/airflow/.local/lib/python3.7/site-packages/airflow/example_dags/example_branch_operator.py
[2023-03-17T03:33:27.367+0000] {logging_mixin.py:137} INFO - [2023-03-17T03:33:27.367+0000] {dag.py:2693} INFO - Sync 1 DAGs
[2023-03-17T03:33:27.401+0000] {logging_mixin.py:137} INFO - [2023-03-17T03:33:27.401+0000] {dag.py:3444} INFO - Setting next_dagrun for example_branch_operator to 2023-03-16T00:00:00+00:00, run_after=2023-03-17T00:00:00+00:00
[2023-03-17T03:33:27.426+0000] {processor.py:175} INFO - Processing /home/airflow/.local/lib/python3.7/site-packages/airflow/example_dags/example_branch_operator.py took 0.122 seconds
[2023-03-17T03:33:57.829+0000] {processor.py:153} INFO - Started process (PID=10064) to work on /home/airflow/.local/lib/python3.7/site-packages/airflow/example_dags/example_branch_operator.py
[2023-03-17T03:33:57.831+0000] {processor.py:743} INFO - Processing file /home/airflow/.local/lib/python3.7/site-packages/airflow/example_dags/example_branch_operator.py for tasks to queue
[2023-03-17T03:33:57.832+0000] {logging_mixin.py:137} INFO - [2023-03-17T03:33:57.832+0000] {dagbag.py:532} INFO - Filling up the DagBag from /home/airflow/.local/lib/python3.7/site-packages/airflow/example_dags/example_branch_operator.py
[2023-03-17T03:33:57.855+0000] {processor.py:753} INFO - DAG(s) dict_keys(['example_branch_operator']) retrieved from /home/airflow/.local/lib/python3.7/site-packages/airflow/example_dags/example_branch_operator.py
[2023-03-17T03:33:57.887+0000] {logging_mixin.py:137} INFO - [2023-03-17T03:33:57.887+0000] {dag.py:2693} INFO - Sync 1 DAGs
[2023-03-17T03:33:57.923+0000] {logging_mixin.py:137} INFO - [2023-03-17T03:33:57.923+0000] {dag.py:3444} INFO - Setting next_dagrun for example_branch_operator to 2023-03-16T00:00:00+00:00, run_after=2023-03-17T00:00:00+00:00
[2023-03-17T03:33:57.949+0000] {processor.py:175} INFO - Processing /home/airflow/.local/lib/python3.7/site-packages/airflow/example_dags/example_branch_operator.py took 0.123 seconds
[2023-03-17T03:34:28.494+0000] {processor.py:153} INFO - Started process (PID=10282) to work on /home/airflow/.local/lib/python3.7/site-packages/airflow/example_dags/example_branch_operator.py
[2023-03-17T03:34:28.495+0000] {processor.py:743} INFO - Processing file /home/airflow/.local/lib/python3.7/site-packages/airflow/example_dags/example_branch_operator.py for tasks to queue
[2023-03-17T03:34:28.495+0000] {logging_mixin.py:137} INFO - [2023-03-17T03:34:28.495+0000] {dagbag.py:532} INFO - Filling up the DagBag from /home/airflow/.local/lib/python3.7/site-packages/airflow/example_dags/example_branch_operator.py
[2023-03-17T03:34:28.515+0000] {processor.py:753} INFO - DAG(s) dict_keys(['example_branch_operator']) retrieved from /home/airflow/.local/lib/python3.7/site-packages/airflow/example_dags/example_branch_operator.py
[2023-03-17T03:34:28.550+0000] {logging_mixin.py:137} INFO - [2023-03-17T03:34:28.550+0000] {dag.py:2693} INFO - Sync 1 DAGs
[2023-03-17T03:34:28.584+0000] {logging_mixin.py:137} INFO - [2023-03-17T03:34:28.584+0000] {dag.py:3444} INFO - Setting next_dagrun for example_branch_operator to 2023-03-16T00:00:00+00:00, run_after=2023-03-17T00:00:00+00:00
[2023-03-17T03:34:28.611+0000] {processor.py:175} INFO - Processing /home/airflow/.local/lib/python3.7/site-packages/airflow/example_dags/example_branch_operator.py took 0.120 seconds
