[2023-03-17T03:11:02.590+0000] {processor.py:153} INFO - Started process (PID=300) to work on /home/airflow/.local/lib/python3.7/site-packages/airflow/example_dags/example_bash_operator.py
[2023-03-17T03:11:02.592+0000] {processor.py:743} INFO - Processing file /home/airflow/.local/lib/python3.7/site-packages/airflow/example_dags/example_bash_operator.py for tasks to queue
[2023-03-17T03:11:02.594+0000] {logging_mixin.py:137} INFO - [2023-03-17T03:11:02.594+0000] {dagbag.py:532} INFO - Filling up the DagBag from /home/airflow/.local/lib/python3.7/site-packages/airflow/example_dags/example_bash_operator.py
[2023-03-17T03:11:02.642+0000] {processor.py:753} INFO - DAG(s) dict_keys(['example_bash_operator']) retrieved from /home/airflow/.local/lib/python3.7/site-packages/airflow/example_dags/example_bash_operator.py
[2023-03-17T03:11:02.730+0000] {logging_mixin.py:137} INFO - [2023-03-17T03:11:02.730+0000] {dag.py:2693} INFO - Sync 1 DAGs
[2023-03-17T03:11:02.814+0000] {logging_mixin.py:137} INFO - [2023-03-17T03:11:02.813+0000] {dag.py:3444} INFO - Setting next_dagrun for example_bash_operator to 2023-03-16T00:00:00+00:00, run_after=2023-03-17T00:00:00+00:00
[2023-03-17T03:11:02.882+0000] {processor.py:175} INFO - Processing /home/airflow/.local/lib/python3.7/site-packages/airflow/example_dags/example_bash_operator.py took 0.299 seconds
[2023-03-17T03:11:35.624+0000] {processor.py:153} INFO - Started process (PID=524) to work on /home/airflow/.local/lib/python3.7/site-packages/airflow/example_dags/example_bash_operator.py
[2023-03-17T03:11:35.626+0000] {processor.py:743} INFO - Processing file /home/airflow/.local/lib/python3.7/site-packages/airflow/example_dags/example_bash_operator.py for tasks to queue
[2023-03-17T03:11:35.627+0000] {logging_mixin.py:137} INFO - [2023-03-17T03:11:35.627+0000] {dagbag.py:532} INFO - Filling up the DagBag from /home/airflow/.local/lib/python3.7/site-packages/airflow/example_dags/example_bash_operator.py
[2023-03-17T03:11:35.661+0000] {processor.py:753} INFO - DAG(s) dict_keys(['example_bash_operator']) retrieved from /home/airflow/.local/lib/python3.7/site-packages/airflow/example_dags/example_bash_operator.py
[2023-03-17T03:11:35.725+0000] {logging_mixin.py:137} INFO - [2023-03-17T03:11:35.725+0000] {dag.py:2693} INFO - Sync 1 DAGs
[2023-03-17T03:11:35.767+0000] {logging_mixin.py:137} INFO - [2023-03-17T03:11:35.767+0000] {dag.py:3444} INFO - Setting next_dagrun for example_bash_operator to 2023-03-16T00:00:00+00:00, run_after=2023-03-17T00:00:00+00:00
[2023-03-17T03:11:35.799+0000] {processor.py:175} INFO - Processing /home/airflow/.local/lib/python3.7/site-packages/airflow/example_dags/example_bash_operator.py took 0.180 seconds
[2023-03-17T03:12:06.814+0000] {processor.py:153} INFO - Started process (PID=741) to work on /home/airflow/.local/lib/python3.7/site-packages/airflow/example_dags/example_bash_operator.py
[2023-03-17T03:12:06.816+0000] {processor.py:743} INFO - Processing file /home/airflow/.local/lib/python3.7/site-packages/airflow/example_dags/example_bash_operator.py for tasks to queue
[2023-03-17T03:12:06.817+0000] {logging_mixin.py:137} INFO - [2023-03-17T03:12:06.817+0000] {dagbag.py:532} INFO - Filling up the DagBag from /home/airflow/.local/lib/python3.7/site-packages/airflow/example_dags/example_bash_operator.py
[2023-03-17T03:12:06.864+0000] {processor.py:753} INFO - DAG(s) dict_keys(['example_bash_operator']) retrieved from /home/airflow/.local/lib/python3.7/site-packages/airflow/example_dags/example_bash_operator.py
[2023-03-17T03:12:06.939+0000] {logging_mixin.py:137} INFO - [2023-03-17T03:12:06.939+0000] {dag.py:2693} INFO - Sync 1 DAGs
[2023-03-17T03:12:06.984+0000] {logging_mixin.py:137} INFO - [2023-03-17T03:12:06.983+0000] {dag.py:3444} INFO - Setting next_dagrun for example_bash_operator to 2023-03-16T00:00:00+00:00, run_after=2023-03-17T00:00:00+00:00
[2023-03-17T03:12:07.019+0000] {processor.py:175} INFO - Processing /home/airflow/.local/lib/python3.7/site-packages/airflow/example_dags/example_bash_operator.py took 0.212 seconds
[2023-03-17T03:12:37.496+0000] {processor.py:153} INFO - Started process (PID=958) to work on /home/airflow/.local/lib/python3.7/site-packages/airflow/example_dags/example_bash_operator.py
[2023-03-17T03:12:37.497+0000] {processor.py:743} INFO - Processing file /home/airflow/.local/lib/python3.7/site-packages/airflow/example_dags/example_bash_operator.py for tasks to queue
[2023-03-17T03:12:37.498+0000] {logging_mixin.py:137} INFO - [2023-03-17T03:12:37.498+0000] {dagbag.py:532} INFO - Filling up the DagBag from /home/airflow/.local/lib/python3.7/site-packages/airflow/example_dags/example_bash_operator.py
[2023-03-17T03:12:37.523+0000] {processor.py:753} INFO - DAG(s) dict_keys(['example_bash_operator']) retrieved from /home/airflow/.local/lib/python3.7/site-packages/airflow/example_dags/example_bash_operator.py
[2023-03-17T03:12:37.571+0000] {logging_mixin.py:137} INFO - [2023-03-17T03:12:37.571+0000] {dag.py:2693} INFO - Sync 1 DAGs
[2023-03-17T03:12:37.604+0000] {logging_mixin.py:137} INFO - [2023-03-17T03:12:37.604+0000] {dag.py:3444} INFO - Setting next_dagrun for example_bash_operator to 2023-03-16T00:00:00+00:00, run_after=2023-03-17T00:00:00+00:00
[2023-03-17T03:12:37.630+0000] {processor.py:175} INFO - Processing /home/airflow/.local/lib/python3.7/site-packages/airflow/example_dags/example_bash_operator.py took 0.138 seconds
[2023-03-17T03:13:08.178+0000] {processor.py:153} INFO - Started process (PID=1175) to work on /home/airflow/.local/lib/python3.7/site-packages/airflow/example_dags/example_bash_operator.py
[2023-03-17T03:13:08.180+0000] {processor.py:743} INFO - Processing file /home/airflow/.local/lib/python3.7/site-packages/airflow/example_dags/example_bash_operator.py for tasks to queue
[2023-03-17T03:13:08.181+0000] {logging_mixin.py:137} INFO - [2023-03-17T03:13:08.180+0000] {dagbag.py:532} INFO - Filling up the DagBag from /home/airflow/.local/lib/python3.7/site-packages/airflow/example_dags/example_bash_operator.py
[2023-03-17T03:13:08.209+0000] {processor.py:753} INFO - DAG(s) dict_keys(['example_bash_operator']) retrieved from /home/airflow/.local/lib/python3.7/site-packages/airflow/example_dags/example_bash_operator.py
[2023-03-17T03:13:08.258+0000] {logging_mixin.py:137} INFO - [2023-03-17T03:13:08.257+0000] {dag.py:2693} INFO - Sync 1 DAGs
[2023-03-17T03:13:08.294+0000] {logging_mixin.py:137} INFO - [2023-03-17T03:13:08.294+0000] {dag.py:3444} INFO - Setting next_dagrun for example_bash_operator to 2023-03-16T00:00:00+00:00, run_after=2023-03-17T00:00:00+00:00
[2023-03-17T03:13:08.321+0000] {processor.py:175} INFO - Processing /home/airflow/.local/lib/python3.7/site-packages/airflow/example_dags/example_bash_operator.py took 0.147 seconds
[2023-03-17T03:13:38.767+0000] {processor.py:153} INFO - Started process (PID=1392) to work on /home/airflow/.local/lib/python3.7/site-packages/airflow/example_dags/example_bash_operator.py
[2023-03-17T03:13:38.768+0000] {processor.py:743} INFO - Processing file /home/airflow/.local/lib/python3.7/site-packages/airflow/example_dags/example_bash_operator.py for tasks to queue
[2023-03-17T03:13:38.769+0000] {logging_mixin.py:137} INFO - [2023-03-17T03:13:38.769+0000] {dagbag.py:532} INFO - Filling up the DagBag from /home/airflow/.local/lib/python3.7/site-packages/airflow/example_dags/example_bash_operator.py
[2023-03-17T03:13:38.795+0000] {processor.py:753} INFO - DAG(s) dict_keys(['example_bash_operator']) retrieved from /home/airflow/.local/lib/python3.7/site-packages/airflow/example_dags/example_bash_operator.py
[2023-03-17T03:13:38.842+0000] {logging_mixin.py:137} INFO - [2023-03-17T03:13:38.842+0000] {dag.py:2693} INFO - Sync 1 DAGs
[2023-03-17T03:13:38.876+0000] {logging_mixin.py:137} INFO - [2023-03-17T03:13:38.876+0000] {dag.py:3444} INFO - Setting next_dagrun for example_bash_operator to 2023-03-16T00:00:00+00:00, run_after=2023-03-17T00:00:00+00:00
[2023-03-17T03:13:38.901+0000] {processor.py:175} INFO - Processing /home/airflow/.local/lib/python3.7/site-packages/airflow/example_dags/example_bash_operator.py took 0.138 seconds
[2023-03-17T03:14:09.110+0000] {processor.py:153} INFO - Started process (PID=1609) to work on /home/airflow/.local/lib/python3.7/site-packages/airflow/example_dags/example_bash_operator.py
[2023-03-17T03:14:09.112+0000] {processor.py:743} INFO - Processing file /home/airflow/.local/lib/python3.7/site-packages/airflow/example_dags/example_bash_operator.py for tasks to queue
[2023-03-17T03:14:09.113+0000] {logging_mixin.py:137} INFO - [2023-03-17T03:14:09.113+0000] {dagbag.py:532} INFO - Filling up the DagBag from /home/airflow/.local/lib/python3.7/site-packages/airflow/example_dags/example_bash_operator.py
[2023-03-17T03:14:09.138+0000] {processor.py:753} INFO - DAG(s) dict_keys(['example_bash_operator']) retrieved from /home/airflow/.local/lib/python3.7/site-packages/airflow/example_dags/example_bash_operator.py
[2023-03-17T03:14:09.184+0000] {logging_mixin.py:137} INFO - [2023-03-17T03:14:09.184+0000] {dag.py:2693} INFO - Sync 1 DAGs
[2023-03-17T03:14:09.217+0000] {logging_mixin.py:137} INFO - [2023-03-17T03:14:09.217+0000] {dag.py:3444} INFO - Setting next_dagrun for example_bash_operator to 2023-03-16T00:00:00+00:00, run_after=2023-03-17T00:00:00+00:00
[2023-03-17T03:14:09.243+0000] {processor.py:175} INFO - Processing /home/airflow/.local/lib/python3.7/site-packages/airflow/example_dags/example_bash_operator.py took 0.136 seconds
[2023-03-17T03:14:39.477+0000] {processor.py:153} INFO - Started process (PID=1826) to work on /home/airflow/.local/lib/python3.7/site-packages/airflow/example_dags/example_bash_operator.py
[2023-03-17T03:14:39.478+0000] {processor.py:743} INFO - Processing file /home/airflow/.local/lib/python3.7/site-packages/airflow/example_dags/example_bash_operator.py for tasks to queue
[2023-03-17T03:14:39.479+0000] {logging_mixin.py:137} INFO - [2023-03-17T03:14:39.479+0000] {dagbag.py:532} INFO - Filling up the DagBag from /home/airflow/.local/lib/python3.7/site-packages/airflow/example_dags/example_bash_operator.py
[2023-03-17T03:14:39.505+0000] {processor.py:753} INFO - DAG(s) dict_keys(['example_bash_operator']) retrieved from /home/airflow/.local/lib/python3.7/site-packages/airflow/example_dags/example_bash_operator.py
[2023-03-17T03:14:39.553+0000] {logging_mixin.py:137} INFO - [2023-03-17T03:14:39.553+0000] {dag.py:2693} INFO - Sync 1 DAGs
[2023-03-17T03:14:39.592+0000] {logging_mixin.py:137} INFO - [2023-03-17T03:14:39.592+0000] {dag.py:3444} INFO - Setting next_dagrun for example_bash_operator to 2023-03-16T00:00:00+00:00, run_after=2023-03-17T00:00:00+00:00
[2023-03-17T03:14:39.618+0000] {processor.py:175} INFO - Processing /home/airflow/.local/lib/python3.7/site-packages/airflow/example_dags/example_bash_operator.py took 0.144 seconds
[2023-03-17T03:15:10.197+0000] {processor.py:153} INFO - Started process (PID=2045) to work on /home/airflow/.local/lib/python3.7/site-packages/airflow/example_dags/example_bash_operator.py
[2023-03-17T03:15:10.198+0000] {processor.py:743} INFO - Processing file /home/airflow/.local/lib/python3.7/site-packages/airflow/example_dags/example_bash_operator.py for tasks to queue
[2023-03-17T03:15:10.199+0000] {logging_mixin.py:137} INFO - [2023-03-17T03:15:10.199+0000] {dagbag.py:532} INFO - Filling up the DagBag from /home/airflow/.local/lib/python3.7/site-packages/airflow/example_dags/example_bash_operator.py
[2023-03-17T03:15:10.224+0000] {processor.py:753} INFO - DAG(s) dict_keys(['example_bash_operator']) retrieved from /home/airflow/.local/lib/python3.7/site-packages/airflow/example_dags/example_bash_operator.py
[2023-03-17T03:15:10.272+0000] {logging_mixin.py:137} INFO - [2023-03-17T03:15:10.272+0000] {dag.py:2693} INFO - Sync 1 DAGs
[2023-03-17T03:15:10.304+0000] {logging_mixin.py:137} INFO - [2023-03-17T03:15:10.304+0000] {dag.py:3444} INFO - Setting next_dagrun for example_bash_operator to 2023-03-16T00:00:00+00:00, run_after=2023-03-17T00:00:00+00:00
[2023-03-17T03:15:10.329+0000] {processor.py:175} INFO - Processing /home/airflow/.local/lib/python3.7/site-packages/airflow/example_dags/example_bash_operator.py took 0.136 seconds
[2023-03-17T03:15:40.602+0000] {processor.py:153} INFO - Started process (PID=2260) to work on /home/airflow/.local/lib/python3.7/site-packages/airflow/example_dags/example_bash_operator.py
[2023-03-17T03:15:40.603+0000] {processor.py:743} INFO - Processing file /home/airflow/.local/lib/python3.7/site-packages/airflow/example_dags/example_bash_operator.py for tasks to queue
[2023-03-17T03:15:40.604+0000] {logging_mixin.py:137} INFO - [2023-03-17T03:15:40.604+0000] {dagbag.py:532} INFO - Filling up the DagBag from /home/airflow/.local/lib/python3.7/site-packages/airflow/example_dags/example_bash_operator.py
[2023-03-17T03:15:40.630+0000] {processor.py:753} INFO - DAG(s) dict_keys(['example_bash_operator']) retrieved from /home/airflow/.local/lib/python3.7/site-packages/airflow/example_dags/example_bash_operator.py
[2023-03-17T03:15:40.679+0000] {logging_mixin.py:137} INFO - [2023-03-17T03:15:40.679+0000] {dag.py:2693} INFO - Sync 1 DAGs
[2023-03-17T03:15:40.711+0000] {logging_mixin.py:137} INFO - [2023-03-17T03:15:40.710+0000] {dag.py:3444} INFO - Setting next_dagrun for example_bash_operator to 2023-03-16T00:00:00+00:00, run_after=2023-03-17T00:00:00+00:00
[2023-03-17T03:15:40.734+0000] {processor.py:175} INFO - Processing /home/airflow/.local/lib/python3.7/site-packages/airflow/example_dags/example_bash_operator.py took 0.136 seconds
[2023-03-17T03:16:11.201+0000] {processor.py:153} INFO - Started process (PID=2478) to work on /home/airflow/.local/lib/python3.7/site-packages/airflow/example_dags/example_bash_operator.py
[2023-03-17T03:16:11.202+0000] {processor.py:743} INFO - Processing file /home/airflow/.local/lib/python3.7/site-packages/airflow/example_dags/example_bash_operator.py for tasks to queue
[2023-03-17T03:16:11.203+0000] {logging_mixin.py:137} INFO - [2023-03-17T03:16:11.203+0000] {dagbag.py:532} INFO - Filling up the DagBag from /home/airflow/.local/lib/python3.7/site-packages/airflow/example_dags/example_bash_operator.py
[2023-03-17T03:16:11.227+0000] {processor.py:753} INFO - DAG(s) dict_keys(['example_bash_operator']) retrieved from /home/airflow/.local/lib/python3.7/site-packages/airflow/example_dags/example_bash_operator.py
[2023-03-17T03:16:11.274+0000] {logging_mixin.py:137} INFO - [2023-03-17T03:16:11.274+0000] {dag.py:2693} INFO - Sync 1 DAGs
[2023-03-17T03:16:11.304+0000] {logging_mixin.py:137} INFO - [2023-03-17T03:16:11.304+0000] {dag.py:3444} INFO - Setting next_dagrun for example_bash_operator to 2023-03-16T00:00:00+00:00, run_after=2023-03-17T00:00:00+00:00
[2023-03-17T03:16:11.359+0000] {processor.py:175} INFO - Processing /home/airflow/.local/lib/python3.7/site-packages/airflow/example_dags/example_bash_operator.py took 0.162 seconds
[2023-03-17T03:16:41.829+0000] {processor.py:153} INFO - Started process (PID=2695) to work on /home/airflow/.local/lib/python3.7/site-packages/airflow/example_dags/example_bash_operator.py
[2023-03-17T03:16:41.831+0000] {processor.py:743} INFO - Processing file /home/airflow/.local/lib/python3.7/site-packages/airflow/example_dags/example_bash_operator.py for tasks to queue
[2023-03-17T03:16:41.832+0000] {logging_mixin.py:137} INFO - [2023-03-17T03:16:41.831+0000] {dagbag.py:532} INFO - Filling up the DagBag from /home/airflow/.local/lib/python3.7/site-packages/airflow/example_dags/example_bash_operator.py
[2023-03-17T03:16:41.857+0000] {processor.py:753} INFO - DAG(s) dict_keys(['example_bash_operator']) retrieved from /home/airflow/.local/lib/python3.7/site-packages/airflow/example_dags/example_bash_operator.py
[2023-03-17T03:16:41.905+0000] {logging_mixin.py:137} INFO - [2023-03-17T03:16:41.904+0000] {dag.py:2693} INFO - Sync 1 DAGs
[2023-03-17T03:16:41.940+0000] {logging_mixin.py:137} INFO - [2023-03-17T03:16:41.940+0000] {dag.py:3444} INFO - Setting next_dagrun for example_bash_operator to 2023-03-16T00:00:00+00:00, run_after=2023-03-17T00:00:00+00:00
[2023-03-17T03:16:41.970+0000] {processor.py:175} INFO - Processing /home/airflow/.local/lib/python3.7/site-packages/airflow/example_dags/example_bash_operator.py took 0.144 seconds
[2023-03-17T03:17:12.233+0000] {processor.py:153} INFO - Started process (PID=2912) to work on /home/airflow/.local/lib/python3.7/site-packages/airflow/example_dags/example_bash_operator.py
[2023-03-17T03:17:12.235+0000] {processor.py:743} INFO - Processing file /home/airflow/.local/lib/python3.7/site-packages/airflow/example_dags/example_bash_operator.py for tasks to queue
[2023-03-17T03:17:12.236+0000] {logging_mixin.py:137} INFO - [2023-03-17T03:17:12.236+0000] {dagbag.py:532} INFO - Filling up the DagBag from /home/airflow/.local/lib/python3.7/site-packages/airflow/example_dags/example_bash_operator.py
[2023-03-17T03:17:12.265+0000] {processor.py:753} INFO - DAG(s) dict_keys(['example_bash_operator']) retrieved from /home/airflow/.local/lib/python3.7/site-packages/airflow/example_dags/example_bash_operator.py
[2023-03-17T03:17:12.324+0000] {logging_mixin.py:137} INFO - [2023-03-17T03:17:12.323+0000] {dag.py:2693} INFO - Sync 1 DAGs
[2023-03-17T03:17:12.362+0000] {logging_mixin.py:137} INFO - [2023-03-17T03:17:12.361+0000] {dag.py:3444} INFO - Setting next_dagrun for example_bash_operator to 2023-03-16T00:00:00+00:00, run_after=2023-03-17T00:00:00+00:00
[2023-03-17T03:17:12.387+0000] {processor.py:175} INFO - Processing /home/airflow/.local/lib/python3.7/site-packages/airflow/example_dags/example_bash_operator.py took 0.158 seconds
[2023-03-17T03:17:42.846+0000] {processor.py:153} INFO - Started process (PID=3129) to work on /home/airflow/.local/lib/python3.7/site-packages/airflow/example_dags/example_bash_operator.py
[2023-03-17T03:17:42.847+0000] {processor.py:743} INFO - Processing file /home/airflow/.local/lib/python3.7/site-packages/airflow/example_dags/example_bash_operator.py for tasks to queue
[2023-03-17T03:17:42.848+0000] {logging_mixin.py:137} INFO - [2023-03-17T03:17:42.848+0000] {dagbag.py:532} INFO - Filling up the DagBag from /home/airflow/.local/lib/python3.7/site-packages/airflow/example_dags/example_bash_operator.py
[2023-03-17T03:17:42.873+0000] {processor.py:753} INFO - DAG(s) dict_keys(['example_bash_operator']) retrieved from /home/airflow/.local/lib/python3.7/site-packages/airflow/example_dags/example_bash_operator.py
[2023-03-17T03:17:42.920+0000] {logging_mixin.py:137} INFO - [2023-03-17T03:17:42.920+0000] {dag.py:2693} INFO - Sync 1 DAGs
[2023-03-17T03:17:42.953+0000] {logging_mixin.py:137} INFO - [2023-03-17T03:17:42.952+0000] {dag.py:3444} INFO - Setting next_dagrun for example_bash_operator to 2023-03-16T00:00:00+00:00, run_after=2023-03-17T00:00:00+00:00
[2023-03-17T03:17:42.980+0000] {processor.py:175} INFO - Processing /home/airflow/.local/lib/python3.7/site-packages/airflow/example_dags/example_bash_operator.py took 0.138 seconds
[2023-03-17T03:18:13.240+0000] {processor.py:153} INFO - Started process (PID=3346) to work on /home/airflow/.local/lib/python3.7/site-packages/airflow/example_dags/example_bash_operator.py
[2023-03-17T03:18:13.241+0000] {processor.py:743} INFO - Processing file /home/airflow/.local/lib/python3.7/site-packages/airflow/example_dags/example_bash_operator.py for tasks to queue
[2023-03-17T03:18:13.242+0000] {logging_mixin.py:137} INFO - [2023-03-17T03:18:13.242+0000] {dagbag.py:532} INFO - Filling up the DagBag from /home/airflow/.local/lib/python3.7/site-packages/airflow/example_dags/example_bash_operator.py
[2023-03-17T03:18:13.269+0000] {processor.py:753} INFO - DAG(s) dict_keys(['example_bash_operator']) retrieved from /home/airflow/.local/lib/python3.7/site-packages/airflow/example_dags/example_bash_operator.py
[2023-03-17T03:18:13.313+0000] {logging_mixin.py:137} INFO - [2023-03-17T03:18:13.313+0000] {dag.py:2693} INFO - Sync 1 DAGs
[2023-03-17T03:18:13.348+0000] {logging_mixin.py:137} INFO - [2023-03-17T03:18:13.348+0000] {dag.py:3444} INFO - Setting next_dagrun for example_bash_operator to 2023-03-16T00:00:00+00:00, run_after=2023-03-17T00:00:00+00:00
[2023-03-17T03:18:13.375+0000] {processor.py:175} INFO - Processing /home/airflow/.local/lib/python3.7/site-packages/airflow/example_dags/example_bash_operator.py took 0.138 seconds
[2023-03-17T03:18:43.812+0000] {processor.py:153} INFO - Started process (PID=3564) to work on /home/airflow/.local/lib/python3.7/site-packages/airflow/example_dags/example_bash_operator.py
[2023-03-17T03:18:43.813+0000] {processor.py:743} INFO - Processing file /home/airflow/.local/lib/python3.7/site-packages/airflow/example_dags/example_bash_operator.py for tasks to queue
[2023-03-17T03:18:43.814+0000] {logging_mixin.py:137} INFO - [2023-03-17T03:18:43.813+0000] {dagbag.py:532} INFO - Filling up the DagBag from /home/airflow/.local/lib/python3.7/site-packages/airflow/example_dags/example_bash_operator.py
[2023-03-17T03:18:43.838+0000] {processor.py:753} INFO - DAG(s) dict_keys(['example_bash_operator']) retrieved from /home/airflow/.local/lib/python3.7/site-packages/airflow/example_dags/example_bash_operator.py
[2023-03-17T03:18:43.887+0000] {logging_mixin.py:137} INFO - [2023-03-17T03:18:43.887+0000] {dag.py:2693} INFO - Sync 1 DAGs
[2023-03-17T03:18:43.919+0000] {logging_mixin.py:137} INFO - [2023-03-17T03:18:43.919+0000] {dag.py:3444} INFO - Setting next_dagrun for example_bash_operator to 2023-03-16T00:00:00+00:00, run_after=2023-03-17T00:00:00+00:00
[2023-03-17T03:18:43.947+0000] {processor.py:175} INFO - Processing /home/airflow/.local/lib/python3.7/site-packages/airflow/example_dags/example_bash_operator.py took 0.138 seconds
[2023-03-17T03:19:14.403+0000] {processor.py:153} INFO - Started process (PID=3783) to work on /home/airflow/.local/lib/python3.7/site-packages/airflow/example_dags/example_bash_operator.py
[2023-03-17T03:19:14.405+0000] {processor.py:743} INFO - Processing file /home/airflow/.local/lib/python3.7/site-packages/airflow/example_dags/example_bash_operator.py for tasks to queue
[2023-03-17T03:19:14.406+0000] {logging_mixin.py:137} INFO - [2023-03-17T03:19:14.405+0000] {dagbag.py:532} INFO - Filling up the DagBag from /home/airflow/.local/lib/python3.7/site-packages/airflow/example_dags/example_bash_operator.py
[2023-03-17T03:19:14.430+0000] {processor.py:753} INFO - DAG(s) dict_keys(['example_bash_operator']) retrieved from /home/airflow/.local/lib/python3.7/site-packages/airflow/example_dags/example_bash_operator.py
[2023-03-17T03:19:14.480+0000] {logging_mixin.py:137} INFO - [2023-03-17T03:19:14.480+0000] {dag.py:2693} INFO - Sync 1 DAGs
[2023-03-17T03:19:14.513+0000] {logging_mixin.py:137} INFO - [2023-03-17T03:19:14.513+0000] {dag.py:3444} INFO - Setting next_dagrun for example_bash_operator to 2023-03-16T00:00:00+00:00, run_after=2023-03-17T00:00:00+00:00
[2023-03-17T03:19:14.542+0000] {processor.py:175} INFO - Processing /home/airflow/.local/lib/python3.7/site-packages/airflow/example_dags/example_bash_operator.py took 0.142 seconds
[2023-03-17T03:19:44.989+0000] {processor.py:153} INFO - Started process (PID=3998) to work on /home/airflow/.local/lib/python3.7/site-packages/airflow/example_dags/example_bash_operator.py
[2023-03-17T03:19:44.990+0000] {processor.py:743} INFO - Processing file /home/airflow/.local/lib/python3.7/site-packages/airflow/example_dags/example_bash_operator.py for tasks to queue
[2023-03-17T03:19:44.992+0000] {logging_mixin.py:137} INFO - [2023-03-17T03:19:44.991+0000] {dagbag.py:532} INFO - Filling up the DagBag from /home/airflow/.local/lib/python3.7/site-packages/airflow/example_dags/example_bash_operator.py
[2023-03-17T03:19:45.016+0000] {processor.py:753} INFO - DAG(s) dict_keys(['example_bash_operator']) retrieved from /home/airflow/.local/lib/python3.7/site-packages/airflow/example_dags/example_bash_operator.py
[2023-03-17T03:19:45.063+0000] {logging_mixin.py:137} INFO - [2023-03-17T03:19:45.063+0000] {dag.py:2693} INFO - Sync 1 DAGs
[2023-03-17T03:19:45.095+0000] {logging_mixin.py:137} INFO - [2023-03-17T03:19:45.094+0000] {dag.py:3444} INFO - Setting next_dagrun for example_bash_operator to 2023-03-16T00:00:00+00:00, run_after=2023-03-17T00:00:00+00:00
[2023-03-17T03:19:45.122+0000] {processor.py:175} INFO - Processing /home/airflow/.local/lib/python3.7/site-packages/airflow/example_dags/example_bash_operator.py took 0.137 seconds
[2023-03-17T03:20:15.327+0000] {processor.py:153} INFO - Started process (PID=4215) to work on /home/airflow/.local/lib/python3.7/site-packages/airflow/example_dags/example_bash_operator.py
[2023-03-17T03:20:15.328+0000] {processor.py:743} INFO - Processing file /home/airflow/.local/lib/python3.7/site-packages/airflow/example_dags/example_bash_operator.py for tasks to queue
[2023-03-17T03:20:15.329+0000] {logging_mixin.py:137} INFO - [2023-03-17T03:20:15.329+0000] {dagbag.py:532} INFO - Filling up the DagBag from /home/airflow/.local/lib/python3.7/site-packages/airflow/example_dags/example_bash_operator.py
[2023-03-17T03:20:15.357+0000] {processor.py:753} INFO - DAG(s) dict_keys(['example_bash_operator']) retrieved from /home/airflow/.local/lib/python3.7/site-packages/airflow/example_dags/example_bash_operator.py
[2023-03-17T03:20:15.406+0000] {logging_mixin.py:137} INFO - [2023-03-17T03:20:15.406+0000] {dag.py:2693} INFO - Sync 1 DAGs
[2023-03-17T03:20:15.440+0000] {logging_mixin.py:137} INFO - [2023-03-17T03:20:15.440+0000] {dag.py:3444} INFO - Setting next_dagrun for example_bash_operator to 2023-03-16T00:00:00+00:00, run_after=2023-03-17T00:00:00+00:00
[2023-03-17T03:20:15.465+0000] {processor.py:175} INFO - Processing /home/airflow/.local/lib/python3.7/site-packages/airflow/example_dags/example_bash_operator.py took 0.142 seconds
[2023-03-17T03:20:45.766+0000] {processor.py:153} INFO - Started process (PID=4432) to work on /home/airflow/.local/lib/python3.7/site-packages/airflow/example_dags/example_bash_operator.py
[2023-03-17T03:20:45.767+0000] {processor.py:743} INFO - Processing file /home/airflow/.local/lib/python3.7/site-packages/airflow/example_dags/example_bash_operator.py for tasks to queue
[2023-03-17T03:20:45.768+0000] {logging_mixin.py:137} INFO - [2023-03-17T03:20:45.768+0000] {dagbag.py:532} INFO - Filling up the DagBag from /home/airflow/.local/lib/python3.7/site-packages/airflow/example_dags/example_bash_operator.py
[2023-03-17T03:20:45.792+0000] {processor.py:753} INFO - DAG(s) dict_keys(['example_bash_operator']) retrieved from /home/airflow/.local/lib/python3.7/site-packages/airflow/example_dags/example_bash_operator.py
[2023-03-17T03:20:45.841+0000] {logging_mixin.py:137} INFO - [2023-03-17T03:20:45.841+0000] {dag.py:2693} INFO - Sync 1 DAGs
[2023-03-17T03:20:45.874+0000] {logging_mixin.py:137} INFO - [2023-03-17T03:20:45.874+0000] {dag.py:3444} INFO - Setting next_dagrun for example_bash_operator to 2023-03-16T00:00:00+00:00, run_after=2023-03-17T00:00:00+00:00
[2023-03-17T03:20:45.905+0000] {processor.py:175} INFO - Processing /home/airflow/.local/lib/python3.7/site-packages/airflow/example_dags/example_bash_operator.py took 0.143 seconds
[2023-03-17T03:21:16.444+0000] {processor.py:153} INFO - Started process (PID=4651) to work on /home/airflow/.local/lib/python3.7/site-packages/airflow/example_dags/example_bash_operator.py
[2023-03-17T03:21:16.445+0000] {processor.py:743} INFO - Processing file /home/airflow/.local/lib/python3.7/site-packages/airflow/example_dags/example_bash_operator.py for tasks to queue
[2023-03-17T03:21:16.446+0000] {logging_mixin.py:137} INFO - [2023-03-17T03:21:16.446+0000] {dagbag.py:532} INFO - Filling up the DagBag from /home/airflow/.local/lib/python3.7/site-packages/airflow/example_dags/example_bash_operator.py
[2023-03-17T03:21:16.471+0000] {processor.py:753} INFO - DAG(s) dict_keys(['example_bash_operator']) retrieved from /home/airflow/.local/lib/python3.7/site-packages/airflow/example_dags/example_bash_operator.py
[2023-03-17T03:21:16.518+0000] {logging_mixin.py:137} INFO - [2023-03-17T03:21:16.518+0000] {dag.py:2693} INFO - Sync 1 DAGs
[2023-03-17T03:21:16.551+0000] {logging_mixin.py:137} INFO - [2023-03-17T03:21:16.551+0000] {dag.py:3444} INFO - Setting next_dagrun for example_bash_operator to 2023-03-16T00:00:00+00:00, run_after=2023-03-17T00:00:00+00:00
[2023-03-17T03:21:16.577+0000] {processor.py:175} INFO - Processing /home/airflow/.local/lib/python3.7/site-packages/airflow/example_dags/example_bash_operator.py took 0.137 seconds
[2023-03-17T03:21:47.080+0000] {processor.py:153} INFO - Started process (PID=4866) to work on /home/airflow/.local/lib/python3.7/site-packages/airflow/example_dags/example_bash_operator.py
[2023-03-17T03:21:47.082+0000] {processor.py:743} INFO - Processing file /home/airflow/.local/lib/python3.7/site-packages/airflow/example_dags/example_bash_operator.py for tasks to queue
[2023-03-17T03:21:47.083+0000] {logging_mixin.py:137} INFO - [2023-03-17T03:21:47.083+0000] {dagbag.py:532} INFO - Filling up the DagBag from /home/airflow/.local/lib/python3.7/site-packages/airflow/example_dags/example_bash_operator.py
[2023-03-17T03:21:47.114+0000] {processor.py:753} INFO - DAG(s) dict_keys(['example_bash_operator']) retrieved from /home/airflow/.local/lib/python3.7/site-packages/airflow/example_dags/example_bash_operator.py
[2023-03-17T03:21:47.161+0000] {logging_mixin.py:137} INFO - [2023-03-17T03:21:47.161+0000] {dag.py:2693} INFO - Sync 1 DAGs
[2023-03-17T03:21:47.197+0000] {logging_mixin.py:137} INFO - [2023-03-17T03:21:47.197+0000] {dag.py:3444} INFO - Setting next_dagrun for example_bash_operator to 2023-03-16T00:00:00+00:00, run_after=2023-03-17T00:00:00+00:00
[2023-03-17T03:21:47.221+0000] {processor.py:175} INFO - Processing /home/airflow/.local/lib/python3.7/site-packages/airflow/example_dags/example_bash_operator.py took 0.145 seconds
[2023-03-17T03:22:17.565+0000] {processor.py:153} INFO - Started process (PID=5085) to work on /home/airflow/.local/lib/python3.7/site-packages/airflow/example_dags/example_bash_operator.py
[2023-03-17T03:22:17.566+0000] {processor.py:743} INFO - Processing file /home/airflow/.local/lib/python3.7/site-packages/airflow/example_dags/example_bash_operator.py for tasks to queue
[2023-03-17T03:22:17.567+0000] {logging_mixin.py:137} INFO - [2023-03-17T03:22:17.567+0000] {dagbag.py:532} INFO - Filling up the DagBag from /home/airflow/.local/lib/python3.7/site-packages/airflow/example_dags/example_bash_operator.py
[2023-03-17T03:22:17.592+0000] {processor.py:753} INFO - DAG(s) dict_keys(['example_bash_operator']) retrieved from /home/airflow/.local/lib/python3.7/site-packages/airflow/example_dags/example_bash_operator.py
[2023-03-17T03:22:17.640+0000] {logging_mixin.py:137} INFO - [2023-03-17T03:22:17.640+0000] {dag.py:2693} INFO - Sync 1 DAGs
[2023-03-17T03:22:17.671+0000] {logging_mixin.py:137} INFO - [2023-03-17T03:22:17.671+0000] {dag.py:3444} INFO - Setting next_dagrun for example_bash_operator to 2023-03-16T00:00:00+00:00, run_after=2023-03-17T00:00:00+00:00
[2023-03-17T03:22:17.696+0000] {processor.py:175} INFO - Processing /home/airflow/.local/lib/python3.7/site-packages/airflow/example_dags/example_bash_operator.py took 0.134 seconds
[2023-03-17T03:22:47.861+0000] {processor.py:153} INFO - Started process (PID=5300) to work on /home/airflow/.local/lib/python3.7/site-packages/airflow/example_dags/example_bash_operator.py
[2023-03-17T03:22:47.862+0000] {processor.py:743} INFO - Processing file /home/airflow/.local/lib/python3.7/site-packages/airflow/example_dags/example_bash_operator.py for tasks to queue
[2023-03-17T03:22:47.863+0000] {logging_mixin.py:137} INFO - [2023-03-17T03:22:47.863+0000] {dagbag.py:532} INFO - Filling up the DagBag from /home/airflow/.local/lib/python3.7/site-packages/airflow/example_dags/example_bash_operator.py
[2023-03-17T03:22:47.888+0000] {processor.py:753} INFO - DAG(s) dict_keys(['example_bash_operator']) retrieved from /home/airflow/.local/lib/python3.7/site-packages/airflow/example_dags/example_bash_operator.py
[2023-03-17T03:22:47.935+0000] {logging_mixin.py:137} INFO - [2023-03-17T03:22:47.935+0000] {dag.py:2693} INFO - Sync 1 DAGs
[2023-03-17T03:22:47.968+0000] {logging_mixin.py:137} INFO - [2023-03-17T03:22:47.967+0000] {dag.py:3444} INFO - Setting next_dagrun for example_bash_operator to 2023-03-16T00:00:00+00:00, run_after=2023-03-17T00:00:00+00:00
[2023-03-17T03:22:47.994+0000] {processor.py:175} INFO - Processing /home/airflow/.local/lib/python3.7/site-packages/airflow/example_dags/example_bash_operator.py took 0.138 seconds
[2023-03-17T03:23:18.395+0000] {processor.py:153} INFO - Started process (PID=5518) to work on /home/airflow/.local/lib/python3.7/site-packages/airflow/example_dags/example_bash_operator.py
[2023-03-17T03:23:18.396+0000] {processor.py:743} INFO - Processing file /home/airflow/.local/lib/python3.7/site-packages/airflow/example_dags/example_bash_operator.py for tasks to queue
[2023-03-17T03:23:18.397+0000] {logging_mixin.py:137} INFO - [2023-03-17T03:23:18.397+0000] {dagbag.py:532} INFO - Filling up the DagBag from /home/airflow/.local/lib/python3.7/site-packages/airflow/example_dags/example_bash_operator.py
[2023-03-17T03:23:18.428+0000] {processor.py:753} INFO - DAG(s) dict_keys(['example_bash_operator']) retrieved from /home/airflow/.local/lib/python3.7/site-packages/airflow/example_dags/example_bash_operator.py
[2023-03-17T03:23:18.476+0000] {logging_mixin.py:137} INFO - [2023-03-17T03:23:18.476+0000] {dag.py:2693} INFO - Sync 1 DAGs
[2023-03-17T03:23:18.510+0000] {logging_mixin.py:137} INFO - [2023-03-17T03:23:18.510+0000] {dag.py:3444} INFO - Setting next_dagrun for example_bash_operator to 2023-03-16T00:00:00+00:00, run_after=2023-03-17T00:00:00+00:00
[2023-03-17T03:23:18.538+0000] {processor.py:175} INFO - Processing /home/airflow/.local/lib/python3.7/site-packages/airflow/example_dags/example_bash_operator.py took 0.148 seconds
[2023-03-17T03:23:48.786+0000] {processor.py:153} INFO - Started process (PID=5735) to work on /home/airflow/.local/lib/python3.7/site-packages/airflow/example_dags/example_bash_operator.py
[2023-03-17T03:23:48.787+0000] {processor.py:743} INFO - Processing file /home/airflow/.local/lib/python3.7/site-packages/airflow/example_dags/example_bash_operator.py for tasks to queue
[2023-03-17T03:23:48.788+0000] {logging_mixin.py:137} INFO - [2023-03-17T03:23:48.788+0000] {dagbag.py:532} INFO - Filling up the DagBag from /home/airflow/.local/lib/python3.7/site-packages/airflow/example_dags/example_bash_operator.py
[2023-03-17T03:23:48.819+0000] {processor.py:753} INFO - DAG(s) dict_keys(['example_bash_operator']) retrieved from /home/airflow/.local/lib/python3.7/site-packages/airflow/example_dags/example_bash_operator.py
[2023-03-17T03:23:48.867+0000] {logging_mixin.py:137} INFO - [2023-03-17T03:23:48.867+0000] {dag.py:2693} INFO - Sync 1 DAGs
[2023-03-17T03:23:48.901+0000] {logging_mixin.py:137} INFO - [2023-03-17T03:23:48.901+0000] {dag.py:3444} INFO - Setting next_dagrun for example_bash_operator to 2023-03-16T00:00:00+00:00, run_after=2023-03-17T00:00:00+00:00
[2023-03-17T03:23:48.928+0000] {processor.py:175} INFO - Processing /home/airflow/.local/lib/python3.7/site-packages/airflow/example_dags/example_bash_operator.py took 0.146 seconds
[2023-03-17T03:24:19.090+0000] {processor.py:153} INFO - Started process (PID=5952) to work on /home/airflow/.local/lib/python3.7/site-packages/airflow/example_dags/example_bash_operator.py
[2023-03-17T03:24:19.091+0000] {processor.py:743} INFO - Processing file /home/airflow/.local/lib/python3.7/site-packages/airflow/example_dags/example_bash_operator.py for tasks to queue
[2023-03-17T03:24:19.093+0000] {logging_mixin.py:137} INFO - [2023-03-17T03:24:19.092+0000] {dagbag.py:532} INFO - Filling up the DagBag from /home/airflow/.local/lib/python3.7/site-packages/airflow/example_dags/example_bash_operator.py
[2023-03-17T03:24:19.120+0000] {processor.py:753} INFO - DAG(s) dict_keys(['example_bash_operator']) retrieved from /home/airflow/.local/lib/python3.7/site-packages/airflow/example_dags/example_bash_operator.py
[2023-03-17T03:24:19.177+0000] {logging_mixin.py:137} INFO - [2023-03-17T03:24:19.177+0000] {dag.py:2693} INFO - Sync 1 DAGs
[2023-03-17T03:24:19.208+0000] {logging_mixin.py:137} INFO - [2023-03-17T03:24:19.208+0000] {dag.py:3444} INFO - Setting next_dagrun for example_bash_operator to 2023-03-16T00:00:00+00:00, run_after=2023-03-17T00:00:00+00:00
[2023-03-17T03:24:19.235+0000] {processor.py:175} INFO - Processing /home/airflow/.local/lib/python3.7/site-packages/airflow/example_dags/example_bash_operator.py took 0.149 seconds
[2023-03-17T03:24:49.594+0000] {processor.py:153} INFO - Started process (PID=6169) to work on /home/airflow/.local/lib/python3.7/site-packages/airflow/example_dags/example_bash_operator.py
[2023-03-17T03:24:49.595+0000] {processor.py:743} INFO - Processing file /home/airflow/.local/lib/python3.7/site-packages/airflow/example_dags/example_bash_operator.py for tasks to queue
[2023-03-17T03:24:49.597+0000] {logging_mixin.py:137} INFO - [2023-03-17T03:24:49.596+0000] {dagbag.py:532} INFO - Filling up the DagBag from /home/airflow/.local/lib/python3.7/site-packages/airflow/example_dags/example_bash_operator.py
[2023-03-17T03:24:49.621+0000] {processor.py:753} INFO - DAG(s) dict_keys(['example_bash_operator']) retrieved from /home/airflow/.local/lib/python3.7/site-packages/airflow/example_dags/example_bash_operator.py
[2023-03-17T03:24:49.672+0000] {logging_mixin.py:137} INFO - [2023-03-17T03:24:49.672+0000] {dag.py:2693} INFO - Sync 1 DAGs
[2023-03-17T03:24:49.710+0000] {logging_mixin.py:137} INFO - [2023-03-17T03:24:49.710+0000] {dag.py:3444} INFO - Setting next_dagrun for example_bash_operator to 2023-03-16T00:00:00+00:00, run_after=2023-03-17T00:00:00+00:00
[2023-03-17T03:24:49.737+0000] {processor.py:175} INFO - Processing /home/airflow/.local/lib/python3.7/site-packages/airflow/example_dags/example_bash_operator.py took 0.146 seconds
[2023-03-17T03:25:19.955+0000] {processor.py:153} INFO - Started process (PID=6386) to work on /home/airflow/.local/lib/python3.7/site-packages/airflow/example_dags/example_bash_operator.py
[2023-03-17T03:25:19.956+0000] {processor.py:743} INFO - Processing file /home/airflow/.local/lib/python3.7/site-packages/airflow/example_dags/example_bash_operator.py for tasks to queue
[2023-03-17T03:25:19.957+0000] {logging_mixin.py:137} INFO - [2023-03-17T03:25:19.957+0000] {dagbag.py:532} INFO - Filling up the DagBag from /home/airflow/.local/lib/python3.7/site-packages/airflow/example_dags/example_bash_operator.py
[2023-03-17T03:25:19.983+0000] {processor.py:753} INFO - DAG(s) dict_keys(['example_bash_operator']) retrieved from /home/airflow/.local/lib/python3.7/site-packages/airflow/example_dags/example_bash_operator.py
[2023-03-17T03:25:20.030+0000] {logging_mixin.py:137} INFO - [2023-03-17T03:25:20.030+0000] {dag.py:2693} INFO - Sync 1 DAGs
[2023-03-17T03:25:20.064+0000] {logging_mixin.py:137} INFO - [2023-03-17T03:25:20.064+0000] {dag.py:3444} INFO - Setting next_dagrun for example_bash_operator to 2023-03-16T00:00:00+00:00, run_after=2023-03-17T00:00:00+00:00
[2023-03-17T03:25:20.089+0000] {processor.py:175} INFO - Processing /home/airflow/.local/lib/python3.7/site-packages/airflow/example_dags/example_bash_operator.py took 0.138 seconds
[2023-03-17T03:25:50.398+0000] {processor.py:153} INFO - Started process (PID=6603) to work on /home/airflow/.local/lib/python3.7/site-packages/airflow/example_dags/example_bash_operator.py
[2023-03-17T03:25:50.399+0000] {processor.py:743} INFO - Processing file /home/airflow/.local/lib/python3.7/site-packages/airflow/example_dags/example_bash_operator.py for tasks to queue
[2023-03-17T03:25:50.400+0000] {logging_mixin.py:137} INFO - [2023-03-17T03:25:50.400+0000] {dagbag.py:532} INFO - Filling up the DagBag from /home/airflow/.local/lib/python3.7/site-packages/airflow/example_dags/example_bash_operator.py
[2023-03-17T03:25:50.425+0000] {processor.py:753} INFO - DAG(s) dict_keys(['example_bash_operator']) retrieved from /home/airflow/.local/lib/python3.7/site-packages/airflow/example_dags/example_bash_operator.py
[2023-03-17T03:25:50.474+0000] {logging_mixin.py:137} INFO - [2023-03-17T03:25:50.473+0000] {dag.py:2693} INFO - Sync 1 DAGs
[2023-03-17T03:25:50.508+0000] {logging_mixin.py:137} INFO - [2023-03-17T03:25:50.508+0000] {dag.py:3444} INFO - Setting next_dagrun for example_bash_operator to 2023-03-16T00:00:00+00:00, run_after=2023-03-17T00:00:00+00:00
[2023-03-17T03:25:50.535+0000] {processor.py:175} INFO - Processing /home/airflow/.local/lib/python3.7/site-packages/airflow/example_dags/example_bash_operator.py took 0.141 seconds
[2023-03-17T03:26:21.002+0000] {processor.py:153} INFO - Started process (PID=6820) to work on /home/airflow/.local/lib/python3.7/site-packages/airflow/example_dags/example_bash_operator.py
[2023-03-17T03:26:21.004+0000] {processor.py:743} INFO - Processing file /home/airflow/.local/lib/python3.7/site-packages/airflow/example_dags/example_bash_operator.py for tasks to queue
[2023-03-17T03:26:21.005+0000] {logging_mixin.py:137} INFO - [2023-03-17T03:26:21.005+0000] {dagbag.py:532} INFO - Filling up the DagBag from /home/airflow/.local/lib/python3.7/site-packages/airflow/example_dags/example_bash_operator.py
[2023-03-17T03:26:21.039+0000] {processor.py:753} INFO - DAG(s) dict_keys(['example_bash_operator']) retrieved from /home/airflow/.local/lib/python3.7/site-packages/airflow/example_dags/example_bash_operator.py
[2023-03-17T03:26:21.086+0000] {logging_mixin.py:137} INFO - [2023-03-17T03:26:21.086+0000] {dag.py:2693} INFO - Sync 1 DAGs
[2023-03-17T03:26:21.125+0000] {logging_mixin.py:137} INFO - [2023-03-17T03:26:21.125+0000] {dag.py:3444} INFO - Setting next_dagrun for example_bash_operator to 2023-03-16T00:00:00+00:00, run_after=2023-03-17T00:00:00+00:00
[2023-03-17T03:26:21.151+0000] {processor.py:175} INFO - Processing /home/airflow/.local/lib/python3.7/site-packages/airflow/example_dags/example_bash_operator.py took 0.154 seconds
[2023-03-17T03:26:51.356+0000] {processor.py:153} INFO - Started process (PID=7037) to work on /home/airflow/.local/lib/python3.7/site-packages/airflow/example_dags/example_bash_operator.py
[2023-03-17T03:26:51.357+0000] {processor.py:743} INFO - Processing file /home/airflow/.local/lib/python3.7/site-packages/airflow/example_dags/example_bash_operator.py for tasks to queue
[2023-03-17T03:26:51.358+0000] {logging_mixin.py:137} INFO - [2023-03-17T03:26:51.358+0000] {dagbag.py:532} INFO - Filling up the DagBag from /home/airflow/.local/lib/python3.7/site-packages/airflow/example_dags/example_bash_operator.py
[2023-03-17T03:26:51.384+0000] {processor.py:753} INFO - DAG(s) dict_keys(['example_bash_operator']) retrieved from /home/airflow/.local/lib/python3.7/site-packages/airflow/example_dags/example_bash_operator.py
[2023-03-17T03:26:51.431+0000] {logging_mixin.py:137} INFO - [2023-03-17T03:26:51.430+0000] {dag.py:2693} INFO - Sync 1 DAGs
[2023-03-17T03:26:51.464+0000] {logging_mixin.py:137} INFO - [2023-03-17T03:26:51.464+0000] {dag.py:3444} INFO - Setting next_dagrun for example_bash_operator to 2023-03-16T00:00:00+00:00, run_after=2023-03-17T00:00:00+00:00
[2023-03-17T03:26:51.491+0000] {processor.py:175} INFO - Processing /home/airflow/.local/lib/python3.7/site-packages/airflow/example_dags/example_bash_operator.py took 0.139 seconds
[2023-03-17T03:27:21.751+0000] {processor.py:153} INFO - Started process (PID=7254) to work on /home/airflow/.local/lib/python3.7/site-packages/airflow/example_dags/example_bash_operator.py
[2023-03-17T03:27:21.752+0000] {processor.py:743} INFO - Processing file /home/airflow/.local/lib/python3.7/site-packages/airflow/example_dags/example_bash_operator.py for tasks to queue
[2023-03-17T03:27:21.753+0000] {logging_mixin.py:137} INFO - [2023-03-17T03:27:21.753+0000] {dagbag.py:532} INFO - Filling up the DagBag from /home/airflow/.local/lib/python3.7/site-packages/airflow/example_dags/example_bash_operator.py
[2023-03-17T03:27:21.778+0000] {processor.py:753} INFO - DAG(s) dict_keys(['example_bash_operator']) retrieved from /home/airflow/.local/lib/python3.7/site-packages/airflow/example_dags/example_bash_operator.py
[2023-03-17T03:27:21.826+0000] {logging_mixin.py:137} INFO - [2023-03-17T03:27:21.826+0000] {dag.py:2693} INFO - Sync 1 DAGs
[2023-03-17T03:27:21.861+0000] {logging_mixin.py:137} INFO - [2023-03-17T03:27:21.861+0000] {dag.py:3444} INFO - Setting next_dagrun for example_bash_operator to 2023-03-16T00:00:00+00:00, run_after=2023-03-17T00:00:00+00:00
[2023-03-17T03:27:21.888+0000] {processor.py:175} INFO - Processing /home/airflow/.local/lib/python3.7/site-packages/airflow/example_dags/example_bash_operator.py took 0.141 seconds
[2023-03-17T03:27:52.154+0000] {processor.py:153} INFO - Started process (PID=7471) to work on /home/airflow/.local/lib/python3.7/site-packages/airflow/example_dags/example_bash_operator.py
[2023-03-17T03:27:52.155+0000] {processor.py:743} INFO - Processing file /home/airflow/.local/lib/python3.7/site-packages/airflow/example_dags/example_bash_operator.py for tasks to queue
[2023-03-17T03:27:52.156+0000] {logging_mixin.py:137} INFO - [2023-03-17T03:27:52.156+0000] {dagbag.py:532} INFO - Filling up the DagBag from /home/airflow/.local/lib/python3.7/site-packages/airflow/example_dags/example_bash_operator.py
[2023-03-17T03:27:52.181+0000] {processor.py:753} INFO - DAG(s) dict_keys(['example_bash_operator']) retrieved from /home/airflow/.local/lib/python3.7/site-packages/airflow/example_dags/example_bash_operator.py
[2023-03-17T03:27:52.228+0000] {logging_mixin.py:137} INFO - [2023-03-17T03:27:52.227+0000] {dag.py:2693} INFO - Sync 1 DAGs
[2023-03-17T03:27:52.263+0000] {logging_mixin.py:137} INFO - [2023-03-17T03:27:52.263+0000] {dag.py:3444} INFO - Setting next_dagrun for example_bash_operator to 2023-03-16T00:00:00+00:00, run_after=2023-03-17T00:00:00+00:00
[2023-03-17T03:27:52.289+0000] {processor.py:175} INFO - Processing /home/airflow/.local/lib/python3.7/site-packages/airflow/example_dags/example_bash_operator.py took 0.139 seconds
[2023-03-17T03:28:22.478+0000] {processor.py:153} INFO - Started process (PID=7688) to work on /home/airflow/.local/lib/python3.7/site-packages/airflow/example_dags/example_bash_operator.py
[2023-03-17T03:28:22.479+0000] {processor.py:743} INFO - Processing file /home/airflow/.local/lib/python3.7/site-packages/airflow/example_dags/example_bash_operator.py for tasks to queue
[2023-03-17T03:28:22.480+0000] {logging_mixin.py:137} INFO - [2023-03-17T03:28:22.480+0000] {dagbag.py:532} INFO - Filling up the DagBag from /home/airflow/.local/lib/python3.7/site-packages/airflow/example_dags/example_bash_operator.py
[2023-03-17T03:28:22.505+0000] {processor.py:753} INFO - DAG(s) dict_keys(['example_bash_operator']) retrieved from /home/airflow/.local/lib/python3.7/site-packages/airflow/example_dags/example_bash_operator.py
[2023-03-17T03:28:22.555+0000] {logging_mixin.py:137} INFO - [2023-03-17T03:28:22.555+0000] {dag.py:2693} INFO - Sync 1 DAGs
[2023-03-17T03:28:22.588+0000] {logging_mixin.py:137} INFO - [2023-03-17T03:28:22.587+0000] {dag.py:3444} INFO - Setting next_dagrun for example_bash_operator to 2023-03-16T00:00:00+00:00, run_after=2023-03-17T00:00:00+00:00
[2023-03-17T03:28:22.614+0000] {processor.py:175} INFO - Processing /home/airflow/.local/lib/python3.7/site-packages/airflow/example_dags/example_bash_operator.py took 0.141 seconds
[2023-03-17T03:28:52.948+0000] {processor.py:153} INFO - Started process (PID=7905) to work on /home/airflow/.local/lib/python3.7/site-packages/airflow/example_dags/example_bash_operator.py
[2023-03-17T03:28:52.949+0000] {processor.py:743} INFO - Processing file /home/airflow/.local/lib/python3.7/site-packages/airflow/example_dags/example_bash_operator.py for tasks to queue
[2023-03-17T03:28:52.950+0000] {logging_mixin.py:137} INFO - [2023-03-17T03:28:52.950+0000] {dagbag.py:532} INFO - Filling up the DagBag from /home/airflow/.local/lib/python3.7/site-packages/airflow/example_dags/example_bash_operator.py
[2023-03-17T03:28:52.975+0000] {processor.py:753} INFO - DAG(s) dict_keys(['example_bash_operator']) retrieved from /home/airflow/.local/lib/python3.7/site-packages/airflow/example_dags/example_bash_operator.py
[2023-03-17T03:28:53.022+0000] {logging_mixin.py:137} INFO - [2023-03-17T03:28:53.022+0000] {dag.py:2693} INFO - Sync 1 DAGs
[2023-03-17T03:28:53.057+0000] {logging_mixin.py:137} INFO - [2023-03-17T03:28:53.057+0000] {dag.py:3444} INFO - Setting next_dagrun for example_bash_operator to 2023-03-16T00:00:00+00:00, run_after=2023-03-17T00:00:00+00:00
[2023-03-17T03:28:53.082+0000] {processor.py:175} INFO - Processing /home/airflow/.local/lib/python3.7/site-packages/airflow/example_dags/example_bash_operator.py took 0.138 seconds
[2023-03-17T03:29:23.370+0000] {processor.py:153} INFO - Started process (PID=8123) to work on /home/airflow/.local/lib/python3.7/site-packages/airflow/example_dags/example_bash_operator.py
[2023-03-17T03:29:23.371+0000] {processor.py:743} INFO - Processing file /home/airflow/.local/lib/python3.7/site-packages/airflow/example_dags/example_bash_operator.py for tasks to queue
[2023-03-17T03:29:23.372+0000] {logging_mixin.py:137} INFO - [2023-03-17T03:29:23.372+0000] {dagbag.py:532} INFO - Filling up the DagBag from /home/airflow/.local/lib/python3.7/site-packages/airflow/example_dags/example_bash_operator.py
[2023-03-17T03:29:23.403+0000] {processor.py:753} INFO - DAG(s) dict_keys(['example_bash_operator']) retrieved from /home/airflow/.local/lib/python3.7/site-packages/airflow/example_dags/example_bash_operator.py
[2023-03-17T03:29:23.450+0000] {logging_mixin.py:137} INFO - [2023-03-17T03:29:23.450+0000] {dag.py:2693} INFO - Sync 1 DAGs
[2023-03-17T03:29:23.485+0000] {logging_mixin.py:137} INFO - [2023-03-17T03:29:23.484+0000] {dag.py:3444} INFO - Setting next_dagrun for example_bash_operator to 2023-03-16T00:00:00+00:00, run_after=2023-03-17T00:00:00+00:00
[2023-03-17T03:29:23.512+0000] {processor.py:175} INFO - Processing /home/airflow/.local/lib/python3.7/site-packages/airflow/example_dags/example_bash_operator.py took 0.145 seconds
[2023-03-17T03:29:53.671+0000] {processor.py:153} INFO - Started process (PID=8340) to work on /home/airflow/.local/lib/python3.7/site-packages/airflow/example_dags/example_bash_operator.py
[2023-03-17T03:29:53.672+0000] {processor.py:743} INFO - Processing file /home/airflow/.local/lib/python3.7/site-packages/airflow/example_dags/example_bash_operator.py for tasks to queue
[2023-03-17T03:29:53.673+0000] {logging_mixin.py:137} INFO - [2023-03-17T03:29:53.673+0000] {dagbag.py:532} INFO - Filling up the DagBag from /home/airflow/.local/lib/python3.7/site-packages/airflow/example_dags/example_bash_operator.py
[2023-03-17T03:29:53.701+0000] {processor.py:753} INFO - DAG(s) dict_keys(['example_bash_operator']) retrieved from /home/airflow/.local/lib/python3.7/site-packages/airflow/example_dags/example_bash_operator.py
[2023-03-17T03:29:53.751+0000] {logging_mixin.py:137} INFO - [2023-03-17T03:29:53.751+0000] {dag.py:2693} INFO - Sync 1 DAGs
[2023-03-17T03:29:53.787+0000] {logging_mixin.py:137} INFO - [2023-03-17T03:29:53.787+0000] {dag.py:3444} INFO - Setting next_dagrun for example_bash_operator to 2023-03-16T00:00:00+00:00, run_after=2023-03-17T00:00:00+00:00
[2023-03-17T03:29:53.814+0000] {processor.py:175} INFO - Processing /home/airflow/.local/lib/python3.7/site-packages/airflow/example_dags/example_bash_operator.py took 0.147 seconds
[2023-03-17T03:30:24.282+0000] {processor.py:153} INFO - Started process (PID=8557) to work on /home/airflow/.local/lib/python3.7/site-packages/airflow/example_dags/example_bash_operator.py
[2023-03-17T03:30:24.283+0000] {processor.py:743} INFO - Processing file /home/airflow/.local/lib/python3.7/site-packages/airflow/example_dags/example_bash_operator.py for tasks to queue
[2023-03-17T03:30:24.284+0000] {logging_mixin.py:137} INFO - [2023-03-17T03:30:24.284+0000] {dagbag.py:532} INFO - Filling up the DagBag from /home/airflow/.local/lib/python3.7/site-packages/airflow/example_dags/example_bash_operator.py
[2023-03-17T03:30:24.312+0000] {processor.py:753} INFO - DAG(s) dict_keys(['example_bash_operator']) retrieved from /home/airflow/.local/lib/python3.7/site-packages/airflow/example_dags/example_bash_operator.py
[2023-03-17T03:30:24.360+0000] {logging_mixin.py:137} INFO - [2023-03-17T03:30:24.360+0000] {dag.py:2693} INFO - Sync 1 DAGs
[2023-03-17T03:30:24.390+0000] {logging_mixin.py:137} INFO - [2023-03-17T03:30:24.390+0000] {dag.py:3444} INFO - Setting next_dagrun for example_bash_operator to 2023-03-16T00:00:00+00:00, run_after=2023-03-17T00:00:00+00:00
[2023-03-17T03:30:24.461+0000] {processor.py:175} INFO - Processing /home/airflow/.local/lib/python3.7/site-packages/airflow/example_dags/example_bash_operator.py took 0.182 seconds
[2023-03-17T03:30:54.788+0000] {processor.py:153} INFO - Started process (PID=8774) to work on /home/airflow/.local/lib/python3.7/site-packages/airflow/example_dags/example_bash_operator.py
[2023-03-17T03:30:54.789+0000] {processor.py:743} INFO - Processing file /home/airflow/.local/lib/python3.7/site-packages/airflow/example_dags/example_bash_operator.py for tasks to queue
[2023-03-17T03:30:54.790+0000] {logging_mixin.py:137} INFO - [2023-03-17T03:30:54.790+0000] {dagbag.py:532} INFO - Filling up the DagBag from /home/airflow/.local/lib/python3.7/site-packages/airflow/example_dags/example_bash_operator.py
[2023-03-17T03:30:54.815+0000] {processor.py:753} INFO - DAG(s) dict_keys(['example_bash_operator']) retrieved from /home/airflow/.local/lib/python3.7/site-packages/airflow/example_dags/example_bash_operator.py
[2023-03-17T03:30:54.861+0000] {logging_mixin.py:137} INFO - [2023-03-17T03:30:54.861+0000] {dag.py:2693} INFO - Sync 1 DAGs
[2023-03-17T03:30:54.900+0000] {logging_mixin.py:137} INFO - [2023-03-17T03:30:54.900+0000] {dag.py:3444} INFO - Setting next_dagrun for example_bash_operator to 2023-03-16T00:00:00+00:00, run_after=2023-03-17T00:00:00+00:00
[2023-03-17T03:30:54.925+0000] {processor.py:175} INFO - Processing /home/airflow/.local/lib/python3.7/site-packages/airflow/example_dags/example_bash_operator.py took 0.141 seconds
[2023-03-17T03:31:25.101+0000] {processor.py:153} INFO - Started process (PID=8991) to work on /home/airflow/.local/lib/python3.7/site-packages/airflow/example_dags/example_bash_operator.py
[2023-03-17T03:31:25.102+0000] {processor.py:743} INFO - Processing file /home/airflow/.local/lib/python3.7/site-packages/airflow/example_dags/example_bash_operator.py for tasks to queue
[2023-03-17T03:31:25.103+0000] {logging_mixin.py:137} INFO - [2023-03-17T03:31:25.103+0000] {dagbag.py:532} INFO - Filling up the DagBag from /home/airflow/.local/lib/python3.7/site-packages/airflow/example_dags/example_bash_operator.py
[2023-03-17T03:31:25.129+0000] {processor.py:753} INFO - DAG(s) dict_keys(['example_bash_operator']) retrieved from /home/airflow/.local/lib/python3.7/site-packages/airflow/example_dags/example_bash_operator.py
[2023-03-17T03:31:25.177+0000] {logging_mixin.py:137} INFO - [2023-03-17T03:31:25.177+0000] {dag.py:2693} INFO - Sync 1 DAGs
[2023-03-17T03:31:25.213+0000] {logging_mixin.py:137} INFO - [2023-03-17T03:31:25.213+0000] {dag.py:3444} INFO - Setting next_dagrun for example_bash_operator to 2023-03-16T00:00:00+00:00, run_after=2023-03-17T00:00:00+00:00
[2023-03-17T03:31:25.240+0000] {processor.py:175} INFO - Processing /home/airflow/.local/lib/python3.7/site-packages/airflow/example_dags/example_bash_operator.py took 0.143 seconds
[2023-03-17T03:31:55.473+0000] {processor.py:153} INFO - Started process (PID=9208) to work on /home/airflow/.local/lib/python3.7/site-packages/airflow/example_dags/example_bash_operator.py
[2023-03-17T03:31:55.475+0000] {processor.py:743} INFO - Processing file /home/airflow/.local/lib/python3.7/site-packages/airflow/example_dags/example_bash_operator.py for tasks to queue
[2023-03-17T03:31:55.476+0000] {logging_mixin.py:137} INFO - [2023-03-17T03:31:55.475+0000] {dagbag.py:532} INFO - Filling up the DagBag from /home/airflow/.local/lib/python3.7/site-packages/airflow/example_dags/example_bash_operator.py
[2023-03-17T03:31:55.501+0000] {processor.py:753} INFO - DAG(s) dict_keys(['example_bash_operator']) retrieved from /home/airflow/.local/lib/python3.7/site-packages/airflow/example_dags/example_bash_operator.py
[2023-03-17T03:31:55.551+0000] {logging_mixin.py:137} INFO - [2023-03-17T03:31:55.551+0000] {dag.py:2693} INFO - Sync 1 DAGs
[2023-03-17T03:31:55.586+0000] {logging_mixin.py:137} INFO - [2023-03-17T03:31:55.585+0000] {dag.py:3444} INFO - Setting next_dagrun for example_bash_operator to 2023-03-16T00:00:00+00:00, run_after=2023-03-17T00:00:00+00:00
[2023-03-17T03:31:55.615+0000] {processor.py:175} INFO - Processing /home/airflow/.local/lib/python3.7/site-packages/airflow/example_dags/example_bash_operator.py took 0.145 seconds
[2023-03-17T03:32:25.916+0000] {processor.py:153} INFO - Started process (PID=9425) to work on /home/airflow/.local/lib/python3.7/site-packages/airflow/example_dags/example_bash_operator.py
[2023-03-17T03:32:25.918+0000] {processor.py:743} INFO - Processing file /home/airflow/.local/lib/python3.7/site-packages/airflow/example_dags/example_bash_operator.py for tasks to queue
[2023-03-17T03:32:25.919+0000] {logging_mixin.py:137} INFO - [2023-03-17T03:32:25.919+0000] {dagbag.py:532} INFO - Filling up the DagBag from /home/airflow/.local/lib/python3.7/site-packages/airflow/example_dags/example_bash_operator.py
[2023-03-17T03:32:25.950+0000] {processor.py:753} INFO - DAG(s) dict_keys(['example_bash_operator']) retrieved from /home/airflow/.local/lib/python3.7/site-packages/airflow/example_dags/example_bash_operator.py
[2023-03-17T03:32:26.013+0000] {logging_mixin.py:137} INFO - [2023-03-17T03:32:26.013+0000] {dag.py:2693} INFO - Sync 1 DAGs
[2023-03-17T03:32:26.057+0000] {logging_mixin.py:137} INFO - [2023-03-17T03:32:26.056+0000] {dag.py:3444} INFO - Setting next_dagrun for example_bash_operator to 2023-03-16T00:00:00+00:00, run_after=2023-03-17T00:00:00+00:00
[2023-03-17T03:32:26.081+0000] {processor.py:175} INFO - Processing /home/airflow/.local/lib/python3.7/site-packages/airflow/example_dags/example_bash_operator.py took 0.170 seconds
[2023-03-17T03:32:56.873+0000] {processor.py:153} INFO - Started process (PID=9642) to work on /home/airflow/.local/lib/python3.7/site-packages/airflow/example_dags/example_bash_operator.py
[2023-03-17T03:32:56.874+0000] {processor.py:743} INFO - Processing file /home/airflow/.local/lib/python3.7/site-packages/airflow/example_dags/example_bash_operator.py for tasks to queue
[2023-03-17T03:32:56.876+0000] {logging_mixin.py:137} INFO - [2023-03-17T03:32:56.875+0000] {dagbag.py:532} INFO - Filling up the DagBag from /home/airflow/.local/lib/python3.7/site-packages/airflow/example_dags/example_bash_operator.py
[2023-03-17T03:32:56.904+0000] {processor.py:753} INFO - DAG(s) dict_keys(['example_bash_operator']) retrieved from /home/airflow/.local/lib/python3.7/site-packages/airflow/example_dags/example_bash_operator.py
[2023-03-17T03:32:56.957+0000] {logging_mixin.py:137} INFO - [2023-03-17T03:32:56.957+0000] {dag.py:2693} INFO - Sync 1 DAGs
[2023-03-17T03:32:56.993+0000] {logging_mixin.py:137} INFO - [2023-03-17T03:32:56.992+0000] {dag.py:3444} INFO - Setting next_dagrun for example_bash_operator to 2023-03-16T00:00:00+00:00, run_after=2023-03-17T00:00:00+00:00
[2023-03-17T03:32:57.019+0000] {processor.py:175} INFO - Processing /home/airflow/.local/lib/python3.7/site-packages/airflow/example_dags/example_bash_operator.py took 0.150 seconds
[2023-03-17T03:33:27.597+0000] {processor.py:153} INFO - Started process (PID=9860) to work on /home/airflow/.local/lib/python3.7/site-packages/airflow/example_dags/example_bash_operator.py
[2023-03-17T03:33:27.598+0000] {processor.py:743} INFO - Processing file /home/airflow/.local/lib/python3.7/site-packages/airflow/example_dags/example_bash_operator.py for tasks to queue
[2023-03-17T03:33:27.600+0000] {logging_mixin.py:137} INFO - [2023-03-17T03:33:27.599+0000] {dagbag.py:532} INFO - Filling up the DagBag from /home/airflow/.local/lib/python3.7/site-packages/airflow/example_dags/example_bash_operator.py
[2023-03-17T03:33:27.626+0000] {processor.py:753} INFO - DAG(s) dict_keys(['example_bash_operator']) retrieved from /home/airflow/.local/lib/python3.7/site-packages/airflow/example_dags/example_bash_operator.py
[2023-03-17T03:33:27.674+0000] {logging_mixin.py:137} INFO - [2023-03-17T03:33:27.674+0000] {dag.py:2693} INFO - Sync 1 DAGs
[2023-03-17T03:33:27.714+0000] {logging_mixin.py:137} INFO - [2023-03-17T03:33:27.713+0000] {dag.py:3444} INFO - Setting next_dagrun for example_bash_operator to 2023-03-16T00:00:00+00:00, run_after=2023-03-17T00:00:00+00:00
[2023-03-17T03:33:27.740+0000] {processor.py:175} INFO - Processing /home/airflow/.local/lib/python3.7/site-packages/airflow/example_dags/example_bash_operator.py took 0.147 seconds
[2023-03-17T03:33:58.005+0000] {processor.py:153} INFO - Started process (PID=10077) to work on /home/airflow/.local/lib/python3.7/site-packages/airflow/example_dags/example_bash_operator.py
[2023-03-17T03:33:58.007+0000] {processor.py:743} INFO - Processing file /home/airflow/.local/lib/python3.7/site-packages/airflow/example_dags/example_bash_operator.py for tasks to queue
[2023-03-17T03:33:58.008+0000] {logging_mixin.py:137} INFO - [2023-03-17T03:33:58.008+0000] {dagbag.py:532} INFO - Filling up the DagBag from /home/airflow/.local/lib/python3.7/site-packages/airflow/example_dags/example_bash_operator.py
[2023-03-17T03:33:58.035+0000] {processor.py:753} INFO - DAG(s) dict_keys(['example_bash_operator']) retrieved from /home/airflow/.local/lib/python3.7/site-packages/airflow/example_dags/example_bash_operator.py
[2023-03-17T03:33:58.083+0000] {logging_mixin.py:137} INFO - [2023-03-17T03:33:58.083+0000] {dag.py:2693} INFO - Sync 1 DAGs
[2023-03-17T03:33:58.125+0000] {logging_mixin.py:137} INFO - [2023-03-17T03:33:58.125+0000] {dag.py:3444} INFO - Setting next_dagrun for example_bash_operator to 2023-03-16T00:00:00+00:00, run_after=2023-03-17T00:00:00+00:00
[2023-03-17T03:33:58.153+0000] {processor.py:175} INFO - Processing /home/airflow/.local/lib/python3.7/site-packages/airflow/example_dags/example_bash_operator.py took 0.151 seconds
[2023-03-17T03:34:28.661+0000] {processor.py:153} INFO - Started process (PID=10295) to work on /home/airflow/.local/lib/python3.7/site-packages/airflow/example_dags/example_bash_operator.py
[2023-03-17T03:34:28.662+0000] {processor.py:743} INFO - Processing file /home/airflow/.local/lib/python3.7/site-packages/airflow/example_dags/example_bash_operator.py for tasks to queue
[2023-03-17T03:34:28.663+0000] {logging_mixin.py:137} INFO - [2023-03-17T03:34:28.663+0000] {dagbag.py:532} INFO - Filling up the DagBag from /home/airflow/.local/lib/python3.7/site-packages/airflow/example_dags/example_bash_operator.py
[2023-03-17T03:34:28.689+0000] {processor.py:753} INFO - DAG(s) dict_keys(['example_bash_operator']) retrieved from /home/airflow/.local/lib/python3.7/site-packages/airflow/example_dags/example_bash_operator.py
[2023-03-17T03:34:28.738+0000] {logging_mixin.py:137} INFO - [2023-03-17T03:34:28.738+0000] {dag.py:2693} INFO - Sync 1 DAGs
[2023-03-17T03:34:28.776+0000] {logging_mixin.py:137} INFO - [2023-03-17T03:34:28.776+0000] {dag.py:3444} INFO - Setting next_dagrun for example_bash_operator to 2023-03-16T00:00:00+00:00, run_after=2023-03-17T00:00:00+00:00
[2023-03-17T03:34:28.803+0000] {processor.py:175} INFO - Processing /home/airflow/.local/lib/python3.7/site-packages/airflow/example_dags/example_bash_operator.py took 0.145 seconds
