[2023-03-17T03:11:03.797+0000] {processor.py:153} INFO - Started process (PID=337) to work on /home/airflow/.local/lib/python3.7/site-packages/airflow/example_dags/example_dynamic_task_mapping.py
[2023-03-17T03:11:03.798+0000] {processor.py:743} INFO - Processing file /home/airflow/.local/lib/python3.7/site-packages/airflow/example_dags/example_dynamic_task_mapping.py for tasks to queue
[2023-03-17T03:11:03.800+0000] {logging_mixin.py:137} INFO - [2023-03-17T03:11:03.800+0000] {dagbag.py:532} INFO - Filling up the DagBag from /home/airflow/.local/lib/python3.7/site-packages/airflow/example_dags/example_dynamic_task_mapping.py
[2023-03-17T03:11:03.842+0000] {processor.py:753} INFO - DAG(s) dict_keys(['example_dynamic_task_mapping']) retrieved from /home/airflow/.local/lib/python3.7/site-packages/airflow/example_dags/example_dynamic_task_mapping.py
[2023-03-17T03:11:03.894+0000] {logging_mixin.py:137} INFO - [2023-03-17T03:11:03.893+0000] {dag.py:2693} INFO - Sync 1 DAGs
[2023-03-17T03:11:03.959+0000] {logging_mixin.py:137} INFO - [2023-03-17T03:11:03.959+0000] {dag.py:3444} INFO - Setting next_dagrun for example_dynamic_task_mapping to 2022-03-04T00:00:00+00:00, run_after=2022-03-05T00:00:00+00:00
[2023-03-17T03:11:04.019+0000] {processor.py:175} INFO - Processing /home/airflow/.local/lib/python3.7/site-packages/airflow/example_dags/example_dynamic_task_mapping.py took 0.228 seconds
[2023-03-17T03:11:36.326+0000] {processor.py:153} INFO - Started process (PID=554) to work on /home/airflow/.local/lib/python3.7/site-packages/airflow/example_dags/example_dynamic_task_mapping.py
[2023-03-17T03:11:36.328+0000] {processor.py:743} INFO - Processing file /home/airflow/.local/lib/python3.7/site-packages/airflow/example_dags/example_dynamic_task_mapping.py for tasks to queue
[2023-03-17T03:11:36.329+0000] {logging_mixin.py:137} INFO - [2023-03-17T03:11:36.329+0000] {dagbag.py:532} INFO - Filling up the DagBag from /home/airflow/.local/lib/python3.7/site-packages/airflow/example_dags/example_dynamic_task_mapping.py
[2023-03-17T03:11:36.365+0000] {processor.py:753} INFO - DAG(s) dict_keys(['example_dynamic_task_mapping']) retrieved from /home/airflow/.local/lib/python3.7/site-packages/airflow/example_dags/example_dynamic_task_mapping.py
[2023-03-17T03:11:36.406+0000] {logging_mixin.py:137} INFO - [2023-03-17T03:11:36.406+0000] {dag.py:2693} INFO - Sync 1 DAGs
[2023-03-17T03:11:36.445+0000] {logging_mixin.py:137} INFO - [2023-03-17T03:11:36.445+0000] {dag.py:3444} INFO - Setting next_dagrun for example_dynamic_task_mapping to 2022-03-04T00:00:00+00:00, run_after=2022-03-05T00:00:00+00:00
[2023-03-17T03:11:36.494+0000] {processor.py:175} INFO - Processing /home/airflow/.local/lib/python3.7/site-packages/airflow/example_dags/example_dynamic_task_mapping.py took 0.174 seconds
[2023-03-17T03:12:07.662+0000] {processor.py:153} INFO - Started process (PID=771) to work on /home/airflow/.local/lib/python3.7/site-packages/airflow/example_dags/example_dynamic_task_mapping.py
[2023-03-17T03:12:07.664+0000] {processor.py:743} INFO - Processing file /home/airflow/.local/lib/python3.7/site-packages/airflow/example_dags/example_dynamic_task_mapping.py for tasks to queue
[2023-03-17T03:12:07.666+0000] {logging_mixin.py:137} INFO - [2023-03-17T03:12:07.666+0000] {dagbag.py:532} INFO - Filling up the DagBag from /home/airflow/.local/lib/python3.7/site-packages/airflow/example_dags/example_dynamic_task_mapping.py
[2023-03-17T03:12:07.750+0000] {processor.py:753} INFO - DAG(s) dict_keys(['example_dynamic_task_mapping']) retrieved from /home/airflow/.local/lib/python3.7/site-packages/airflow/example_dags/example_dynamic_task_mapping.py
[2023-03-17T03:12:07.835+0000] {logging_mixin.py:137} INFO - [2023-03-17T03:12:07.835+0000] {dag.py:2693} INFO - Sync 1 DAGs
[2023-03-17T03:12:07.935+0000] {logging_mixin.py:137} INFO - [2023-03-17T03:12:07.933+0000] {dag.py:3444} INFO - Setting next_dagrun for example_dynamic_task_mapping to 2022-03-04T00:00:00+00:00, run_after=2022-03-05T00:00:00+00:00
[2023-03-17T03:12:07.986+0000] {processor.py:175} INFO - Processing /home/airflow/.local/lib/python3.7/site-packages/airflow/example_dags/example_dynamic_task_mapping.py took 0.332 seconds
[2023-03-17T03:12:38.886+0000] {processor.py:153} INFO - Started process (PID=990) to work on /home/airflow/.local/lib/python3.7/site-packages/airflow/example_dags/example_dynamic_task_mapping.py
[2023-03-17T03:12:38.887+0000] {processor.py:743} INFO - Processing file /home/airflow/.local/lib/python3.7/site-packages/airflow/example_dags/example_dynamic_task_mapping.py for tasks to queue
[2023-03-17T03:12:38.888+0000] {logging_mixin.py:137} INFO - [2023-03-17T03:12:38.888+0000] {dagbag.py:532} INFO - Filling up the DagBag from /home/airflow/.local/lib/python3.7/site-packages/airflow/example_dags/example_dynamic_task_mapping.py
[2023-03-17T03:12:38.916+0000] {processor.py:753} INFO - DAG(s) dict_keys(['example_dynamic_task_mapping']) retrieved from /home/airflow/.local/lib/python3.7/site-packages/airflow/example_dags/example_dynamic_task_mapping.py
[2023-03-17T03:12:38.945+0000] {logging_mixin.py:137} INFO - [2023-03-17T03:12:38.945+0000] {dag.py:2693} INFO - Sync 1 DAGs
[2023-03-17T03:12:38.976+0000] {logging_mixin.py:137} INFO - [2023-03-17T03:12:38.976+0000] {dag.py:3444} INFO - Setting next_dagrun for example_dynamic_task_mapping to 2022-03-04T00:00:00+00:00, run_after=2022-03-05T00:00:00+00:00
[2023-03-17T03:12:39.003+0000] {processor.py:175} INFO - Processing /home/airflow/.local/lib/python3.7/site-packages/airflow/example_dags/example_dynamic_task_mapping.py took 0.121 seconds
[2023-03-17T03:13:09.701+0000] {processor.py:153} INFO - Started process (PID=1207) to work on /home/airflow/.local/lib/python3.7/site-packages/airflow/example_dags/example_dynamic_task_mapping.py
[2023-03-17T03:13:09.702+0000] {processor.py:743} INFO - Processing file /home/airflow/.local/lib/python3.7/site-packages/airflow/example_dags/example_dynamic_task_mapping.py for tasks to queue
[2023-03-17T03:13:09.704+0000] {logging_mixin.py:137} INFO - [2023-03-17T03:13:09.703+0000] {dagbag.py:532} INFO - Filling up the DagBag from /home/airflow/.local/lib/python3.7/site-packages/airflow/example_dags/example_dynamic_task_mapping.py
[2023-03-17T03:13:09.736+0000] {processor.py:753} INFO - DAG(s) dict_keys(['example_dynamic_task_mapping']) retrieved from /home/airflow/.local/lib/python3.7/site-packages/airflow/example_dags/example_dynamic_task_mapping.py
[2023-03-17T03:13:09.776+0000] {logging_mixin.py:137} INFO - [2023-03-17T03:13:09.775+0000] {dag.py:2693} INFO - Sync 1 DAGs
[2023-03-17T03:13:09.812+0000] {logging_mixin.py:137} INFO - [2023-03-17T03:13:09.811+0000] {dag.py:3444} INFO - Setting next_dagrun for example_dynamic_task_mapping to 2022-03-04T00:00:00+00:00, run_after=2022-03-05T00:00:00+00:00
[2023-03-17T03:13:09.834+0000] {processor.py:175} INFO - Processing /home/airflow/.local/lib/python3.7/site-packages/airflow/example_dags/example_dynamic_task_mapping.py took 0.138 seconds
[2023-03-17T03:13:40.268+0000] {processor.py:153} INFO - Started process (PID=1424) to work on /home/airflow/.local/lib/python3.7/site-packages/airflow/example_dags/example_dynamic_task_mapping.py
[2023-03-17T03:13:40.269+0000] {processor.py:743} INFO - Processing file /home/airflow/.local/lib/python3.7/site-packages/airflow/example_dags/example_dynamic_task_mapping.py for tasks to queue
[2023-03-17T03:13:40.270+0000] {logging_mixin.py:137} INFO - [2023-03-17T03:13:40.270+0000] {dagbag.py:532} INFO - Filling up the DagBag from /home/airflow/.local/lib/python3.7/site-packages/airflow/example_dags/example_dynamic_task_mapping.py
[2023-03-17T03:13:40.296+0000] {processor.py:753} INFO - DAG(s) dict_keys(['example_dynamic_task_mapping']) retrieved from /home/airflow/.local/lib/python3.7/site-packages/airflow/example_dags/example_dynamic_task_mapping.py
[2023-03-17T03:13:40.326+0000] {logging_mixin.py:137} INFO - [2023-03-17T03:13:40.326+0000] {dag.py:2693} INFO - Sync 1 DAGs
[2023-03-17T03:13:40.356+0000] {logging_mixin.py:137} INFO - [2023-03-17T03:13:40.356+0000] {dag.py:3444} INFO - Setting next_dagrun for example_dynamic_task_mapping to 2022-03-04T00:00:00+00:00, run_after=2022-03-05T00:00:00+00:00
[2023-03-17T03:13:40.382+0000] {processor.py:175} INFO - Processing /home/airflow/.local/lib/python3.7/site-packages/airflow/example_dags/example_dynamic_task_mapping.py took 0.119 seconds
[2023-03-17T03:14:10.635+0000] {processor.py:153} INFO - Started process (PID=1641) to work on /home/airflow/.local/lib/python3.7/site-packages/airflow/example_dags/example_dynamic_task_mapping.py
[2023-03-17T03:14:10.637+0000] {processor.py:743} INFO - Processing file /home/airflow/.local/lib/python3.7/site-packages/airflow/example_dags/example_dynamic_task_mapping.py for tasks to queue
[2023-03-17T03:14:10.638+0000] {logging_mixin.py:137} INFO - [2023-03-17T03:14:10.637+0000] {dagbag.py:532} INFO - Filling up the DagBag from /home/airflow/.local/lib/python3.7/site-packages/airflow/example_dags/example_dynamic_task_mapping.py
[2023-03-17T03:14:10.664+0000] {processor.py:753} INFO - DAG(s) dict_keys(['example_dynamic_task_mapping']) retrieved from /home/airflow/.local/lib/python3.7/site-packages/airflow/example_dags/example_dynamic_task_mapping.py
[2023-03-17T03:14:10.692+0000] {logging_mixin.py:137} INFO - [2023-03-17T03:14:10.692+0000] {dag.py:2693} INFO - Sync 1 DAGs
[2023-03-17T03:14:10.723+0000] {logging_mixin.py:137} INFO - [2023-03-17T03:14:10.722+0000] {dag.py:3444} INFO - Setting next_dagrun for example_dynamic_task_mapping to 2022-03-04T00:00:00+00:00, run_after=2022-03-05T00:00:00+00:00
[2023-03-17T03:14:10.750+0000] {processor.py:175} INFO - Processing /home/airflow/.local/lib/python3.7/site-packages/airflow/example_dags/example_dynamic_task_mapping.py took 0.118 seconds
[2023-03-17T03:14:40.984+0000] {processor.py:153} INFO - Started process (PID=1858) to work on /home/airflow/.local/lib/python3.7/site-packages/airflow/example_dags/example_dynamic_task_mapping.py
[2023-03-17T03:14:40.985+0000] {processor.py:743} INFO - Processing file /home/airflow/.local/lib/python3.7/site-packages/airflow/example_dags/example_dynamic_task_mapping.py for tasks to queue
[2023-03-17T03:14:40.987+0000] {logging_mixin.py:137} INFO - [2023-03-17T03:14:40.987+0000] {dagbag.py:532} INFO - Filling up the DagBag from /home/airflow/.local/lib/python3.7/site-packages/airflow/example_dags/example_dynamic_task_mapping.py
[2023-03-17T03:14:41.025+0000] {processor.py:753} INFO - DAG(s) dict_keys(['example_dynamic_task_mapping']) retrieved from /home/airflow/.local/lib/python3.7/site-packages/airflow/example_dags/example_dynamic_task_mapping.py
[2023-03-17T03:14:41.068+0000] {logging_mixin.py:137} INFO - [2023-03-17T03:14:41.067+0000] {dag.py:2693} INFO - Sync 1 DAGs
[2023-03-17T03:14:41.113+0000] {logging_mixin.py:137} INFO - [2023-03-17T03:14:41.113+0000] {dag.py:3444} INFO - Setting next_dagrun for example_dynamic_task_mapping to 2022-03-04T00:00:00+00:00, run_after=2022-03-05T00:00:00+00:00
[2023-03-17T03:14:41.142+0000] {processor.py:175} INFO - Processing /home/airflow/.local/lib/python3.7/site-packages/airflow/example_dags/example_dynamic_task_mapping.py took 0.162 seconds
[2023-03-17T03:15:11.746+0000] {processor.py:153} INFO - Started process (PID=2075) to work on /home/airflow/.local/lib/python3.7/site-packages/airflow/example_dags/example_dynamic_task_mapping.py
[2023-03-17T03:15:11.748+0000] {processor.py:743} INFO - Processing file /home/airflow/.local/lib/python3.7/site-packages/airflow/example_dags/example_dynamic_task_mapping.py for tasks to queue
[2023-03-17T03:15:11.749+0000] {logging_mixin.py:137} INFO - [2023-03-17T03:15:11.748+0000] {dagbag.py:532} INFO - Filling up the DagBag from /home/airflow/.local/lib/python3.7/site-packages/airflow/example_dags/example_dynamic_task_mapping.py
[2023-03-17T03:15:11.779+0000] {processor.py:753} INFO - DAG(s) dict_keys(['example_dynamic_task_mapping']) retrieved from /home/airflow/.local/lib/python3.7/site-packages/airflow/example_dags/example_dynamic_task_mapping.py
[2023-03-17T03:15:11.809+0000] {logging_mixin.py:137} INFO - [2023-03-17T03:15:11.809+0000] {dag.py:2693} INFO - Sync 1 DAGs
[2023-03-17T03:15:11.839+0000] {logging_mixin.py:137} INFO - [2023-03-17T03:15:11.839+0000] {dag.py:3444} INFO - Setting next_dagrun for example_dynamic_task_mapping to 2022-03-04T00:00:00+00:00, run_after=2022-03-05T00:00:00+00:00
[2023-03-17T03:15:11.864+0000] {processor.py:175} INFO - Processing /home/airflow/.local/lib/python3.7/site-packages/airflow/example_dags/example_dynamic_task_mapping.py took 0.121 seconds
[2023-03-17T03:15:42.105+0000] {processor.py:153} INFO - Started process (PID=2292) to work on /home/airflow/.local/lib/python3.7/site-packages/airflow/example_dags/example_dynamic_task_mapping.py
[2023-03-17T03:15:42.107+0000] {processor.py:743} INFO - Processing file /home/airflow/.local/lib/python3.7/site-packages/airflow/example_dags/example_dynamic_task_mapping.py for tasks to queue
[2023-03-17T03:15:42.108+0000] {logging_mixin.py:137} INFO - [2023-03-17T03:15:42.108+0000] {dagbag.py:532} INFO - Filling up the DagBag from /home/airflow/.local/lib/python3.7/site-packages/airflow/example_dags/example_dynamic_task_mapping.py
[2023-03-17T03:15:42.137+0000] {processor.py:753} INFO - DAG(s) dict_keys(['example_dynamic_task_mapping']) retrieved from /home/airflow/.local/lib/python3.7/site-packages/airflow/example_dags/example_dynamic_task_mapping.py
[2023-03-17T03:15:42.165+0000] {logging_mixin.py:137} INFO - [2023-03-17T03:15:42.165+0000] {dag.py:2693} INFO - Sync 1 DAGs
[2023-03-17T03:15:42.195+0000] {logging_mixin.py:137} INFO - [2023-03-17T03:15:42.195+0000] {dag.py:3444} INFO - Setting next_dagrun for example_dynamic_task_mapping to 2022-03-04T00:00:00+00:00, run_after=2022-03-05T00:00:00+00:00
[2023-03-17T03:15:42.220+0000] {processor.py:175} INFO - Processing /home/airflow/.local/lib/python3.7/site-packages/airflow/example_dags/example_dynamic_task_mapping.py took 0.120 seconds
[2023-03-17T03:16:12.885+0000] {processor.py:153} INFO - Started process (PID=2510) to work on /home/airflow/.local/lib/python3.7/site-packages/airflow/example_dags/example_dynamic_task_mapping.py
[2023-03-17T03:16:12.886+0000] {processor.py:743} INFO - Processing file /home/airflow/.local/lib/python3.7/site-packages/airflow/example_dags/example_dynamic_task_mapping.py for tasks to queue
[2023-03-17T03:16:12.887+0000] {logging_mixin.py:137} INFO - [2023-03-17T03:16:12.887+0000] {dagbag.py:532} INFO - Filling up the DagBag from /home/airflow/.local/lib/python3.7/site-packages/airflow/example_dags/example_dynamic_task_mapping.py
[2023-03-17T03:16:12.912+0000] {processor.py:753} INFO - DAG(s) dict_keys(['example_dynamic_task_mapping']) retrieved from /home/airflow/.local/lib/python3.7/site-packages/airflow/example_dags/example_dynamic_task_mapping.py
[2023-03-17T03:16:12.940+0000] {logging_mixin.py:137} INFO - [2023-03-17T03:16:12.940+0000] {dag.py:2693} INFO - Sync 1 DAGs
[2023-03-17T03:16:12.971+0000] {logging_mixin.py:137} INFO - [2023-03-17T03:16:12.971+0000] {dag.py:3444} INFO - Setting next_dagrun for example_dynamic_task_mapping to 2022-03-04T00:00:00+00:00, run_after=2022-03-05T00:00:00+00:00
[2023-03-17T03:16:12.996+0000] {processor.py:175} INFO - Processing /home/airflow/.local/lib/python3.7/site-packages/airflow/example_dags/example_dynamic_task_mapping.py took 0.115 seconds
[2023-03-17T03:16:43.370+0000] {processor.py:153} INFO - Started process (PID=2727) to work on /home/airflow/.local/lib/python3.7/site-packages/airflow/example_dags/example_dynamic_task_mapping.py
[2023-03-17T03:16:43.371+0000] {processor.py:743} INFO - Processing file /home/airflow/.local/lib/python3.7/site-packages/airflow/example_dags/example_dynamic_task_mapping.py for tasks to queue
[2023-03-17T03:16:43.372+0000] {logging_mixin.py:137} INFO - [2023-03-17T03:16:43.372+0000] {dagbag.py:532} INFO - Filling up the DagBag from /home/airflow/.local/lib/python3.7/site-packages/airflow/example_dags/example_dynamic_task_mapping.py
[2023-03-17T03:16:43.398+0000] {processor.py:753} INFO - DAG(s) dict_keys(['example_dynamic_task_mapping']) retrieved from /home/airflow/.local/lib/python3.7/site-packages/airflow/example_dags/example_dynamic_task_mapping.py
[2023-03-17T03:16:43.428+0000] {logging_mixin.py:137} INFO - [2023-03-17T03:16:43.428+0000] {dag.py:2693} INFO - Sync 1 DAGs
[2023-03-17T03:16:43.458+0000] {logging_mixin.py:137} INFO - [2023-03-17T03:16:43.458+0000] {dag.py:3444} INFO - Setting next_dagrun for example_dynamic_task_mapping to 2022-03-04T00:00:00+00:00, run_after=2022-03-05T00:00:00+00:00
[2023-03-17T03:16:43.485+0000] {processor.py:175} INFO - Processing /home/airflow/.local/lib/python3.7/site-packages/airflow/example_dags/example_dynamic_task_mapping.py took 0.119 seconds
[2023-03-17T03:17:13.776+0000] {processor.py:153} INFO - Started process (PID=2944) to work on /home/airflow/.local/lib/python3.7/site-packages/airflow/example_dags/example_dynamic_task_mapping.py
[2023-03-17T03:17:13.778+0000] {processor.py:743} INFO - Processing file /home/airflow/.local/lib/python3.7/site-packages/airflow/example_dags/example_dynamic_task_mapping.py for tasks to queue
[2023-03-17T03:17:13.779+0000] {logging_mixin.py:137} INFO - [2023-03-17T03:17:13.779+0000] {dagbag.py:532} INFO - Filling up the DagBag from /home/airflow/.local/lib/python3.7/site-packages/airflow/example_dags/example_dynamic_task_mapping.py
[2023-03-17T03:17:13.805+0000] {processor.py:753} INFO - DAG(s) dict_keys(['example_dynamic_task_mapping']) retrieved from /home/airflow/.local/lib/python3.7/site-packages/airflow/example_dags/example_dynamic_task_mapping.py
[2023-03-17T03:17:13.833+0000] {logging_mixin.py:137} INFO - [2023-03-17T03:17:13.833+0000] {dag.py:2693} INFO - Sync 1 DAGs
[2023-03-17T03:17:13.863+0000] {logging_mixin.py:137} INFO - [2023-03-17T03:17:13.863+0000] {dag.py:3444} INFO - Setting next_dagrun for example_dynamic_task_mapping to 2022-03-04T00:00:00+00:00, run_after=2022-03-05T00:00:00+00:00
[2023-03-17T03:17:13.887+0000] {processor.py:175} INFO - Processing /home/airflow/.local/lib/python3.7/site-packages/airflow/example_dags/example_dynamic_task_mapping.py took 0.114 seconds
[2023-03-17T03:17:44.336+0000] {processor.py:153} INFO - Started process (PID=3161) to work on /home/airflow/.local/lib/python3.7/site-packages/airflow/example_dags/example_dynamic_task_mapping.py
[2023-03-17T03:17:44.338+0000] {processor.py:743} INFO - Processing file /home/airflow/.local/lib/python3.7/site-packages/airflow/example_dags/example_dynamic_task_mapping.py for tasks to queue
[2023-03-17T03:17:44.339+0000] {logging_mixin.py:137} INFO - [2023-03-17T03:17:44.339+0000] {dagbag.py:532} INFO - Filling up the DagBag from /home/airflow/.local/lib/python3.7/site-packages/airflow/example_dags/example_dynamic_task_mapping.py
[2023-03-17T03:17:44.365+0000] {processor.py:753} INFO - DAG(s) dict_keys(['example_dynamic_task_mapping']) retrieved from /home/airflow/.local/lib/python3.7/site-packages/airflow/example_dags/example_dynamic_task_mapping.py
[2023-03-17T03:17:44.394+0000] {logging_mixin.py:137} INFO - [2023-03-17T03:17:44.394+0000] {dag.py:2693} INFO - Sync 1 DAGs
[2023-03-17T03:17:44.425+0000] {logging_mixin.py:137} INFO - [2023-03-17T03:17:44.424+0000] {dag.py:3444} INFO - Setting next_dagrun for example_dynamic_task_mapping to 2022-03-04T00:00:00+00:00, run_after=2022-03-05T00:00:00+00:00
[2023-03-17T03:17:44.452+0000] {processor.py:175} INFO - Processing /home/airflow/.local/lib/python3.7/site-packages/airflow/example_dags/example_dynamic_task_mapping.py took 0.119 seconds
[2023-03-17T03:18:14.750+0000] {processor.py:153} INFO - Started process (PID=3378) to work on /home/airflow/.local/lib/python3.7/site-packages/airflow/example_dags/example_dynamic_task_mapping.py
[2023-03-17T03:18:14.751+0000] {processor.py:743} INFO - Processing file /home/airflow/.local/lib/python3.7/site-packages/airflow/example_dags/example_dynamic_task_mapping.py for tasks to queue
[2023-03-17T03:18:14.752+0000] {logging_mixin.py:137} INFO - [2023-03-17T03:18:14.752+0000] {dagbag.py:532} INFO - Filling up the DagBag from /home/airflow/.local/lib/python3.7/site-packages/airflow/example_dags/example_dynamic_task_mapping.py
[2023-03-17T03:18:14.778+0000] {processor.py:753} INFO - DAG(s) dict_keys(['example_dynamic_task_mapping']) retrieved from /home/airflow/.local/lib/python3.7/site-packages/airflow/example_dags/example_dynamic_task_mapping.py
[2023-03-17T03:18:14.806+0000] {logging_mixin.py:137} INFO - [2023-03-17T03:18:14.806+0000] {dag.py:2693} INFO - Sync 1 DAGs
[2023-03-17T03:18:14.839+0000] {logging_mixin.py:137} INFO - [2023-03-17T03:18:14.839+0000] {dag.py:3444} INFO - Setting next_dagrun for example_dynamic_task_mapping to 2022-03-04T00:00:00+00:00, run_after=2022-03-05T00:00:00+00:00
[2023-03-17T03:18:14.863+0000] {processor.py:175} INFO - Processing /home/airflow/.local/lib/python3.7/site-packages/airflow/example_dags/example_dynamic_task_mapping.py took 0.116 seconds
[2023-03-17T03:18:45.323+0000] {processor.py:153} INFO - Started process (PID=3596) to work on /home/airflow/.local/lib/python3.7/site-packages/airflow/example_dags/example_dynamic_task_mapping.py
[2023-03-17T03:18:45.325+0000] {processor.py:743} INFO - Processing file /home/airflow/.local/lib/python3.7/site-packages/airflow/example_dags/example_dynamic_task_mapping.py for tasks to queue
[2023-03-17T03:18:45.326+0000] {logging_mixin.py:137} INFO - [2023-03-17T03:18:45.326+0000] {dagbag.py:532} INFO - Filling up the DagBag from /home/airflow/.local/lib/python3.7/site-packages/airflow/example_dags/example_dynamic_task_mapping.py
[2023-03-17T03:18:45.358+0000] {processor.py:753} INFO - DAG(s) dict_keys(['example_dynamic_task_mapping']) retrieved from /home/airflow/.local/lib/python3.7/site-packages/airflow/example_dags/example_dynamic_task_mapping.py
[2023-03-17T03:18:45.389+0000] {logging_mixin.py:137} INFO - [2023-03-17T03:18:45.389+0000] {dag.py:2693} INFO - Sync 1 DAGs
[2023-03-17T03:18:45.419+0000] {logging_mixin.py:137} INFO - [2023-03-17T03:18:45.418+0000] {dag.py:3444} INFO - Setting next_dagrun for example_dynamic_task_mapping to 2022-03-04T00:00:00+00:00, run_after=2022-03-05T00:00:00+00:00
[2023-03-17T03:18:45.446+0000] {processor.py:175} INFO - Processing /home/airflow/.local/lib/python3.7/site-packages/airflow/example_dags/example_dynamic_task_mapping.py took 0.127 seconds
[2023-03-17T03:19:15.952+0000] {processor.py:153} INFO - Started process (PID=3813) to work on /home/airflow/.local/lib/python3.7/site-packages/airflow/example_dags/example_dynamic_task_mapping.py
[2023-03-17T03:19:15.953+0000] {processor.py:743} INFO - Processing file /home/airflow/.local/lib/python3.7/site-packages/airflow/example_dags/example_dynamic_task_mapping.py for tasks to queue
[2023-03-17T03:19:15.954+0000] {logging_mixin.py:137} INFO - [2023-03-17T03:19:15.954+0000] {dagbag.py:532} INFO - Filling up the DagBag from /home/airflow/.local/lib/python3.7/site-packages/airflow/example_dags/example_dynamic_task_mapping.py
[2023-03-17T03:19:15.983+0000] {processor.py:753} INFO - DAG(s) dict_keys(['example_dynamic_task_mapping']) retrieved from /home/airflow/.local/lib/python3.7/site-packages/airflow/example_dags/example_dynamic_task_mapping.py
[2023-03-17T03:19:16.018+0000] {logging_mixin.py:137} INFO - [2023-03-17T03:19:16.018+0000] {dag.py:2693} INFO - Sync 1 DAGs
[2023-03-17T03:19:16.061+0000] {logging_mixin.py:137} INFO - [2023-03-17T03:19:16.061+0000] {dag.py:3444} INFO - Setting next_dagrun for example_dynamic_task_mapping to 2022-03-04T00:00:00+00:00, run_after=2022-03-05T00:00:00+00:00
[2023-03-17T03:19:16.088+0000] {processor.py:175} INFO - Processing /home/airflow/.local/lib/python3.7/site-packages/airflow/example_dags/example_dynamic_task_mapping.py took 0.142 seconds
[2023-03-17T03:19:46.480+0000] {processor.py:153} INFO - Started process (PID=4030) to work on /home/airflow/.local/lib/python3.7/site-packages/airflow/example_dags/example_dynamic_task_mapping.py
[2023-03-17T03:19:46.481+0000] {processor.py:743} INFO - Processing file /home/airflow/.local/lib/python3.7/site-packages/airflow/example_dags/example_dynamic_task_mapping.py for tasks to queue
[2023-03-17T03:19:46.483+0000] {logging_mixin.py:137} INFO - [2023-03-17T03:19:46.483+0000] {dagbag.py:532} INFO - Filling up the DagBag from /home/airflow/.local/lib/python3.7/site-packages/airflow/example_dags/example_dynamic_task_mapping.py
[2023-03-17T03:19:46.509+0000] {processor.py:753} INFO - DAG(s) dict_keys(['example_dynamic_task_mapping']) retrieved from /home/airflow/.local/lib/python3.7/site-packages/airflow/example_dags/example_dynamic_task_mapping.py
[2023-03-17T03:19:46.539+0000] {logging_mixin.py:137} INFO - [2023-03-17T03:19:46.539+0000] {dag.py:2693} INFO - Sync 1 DAGs
[2023-03-17T03:19:46.568+0000] {logging_mixin.py:137} INFO - [2023-03-17T03:19:46.568+0000] {dag.py:3444} INFO - Setting next_dagrun for example_dynamic_task_mapping to 2022-03-04T00:00:00+00:00, run_after=2022-03-05T00:00:00+00:00
[2023-03-17T03:19:46.595+0000] {processor.py:175} INFO - Processing /home/airflow/.local/lib/python3.7/site-packages/airflow/example_dags/example_dynamic_task_mapping.py took 0.119 seconds
[2023-03-17T03:20:16.819+0000] {processor.py:153} INFO - Started process (PID=4247) to work on /home/airflow/.local/lib/python3.7/site-packages/airflow/example_dags/example_dynamic_task_mapping.py
[2023-03-17T03:20:16.821+0000] {processor.py:743} INFO - Processing file /home/airflow/.local/lib/python3.7/site-packages/airflow/example_dags/example_dynamic_task_mapping.py for tasks to queue
[2023-03-17T03:20:16.822+0000] {logging_mixin.py:137} INFO - [2023-03-17T03:20:16.822+0000] {dagbag.py:532} INFO - Filling up the DagBag from /home/airflow/.local/lib/python3.7/site-packages/airflow/example_dags/example_dynamic_task_mapping.py
[2023-03-17T03:20:16.852+0000] {processor.py:753} INFO - DAG(s) dict_keys(['example_dynamic_task_mapping']) retrieved from /home/airflow/.local/lib/python3.7/site-packages/airflow/example_dags/example_dynamic_task_mapping.py
[2023-03-17T03:20:16.883+0000] {logging_mixin.py:137} INFO - [2023-03-17T03:20:16.883+0000] {dag.py:2693} INFO - Sync 1 DAGs
[2023-03-17T03:20:16.916+0000] {logging_mixin.py:137} INFO - [2023-03-17T03:20:16.915+0000] {dag.py:3444} INFO - Setting next_dagrun for example_dynamic_task_mapping to 2022-03-04T00:00:00+00:00, run_after=2022-03-05T00:00:00+00:00
[2023-03-17T03:20:16.943+0000] {processor.py:175} INFO - Processing /home/airflow/.local/lib/python3.7/site-packages/airflow/example_dags/example_dynamic_task_mapping.py took 0.128 seconds
[2023-03-17T03:20:47.323+0000] {processor.py:153} INFO - Started process (PID=4464) to work on /home/airflow/.local/lib/python3.7/site-packages/airflow/example_dags/example_dynamic_task_mapping.py
[2023-03-17T03:20:47.325+0000] {processor.py:743} INFO - Processing file /home/airflow/.local/lib/python3.7/site-packages/airflow/example_dags/example_dynamic_task_mapping.py for tasks to queue
[2023-03-17T03:20:47.326+0000] {logging_mixin.py:137} INFO - [2023-03-17T03:20:47.326+0000] {dagbag.py:532} INFO - Filling up the DagBag from /home/airflow/.local/lib/python3.7/site-packages/airflow/example_dags/example_dynamic_task_mapping.py
[2023-03-17T03:20:47.352+0000] {processor.py:753} INFO - DAG(s) dict_keys(['example_dynamic_task_mapping']) retrieved from /home/airflow/.local/lib/python3.7/site-packages/airflow/example_dags/example_dynamic_task_mapping.py
[2023-03-17T03:20:47.380+0000] {logging_mixin.py:137} INFO - [2023-03-17T03:20:47.380+0000] {dag.py:2693} INFO - Sync 1 DAGs
[2023-03-17T03:20:47.424+0000] {logging_mixin.py:137} INFO - [2023-03-17T03:20:47.423+0000] {dag.py:3444} INFO - Setting next_dagrun for example_dynamic_task_mapping to 2022-03-04T00:00:00+00:00, run_after=2022-03-05T00:00:00+00:00
[2023-03-17T03:20:47.457+0000] {processor.py:175} INFO - Processing /home/airflow/.local/lib/python3.7/site-packages/airflow/example_dags/example_dynamic_task_mapping.py took 0.138 seconds
[2023-03-17T03:21:17.960+0000] {processor.py:153} INFO - Started process (PID=4681) to work on /home/airflow/.local/lib/python3.7/site-packages/airflow/example_dags/example_dynamic_task_mapping.py
[2023-03-17T03:21:17.961+0000] {processor.py:743} INFO - Processing file /home/airflow/.local/lib/python3.7/site-packages/airflow/example_dags/example_dynamic_task_mapping.py for tasks to queue
[2023-03-17T03:21:17.962+0000] {logging_mixin.py:137} INFO - [2023-03-17T03:21:17.961+0000] {dagbag.py:532} INFO - Filling up the DagBag from /home/airflow/.local/lib/python3.7/site-packages/airflow/example_dags/example_dynamic_task_mapping.py
[2023-03-17T03:21:17.992+0000] {processor.py:753} INFO - DAG(s) dict_keys(['example_dynamic_task_mapping']) retrieved from /home/airflow/.local/lib/python3.7/site-packages/airflow/example_dags/example_dynamic_task_mapping.py
[2023-03-17T03:21:18.022+0000] {logging_mixin.py:137} INFO - [2023-03-17T03:21:18.022+0000] {dag.py:2693} INFO - Sync 1 DAGs
[2023-03-17T03:21:18.052+0000] {logging_mixin.py:137} INFO - [2023-03-17T03:21:18.052+0000] {dag.py:3444} INFO - Setting next_dagrun for example_dynamic_task_mapping to 2022-03-04T00:00:00+00:00, run_after=2022-03-05T00:00:00+00:00
[2023-03-17T03:21:18.079+0000] {processor.py:175} INFO - Processing /home/airflow/.local/lib/python3.7/site-packages/airflow/example_dags/example_dynamic_task_mapping.py took 0.122 seconds
[2023-03-17T03:21:48.574+0000] {processor.py:153} INFO - Started process (PID=4898) to work on /home/airflow/.local/lib/python3.7/site-packages/airflow/example_dags/example_dynamic_task_mapping.py
[2023-03-17T03:21:48.575+0000] {processor.py:743} INFO - Processing file /home/airflow/.local/lib/python3.7/site-packages/airflow/example_dags/example_dynamic_task_mapping.py for tasks to queue
[2023-03-17T03:21:48.577+0000] {logging_mixin.py:137} INFO - [2023-03-17T03:21:48.577+0000] {dagbag.py:532} INFO - Filling up the DagBag from /home/airflow/.local/lib/python3.7/site-packages/airflow/example_dags/example_dynamic_task_mapping.py
[2023-03-17T03:21:48.605+0000] {processor.py:753} INFO - DAG(s) dict_keys(['example_dynamic_task_mapping']) retrieved from /home/airflow/.local/lib/python3.7/site-packages/airflow/example_dags/example_dynamic_task_mapping.py
[2023-03-17T03:21:48.635+0000] {logging_mixin.py:137} INFO - [2023-03-17T03:21:48.634+0000] {dag.py:2693} INFO - Sync 1 DAGs
[2023-03-17T03:21:48.666+0000] {logging_mixin.py:137} INFO - [2023-03-17T03:21:48.666+0000] {dag.py:3444} INFO - Setting next_dagrun for example_dynamic_task_mapping to 2022-03-04T00:00:00+00:00, run_after=2022-03-05T00:00:00+00:00
[2023-03-17T03:21:48.692+0000] {processor.py:175} INFO - Processing /home/airflow/.local/lib/python3.7/site-packages/airflow/example_dags/example_dynamic_task_mapping.py took 0.122 seconds
[2023-03-17T03:22:19.077+0000] {processor.py:153} INFO - Started process (PID=5115) to work on /home/airflow/.local/lib/python3.7/site-packages/airflow/example_dags/example_dynamic_task_mapping.py
[2023-03-17T03:22:19.078+0000] {processor.py:743} INFO - Processing file /home/airflow/.local/lib/python3.7/site-packages/airflow/example_dags/example_dynamic_task_mapping.py for tasks to queue
[2023-03-17T03:22:19.079+0000] {logging_mixin.py:137} INFO - [2023-03-17T03:22:19.079+0000] {dagbag.py:532} INFO - Filling up the DagBag from /home/airflow/.local/lib/python3.7/site-packages/airflow/example_dags/example_dynamic_task_mapping.py
[2023-03-17T03:22:19.106+0000] {processor.py:753} INFO - DAG(s) dict_keys(['example_dynamic_task_mapping']) retrieved from /home/airflow/.local/lib/python3.7/site-packages/airflow/example_dags/example_dynamic_task_mapping.py
[2023-03-17T03:22:19.135+0000] {logging_mixin.py:137} INFO - [2023-03-17T03:22:19.135+0000] {dag.py:2693} INFO - Sync 1 DAGs
[2023-03-17T03:22:19.166+0000] {logging_mixin.py:137} INFO - [2023-03-17T03:22:19.166+0000] {dag.py:3444} INFO - Setting next_dagrun for example_dynamic_task_mapping to 2022-03-04T00:00:00+00:00, run_after=2022-03-05T00:00:00+00:00
[2023-03-17T03:22:19.191+0000] {processor.py:175} INFO - Processing /home/airflow/.local/lib/python3.7/site-packages/airflow/example_dags/example_dynamic_task_mapping.py took 0.118 seconds
[2023-03-17T03:22:49.357+0000] {processor.py:153} INFO - Started process (PID=5332) to work on /home/airflow/.local/lib/python3.7/site-packages/airflow/example_dags/example_dynamic_task_mapping.py
[2023-03-17T03:22:49.358+0000] {processor.py:743} INFO - Processing file /home/airflow/.local/lib/python3.7/site-packages/airflow/example_dags/example_dynamic_task_mapping.py for tasks to queue
[2023-03-17T03:22:49.359+0000] {logging_mixin.py:137} INFO - [2023-03-17T03:22:49.359+0000] {dagbag.py:532} INFO - Filling up the DagBag from /home/airflow/.local/lib/python3.7/site-packages/airflow/example_dags/example_dynamic_task_mapping.py
[2023-03-17T03:22:49.391+0000] {processor.py:753} INFO - DAG(s) dict_keys(['example_dynamic_task_mapping']) retrieved from /home/airflow/.local/lib/python3.7/site-packages/airflow/example_dags/example_dynamic_task_mapping.py
[2023-03-17T03:22:49.420+0000] {logging_mixin.py:137} INFO - [2023-03-17T03:22:49.420+0000] {dag.py:2693} INFO - Sync 1 DAGs
[2023-03-17T03:22:49.454+0000] {logging_mixin.py:137} INFO - [2023-03-17T03:22:49.454+0000] {dag.py:3444} INFO - Setting next_dagrun for example_dynamic_task_mapping to 2022-03-04T00:00:00+00:00, run_after=2022-03-05T00:00:00+00:00
[2023-03-17T03:22:49.478+0000] {processor.py:175} INFO - Processing /home/airflow/.local/lib/python3.7/site-packages/airflow/example_dags/example_dynamic_task_mapping.py took 0.125 seconds
[2023-03-17T03:23:19.896+0000] {processor.py:153} INFO - Started process (PID=5550) to work on /home/airflow/.local/lib/python3.7/site-packages/airflow/example_dags/example_dynamic_task_mapping.py
[2023-03-17T03:23:19.897+0000] {processor.py:743} INFO - Processing file /home/airflow/.local/lib/python3.7/site-packages/airflow/example_dags/example_dynamic_task_mapping.py for tasks to queue
[2023-03-17T03:23:19.898+0000] {logging_mixin.py:137} INFO - [2023-03-17T03:23:19.898+0000] {dagbag.py:532} INFO - Filling up the DagBag from /home/airflow/.local/lib/python3.7/site-packages/airflow/example_dags/example_dynamic_task_mapping.py
[2023-03-17T03:23:19.926+0000] {processor.py:753} INFO - DAG(s) dict_keys(['example_dynamic_task_mapping']) retrieved from /home/airflow/.local/lib/python3.7/site-packages/airflow/example_dags/example_dynamic_task_mapping.py
[2023-03-17T03:23:19.954+0000] {logging_mixin.py:137} INFO - [2023-03-17T03:23:19.954+0000] {dag.py:2693} INFO - Sync 1 DAGs
[2023-03-17T03:23:19.988+0000] {logging_mixin.py:137} INFO - [2023-03-17T03:23:19.987+0000] {dag.py:3444} INFO - Setting next_dagrun for example_dynamic_task_mapping to 2022-03-04T00:00:00+00:00, run_after=2022-03-05T00:00:00+00:00
[2023-03-17T03:23:20.045+0000] {processor.py:175} INFO - Processing /home/airflow/.local/lib/python3.7/site-packages/airflow/example_dags/example_dynamic_task_mapping.py took 0.153 seconds
[2023-03-17T03:23:50.301+0000] {processor.py:153} INFO - Started process (PID=5767) to work on /home/airflow/.local/lib/python3.7/site-packages/airflow/example_dags/example_dynamic_task_mapping.py
[2023-03-17T03:23:50.302+0000] {processor.py:743} INFO - Processing file /home/airflow/.local/lib/python3.7/site-packages/airflow/example_dags/example_dynamic_task_mapping.py for tasks to queue
[2023-03-17T03:23:50.303+0000] {logging_mixin.py:137} INFO - [2023-03-17T03:23:50.303+0000] {dagbag.py:532} INFO - Filling up the DagBag from /home/airflow/.local/lib/python3.7/site-packages/airflow/example_dags/example_dynamic_task_mapping.py
[2023-03-17T03:23:50.332+0000] {processor.py:753} INFO - DAG(s) dict_keys(['example_dynamic_task_mapping']) retrieved from /home/airflow/.local/lib/python3.7/site-packages/airflow/example_dags/example_dynamic_task_mapping.py
[2023-03-17T03:23:50.361+0000] {logging_mixin.py:137} INFO - [2023-03-17T03:23:50.361+0000] {dag.py:2693} INFO - Sync 1 DAGs
[2023-03-17T03:23:50.391+0000] {logging_mixin.py:137} INFO - [2023-03-17T03:23:50.391+0000] {dag.py:3444} INFO - Setting next_dagrun for example_dynamic_task_mapping to 2022-03-04T00:00:00+00:00, run_after=2022-03-05T00:00:00+00:00
[2023-03-17T03:23:50.417+0000] {processor.py:175} INFO - Processing /home/airflow/.local/lib/python3.7/site-packages/airflow/example_dags/example_dynamic_task_mapping.py took 0.122 seconds
[2023-03-17T03:24:20.772+0000] {processor.py:153} INFO - Started process (PID=5984) to work on /home/airflow/.local/lib/python3.7/site-packages/airflow/example_dags/example_dynamic_task_mapping.py
[2023-03-17T03:24:20.774+0000] {processor.py:743} INFO - Processing file /home/airflow/.local/lib/python3.7/site-packages/airflow/example_dags/example_dynamic_task_mapping.py for tasks to queue
[2023-03-17T03:24:20.775+0000] {logging_mixin.py:137} INFO - [2023-03-17T03:24:20.775+0000] {dagbag.py:532} INFO - Filling up the DagBag from /home/airflow/.local/lib/python3.7/site-packages/airflow/example_dags/example_dynamic_task_mapping.py
[2023-03-17T03:24:20.801+0000] {processor.py:753} INFO - DAG(s) dict_keys(['example_dynamic_task_mapping']) retrieved from /home/airflow/.local/lib/python3.7/site-packages/airflow/example_dags/example_dynamic_task_mapping.py
[2023-03-17T03:24:20.829+0000] {logging_mixin.py:137} INFO - [2023-03-17T03:24:20.829+0000] {dag.py:2693} INFO - Sync 1 DAGs
[2023-03-17T03:24:20.860+0000] {logging_mixin.py:137} INFO - [2023-03-17T03:24:20.860+0000] {dag.py:3444} INFO - Setting next_dagrun for example_dynamic_task_mapping to 2022-03-04T00:00:00+00:00, run_after=2022-03-05T00:00:00+00:00
[2023-03-17T03:24:20.893+0000] {processor.py:175} INFO - Processing /home/airflow/.local/lib/python3.7/site-packages/airflow/example_dags/example_dynamic_task_mapping.py took 0.124 seconds
[2023-03-17T03:24:51.104+0000] {processor.py:153} INFO - Started process (PID=6201) to work on /home/airflow/.local/lib/python3.7/site-packages/airflow/example_dags/example_dynamic_task_mapping.py
[2023-03-17T03:24:51.106+0000] {processor.py:743} INFO - Processing file /home/airflow/.local/lib/python3.7/site-packages/airflow/example_dags/example_dynamic_task_mapping.py for tasks to queue
[2023-03-17T03:24:51.107+0000] {logging_mixin.py:137} INFO - [2023-03-17T03:24:51.107+0000] {dagbag.py:532} INFO - Filling up the DagBag from /home/airflow/.local/lib/python3.7/site-packages/airflow/example_dags/example_dynamic_task_mapping.py
[2023-03-17T03:24:51.135+0000] {processor.py:753} INFO - DAG(s) dict_keys(['example_dynamic_task_mapping']) retrieved from /home/airflow/.local/lib/python3.7/site-packages/airflow/example_dags/example_dynamic_task_mapping.py
[2023-03-17T03:24:51.170+0000] {logging_mixin.py:137} INFO - [2023-03-17T03:24:51.170+0000] {dag.py:2693} INFO - Sync 1 DAGs
[2023-03-17T03:24:51.206+0000] {logging_mixin.py:137} INFO - [2023-03-17T03:24:51.205+0000] {dag.py:3444} INFO - Setting next_dagrun for example_dynamic_task_mapping to 2022-03-04T00:00:00+00:00, run_after=2022-03-05T00:00:00+00:00
[2023-03-17T03:24:51.232+0000] {processor.py:175} INFO - Processing /home/airflow/.local/lib/python3.7/site-packages/airflow/example_dags/example_dynamic_task_mapping.py took 0.131 seconds
[2023-03-17T03:25:21.528+0000] {processor.py:153} INFO - Started process (PID=6418) to work on /home/airflow/.local/lib/python3.7/site-packages/airflow/example_dags/example_dynamic_task_mapping.py
[2023-03-17T03:25:21.529+0000] {processor.py:743} INFO - Processing file /home/airflow/.local/lib/python3.7/site-packages/airflow/example_dags/example_dynamic_task_mapping.py for tasks to queue
[2023-03-17T03:25:21.531+0000] {logging_mixin.py:137} INFO - [2023-03-17T03:25:21.530+0000] {dagbag.py:532} INFO - Filling up the DagBag from /home/airflow/.local/lib/python3.7/site-packages/airflow/example_dags/example_dynamic_task_mapping.py
[2023-03-17T03:25:21.557+0000] {processor.py:753} INFO - DAG(s) dict_keys(['example_dynamic_task_mapping']) retrieved from /home/airflow/.local/lib/python3.7/site-packages/airflow/example_dags/example_dynamic_task_mapping.py
[2023-03-17T03:25:21.585+0000] {logging_mixin.py:137} INFO - [2023-03-17T03:25:21.585+0000] {dag.py:2693} INFO - Sync 1 DAGs
[2023-03-17T03:25:21.616+0000] {logging_mixin.py:137} INFO - [2023-03-17T03:25:21.616+0000] {dag.py:3444} INFO - Setting next_dagrun for example_dynamic_task_mapping to 2022-03-04T00:00:00+00:00, run_after=2022-03-05T00:00:00+00:00
[2023-03-17T03:25:21.642+0000] {processor.py:175} INFO - Processing /home/airflow/.local/lib/python3.7/site-packages/airflow/example_dags/example_dynamic_task_mapping.py took 0.118 seconds
[2023-03-17T03:25:52.036+0000] {processor.py:153} INFO - Started process (PID=6635) to work on /home/airflow/.local/lib/python3.7/site-packages/airflow/example_dags/example_dynamic_task_mapping.py
[2023-03-17T03:25:52.037+0000] {processor.py:743} INFO - Processing file /home/airflow/.local/lib/python3.7/site-packages/airflow/example_dags/example_dynamic_task_mapping.py for tasks to queue
[2023-03-17T03:25:52.039+0000] {logging_mixin.py:137} INFO - [2023-03-17T03:25:52.038+0000] {dagbag.py:532} INFO - Filling up the DagBag from /home/airflow/.local/lib/python3.7/site-packages/airflow/example_dags/example_dynamic_task_mapping.py
[2023-03-17T03:25:52.079+0000] {processor.py:753} INFO - DAG(s) dict_keys(['example_dynamic_task_mapping']) retrieved from /home/airflow/.local/lib/python3.7/site-packages/airflow/example_dags/example_dynamic_task_mapping.py
[2023-03-17T03:25:52.114+0000] {logging_mixin.py:137} INFO - [2023-03-17T03:25:52.114+0000] {dag.py:2693} INFO - Sync 1 DAGs
[2023-03-17T03:25:52.147+0000] {logging_mixin.py:137} INFO - [2023-03-17T03:25:52.147+0000] {dag.py:3444} INFO - Setting next_dagrun for example_dynamic_task_mapping to 2022-03-04T00:00:00+00:00, run_after=2022-03-05T00:00:00+00:00
[2023-03-17T03:25:52.174+0000] {processor.py:175} INFO - Processing /home/airflow/.local/lib/python3.7/site-packages/airflow/example_dags/example_dynamic_task_mapping.py took 0.143 seconds
[2023-03-17T03:26:22.610+0000] {processor.py:153} INFO - Started process (PID=6852) to work on /home/airflow/.local/lib/python3.7/site-packages/airflow/example_dags/example_dynamic_task_mapping.py
[2023-03-17T03:26:22.611+0000] {processor.py:743} INFO - Processing file /home/airflow/.local/lib/python3.7/site-packages/airflow/example_dags/example_dynamic_task_mapping.py for tasks to queue
[2023-03-17T03:26:22.613+0000] {logging_mixin.py:137} INFO - [2023-03-17T03:26:22.613+0000] {dagbag.py:532} INFO - Filling up the DagBag from /home/airflow/.local/lib/python3.7/site-packages/airflow/example_dags/example_dynamic_task_mapping.py
[2023-03-17T03:26:22.640+0000] {processor.py:753} INFO - DAG(s) dict_keys(['example_dynamic_task_mapping']) retrieved from /home/airflow/.local/lib/python3.7/site-packages/airflow/example_dags/example_dynamic_task_mapping.py
[2023-03-17T03:26:22.669+0000] {logging_mixin.py:137} INFO - [2023-03-17T03:26:22.669+0000] {dag.py:2693} INFO - Sync 1 DAGs
[2023-03-17T03:26:22.698+0000] {logging_mixin.py:137} INFO - [2023-03-17T03:26:22.698+0000] {dag.py:3444} INFO - Setting next_dagrun for example_dynamic_task_mapping to 2022-03-04T00:00:00+00:00, run_after=2022-03-05T00:00:00+00:00
[2023-03-17T03:26:22.727+0000] {processor.py:175} INFO - Processing /home/airflow/.local/lib/python3.7/site-packages/airflow/example_dags/example_dynamic_task_mapping.py took 0.120 seconds
[2023-03-17T03:26:52.898+0000] {processor.py:153} INFO - Started process (PID=7069) to work on /home/airflow/.local/lib/python3.7/site-packages/airflow/example_dags/example_dynamic_task_mapping.py
[2023-03-17T03:26:52.899+0000] {processor.py:743} INFO - Processing file /home/airflow/.local/lib/python3.7/site-packages/airflow/example_dags/example_dynamic_task_mapping.py for tasks to queue
[2023-03-17T03:26:52.900+0000] {logging_mixin.py:137} INFO - [2023-03-17T03:26:52.900+0000] {dagbag.py:532} INFO - Filling up the DagBag from /home/airflow/.local/lib/python3.7/site-packages/airflow/example_dags/example_dynamic_task_mapping.py
[2023-03-17T03:26:52.927+0000] {processor.py:753} INFO - DAG(s) dict_keys(['example_dynamic_task_mapping']) retrieved from /home/airflow/.local/lib/python3.7/site-packages/airflow/example_dags/example_dynamic_task_mapping.py
[2023-03-17T03:26:52.960+0000] {logging_mixin.py:137} INFO - [2023-03-17T03:26:52.959+0000] {dag.py:2693} INFO - Sync 1 DAGs
[2023-03-17T03:26:52.991+0000] {logging_mixin.py:137} INFO - [2023-03-17T03:26:52.990+0000] {dag.py:3444} INFO - Setting next_dagrun for example_dynamic_task_mapping to 2022-03-04T00:00:00+00:00, run_after=2022-03-05T00:00:00+00:00
[2023-03-17T03:26:53.016+0000] {processor.py:175} INFO - Processing /home/airflow/.local/lib/python3.7/site-packages/airflow/example_dags/example_dynamic_task_mapping.py took 0.122 seconds
[2023-03-17T03:27:23.356+0000] {processor.py:153} INFO - Started process (PID=7286) to work on /home/airflow/.local/lib/python3.7/site-packages/airflow/example_dags/example_dynamic_task_mapping.py
[2023-03-17T03:27:23.357+0000] {processor.py:743} INFO - Processing file /home/airflow/.local/lib/python3.7/site-packages/airflow/example_dags/example_dynamic_task_mapping.py for tasks to queue
[2023-03-17T03:27:23.358+0000] {logging_mixin.py:137} INFO - [2023-03-17T03:27:23.358+0000] {dagbag.py:532} INFO - Filling up the DagBag from /home/airflow/.local/lib/python3.7/site-packages/airflow/example_dags/example_dynamic_task_mapping.py
[2023-03-17T03:27:23.385+0000] {processor.py:753} INFO - DAG(s) dict_keys(['example_dynamic_task_mapping']) retrieved from /home/airflow/.local/lib/python3.7/site-packages/airflow/example_dags/example_dynamic_task_mapping.py
[2023-03-17T03:27:23.416+0000] {logging_mixin.py:137} INFO - [2023-03-17T03:27:23.415+0000] {dag.py:2693} INFO - Sync 1 DAGs
[2023-03-17T03:27:23.447+0000] {logging_mixin.py:137} INFO - [2023-03-17T03:27:23.447+0000] {dag.py:3444} INFO - Setting next_dagrun for example_dynamic_task_mapping to 2022-03-04T00:00:00+00:00, run_after=2022-03-05T00:00:00+00:00
[2023-03-17T03:27:23.473+0000] {processor.py:175} INFO - Processing /home/airflow/.local/lib/python3.7/site-packages/airflow/example_dags/example_dynamic_task_mapping.py took 0.121 seconds
[2023-03-17T03:27:53.658+0000] {processor.py:153} INFO - Started process (PID=7503) to work on /home/airflow/.local/lib/python3.7/site-packages/airflow/example_dags/example_dynamic_task_mapping.py
[2023-03-17T03:27:53.659+0000] {processor.py:743} INFO - Processing file /home/airflow/.local/lib/python3.7/site-packages/airflow/example_dags/example_dynamic_task_mapping.py for tasks to queue
[2023-03-17T03:27:53.660+0000] {logging_mixin.py:137} INFO - [2023-03-17T03:27:53.660+0000] {dagbag.py:532} INFO - Filling up the DagBag from /home/airflow/.local/lib/python3.7/site-packages/airflow/example_dags/example_dynamic_task_mapping.py
[2023-03-17T03:27:53.688+0000] {processor.py:753} INFO - DAG(s) dict_keys(['example_dynamic_task_mapping']) retrieved from /home/airflow/.local/lib/python3.7/site-packages/airflow/example_dags/example_dynamic_task_mapping.py
[2023-03-17T03:27:53.716+0000] {logging_mixin.py:137} INFO - [2023-03-17T03:27:53.716+0000] {dag.py:2693} INFO - Sync 1 DAGs
[2023-03-17T03:27:53.747+0000] {logging_mixin.py:137} INFO - [2023-03-17T03:27:53.747+0000] {dag.py:3444} INFO - Setting next_dagrun for example_dynamic_task_mapping to 2022-03-04T00:00:00+00:00, run_after=2022-03-05T00:00:00+00:00
[2023-03-17T03:27:53.772+0000] {processor.py:175} INFO - Processing /home/airflow/.local/lib/python3.7/site-packages/airflow/example_dags/example_dynamic_task_mapping.py took 0.118 seconds
[2023-03-17T03:28:24.008+0000] {processor.py:153} INFO - Started process (PID=7720) to work on /home/airflow/.local/lib/python3.7/site-packages/airflow/example_dags/example_dynamic_task_mapping.py
[2023-03-17T03:28:24.009+0000] {processor.py:743} INFO - Processing file /home/airflow/.local/lib/python3.7/site-packages/airflow/example_dags/example_dynamic_task_mapping.py for tasks to queue
[2023-03-17T03:28:24.011+0000] {logging_mixin.py:137} INFO - [2023-03-17T03:28:24.010+0000] {dagbag.py:532} INFO - Filling up the DagBag from /home/airflow/.local/lib/python3.7/site-packages/airflow/example_dags/example_dynamic_task_mapping.py
[2023-03-17T03:28:24.039+0000] {processor.py:753} INFO - DAG(s) dict_keys(['example_dynamic_task_mapping']) retrieved from /home/airflow/.local/lib/python3.7/site-packages/airflow/example_dags/example_dynamic_task_mapping.py
[2023-03-17T03:28:24.066+0000] {logging_mixin.py:137} INFO - [2023-03-17T03:28:24.066+0000] {dag.py:2693} INFO - Sync 1 DAGs
[2023-03-17T03:28:24.095+0000] {logging_mixin.py:137} INFO - [2023-03-17T03:28:24.095+0000] {dag.py:3444} INFO - Setting next_dagrun for example_dynamic_task_mapping to 2022-03-04T00:00:00+00:00, run_after=2022-03-05T00:00:00+00:00
[2023-03-17T03:28:24.123+0000] {processor.py:175} INFO - Processing /home/airflow/.local/lib/python3.7/site-packages/airflow/example_dags/example_dynamic_task_mapping.py took 0.120 seconds
[2023-03-17T03:28:54.467+0000] {processor.py:153} INFO - Started process (PID=7937) to work on /home/airflow/.local/lib/python3.7/site-packages/airflow/example_dags/example_dynamic_task_mapping.py
[2023-03-17T03:28:54.468+0000] {processor.py:743} INFO - Processing file /home/airflow/.local/lib/python3.7/site-packages/airflow/example_dags/example_dynamic_task_mapping.py for tasks to queue
[2023-03-17T03:28:54.469+0000] {logging_mixin.py:137} INFO - [2023-03-17T03:28:54.469+0000] {dagbag.py:532} INFO - Filling up the DagBag from /home/airflow/.local/lib/python3.7/site-packages/airflow/example_dags/example_dynamic_task_mapping.py
[2023-03-17T03:28:54.498+0000] {processor.py:753} INFO - DAG(s) dict_keys(['example_dynamic_task_mapping']) retrieved from /home/airflow/.local/lib/python3.7/site-packages/airflow/example_dags/example_dynamic_task_mapping.py
[2023-03-17T03:28:54.528+0000] {logging_mixin.py:137} INFO - [2023-03-17T03:28:54.528+0000] {dag.py:2693} INFO - Sync 1 DAGs
[2023-03-17T03:28:54.560+0000] {logging_mixin.py:137} INFO - [2023-03-17T03:28:54.560+0000] {dag.py:3444} INFO - Setting next_dagrun for example_dynamic_task_mapping to 2022-03-04T00:00:00+00:00, run_after=2022-03-05T00:00:00+00:00
[2023-03-17T03:28:54.586+0000] {processor.py:175} INFO - Processing /home/airflow/.local/lib/python3.7/site-packages/airflow/example_dags/example_dynamic_task_mapping.py took 0.123 seconds
[2023-03-17T03:29:24.876+0000] {processor.py:153} INFO - Started process (PID=8155) to work on /home/airflow/.local/lib/python3.7/site-packages/airflow/example_dags/example_dynamic_task_mapping.py
[2023-03-17T03:29:24.877+0000] {processor.py:743} INFO - Processing file /home/airflow/.local/lib/python3.7/site-packages/airflow/example_dags/example_dynamic_task_mapping.py for tasks to queue
[2023-03-17T03:29:24.879+0000] {logging_mixin.py:137} INFO - [2023-03-17T03:29:24.878+0000] {dagbag.py:532} INFO - Filling up the DagBag from /home/airflow/.local/lib/python3.7/site-packages/airflow/example_dags/example_dynamic_task_mapping.py
[2023-03-17T03:29:24.905+0000] {processor.py:753} INFO - DAG(s) dict_keys(['example_dynamic_task_mapping']) retrieved from /home/airflow/.local/lib/python3.7/site-packages/airflow/example_dags/example_dynamic_task_mapping.py
[2023-03-17T03:29:24.935+0000] {logging_mixin.py:137} INFO - [2023-03-17T03:29:24.935+0000] {dag.py:2693} INFO - Sync 1 DAGs
[2023-03-17T03:29:24.966+0000] {logging_mixin.py:137} INFO - [2023-03-17T03:29:24.965+0000] {dag.py:3444} INFO - Setting next_dagrun for example_dynamic_task_mapping to 2022-03-04T00:00:00+00:00, run_after=2022-03-05T00:00:00+00:00
[2023-03-17T03:29:24.992+0000] {processor.py:175} INFO - Processing /home/airflow/.local/lib/python3.7/site-packages/airflow/example_dags/example_dynamic_task_mapping.py took 0.120 seconds
[2023-03-17T03:29:55.171+0000] {processor.py:153} INFO - Started process (PID=8372) to work on /home/airflow/.local/lib/python3.7/site-packages/airflow/example_dags/example_dynamic_task_mapping.py
[2023-03-17T03:29:55.172+0000] {processor.py:743} INFO - Processing file /home/airflow/.local/lib/python3.7/site-packages/airflow/example_dags/example_dynamic_task_mapping.py for tasks to queue
[2023-03-17T03:29:55.173+0000] {logging_mixin.py:137} INFO - [2023-03-17T03:29:55.173+0000] {dagbag.py:532} INFO - Filling up the DagBag from /home/airflow/.local/lib/python3.7/site-packages/airflow/example_dags/example_dynamic_task_mapping.py
[2023-03-17T03:29:55.201+0000] {processor.py:753} INFO - DAG(s) dict_keys(['example_dynamic_task_mapping']) retrieved from /home/airflow/.local/lib/python3.7/site-packages/airflow/example_dags/example_dynamic_task_mapping.py
[2023-03-17T03:29:55.229+0000] {logging_mixin.py:137} INFO - [2023-03-17T03:29:55.229+0000] {dag.py:2693} INFO - Sync 1 DAGs
[2023-03-17T03:29:55.260+0000] {logging_mixin.py:137} INFO - [2023-03-17T03:29:55.260+0000] {dag.py:3444} INFO - Setting next_dagrun for example_dynamic_task_mapping to 2022-03-04T00:00:00+00:00, run_after=2022-03-05T00:00:00+00:00
[2023-03-17T03:29:55.286+0000] {processor.py:175} INFO - Processing /home/airflow/.local/lib/python3.7/site-packages/airflow/example_dags/example_dynamic_task_mapping.py took 0.118 seconds
[2023-03-17T03:30:25.981+0000] {processor.py:153} INFO - Started process (PID=8589) to work on /home/airflow/.local/lib/python3.7/site-packages/airflow/example_dags/example_dynamic_task_mapping.py
[2023-03-17T03:30:25.982+0000] {processor.py:743} INFO - Processing file /home/airflow/.local/lib/python3.7/site-packages/airflow/example_dags/example_dynamic_task_mapping.py for tasks to queue
[2023-03-17T03:30:25.984+0000] {logging_mixin.py:137} INFO - [2023-03-17T03:30:25.984+0000] {dagbag.py:532} INFO - Filling up the DagBag from /home/airflow/.local/lib/python3.7/site-packages/airflow/example_dags/example_dynamic_task_mapping.py
[2023-03-17T03:30:26.025+0000] {processor.py:753} INFO - DAG(s) dict_keys(['example_dynamic_task_mapping']) retrieved from /home/airflow/.local/lib/python3.7/site-packages/airflow/example_dags/example_dynamic_task_mapping.py
[2023-03-17T03:30:26.059+0000] {logging_mixin.py:137} INFO - [2023-03-17T03:30:26.059+0000] {dag.py:2693} INFO - Sync 1 DAGs
[2023-03-17T03:30:26.105+0000] {logging_mixin.py:137} INFO - [2023-03-17T03:30:26.105+0000] {dag.py:3444} INFO - Setting next_dagrun for example_dynamic_task_mapping to 2022-03-04T00:00:00+00:00, run_after=2022-03-05T00:00:00+00:00
[2023-03-17T03:30:26.131+0000] {processor.py:175} INFO - Processing /home/airflow/.local/lib/python3.7/site-packages/airflow/example_dags/example_dynamic_task_mapping.py took 0.156 seconds
[2023-03-17T03:30:56.303+0000] {processor.py:153} INFO - Started process (PID=8806) to work on /home/airflow/.local/lib/python3.7/site-packages/airflow/example_dags/example_dynamic_task_mapping.py
[2023-03-17T03:30:56.305+0000] {processor.py:743} INFO - Processing file /home/airflow/.local/lib/python3.7/site-packages/airflow/example_dags/example_dynamic_task_mapping.py for tasks to queue
[2023-03-17T03:30:56.307+0000] {logging_mixin.py:137} INFO - [2023-03-17T03:30:56.306+0000] {dagbag.py:532} INFO - Filling up the DagBag from /home/airflow/.local/lib/python3.7/site-packages/airflow/example_dags/example_dynamic_task_mapping.py
[2023-03-17T03:30:56.338+0000] {processor.py:753} INFO - DAG(s) dict_keys(['example_dynamic_task_mapping']) retrieved from /home/airflow/.local/lib/python3.7/site-packages/airflow/example_dags/example_dynamic_task_mapping.py
[2023-03-17T03:30:56.369+0000] {logging_mixin.py:137} INFO - [2023-03-17T03:30:56.368+0000] {dag.py:2693} INFO - Sync 1 DAGs
[2023-03-17T03:30:56.402+0000] {logging_mixin.py:137} INFO - [2023-03-17T03:30:56.402+0000] {dag.py:3444} INFO - Setting next_dagrun for example_dynamic_task_mapping to 2022-03-04T00:00:00+00:00, run_after=2022-03-05T00:00:00+00:00
[2023-03-17T03:30:56.429+0000] {processor.py:175} INFO - Processing /home/airflow/.local/lib/python3.7/site-packages/airflow/example_dags/example_dynamic_task_mapping.py took 0.136 seconds
[2023-03-17T03:31:26.603+0000] {processor.py:153} INFO - Started process (PID=9023) to work on /home/airflow/.local/lib/python3.7/site-packages/airflow/example_dags/example_dynamic_task_mapping.py
[2023-03-17T03:31:26.604+0000] {processor.py:743} INFO - Processing file /home/airflow/.local/lib/python3.7/site-packages/airflow/example_dags/example_dynamic_task_mapping.py for tasks to queue
[2023-03-17T03:31:26.606+0000] {logging_mixin.py:137} INFO - [2023-03-17T03:31:26.606+0000] {dagbag.py:532} INFO - Filling up the DagBag from /home/airflow/.local/lib/python3.7/site-packages/airflow/example_dags/example_dynamic_task_mapping.py
[2023-03-17T03:31:26.637+0000] {processor.py:753} INFO - DAG(s) dict_keys(['example_dynamic_task_mapping']) retrieved from /home/airflow/.local/lib/python3.7/site-packages/airflow/example_dags/example_dynamic_task_mapping.py
[2023-03-17T03:31:26.668+0000] {logging_mixin.py:137} INFO - [2023-03-17T03:31:26.668+0000] {dag.py:2693} INFO - Sync 1 DAGs
[2023-03-17T03:31:26.698+0000] {logging_mixin.py:137} INFO - [2023-03-17T03:31:26.698+0000] {dag.py:3444} INFO - Setting next_dagrun for example_dynamic_task_mapping to 2022-03-04T00:00:00+00:00, run_after=2022-03-05T00:00:00+00:00
[2023-03-17T03:31:26.724+0000] {processor.py:175} INFO - Processing /home/airflow/.local/lib/python3.7/site-packages/airflow/example_dags/example_dynamic_task_mapping.py took 0.126 seconds
[2023-03-17T03:31:57.040+0000] {processor.py:153} INFO - Started process (PID=9240) to work on /home/airflow/.local/lib/python3.7/site-packages/airflow/example_dags/example_dynamic_task_mapping.py
[2023-03-17T03:31:57.041+0000] {processor.py:743} INFO - Processing file /home/airflow/.local/lib/python3.7/site-packages/airflow/example_dags/example_dynamic_task_mapping.py for tasks to queue
[2023-03-17T03:31:57.042+0000] {logging_mixin.py:137} INFO - [2023-03-17T03:31:57.042+0000] {dagbag.py:532} INFO - Filling up the DagBag from /home/airflow/.local/lib/python3.7/site-packages/airflow/example_dags/example_dynamic_task_mapping.py
[2023-03-17T03:31:57.083+0000] {processor.py:753} INFO - DAG(s) dict_keys(['example_dynamic_task_mapping']) retrieved from /home/airflow/.local/lib/python3.7/site-packages/airflow/example_dags/example_dynamic_task_mapping.py
[2023-03-17T03:31:57.127+0000] {logging_mixin.py:137} INFO - [2023-03-17T03:31:57.126+0000] {dag.py:2693} INFO - Sync 1 DAGs
[2023-03-17T03:31:57.159+0000] {logging_mixin.py:137} INFO - [2023-03-17T03:31:57.159+0000] {dag.py:3444} INFO - Setting next_dagrun for example_dynamic_task_mapping to 2022-03-04T00:00:00+00:00, run_after=2022-03-05T00:00:00+00:00
[2023-03-17T03:31:57.183+0000] {processor.py:175} INFO - Processing /home/airflow/.local/lib/python3.7/site-packages/airflow/example_dags/example_dynamic_task_mapping.py took 0.148 seconds
[2023-03-17T03:32:27.432+0000] {processor.py:153} INFO - Started process (PID=9457) to work on /home/airflow/.local/lib/python3.7/site-packages/airflow/example_dags/example_dynamic_task_mapping.py
[2023-03-17T03:32:27.433+0000] {processor.py:743} INFO - Processing file /home/airflow/.local/lib/python3.7/site-packages/airflow/example_dags/example_dynamic_task_mapping.py for tasks to queue
[2023-03-17T03:32:27.434+0000] {logging_mixin.py:137} INFO - [2023-03-17T03:32:27.434+0000] {dagbag.py:532} INFO - Filling up the DagBag from /home/airflow/.local/lib/python3.7/site-packages/airflow/example_dags/example_dynamic_task_mapping.py
[2023-03-17T03:32:27.460+0000] {processor.py:753} INFO - DAG(s) dict_keys(['example_dynamic_task_mapping']) retrieved from /home/airflow/.local/lib/python3.7/site-packages/airflow/example_dags/example_dynamic_task_mapping.py
[2023-03-17T03:32:27.581+0000] {logging_mixin.py:137} INFO - [2023-03-17T03:32:27.581+0000] {dag.py:2693} INFO - Sync 1 DAGs
[2023-03-17T03:32:27.625+0000] {logging_mixin.py:137} INFO - [2023-03-17T03:32:27.625+0000] {dag.py:3444} INFO - Setting next_dagrun for example_dynamic_task_mapping to 2022-03-04T00:00:00+00:00, run_after=2022-03-05T00:00:00+00:00
[2023-03-17T03:32:27.654+0000] {processor.py:175} INFO - Processing /home/airflow/.local/lib/python3.7/site-packages/airflow/example_dags/example_dynamic_task_mapping.py took 0.226 seconds
[2023-03-17T03:32:58.516+0000] {processor.py:153} INFO - Started process (PID=9674) to work on /home/airflow/.local/lib/python3.7/site-packages/airflow/example_dags/example_dynamic_task_mapping.py
[2023-03-17T03:32:58.517+0000] {processor.py:743} INFO - Processing file /home/airflow/.local/lib/python3.7/site-packages/airflow/example_dags/example_dynamic_task_mapping.py for tasks to queue
[2023-03-17T03:32:58.518+0000] {logging_mixin.py:137} INFO - [2023-03-17T03:32:58.518+0000] {dagbag.py:532} INFO - Filling up the DagBag from /home/airflow/.local/lib/python3.7/site-packages/airflow/example_dags/example_dynamic_task_mapping.py
[2023-03-17T03:32:58.547+0000] {processor.py:753} INFO - DAG(s) dict_keys(['example_dynamic_task_mapping']) retrieved from /home/airflow/.local/lib/python3.7/site-packages/airflow/example_dags/example_dynamic_task_mapping.py
[2023-03-17T03:32:58.580+0000] {logging_mixin.py:137} INFO - [2023-03-17T03:32:58.579+0000] {dag.py:2693} INFO - Sync 1 DAGs
[2023-03-17T03:32:58.613+0000] {logging_mixin.py:137} INFO - [2023-03-17T03:32:58.612+0000] {dag.py:3444} INFO - Setting next_dagrun for example_dynamic_task_mapping to 2022-03-04T00:00:00+00:00, run_after=2022-03-05T00:00:00+00:00
[2023-03-17T03:32:58.638+0000] {processor.py:175} INFO - Processing /home/airflow/.local/lib/python3.7/site-packages/airflow/example_dags/example_dynamic_task_mapping.py took 0.127 seconds
[2023-03-17T03:33:28.980+0000] {processor.py:153} INFO - Started process (PID=9892) to work on /home/airflow/.local/lib/python3.7/site-packages/airflow/example_dags/example_dynamic_task_mapping.py
[2023-03-17T03:33:28.982+0000] {processor.py:743} INFO - Processing file /home/airflow/.local/lib/python3.7/site-packages/airflow/example_dags/example_dynamic_task_mapping.py for tasks to queue
[2023-03-17T03:33:28.985+0000] {logging_mixin.py:137} INFO - [2023-03-17T03:33:28.985+0000] {dagbag.py:532} INFO - Filling up the DagBag from /home/airflow/.local/lib/python3.7/site-packages/airflow/example_dags/example_dynamic_task_mapping.py
[2023-03-17T03:33:29.024+0000] {processor.py:753} INFO - DAG(s) dict_keys(['example_dynamic_task_mapping']) retrieved from /home/airflow/.local/lib/python3.7/site-packages/airflow/example_dags/example_dynamic_task_mapping.py
[2023-03-17T03:33:29.060+0000] {logging_mixin.py:137} INFO - [2023-03-17T03:33:29.060+0000] {dag.py:2693} INFO - Sync 1 DAGs
[2023-03-17T03:33:29.099+0000] {logging_mixin.py:137} INFO - [2023-03-17T03:33:29.098+0000] {dag.py:3444} INFO - Setting next_dagrun for example_dynamic_task_mapping to 2022-03-04T00:00:00+00:00, run_after=2022-03-05T00:00:00+00:00
[2023-03-17T03:33:29.130+0000] {processor.py:175} INFO - Processing /home/airflow/.local/lib/python3.7/site-packages/airflow/example_dags/example_dynamic_task_mapping.py took 0.155 seconds
[2023-03-17T03:33:59.520+0000] {processor.py:153} INFO - Started process (PID=10109) to work on /home/airflow/.local/lib/python3.7/site-packages/airflow/example_dags/example_dynamic_task_mapping.py
[2023-03-17T03:33:59.522+0000] {processor.py:743} INFO - Processing file /home/airflow/.local/lib/python3.7/site-packages/airflow/example_dags/example_dynamic_task_mapping.py for tasks to queue
[2023-03-17T03:33:59.523+0000] {logging_mixin.py:137} INFO - [2023-03-17T03:33:59.523+0000] {dagbag.py:532} INFO - Filling up the DagBag from /home/airflow/.local/lib/python3.7/site-packages/airflow/example_dags/example_dynamic_task_mapping.py
[2023-03-17T03:33:59.550+0000] {processor.py:753} INFO - DAG(s) dict_keys(['example_dynamic_task_mapping']) retrieved from /home/airflow/.local/lib/python3.7/site-packages/airflow/example_dags/example_dynamic_task_mapping.py
[2023-03-17T03:33:59.580+0000] {logging_mixin.py:137} INFO - [2023-03-17T03:33:59.580+0000] {dag.py:2693} INFO - Sync 1 DAGs
[2023-03-17T03:33:59.613+0000] {logging_mixin.py:137} INFO - [2023-03-17T03:33:59.613+0000] {dag.py:3444} INFO - Setting next_dagrun for example_dynamic_task_mapping to 2022-03-04T00:00:00+00:00, run_after=2022-03-05T00:00:00+00:00
[2023-03-17T03:33:59.641+0000] {processor.py:175} INFO - Processing /home/airflow/.local/lib/python3.7/site-packages/airflow/example_dags/example_dynamic_task_mapping.py took 0.125 seconds
[2023-03-17T03:34:30.182+0000] {processor.py:153} INFO - Started process (PID=10327) to work on /home/airflow/.local/lib/python3.7/site-packages/airflow/example_dags/example_dynamic_task_mapping.py
[2023-03-17T03:34:30.183+0000] {processor.py:743} INFO - Processing file /home/airflow/.local/lib/python3.7/site-packages/airflow/example_dags/example_dynamic_task_mapping.py for tasks to queue
[2023-03-17T03:34:30.184+0000] {logging_mixin.py:137} INFO - [2023-03-17T03:34:30.184+0000] {dagbag.py:532} INFO - Filling up the DagBag from /home/airflow/.local/lib/python3.7/site-packages/airflow/example_dags/example_dynamic_task_mapping.py
[2023-03-17T03:34:30.210+0000] {processor.py:753} INFO - DAG(s) dict_keys(['example_dynamic_task_mapping']) retrieved from /home/airflow/.local/lib/python3.7/site-packages/airflow/example_dags/example_dynamic_task_mapping.py
[2023-03-17T03:34:30.240+0000] {logging_mixin.py:137} INFO - [2023-03-17T03:34:30.240+0000] {dag.py:2693} INFO - Sync 1 DAGs
[2023-03-17T03:34:30.272+0000] {logging_mixin.py:137} INFO - [2023-03-17T03:34:30.272+0000] {dag.py:3444} INFO - Setting next_dagrun for example_dynamic_task_mapping to 2022-03-04T00:00:00+00:00, run_after=2022-03-05T00:00:00+00:00
[2023-03-17T03:34:30.296+0000] {processor.py:175} INFO - Processing /home/airflow/.local/lib/python3.7/site-packages/airflow/example_dags/example_dynamic_task_mapping.py took 0.119 seconds
