[2023-03-17T03:11:02.366+0000] {processor.py:153} INFO - Started process (PID=292) to work on /home/airflow/.local/lib/python3.7/site-packages/airflow/example_dags/example_nested_branch_dag.py
[2023-03-17T03:11:02.368+0000] {processor.py:743} INFO - Processing file /home/airflow/.local/lib/python3.7/site-packages/airflow/example_dags/example_nested_branch_dag.py for tasks to queue
[2023-03-17T03:11:02.369+0000] {logging_mixin.py:137} INFO - [2023-03-17T03:11:02.369+0000] {dagbag.py:532} INFO - Filling up the DagBag from /home/airflow/.local/lib/python3.7/site-packages/airflow/example_dags/example_nested_branch_dag.py
[2023-03-17T03:11:02.422+0000] {processor.py:753} INFO - DAG(s) dict_keys(['example_nested_branch_dag']) retrieved from /home/airflow/.local/lib/python3.7/site-packages/airflow/example_dags/example_nested_branch_dag.py
[2023-03-17T03:11:02.481+0000] {logging_mixin.py:137} INFO - [2023-03-17T03:11:02.481+0000] {dag.py:2693} INFO - Sync 1 DAGs
[2023-03-17T03:11:02.544+0000] {logging_mixin.py:137} INFO - [2023-03-17T03:11:02.544+0000] {dag.py:3444} INFO - Setting next_dagrun for example_nested_branch_dag to 2023-03-16T00:00:00+00:00, run_after=2023-03-17T00:00:00+00:00
[2023-03-17T03:11:02.589+0000] {processor.py:175} INFO - Processing /home/airflow/.local/lib/python3.7/site-packages/airflow/example_dags/example_nested_branch_dag.py took 0.228 seconds
[2023-03-17T03:11:35.405+0000] {processor.py:153} INFO - Started process (PID=514) to work on /home/airflow/.local/lib/python3.7/site-packages/airflow/example_dags/example_nested_branch_dag.py
[2023-03-17T03:11:35.408+0000] {processor.py:743} INFO - Processing file /home/airflow/.local/lib/python3.7/site-packages/airflow/example_dags/example_nested_branch_dag.py for tasks to queue
[2023-03-17T03:11:35.410+0000] {logging_mixin.py:137} INFO - [2023-03-17T03:11:35.409+0000] {dagbag.py:532} INFO - Filling up the DagBag from /home/airflow/.local/lib/python3.7/site-packages/airflow/example_dags/example_nested_branch_dag.py
[2023-03-17T03:11:35.447+0000] {processor.py:753} INFO - DAG(s) dict_keys(['example_nested_branch_dag']) retrieved from /home/airflow/.local/lib/python3.7/site-packages/airflow/example_dags/example_nested_branch_dag.py
[2023-03-17T03:11:35.495+0000] {logging_mixin.py:137} INFO - [2023-03-17T03:11:35.495+0000] {dag.py:2693} INFO - Sync 1 DAGs
[2023-03-17T03:11:35.548+0000] {logging_mixin.py:137} INFO - [2023-03-17T03:11:35.547+0000] {dag.py:3444} INFO - Setting next_dagrun for example_nested_branch_dag to 2023-03-16T00:00:00+00:00, run_after=2023-03-17T00:00:00+00:00
[2023-03-17T03:11:35.585+0000] {processor.py:175} INFO - Processing /home/airflow/.local/lib/python3.7/site-packages/airflow/example_dags/example_nested_branch_dag.py took 0.185 seconds
[2023-03-17T03:12:06.446+0000] {processor.py:153} INFO - Started process (PID=731) to work on /home/airflow/.local/lib/python3.7/site-packages/airflow/example_dags/example_nested_branch_dag.py
[2023-03-17T03:12:06.448+0000] {processor.py:743} INFO - Processing file /home/airflow/.local/lib/python3.7/site-packages/airflow/example_dags/example_nested_branch_dag.py for tasks to queue
[2023-03-17T03:12:06.450+0000] {logging_mixin.py:137} INFO - [2023-03-17T03:12:06.450+0000] {dagbag.py:532} INFO - Filling up the DagBag from /home/airflow/.local/lib/python3.7/site-packages/airflow/example_dags/example_nested_branch_dag.py
[2023-03-17T03:12:06.529+0000] {processor.py:753} INFO - DAG(s) dict_keys(['example_nested_branch_dag']) retrieved from /home/airflow/.local/lib/python3.7/site-packages/airflow/example_dags/example_nested_branch_dag.py
[2023-03-17T03:12:06.645+0000] {logging_mixin.py:137} INFO - [2023-03-17T03:12:06.644+0000] {dag.py:2693} INFO - Sync 1 DAGs
[2023-03-17T03:12:06.710+0000] {logging_mixin.py:137} INFO - [2023-03-17T03:12:06.709+0000] {dag.py:3444} INFO - Setting next_dagrun for example_nested_branch_dag to 2023-03-16T00:00:00+00:00, run_after=2023-03-17T00:00:00+00:00
[2023-03-17T03:12:06.762+0000] {processor.py:175} INFO - Processing /home/airflow/.local/lib/python3.7/site-packages/airflow/example_dags/example_nested_branch_dag.py took 0.323 seconds
[2023-03-17T03:12:37.363+0000] {processor.py:153} INFO - Started process (PID=950) to work on /home/airflow/.local/lib/python3.7/site-packages/airflow/example_dags/example_nested_branch_dag.py
[2023-03-17T03:12:37.364+0000] {processor.py:743} INFO - Processing file /home/airflow/.local/lib/python3.7/site-packages/airflow/example_dags/example_nested_branch_dag.py for tasks to queue
[2023-03-17T03:12:37.365+0000] {logging_mixin.py:137} INFO - [2023-03-17T03:12:37.365+0000] {dagbag.py:532} INFO - Filling up the DagBag from /home/airflow/.local/lib/python3.7/site-packages/airflow/example_dags/example_nested_branch_dag.py
[2023-03-17T03:12:37.395+0000] {processor.py:753} INFO - DAG(s) dict_keys(['example_nested_branch_dag']) retrieved from /home/airflow/.local/lib/python3.7/site-packages/airflow/example_dags/example_nested_branch_dag.py
[2023-03-17T03:12:37.427+0000] {logging_mixin.py:137} INFO - [2023-03-17T03:12:37.427+0000] {dag.py:2693} INFO - Sync 1 DAGs
[2023-03-17T03:12:37.461+0000] {logging_mixin.py:137} INFO - [2023-03-17T03:12:37.460+0000] {dag.py:3444} INFO - Setting next_dagrun for example_nested_branch_dag to 2023-03-16T00:00:00+00:00, run_after=2023-03-17T00:00:00+00:00
[2023-03-17T03:12:37.486+0000] {processor.py:175} INFO - Processing /home/airflow/.local/lib/python3.7/site-packages/airflow/example_dags/example_nested_branch_dag.py took 0.127 seconds
[2023-03-17T03:13:08.021+0000] {processor.py:153} INFO - Started process (PID=1165) to work on /home/airflow/.local/lib/python3.7/site-packages/airflow/example_dags/example_nested_branch_dag.py
[2023-03-17T03:13:08.022+0000] {processor.py:743} INFO - Processing file /home/airflow/.local/lib/python3.7/site-packages/airflow/example_dags/example_nested_branch_dag.py for tasks to queue
[2023-03-17T03:13:08.023+0000] {logging_mixin.py:137} INFO - [2023-03-17T03:13:08.023+0000] {dagbag.py:532} INFO - Filling up the DagBag from /home/airflow/.local/lib/python3.7/site-packages/airflow/example_dags/example_nested_branch_dag.py
[2023-03-17T03:13:08.051+0000] {processor.py:753} INFO - DAG(s) dict_keys(['example_nested_branch_dag']) retrieved from /home/airflow/.local/lib/python3.7/site-packages/airflow/example_dags/example_nested_branch_dag.py
[2023-03-17T03:13:08.083+0000] {logging_mixin.py:137} INFO - [2023-03-17T03:13:08.083+0000] {dag.py:2693} INFO - Sync 1 DAGs
[2023-03-17T03:13:08.116+0000] {logging_mixin.py:137} INFO - [2023-03-17T03:13:08.116+0000] {dag.py:3444} INFO - Setting next_dagrun for example_nested_branch_dag to 2023-03-16T00:00:00+00:00, run_after=2023-03-17T00:00:00+00:00
[2023-03-17T03:13:08.146+0000] {processor.py:175} INFO - Processing /home/airflow/.local/lib/python3.7/site-packages/airflow/example_dags/example_nested_branch_dag.py took 0.128 seconds
[2023-03-17T03:13:38.608+0000] {processor.py:153} INFO - Started process (PID=1382) to work on /home/airflow/.local/lib/python3.7/site-packages/airflow/example_dags/example_nested_branch_dag.py
[2023-03-17T03:13:38.610+0000] {processor.py:743} INFO - Processing file /home/airflow/.local/lib/python3.7/site-packages/airflow/example_dags/example_nested_branch_dag.py for tasks to queue
[2023-03-17T03:13:38.611+0000] {logging_mixin.py:137} INFO - [2023-03-17T03:13:38.610+0000] {dagbag.py:532} INFO - Filling up the DagBag from /home/airflow/.local/lib/python3.7/site-packages/airflow/example_dags/example_nested_branch_dag.py
[2023-03-17T03:13:38.640+0000] {processor.py:753} INFO - DAG(s) dict_keys(['example_nested_branch_dag']) retrieved from /home/airflow/.local/lib/python3.7/site-packages/airflow/example_dags/example_nested_branch_dag.py
[2023-03-17T03:13:38.672+0000] {logging_mixin.py:137} INFO - [2023-03-17T03:13:38.672+0000] {dag.py:2693} INFO - Sync 1 DAGs
[2023-03-17T03:13:38.705+0000] {logging_mixin.py:137} INFO - [2023-03-17T03:13:38.705+0000] {dag.py:3444} INFO - Setting next_dagrun for example_nested_branch_dag to 2023-03-16T00:00:00+00:00, run_after=2023-03-17T00:00:00+00:00
[2023-03-17T03:13:38.735+0000] {processor.py:175} INFO - Processing /home/airflow/.local/lib/python3.7/site-packages/airflow/example_dags/example_nested_branch_dag.py took 0.130 seconds
[2023-03-17T03:14:08.954+0000] {processor.py:153} INFO - Started process (PID=1599) to work on /home/airflow/.local/lib/python3.7/site-packages/airflow/example_dags/example_nested_branch_dag.py
[2023-03-17T03:14:08.955+0000] {processor.py:743} INFO - Processing file /home/airflow/.local/lib/python3.7/site-packages/airflow/example_dags/example_nested_branch_dag.py for tasks to queue
[2023-03-17T03:14:08.956+0000] {logging_mixin.py:137} INFO - [2023-03-17T03:14:08.956+0000] {dagbag.py:532} INFO - Filling up the DagBag from /home/airflow/.local/lib/python3.7/site-packages/airflow/example_dags/example_nested_branch_dag.py
[2023-03-17T03:14:08.985+0000] {processor.py:753} INFO - DAG(s) dict_keys(['example_nested_branch_dag']) retrieved from /home/airflow/.local/lib/python3.7/site-packages/airflow/example_dags/example_nested_branch_dag.py
[2023-03-17T03:14:09.018+0000] {logging_mixin.py:137} INFO - [2023-03-17T03:14:09.018+0000] {dag.py:2693} INFO - Sync 1 DAGs
[2023-03-17T03:14:09.051+0000] {logging_mixin.py:137} INFO - [2023-03-17T03:14:09.051+0000] {dag.py:3444} INFO - Setting next_dagrun for example_nested_branch_dag to 2023-03-16T00:00:00+00:00, run_after=2023-03-17T00:00:00+00:00
[2023-03-17T03:14:09.079+0000] {processor.py:175} INFO - Processing /home/airflow/.local/lib/python3.7/site-packages/airflow/example_dags/example_nested_branch_dag.py took 0.130 seconds
[2023-03-17T03:14:39.324+0000] {processor.py:153} INFO - Started process (PID=1816) to work on /home/airflow/.local/lib/python3.7/site-packages/airflow/example_dags/example_nested_branch_dag.py
[2023-03-17T03:14:39.325+0000] {processor.py:743} INFO - Processing file /home/airflow/.local/lib/python3.7/site-packages/airflow/example_dags/example_nested_branch_dag.py for tasks to queue
[2023-03-17T03:14:39.327+0000] {logging_mixin.py:137} INFO - [2023-03-17T03:14:39.326+0000] {dagbag.py:532} INFO - Filling up the DagBag from /home/airflow/.local/lib/python3.7/site-packages/airflow/example_dags/example_nested_branch_dag.py
[2023-03-17T03:14:39.356+0000] {processor.py:753} INFO - DAG(s) dict_keys(['example_nested_branch_dag']) retrieved from /home/airflow/.local/lib/python3.7/site-packages/airflow/example_dags/example_nested_branch_dag.py
[2023-03-17T03:14:39.386+0000] {logging_mixin.py:137} INFO - [2023-03-17T03:14:39.386+0000] {dag.py:2693} INFO - Sync 1 DAGs
[2023-03-17T03:14:39.419+0000] {logging_mixin.py:137} INFO - [2023-03-17T03:14:39.419+0000] {dag.py:3444} INFO - Setting next_dagrun for example_nested_branch_dag to 2023-03-16T00:00:00+00:00, run_after=2023-03-17T00:00:00+00:00
[2023-03-17T03:14:39.446+0000] {processor.py:175} INFO - Processing /home/airflow/.local/lib/python3.7/site-packages/airflow/example_dags/example_nested_branch_dag.py took 0.125 seconds
[2023-03-17T03:15:09.916+0000] {processor.py:153} INFO - Started process (PID=2033) to work on /home/airflow/.local/lib/python3.7/site-packages/airflow/example_dags/example_nested_branch_dag.py
[2023-03-17T03:15:09.917+0000] {processor.py:743} INFO - Processing file /home/airflow/.local/lib/python3.7/site-packages/airflow/example_dags/example_nested_branch_dag.py for tasks to queue
[2023-03-17T03:15:09.918+0000] {logging_mixin.py:137} INFO - [2023-03-17T03:15:09.918+0000] {dagbag.py:532} INFO - Filling up the DagBag from /home/airflow/.local/lib/python3.7/site-packages/airflow/example_dags/example_nested_branch_dag.py
[2023-03-17T03:15:09.947+0000] {processor.py:753} INFO - DAG(s) dict_keys(['example_nested_branch_dag']) retrieved from /home/airflow/.local/lib/python3.7/site-packages/airflow/example_dags/example_nested_branch_dag.py
[2023-03-17T03:15:09.979+0000] {logging_mixin.py:137} INFO - [2023-03-17T03:15:09.979+0000] {dag.py:2693} INFO - Sync 1 DAGs
[2023-03-17T03:15:10.010+0000] {logging_mixin.py:137} INFO - [2023-03-17T03:15:10.010+0000] {dag.py:3444} INFO - Setting next_dagrun for example_nested_branch_dag to 2023-03-16T00:00:00+00:00, run_after=2023-03-17T00:00:00+00:00
[2023-03-17T03:15:10.034+0000] {processor.py:175} INFO - Processing /home/airflow/.local/lib/python3.7/site-packages/airflow/example_dags/example_nested_branch_dag.py took 0.121 seconds
[2023-03-17T03:15:40.449+0000] {processor.py:153} INFO - Started process (PID=2250) to work on /home/airflow/.local/lib/python3.7/site-packages/airflow/example_dags/example_nested_branch_dag.py
[2023-03-17T03:15:40.450+0000] {processor.py:743} INFO - Processing file /home/airflow/.local/lib/python3.7/site-packages/airflow/example_dags/example_nested_branch_dag.py for tasks to queue
[2023-03-17T03:15:40.451+0000] {logging_mixin.py:137} INFO - [2023-03-17T03:15:40.451+0000] {dagbag.py:532} INFO - Filling up the DagBag from /home/airflow/.local/lib/python3.7/site-packages/airflow/example_dags/example_nested_branch_dag.py
[2023-03-17T03:15:40.480+0000] {processor.py:753} INFO - DAG(s) dict_keys(['example_nested_branch_dag']) retrieved from /home/airflow/.local/lib/python3.7/site-packages/airflow/example_dags/example_nested_branch_dag.py
[2023-03-17T03:15:40.511+0000] {logging_mixin.py:137} INFO - [2023-03-17T03:15:40.511+0000] {dag.py:2693} INFO - Sync 1 DAGs
[2023-03-17T03:15:40.543+0000] {logging_mixin.py:137} INFO - [2023-03-17T03:15:40.543+0000] {dag.py:3444} INFO - Setting next_dagrun for example_nested_branch_dag to 2023-03-16T00:00:00+00:00, run_after=2023-03-17T00:00:00+00:00
[2023-03-17T03:15:40.570+0000] {processor.py:175} INFO - Processing /home/airflow/.local/lib/python3.7/site-packages/airflow/example_dags/example_nested_branch_dag.py took 0.125 seconds
[2023-03-17T03:16:11.048+0000] {processor.py:153} INFO - Started process (PID=2468) to work on /home/airflow/.local/lib/python3.7/site-packages/airflow/example_dags/example_nested_branch_dag.py
[2023-03-17T03:16:11.049+0000] {processor.py:743} INFO - Processing file /home/airflow/.local/lib/python3.7/site-packages/airflow/example_dags/example_nested_branch_dag.py for tasks to queue
[2023-03-17T03:16:11.050+0000] {logging_mixin.py:137} INFO - [2023-03-17T03:16:11.050+0000] {dagbag.py:532} INFO - Filling up the DagBag from /home/airflow/.local/lib/python3.7/site-packages/airflow/example_dags/example_nested_branch_dag.py
[2023-03-17T03:16:11.080+0000] {processor.py:753} INFO - DAG(s) dict_keys(['example_nested_branch_dag']) retrieved from /home/airflow/.local/lib/python3.7/site-packages/airflow/example_dags/example_nested_branch_dag.py
[2023-03-17T03:16:11.111+0000] {logging_mixin.py:137} INFO - [2023-03-17T03:16:11.111+0000] {dag.py:2693} INFO - Sync 1 DAGs
[2023-03-17T03:16:11.145+0000] {logging_mixin.py:137} INFO - [2023-03-17T03:16:11.145+0000] {dag.py:3444} INFO - Setting next_dagrun for example_nested_branch_dag to 2023-03-16T00:00:00+00:00, run_after=2023-03-17T00:00:00+00:00
[2023-03-17T03:16:11.171+0000] {processor.py:175} INFO - Processing /home/airflow/.local/lib/python3.7/site-packages/airflow/example_dags/example_nested_branch_dag.py took 0.126 seconds
[2023-03-17T03:16:41.677+0000] {processor.py:153} INFO - Started process (PID=2687) to work on /home/airflow/.local/lib/python3.7/site-packages/airflow/example_dags/example_nested_branch_dag.py
[2023-03-17T03:16:41.678+0000] {processor.py:743} INFO - Processing file /home/airflow/.local/lib/python3.7/site-packages/airflow/example_dags/example_nested_branch_dag.py for tasks to queue
[2023-03-17T03:16:41.679+0000] {logging_mixin.py:137} INFO - [2023-03-17T03:16:41.679+0000] {dagbag.py:532} INFO - Filling up the DagBag from /home/airflow/.local/lib/python3.7/site-packages/airflow/example_dags/example_nested_branch_dag.py
[2023-03-17T03:16:41.707+0000] {processor.py:753} INFO - DAG(s) dict_keys(['example_nested_branch_dag']) retrieved from /home/airflow/.local/lib/python3.7/site-packages/airflow/example_dags/example_nested_branch_dag.py
[2023-03-17T03:16:41.739+0000] {logging_mixin.py:137} INFO - [2023-03-17T03:16:41.739+0000] {dag.py:2693} INFO - Sync 1 DAGs
[2023-03-17T03:16:41.771+0000] {logging_mixin.py:137} INFO - [2023-03-17T03:16:41.771+0000] {dag.py:3444} INFO - Setting next_dagrun for example_nested_branch_dag to 2023-03-16T00:00:00+00:00, run_after=2023-03-17T00:00:00+00:00
[2023-03-17T03:16:41.794+0000] {processor.py:175} INFO - Processing /home/airflow/.local/lib/python3.7/site-packages/airflow/example_dags/example_nested_branch_dag.py took 0.121 seconds
[2023-03-17T03:17:12.037+0000] {processor.py:153} INFO - Started process (PID=2902) to work on /home/airflow/.local/lib/python3.7/site-packages/airflow/example_dags/example_nested_branch_dag.py
[2023-03-17T03:17:12.038+0000] {processor.py:743} INFO - Processing file /home/airflow/.local/lib/python3.7/site-packages/airflow/example_dags/example_nested_branch_dag.py for tasks to queue
[2023-03-17T03:17:12.040+0000] {logging_mixin.py:137} INFO - [2023-03-17T03:17:12.039+0000] {dagbag.py:532} INFO - Filling up the DagBag from /home/airflow/.local/lib/python3.7/site-packages/airflow/example_dags/example_nested_branch_dag.py
[2023-03-17T03:17:12.080+0000] {processor.py:753} INFO - DAG(s) dict_keys(['example_nested_branch_dag']) retrieved from /home/airflow/.local/lib/python3.7/site-packages/airflow/example_dags/example_nested_branch_dag.py
[2023-03-17T03:17:12.124+0000] {logging_mixin.py:137} INFO - [2023-03-17T03:17:12.124+0000] {dag.py:2693} INFO - Sync 1 DAGs
[2023-03-17T03:17:12.165+0000] {logging_mixin.py:137} INFO - [2023-03-17T03:17:12.165+0000] {dag.py:3444} INFO - Setting next_dagrun for example_nested_branch_dag to 2023-03-16T00:00:00+00:00, run_after=2023-03-17T00:00:00+00:00
[2023-03-17T03:17:12.199+0000] {processor.py:175} INFO - Processing /home/airflow/.local/lib/python3.7/site-packages/airflow/example_dags/example_nested_branch_dag.py took 0.166 seconds
[2023-03-17T03:17:42.694+0000] {processor.py:153} INFO - Started process (PID=3121) to work on /home/airflow/.local/lib/python3.7/site-packages/airflow/example_dags/example_nested_branch_dag.py
[2023-03-17T03:17:42.696+0000] {processor.py:743} INFO - Processing file /home/airflow/.local/lib/python3.7/site-packages/airflow/example_dags/example_nested_branch_dag.py for tasks to queue
[2023-03-17T03:17:42.697+0000] {logging_mixin.py:137} INFO - [2023-03-17T03:17:42.696+0000] {dagbag.py:532} INFO - Filling up the DagBag from /home/airflow/.local/lib/python3.7/site-packages/airflow/example_dags/example_nested_branch_dag.py
[2023-03-17T03:17:42.724+0000] {processor.py:753} INFO - DAG(s) dict_keys(['example_nested_branch_dag']) retrieved from /home/airflow/.local/lib/python3.7/site-packages/airflow/example_dags/example_nested_branch_dag.py
[2023-03-17T03:17:42.755+0000] {logging_mixin.py:137} INFO - [2023-03-17T03:17:42.755+0000] {dag.py:2693} INFO - Sync 1 DAGs
[2023-03-17T03:17:42.785+0000] {logging_mixin.py:137} INFO - [2023-03-17T03:17:42.785+0000] {dag.py:3444} INFO - Setting next_dagrun for example_nested_branch_dag to 2023-03-16T00:00:00+00:00, run_after=2023-03-17T00:00:00+00:00
[2023-03-17T03:17:42.810+0000] {processor.py:175} INFO - Processing /home/airflow/.local/lib/python3.7/site-packages/airflow/example_dags/example_nested_branch_dag.py took 0.119 seconds
[2023-03-17T03:18:13.109+0000] {processor.py:153} INFO - Started process (PID=3338) to work on /home/airflow/.local/lib/python3.7/site-packages/airflow/example_dags/example_nested_branch_dag.py
[2023-03-17T03:18:13.110+0000] {processor.py:743} INFO - Processing file /home/airflow/.local/lib/python3.7/site-packages/airflow/example_dags/example_nested_branch_dag.py for tasks to queue
[2023-03-17T03:18:13.111+0000] {logging_mixin.py:137} INFO - [2023-03-17T03:18:13.111+0000] {dagbag.py:532} INFO - Filling up the DagBag from /home/airflow/.local/lib/python3.7/site-packages/airflow/example_dags/example_nested_branch_dag.py
[2023-03-17T03:18:13.140+0000] {processor.py:753} INFO - DAG(s) dict_keys(['example_nested_branch_dag']) retrieved from /home/airflow/.local/lib/python3.7/site-packages/airflow/example_dags/example_nested_branch_dag.py
[2023-03-17T03:18:13.172+0000] {logging_mixin.py:137} INFO - [2023-03-17T03:18:13.171+0000] {dag.py:2693} INFO - Sync 1 DAGs
[2023-03-17T03:18:13.204+0000] {logging_mixin.py:137} INFO - [2023-03-17T03:18:13.204+0000] {dag.py:3444} INFO - Setting next_dagrun for example_nested_branch_dag to 2023-03-16T00:00:00+00:00, run_after=2023-03-17T00:00:00+00:00
[2023-03-17T03:18:13.231+0000] {processor.py:175} INFO - Processing /home/airflow/.local/lib/python3.7/site-packages/airflow/example_dags/example_nested_branch_dag.py took 0.128 seconds
[2023-03-17T03:18:43.812+0000] {processor.py:153} INFO - Started process (PID=3561) to work on /home/airflow/.local/lib/python3.7/site-packages/airflow/example_dags/example_nested_branch_dag.py
[2023-03-17T03:18:43.813+0000] {processor.py:743} INFO - Processing file /home/airflow/.local/lib/python3.7/site-packages/airflow/example_dags/example_nested_branch_dag.py for tasks to queue
[2023-03-17T03:18:43.814+0000] {logging_mixin.py:137} INFO - [2023-03-17T03:18:43.814+0000] {dagbag.py:532} INFO - Filling up the DagBag from /home/airflow/.local/lib/python3.7/site-packages/airflow/example_dags/example_nested_branch_dag.py
[2023-03-17T03:18:43.843+0000] {processor.py:753} INFO - DAG(s) dict_keys(['example_nested_branch_dag']) retrieved from /home/airflow/.local/lib/python3.7/site-packages/airflow/example_dags/example_nested_branch_dag.py
[2023-03-17T03:18:43.875+0000] {logging_mixin.py:137} INFO - [2023-03-17T03:18:43.875+0000] {dag.py:2693} INFO - Sync 1 DAGs
[2023-03-17T03:18:43.907+0000] {logging_mixin.py:137} INFO - [2023-03-17T03:18:43.907+0000] {dag.py:3444} INFO - Setting next_dagrun for example_nested_branch_dag to 2023-03-16T00:00:00+00:00, run_after=2023-03-17T00:00:00+00:00
[2023-03-17T03:18:43.932+0000] {processor.py:175} INFO - Processing /home/airflow/.local/lib/python3.7/site-packages/airflow/example_dags/example_nested_branch_dag.py took 0.124 seconds
[2023-03-17T03:19:14.253+0000] {processor.py:153} INFO - Started process (PID=3778) to work on /home/airflow/.local/lib/python3.7/site-packages/airflow/example_dags/example_nested_branch_dag.py
[2023-03-17T03:19:14.254+0000] {processor.py:743} INFO - Processing file /home/airflow/.local/lib/python3.7/site-packages/airflow/example_dags/example_nested_branch_dag.py for tasks to queue
[2023-03-17T03:19:14.255+0000] {logging_mixin.py:137} INFO - [2023-03-17T03:19:14.255+0000] {dagbag.py:532} INFO - Filling up the DagBag from /home/airflow/.local/lib/python3.7/site-packages/airflow/example_dags/example_nested_branch_dag.py
[2023-03-17T03:19:14.282+0000] {processor.py:753} INFO - DAG(s) dict_keys(['example_nested_branch_dag']) retrieved from /home/airflow/.local/lib/python3.7/site-packages/airflow/example_dags/example_nested_branch_dag.py
[2023-03-17T03:19:14.311+0000] {logging_mixin.py:137} INFO - [2023-03-17T03:19:14.311+0000] {dag.py:2693} INFO - Sync 1 DAGs
[2023-03-17T03:19:14.342+0000] {logging_mixin.py:137} INFO - [2023-03-17T03:19:14.341+0000] {dag.py:3444} INFO - Setting next_dagrun for example_nested_branch_dag to 2023-03-16T00:00:00+00:00, run_after=2023-03-17T00:00:00+00:00
[2023-03-17T03:19:14.368+0000] {processor.py:175} INFO - Processing /home/airflow/.local/lib/python3.7/site-packages/airflow/example_dags/example_nested_branch_dag.py took 0.119 seconds
[2023-03-17T03:19:44.859+0000] {processor.py:153} INFO - Started process (PID=3990) to work on /home/airflow/.local/lib/python3.7/site-packages/airflow/example_dags/example_nested_branch_dag.py
[2023-03-17T03:19:44.860+0000] {processor.py:743} INFO - Processing file /home/airflow/.local/lib/python3.7/site-packages/airflow/example_dags/example_nested_branch_dag.py for tasks to queue
[2023-03-17T03:19:44.861+0000] {logging_mixin.py:137} INFO - [2023-03-17T03:19:44.861+0000] {dagbag.py:532} INFO - Filling up the DagBag from /home/airflow/.local/lib/python3.7/site-packages/airflow/example_dags/example_nested_branch_dag.py
[2023-03-17T03:19:44.890+0000] {processor.py:753} INFO - DAG(s) dict_keys(['example_nested_branch_dag']) retrieved from /home/airflow/.local/lib/python3.7/site-packages/airflow/example_dags/example_nested_branch_dag.py
[2023-03-17T03:19:44.921+0000] {logging_mixin.py:137} INFO - [2023-03-17T03:19:44.921+0000] {dag.py:2693} INFO - Sync 1 DAGs
[2023-03-17T03:19:44.954+0000] {logging_mixin.py:137} INFO - [2023-03-17T03:19:44.954+0000] {dag.py:3444} INFO - Setting next_dagrun for example_nested_branch_dag to 2023-03-16T00:00:00+00:00, run_after=2023-03-17T00:00:00+00:00
[2023-03-17T03:19:44.984+0000] {processor.py:175} INFO - Processing /home/airflow/.local/lib/python3.7/site-packages/airflow/example_dags/example_nested_branch_dag.py took 0.129 seconds
[2023-03-17T03:20:15.163+0000] {processor.py:153} INFO - Started process (PID=4205) to work on /home/airflow/.local/lib/python3.7/site-packages/airflow/example_dags/example_nested_branch_dag.py
[2023-03-17T03:20:15.164+0000] {processor.py:743} INFO - Processing file /home/airflow/.local/lib/python3.7/site-packages/airflow/example_dags/example_nested_branch_dag.py for tasks to queue
[2023-03-17T03:20:15.165+0000] {logging_mixin.py:137} INFO - [2023-03-17T03:20:15.165+0000] {dagbag.py:532} INFO - Filling up the DagBag from /home/airflow/.local/lib/python3.7/site-packages/airflow/example_dags/example_nested_branch_dag.py
[2023-03-17T03:20:15.202+0000] {processor.py:753} INFO - DAG(s) dict_keys(['example_nested_branch_dag']) retrieved from /home/airflow/.local/lib/python3.7/site-packages/airflow/example_dags/example_nested_branch_dag.py
[2023-03-17T03:20:15.233+0000] {logging_mixin.py:137} INFO - [2023-03-17T03:20:15.233+0000] {dag.py:2693} INFO - Sync 1 DAGs
[2023-03-17T03:20:15.268+0000] {logging_mixin.py:137} INFO - [2023-03-17T03:20:15.268+0000] {dag.py:3444} INFO - Setting next_dagrun for example_nested_branch_dag to 2023-03-16T00:00:00+00:00, run_after=2023-03-17T00:00:00+00:00
[2023-03-17T03:20:15.295+0000] {processor.py:175} INFO - Processing /home/airflow/.local/lib/python3.7/site-packages/airflow/example_dags/example_nested_branch_dag.py took 0.136 seconds
[2023-03-17T03:20:45.597+0000] {processor.py:153} INFO - Started process (PID=4422) to work on /home/airflow/.local/lib/python3.7/site-packages/airflow/example_dags/example_nested_branch_dag.py
[2023-03-17T03:20:45.599+0000] {processor.py:743} INFO - Processing file /home/airflow/.local/lib/python3.7/site-packages/airflow/example_dags/example_nested_branch_dag.py for tasks to queue
[2023-03-17T03:20:45.600+0000] {logging_mixin.py:137} INFO - [2023-03-17T03:20:45.599+0000] {dagbag.py:532} INFO - Filling up the DagBag from /home/airflow/.local/lib/python3.7/site-packages/airflow/example_dags/example_nested_branch_dag.py
[2023-03-17T03:20:45.639+0000] {processor.py:753} INFO - DAG(s) dict_keys(['example_nested_branch_dag']) retrieved from /home/airflow/.local/lib/python3.7/site-packages/airflow/example_dags/example_nested_branch_dag.py
[2023-03-17T03:20:45.676+0000] {logging_mixin.py:137} INFO - [2023-03-17T03:20:45.675+0000] {dag.py:2693} INFO - Sync 1 DAGs
[2023-03-17T03:20:45.709+0000] {logging_mixin.py:137} INFO - [2023-03-17T03:20:45.709+0000] {dag.py:3444} INFO - Setting next_dagrun for example_nested_branch_dag to 2023-03-16T00:00:00+00:00, run_after=2023-03-17T00:00:00+00:00
[2023-03-17T03:20:45.735+0000] {processor.py:175} INFO - Processing /home/airflow/.local/lib/python3.7/site-packages/airflow/example_dags/example_nested_branch_dag.py took 0.141 seconds
[2023-03-17T03:21:16.081+0000] {processor.py:153} INFO - Started process (PID=4639) to work on /home/airflow/.local/lib/python3.7/site-packages/airflow/example_dags/example_nested_branch_dag.py
[2023-03-17T03:21:16.082+0000] {processor.py:743} INFO - Processing file /home/airflow/.local/lib/python3.7/site-packages/airflow/example_dags/example_nested_branch_dag.py for tasks to queue
[2023-03-17T03:21:16.082+0000] {logging_mixin.py:137} INFO - [2023-03-17T03:21:16.082+0000] {dagbag.py:532} INFO - Filling up the DagBag from /home/airflow/.local/lib/python3.7/site-packages/airflow/example_dags/example_nested_branch_dag.py
[2023-03-17T03:21:16.110+0000] {processor.py:753} INFO - DAG(s) dict_keys(['example_nested_branch_dag']) retrieved from /home/airflow/.local/lib/python3.7/site-packages/airflow/example_dags/example_nested_branch_dag.py
[2023-03-17T03:21:16.201+0000] {logging_mixin.py:137} INFO - [2023-03-17T03:21:16.200+0000] {dag.py:2693} INFO - Sync 1 DAGs
[2023-03-17T03:21:16.243+0000] {logging_mixin.py:137} INFO - [2023-03-17T03:21:16.243+0000] {dag.py:3444} INFO - Setting next_dagrun for example_nested_branch_dag to 2023-03-16T00:00:00+00:00, run_after=2023-03-17T00:00:00+00:00
[2023-03-17T03:21:16.272+0000] {processor.py:175} INFO - Processing /home/airflow/.local/lib/python3.7/site-packages/airflow/example_dags/example_nested_branch_dag.py took 0.195 seconds
[2023-03-17T03:21:46.913+0000] {processor.py:153} INFO - Started process (PID=4856) to work on /home/airflow/.local/lib/python3.7/site-packages/airflow/example_dags/example_nested_branch_dag.py
[2023-03-17T03:21:46.914+0000] {processor.py:743} INFO - Processing file /home/airflow/.local/lib/python3.7/site-packages/airflow/example_dags/example_nested_branch_dag.py for tasks to queue
[2023-03-17T03:21:46.915+0000] {logging_mixin.py:137} INFO - [2023-03-17T03:21:46.915+0000] {dagbag.py:532} INFO - Filling up the DagBag from /home/airflow/.local/lib/python3.7/site-packages/airflow/example_dags/example_nested_branch_dag.py
[2023-03-17T03:21:46.945+0000] {processor.py:753} INFO - DAG(s) dict_keys(['example_nested_branch_dag']) retrieved from /home/airflow/.local/lib/python3.7/site-packages/airflow/example_dags/example_nested_branch_dag.py
[2023-03-17T03:21:46.975+0000] {logging_mixin.py:137} INFO - [2023-03-17T03:21:46.975+0000] {dag.py:2693} INFO - Sync 1 DAGs
[2023-03-17T03:21:47.008+0000] {logging_mixin.py:137} INFO - [2023-03-17T03:21:47.008+0000] {dag.py:3444} INFO - Setting next_dagrun for example_nested_branch_dag to 2023-03-16T00:00:00+00:00, run_after=2023-03-17T00:00:00+00:00
[2023-03-17T03:21:47.040+0000] {processor.py:175} INFO - Processing /home/airflow/.local/lib/python3.7/site-packages/airflow/example_dags/example_nested_branch_dag.py took 0.130 seconds
[2023-03-17T03:22:17.272+0000] {processor.py:153} INFO - Started process (PID=5073) to work on /home/airflow/.local/lib/python3.7/site-packages/airflow/example_dags/example_nested_branch_dag.py
[2023-03-17T03:22:17.273+0000] {processor.py:743} INFO - Processing file /home/airflow/.local/lib/python3.7/site-packages/airflow/example_dags/example_nested_branch_dag.py for tasks to queue
[2023-03-17T03:22:17.274+0000] {logging_mixin.py:137} INFO - [2023-03-17T03:22:17.274+0000] {dagbag.py:532} INFO - Filling up the DagBag from /home/airflow/.local/lib/python3.7/site-packages/airflow/example_dags/example_nested_branch_dag.py
[2023-03-17T03:22:17.305+0000] {processor.py:753} INFO - DAG(s) dict_keys(['example_nested_branch_dag']) retrieved from /home/airflow/.local/lib/python3.7/site-packages/airflow/example_dags/example_nested_branch_dag.py
[2023-03-17T03:22:17.338+0000] {logging_mixin.py:137} INFO - [2023-03-17T03:22:17.337+0000] {dag.py:2693} INFO - Sync 1 DAGs
[2023-03-17T03:22:17.369+0000] {logging_mixin.py:137} INFO - [2023-03-17T03:22:17.369+0000] {dag.py:3444} INFO - Setting next_dagrun for example_nested_branch_dag to 2023-03-16T00:00:00+00:00, run_after=2023-03-17T00:00:00+00:00
[2023-03-17T03:22:17.396+0000] {processor.py:175} INFO - Processing /home/airflow/.local/lib/python3.7/site-packages/airflow/example_dags/example_nested_branch_dag.py took 0.128 seconds
[2023-03-17T03:22:47.697+0000] {processor.py:153} INFO - Started process (PID=5290) to work on /home/airflow/.local/lib/python3.7/site-packages/airflow/example_dags/example_nested_branch_dag.py
[2023-03-17T03:22:47.699+0000] {processor.py:743} INFO - Processing file /home/airflow/.local/lib/python3.7/site-packages/airflow/example_dags/example_nested_branch_dag.py for tasks to queue
[2023-03-17T03:22:47.700+0000] {logging_mixin.py:137} INFO - [2023-03-17T03:22:47.700+0000] {dagbag.py:532} INFO - Filling up the DagBag from /home/airflow/.local/lib/python3.7/site-packages/airflow/example_dags/example_nested_branch_dag.py
[2023-03-17T03:22:47.731+0000] {processor.py:753} INFO - DAG(s) dict_keys(['example_nested_branch_dag']) retrieved from /home/airflow/.local/lib/python3.7/site-packages/airflow/example_dags/example_nested_branch_dag.py
[2023-03-17T03:22:47.765+0000] {logging_mixin.py:137} INFO - [2023-03-17T03:22:47.765+0000] {dag.py:2693} INFO - Sync 1 DAGs
[2023-03-17T03:22:47.799+0000] {logging_mixin.py:137} INFO - [2023-03-17T03:22:47.799+0000] {dag.py:3444} INFO - Setting next_dagrun for example_nested_branch_dag to 2023-03-16T00:00:00+00:00, run_after=2023-03-17T00:00:00+00:00
[2023-03-17T03:22:47.827+0000] {processor.py:175} INFO - Processing /home/airflow/.local/lib/python3.7/site-packages/airflow/example_dags/example_nested_branch_dag.py took 0.134 seconds
[2023-03-17T03:23:18.222+0000] {processor.py:153} INFO - Started process (PID=5510) to work on /home/airflow/.local/lib/python3.7/site-packages/airflow/example_dags/example_nested_branch_dag.py
[2023-03-17T03:23:18.223+0000] {processor.py:743} INFO - Processing file /home/airflow/.local/lib/python3.7/site-packages/airflow/example_dags/example_nested_branch_dag.py for tasks to queue
[2023-03-17T03:23:18.224+0000] {logging_mixin.py:137} INFO - [2023-03-17T03:23:18.224+0000] {dagbag.py:532} INFO - Filling up the DagBag from /home/airflow/.local/lib/python3.7/site-packages/airflow/example_dags/example_nested_branch_dag.py
[2023-03-17T03:23:18.262+0000] {processor.py:753} INFO - DAG(s) dict_keys(['example_nested_branch_dag']) retrieved from /home/airflow/.local/lib/python3.7/site-packages/airflow/example_dags/example_nested_branch_dag.py
[2023-03-17T03:23:18.294+0000] {logging_mixin.py:137} INFO - [2023-03-17T03:23:18.294+0000] {dag.py:2693} INFO - Sync 1 DAGs
[2023-03-17T03:23:18.329+0000] {logging_mixin.py:137} INFO - [2023-03-17T03:23:18.328+0000] {dag.py:3444} INFO - Setting next_dagrun for example_nested_branch_dag to 2023-03-16T00:00:00+00:00, run_after=2023-03-17T00:00:00+00:00
[2023-03-17T03:23:18.355+0000] {processor.py:175} INFO - Processing /home/airflow/.local/lib/python3.7/site-packages/airflow/example_dags/example_nested_branch_dag.py took 0.137 seconds
[2023-03-17T03:23:48.570+0000] {processor.py:153} INFO - Started process (PID=5725) to work on /home/airflow/.local/lib/python3.7/site-packages/airflow/example_dags/example_nested_branch_dag.py
[2023-03-17T03:23:48.571+0000] {processor.py:743} INFO - Processing file /home/airflow/.local/lib/python3.7/site-packages/airflow/example_dags/example_nested_branch_dag.py for tasks to queue
[2023-03-17T03:23:48.572+0000] {logging_mixin.py:137} INFO - [2023-03-17T03:23:48.572+0000] {dagbag.py:532} INFO - Filling up the DagBag from /home/airflow/.local/lib/python3.7/site-packages/airflow/example_dags/example_nested_branch_dag.py
[2023-03-17T03:23:48.601+0000] {processor.py:753} INFO - DAG(s) dict_keys(['example_nested_branch_dag']) retrieved from /home/airflow/.local/lib/python3.7/site-packages/airflow/example_dags/example_nested_branch_dag.py
[2023-03-17T03:23:48.634+0000] {logging_mixin.py:137} INFO - [2023-03-17T03:23:48.633+0000] {dag.py:2693} INFO - Sync 1 DAGs
[2023-03-17T03:23:48.669+0000] {logging_mixin.py:137} INFO - [2023-03-17T03:23:48.669+0000] {dag.py:3444} INFO - Setting next_dagrun for example_nested_branch_dag to 2023-03-16T00:00:00+00:00, run_after=2023-03-17T00:00:00+00:00
[2023-03-17T03:23:48.694+0000] {processor.py:175} INFO - Processing /home/airflow/.local/lib/python3.7/site-packages/airflow/example_dags/example_nested_branch_dag.py took 0.128 seconds
[2023-03-17T03:24:18.933+0000] {processor.py:153} INFO - Started process (PID=5942) to work on /home/airflow/.local/lib/python3.7/site-packages/airflow/example_dags/example_nested_branch_dag.py
[2023-03-17T03:24:18.935+0000] {processor.py:743} INFO - Processing file /home/airflow/.local/lib/python3.7/site-packages/airflow/example_dags/example_nested_branch_dag.py for tasks to queue
[2023-03-17T03:24:18.936+0000] {logging_mixin.py:137} INFO - [2023-03-17T03:24:18.936+0000] {dagbag.py:532} INFO - Filling up the DagBag from /home/airflow/.local/lib/python3.7/site-packages/airflow/example_dags/example_nested_branch_dag.py
[2023-03-17T03:24:18.964+0000] {processor.py:753} INFO - DAG(s) dict_keys(['example_nested_branch_dag']) retrieved from /home/airflow/.local/lib/python3.7/site-packages/airflow/example_dags/example_nested_branch_dag.py
[2023-03-17T03:24:18.996+0000] {logging_mixin.py:137} INFO - [2023-03-17T03:24:18.996+0000] {dag.py:2693} INFO - Sync 1 DAGs
[2023-03-17T03:24:19.029+0000] {logging_mixin.py:137} INFO - [2023-03-17T03:24:19.029+0000] {dag.py:3444} INFO - Setting next_dagrun for example_nested_branch_dag to 2023-03-16T00:00:00+00:00, run_after=2023-03-17T00:00:00+00:00
[2023-03-17T03:24:19.057+0000] {processor.py:175} INFO - Processing /home/airflow/.local/lib/python3.7/site-packages/airflow/example_dags/example_nested_branch_dag.py took 0.128 seconds
[2023-03-17T03:24:49.440+0000] {processor.py:153} INFO - Started process (PID=6159) to work on /home/airflow/.local/lib/python3.7/site-packages/airflow/example_dags/example_nested_branch_dag.py
[2023-03-17T03:24:49.441+0000] {processor.py:743} INFO - Processing file /home/airflow/.local/lib/python3.7/site-packages/airflow/example_dags/example_nested_branch_dag.py for tasks to queue
[2023-03-17T03:24:49.442+0000] {logging_mixin.py:137} INFO - [2023-03-17T03:24:49.442+0000] {dagbag.py:532} INFO - Filling up the DagBag from /home/airflow/.local/lib/python3.7/site-packages/airflow/example_dags/example_nested_branch_dag.py
[2023-03-17T03:24:49.471+0000] {processor.py:753} INFO - DAG(s) dict_keys(['example_nested_branch_dag']) retrieved from /home/airflow/.local/lib/python3.7/site-packages/airflow/example_dags/example_nested_branch_dag.py
[2023-03-17T03:24:49.502+0000] {logging_mixin.py:137} INFO - [2023-03-17T03:24:49.502+0000] {dag.py:2693} INFO - Sync 1 DAGs
[2023-03-17T03:24:49.535+0000] {logging_mixin.py:137} INFO - [2023-03-17T03:24:49.535+0000] {dag.py:3444} INFO - Setting next_dagrun for example_nested_branch_dag to 2023-03-16T00:00:00+00:00, run_after=2023-03-17T00:00:00+00:00
[2023-03-17T03:24:49.562+0000] {processor.py:175} INFO - Processing /home/airflow/.local/lib/python3.7/site-packages/airflow/example_dags/example_nested_branch_dag.py took 0.126 seconds
[2023-03-17T03:25:19.799+0000] {processor.py:153} INFO - Started process (PID=6376) to work on /home/airflow/.local/lib/python3.7/site-packages/airflow/example_dags/example_nested_branch_dag.py
[2023-03-17T03:25:19.800+0000] {processor.py:743} INFO - Processing file /home/airflow/.local/lib/python3.7/site-packages/airflow/example_dags/example_nested_branch_dag.py for tasks to queue
[2023-03-17T03:25:19.801+0000] {logging_mixin.py:137} INFO - [2023-03-17T03:25:19.801+0000] {dagbag.py:532} INFO - Filling up the DagBag from /home/airflow/.local/lib/python3.7/site-packages/airflow/example_dags/example_nested_branch_dag.py
[2023-03-17T03:25:19.830+0000] {processor.py:753} INFO - DAG(s) dict_keys(['example_nested_branch_dag']) retrieved from /home/airflow/.local/lib/python3.7/site-packages/airflow/example_dags/example_nested_branch_dag.py
[2023-03-17T03:25:19.861+0000] {logging_mixin.py:137} INFO - [2023-03-17T03:25:19.860+0000] {dag.py:2693} INFO - Sync 1 DAGs
[2023-03-17T03:25:19.894+0000] {logging_mixin.py:137} INFO - [2023-03-17T03:25:19.894+0000] {dag.py:3444} INFO - Setting next_dagrun for example_nested_branch_dag to 2023-03-16T00:00:00+00:00, run_after=2023-03-17T00:00:00+00:00
[2023-03-17T03:25:19.922+0000] {processor.py:175} INFO - Processing /home/airflow/.local/lib/python3.7/site-packages/airflow/example_dags/example_nested_branch_dag.py took 0.127 seconds
[2023-03-17T03:25:50.238+0000] {processor.py:153} INFO - Started process (PID=6593) to work on /home/airflow/.local/lib/python3.7/site-packages/airflow/example_dags/example_nested_branch_dag.py
[2023-03-17T03:25:50.239+0000] {processor.py:743} INFO - Processing file /home/airflow/.local/lib/python3.7/site-packages/airflow/example_dags/example_nested_branch_dag.py for tasks to queue
[2023-03-17T03:25:50.240+0000] {logging_mixin.py:137} INFO - [2023-03-17T03:25:50.240+0000] {dagbag.py:532} INFO - Filling up the DagBag from /home/airflow/.local/lib/python3.7/site-packages/airflow/example_dags/example_nested_branch_dag.py
[2023-03-17T03:25:50.268+0000] {processor.py:753} INFO - DAG(s) dict_keys(['example_nested_branch_dag']) retrieved from /home/airflow/.local/lib/python3.7/site-packages/airflow/example_dags/example_nested_branch_dag.py
[2023-03-17T03:25:50.303+0000] {logging_mixin.py:137} INFO - [2023-03-17T03:25:50.302+0000] {dag.py:2693} INFO - Sync 1 DAGs
[2023-03-17T03:25:50.336+0000] {logging_mixin.py:137} INFO - [2023-03-17T03:25:50.336+0000] {dag.py:3444} INFO - Setting next_dagrun for example_nested_branch_dag to 2023-03-16T00:00:00+00:00, run_after=2023-03-17T00:00:00+00:00
[2023-03-17T03:25:50.363+0000] {processor.py:175} INFO - Processing /home/airflow/.local/lib/python3.7/site-packages/airflow/example_dags/example_nested_branch_dag.py took 0.129 seconds
[2023-03-17T03:26:20.815+0000] {processor.py:153} INFO - Started process (PID=6812) to work on /home/airflow/.local/lib/python3.7/site-packages/airflow/example_dags/example_nested_branch_dag.py
[2023-03-17T03:26:20.816+0000] {processor.py:743} INFO - Processing file /home/airflow/.local/lib/python3.7/site-packages/airflow/example_dags/example_nested_branch_dag.py for tasks to queue
[2023-03-17T03:26:20.818+0000] {logging_mixin.py:137} INFO - [2023-03-17T03:26:20.817+0000] {dagbag.py:532} INFO - Filling up the DagBag from /home/airflow/.local/lib/python3.7/site-packages/airflow/example_dags/example_nested_branch_dag.py
[2023-03-17T03:26:20.848+0000] {processor.py:753} INFO - DAG(s) dict_keys(['example_nested_branch_dag']) retrieved from /home/airflow/.local/lib/python3.7/site-packages/airflow/example_dags/example_nested_branch_dag.py
[2023-03-17T03:26:20.890+0000] {logging_mixin.py:137} INFO - [2023-03-17T03:26:20.889+0000] {dag.py:2693} INFO - Sync 1 DAGs
[2023-03-17T03:26:20.930+0000] {logging_mixin.py:137} INFO - [2023-03-17T03:26:20.930+0000] {dag.py:3444} INFO - Setting next_dagrun for example_nested_branch_dag to 2023-03-16T00:00:00+00:00, run_after=2023-03-17T00:00:00+00:00
[2023-03-17T03:26:20.960+0000] {processor.py:175} INFO - Processing /home/airflow/.local/lib/python3.7/site-packages/airflow/example_dags/example_nested_branch_dag.py took 0.149 seconds
[2023-03-17T03:26:51.202+0000] {processor.py:153} INFO - Started process (PID=7027) to work on /home/airflow/.local/lib/python3.7/site-packages/airflow/example_dags/example_nested_branch_dag.py
[2023-03-17T03:26:51.204+0000] {processor.py:743} INFO - Processing file /home/airflow/.local/lib/python3.7/site-packages/airflow/example_dags/example_nested_branch_dag.py for tasks to queue
[2023-03-17T03:26:51.205+0000] {logging_mixin.py:137} INFO - [2023-03-17T03:26:51.205+0000] {dagbag.py:532} INFO - Filling up the DagBag from /home/airflow/.local/lib/python3.7/site-packages/airflow/example_dags/example_nested_branch_dag.py
[2023-03-17T03:26:51.234+0000] {processor.py:753} INFO - DAG(s) dict_keys(['example_nested_branch_dag']) retrieved from /home/airflow/.local/lib/python3.7/site-packages/airflow/example_dags/example_nested_branch_dag.py
[2023-03-17T03:26:51.265+0000] {logging_mixin.py:137} INFO - [2023-03-17T03:26:51.265+0000] {dag.py:2693} INFO - Sync 1 DAGs
[2023-03-17T03:26:51.298+0000] {logging_mixin.py:137} INFO - [2023-03-17T03:26:51.298+0000] {dag.py:3444} INFO - Setting next_dagrun for example_nested_branch_dag to 2023-03-16T00:00:00+00:00, run_after=2023-03-17T00:00:00+00:00
[2023-03-17T03:26:51.325+0000] {processor.py:175} INFO - Processing /home/airflow/.local/lib/python3.7/site-packages/airflow/example_dags/example_nested_branch_dag.py took 0.127 seconds
[2023-03-17T03:27:21.585+0000] {processor.py:153} INFO - Started process (PID=7244) to work on /home/airflow/.local/lib/python3.7/site-packages/airflow/example_dags/example_nested_branch_dag.py
[2023-03-17T03:27:21.587+0000] {processor.py:743} INFO - Processing file /home/airflow/.local/lib/python3.7/site-packages/airflow/example_dags/example_nested_branch_dag.py for tasks to queue
[2023-03-17T03:27:21.588+0000] {logging_mixin.py:137} INFO - [2023-03-17T03:27:21.588+0000] {dagbag.py:532} INFO - Filling up the DagBag from /home/airflow/.local/lib/python3.7/site-packages/airflow/example_dags/example_nested_branch_dag.py
[2023-03-17T03:27:21.621+0000] {processor.py:753} INFO - DAG(s) dict_keys(['example_nested_branch_dag']) retrieved from /home/airflow/.local/lib/python3.7/site-packages/airflow/example_dags/example_nested_branch_dag.py
[2023-03-17T03:27:21.652+0000] {logging_mixin.py:137} INFO - [2023-03-17T03:27:21.652+0000] {dag.py:2693} INFO - Sync 1 DAGs
[2023-03-17T03:27:21.687+0000] {logging_mixin.py:137} INFO - [2023-03-17T03:27:21.687+0000] {dag.py:3444} INFO - Setting next_dagrun for example_nested_branch_dag to 2023-03-16T00:00:00+00:00, run_after=2023-03-17T00:00:00+00:00
[2023-03-17T03:27:21.717+0000] {processor.py:175} INFO - Processing /home/airflow/.local/lib/python3.7/site-packages/airflow/example_dags/example_nested_branch_dag.py took 0.136 seconds
[2023-03-17T03:27:51.980+0000] {processor.py:153} INFO - Started process (PID=7461) to work on /home/airflow/.local/lib/python3.7/site-packages/airflow/example_dags/example_nested_branch_dag.py
[2023-03-17T03:27:51.981+0000] {processor.py:743} INFO - Processing file /home/airflow/.local/lib/python3.7/site-packages/airflow/example_dags/example_nested_branch_dag.py for tasks to queue
[2023-03-17T03:27:51.982+0000] {logging_mixin.py:137} INFO - [2023-03-17T03:27:51.982+0000] {dagbag.py:532} INFO - Filling up the DagBag from /home/airflow/.local/lib/python3.7/site-packages/airflow/example_dags/example_nested_branch_dag.py
[2023-03-17T03:27:52.011+0000] {processor.py:753} INFO - DAG(s) dict_keys(['example_nested_branch_dag']) retrieved from /home/airflow/.local/lib/python3.7/site-packages/airflow/example_dags/example_nested_branch_dag.py
[2023-03-17T03:27:52.049+0000] {logging_mixin.py:137} INFO - [2023-03-17T03:27:52.048+0000] {dag.py:2693} INFO - Sync 1 DAGs
[2023-03-17T03:27:52.094+0000] {logging_mixin.py:137} INFO - [2023-03-17T03:27:52.093+0000] {dag.py:3444} INFO - Setting next_dagrun for example_nested_branch_dag to 2023-03-16T00:00:00+00:00, run_after=2023-03-17T00:00:00+00:00
[2023-03-17T03:27:52.124+0000] {processor.py:175} INFO - Processing /home/airflow/.local/lib/python3.7/site-packages/airflow/example_dags/example_nested_branch_dag.py took 0.148 seconds
[2023-03-17T03:28:22.323+0000] {processor.py:153} INFO - Started process (PID=7678) to work on /home/airflow/.local/lib/python3.7/site-packages/airflow/example_dags/example_nested_branch_dag.py
[2023-03-17T03:28:22.324+0000] {processor.py:743} INFO - Processing file /home/airflow/.local/lib/python3.7/site-packages/airflow/example_dags/example_nested_branch_dag.py for tasks to queue
[2023-03-17T03:28:22.325+0000] {logging_mixin.py:137} INFO - [2023-03-17T03:28:22.325+0000] {dagbag.py:532} INFO - Filling up the DagBag from /home/airflow/.local/lib/python3.7/site-packages/airflow/example_dags/example_nested_branch_dag.py
[2023-03-17T03:28:22.354+0000] {processor.py:753} INFO - DAG(s) dict_keys(['example_nested_branch_dag']) retrieved from /home/airflow/.local/lib/python3.7/site-packages/airflow/example_dags/example_nested_branch_dag.py
[2023-03-17T03:28:22.385+0000] {logging_mixin.py:137} INFO - [2023-03-17T03:28:22.385+0000] {dag.py:2693} INFO - Sync 1 DAGs
[2023-03-17T03:28:22.417+0000] {logging_mixin.py:137} INFO - [2023-03-17T03:28:22.417+0000] {dag.py:3444} INFO - Setting next_dagrun for example_nested_branch_dag to 2023-03-16T00:00:00+00:00, run_after=2023-03-17T00:00:00+00:00
[2023-03-17T03:28:22.446+0000] {processor.py:175} INFO - Processing /home/airflow/.local/lib/python3.7/site-packages/airflow/example_dags/example_nested_branch_dag.py took 0.127 seconds
[2023-03-17T03:28:52.793+0000] {processor.py:153} INFO - Started process (PID=7895) to work on /home/airflow/.local/lib/python3.7/site-packages/airflow/example_dags/example_nested_branch_dag.py
[2023-03-17T03:28:52.794+0000] {processor.py:743} INFO - Processing file /home/airflow/.local/lib/python3.7/site-packages/airflow/example_dags/example_nested_branch_dag.py for tasks to queue
[2023-03-17T03:28:52.795+0000] {logging_mixin.py:137} INFO - [2023-03-17T03:28:52.795+0000] {dagbag.py:532} INFO - Filling up the DagBag from /home/airflow/.local/lib/python3.7/site-packages/airflow/example_dags/example_nested_branch_dag.py
[2023-03-17T03:28:52.826+0000] {processor.py:753} INFO - DAG(s) dict_keys(['example_nested_branch_dag']) retrieved from /home/airflow/.local/lib/python3.7/site-packages/airflow/example_dags/example_nested_branch_dag.py
[2023-03-17T03:28:52.857+0000] {logging_mixin.py:137} INFO - [2023-03-17T03:28:52.857+0000] {dag.py:2693} INFO - Sync 1 DAGs
[2023-03-17T03:28:52.891+0000] {logging_mixin.py:137} INFO - [2023-03-17T03:28:52.891+0000] {dag.py:3444} INFO - Setting next_dagrun for example_nested_branch_dag to 2023-03-16T00:00:00+00:00, run_after=2023-03-17T00:00:00+00:00
[2023-03-17T03:28:52.917+0000] {processor.py:175} INFO - Processing /home/airflow/.local/lib/python3.7/site-packages/airflow/example_dags/example_nested_branch_dag.py took 0.128 seconds
[2023-03-17T03:29:23.222+0000] {processor.py:153} INFO - Started process (PID=8115) to work on /home/airflow/.local/lib/python3.7/site-packages/airflow/example_dags/example_nested_branch_dag.py
[2023-03-17T03:29:23.223+0000] {processor.py:743} INFO - Processing file /home/airflow/.local/lib/python3.7/site-packages/airflow/example_dags/example_nested_branch_dag.py for tasks to queue
[2023-03-17T03:29:23.224+0000] {logging_mixin.py:137} INFO - [2023-03-17T03:29:23.224+0000] {dagbag.py:532} INFO - Filling up the DagBag from /home/airflow/.local/lib/python3.7/site-packages/airflow/example_dags/example_nested_branch_dag.py
[2023-03-17T03:29:23.252+0000] {processor.py:753} INFO - DAG(s) dict_keys(['example_nested_branch_dag']) retrieved from /home/airflow/.local/lib/python3.7/site-packages/airflow/example_dags/example_nested_branch_dag.py
[2023-03-17T03:29:23.282+0000] {logging_mixin.py:137} INFO - [2023-03-17T03:29:23.282+0000] {dag.py:2693} INFO - Sync 1 DAGs
[2023-03-17T03:29:23.313+0000] {logging_mixin.py:137} INFO - [2023-03-17T03:29:23.312+0000] {dag.py:3444} INFO - Setting next_dagrun for example_nested_branch_dag to 2023-03-16T00:00:00+00:00, run_after=2023-03-17T00:00:00+00:00
[2023-03-17T03:29:23.337+0000] {processor.py:175} INFO - Processing /home/airflow/.local/lib/python3.7/site-packages/airflow/example_dags/example_nested_branch_dag.py took 0.119 seconds
[2023-03-17T03:29:53.517+0000] {processor.py:153} INFO - Started process (PID=8330) to work on /home/airflow/.local/lib/python3.7/site-packages/airflow/example_dags/example_nested_branch_dag.py
[2023-03-17T03:29:53.518+0000] {processor.py:743} INFO - Processing file /home/airflow/.local/lib/python3.7/site-packages/airflow/example_dags/example_nested_branch_dag.py for tasks to queue
[2023-03-17T03:29:53.519+0000] {logging_mixin.py:137} INFO - [2023-03-17T03:29:53.519+0000] {dagbag.py:532} INFO - Filling up the DagBag from /home/airflow/.local/lib/python3.7/site-packages/airflow/example_dags/example_nested_branch_dag.py
[2023-03-17T03:29:53.549+0000] {processor.py:753} INFO - DAG(s) dict_keys(['example_nested_branch_dag']) retrieved from /home/airflow/.local/lib/python3.7/site-packages/airflow/example_dags/example_nested_branch_dag.py
[2023-03-17T03:29:53.580+0000] {logging_mixin.py:137} INFO - [2023-03-17T03:29:53.580+0000] {dag.py:2693} INFO - Sync 1 DAGs
[2023-03-17T03:29:53.613+0000] {logging_mixin.py:137} INFO - [2023-03-17T03:29:53.613+0000] {dag.py:3444} INFO - Setting next_dagrun for example_nested_branch_dag to 2023-03-16T00:00:00+00:00, run_after=2023-03-17T00:00:00+00:00
[2023-03-17T03:29:53.639+0000] {processor.py:175} INFO - Processing /home/airflow/.local/lib/python3.7/site-packages/airflow/example_dags/example_nested_branch_dag.py took 0.125 seconds
[2023-03-17T03:30:24.118+0000] {processor.py:153} INFO - Started process (PID=8547) to work on /home/airflow/.local/lib/python3.7/site-packages/airflow/example_dags/example_nested_branch_dag.py
[2023-03-17T03:30:24.119+0000] {processor.py:743} INFO - Processing file /home/airflow/.local/lib/python3.7/site-packages/airflow/example_dags/example_nested_branch_dag.py for tasks to queue
[2023-03-17T03:30:24.120+0000] {logging_mixin.py:137} INFO - [2023-03-17T03:30:24.120+0000] {dagbag.py:532} INFO - Filling up the DagBag from /home/airflow/.local/lib/python3.7/site-packages/airflow/example_dags/example_nested_branch_dag.py
[2023-03-17T03:30:24.156+0000] {processor.py:753} INFO - DAG(s) dict_keys(['example_nested_branch_dag']) retrieved from /home/airflow/.local/lib/python3.7/site-packages/airflow/example_dags/example_nested_branch_dag.py
[2023-03-17T03:30:24.187+0000] {logging_mixin.py:137} INFO - [2023-03-17T03:30:24.187+0000] {dag.py:2693} INFO - Sync 1 DAGs
[2023-03-17T03:30:24.220+0000] {logging_mixin.py:137} INFO - [2023-03-17T03:30:24.220+0000] {dag.py:3444} INFO - Setting next_dagrun for example_nested_branch_dag to 2023-03-16T00:00:00+00:00, run_after=2023-03-17T00:00:00+00:00
[2023-03-17T03:30:24.249+0000] {processor.py:175} INFO - Processing /home/airflow/.local/lib/python3.7/site-packages/airflow/example_dags/example_nested_branch_dag.py took 0.135 seconds
[2023-03-17T03:30:54.632+0000] {processor.py:153} INFO - Started process (PID=8764) to work on /home/airflow/.local/lib/python3.7/site-packages/airflow/example_dags/example_nested_branch_dag.py
[2023-03-17T03:30:54.633+0000] {processor.py:743} INFO - Processing file /home/airflow/.local/lib/python3.7/site-packages/airflow/example_dags/example_nested_branch_dag.py for tasks to queue
[2023-03-17T03:30:54.634+0000] {logging_mixin.py:137} INFO - [2023-03-17T03:30:54.634+0000] {dagbag.py:532} INFO - Filling up the DagBag from /home/airflow/.local/lib/python3.7/site-packages/airflow/example_dags/example_nested_branch_dag.py
[2023-03-17T03:30:54.664+0000] {processor.py:753} INFO - DAG(s) dict_keys(['example_nested_branch_dag']) retrieved from /home/airflow/.local/lib/python3.7/site-packages/airflow/example_dags/example_nested_branch_dag.py
[2023-03-17T03:30:54.696+0000] {logging_mixin.py:137} INFO - [2023-03-17T03:30:54.696+0000] {dag.py:2693} INFO - Sync 1 DAGs
[2023-03-17T03:30:54.730+0000] {logging_mixin.py:137} INFO - [2023-03-17T03:30:54.729+0000] {dag.py:3444} INFO - Setting next_dagrun for example_nested_branch_dag to 2023-03-16T00:00:00+00:00, run_after=2023-03-17T00:00:00+00:00
[2023-03-17T03:30:54.758+0000] {processor.py:175} INFO - Processing /home/airflow/.local/lib/python3.7/site-packages/airflow/example_dags/example_nested_branch_dag.py took 0.129 seconds
[2023-03-17T03:31:24.950+0000] {processor.py:153} INFO - Started process (PID=8981) to work on /home/airflow/.local/lib/python3.7/site-packages/airflow/example_dags/example_nested_branch_dag.py
[2023-03-17T03:31:24.951+0000] {processor.py:743} INFO - Processing file /home/airflow/.local/lib/python3.7/site-packages/airflow/example_dags/example_nested_branch_dag.py for tasks to queue
[2023-03-17T03:31:24.952+0000] {logging_mixin.py:137} INFO - [2023-03-17T03:31:24.952+0000] {dagbag.py:532} INFO - Filling up the DagBag from /home/airflow/.local/lib/python3.7/site-packages/airflow/example_dags/example_nested_branch_dag.py
[2023-03-17T03:31:24.981+0000] {processor.py:753} INFO - DAG(s) dict_keys(['example_nested_branch_dag']) retrieved from /home/airflow/.local/lib/python3.7/site-packages/airflow/example_dags/example_nested_branch_dag.py
[2023-03-17T03:31:25.012+0000] {logging_mixin.py:137} INFO - [2023-03-17T03:31:25.011+0000] {dag.py:2693} INFO - Sync 1 DAGs
[2023-03-17T03:31:25.043+0000] {logging_mixin.py:137} INFO - [2023-03-17T03:31:25.043+0000] {dag.py:3444} INFO - Setting next_dagrun for example_nested_branch_dag to 2023-03-16T00:00:00+00:00, run_after=2023-03-17T00:00:00+00:00
[2023-03-17T03:31:25.069+0000] {processor.py:175} INFO - Processing /home/airflow/.local/lib/python3.7/site-packages/airflow/example_dags/example_nested_branch_dag.py took 0.123 seconds
[2023-03-17T03:31:55.320+0000] {processor.py:153} INFO - Started process (PID=9198) to work on /home/airflow/.local/lib/python3.7/site-packages/airflow/example_dags/example_nested_branch_dag.py
[2023-03-17T03:31:55.322+0000] {processor.py:743} INFO - Processing file /home/airflow/.local/lib/python3.7/site-packages/airflow/example_dags/example_nested_branch_dag.py for tasks to queue
[2023-03-17T03:31:55.323+0000] {logging_mixin.py:137} INFO - [2023-03-17T03:31:55.323+0000] {dagbag.py:532} INFO - Filling up the DagBag from /home/airflow/.local/lib/python3.7/site-packages/airflow/example_dags/example_nested_branch_dag.py
[2023-03-17T03:31:55.352+0000] {processor.py:753} INFO - DAG(s) dict_keys(['example_nested_branch_dag']) retrieved from /home/airflow/.local/lib/python3.7/site-packages/airflow/example_dags/example_nested_branch_dag.py
[2023-03-17T03:31:55.383+0000] {logging_mixin.py:137} INFO - [2023-03-17T03:31:55.383+0000] {dag.py:2693} INFO - Sync 1 DAGs
[2023-03-17T03:31:55.416+0000] {logging_mixin.py:137} INFO - [2023-03-17T03:31:55.416+0000] {dag.py:3444} INFO - Setting next_dagrun for example_nested_branch_dag to 2023-03-16T00:00:00+00:00, run_after=2023-03-17T00:00:00+00:00
[2023-03-17T03:31:55.442+0000] {processor.py:175} INFO - Processing /home/airflow/.local/lib/python3.7/site-packages/airflow/example_dags/example_nested_branch_dag.py took 0.126 seconds
[2023-03-17T03:32:25.752+0000] {processor.py:153} INFO - Started process (PID=9415) to work on /home/airflow/.local/lib/python3.7/site-packages/airflow/example_dags/example_nested_branch_dag.py
[2023-03-17T03:32:25.753+0000] {processor.py:743} INFO - Processing file /home/airflow/.local/lib/python3.7/site-packages/airflow/example_dags/example_nested_branch_dag.py for tasks to queue
[2023-03-17T03:32:25.754+0000] {logging_mixin.py:137} INFO - [2023-03-17T03:32:25.754+0000] {dagbag.py:532} INFO - Filling up the DagBag from /home/airflow/.local/lib/python3.7/site-packages/airflow/example_dags/example_nested_branch_dag.py
[2023-03-17T03:32:25.783+0000] {processor.py:753} INFO - DAG(s) dict_keys(['example_nested_branch_dag']) retrieved from /home/airflow/.local/lib/python3.7/site-packages/airflow/example_dags/example_nested_branch_dag.py
[2023-03-17T03:32:25.815+0000] {logging_mixin.py:137} INFO - [2023-03-17T03:32:25.814+0000] {dag.py:2693} INFO - Sync 1 DAGs
[2023-03-17T03:32:25.848+0000] {logging_mixin.py:137} INFO - [2023-03-17T03:32:25.848+0000] {dag.py:3444} INFO - Setting next_dagrun for example_nested_branch_dag to 2023-03-16T00:00:00+00:00, run_after=2023-03-17T00:00:00+00:00
[2023-03-17T03:32:25.878+0000] {processor.py:175} INFO - Processing /home/airflow/.local/lib/python3.7/site-packages/airflow/example_dags/example_nested_branch_dag.py took 0.129 seconds
[2023-03-17T03:32:56.719+0000] {processor.py:153} INFO - Started process (PID=9634) to work on /home/airflow/.local/lib/python3.7/site-packages/airflow/example_dags/example_nested_branch_dag.py
[2023-03-17T03:32:56.720+0000] {processor.py:743} INFO - Processing file /home/airflow/.local/lib/python3.7/site-packages/airflow/example_dags/example_nested_branch_dag.py for tasks to queue
[2023-03-17T03:32:56.721+0000] {logging_mixin.py:137} INFO - [2023-03-17T03:32:56.721+0000] {dagbag.py:532} INFO - Filling up the DagBag from /home/airflow/.local/lib/python3.7/site-packages/airflow/example_dags/example_nested_branch_dag.py
[2023-03-17T03:32:56.753+0000] {processor.py:753} INFO - DAG(s) dict_keys(['example_nested_branch_dag']) retrieved from /home/airflow/.local/lib/python3.7/site-packages/airflow/example_dags/example_nested_branch_dag.py
[2023-03-17T03:32:56.795+0000] {logging_mixin.py:137} INFO - [2023-03-17T03:32:56.794+0000] {dag.py:2693} INFO - Sync 1 DAGs
[2023-03-17T03:32:56.832+0000] {logging_mixin.py:137} INFO - [2023-03-17T03:32:56.831+0000] {dag.py:3444} INFO - Setting next_dagrun for example_nested_branch_dag to 2023-03-16T00:00:00+00:00, run_after=2023-03-17T00:00:00+00:00
[2023-03-17T03:32:56.957+0000] {processor.py:175} INFO - Processing /home/airflow/.local/lib/python3.7/site-packages/airflow/example_dags/example_nested_branch_dag.py took 0.241 seconds
[2023-03-17T03:33:27.461+0000] {processor.py:153} INFO - Started process (PID=9852) to work on /home/airflow/.local/lib/python3.7/site-packages/airflow/example_dags/example_nested_branch_dag.py
[2023-03-17T03:33:27.463+0000] {processor.py:743} INFO - Processing file /home/airflow/.local/lib/python3.7/site-packages/airflow/example_dags/example_nested_branch_dag.py for tasks to queue
[2023-03-17T03:33:27.464+0000] {logging_mixin.py:137} INFO - [2023-03-17T03:33:27.464+0000] {dagbag.py:532} INFO - Filling up the DagBag from /home/airflow/.local/lib/python3.7/site-packages/airflow/example_dags/example_nested_branch_dag.py
[2023-03-17T03:33:27.494+0000] {processor.py:753} INFO - DAG(s) dict_keys(['example_nested_branch_dag']) retrieved from /home/airflow/.local/lib/python3.7/site-packages/airflow/example_dags/example_nested_branch_dag.py
[2023-03-17T03:33:27.525+0000] {logging_mixin.py:137} INFO - [2023-03-17T03:33:27.524+0000] {dag.py:2693} INFO - Sync 1 DAGs
[2023-03-17T03:33:27.557+0000] {logging_mixin.py:137} INFO - [2023-03-17T03:33:27.557+0000] {dag.py:3444} INFO - Setting next_dagrun for example_nested_branch_dag to 2023-03-16T00:00:00+00:00, run_after=2023-03-17T00:00:00+00:00
[2023-03-17T03:33:27.584+0000] {processor.py:175} INFO - Processing /home/airflow/.local/lib/python3.7/site-packages/airflow/example_dags/example_nested_branch_dag.py took 0.127 seconds
[2023-03-17T03:33:57.844+0000] {processor.py:153} INFO - Started process (PID=10067) to work on /home/airflow/.local/lib/python3.7/site-packages/airflow/example_dags/example_nested_branch_dag.py
[2023-03-17T03:33:57.846+0000] {processor.py:743} INFO - Processing file /home/airflow/.local/lib/python3.7/site-packages/airflow/example_dags/example_nested_branch_dag.py for tasks to queue
[2023-03-17T03:33:57.847+0000] {logging_mixin.py:137} INFO - [2023-03-17T03:33:57.847+0000] {dagbag.py:532} INFO - Filling up the DagBag from /home/airflow/.local/lib/python3.7/site-packages/airflow/example_dags/example_nested_branch_dag.py
[2023-03-17T03:33:57.877+0000] {processor.py:753} INFO - DAG(s) dict_keys(['example_nested_branch_dag']) retrieved from /home/airflow/.local/lib/python3.7/site-packages/airflow/example_dags/example_nested_branch_dag.py
[2023-03-17T03:33:57.911+0000] {logging_mixin.py:137} INFO - [2023-03-17T03:33:57.910+0000] {dag.py:2693} INFO - Sync 1 DAGs
[2023-03-17T03:33:57.945+0000] {logging_mixin.py:137} INFO - [2023-03-17T03:33:57.945+0000] {dag.py:3444} INFO - Setting next_dagrun for example_nested_branch_dag to 2023-03-16T00:00:00+00:00, run_after=2023-03-17T00:00:00+00:00
[2023-03-17T03:33:57.973+0000] {processor.py:175} INFO - Processing /home/airflow/.local/lib/python3.7/site-packages/airflow/example_dags/example_nested_branch_dag.py took 0.133 seconds
[2023-03-17T03:34:28.500+0000] {processor.py:153} INFO - Started process (PID=10285) to work on /home/airflow/.local/lib/python3.7/site-packages/airflow/example_dags/example_nested_branch_dag.py
[2023-03-17T03:34:28.501+0000] {processor.py:743} INFO - Processing file /home/airflow/.local/lib/python3.7/site-packages/airflow/example_dags/example_nested_branch_dag.py for tasks to queue
[2023-03-17T03:34:28.503+0000] {logging_mixin.py:137} INFO - [2023-03-17T03:34:28.502+0000] {dagbag.py:532} INFO - Filling up the DagBag from /home/airflow/.local/lib/python3.7/site-packages/airflow/example_dags/example_nested_branch_dag.py
[2023-03-17T03:34:28.536+0000] {processor.py:753} INFO - DAG(s) dict_keys(['example_nested_branch_dag']) retrieved from /home/airflow/.local/lib/python3.7/site-packages/airflow/example_dags/example_nested_branch_dag.py
[2023-03-17T03:34:28.569+0000] {logging_mixin.py:137} INFO - [2023-03-17T03:34:28.569+0000] {dag.py:2693} INFO - Sync 1 DAGs
[2023-03-17T03:34:28.602+0000] {logging_mixin.py:137} INFO - [2023-03-17T03:34:28.602+0000] {dag.py:3444} INFO - Setting next_dagrun for example_nested_branch_dag to 2023-03-16T00:00:00+00:00, run_after=2023-03-17T00:00:00+00:00
[2023-03-17T03:34:28.628+0000] {processor.py:175} INFO - Processing /home/airflow/.local/lib/python3.7/site-packages/airflow/example_dags/example_nested_branch_dag.py took 0.134 seconds
