[2023-03-17T03:10:58.740+0000] {processor.py:153} INFO - Started process (PID=190) to work on /home/airflow/.local/lib/python3.7/site-packages/airflow/example_dags/example_kubernetes_executor.py
[2023-03-17T03:10:58.741+0000] {processor.py:743} INFO - Processing file /home/airflow/.local/lib/python3.7/site-packages/airflow/example_dags/example_kubernetes_executor.py for tasks to queue
[2023-03-17T03:10:58.743+0000] {logging_mixin.py:137} INFO - [2023-03-17T03:10:58.743+0000] {dagbag.py:532} INFO - Filling up the DagBag from /home/airflow/.local/lib/python3.7/site-packages/airflow/example_dags/example_kubernetes_executor.py
[2023-03-17T03:10:58.804+0000] {processor.py:753} INFO - DAG(s) dict_keys(['example_kubernetes_executor']) retrieved from /home/airflow/.local/lib/python3.7/site-packages/airflow/example_dags/example_kubernetes_executor.py
[2023-03-17T03:10:58.882+0000] {logging_mixin.py:137} INFO - [2023-03-17T03:10:58.882+0000] {dag.py:2693} INFO - Sync 1 DAGs
[2023-03-17T03:10:58.938+0000] {logging_mixin.py:137} INFO - [2023-03-17T03:10:58.938+0000] {dag.py:3444} INFO - Setting next_dagrun for example_kubernetes_executor to None, run_after=None
[2023-03-17T03:10:58.993+0000] {processor.py:175} INFO - Processing /home/airflow/.local/lib/python3.7/site-packages/airflow/example_dags/example_kubernetes_executor.py took 0.259 seconds
[2023-03-17T03:11:31.222+0000] {processor.py:153} INFO - Started process (PID=407) to work on /home/airflow/.local/lib/python3.7/site-packages/airflow/example_dags/example_kubernetes_executor.py
[2023-03-17T03:11:31.224+0000] {processor.py:743} INFO - Processing file /home/airflow/.local/lib/python3.7/site-packages/airflow/example_dags/example_kubernetes_executor.py for tasks to queue
[2023-03-17T03:11:31.226+0000] {logging_mixin.py:137} INFO - [2023-03-17T03:11:31.225+0000] {dagbag.py:532} INFO - Filling up the DagBag from /home/airflow/.local/lib/python3.7/site-packages/airflow/example_dags/example_kubernetes_executor.py
[2023-03-17T03:11:31.274+0000] {processor.py:753} INFO - DAG(s) dict_keys(['example_kubernetes_executor']) retrieved from /home/airflow/.local/lib/python3.7/site-packages/airflow/example_dags/example_kubernetes_executor.py
[2023-03-17T03:11:31.340+0000] {logging_mixin.py:137} INFO - [2023-03-17T03:11:31.340+0000] {dag.py:2693} INFO - Sync 1 DAGs
[2023-03-17T03:11:31.427+0000] {logging_mixin.py:137} INFO - [2023-03-17T03:11:31.426+0000] {dag.py:3444} INFO - Setting next_dagrun for example_kubernetes_executor to None, run_after=None
[2023-03-17T03:11:31.591+0000] {processor.py:175} INFO - Processing /home/airflow/.local/lib/python3.7/site-packages/airflow/example_dags/example_kubernetes_executor.py took 0.373 seconds
[2023-03-17T03:12:03.106+0000] {processor.py:153} INFO - Started process (PID=624) to work on /home/airflow/.local/lib/python3.7/site-packages/airflow/example_dags/example_kubernetes_executor.py
[2023-03-17T03:12:03.107+0000] {processor.py:743} INFO - Processing file /home/airflow/.local/lib/python3.7/site-packages/airflow/example_dags/example_kubernetes_executor.py for tasks to queue
[2023-03-17T03:12:03.109+0000] {logging_mixin.py:137} INFO - [2023-03-17T03:12:03.109+0000] {dagbag.py:532} INFO - Filling up the DagBag from /home/airflow/.local/lib/python3.7/site-packages/airflow/example_dags/example_kubernetes_executor.py
[2023-03-17T03:12:03.161+0000] {processor.py:753} INFO - DAG(s) dict_keys(['example_kubernetes_executor']) retrieved from /home/airflow/.local/lib/python3.7/site-packages/airflow/example_dags/example_kubernetes_executor.py
[2023-03-17T03:12:03.211+0000] {logging_mixin.py:137} INFO - [2023-03-17T03:12:03.211+0000] {dag.py:2693} INFO - Sync 1 DAGs
[2023-03-17T03:12:03.261+0000] {logging_mixin.py:137} INFO - [2023-03-17T03:12:03.260+0000] {dag.py:3444} INFO - Setting next_dagrun for example_kubernetes_executor to None, run_after=None
[2023-03-17T03:12:03.317+0000] {processor.py:175} INFO - Processing /home/airflow/.local/lib/python3.7/site-packages/airflow/example_dags/example_kubernetes_executor.py took 0.217 seconds
[2023-03-17T03:12:33.385+0000] {processor.py:153} INFO - Started process (PID=841) to work on /home/airflow/.local/lib/python3.7/site-packages/airflow/example_dags/example_kubernetes_executor.py
[2023-03-17T03:12:33.387+0000] {processor.py:743} INFO - Processing file /home/airflow/.local/lib/python3.7/site-packages/airflow/example_dags/example_kubernetes_executor.py for tasks to queue
[2023-03-17T03:12:33.388+0000] {logging_mixin.py:137} INFO - [2023-03-17T03:12:33.387+0000] {dagbag.py:532} INFO - Filling up the DagBag from /home/airflow/.local/lib/python3.7/site-packages/airflow/example_dags/example_kubernetes_executor.py
[2023-03-17T03:12:33.421+0000] {processor.py:753} INFO - DAG(s) dict_keys(['example_kubernetes_executor']) retrieved from /home/airflow/.local/lib/python3.7/site-packages/airflow/example_dags/example_kubernetes_executor.py
[2023-03-17T03:12:33.456+0000] {logging_mixin.py:137} INFO - [2023-03-17T03:12:33.456+0000] {dag.py:2693} INFO - Sync 1 DAGs
[2023-03-17T03:12:33.486+0000] {logging_mixin.py:137} INFO - [2023-03-17T03:12:33.486+0000] {dag.py:3444} INFO - Setting next_dagrun for example_kubernetes_executor to None, run_after=None
[2023-03-17T03:12:33.515+0000] {processor.py:175} INFO - Processing /home/airflow/.local/lib/python3.7/site-packages/airflow/example_dags/example_kubernetes_executor.py took 0.133 seconds
[2023-03-17T03:13:04.142+0000] {processor.py:153} INFO - Started process (PID=1065) to work on /home/airflow/.local/lib/python3.7/site-packages/airflow/example_dags/example_kubernetes_executor.py
[2023-03-17T03:13:04.143+0000] {processor.py:743} INFO - Processing file /home/airflow/.local/lib/python3.7/site-packages/airflow/example_dags/example_kubernetes_executor.py for tasks to queue
[2023-03-17T03:13:04.144+0000] {logging_mixin.py:137} INFO - [2023-03-17T03:13:04.144+0000] {dagbag.py:532} INFO - Filling up the DagBag from /home/airflow/.local/lib/python3.7/site-packages/airflow/example_dags/example_kubernetes_executor.py
[2023-03-17T03:13:04.177+0000] {processor.py:753} INFO - DAG(s) dict_keys(['example_kubernetes_executor']) retrieved from /home/airflow/.local/lib/python3.7/site-packages/airflow/example_dags/example_kubernetes_executor.py
[2023-03-17T03:13:04.214+0000] {logging_mixin.py:137} INFO - [2023-03-17T03:13:04.214+0000] {dag.py:2693} INFO - Sync 1 DAGs
[2023-03-17T03:13:04.251+0000] {logging_mixin.py:137} INFO - [2023-03-17T03:13:04.251+0000] {dag.py:3444} INFO - Setting next_dagrun for example_kubernetes_executor to None, run_after=None
[2023-03-17T03:13:04.276+0000] {processor.py:175} INFO - Processing /home/airflow/.local/lib/python3.7/site-packages/airflow/example_dags/example_kubernetes_executor.py took 0.138 seconds
[2023-03-17T03:13:34.979+0000] {processor.py:153} INFO - Started process (PID=1282) to work on /home/airflow/.local/lib/python3.7/site-packages/airflow/example_dags/example_kubernetes_executor.py
[2023-03-17T03:13:34.980+0000] {processor.py:743} INFO - Processing file /home/airflow/.local/lib/python3.7/site-packages/airflow/example_dags/example_kubernetes_executor.py for tasks to queue
[2023-03-17T03:13:34.982+0000] {logging_mixin.py:137} INFO - [2023-03-17T03:13:34.981+0000] {dagbag.py:532} INFO - Filling up the DagBag from /home/airflow/.local/lib/python3.7/site-packages/airflow/example_dags/example_kubernetes_executor.py
[2023-03-17T03:13:35.030+0000] {processor.py:753} INFO - DAG(s) dict_keys(['example_kubernetes_executor']) retrieved from /home/airflow/.local/lib/python3.7/site-packages/airflow/example_dags/example_kubernetes_executor.py
[2023-03-17T03:13:35.067+0000] {logging_mixin.py:137} INFO - [2023-03-17T03:13:35.066+0000] {dag.py:2693} INFO - Sync 1 DAGs
[2023-03-17T03:13:35.104+0000] {logging_mixin.py:137} INFO - [2023-03-17T03:13:35.104+0000] {dag.py:3444} INFO - Setting next_dagrun for example_kubernetes_executor to None, run_after=None
[2023-03-17T03:13:35.128+0000] {processor.py:175} INFO - Processing /home/airflow/.local/lib/python3.7/site-packages/airflow/example_dags/example_kubernetes_executor.py took 0.154 seconds
[2023-03-17T03:14:05.450+0000] {processor.py:153} INFO - Started process (PID=1499) to work on /home/airflow/.local/lib/python3.7/site-packages/airflow/example_dags/example_kubernetes_executor.py
[2023-03-17T03:14:05.451+0000] {processor.py:743} INFO - Processing file /home/airflow/.local/lib/python3.7/site-packages/airflow/example_dags/example_kubernetes_executor.py for tasks to queue
[2023-03-17T03:14:05.452+0000] {logging_mixin.py:137} INFO - [2023-03-17T03:14:05.452+0000] {dagbag.py:532} INFO - Filling up the DagBag from /home/airflow/.local/lib/python3.7/site-packages/airflow/example_dags/example_kubernetes_executor.py
[2023-03-17T03:14:05.486+0000] {processor.py:753} INFO - DAG(s) dict_keys(['example_kubernetes_executor']) retrieved from /home/airflow/.local/lib/python3.7/site-packages/airflow/example_dags/example_kubernetes_executor.py
[2023-03-17T03:14:05.525+0000] {logging_mixin.py:137} INFO - [2023-03-17T03:14:05.524+0000] {dag.py:2693} INFO - Sync 1 DAGs
[2023-03-17T03:14:05.557+0000] {logging_mixin.py:137} INFO - [2023-03-17T03:14:05.557+0000] {dag.py:3444} INFO - Setting next_dagrun for example_kubernetes_executor to None, run_after=None
[2023-03-17T03:14:05.585+0000] {processor.py:175} INFO - Processing /home/airflow/.local/lib/python3.7/site-packages/airflow/example_dags/example_kubernetes_executor.py took 0.138 seconds
[2023-03-17T03:14:35.781+0000] {processor.py:153} INFO - Started process (PID=1716) to work on /home/airflow/.local/lib/python3.7/site-packages/airflow/example_dags/example_kubernetes_executor.py
[2023-03-17T03:14:35.782+0000] {processor.py:743} INFO - Processing file /home/airflow/.local/lib/python3.7/site-packages/airflow/example_dags/example_kubernetes_executor.py for tasks to queue
[2023-03-17T03:14:35.783+0000] {logging_mixin.py:137} INFO - [2023-03-17T03:14:35.783+0000] {dagbag.py:532} INFO - Filling up the DagBag from /home/airflow/.local/lib/python3.7/site-packages/airflow/example_dags/example_kubernetes_executor.py
[2023-03-17T03:14:35.816+0000] {processor.py:753} INFO - DAG(s) dict_keys(['example_kubernetes_executor']) retrieved from /home/airflow/.local/lib/python3.7/site-packages/airflow/example_dags/example_kubernetes_executor.py
[2023-03-17T03:14:35.855+0000] {logging_mixin.py:137} INFO - [2023-03-17T03:14:35.855+0000] {dag.py:2693} INFO - Sync 1 DAGs
[2023-03-17T03:14:35.893+0000] {logging_mixin.py:137} INFO - [2023-03-17T03:14:35.893+0000] {dag.py:3444} INFO - Setting next_dagrun for example_kubernetes_executor to None, run_after=None
[2023-03-17T03:14:35.924+0000] {processor.py:175} INFO - Processing /home/airflow/.local/lib/python3.7/site-packages/airflow/example_dags/example_kubernetes_executor.py took 0.147 seconds
[2023-03-17T03:15:06.355+0000] {processor.py:153} INFO - Started process (PID=1933) to work on /home/airflow/.local/lib/python3.7/site-packages/airflow/example_dags/example_kubernetes_executor.py
[2023-03-17T03:15:06.356+0000] {processor.py:743} INFO - Processing file /home/airflow/.local/lib/python3.7/site-packages/airflow/example_dags/example_kubernetes_executor.py for tasks to queue
[2023-03-17T03:15:06.357+0000] {logging_mixin.py:137} INFO - [2023-03-17T03:15:06.357+0000] {dagbag.py:532} INFO - Filling up the DagBag from /home/airflow/.local/lib/python3.7/site-packages/airflow/example_dags/example_kubernetes_executor.py
[2023-03-17T03:15:06.394+0000] {processor.py:753} INFO - DAG(s) dict_keys(['example_kubernetes_executor']) retrieved from /home/airflow/.local/lib/python3.7/site-packages/airflow/example_dags/example_kubernetes_executor.py
[2023-03-17T03:15:06.431+0000] {logging_mixin.py:137} INFO - [2023-03-17T03:15:06.431+0000] {dag.py:2693} INFO - Sync 1 DAGs
[2023-03-17T03:15:06.463+0000] {logging_mixin.py:137} INFO - [2023-03-17T03:15:06.463+0000] {dag.py:3444} INFO - Setting next_dagrun for example_kubernetes_executor to None, run_after=None
[2023-03-17T03:15:06.490+0000] {processor.py:175} INFO - Processing /home/airflow/.local/lib/python3.7/site-packages/airflow/example_dags/example_kubernetes_executor.py took 0.139 seconds
[2023-03-17T03:15:36.938+0000] {processor.py:153} INFO - Started process (PID=2150) to work on /home/airflow/.local/lib/python3.7/site-packages/airflow/example_dags/example_kubernetes_executor.py
[2023-03-17T03:15:36.939+0000] {processor.py:743} INFO - Processing file /home/airflow/.local/lib/python3.7/site-packages/airflow/example_dags/example_kubernetes_executor.py for tasks to queue
[2023-03-17T03:15:36.940+0000] {logging_mixin.py:137} INFO - [2023-03-17T03:15:36.940+0000] {dagbag.py:532} INFO - Filling up the DagBag from /home/airflow/.local/lib/python3.7/site-packages/airflow/example_dags/example_kubernetes_executor.py
[2023-03-17T03:15:36.974+0000] {processor.py:753} INFO - DAG(s) dict_keys(['example_kubernetes_executor']) retrieved from /home/airflow/.local/lib/python3.7/site-packages/airflow/example_dags/example_kubernetes_executor.py
[2023-03-17T03:15:37.009+0000] {logging_mixin.py:137} INFO - [2023-03-17T03:15:37.009+0000] {dag.py:2693} INFO - Sync 1 DAGs
[2023-03-17T03:15:37.040+0000] {logging_mixin.py:137} INFO - [2023-03-17T03:15:37.040+0000] {dag.py:3444} INFO - Setting next_dagrun for example_kubernetes_executor to None, run_after=None
[2023-03-17T03:15:37.071+0000] {processor.py:175} INFO - Processing /home/airflow/.local/lib/python3.7/site-packages/airflow/example_dags/example_kubernetes_executor.py took 0.136 seconds
[2023-03-17T03:16:07.375+0000] {processor.py:153} INFO - Started process (PID=2368) to work on /home/airflow/.local/lib/python3.7/site-packages/airflow/example_dags/example_kubernetes_executor.py
[2023-03-17T03:16:07.376+0000] {processor.py:743} INFO - Processing file /home/airflow/.local/lib/python3.7/site-packages/airflow/example_dags/example_kubernetes_executor.py for tasks to queue
[2023-03-17T03:16:07.377+0000] {logging_mixin.py:137} INFO - [2023-03-17T03:16:07.377+0000] {dagbag.py:532} INFO - Filling up the DagBag from /home/airflow/.local/lib/python3.7/site-packages/airflow/example_dags/example_kubernetes_executor.py
[2023-03-17T03:16:07.410+0000] {processor.py:753} INFO - DAG(s) dict_keys(['example_kubernetes_executor']) retrieved from /home/airflow/.local/lib/python3.7/site-packages/airflow/example_dags/example_kubernetes_executor.py
[2023-03-17T03:16:07.445+0000] {logging_mixin.py:137} INFO - [2023-03-17T03:16:07.445+0000] {dag.py:2693} INFO - Sync 1 DAGs
[2023-03-17T03:16:07.476+0000] {logging_mixin.py:137} INFO - [2023-03-17T03:16:07.476+0000] {dag.py:3444} INFO - Setting next_dagrun for example_kubernetes_executor to None, run_after=None
[2023-03-17T03:16:07.501+0000] {processor.py:175} INFO - Processing /home/airflow/.local/lib/python3.7/site-packages/airflow/example_dags/example_kubernetes_executor.py took 0.130 seconds
[2023-03-17T03:16:38.053+0000] {processor.py:153} INFO - Started process (PID=2585) to work on /home/airflow/.local/lib/python3.7/site-packages/airflow/example_dags/example_kubernetes_executor.py
[2023-03-17T03:16:38.054+0000] {processor.py:743} INFO - Processing file /home/airflow/.local/lib/python3.7/site-packages/airflow/example_dags/example_kubernetes_executor.py for tasks to queue
[2023-03-17T03:16:38.055+0000] {logging_mixin.py:137} INFO - [2023-03-17T03:16:38.055+0000] {dagbag.py:532} INFO - Filling up the DagBag from /home/airflow/.local/lib/python3.7/site-packages/airflow/example_dags/example_kubernetes_executor.py
[2023-03-17T03:16:38.099+0000] {processor.py:753} INFO - DAG(s) dict_keys(['example_kubernetes_executor']) retrieved from /home/airflow/.local/lib/python3.7/site-packages/airflow/example_dags/example_kubernetes_executor.py
[2023-03-17T03:16:38.134+0000] {logging_mixin.py:137} INFO - [2023-03-17T03:16:38.134+0000] {dag.py:2693} INFO - Sync 1 DAGs
[2023-03-17T03:16:38.168+0000] {logging_mixin.py:137} INFO - [2023-03-17T03:16:38.167+0000] {dag.py:3444} INFO - Setting next_dagrun for example_kubernetes_executor to None, run_after=None
[2023-03-17T03:16:38.192+0000] {processor.py:175} INFO - Processing /home/airflow/.local/lib/python3.7/site-packages/airflow/example_dags/example_kubernetes_executor.py took 0.143 seconds
[2023-03-17T03:17:08.565+0000] {processor.py:153} INFO - Started process (PID=2802) to work on /home/airflow/.local/lib/python3.7/site-packages/airflow/example_dags/example_kubernetes_executor.py
[2023-03-17T03:17:08.566+0000] {processor.py:743} INFO - Processing file /home/airflow/.local/lib/python3.7/site-packages/airflow/example_dags/example_kubernetes_executor.py for tasks to queue
[2023-03-17T03:17:08.567+0000] {logging_mixin.py:137} INFO - [2023-03-17T03:17:08.567+0000] {dagbag.py:532} INFO - Filling up the DagBag from /home/airflow/.local/lib/python3.7/site-packages/airflow/example_dags/example_kubernetes_executor.py
[2023-03-17T03:17:08.600+0000] {processor.py:753} INFO - DAG(s) dict_keys(['example_kubernetes_executor']) retrieved from /home/airflow/.local/lib/python3.7/site-packages/airflow/example_dags/example_kubernetes_executor.py
[2023-03-17T03:17:08.635+0000] {logging_mixin.py:137} INFO - [2023-03-17T03:17:08.635+0000] {dag.py:2693} INFO - Sync 1 DAGs
[2023-03-17T03:17:08.666+0000] {logging_mixin.py:137} INFO - [2023-03-17T03:17:08.665+0000] {dag.py:3444} INFO - Setting next_dagrun for example_kubernetes_executor to None, run_after=None
[2023-03-17T03:17:08.693+0000] {processor.py:175} INFO - Processing /home/airflow/.local/lib/python3.7/site-packages/airflow/example_dags/example_kubernetes_executor.py took 0.132 seconds
[2023-03-17T03:17:38.927+0000] {processor.py:153} INFO - Started process (PID=3019) to work on /home/airflow/.local/lib/python3.7/site-packages/airflow/example_dags/example_kubernetes_executor.py
[2023-03-17T03:17:38.928+0000] {processor.py:743} INFO - Processing file /home/airflow/.local/lib/python3.7/site-packages/airflow/example_dags/example_kubernetes_executor.py for tasks to queue
[2023-03-17T03:17:38.930+0000] {logging_mixin.py:137} INFO - [2023-03-17T03:17:38.929+0000] {dagbag.py:532} INFO - Filling up the DagBag from /home/airflow/.local/lib/python3.7/site-packages/airflow/example_dags/example_kubernetes_executor.py
[2023-03-17T03:17:38.963+0000] {processor.py:753} INFO - DAG(s) dict_keys(['example_kubernetes_executor']) retrieved from /home/airflow/.local/lib/python3.7/site-packages/airflow/example_dags/example_kubernetes_executor.py
[2023-03-17T03:17:39.005+0000] {logging_mixin.py:137} INFO - [2023-03-17T03:17:39.005+0000] {dag.py:2693} INFO - Sync 1 DAGs
[2023-03-17T03:17:39.038+0000] {logging_mixin.py:137} INFO - [2023-03-17T03:17:39.038+0000] {dag.py:3444} INFO - Setting next_dagrun for example_kubernetes_executor to None, run_after=None
[2023-03-17T03:17:39.065+0000] {processor.py:175} INFO - Processing /home/airflow/.local/lib/python3.7/site-packages/airflow/example_dags/example_kubernetes_executor.py took 0.141 seconds
[2023-03-17T03:18:09.415+0000] {processor.py:153} INFO - Started process (PID=3236) to work on /home/airflow/.local/lib/python3.7/site-packages/airflow/example_dags/example_kubernetes_executor.py
[2023-03-17T03:18:09.416+0000] {processor.py:743} INFO - Processing file /home/airflow/.local/lib/python3.7/site-packages/airflow/example_dags/example_kubernetes_executor.py for tasks to queue
[2023-03-17T03:18:09.417+0000] {logging_mixin.py:137} INFO - [2023-03-17T03:18:09.417+0000] {dagbag.py:532} INFO - Filling up the DagBag from /home/airflow/.local/lib/python3.7/site-packages/airflow/example_dags/example_kubernetes_executor.py
[2023-03-17T03:18:09.450+0000] {processor.py:753} INFO - DAG(s) dict_keys(['example_kubernetes_executor']) retrieved from /home/airflow/.local/lib/python3.7/site-packages/airflow/example_dags/example_kubernetes_executor.py
[2023-03-17T03:18:09.487+0000] {logging_mixin.py:137} INFO - [2023-03-17T03:18:09.486+0000] {dag.py:2693} INFO - Sync 1 DAGs
[2023-03-17T03:18:09.520+0000] {logging_mixin.py:137} INFO - [2023-03-17T03:18:09.519+0000] {dag.py:3444} INFO - Setting next_dagrun for example_kubernetes_executor to None, run_after=None
[2023-03-17T03:18:09.547+0000] {processor.py:175} INFO - Processing /home/airflow/.local/lib/python3.7/site-packages/airflow/example_dags/example_kubernetes_executor.py took 0.136 seconds
[2023-03-17T03:18:39.924+0000] {processor.py:153} INFO - Started process (PID=3454) to work on /home/airflow/.local/lib/python3.7/site-packages/airflow/example_dags/example_kubernetes_executor.py
[2023-03-17T03:18:39.925+0000] {processor.py:743} INFO - Processing file /home/airflow/.local/lib/python3.7/site-packages/airflow/example_dags/example_kubernetes_executor.py for tasks to queue
[2023-03-17T03:18:39.926+0000] {logging_mixin.py:137} INFO - [2023-03-17T03:18:39.926+0000] {dagbag.py:532} INFO - Filling up the DagBag from /home/airflow/.local/lib/python3.7/site-packages/airflow/example_dags/example_kubernetes_executor.py
[2023-03-17T03:18:39.962+0000] {processor.py:753} INFO - DAG(s) dict_keys(['example_kubernetes_executor']) retrieved from /home/airflow/.local/lib/python3.7/site-packages/airflow/example_dags/example_kubernetes_executor.py
[2023-03-17T03:18:40.000+0000] {logging_mixin.py:137} INFO - [2023-03-17T03:18:40.000+0000] {dag.py:2693} INFO - Sync 1 DAGs
[2023-03-17T03:18:40.029+0000] {logging_mixin.py:137} INFO - [2023-03-17T03:18:40.029+0000] {dag.py:3444} INFO - Setting next_dagrun for example_kubernetes_executor to None, run_after=None
[2023-03-17T03:18:40.054+0000] {processor.py:175} INFO - Processing /home/airflow/.local/lib/python3.7/site-packages/airflow/example_dags/example_kubernetes_executor.py took 0.134 seconds
[2023-03-17T03:19:10.443+0000] {processor.py:153} INFO - Started process (PID=3671) to work on /home/airflow/.local/lib/python3.7/site-packages/airflow/example_dags/example_kubernetes_executor.py
[2023-03-17T03:19:10.445+0000] {processor.py:743} INFO - Processing file /home/airflow/.local/lib/python3.7/site-packages/airflow/example_dags/example_kubernetes_executor.py for tasks to queue
[2023-03-17T03:19:10.446+0000] {logging_mixin.py:137} INFO - [2023-03-17T03:19:10.445+0000] {dagbag.py:532} INFO - Filling up the DagBag from /home/airflow/.local/lib/python3.7/site-packages/airflow/example_dags/example_kubernetes_executor.py
[2023-03-17T03:19:10.479+0000] {processor.py:753} INFO - DAG(s) dict_keys(['example_kubernetes_executor']) retrieved from /home/airflow/.local/lib/python3.7/site-packages/airflow/example_dags/example_kubernetes_executor.py
[2023-03-17T03:19:10.518+0000] {logging_mixin.py:137} INFO - [2023-03-17T03:19:10.518+0000] {dag.py:2693} INFO - Sync 1 DAGs
[2023-03-17T03:19:10.550+0000] {logging_mixin.py:137} INFO - [2023-03-17T03:19:10.549+0000] {dag.py:3444} INFO - Setting next_dagrun for example_kubernetes_executor to None, run_after=None
[2023-03-17T03:19:10.577+0000] {processor.py:175} INFO - Processing /home/airflow/.local/lib/python3.7/site-packages/airflow/example_dags/example_kubernetes_executor.py took 0.137 seconds
[2023-03-17T03:19:41.199+0000] {processor.py:153} INFO - Started process (PID=3888) to work on /home/airflow/.local/lib/python3.7/site-packages/airflow/example_dags/example_kubernetes_executor.py
[2023-03-17T03:19:41.200+0000] {processor.py:743} INFO - Processing file /home/airflow/.local/lib/python3.7/site-packages/airflow/example_dags/example_kubernetes_executor.py for tasks to queue
[2023-03-17T03:19:41.201+0000] {logging_mixin.py:137} INFO - [2023-03-17T03:19:41.201+0000] {dagbag.py:532} INFO - Filling up the DagBag from /home/airflow/.local/lib/python3.7/site-packages/airflow/example_dags/example_kubernetes_executor.py
[2023-03-17T03:19:41.233+0000] {processor.py:753} INFO - DAG(s) dict_keys(['example_kubernetes_executor']) retrieved from /home/airflow/.local/lib/python3.7/site-packages/airflow/example_dags/example_kubernetes_executor.py
[2023-03-17T03:19:41.267+0000] {logging_mixin.py:137} INFO - [2023-03-17T03:19:41.267+0000] {dag.py:2693} INFO - Sync 1 DAGs
[2023-03-17T03:19:41.300+0000] {logging_mixin.py:137} INFO - [2023-03-17T03:19:41.300+0000] {dag.py:3444} INFO - Setting next_dagrun for example_kubernetes_executor to None, run_after=None
[2023-03-17T03:19:41.328+0000] {processor.py:175} INFO - Processing /home/airflow/.local/lib/python3.7/site-packages/airflow/example_dags/example_kubernetes_executor.py took 0.132 seconds
[2023-03-17T03:20:11.661+0000] {processor.py:153} INFO - Started process (PID=4105) to work on /home/airflow/.local/lib/python3.7/site-packages/airflow/example_dags/example_kubernetes_executor.py
[2023-03-17T03:20:11.662+0000] {processor.py:743} INFO - Processing file /home/airflow/.local/lib/python3.7/site-packages/airflow/example_dags/example_kubernetes_executor.py for tasks to queue
[2023-03-17T03:20:11.664+0000] {logging_mixin.py:137} INFO - [2023-03-17T03:20:11.663+0000] {dagbag.py:532} INFO - Filling up the DagBag from /home/airflow/.local/lib/python3.7/site-packages/airflow/example_dags/example_kubernetes_executor.py
[2023-03-17T03:20:11.702+0000] {processor.py:753} INFO - DAG(s) dict_keys(['example_kubernetes_executor']) retrieved from /home/airflow/.local/lib/python3.7/site-packages/airflow/example_dags/example_kubernetes_executor.py
[2023-03-17T03:20:11.741+0000] {logging_mixin.py:137} INFO - [2023-03-17T03:20:11.740+0000] {dag.py:2693} INFO - Sync 1 DAGs
[2023-03-17T03:20:11.772+0000] {logging_mixin.py:137} INFO - [2023-03-17T03:20:11.771+0000] {dag.py:3444} INFO - Setting next_dagrun for example_kubernetes_executor to None, run_after=None
[2023-03-17T03:20:11.796+0000] {processor.py:175} INFO - Processing /home/airflow/.local/lib/python3.7/site-packages/airflow/example_dags/example_kubernetes_executor.py took 0.140 seconds
[2023-03-17T03:20:42.020+0000] {processor.py:153} INFO - Started process (PID=4322) to work on /home/airflow/.local/lib/python3.7/site-packages/airflow/example_dags/example_kubernetes_executor.py
[2023-03-17T03:20:42.021+0000] {processor.py:743} INFO - Processing file /home/airflow/.local/lib/python3.7/site-packages/airflow/example_dags/example_kubernetes_executor.py for tasks to queue
[2023-03-17T03:20:42.022+0000] {logging_mixin.py:137} INFO - [2023-03-17T03:20:42.022+0000] {dagbag.py:532} INFO - Filling up the DagBag from /home/airflow/.local/lib/python3.7/site-packages/airflow/example_dags/example_kubernetes_executor.py
[2023-03-17T03:20:42.075+0000] {processor.py:753} INFO - DAG(s) dict_keys(['example_kubernetes_executor']) retrieved from /home/airflow/.local/lib/python3.7/site-packages/airflow/example_dags/example_kubernetes_executor.py
[2023-03-17T03:20:42.129+0000] {logging_mixin.py:137} INFO - [2023-03-17T03:20:42.128+0000] {dag.py:2693} INFO - Sync 1 DAGs
[2023-03-17T03:20:42.161+0000] {logging_mixin.py:137} INFO - [2023-03-17T03:20:42.161+0000] {dag.py:3444} INFO - Setting next_dagrun for example_kubernetes_executor to None, run_after=None
[2023-03-17T03:20:42.185+0000] {processor.py:175} INFO - Processing /home/airflow/.local/lib/python3.7/site-packages/airflow/example_dags/example_kubernetes_executor.py took 0.169 seconds
[2023-03-17T03:21:12.535+0000] {processor.py:153} INFO - Started process (PID=4539) to work on /home/airflow/.local/lib/python3.7/site-packages/airflow/example_dags/example_kubernetes_executor.py
[2023-03-17T03:21:12.536+0000] {processor.py:743} INFO - Processing file /home/airflow/.local/lib/python3.7/site-packages/airflow/example_dags/example_kubernetes_executor.py for tasks to queue
[2023-03-17T03:21:12.537+0000] {logging_mixin.py:137} INFO - [2023-03-17T03:21:12.537+0000] {dagbag.py:532} INFO - Filling up the DagBag from /home/airflow/.local/lib/python3.7/site-packages/airflow/example_dags/example_kubernetes_executor.py
[2023-03-17T03:21:12.573+0000] {processor.py:753} INFO - DAG(s) dict_keys(['example_kubernetes_executor']) retrieved from /home/airflow/.local/lib/python3.7/site-packages/airflow/example_dags/example_kubernetes_executor.py
[2023-03-17T03:21:12.610+0000] {logging_mixin.py:137} INFO - [2023-03-17T03:21:12.609+0000] {dag.py:2693} INFO - Sync 1 DAGs
[2023-03-17T03:21:12.641+0000] {logging_mixin.py:137} INFO - [2023-03-17T03:21:12.641+0000] {dag.py:3444} INFO - Setting next_dagrun for example_kubernetes_executor to None, run_after=None
[2023-03-17T03:21:12.668+0000] {processor.py:175} INFO - Processing /home/airflow/.local/lib/python3.7/site-packages/airflow/example_dags/example_kubernetes_executor.py took 0.136 seconds
[2023-03-17T03:21:43.378+0000] {processor.py:153} INFO - Started process (PID=4756) to work on /home/airflow/.local/lib/python3.7/site-packages/airflow/example_dags/example_kubernetes_executor.py
[2023-03-17T03:21:43.379+0000] {processor.py:743} INFO - Processing file /home/airflow/.local/lib/python3.7/site-packages/airflow/example_dags/example_kubernetes_executor.py for tasks to queue
[2023-03-17T03:21:43.380+0000] {logging_mixin.py:137} INFO - [2023-03-17T03:21:43.380+0000] {dagbag.py:532} INFO - Filling up the DagBag from /home/airflow/.local/lib/python3.7/site-packages/airflow/example_dags/example_kubernetes_executor.py
[2023-03-17T03:21:43.413+0000] {processor.py:753} INFO - DAG(s) dict_keys(['example_kubernetes_executor']) retrieved from /home/airflow/.local/lib/python3.7/site-packages/airflow/example_dags/example_kubernetes_executor.py
[2023-03-17T03:21:43.448+0000] {logging_mixin.py:137} INFO - [2023-03-17T03:21:43.448+0000] {dag.py:2693} INFO - Sync 1 DAGs
[2023-03-17T03:21:43.480+0000] {logging_mixin.py:137} INFO - [2023-03-17T03:21:43.479+0000] {dag.py:3444} INFO - Setting next_dagrun for example_kubernetes_executor to None, run_after=None
[2023-03-17T03:21:43.505+0000] {processor.py:175} INFO - Processing /home/airflow/.local/lib/python3.7/site-packages/airflow/example_dags/example_kubernetes_executor.py took 0.130 seconds
[2023-03-17T03:22:13.698+0000] {processor.py:153} INFO - Started process (PID=4973) to work on /home/airflow/.local/lib/python3.7/site-packages/airflow/example_dags/example_kubernetes_executor.py
[2023-03-17T03:22:13.700+0000] {processor.py:743} INFO - Processing file /home/airflow/.local/lib/python3.7/site-packages/airflow/example_dags/example_kubernetes_executor.py for tasks to queue
[2023-03-17T03:22:13.701+0000] {logging_mixin.py:137} INFO - [2023-03-17T03:22:13.701+0000] {dagbag.py:532} INFO - Filling up the DagBag from /home/airflow/.local/lib/python3.7/site-packages/airflow/example_dags/example_kubernetes_executor.py
[2023-03-17T03:22:13.734+0000] {processor.py:753} INFO - DAG(s) dict_keys(['example_kubernetes_executor']) retrieved from /home/airflow/.local/lib/python3.7/site-packages/airflow/example_dags/example_kubernetes_executor.py
[2023-03-17T03:22:13.771+0000] {logging_mixin.py:137} INFO - [2023-03-17T03:22:13.771+0000] {dag.py:2693} INFO - Sync 1 DAGs
[2023-03-17T03:22:13.802+0000] {logging_mixin.py:137} INFO - [2023-03-17T03:22:13.801+0000] {dag.py:3444} INFO - Setting next_dagrun for example_kubernetes_executor to None, run_after=None
[2023-03-17T03:22:13.828+0000] {processor.py:175} INFO - Processing /home/airflow/.local/lib/python3.7/site-packages/airflow/example_dags/example_kubernetes_executor.py took 0.133 seconds
[2023-03-17T03:22:44.130+0000] {processor.py:153} INFO - Started process (PID=5190) to work on /home/airflow/.local/lib/python3.7/site-packages/airflow/example_dags/example_kubernetes_executor.py
[2023-03-17T03:22:44.131+0000] {processor.py:743} INFO - Processing file /home/airflow/.local/lib/python3.7/site-packages/airflow/example_dags/example_kubernetes_executor.py for tasks to queue
[2023-03-17T03:22:44.132+0000] {logging_mixin.py:137} INFO - [2023-03-17T03:22:44.132+0000] {dagbag.py:532} INFO - Filling up the DagBag from /home/airflow/.local/lib/python3.7/site-packages/airflow/example_dags/example_kubernetes_executor.py
[2023-03-17T03:22:44.171+0000] {processor.py:753} INFO - DAG(s) dict_keys(['example_kubernetes_executor']) retrieved from /home/airflow/.local/lib/python3.7/site-packages/airflow/example_dags/example_kubernetes_executor.py
[2023-03-17T03:22:44.209+0000] {logging_mixin.py:137} INFO - [2023-03-17T03:22:44.209+0000] {dag.py:2693} INFO - Sync 1 DAGs
[2023-03-17T03:22:44.244+0000] {logging_mixin.py:137} INFO - [2023-03-17T03:22:44.244+0000] {dag.py:3444} INFO - Setting next_dagrun for example_kubernetes_executor to None, run_after=None
[2023-03-17T03:22:44.273+0000] {processor.py:175} INFO - Processing /home/airflow/.local/lib/python3.7/site-packages/airflow/example_dags/example_kubernetes_executor.py took 0.147 seconds
[2023-03-17T03:23:14.510+0000] {processor.py:153} INFO - Started process (PID=5408) to work on /home/airflow/.local/lib/python3.7/site-packages/airflow/example_dags/example_kubernetes_executor.py
[2023-03-17T03:23:14.511+0000] {processor.py:743} INFO - Processing file /home/airflow/.local/lib/python3.7/site-packages/airflow/example_dags/example_kubernetes_executor.py for tasks to queue
[2023-03-17T03:23:14.512+0000] {logging_mixin.py:137} INFO - [2023-03-17T03:23:14.512+0000] {dagbag.py:532} INFO - Filling up the DagBag from /home/airflow/.local/lib/python3.7/site-packages/airflow/example_dags/example_kubernetes_executor.py
[2023-03-17T03:23:14.546+0000] {processor.py:753} INFO - DAG(s) dict_keys(['example_kubernetes_executor']) retrieved from /home/airflow/.local/lib/python3.7/site-packages/airflow/example_dags/example_kubernetes_executor.py
[2023-03-17T03:23:14.583+0000] {logging_mixin.py:137} INFO - [2023-03-17T03:23:14.583+0000] {dag.py:2693} INFO - Sync 1 DAGs
[2023-03-17T03:23:14.615+0000] {logging_mixin.py:137} INFO - [2023-03-17T03:23:14.614+0000] {dag.py:3444} INFO - Setting next_dagrun for example_kubernetes_executor to None, run_after=None
[2023-03-17T03:23:14.641+0000] {processor.py:175} INFO - Processing /home/airflow/.local/lib/python3.7/site-packages/airflow/example_dags/example_kubernetes_executor.py took 0.135 seconds
[2023-03-17T03:23:45.052+0000] {processor.py:153} INFO - Started process (PID=5625) to work on /home/airflow/.local/lib/python3.7/site-packages/airflow/example_dags/example_kubernetes_executor.py
[2023-03-17T03:23:45.054+0000] {processor.py:743} INFO - Processing file /home/airflow/.local/lib/python3.7/site-packages/airflow/example_dags/example_kubernetes_executor.py for tasks to queue
[2023-03-17T03:23:45.055+0000] {logging_mixin.py:137} INFO - [2023-03-17T03:23:45.055+0000] {dagbag.py:532} INFO - Filling up the DagBag from /home/airflow/.local/lib/python3.7/site-packages/airflow/example_dags/example_kubernetes_executor.py
[2023-03-17T03:23:45.088+0000] {processor.py:753} INFO - DAG(s) dict_keys(['example_kubernetes_executor']) retrieved from /home/airflow/.local/lib/python3.7/site-packages/airflow/example_dags/example_kubernetes_executor.py
[2023-03-17T03:23:45.126+0000] {logging_mixin.py:137} INFO - [2023-03-17T03:23:45.126+0000] {dag.py:2693} INFO - Sync 1 DAGs
[2023-03-17T03:23:45.158+0000] {logging_mixin.py:137} INFO - [2023-03-17T03:23:45.157+0000] {dag.py:3444} INFO - Setting next_dagrun for example_kubernetes_executor to None, run_after=None
[2023-03-17T03:23:45.184+0000] {processor.py:175} INFO - Processing /home/airflow/.local/lib/python3.7/site-packages/airflow/example_dags/example_kubernetes_executor.py took 0.135 seconds
[2023-03-17T03:24:15.411+0000] {processor.py:153} INFO - Started process (PID=5842) to work on /home/airflow/.local/lib/python3.7/site-packages/airflow/example_dags/example_kubernetes_executor.py
[2023-03-17T03:24:15.412+0000] {processor.py:743} INFO - Processing file /home/airflow/.local/lib/python3.7/site-packages/airflow/example_dags/example_kubernetes_executor.py for tasks to queue
[2023-03-17T03:24:15.413+0000] {logging_mixin.py:137} INFO - [2023-03-17T03:24:15.413+0000] {dagbag.py:532} INFO - Filling up the DagBag from /home/airflow/.local/lib/python3.7/site-packages/airflow/example_dags/example_kubernetes_executor.py
[2023-03-17T03:24:15.445+0000] {processor.py:753} INFO - DAG(s) dict_keys(['example_kubernetes_executor']) retrieved from /home/airflow/.local/lib/python3.7/site-packages/airflow/example_dags/example_kubernetes_executor.py
[2023-03-17T03:24:15.484+0000] {logging_mixin.py:137} INFO - [2023-03-17T03:24:15.483+0000] {dag.py:2693} INFO - Sync 1 DAGs
[2023-03-17T03:24:15.515+0000] {logging_mixin.py:137} INFO - [2023-03-17T03:24:15.515+0000] {dag.py:3444} INFO - Setting next_dagrun for example_kubernetes_executor to None, run_after=None
[2023-03-17T03:24:15.543+0000] {processor.py:175} INFO - Processing /home/airflow/.local/lib/python3.7/site-packages/airflow/example_dags/example_kubernetes_executor.py took 0.136 seconds
[2023-03-17T03:24:45.940+0000] {processor.py:153} INFO - Started process (PID=6059) to work on /home/airflow/.local/lib/python3.7/site-packages/airflow/example_dags/example_kubernetes_executor.py
[2023-03-17T03:24:45.941+0000] {processor.py:743} INFO - Processing file /home/airflow/.local/lib/python3.7/site-packages/airflow/example_dags/example_kubernetes_executor.py for tasks to queue
[2023-03-17T03:24:45.942+0000] {logging_mixin.py:137} INFO - [2023-03-17T03:24:45.942+0000] {dagbag.py:532} INFO - Filling up the DagBag from /home/airflow/.local/lib/python3.7/site-packages/airflow/example_dags/example_kubernetes_executor.py
[2023-03-17T03:24:45.992+0000] {processor.py:753} INFO - DAG(s) dict_keys(['example_kubernetes_executor']) retrieved from /home/airflow/.local/lib/python3.7/site-packages/airflow/example_dags/example_kubernetes_executor.py
[2023-03-17T03:24:46.035+0000] {logging_mixin.py:137} INFO - [2023-03-17T03:24:46.035+0000] {dag.py:2693} INFO - Sync 1 DAGs
[2023-03-17T03:24:46.067+0000] {logging_mixin.py:137} INFO - [2023-03-17T03:24:46.067+0000] {dag.py:3444} INFO - Setting next_dagrun for example_kubernetes_executor to None, run_after=None
[2023-03-17T03:24:46.090+0000] {processor.py:175} INFO - Processing /home/airflow/.local/lib/python3.7/site-packages/airflow/example_dags/example_kubernetes_executor.py took 0.154 seconds
[2023-03-17T03:25:16.283+0000] {processor.py:153} INFO - Started process (PID=6276) to work on /home/airflow/.local/lib/python3.7/site-packages/airflow/example_dags/example_kubernetes_executor.py
[2023-03-17T03:25:16.284+0000] {processor.py:743} INFO - Processing file /home/airflow/.local/lib/python3.7/site-packages/airflow/example_dags/example_kubernetes_executor.py for tasks to queue
[2023-03-17T03:25:16.285+0000] {logging_mixin.py:137} INFO - [2023-03-17T03:25:16.285+0000] {dagbag.py:532} INFO - Filling up the DagBag from /home/airflow/.local/lib/python3.7/site-packages/airflow/example_dags/example_kubernetes_executor.py
[2023-03-17T03:25:16.322+0000] {processor.py:753} INFO - DAG(s) dict_keys(['example_kubernetes_executor']) retrieved from /home/airflow/.local/lib/python3.7/site-packages/airflow/example_dags/example_kubernetes_executor.py
[2023-03-17T03:25:16.358+0000] {logging_mixin.py:137} INFO - [2023-03-17T03:25:16.358+0000] {dag.py:2693} INFO - Sync 1 DAGs
[2023-03-17T03:25:16.392+0000] {logging_mixin.py:137} INFO - [2023-03-17T03:25:16.392+0000] {dag.py:3444} INFO - Setting next_dagrun for example_kubernetes_executor to None, run_after=None
[2023-03-17T03:25:16.415+0000] {processor.py:175} INFO - Processing /home/airflow/.local/lib/python3.7/site-packages/airflow/example_dags/example_kubernetes_executor.py took 0.136 seconds
[2023-03-17T03:25:46.731+0000] {processor.py:153} INFO - Started process (PID=6493) to work on /home/airflow/.local/lib/python3.7/site-packages/airflow/example_dags/example_kubernetes_executor.py
[2023-03-17T03:25:46.732+0000] {processor.py:743} INFO - Processing file /home/airflow/.local/lib/python3.7/site-packages/airflow/example_dags/example_kubernetes_executor.py for tasks to queue
[2023-03-17T03:25:46.733+0000] {logging_mixin.py:137} INFO - [2023-03-17T03:25:46.733+0000] {dagbag.py:532} INFO - Filling up the DagBag from /home/airflow/.local/lib/python3.7/site-packages/airflow/example_dags/example_kubernetes_executor.py
[2023-03-17T03:25:46.765+0000] {processor.py:753} INFO - DAG(s) dict_keys(['example_kubernetes_executor']) retrieved from /home/airflow/.local/lib/python3.7/site-packages/airflow/example_dags/example_kubernetes_executor.py
[2023-03-17T03:25:46.802+0000] {logging_mixin.py:137} INFO - [2023-03-17T03:25:46.802+0000] {dag.py:2693} INFO - Sync 1 DAGs
[2023-03-17T03:25:46.832+0000] {logging_mixin.py:137} INFO - [2023-03-17T03:25:46.832+0000] {dag.py:3444} INFO - Setting next_dagrun for example_kubernetes_executor to None, run_after=None
[2023-03-17T03:25:46.857+0000] {processor.py:175} INFO - Processing /home/airflow/.local/lib/python3.7/site-packages/airflow/example_dags/example_kubernetes_executor.py took 0.130 seconds
[2023-03-17T03:26:17.188+0000] {processor.py:153} INFO - Started process (PID=6710) to work on /home/airflow/.local/lib/python3.7/site-packages/airflow/example_dags/example_kubernetes_executor.py
[2023-03-17T03:26:17.189+0000] {processor.py:743} INFO - Processing file /home/airflow/.local/lib/python3.7/site-packages/airflow/example_dags/example_kubernetes_executor.py for tasks to queue
[2023-03-17T03:26:17.190+0000] {logging_mixin.py:137} INFO - [2023-03-17T03:26:17.190+0000] {dagbag.py:532} INFO - Filling up the DagBag from /home/airflow/.local/lib/python3.7/site-packages/airflow/example_dags/example_kubernetes_executor.py
[2023-03-17T03:26:17.223+0000] {processor.py:753} INFO - DAG(s) dict_keys(['example_kubernetes_executor']) retrieved from /home/airflow/.local/lib/python3.7/site-packages/airflow/example_dags/example_kubernetes_executor.py
[2023-03-17T03:26:17.259+0000] {logging_mixin.py:137} INFO - [2023-03-17T03:26:17.259+0000] {dag.py:2693} INFO - Sync 1 DAGs
[2023-03-17T03:26:17.290+0000] {logging_mixin.py:137} INFO - [2023-03-17T03:26:17.290+0000] {dag.py:3444} INFO - Setting next_dagrun for example_kubernetes_executor to None, run_after=None
[2023-03-17T03:26:17.315+0000] {processor.py:175} INFO - Processing /home/airflow/.local/lib/python3.7/site-packages/airflow/example_dags/example_kubernetes_executor.py took 0.131 seconds
[2023-03-17T03:26:47.716+0000] {processor.py:153} INFO - Started process (PID=6927) to work on /home/airflow/.local/lib/python3.7/site-packages/airflow/example_dags/example_kubernetes_executor.py
[2023-03-17T03:26:47.717+0000] {processor.py:743} INFO - Processing file /home/airflow/.local/lib/python3.7/site-packages/airflow/example_dags/example_kubernetes_executor.py for tasks to queue
[2023-03-17T03:26:47.719+0000] {logging_mixin.py:137} INFO - [2023-03-17T03:26:47.718+0000] {dagbag.py:532} INFO - Filling up the DagBag from /home/airflow/.local/lib/python3.7/site-packages/airflow/example_dags/example_kubernetes_executor.py
[2023-03-17T03:26:47.753+0000] {processor.py:753} INFO - DAG(s) dict_keys(['example_kubernetes_executor']) retrieved from /home/airflow/.local/lib/python3.7/site-packages/airflow/example_dags/example_kubernetes_executor.py
[2023-03-17T03:26:47.789+0000] {logging_mixin.py:137} INFO - [2023-03-17T03:26:47.789+0000] {dag.py:2693} INFO - Sync 1 DAGs
[2023-03-17T03:26:47.822+0000] {logging_mixin.py:137} INFO - [2023-03-17T03:26:47.822+0000] {dag.py:3444} INFO - Setting next_dagrun for example_kubernetes_executor to None, run_after=None
[2023-03-17T03:26:47.849+0000] {processor.py:175} INFO - Processing /home/airflow/.local/lib/python3.7/site-packages/airflow/example_dags/example_kubernetes_executor.py took 0.136 seconds
[2023-03-17T03:27:18.053+0000] {processor.py:153} INFO - Started process (PID=7144) to work on /home/airflow/.local/lib/python3.7/site-packages/airflow/example_dags/example_kubernetes_executor.py
[2023-03-17T03:27:18.055+0000] {processor.py:743} INFO - Processing file /home/airflow/.local/lib/python3.7/site-packages/airflow/example_dags/example_kubernetes_executor.py for tasks to queue
[2023-03-17T03:27:18.056+0000] {logging_mixin.py:137} INFO - [2023-03-17T03:27:18.056+0000] {dagbag.py:532} INFO - Filling up the DagBag from /home/airflow/.local/lib/python3.7/site-packages/airflow/example_dags/example_kubernetes_executor.py
[2023-03-17T03:27:18.088+0000] {processor.py:753} INFO - DAG(s) dict_keys(['example_kubernetes_executor']) retrieved from /home/airflow/.local/lib/python3.7/site-packages/airflow/example_dags/example_kubernetes_executor.py
[2023-03-17T03:27:18.125+0000] {logging_mixin.py:137} INFO - [2023-03-17T03:27:18.125+0000] {dag.py:2693} INFO - Sync 1 DAGs
[2023-03-17T03:27:18.159+0000] {logging_mixin.py:137} INFO - [2023-03-17T03:27:18.159+0000] {dag.py:3444} INFO - Setting next_dagrun for example_kubernetes_executor to None, run_after=None
[2023-03-17T03:27:18.184+0000] {processor.py:175} INFO - Processing /home/airflow/.local/lib/python3.7/site-packages/airflow/example_dags/example_kubernetes_executor.py took 0.134 seconds
[2023-03-17T03:27:48.412+0000] {processor.py:153} INFO - Started process (PID=7361) to work on /home/airflow/.local/lib/python3.7/site-packages/airflow/example_dags/example_kubernetes_executor.py
[2023-03-17T03:27:48.413+0000] {processor.py:743} INFO - Processing file /home/airflow/.local/lib/python3.7/site-packages/airflow/example_dags/example_kubernetes_executor.py for tasks to queue
[2023-03-17T03:27:48.414+0000] {logging_mixin.py:137} INFO - [2023-03-17T03:27:48.414+0000] {dagbag.py:532} INFO - Filling up the DagBag from /home/airflow/.local/lib/python3.7/site-packages/airflow/example_dags/example_kubernetes_executor.py
[2023-03-17T03:27:48.448+0000] {processor.py:753} INFO - DAG(s) dict_keys(['example_kubernetes_executor']) retrieved from /home/airflow/.local/lib/python3.7/site-packages/airflow/example_dags/example_kubernetes_executor.py
[2023-03-17T03:27:48.488+0000] {logging_mixin.py:137} INFO - [2023-03-17T03:27:48.488+0000] {dag.py:2693} INFO - Sync 1 DAGs
[2023-03-17T03:27:48.522+0000] {logging_mixin.py:137} INFO - [2023-03-17T03:27:48.522+0000] {dag.py:3444} INFO - Setting next_dagrun for example_kubernetes_executor to None, run_after=None
[2023-03-17T03:27:48.551+0000] {processor.py:175} INFO - Processing /home/airflow/.local/lib/python3.7/site-packages/airflow/example_dags/example_kubernetes_executor.py took 0.142 seconds
[2023-03-17T03:28:18.769+0000] {processor.py:153} INFO - Started process (PID=7578) to work on /home/airflow/.local/lib/python3.7/site-packages/airflow/example_dags/example_kubernetes_executor.py
[2023-03-17T03:28:18.770+0000] {processor.py:743} INFO - Processing file /home/airflow/.local/lib/python3.7/site-packages/airflow/example_dags/example_kubernetes_executor.py for tasks to queue
[2023-03-17T03:28:18.771+0000] {logging_mixin.py:137} INFO - [2023-03-17T03:28:18.771+0000] {dagbag.py:532} INFO - Filling up the DagBag from /home/airflow/.local/lib/python3.7/site-packages/airflow/example_dags/example_kubernetes_executor.py
[2023-03-17T03:28:18.808+0000] {processor.py:753} INFO - DAG(s) dict_keys(['example_kubernetes_executor']) retrieved from /home/airflow/.local/lib/python3.7/site-packages/airflow/example_dags/example_kubernetes_executor.py
[2023-03-17T03:28:18.845+0000] {logging_mixin.py:137} INFO - [2023-03-17T03:28:18.845+0000] {dag.py:2693} INFO - Sync 1 DAGs
[2023-03-17T03:28:18.875+0000] {logging_mixin.py:137} INFO - [2023-03-17T03:28:18.875+0000] {dag.py:3444} INFO - Setting next_dagrun for example_kubernetes_executor to None, run_after=None
[2023-03-17T03:28:18.903+0000] {processor.py:175} INFO - Processing /home/airflow/.local/lib/python3.7/site-packages/airflow/example_dags/example_kubernetes_executor.py took 0.138 seconds
[2023-03-17T03:28:49.249+0000] {processor.py:153} INFO - Started process (PID=7795) to work on /home/airflow/.local/lib/python3.7/site-packages/airflow/example_dags/example_kubernetes_executor.py
[2023-03-17T03:28:49.250+0000] {processor.py:743} INFO - Processing file /home/airflow/.local/lib/python3.7/site-packages/airflow/example_dags/example_kubernetes_executor.py for tasks to queue
[2023-03-17T03:28:49.251+0000] {logging_mixin.py:137} INFO - [2023-03-17T03:28:49.251+0000] {dagbag.py:532} INFO - Filling up the DagBag from /home/airflow/.local/lib/python3.7/site-packages/airflow/example_dags/example_kubernetes_executor.py
[2023-03-17T03:28:49.285+0000] {processor.py:753} INFO - DAG(s) dict_keys(['example_kubernetes_executor']) retrieved from /home/airflow/.local/lib/python3.7/site-packages/airflow/example_dags/example_kubernetes_executor.py
[2023-03-17T03:28:49.326+0000] {logging_mixin.py:137} INFO - [2023-03-17T03:28:49.325+0000] {dag.py:2693} INFO - Sync 1 DAGs
[2023-03-17T03:28:49.359+0000] {logging_mixin.py:137} INFO - [2023-03-17T03:28:49.359+0000] {dag.py:3444} INFO - Setting next_dagrun for example_kubernetes_executor to None, run_after=None
[2023-03-17T03:28:49.386+0000] {processor.py:175} INFO - Processing /home/airflow/.local/lib/python3.7/site-packages/airflow/example_dags/example_kubernetes_executor.py took 0.141 seconds
[2023-03-17T03:29:19.518+0000] {processor.py:153} INFO - Started process (PID=8013) to work on /home/airflow/.local/lib/python3.7/site-packages/airflow/example_dags/example_kubernetes_executor.py
[2023-03-17T03:29:19.519+0000] {processor.py:743} INFO - Processing file /home/airflow/.local/lib/python3.7/site-packages/airflow/example_dags/example_kubernetes_executor.py for tasks to queue
[2023-03-17T03:29:19.521+0000] {logging_mixin.py:137} INFO - [2023-03-17T03:29:19.521+0000] {dagbag.py:532} INFO - Filling up the DagBag from /home/airflow/.local/lib/python3.7/site-packages/airflow/example_dags/example_kubernetes_executor.py
[2023-03-17T03:29:19.554+0000] {processor.py:753} INFO - DAG(s) dict_keys(['example_kubernetes_executor']) retrieved from /home/airflow/.local/lib/python3.7/site-packages/airflow/example_dags/example_kubernetes_executor.py
[2023-03-17T03:29:19.590+0000] {logging_mixin.py:137} INFO - [2023-03-17T03:29:19.590+0000] {dag.py:2693} INFO - Sync 1 DAGs
[2023-03-17T03:29:19.619+0000] {logging_mixin.py:137} INFO - [2023-03-17T03:29:19.619+0000] {dag.py:3444} INFO - Setting next_dagrun for example_kubernetes_executor to None, run_after=None
[2023-03-17T03:29:19.643+0000] {processor.py:175} INFO - Processing /home/airflow/.local/lib/python3.7/site-packages/airflow/example_dags/example_kubernetes_executor.py took 0.128 seconds
[2023-03-17T03:29:50.004+0000] {processor.py:153} INFO - Started process (PID=8230) to work on /home/airflow/.local/lib/python3.7/site-packages/airflow/example_dags/example_kubernetes_executor.py
[2023-03-17T03:29:50.005+0000] {processor.py:743} INFO - Processing file /home/airflow/.local/lib/python3.7/site-packages/airflow/example_dags/example_kubernetes_executor.py for tasks to queue
[2023-03-17T03:29:50.007+0000] {logging_mixin.py:137} INFO - [2023-03-17T03:29:50.006+0000] {dagbag.py:532} INFO - Filling up the DagBag from /home/airflow/.local/lib/python3.7/site-packages/airflow/example_dags/example_kubernetes_executor.py
[2023-03-17T03:29:50.040+0000] {processor.py:753} INFO - DAG(s) dict_keys(['example_kubernetes_executor']) retrieved from /home/airflow/.local/lib/python3.7/site-packages/airflow/example_dags/example_kubernetes_executor.py
[2023-03-17T03:29:50.079+0000] {logging_mixin.py:137} INFO - [2023-03-17T03:29:50.079+0000] {dag.py:2693} INFO - Sync 1 DAGs
[2023-03-17T03:29:50.110+0000] {logging_mixin.py:137} INFO - [2023-03-17T03:29:50.110+0000] {dag.py:3444} INFO - Setting next_dagrun for example_kubernetes_executor to None, run_after=None
[2023-03-17T03:29:50.136+0000] {processor.py:175} INFO - Processing /home/airflow/.local/lib/python3.7/site-packages/airflow/example_dags/example_kubernetes_executor.py took 0.136 seconds
[2023-03-17T03:30:20.288+0000] {processor.py:153} INFO - Started process (PID=8447) to work on /home/airflow/.local/lib/python3.7/site-packages/airflow/example_dags/example_kubernetes_executor.py
[2023-03-17T03:30:20.290+0000] {processor.py:743} INFO - Processing file /home/airflow/.local/lib/python3.7/site-packages/airflow/example_dags/example_kubernetes_executor.py for tasks to queue
[2023-03-17T03:30:20.291+0000] {logging_mixin.py:137} INFO - [2023-03-17T03:30:20.291+0000] {dagbag.py:532} INFO - Filling up the DagBag from /home/airflow/.local/lib/python3.7/site-packages/airflow/example_dags/example_kubernetes_executor.py
[2023-03-17T03:30:20.328+0000] {processor.py:753} INFO - DAG(s) dict_keys(['example_kubernetes_executor']) retrieved from /home/airflow/.local/lib/python3.7/site-packages/airflow/example_dags/example_kubernetes_executor.py
[2023-03-17T03:30:20.365+0000] {logging_mixin.py:137} INFO - [2023-03-17T03:30:20.365+0000] {dag.py:2693} INFO - Sync 1 DAGs
[2023-03-17T03:30:20.396+0000] {logging_mixin.py:137} INFO - [2023-03-17T03:30:20.395+0000] {dag.py:3444} INFO - Setting next_dagrun for example_kubernetes_executor to None, run_after=None
[2023-03-17T03:30:20.424+0000] {processor.py:175} INFO - Processing /home/airflow/.local/lib/python3.7/site-packages/airflow/example_dags/example_kubernetes_executor.py took 0.139 seconds
[2023-03-17T03:30:51.137+0000] {processor.py:153} INFO - Started process (PID=8664) to work on /home/airflow/.local/lib/python3.7/site-packages/airflow/example_dags/example_kubernetes_executor.py
[2023-03-17T03:30:51.138+0000] {processor.py:743} INFO - Processing file /home/airflow/.local/lib/python3.7/site-packages/airflow/example_dags/example_kubernetes_executor.py for tasks to queue
[2023-03-17T03:30:51.139+0000] {logging_mixin.py:137} INFO - [2023-03-17T03:30:51.139+0000] {dagbag.py:532} INFO - Filling up the DagBag from /home/airflow/.local/lib/python3.7/site-packages/airflow/example_dags/example_kubernetes_executor.py
[2023-03-17T03:30:51.172+0000] {processor.py:753} INFO - DAG(s) dict_keys(['example_kubernetes_executor']) retrieved from /home/airflow/.local/lib/python3.7/site-packages/airflow/example_dags/example_kubernetes_executor.py
[2023-03-17T03:30:51.207+0000] {logging_mixin.py:137} INFO - [2023-03-17T03:30:51.207+0000] {dag.py:2693} INFO - Sync 1 DAGs
[2023-03-17T03:30:51.239+0000] {logging_mixin.py:137} INFO - [2023-03-17T03:30:51.239+0000] {dag.py:3444} INFO - Setting next_dagrun for example_kubernetes_executor to None, run_after=None
[2023-03-17T03:30:51.265+0000] {processor.py:175} INFO - Processing /home/airflow/.local/lib/python3.7/site-packages/airflow/example_dags/example_kubernetes_executor.py took 0.131 seconds
[2023-03-17T03:31:21.437+0000] {processor.py:153} INFO - Started process (PID=8881) to work on /home/airflow/.local/lib/python3.7/site-packages/airflow/example_dags/example_kubernetes_executor.py
[2023-03-17T03:31:21.438+0000] {processor.py:743} INFO - Processing file /home/airflow/.local/lib/python3.7/site-packages/airflow/example_dags/example_kubernetes_executor.py for tasks to queue
[2023-03-17T03:31:21.439+0000] {logging_mixin.py:137} INFO - [2023-03-17T03:31:21.439+0000] {dagbag.py:532} INFO - Filling up the DagBag from /home/airflow/.local/lib/python3.7/site-packages/airflow/example_dags/example_kubernetes_executor.py
[2023-03-17T03:31:21.473+0000] {processor.py:753} INFO - DAG(s) dict_keys(['example_kubernetes_executor']) retrieved from /home/airflow/.local/lib/python3.7/site-packages/airflow/example_dags/example_kubernetes_executor.py
[2023-03-17T03:31:21.510+0000] {logging_mixin.py:137} INFO - [2023-03-17T03:31:21.510+0000] {dag.py:2693} INFO - Sync 1 DAGs
[2023-03-17T03:31:21.540+0000] {logging_mixin.py:137} INFO - [2023-03-17T03:31:21.540+0000] {dag.py:3444} INFO - Setting next_dagrun for example_kubernetes_executor to None, run_after=None
[2023-03-17T03:31:21.566+0000] {processor.py:175} INFO - Processing /home/airflow/.local/lib/python3.7/site-packages/airflow/example_dags/example_kubernetes_executor.py took 0.133 seconds
[2023-03-17T03:31:51.784+0000] {processor.py:153} INFO - Started process (PID=9098) to work on /home/airflow/.local/lib/python3.7/site-packages/airflow/example_dags/example_kubernetes_executor.py
[2023-03-17T03:31:51.785+0000] {processor.py:743} INFO - Processing file /home/airflow/.local/lib/python3.7/site-packages/airflow/example_dags/example_kubernetes_executor.py for tasks to queue
[2023-03-17T03:31:51.786+0000] {logging_mixin.py:137} INFO - [2023-03-17T03:31:51.786+0000] {dagbag.py:532} INFO - Filling up the DagBag from /home/airflow/.local/lib/python3.7/site-packages/airflow/example_dags/example_kubernetes_executor.py
[2023-03-17T03:31:51.819+0000] {processor.py:753} INFO - DAG(s) dict_keys(['example_kubernetes_executor']) retrieved from /home/airflow/.local/lib/python3.7/site-packages/airflow/example_dags/example_kubernetes_executor.py
[2023-03-17T03:31:51.855+0000] {logging_mixin.py:137} INFO - [2023-03-17T03:31:51.854+0000] {dag.py:2693} INFO - Sync 1 DAGs
[2023-03-17T03:31:51.887+0000] {logging_mixin.py:137} INFO - [2023-03-17T03:31:51.887+0000] {dag.py:3444} INFO - Setting next_dagrun for example_kubernetes_executor to None, run_after=None
[2023-03-17T03:31:51.915+0000] {processor.py:175} INFO - Processing /home/airflow/.local/lib/python3.7/site-packages/airflow/example_dags/example_kubernetes_executor.py took 0.134 seconds
[2023-03-17T03:32:22.267+0000] {processor.py:153} INFO - Started process (PID=9315) to work on /home/airflow/.local/lib/python3.7/site-packages/airflow/example_dags/example_kubernetes_executor.py
[2023-03-17T03:32:22.268+0000] {processor.py:743} INFO - Processing file /home/airflow/.local/lib/python3.7/site-packages/airflow/example_dags/example_kubernetes_executor.py for tasks to queue
[2023-03-17T03:32:22.269+0000] {logging_mixin.py:137} INFO - [2023-03-17T03:32:22.269+0000] {dagbag.py:532} INFO - Filling up the DagBag from /home/airflow/.local/lib/python3.7/site-packages/airflow/example_dags/example_kubernetes_executor.py
[2023-03-17T03:32:22.304+0000] {processor.py:753} INFO - DAG(s) dict_keys(['example_kubernetes_executor']) retrieved from /home/airflow/.local/lib/python3.7/site-packages/airflow/example_dags/example_kubernetes_executor.py
[2023-03-17T03:32:22.345+0000] {logging_mixin.py:137} INFO - [2023-03-17T03:32:22.344+0000] {dag.py:2693} INFO - Sync 1 DAGs
[2023-03-17T03:32:22.376+0000] {logging_mixin.py:137} INFO - [2023-03-17T03:32:22.376+0000] {dag.py:3444} INFO - Setting next_dagrun for example_kubernetes_executor to None, run_after=None
[2023-03-17T03:32:22.403+0000] {processor.py:175} INFO - Processing /home/airflow/.local/lib/python3.7/site-packages/airflow/example_dags/example_kubernetes_executor.py took 0.139 seconds
[2023-03-17T03:32:52.798+0000] {processor.py:153} INFO - Started process (PID=9532) to work on /home/airflow/.local/lib/python3.7/site-packages/airflow/example_dags/example_kubernetes_executor.py
[2023-03-17T03:32:52.799+0000] {processor.py:743} INFO - Processing file /home/airflow/.local/lib/python3.7/site-packages/airflow/example_dags/example_kubernetes_executor.py for tasks to queue
[2023-03-17T03:32:52.800+0000] {logging_mixin.py:137} INFO - [2023-03-17T03:32:52.800+0000] {dagbag.py:532} INFO - Filling up the DagBag from /home/airflow/.local/lib/python3.7/site-packages/airflow/example_dags/example_kubernetes_executor.py
[2023-03-17T03:32:52.837+0000] {processor.py:753} INFO - DAG(s) dict_keys(['example_kubernetes_executor']) retrieved from /home/airflow/.local/lib/python3.7/site-packages/airflow/example_dags/example_kubernetes_executor.py
[2023-03-17T03:32:52.880+0000] {logging_mixin.py:137} INFO - [2023-03-17T03:32:52.880+0000] {dag.py:2693} INFO - Sync 1 DAGs
[2023-03-17T03:32:52.916+0000] {logging_mixin.py:137} INFO - [2023-03-17T03:32:52.916+0000] {dag.py:3444} INFO - Setting next_dagrun for example_kubernetes_executor to None, run_after=None
[2023-03-17T03:32:52.950+0000] {processor.py:175} INFO - Processing /home/airflow/.local/lib/python3.7/site-packages/airflow/example_dags/example_kubernetes_executor.py took 0.156 seconds
[2023-03-17T03:33:23.695+0000] {processor.py:153} INFO - Started process (PID=9750) to work on /home/airflow/.local/lib/python3.7/site-packages/airflow/example_dags/example_kubernetes_executor.py
[2023-03-17T03:33:23.696+0000] {processor.py:743} INFO - Processing file /home/airflow/.local/lib/python3.7/site-packages/airflow/example_dags/example_kubernetes_executor.py for tasks to queue
[2023-03-17T03:33:23.698+0000] {logging_mixin.py:137} INFO - [2023-03-17T03:33:23.697+0000] {dagbag.py:532} INFO - Filling up the DagBag from /home/airflow/.local/lib/python3.7/site-packages/airflow/example_dags/example_kubernetes_executor.py
[2023-03-17T03:33:23.735+0000] {processor.py:753} INFO - DAG(s) dict_keys(['example_kubernetes_executor']) retrieved from /home/airflow/.local/lib/python3.7/site-packages/airflow/example_dags/example_kubernetes_executor.py
[2023-03-17T03:33:23.775+0000] {logging_mixin.py:137} INFO - [2023-03-17T03:33:23.775+0000] {dag.py:2693} INFO - Sync 1 DAGs
[2023-03-17T03:33:23.809+0000] {logging_mixin.py:137} INFO - [2023-03-17T03:33:23.809+0000] {dag.py:3444} INFO - Setting next_dagrun for example_kubernetes_executor to None, run_after=None
[2023-03-17T03:33:23.834+0000] {processor.py:175} INFO - Processing /home/airflow/.local/lib/python3.7/site-packages/airflow/example_dags/example_kubernetes_executor.py took 0.142 seconds
[2023-03-17T03:33:54.294+0000] {processor.py:153} INFO - Started process (PID=9967) to work on /home/airflow/.local/lib/python3.7/site-packages/airflow/example_dags/example_kubernetes_executor.py
[2023-03-17T03:33:54.295+0000] {processor.py:743} INFO - Processing file /home/airflow/.local/lib/python3.7/site-packages/airflow/example_dags/example_kubernetes_executor.py for tasks to queue
[2023-03-17T03:33:54.296+0000] {logging_mixin.py:137} INFO - [2023-03-17T03:33:54.296+0000] {dagbag.py:532} INFO - Filling up the DagBag from /home/airflow/.local/lib/python3.7/site-packages/airflow/example_dags/example_kubernetes_executor.py
[2023-03-17T03:33:54.332+0000] {processor.py:753} INFO - DAG(s) dict_keys(['example_kubernetes_executor']) retrieved from /home/airflow/.local/lib/python3.7/site-packages/airflow/example_dags/example_kubernetes_executor.py
[2023-03-17T03:33:54.369+0000] {logging_mixin.py:137} INFO - [2023-03-17T03:33:54.369+0000] {dag.py:2693} INFO - Sync 1 DAGs
[2023-03-17T03:33:54.400+0000] {logging_mixin.py:137} INFO - [2023-03-17T03:33:54.400+0000] {dag.py:3444} INFO - Setting next_dagrun for example_kubernetes_executor to None, run_after=None
[2023-03-17T03:33:54.427+0000] {processor.py:175} INFO - Processing /home/airflow/.local/lib/python3.7/site-packages/airflow/example_dags/example_kubernetes_executor.py took 0.138 seconds
[2023-03-17T03:34:24.732+0000] {processor.py:153} INFO - Started process (PID=10185) to work on /home/airflow/.local/lib/python3.7/site-packages/airflow/example_dags/example_kubernetes_executor.py
[2023-03-17T03:34:24.733+0000] {processor.py:743} INFO - Processing file /home/airflow/.local/lib/python3.7/site-packages/airflow/example_dags/example_kubernetes_executor.py for tasks to queue
[2023-03-17T03:34:24.734+0000] {logging_mixin.py:137} INFO - [2023-03-17T03:34:24.733+0000] {dagbag.py:532} INFO - Filling up the DagBag from /home/airflow/.local/lib/python3.7/site-packages/airflow/example_dags/example_kubernetes_executor.py
[2023-03-17T03:34:24.774+0000] {processor.py:753} INFO - DAG(s) dict_keys(['example_kubernetes_executor']) retrieved from /home/airflow/.local/lib/python3.7/site-packages/airflow/example_dags/example_kubernetes_executor.py
[2023-03-17T03:34:24.814+0000] {logging_mixin.py:137} INFO - [2023-03-17T03:34:24.813+0000] {dag.py:2693} INFO - Sync 1 DAGs
[2023-03-17T03:34:24.847+0000] {logging_mixin.py:137} INFO - [2023-03-17T03:34:24.846+0000] {dag.py:3444} INFO - Setting next_dagrun for example_kubernetes_executor to None, run_after=None
[2023-03-17T03:34:24.873+0000] {processor.py:175} INFO - Processing /home/airflow/.local/lib/python3.7/site-packages/airflow/example_dags/example_kubernetes_executor.py took 0.146 seconds
[2023-03-17T03:34:55.411+0000] {processor.py:153} INFO - Started process (PID=10403) to work on /home/airflow/.local/lib/python3.7/site-packages/airflow/example_dags/example_kubernetes_executor.py
[2023-03-17T03:34:55.414+0000] {processor.py:743} INFO - Processing file /home/airflow/.local/lib/python3.7/site-packages/airflow/example_dags/example_kubernetes_executor.py for tasks to queue
[2023-03-17T03:34:55.419+0000] {logging_mixin.py:137} INFO - [2023-03-17T03:34:55.419+0000] {dagbag.py:532} INFO - Filling up the DagBag from /home/airflow/.local/lib/python3.7/site-packages/airflow/example_dags/example_kubernetes_executor.py
[2023-03-17T03:34:55.481+0000] {processor.py:753} INFO - DAG(s) dict_keys(['example_kubernetes_executor']) retrieved from /home/airflow/.local/lib/python3.7/site-packages/airflow/example_dags/example_kubernetes_executor.py
[2023-03-17T03:34:55.519+0000] {logging_mixin.py:137} INFO - [2023-03-17T03:34:55.519+0000] {dag.py:2693} INFO - Sync 1 DAGs
[2023-03-17T03:34:55.551+0000] {logging_mixin.py:137} INFO - [2023-03-17T03:34:55.551+0000] {dag.py:3444} INFO - Setting next_dagrun for example_kubernetes_executor to None, run_after=None
[2023-03-17T03:34:55.577+0000] {processor.py:175} INFO - Processing /home/airflow/.local/lib/python3.7/site-packages/airflow/example_dags/example_kubernetes_executor.py took 0.172 seconds
