[2023-03-17T03:11:02.368+0000] {processor.py:153} INFO - Started process (PID=295) to work on /home/airflow/.local/lib/python3.7/site-packages/airflow/example_dags/example_time_delta_sensor_async.py
[2023-03-17T03:11:02.369+0000] {processor.py:743} INFO - Processing file /home/airflow/.local/lib/python3.7/site-packages/airflow/example_dags/example_time_delta_sensor_async.py for tasks to queue
[2023-03-17T03:11:02.371+0000] {logging_mixin.py:137} INFO - [2023-03-17T03:11:02.370+0000] {dagbag.py:532} INFO - Filling up the DagBag from /home/airflow/.local/lib/python3.7/site-packages/airflow/example_dags/example_time_delta_sensor_async.py
[2023-03-17T03:11:02.395+0000] {processor.py:753} INFO - DAG(s) dict_keys(['example_time_delta_sensor_async']) retrieved from /home/airflow/.local/lib/python3.7/site-packages/airflow/example_dags/example_time_delta_sensor_async.py
[2023-03-17T03:11:02.447+0000] {logging_mixin.py:137} INFO - [2023-03-17T03:11:02.446+0000] {dag.py:2693} INFO - Sync 1 DAGs
[2023-03-17T03:11:02.507+0000] {logging_mixin.py:137} INFO - [2023-03-17T03:11:02.507+0000] {dag.py:3444} INFO - Setting next_dagrun for example_time_delta_sensor_async to None, run_after=None
[2023-03-17T03:11:02.544+0000] {processor.py:175} INFO - Processing /home/airflow/.local/lib/python3.7/site-packages/airflow/example_dags/example_time_delta_sensor_async.py took 0.182 seconds
[2023-03-17T03:11:35.528+0000] {processor.py:153} INFO - Started process (PID=519) to work on /home/airflow/.local/lib/python3.7/site-packages/airflow/example_dags/example_time_delta_sensor_async.py
[2023-03-17T03:11:35.529+0000] {processor.py:743} INFO - Processing file /home/airflow/.local/lib/python3.7/site-packages/airflow/example_dags/example_time_delta_sensor_async.py for tasks to queue
[2023-03-17T03:11:35.531+0000] {logging_mixin.py:137} INFO - [2023-03-17T03:11:35.531+0000] {dagbag.py:532} INFO - Filling up the DagBag from /home/airflow/.local/lib/python3.7/site-packages/airflow/example_dags/example_time_delta_sensor_async.py
[2023-03-17T03:11:35.556+0000] {processor.py:753} INFO - DAG(s) dict_keys(['example_time_delta_sensor_async']) retrieved from /home/airflow/.local/lib/python3.7/site-packages/airflow/example_dags/example_time_delta_sensor_async.py
[2023-03-17T03:11:35.604+0000] {logging_mixin.py:137} INFO - [2023-03-17T03:11:35.604+0000] {dag.py:2693} INFO - Sync 1 DAGs
[2023-03-17T03:11:35.650+0000] {logging_mixin.py:137} INFO - [2023-03-17T03:11:35.650+0000] {dag.py:3444} INFO - Setting next_dagrun for example_time_delta_sensor_async to None, run_after=None
[2023-03-17T03:11:35.691+0000] {processor.py:175} INFO - Processing /home/airflow/.local/lib/python3.7/site-packages/airflow/example_dags/example_time_delta_sensor_async.py took 0.166 seconds
[2023-03-17T03:12:06.761+0000] {processor.py:153} INFO - Started process (PID=736) to work on /home/airflow/.local/lib/python3.7/site-packages/airflow/example_dags/example_time_delta_sensor_async.py
[2023-03-17T03:12:06.763+0000] {processor.py:743} INFO - Processing file /home/airflow/.local/lib/python3.7/site-packages/airflow/example_dags/example_time_delta_sensor_async.py for tasks to queue
[2023-03-17T03:12:06.765+0000] {logging_mixin.py:137} INFO - [2023-03-17T03:12:06.764+0000] {dagbag.py:532} INFO - Filling up the DagBag from /home/airflow/.local/lib/python3.7/site-packages/airflow/example_dags/example_time_delta_sensor_async.py
[2023-03-17T03:12:06.796+0000] {processor.py:753} INFO - DAG(s) dict_keys(['example_time_delta_sensor_async']) retrieved from /home/airflow/.local/lib/python3.7/site-packages/airflow/example_dags/example_time_delta_sensor_async.py
[2023-03-17T03:12:06.846+0000] {logging_mixin.py:137} INFO - [2023-03-17T03:12:06.846+0000] {dag.py:2693} INFO - Sync 1 DAGs
[2023-03-17T03:12:06.894+0000] {logging_mixin.py:137} INFO - [2023-03-17T03:12:06.894+0000] {dag.py:3444} INFO - Setting next_dagrun for example_time_delta_sensor_async to None, run_after=None
[2023-03-17T03:12:06.929+0000] {processor.py:175} INFO - Processing /home/airflow/.local/lib/python3.7/site-packages/airflow/example_dags/example_time_delta_sensor_async.py took 0.176 seconds
[2023-03-17T03:12:37.363+0000] {processor.py:153} INFO - Started process (PID=953) to work on /home/airflow/.local/lib/python3.7/site-packages/airflow/example_dags/example_time_delta_sensor_async.py
[2023-03-17T03:12:37.364+0000] {processor.py:743} INFO - Processing file /home/airflow/.local/lib/python3.7/site-packages/airflow/example_dags/example_time_delta_sensor_async.py for tasks to queue
[2023-03-17T03:12:37.366+0000] {logging_mixin.py:137} INFO - [2023-03-17T03:12:37.365+0000] {dagbag.py:532} INFO - Filling up the DagBag from /home/airflow/.local/lib/python3.7/site-packages/airflow/example_dags/example_time_delta_sensor_async.py
[2023-03-17T03:12:37.378+0000] {processor.py:753} INFO - DAG(s) dict_keys(['example_time_delta_sensor_async']) retrieved from /home/airflow/.local/lib/python3.7/site-packages/airflow/example_dags/example_time_delta_sensor_async.py
[2023-03-17T03:12:37.410+0000] {logging_mixin.py:137} INFO - [2023-03-17T03:12:37.410+0000] {dag.py:2693} INFO - Sync 1 DAGs
[2023-03-17T03:12:37.440+0000] {logging_mixin.py:137} INFO - [2023-03-17T03:12:37.440+0000] {dag.py:3444} INFO - Setting next_dagrun for example_time_delta_sensor_async to None, run_after=None
[2023-03-17T03:12:37.465+0000] {processor.py:175} INFO - Processing /home/airflow/.local/lib/python3.7/site-packages/airflow/example_dags/example_time_delta_sensor_async.py took 0.106 seconds
[2023-03-17T03:13:08.152+0000] {processor.py:153} INFO - Started process (PID=1170) to work on /home/airflow/.local/lib/python3.7/site-packages/airflow/example_dags/example_time_delta_sensor_async.py
[2023-03-17T03:13:08.153+0000] {processor.py:743} INFO - Processing file /home/airflow/.local/lib/python3.7/site-packages/airflow/example_dags/example_time_delta_sensor_async.py for tasks to queue
[2023-03-17T03:13:08.155+0000] {logging_mixin.py:137} INFO - [2023-03-17T03:13:08.154+0000] {dagbag.py:532} INFO - Filling up the DagBag from /home/airflow/.local/lib/python3.7/site-packages/airflow/example_dags/example_time_delta_sensor_async.py
[2023-03-17T03:13:08.171+0000] {processor.py:753} INFO - DAG(s) dict_keys(['example_time_delta_sensor_async']) retrieved from /home/airflow/.local/lib/python3.7/site-packages/airflow/example_dags/example_time_delta_sensor_async.py
[2023-03-17T03:13:08.200+0000] {logging_mixin.py:137} INFO - [2023-03-17T03:13:08.200+0000] {dag.py:2693} INFO - Sync 1 DAGs
[2023-03-17T03:13:08.232+0000] {logging_mixin.py:137} INFO - [2023-03-17T03:13:08.231+0000] {dag.py:3444} INFO - Setting next_dagrun for example_time_delta_sensor_async to None, run_after=None
[2023-03-17T03:13:08.257+0000] {processor.py:175} INFO - Processing /home/airflow/.local/lib/python3.7/site-packages/airflow/example_dags/example_time_delta_sensor_async.py took 0.109 seconds
[2023-03-17T03:13:38.745+0000] {processor.py:153} INFO - Started process (PID=1387) to work on /home/airflow/.local/lib/python3.7/site-packages/airflow/example_dags/example_time_delta_sensor_async.py
[2023-03-17T03:13:38.746+0000] {processor.py:743} INFO - Processing file /home/airflow/.local/lib/python3.7/site-packages/airflow/example_dags/example_time_delta_sensor_async.py for tasks to queue
[2023-03-17T03:13:38.747+0000] {logging_mixin.py:137} INFO - [2023-03-17T03:13:38.747+0000] {dagbag.py:532} INFO - Filling up the DagBag from /home/airflow/.local/lib/python3.7/site-packages/airflow/example_dags/example_time_delta_sensor_async.py
[2023-03-17T03:13:38.761+0000] {processor.py:753} INFO - DAG(s) dict_keys(['example_time_delta_sensor_async']) retrieved from /home/airflow/.local/lib/python3.7/site-packages/airflow/example_dags/example_time_delta_sensor_async.py
[2023-03-17T03:13:38.790+0000] {logging_mixin.py:137} INFO - [2023-03-17T03:13:38.790+0000] {dag.py:2693} INFO - Sync 1 DAGs
[2023-03-17T03:13:38.820+0000] {logging_mixin.py:137} INFO - [2023-03-17T03:13:38.820+0000] {dag.py:3444} INFO - Setting next_dagrun for example_time_delta_sensor_async to None, run_after=None
[2023-03-17T03:13:38.846+0000] {processor.py:175} INFO - Processing /home/airflow/.local/lib/python3.7/site-packages/airflow/example_dags/example_time_delta_sensor_async.py took 0.104 seconds
[2023-03-17T03:14:09.087+0000] {processor.py:153} INFO - Started process (PID=1604) to work on /home/airflow/.local/lib/python3.7/site-packages/airflow/example_dags/example_time_delta_sensor_async.py
[2023-03-17T03:14:09.088+0000] {processor.py:743} INFO - Processing file /home/airflow/.local/lib/python3.7/site-packages/airflow/example_dags/example_time_delta_sensor_async.py for tasks to queue
[2023-03-17T03:14:09.089+0000] {logging_mixin.py:137} INFO - [2023-03-17T03:14:09.089+0000] {dagbag.py:532} INFO - Filling up the DagBag from /home/airflow/.local/lib/python3.7/site-packages/airflow/example_dags/example_time_delta_sensor_async.py
[2023-03-17T03:14:09.103+0000] {processor.py:753} INFO - DAG(s) dict_keys(['example_time_delta_sensor_async']) retrieved from /home/airflow/.local/lib/python3.7/site-packages/airflow/example_dags/example_time_delta_sensor_async.py
[2023-03-17T03:14:09.130+0000] {logging_mixin.py:137} INFO - [2023-03-17T03:14:09.130+0000] {dag.py:2693} INFO - Sync 1 DAGs
[2023-03-17T03:14:09.161+0000] {logging_mixin.py:137} INFO - [2023-03-17T03:14:09.161+0000] {dag.py:3444} INFO - Setting next_dagrun for example_time_delta_sensor_async to None, run_after=None
[2023-03-17T03:14:09.187+0000] {processor.py:175} INFO - Processing /home/airflow/.local/lib/python3.7/site-packages/airflow/example_dags/example_time_delta_sensor_async.py took 0.103 seconds
[2023-03-17T03:14:39.461+0000] {processor.py:153} INFO - Started process (PID=1821) to work on /home/airflow/.local/lib/python3.7/site-packages/airflow/example_dags/example_time_delta_sensor_async.py
[2023-03-17T03:14:39.462+0000] {processor.py:743} INFO - Processing file /home/airflow/.local/lib/python3.7/site-packages/airflow/example_dags/example_time_delta_sensor_async.py for tasks to queue
[2023-03-17T03:14:39.463+0000] {logging_mixin.py:137} INFO - [2023-03-17T03:14:39.463+0000] {dagbag.py:532} INFO - Filling up the DagBag from /home/airflow/.local/lib/python3.7/site-packages/airflow/example_dags/example_time_delta_sensor_async.py
[2023-03-17T03:14:39.477+0000] {processor.py:753} INFO - DAG(s) dict_keys(['example_time_delta_sensor_async']) retrieved from /home/airflow/.local/lib/python3.7/site-packages/airflow/example_dags/example_time_delta_sensor_async.py
[2023-03-17T03:14:39.504+0000] {logging_mixin.py:137} INFO - [2023-03-17T03:14:39.504+0000] {dag.py:2693} INFO - Sync 1 DAGs
[2023-03-17T03:14:39.536+0000] {logging_mixin.py:137} INFO - [2023-03-17T03:14:39.535+0000] {dag.py:3444} INFO - Setting next_dagrun for example_time_delta_sensor_async to None, run_after=None
[2023-03-17T03:14:39.563+0000] {processor.py:175} INFO - Processing /home/airflow/.local/lib/python3.7/site-packages/airflow/example_dags/example_time_delta_sensor_async.py took 0.106 seconds
[2023-03-17T03:15:10.060+0000] {processor.py:153} INFO - Started process (PID=2040) to work on /home/airflow/.local/lib/python3.7/site-packages/airflow/example_dags/example_time_delta_sensor_async.py
[2023-03-17T03:15:10.061+0000] {processor.py:743} INFO - Processing file /home/airflow/.local/lib/python3.7/site-packages/airflow/example_dags/example_time_delta_sensor_async.py for tasks to queue
[2023-03-17T03:15:10.062+0000] {logging_mixin.py:137} INFO - [2023-03-17T03:15:10.062+0000] {dagbag.py:532} INFO - Filling up the DagBag from /home/airflow/.local/lib/python3.7/site-packages/airflow/example_dags/example_time_delta_sensor_async.py
[2023-03-17T03:15:10.075+0000] {processor.py:753} INFO - DAG(s) dict_keys(['example_time_delta_sensor_async']) retrieved from /home/airflow/.local/lib/python3.7/site-packages/airflow/example_dags/example_time_delta_sensor_async.py
[2023-03-17T03:15:10.104+0000] {logging_mixin.py:137} INFO - [2023-03-17T03:15:10.104+0000] {dag.py:2693} INFO - Sync 1 DAGs
[2023-03-17T03:15:10.134+0000] {logging_mixin.py:137} INFO - [2023-03-17T03:15:10.134+0000] {dag.py:3444} INFO - Setting next_dagrun for example_time_delta_sensor_async to None, run_after=None
[2023-03-17T03:15:10.159+0000] {processor.py:175} INFO - Processing /home/airflow/.local/lib/python3.7/site-packages/airflow/example_dags/example_time_delta_sensor_async.py took 0.103 seconds
[2023-03-17T03:15:40.578+0000] {processor.py:153} INFO - Started process (PID=2255) to work on /home/airflow/.local/lib/python3.7/site-packages/airflow/example_dags/example_time_delta_sensor_async.py
[2023-03-17T03:15:40.579+0000] {processor.py:743} INFO - Processing file /home/airflow/.local/lib/python3.7/site-packages/airflow/example_dags/example_time_delta_sensor_async.py for tasks to queue
[2023-03-17T03:15:40.580+0000] {logging_mixin.py:137} INFO - [2023-03-17T03:15:40.580+0000] {dagbag.py:532} INFO - Filling up the DagBag from /home/airflow/.local/lib/python3.7/site-packages/airflow/example_dags/example_time_delta_sensor_async.py
[2023-03-17T03:15:40.593+0000] {processor.py:753} INFO - DAG(s) dict_keys(['example_time_delta_sensor_async']) retrieved from /home/airflow/.local/lib/python3.7/site-packages/airflow/example_dags/example_time_delta_sensor_async.py
[2023-03-17T03:15:40.622+0000] {logging_mixin.py:137} INFO - [2023-03-17T03:15:40.622+0000] {dag.py:2693} INFO - Sync 1 DAGs
[2023-03-17T03:15:40.652+0000] {logging_mixin.py:137} INFO - [2023-03-17T03:15:40.652+0000] {dag.py:3444} INFO - Setting next_dagrun for example_time_delta_sensor_async to None, run_after=None
[2023-03-17T03:15:40.678+0000] {processor.py:175} INFO - Processing /home/airflow/.local/lib/python3.7/site-packages/airflow/example_dags/example_time_delta_sensor_async.py took 0.104 seconds
[2023-03-17T03:16:11.178+0000] {processor.py:153} INFO - Started process (PID=2473) to work on /home/airflow/.local/lib/python3.7/site-packages/airflow/example_dags/example_time_delta_sensor_async.py
[2023-03-17T03:16:11.179+0000] {processor.py:743} INFO - Processing file /home/airflow/.local/lib/python3.7/site-packages/airflow/example_dags/example_time_delta_sensor_async.py for tasks to queue
[2023-03-17T03:16:11.180+0000] {logging_mixin.py:137} INFO - [2023-03-17T03:16:11.180+0000] {dagbag.py:532} INFO - Filling up the DagBag from /home/airflow/.local/lib/python3.7/site-packages/airflow/example_dags/example_time_delta_sensor_async.py
[2023-03-17T03:16:11.194+0000] {processor.py:753} INFO - DAG(s) dict_keys(['example_time_delta_sensor_async']) retrieved from /home/airflow/.local/lib/python3.7/site-packages/airflow/example_dags/example_time_delta_sensor_async.py
[2023-03-17T03:16:11.221+0000] {logging_mixin.py:137} INFO - [2023-03-17T03:16:11.221+0000] {dag.py:2693} INFO - Sync 1 DAGs
[2023-03-17T03:16:11.251+0000] {logging_mixin.py:137} INFO - [2023-03-17T03:16:11.251+0000] {dag.py:3444} INFO - Setting next_dagrun for example_time_delta_sensor_async to None, run_after=None
[2023-03-17T03:16:11.359+0000] {processor.py:175} INFO - Processing /home/airflow/.local/lib/python3.7/site-packages/airflow/example_dags/example_time_delta_sensor_async.py took 0.184 seconds
[2023-03-17T03:16:41.829+0000] {processor.py:153} INFO - Started process (PID=2692) to work on /home/airflow/.local/lib/python3.7/site-packages/airflow/example_dags/example_time_delta_sensor_async.py
[2023-03-17T03:16:41.831+0000] {processor.py:743} INFO - Processing file /home/airflow/.local/lib/python3.7/site-packages/airflow/example_dags/example_time_delta_sensor_async.py for tasks to queue
[2023-03-17T03:16:41.832+0000] {logging_mixin.py:137} INFO - [2023-03-17T03:16:41.831+0000] {dagbag.py:532} INFO - Filling up the DagBag from /home/airflow/.local/lib/python3.7/site-packages/airflow/example_dags/example_time_delta_sensor_async.py
[2023-03-17T03:16:41.845+0000] {processor.py:753} INFO - DAG(s) dict_keys(['example_time_delta_sensor_async']) retrieved from /home/airflow/.local/lib/python3.7/site-packages/airflow/example_dags/example_time_delta_sensor_async.py
[2023-03-17T03:16:41.876+0000] {logging_mixin.py:137} INFO - [2023-03-17T03:16:41.876+0000] {dag.py:2693} INFO - Sync 1 DAGs
[2023-03-17T03:16:41.906+0000] {logging_mixin.py:137} INFO - [2023-03-17T03:16:41.906+0000] {dag.py:3444} INFO - Setting next_dagrun for example_time_delta_sensor_async to None, run_after=None
[2023-03-17T03:16:41.932+0000] {processor.py:175} INFO - Processing /home/airflow/.local/lib/python3.7/site-packages/airflow/example_dags/example_time_delta_sensor_async.py took 0.107 seconds
[2023-03-17T03:17:12.220+0000] {processor.py:153} INFO - Started process (PID=2909) to work on /home/airflow/.local/lib/python3.7/site-packages/airflow/example_dags/example_time_delta_sensor_async.py
[2023-03-17T03:17:12.221+0000] {processor.py:743} INFO - Processing file /home/airflow/.local/lib/python3.7/site-packages/airflow/example_dags/example_time_delta_sensor_async.py for tasks to queue
[2023-03-17T03:17:12.223+0000] {logging_mixin.py:137} INFO - [2023-03-17T03:17:12.222+0000] {dagbag.py:532} INFO - Filling up the DagBag from /home/airflow/.local/lib/python3.7/site-packages/airflow/example_dags/example_time_delta_sensor_async.py
[2023-03-17T03:17:12.242+0000] {processor.py:753} INFO - DAG(s) dict_keys(['example_time_delta_sensor_async']) retrieved from /home/airflow/.local/lib/python3.7/site-packages/airflow/example_dags/example_time_delta_sensor_async.py
[2023-03-17T03:17:12.277+0000] {logging_mixin.py:137} INFO - [2023-03-17T03:17:12.277+0000] {dag.py:2693} INFO - Sync 1 DAGs
[2023-03-17T03:17:12.307+0000] {logging_mixin.py:137} INFO - [2023-03-17T03:17:12.307+0000] {dag.py:3444} INFO - Setting next_dagrun for example_time_delta_sensor_async to None, run_after=None
[2023-03-17T03:17:12.331+0000] {processor.py:175} INFO - Processing /home/airflow/.local/lib/python3.7/site-packages/airflow/example_dags/example_time_delta_sensor_async.py took 0.115 seconds
[2023-03-17T03:17:42.846+0000] {processor.py:153} INFO - Started process (PID=3126) to work on /home/airflow/.local/lib/python3.7/site-packages/airflow/example_dags/example_time_delta_sensor_async.py
[2023-03-17T03:17:42.847+0000] {processor.py:743} INFO - Processing file /home/airflow/.local/lib/python3.7/site-packages/airflow/example_dags/example_time_delta_sensor_async.py for tasks to queue
[2023-03-17T03:17:42.848+0000] {logging_mixin.py:137} INFO - [2023-03-17T03:17:42.848+0000] {dagbag.py:532} INFO - Filling up the DagBag from /home/airflow/.local/lib/python3.7/site-packages/airflow/example_dags/example_time_delta_sensor_async.py
[2023-03-17T03:17:42.862+0000] {processor.py:753} INFO - DAG(s) dict_keys(['example_time_delta_sensor_async']) retrieved from /home/airflow/.local/lib/python3.7/site-packages/airflow/example_dags/example_time_delta_sensor_async.py
[2023-03-17T03:17:42.892+0000] {logging_mixin.py:137} INFO - [2023-03-17T03:17:42.892+0000] {dag.py:2693} INFO - Sync 1 DAGs
[2023-03-17T03:17:42.922+0000] {logging_mixin.py:137} INFO - [2023-03-17T03:17:42.922+0000] {dag.py:3444} INFO - Setting next_dagrun for example_time_delta_sensor_async to None, run_after=None
[2023-03-17T03:17:42.948+0000] {processor.py:175} INFO - Processing /home/airflow/.local/lib/python3.7/site-packages/airflow/example_dags/example_time_delta_sensor_async.py took 0.106 seconds
[2023-03-17T03:18:13.109+0000] {processor.py:153} INFO - Started process (PID=3341) to work on /home/airflow/.local/lib/python3.7/site-packages/airflow/example_dags/example_time_delta_sensor_async.py
[2023-03-17T03:18:13.110+0000] {processor.py:743} INFO - Processing file /home/airflow/.local/lib/python3.7/site-packages/airflow/example_dags/example_time_delta_sensor_async.py for tasks to queue
[2023-03-17T03:18:13.111+0000] {logging_mixin.py:137} INFO - [2023-03-17T03:18:13.111+0000] {dagbag.py:532} INFO - Filling up the DagBag from /home/airflow/.local/lib/python3.7/site-packages/airflow/example_dags/example_time_delta_sensor_async.py
[2023-03-17T03:18:13.125+0000] {processor.py:753} INFO - DAG(s) dict_keys(['example_time_delta_sensor_async']) retrieved from /home/airflow/.local/lib/python3.7/site-packages/airflow/example_dags/example_time_delta_sensor_async.py
[2023-03-17T03:18:13.155+0000] {logging_mixin.py:137} INFO - [2023-03-17T03:18:13.155+0000] {dag.py:2693} INFO - Sync 1 DAGs
[2023-03-17T03:18:13.185+0000] {logging_mixin.py:137} INFO - [2023-03-17T03:18:13.185+0000] {dag.py:3444} INFO - Setting next_dagrun for example_time_delta_sensor_async to None, run_after=None
[2023-03-17T03:18:13.211+0000] {processor.py:175} INFO - Processing /home/airflow/.local/lib/python3.7/site-packages/airflow/example_dags/example_time_delta_sensor_async.py took 0.107 seconds
[2023-03-17T03:18:43.672+0000] {processor.py:153} INFO - Started process (PID=3556) to work on /home/airflow/.local/lib/python3.7/site-packages/airflow/example_dags/example_time_delta_sensor_async.py
[2023-03-17T03:18:43.673+0000] {processor.py:743} INFO - Processing file /home/airflow/.local/lib/python3.7/site-packages/airflow/example_dags/example_time_delta_sensor_async.py for tasks to queue
[2023-03-17T03:18:43.674+0000] {logging_mixin.py:137} INFO - [2023-03-17T03:18:43.674+0000] {dagbag.py:532} INFO - Filling up the DagBag from /home/airflow/.local/lib/python3.7/site-packages/airflow/example_dags/example_time_delta_sensor_async.py
[2023-03-17T03:18:43.687+0000] {processor.py:753} INFO - DAG(s) dict_keys(['example_time_delta_sensor_async']) retrieved from /home/airflow/.local/lib/python3.7/site-packages/airflow/example_dags/example_time_delta_sensor_async.py
[2023-03-17T03:18:43.717+0000] {logging_mixin.py:137} INFO - [2023-03-17T03:18:43.716+0000] {dag.py:2693} INFO - Sync 1 DAGs
[2023-03-17T03:18:43.747+0000] {logging_mixin.py:137} INFO - [2023-03-17T03:18:43.747+0000] {dag.py:3444} INFO - Setting next_dagrun for example_time_delta_sensor_async to None, run_after=None
[2023-03-17T03:18:43.776+0000] {processor.py:175} INFO - Processing /home/airflow/.local/lib/python3.7/site-packages/airflow/example_dags/example_time_delta_sensor_async.py took 0.108 seconds
[2023-03-17T03:19:14.119+0000] {processor.py:153} INFO - Started process (PID=3771) to work on /home/airflow/.local/lib/python3.7/site-packages/airflow/example_dags/example_time_delta_sensor_async.py
[2023-03-17T03:19:14.120+0000] {processor.py:743} INFO - Processing file /home/airflow/.local/lib/python3.7/site-packages/airflow/example_dags/example_time_delta_sensor_async.py for tasks to queue
[2023-03-17T03:19:14.121+0000] {logging_mixin.py:137} INFO - [2023-03-17T03:19:14.121+0000] {dagbag.py:532} INFO - Filling up the DagBag from /home/airflow/.local/lib/python3.7/site-packages/airflow/example_dags/example_time_delta_sensor_async.py
[2023-03-17T03:19:14.134+0000] {processor.py:753} INFO - DAG(s) dict_keys(['example_time_delta_sensor_async']) retrieved from /home/airflow/.local/lib/python3.7/site-packages/airflow/example_dags/example_time_delta_sensor_async.py
[2023-03-17T03:19:14.164+0000] {logging_mixin.py:137} INFO - [2023-03-17T03:19:14.163+0000] {dag.py:2693} INFO - Sync 1 DAGs
[2023-03-17T03:19:14.194+0000] {logging_mixin.py:137} INFO - [2023-03-17T03:19:14.194+0000] {dag.py:3444} INFO - Setting next_dagrun for example_time_delta_sensor_async to None, run_after=None
[2023-03-17T03:19:14.220+0000] {processor.py:175} INFO - Processing /home/airflow/.local/lib/python3.7/site-packages/airflow/example_dags/example_time_delta_sensor_async.py took 0.106 seconds
[2023-03-17T03:19:44.859+0000] {processor.py:153} INFO - Started process (PID=3993) to work on /home/airflow/.local/lib/python3.7/site-packages/airflow/example_dags/example_time_delta_sensor_async.py
[2023-03-17T03:19:44.860+0000] {processor.py:743} INFO - Processing file /home/airflow/.local/lib/python3.7/site-packages/airflow/example_dags/example_time_delta_sensor_async.py for tasks to queue
[2023-03-17T03:19:44.861+0000] {logging_mixin.py:137} INFO - [2023-03-17T03:19:44.861+0000] {dagbag.py:532} INFO - Filling up the DagBag from /home/airflow/.local/lib/python3.7/site-packages/airflow/example_dags/example_time_delta_sensor_async.py
[2023-03-17T03:19:44.874+0000] {processor.py:753} INFO - DAG(s) dict_keys(['example_time_delta_sensor_async']) retrieved from /home/airflow/.local/lib/python3.7/site-packages/airflow/example_dags/example_time_delta_sensor_async.py
[2023-03-17T03:19:44.903+0000] {logging_mixin.py:137} INFO - [2023-03-17T03:19:44.903+0000] {dag.py:2693} INFO - Sync 1 DAGs
[2023-03-17T03:19:44.932+0000] {logging_mixin.py:137} INFO - [2023-03-17T03:19:44.932+0000] {dag.py:3444} INFO - Setting next_dagrun for example_time_delta_sensor_async to None, run_after=None
[2023-03-17T03:19:44.957+0000] {processor.py:175} INFO - Processing /home/airflow/.local/lib/python3.7/site-packages/airflow/example_dags/example_time_delta_sensor_async.py took 0.102 seconds
[2023-03-17T03:20:15.307+0000] {processor.py:153} INFO - Started process (PID=4210) to work on /home/airflow/.local/lib/python3.7/site-packages/airflow/example_dags/example_time_delta_sensor_async.py
[2023-03-17T03:20:15.308+0000] {processor.py:743} INFO - Processing file /home/airflow/.local/lib/python3.7/site-packages/airflow/example_dags/example_time_delta_sensor_async.py for tasks to queue
[2023-03-17T03:20:15.310+0000] {logging_mixin.py:137} INFO - [2023-03-17T03:20:15.309+0000] {dagbag.py:532} INFO - Filling up the DagBag from /home/airflow/.local/lib/python3.7/site-packages/airflow/example_dags/example_time_delta_sensor_async.py
[2023-03-17T03:20:15.323+0000] {processor.py:753} INFO - DAG(s) dict_keys(['example_time_delta_sensor_async']) retrieved from /home/airflow/.local/lib/python3.7/site-packages/airflow/example_dags/example_time_delta_sensor_async.py
[2023-03-17T03:20:15.351+0000] {logging_mixin.py:137} INFO - [2023-03-17T03:20:15.351+0000] {dag.py:2693} INFO - Sync 1 DAGs
[2023-03-17T03:20:15.384+0000] {logging_mixin.py:137} INFO - [2023-03-17T03:20:15.383+0000] {dag.py:3444} INFO - Setting next_dagrun for example_time_delta_sensor_async to None, run_after=None
[2023-03-17T03:20:15.409+0000] {processor.py:175} INFO - Processing /home/airflow/.local/lib/python3.7/site-packages/airflow/example_dags/example_time_delta_sensor_async.py took 0.106 seconds
[2023-03-17T03:20:45.716+0000] {processor.py:153} INFO - Started process (PID=4427) to work on /home/airflow/.local/lib/python3.7/site-packages/airflow/example_dags/example_time_delta_sensor_async.py
[2023-03-17T03:20:45.717+0000] {processor.py:743} INFO - Processing file /home/airflow/.local/lib/python3.7/site-packages/airflow/example_dags/example_time_delta_sensor_async.py for tasks to queue
[2023-03-17T03:20:45.718+0000] {logging_mixin.py:137} INFO - [2023-03-17T03:20:45.718+0000] {dagbag.py:532} INFO - Filling up the DagBag from /home/airflow/.local/lib/python3.7/site-packages/airflow/example_dags/example_time_delta_sensor_async.py
[2023-03-17T03:20:45.732+0000] {processor.py:753} INFO - DAG(s) dict_keys(['example_time_delta_sensor_async']) retrieved from /home/airflow/.local/lib/python3.7/site-packages/airflow/example_dags/example_time_delta_sensor_async.py
[2023-03-17T03:20:45.762+0000] {logging_mixin.py:137} INFO - [2023-03-17T03:20:45.762+0000] {dag.py:2693} INFO - Sync 1 DAGs
[2023-03-17T03:20:45.792+0000] {logging_mixin.py:137} INFO - [2023-03-17T03:20:45.792+0000] {dag.py:3444} INFO - Setting next_dagrun for example_time_delta_sensor_async to None, run_after=None
[2023-03-17T03:20:45.821+0000] {processor.py:175} INFO - Processing /home/airflow/.local/lib/python3.7/site-packages/airflow/example_dags/example_time_delta_sensor_async.py took 0.109 seconds
[2023-03-17T03:21:16.304+0000] {processor.py:153} INFO - Started process (PID=4646) to work on /home/airflow/.local/lib/python3.7/site-packages/airflow/example_dags/example_time_delta_sensor_async.py
[2023-03-17T03:21:16.305+0000] {processor.py:743} INFO - Processing file /home/airflow/.local/lib/python3.7/site-packages/airflow/example_dags/example_time_delta_sensor_async.py for tasks to queue
[2023-03-17T03:21:16.306+0000] {logging_mixin.py:137} INFO - [2023-03-17T03:21:16.306+0000] {dagbag.py:532} INFO - Filling up the DagBag from /home/airflow/.local/lib/python3.7/site-packages/airflow/example_dags/example_time_delta_sensor_async.py
[2023-03-17T03:21:16.320+0000] {processor.py:753} INFO - DAG(s) dict_keys(['example_time_delta_sensor_async']) retrieved from /home/airflow/.local/lib/python3.7/site-packages/airflow/example_dags/example_time_delta_sensor_async.py
[2023-03-17T03:21:16.351+0000] {logging_mixin.py:137} INFO - [2023-03-17T03:21:16.350+0000] {dag.py:2693} INFO - Sync 1 DAGs
[2023-03-17T03:21:16.380+0000] {logging_mixin.py:137} INFO - [2023-03-17T03:21:16.380+0000] {dag.py:3444} INFO - Setting next_dagrun for example_time_delta_sensor_async to None, run_after=None
[2023-03-17T03:21:16.406+0000] {processor.py:175} INFO - Processing /home/airflow/.local/lib/python3.7/site-packages/airflow/example_dags/example_time_delta_sensor_async.py took 0.105 seconds
[2023-03-17T03:21:47.055+0000] {processor.py:153} INFO - Started process (PID=4861) to work on /home/airflow/.local/lib/python3.7/site-packages/airflow/example_dags/example_time_delta_sensor_async.py
[2023-03-17T03:21:47.056+0000] {processor.py:743} INFO - Processing file /home/airflow/.local/lib/python3.7/site-packages/airflow/example_dags/example_time_delta_sensor_async.py for tasks to queue
[2023-03-17T03:21:47.058+0000] {logging_mixin.py:137} INFO - [2023-03-17T03:21:47.057+0000] {dagbag.py:532} INFO - Filling up the DagBag from /home/airflow/.local/lib/python3.7/site-packages/airflow/example_dags/example_time_delta_sensor_async.py
[2023-03-17T03:21:47.080+0000] {processor.py:753} INFO - DAG(s) dict_keys(['example_time_delta_sensor_async']) retrieved from /home/airflow/.local/lib/python3.7/site-packages/airflow/example_dags/example_time_delta_sensor_async.py
[2023-03-17T03:21:47.113+0000] {logging_mixin.py:137} INFO - [2023-03-17T03:21:47.113+0000] {dag.py:2693} INFO - Sync 1 DAGs
[2023-03-17T03:21:47.146+0000] {logging_mixin.py:137} INFO - [2023-03-17T03:21:47.145+0000] {dag.py:3444} INFO - Setting next_dagrun for example_time_delta_sensor_async to None, run_after=None
[2023-03-17T03:21:47.171+0000] {processor.py:175} INFO - Processing /home/airflow/.local/lib/python3.7/site-packages/airflow/example_dags/example_time_delta_sensor_async.py took 0.121 seconds
[2023-03-17T03:22:17.424+0000] {processor.py:153} INFO - Started process (PID=5080) to work on /home/airflow/.local/lib/python3.7/site-packages/airflow/example_dags/example_time_delta_sensor_async.py
[2023-03-17T03:22:17.425+0000] {processor.py:743} INFO - Processing file /home/airflow/.local/lib/python3.7/site-packages/airflow/example_dags/example_time_delta_sensor_async.py for tasks to queue
[2023-03-17T03:22:17.426+0000] {logging_mixin.py:137} INFO - [2023-03-17T03:22:17.426+0000] {dagbag.py:532} INFO - Filling up the DagBag from /home/airflow/.local/lib/python3.7/site-packages/airflow/example_dags/example_time_delta_sensor_async.py
[2023-03-17T03:22:17.441+0000] {processor.py:753} INFO - DAG(s) dict_keys(['example_time_delta_sensor_async']) retrieved from /home/airflow/.local/lib/python3.7/site-packages/airflow/example_dags/example_time_delta_sensor_async.py
[2023-03-17T03:22:17.471+0000] {logging_mixin.py:137} INFO - [2023-03-17T03:22:17.471+0000] {dag.py:2693} INFO - Sync 1 DAGs
[2023-03-17T03:22:17.501+0000] {logging_mixin.py:137} INFO - [2023-03-17T03:22:17.501+0000] {dag.py:3444} INFO - Setting next_dagrun for example_time_delta_sensor_async to None, run_after=None
[2023-03-17T03:22:17.526+0000] {processor.py:175} INFO - Processing /home/airflow/.local/lib/python3.7/site-packages/airflow/example_dags/example_time_delta_sensor_async.py took 0.106 seconds
[2023-03-17T03:22:47.831+0000] {processor.py:153} INFO - Started process (PID=5295) to work on /home/airflow/.local/lib/python3.7/site-packages/airflow/example_dags/example_time_delta_sensor_async.py
[2023-03-17T03:22:47.833+0000] {processor.py:743} INFO - Processing file /home/airflow/.local/lib/python3.7/site-packages/airflow/example_dags/example_time_delta_sensor_async.py for tasks to queue
[2023-03-17T03:22:47.834+0000] {logging_mixin.py:137} INFO - [2023-03-17T03:22:47.834+0000] {dagbag.py:532} INFO - Filling up the DagBag from /home/airflow/.local/lib/python3.7/site-packages/airflow/example_dags/example_time_delta_sensor_async.py
[2023-03-17T03:22:47.849+0000] {processor.py:753} INFO - DAG(s) dict_keys(['example_time_delta_sensor_async']) retrieved from /home/airflow/.local/lib/python3.7/site-packages/airflow/example_dags/example_time_delta_sensor_async.py
[2023-03-17T03:22:47.880+0000] {logging_mixin.py:137} INFO - [2023-03-17T03:22:47.879+0000] {dag.py:2693} INFO - Sync 1 DAGs
[2023-03-17T03:22:47.911+0000] {logging_mixin.py:137} INFO - [2023-03-17T03:22:47.911+0000] {dag.py:3444} INFO - Setting next_dagrun for example_time_delta_sensor_async to None, run_after=None
[2023-03-17T03:22:47.936+0000] {processor.py:175} INFO - Processing /home/airflow/.local/lib/python3.7/site-packages/airflow/example_dags/example_time_delta_sensor_async.py took 0.108 seconds
[2023-03-17T03:23:18.393+0000] {processor.py:153} INFO - Started process (PID=5515) to work on /home/airflow/.local/lib/python3.7/site-packages/airflow/example_dags/example_time_delta_sensor_async.py
[2023-03-17T03:23:18.394+0000] {processor.py:743} INFO - Processing file /home/airflow/.local/lib/python3.7/site-packages/airflow/example_dags/example_time_delta_sensor_async.py for tasks to queue
[2023-03-17T03:23:18.395+0000] {logging_mixin.py:137} INFO - [2023-03-17T03:23:18.395+0000] {dagbag.py:532} INFO - Filling up the DagBag from /home/airflow/.local/lib/python3.7/site-packages/airflow/example_dags/example_time_delta_sensor_async.py
[2023-03-17T03:23:18.409+0000] {processor.py:753} INFO - DAG(s) dict_keys(['example_time_delta_sensor_async']) retrieved from /home/airflow/.local/lib/python3.7/site-packages/airflow/example_dags/example_time_delta_sensor_async.py
[2023-03-17T03:23:18.440+0000] {logging_mixin.py:137} INFO - [2023-03-17T03:23:18.439+0000] {dag.py:2693} INFO - Sync 1 DAGs
[2023-03-17T03:23:18.469+0000] {logging_mixin.py:137} INFO - [2023-03-17T03:23:18.469+0000] {dag.py:3444} INFO - Setting next_dagrun for example_time_delta_sensor_async to None, run_after=None
[2023-03-17T03:23:18.494+0000] {processor.py:175} INFO - Processing /home/airflow/.local/lib/python3.7/site-packages/airflow/example_dags/example_time_delta_sensor_async.py took 0.105 seconds
[2023-03-17T03:23:48.786+0000] {processor.py:153} INFO - Started process (PID=5732) to work on /home/airflow/.local/lib/python3.7/site-packages/airflow/example_dags/example_time_delta_sensor_async.py
[2023-03-17T03:23:48.787+0000] {processor.py:743} INFO - Processing file /home/airflow/.local/lib/python3.7/site-packages/airflow/example_dags/example_time_delta_sensor_async.py for tasks to queue
[2023-03-17T03:23:48.788+0000] {logging_mixin.py:137} INFO - [2023-03-17T03:23:48.788+0000] {dagbag.py:532} INFO - Filling up the DagBag from /home/airflow/.local/lib/python3.7/site-packages/airflow/example_dags/example_time_delta_sensor_async.py
[2023-03-17T03:23:48.802+0000] {processor.py:753} INFO - DAG(s) dict_keys(['example_time_delta_sensor_async']) retrieved from /home/airflow/.local/lib/python3.7/site-packages/airflow/example_dags/example_time_delta_sensor_async.py
[2023-03-17T03:23:48.838+0000] {logging_mixin.py:137} INFO - [2023-03-17T03:23:48.838+0000] {dag.py:2693} INFO - Sync 1 DAGs
[2023-03-17T03:23:48.869+0000] {logging_mixin.py:137} INFO - [2023-03-17T03:23:48.868+0000] {dag.py:3444} INFO - Setting next_dagrun for example_time_delta_sensor_async to None, run_after=None
[2023-03-17T03:23:48.895+0000] {processor.py:175} INFO - Processing /home/airflow/.local/lib/python3.7/site-packages/airflow/example_dags/example_time_delta_sensor_async.py took 0.113 seconds
[2023-03-17T03:24:19.070+0000] {processor.py:153} INFO - Started process (PID=5947) to work on /home/airflow/.local/lib/python3.7/site-packages/airflow/example_dags/example_time_delta_sensor_async.py
[2023-03-17T03:24:19.071+0000] {processor.py:743} INFO - Processing file /home/airflow/.local/lib/python3.7/site-packages/airflow/example_dags/example_time_delta_sensor_async.py for tasks to queue
[2023-03-17T03:24:19.072+0000] {logging_mixin.py:137} INFO - [2023-03-17T03:24:19.072+0000] {dagbag.py:532} INFO - Filling up the DagBag from /home/airflow/.local/lib/python3.7/site-packages/airflow/example_dags/example_time_delta_sensor_async.py
[2023-03-17T03:24:19.086+0000] {processor.py:753} INFO - DAG(s) dict_keys(['example_time_delta_sensor_async']) retrieved from /home/airflow/.local/lib/python3.7/site-packages/airflow/example_dags/example_time_delta_sensor_async.py
[2023-03-17T03:24:19.116+0000] {logging_mixin.py:137} INFO - [2023-03-17T03:24:19.116+0000] {dag.py:2693} INFO - Sync 1 DAGs
[2023-03-17T03:24:19.150+0000] {logging_mixin.py:137} INFO - [2023-03-17T03:24:19.150+0000] {dag.py:3444} INFO - Setting next_dagrun for example_time_delta_sensor_async to None, run_after=None
[2023-03-17T03:24:19.180+0000] {processor.py:175} INFO - Processing /home/airflow/.local/lib/python3.7/site-packages/airflow/example_dags/example_time_delta_sensor_async.py took 0.115 seconds
[2023-03-17T03:24:49.574+0000] {processor.py:153} INFO - Started process (PID=6164) to work on /home/airflow/.local/lib/python3.7/site-packages/airflow/example_dags/example_time_delta_sensor_async.py
[2023-03-17T03:24:49.575+0000] {processor.py:743} INFO - Processing file /home/airflow/.local/lib/python3.7/site-packages/airflow/example_dags/example_time_delta_sensor_async.py for tasks to queue
[2023-03-17T03:24:49.576+0000] {logging_mixin.py:137} INFO - [2023-03-17T03:24:49.576+0000] {dagbag.py:532} INFO - Filling up the DagBag from /home/airflow/.local/lib/python3.7/site-packages/airflow/example_dags/example_time_delta_sensor_async.py
[2023-03-17T03:24:49.592+0000] {processor.py:753} INFO - DAG(s) dict_keys(['example_time_delta_sensor_async']) retrieved from /home/airflow/.local/lib/python3.7/site-packages/airflow/example_dags/example_time_delta_sensor_async.py
[2023-03-17T03:24:49.619+0000] {logging_mixin.py:137} INFO - [2023-03-17T03:24:49.619+0000] {dag.py:2693} INFO - Sync 1 DAGs
[2023-03-17T03:24:49.656+0000] {logging_mixin.py:137} INFO - [2023-03-17T03:24:49.656+0000] {dag.py:3444} INFO - Setting next_dagrun for example_time_delta_sensor_async to None, run_after=None
[2023-03-17T03:24:49.681+0000] {processor.py:175} INFO - Processing /home/airflow/.local/lib/python3.7/site-packages/airflow/example_dags/example_time_delta_sensor_async.py took 0.111 seconds
[2023-03-17T03:25:19.937+0000] {processor.py:153} INFO - Started process (PID=6381) to work on /home/airflow/.local/lib/python3.7/site-packages/airflow/example_dags/example_time_delta_sensor_async.py
[2023-03-17T03:25:19.938+0000] {processor.py:743} INFO - Processing file /home/airflow/.local/lib/python3.7/site-packages/airflow/example_dags/example_time_delta_sensor_async.py for tasks to queue
[2023-03-17T03:25:19.939+0000] {logging_mixin.py:137} INFO - [2023-03-17T03:25:19.939+0000] {dagbag.py:532} INFO - Filling up the DagBag from /home/airflow/.local/lib/python3.7/site-packages/airflow/example_dags/example_time_delta_sensor_async.py
[2023-03-17T03:25:19.954+0000] {processor.py:753} INFO - DAG(s) dict_keys(['example_time_delta_sensor_async']) retrieved from /home/airflow/.local/lib/python3.7/site-packages/airflow/example_dags/example_time_delta_sensor_async.py
[2023-03-17T03:25:19.982+0000] {logging_mixin.py:137} INFO - [2023-03-17T03:25:19.982+0000] {dag.py:2693} INFO - Sync 1 DAGs
[2023-03-17T03:25:20.013+0000] {logging_mixin.py:137} INFO - [2023-03-17T03:25:20.013+0000] {dag.py:3444} INFO - Setting next_dagrun for example_time_delta_sensor_async to None, run_after=None
[2023-03-17T03:25:20.040+0000] {processor.py:175} INFO - Processing /home/airflow/.local/lib/python3.7/site-packages/airflow/example_dags/example_time_delta_sensor_async.py took 0.107 seconds
[2023-03-17T03:25:50.373+0000] {processor.py:153} INFO - Started process (PID=6598) to work on /home/airflow/.local/lib/python3.7/site-packages/airflow/example_dags/example_time_delta_sensor_async.py
[2023-03-17T03:25:50.374+0000] {processor.py:743} INFO - Processing file /home/airflow/.local/lib/python3.7/site-packages/airflow/example_dags/example_time_delta_sensor_async.py for tasks to queue
[2023-03-17T03:25:50.375+0000] {logging_mixin.py:137} INFO - [2023-03-17T03:25:50.375+0000] {dagbag.py:532} INFO - Filling up the DagBag from /home/airflow/.local/lib/python3.7/site-packages/airflow/example_dags/example_time_delta_sensor_async.py
[2023-03-17T03:25:50.390+0000] {processor.py:753} INFO - DAG(s) dict_keys(['example_time_delta_sensor_async']) retrieved from /home/airflow/.local/lib/python3.7/site-packages/airflow/example_dags/example_time_delta_sensor_async.py
[2023-03-17T03:25:50.419+0000] {logging_mixin.py:137} INFO - [2023-03-17T03:25:50.419+0000] {dag.py:2693} INFO - Sync 1 DAGs
[2023-03-17T03:25:50.451+0000] {logging_mixin.py:137} INFO - [2023-03-17T03:25:50.451+0000] {dag.py:3444} INFO - Setting next_dagrun for example_time_delta_sensor_async to None, run_after=None
[2023-03-17T03:25:50.477+0000] {processor.py:175} INFO - Processing /home/airflow/.local/lib/python3.7/site-packages/airflow/example_dags/example_time_delta_sensor_async.py took 0.109 seconds
[2023-03-17T03:26:21.002+0000] {processor.py:153} INFO - Started process (PID=6817) to work on /home/airflow/.local/lib/python3.7/site-packages/airflow/example_dags/example_time_delta_sensor_async.py
[2023-03-17T03:26:21.004+0000] {processor.py:743} INFO - Processing file /home/airflow/.local/lib/python3.7/site-packages/airflow/example_dags/example_time_delta_sensor_async.py for tasks to queue
[2023-03-17T03:26:21.005+0000] {logging_mixin.py:137} INFO - [2023-03-17T03:26:21.005+0000] {dagbag.py:532} INFO - Filling up the DagBag from /home/airflow/.local/lib/python3.7/site-packages/airflow/example_dags/example_time_delta_sensor_async.py
[2023-03-17T03:26:21.021+0000] {processor.py:753} INFO - DAG(s) dict_keys(['example_time_delta_sensor_async']) retrieved from /home/airflow/.local/lib/python3.7/site-packages/airflow/example_dags/example_time_delta_sensor_async.py
[2023-03-17T03:26:21.056+0000] {logging_mixin.py:137} INFO - [2023-03-17T03:26:21.056+0000] {dag.py:2693} INFO - Sync 1 DAGs
[2023-03-17T03:26:21.086+0000] {logging_mixin.py:137} INFO - [2023-03-17T03:26:21.086+0000] {dag.py:3444} INFO - Setting next_dagrun for example_time_delta_sensor_async to None, run_after=None
[2023-03-17T03:26:21.109+0000] {processor.py:175} INFO - Processing /home/airflow/.local/lib/python3.7/site-packages/airflow/example_dags/example_time_delta_sensor_async.py took 0.111 seconds
[2023-03-17T03:26:51.338+0000] {processor.py:153} INFO - Started process (PID=7032) to work on /home/airflow/.local/lib/python3.7/site-packages/airflow/example_dags/example_time_delta_sensor_async.py
[2023-03-17T03:26:51.340+0000] {processor.py:743} INFO - Processing file /home/airflow/.local/lib/python3.7/site-packages/airflow/example_dags/example_time_delta_sensor_async.py for tasks to queue
[2023-03-17T03:26:51.341+0000] {logging_mixin.py:137} INFO - [2023-03-17T03:26:51.341+0000] {dagbag.py:532} INFO - Filling up the DagBag from /home/airflow/.local/lib/python3.7/site-packages/airflow/example_dags/example_time_delta_sensor_async.py
[2023-03-17T03:26:51.355+0000] {processor.py:753} INFO - DAG(s) dict_keys(['example_time_delta_sensor_async']) retrieved from /home/airflow/.local/lib/python3.7/site-packages/airflow/example_dags/example_time_delta_sensor_async.py
[2023-03-17T03:26:51.383+0000] {logging_mixin.py:137} INFO - [2023-03-17T03:26:51.383+0000] {dag.py:2693} INFO - Sync 1 DAGs
[2023-03-17T03:26:51.414+0000] {logging_mixin.py:137} INFO - [2023-03-17T03:26:51.413+0000] {dag.py:3444} INFO - Setting next_dagrun for example_time_delta_sensor_async to None, run_after=None
[2023-03-17T03:26:51.438+0000] {processor.py:175} INFO - Processing /home/airflow/.local/lib/python3.7/site-packages/airflow/example_dags/example_time_delta_sensor_async.py took 0.103 seconds
[2023-03-17T03:27:21.730+0000] {processor.py:153} INFO - Started process (PID=7249) to work on /home/airflow/.local/lib/python3.7/site-packages/airflow/example_dags/example_time_delta_sensor_async.py
[2023-03-17T03:27:21.731+0000] {processor.py:743} INFO - Processing file /home/airflow/.local/lib/python3.7/site-packages/airflow/example_dags/example_time_delta_sensor_async.py for tasks to queue
[2023-03-17T03:27:21.732+0000] {logging_mixin.py:137} INFO - [2023-03-17T03:27:21.732+0000] {dagbag.py:532} INFO - Filling up the DagBag from /home/airflow/.local/lib/python3.7/site-packages/airflow/example_dags/example_time_delta_sensor_async.py
[2023-03-17T03:27:21.745+0000] {processor.py:753} INFO - DAG(s) dict_keys(['example_time_delta_sensor_async']) retrieved from /home/airflow/.local/lib/python3.7/site-packages/airflow/example_dags/example_time_delta_sensor_async.py
[2023-03-17T03:27:21.773+0000] {logging_mixin.py:137} INFO - [2023-03-17T03:27:21.773+0000] {dag.py:2693} INFO - Sync 1 DAGs
[2023-03-17T03:27:21.806+0000] {logging_mixin.py:137} INFO - [2023-03-17T03:27:21.806+0000] {dag.py:3444} INFO - Setting next_dagrun for example_time_delta_sensor_async to None, run_after=None
[2023-03-17T03:27:21.832+0000] {processor.py:175} INFO - Processing /home/airflow/.local/lib/python3.7/site-packages/airflow/example_dags/example_time_delta_sensor_async.py took 0.106 seconds
[2023-03-17T03:27:52.130+0000] {processor.py:153} INFO - Started process (PID=7466) to work on /home/airflow/.local/lib/python3.7/site-packages/airflow/example_dags/example_time_delta_sensor_async.py
[2023-03-17T03:27:52.131+0000] {processor.py:743} INFO - Processing file /home/airflow/.local/lib/python3.7/site-packages/airflow/example_dags/example_time_delta_sensor_async.py for tasks to queue
[2023-03-17T03:27:52.133+0000] {logging_mixin.py:137} INFO - [2023-03-17T03:27:52.132+0000] {dagbag.py:532} INFO - Filling up the DagBag from /home/airflow/.local/lib/python3.7/site-packages/airflow/example_dags/example_time_delta_sensor_async.py
[2023-03-17T03:27:52.149+0000] {processor.py:753} INFO - DAG(s) dict_keys(['example_time_delta_sensor_async']) retrieved from /home/airflow/.local/lib/python3.7/site-packages/airflow/example_dags/example_time_delta_sensor_async.py
[2023-03-17T03:27:52.178+0000] {logging_mixin.py:137} INFO - [2023-03-17T03:27:52.177+0000] {dag.py:2693} INFO - Sync 1 DAGs
[2023-03-17T03:27:52.207+0000] {logging_mixin.py:137} INFO - [2023-03-17T03:27:52.207+0000] {dag.py:3444} INFO - Setting next_dagrun for example_time_delta_sensor_async to None, run_after=None
[2023-03-17T03:27:52.231+0000] {processor.py:175} INFO - Processing /home/airflow/.local/lib/python3.7/site-packages/airflow/example_dags/example_time_delta_sensor_async.py took 0.105 seconds
[2023-03-17T03:28:22.456+0000] {processor.py:153} INFO - Started process (PID=7683) to work on /home/airflow/.local/lib/python3.7/site-packages/airflow/example_dags/example_time_delta_sensor_async.py
[2023-03-17T03:28:22.458+0000] {processor.py:743} INFO - Processing file /home/airflow/.local/lib/python3.7/site-packages/airflow/example_dags/example_time_delta_sensor_async.py for tasks to queue
[2023-03-17T03:28:22.459+0000] {logging_mixin.py:137} INFO - [2023-03-17T03:28:22.459+0000] {dagbag.py:532} INFO - Filling up the DagBag from /home/airflow/.local/lib/python3.7/site-packages/airflow/example_dags/example_time_delta_sensor_async.py
[2023-03-17T03:28:22.472+0000] {processor.py:753} INFO - DAG(s) dict_keys(['example_time_delta_sensor_async']) retrieved from /home/airflow/.local/lib/python3.7/site-packages/airflow/example_dags/example_time_delta_sensor_async.py
[2023-03-17T03:28:22.501+0000] {logging_mixin.py:137} INFO - [2023-03-17T03:28:22.500+0000] {dag.py:2693} INFO - Sync 1 DAGs
[2023-03-17T03:28:22.533+0000] {logging_mixin.py:137} INFO - [2023-03-17T03:28:22.533+0000] {dag.py:3444} INFO - Setting next_dagrun for example_time_delta_sensor_async to None, run_after=None
[2023-03-17T03:28:22.559+0000] {processor.py:175} INFO - Processing /home/airflow/.local/lib/python3.7/site-packages/airflow/example_dags/example_time_delta_sensor_async.py took 0.107 seconds
[2023-03-17T03:28:52.920+0000] {processor.py:153} INFO - Started process (PID=7900) to work on /home/airflow/.local/lib/python3.7/site-packages/airflow/example_dags/example_time_delta_sensor_async.py
[2023-03-17T03:28:52.922+0000] {processor.py:743} INFO - Processing file /home/airflow/.local/lib/python3.7/site-packages/airflow/example_dags/example_time_delta_sensor_async.py for tasks to queue
[2023-03-17T03:28:52.923+0000] {logging_mixin.py:137} INFO - [2023-03-17T03:28:52.922+0000] {dagbag.py:532} INFO - Filling up the DagBag from /home/airflow/.local/lib/python3.7/site-packages/airflow/example_dags/example_time_delta_sensor_async.py
[2023-03-17T03:28:52.937+0000] {processor.py:753} INFO - DAG(s) dict_keys(['example_time_delta_sensor_async']) retrieved from /home/airflow/.local/lib/python3.7/site-packages/airflow/example_dags/example_time_delta_sensor_async.py
[2023-03-17T03:28:52.965+0000] {logging_mixin.py:137} INFO - [2023-03-17T03:28:52.964+0000] {dag.py:2693} INFO - Sync 1 DAGs
[2023-03-17T03:28:52.995+0000] {logging_mixin.py:137} INFO - [2023-03-17T03:28:52.995+0000] {dag.py:3444} INFO - Setting next_dagrun for example_time_delta_sensor_async to None, run_after=None
[2023-03-17T03:28:53.022+0000] {processor.py:175} INFO - Processing /home/airflow/.local/lib/python3.7/site-packages/airflow/example_dags/example_time_delta_sensor_async.py took 0.105 seconds
[2023-03-17T03:29:23.370+0000] {processor.py:153} INFO - Started process (PID=8120) to work on /home/airflow/.local/lib/python3.7/site-packages/airflow/example_dags/example_time_delta_sensor_async.py
[2023-03-17T03:29:23.371+0000] {processor.py:743} INFO - Processing file /home/airflow/.local/lib/python3.7/site-packages/airflow/example_dags/example_time_delta_sensor_async.py for tasks to queue
[2023-03-17T03:29:23.372+0000] {logging_mixin.py:137} INFO - [2023-03-17T03:29:23.372+0000] {dagbag.py:532} INFO - Filling up the DagBag from /home/airflow/.local/lib/python3.7/site-packages/airflow/example_dags/example_time_delta_sensor_async.py
[2023-03-17T03:29:23.389+0000] {processor.py:753} INFO - DAG(s) dict_keys(['example_time_delta_sensor_async']) retrieved from /home/airflow/.local/lib/python3.7/site-packages/airflow/example_dags/example_time_delta_sensor_async.py
[2023-03-17T03:29:23.420+0000] {logging_mixin.py:137} INFO - [2023-03-17T03:29:23.419+0000] {dag.py:2693} INFO - Sync 1 DAGs
[2023-03-17T03:29:23.450+0000] {logging_mixin.py:137} INFO - [2023-03-17T03:29:23.450+0000] {dag.py:3444} INFO - Setting next_dagrun for example_time_delta_sensor_async to None, run_after=None
[2023-03-17T03:29:23.476+0000] {processor.py:175} INFO - Processing /home/airflow/.local/lib/python3.7/site-packages/airflow/example_dags/example_time_delta_sensor_async.py took 0.109 seconds
[2023-03-17T03:29:53.641+0000] {processor.py:153} INFO - Started process (PID=8335) to work on /home/airflow/.local/lib/python3.7/site-packages/airflow/example_dags/example_time_delta_sensor_async.py
[2023-03-17T03:29:53.642+0000] {processor.py:743} INFO - Processing file /home/airflow/.local/lib/python3.7/site-packages/airflow/example_dags/example_time_delta_sensor_async.py for tasks to queue
[2023-03-17T03:29:53.643+0000] {logging_mixin.py:137} INFO - [2023-03-17T03:29:53.643+0000] {dagbag.py:532} INFO - Filling up the DagBag from /home/airflow/.local/lib/python3.7/site-packages/airflow/example_dags/example_time_delta_sensor_async.py
[2023-03-17T03:29:53.658+0000] {processor.py:753} INFO - DAG(s) dict_keys(['example_time_delta_sensor_async']) retrieved from /home/airflow/.local/lib/python3.7/site-packages/airflow/example_dags/example_time_delta_sensor_async.py
[2023-03-17T03:29:53.688+0000] {logging_mixin.py:137} INFO - [2023-03-17T03:29:53.688+0000] {dag.py:2693} INFO - Sync 1 DAGs
[2023-03-17T03:29:53.722+0000] {logging_mixin.py:137} INFO - [2023-03-17T03:29:53.722+0000] {dag.py:3444} INFO - Setting next_dagrun for example_time_delta_sensor_async to None, run_after=None
[2023-03-17T03:29:53.747+0000] {processor.py:175} INFO - Processing /home/airflow/.local/lib/python3.7/site-packages/airflow/example_dags/example_time_delta_sensor_async.py took 0.110 seconds
[2023-03-17T03:30:24.260+0000] {processor.py:153} INFO - Started process (PID=8552) to work on /home/airflow/.local/lib/python3.7/site-packages/airflow/example_dags/example_time_delta_sensor_async.py
[2023-03-17T03:30:24.261+0000] {processor.py:743} INFO - Processing file /home/airflow/.local/lib/python3.7/site-packages/airflow/example_dags/example_time_delta_sensor_async.py for tasks to queue
[2023-03-17T03:30:24.263+0000] {logging_mixin.py:137} INFO - [2023-03-17T03:30:24.262+0000] {dagbag.py:532} INFO - Filling up the DagBag from /home/airflow/.local/lib/python3.7/site-packages/airflow/example_dags/example_time_delta_sensor_async.py
[2023-03-17T03:30:24.278+0000] {processor.py:753} INFO - DAG(s) dict_keys(['example_time_delta_sensor_async']) retrieved from /home/airflow/.local/lib/python3.7/site-packages/airflow/example_dags/example_time_delta_sensor_async.py
[2023-03-17T03:30:24.306+0000] {logging_mixin.py:137} INFO - [2023-03-17T03:30:24.306+0000] {dag.py:2693} INFO - Sync 1 DAGs
[2023-03-17T03:30:24.337+0000] {logging_mixin.py:137} INFO - [2023-03-17T03:30:24.337+0000] {dag.py:3444} INFO - Setting next_dagrun for example_time_delta_sensor_async to None, run_after=None
[2023-03-17T03:30:24.458+0000] {processor.py:175} INFO - Processing /home/airflow/.local/lib/python3.7/site-packages/airflow/example_dags/example_time_delta_sensor_async.py took 0.202 seconds
[2023-03-17T03:30:54.769+0000] {processor.py:153} INFO - Started process (PID=8769) to work on /home/airflow/.local/lib/python3.7/site-packages/airflow/example_dags/example_time_delta_sensor_async.py
[2023-03-17T03:30:54.770+0000] {processor.py:743} INFO - Processing file /home/airflow/.local/lib/python3.7/site-packages/airflow/example_dags/example_time_delta_sensor_async.py for tasks to queue
[2023-03-17T03:30:54.771+0000] {logging_mixin.py:137} INFO - [2023-03-17T03:30:54.771+0000] {dagbag.py:532} INFO - Filling up the DagBag from /home/airflow/.local/lib/python3.7/site-packages/airflow/example_dags/example_time_delta_sensor_async.py
[2023-03-17T03:30:54.785+0000] {processor.py:753} INFO - DAG(s) dict_keys(['example_time_delta_sensor_async']) retrieved from /home/airflow/.local/lib/python3.7/site-packages/airflow/example_dags/example_time_delta_sensor_async.py
[2023-03-17T03:30:54.813+0000] {logging_mixin.py:137} INFO - [2023-03-17T03:30:54.813+0000] {dag.py:2693} INFO - Sync 1 DAGs
[2023-03-17T03:30:54.845+0000] {logging_mixin.py:137} INFO - [2023-03-17T03:30:54.845+0000] {dag.py:3444} INFO - Setting next_dagrun for example_time_delta_sensor_async to None, run_after=None
[2023-03-17T03:30:54.872+0000] {processor.py:175} INFO - Processing /home/airflow/.local/lib/python3.7/site-packages/airflow/example_dags/example_time_delta_sensor_async.py took 0.106 seconds
[2023-03-17T03:31:25.094+0000] {processor.py:153} INFO - Started process (PID=8988) to work on /home/airflow/.local/lib/python3.7/site-packages/airflow/example_dags/example_time_delta_sensor_async.py
[2023-03-17T03:31:25.095+0000] {processor.py:743} INFO - Processing file /home/airflow/.local/lib/python3.7/site-packages/airflow/example_dags/example_time_delta_sensor_async.py for tasks to queue
[2023-03-17T03:31:25.096+0000] {logging_mixin.py:137} INFO - [2023-03-17T03:31:25.096+0000] {dagbag.py:532} INFO - Filling up the DagBag from /home/airflow/.local/lib/python3.7/site-packages/airflow/example_dags/example_time_delta_sensor_async.py
[2023-03-17T03:31:25.109+0000] {processor.py:753} INFO - DAG(s) dict_keys(['example_time_delta_sensor_async']) retrieved from /home/airflow/.local/lib/python3.7/site-packages/airflow/example_dags/example_time_delta_sensor_async.py
[2023-03-17T03:31:25.140+0000] {logging_mixin.py:137} INFO - [2023-03-17T03:31:25.140+0000] {dag.py:2693} INFO - Sync 1 DAGs
[2023-03-17T03:31:25.170+0000] {logging_mixin.py:137} INFO - [2023-03-17T03:31:25.170+0000] {dag.py:3444} INFO - Setting next_dagrun for example_time_delta_sensor_async to None, run_after=None
[2023-03-17T03:31:25.195+0000] {processor.py:175} INFO - Processing /home/airflow/.local/lib/python3.7/site-packages/airflow/example_dags/example_time_delta_sensor_async.py took 0.104 seconds
[2023-03-17T03:31:55.447+0000] {processor.py:153} INFO - Started process (PID=9203) to work on /home/airflow/.local/lib/python3.7/site-packages/airflow/example_dags/example_time_delta_sensor_async.py
[2023-03-17T03:31:55.448+0000] {processor.py:743} INFO - Processing file /home/airflow/.local/lib/python3.7/site-packages/airflow/example_dags/example_time_delta_sensor_async.py for tasks to queue
[2023-03-17T03:31:55.449+0000] {logging_mixin.py:137} INFO - [2023-03-17T03:31:55.449+0000] {dagbag.py:532} INFO - Filling up the DagBag from /home/airflow/.local/lib/python3.7/site-packages/airflow/example_dags/example_time_delta_sensor_async.py
[2023-03-17T03:31:55.464+0000] {processor.py:753} INFO - DAG(s) dict_keys(['example_time_delta_sensor_async']) retrieved from /home/airflow/.local/lib/python3.7/site-packages/airflow/example_dags/example_time_delta_sensor_async.py
[2023-03-17T03:31:55.494+0000] {logging_mixin.py:137} INFO - [2023-03-17T03:31:55.494+0000] {dag.py:2693} INFO - Sync 1 DAGs
[2023-03-17T03:31:55.526+0000] {logging_mixin.py:137} INFO - [2023-03-17T03:31:55.525+0000] {dag.py:3444} INFO - Setting next_dagrun for example_time_delta_sensor_async to None, run_after=None
[2023-03-17T03:31:55.552+0000] {processor.py:175} INFO - Processing /home/airflow/.local/lib/python3.7/site-packages/airflow/example_dags/example_time_delta_sensor_async.py took 0.109 seconds
[2023-03-17T03:32:25.888+0000] {processor.py:153} INFO - Started process (PID=9420) to work on /home/airflow/.local/lib/python3.7/site-packages/airflow/example_dags/example_time_delta_sensor_async.py
[2023-03-17T03:32:25.890+0000] {processor.py:743} INFO - Processing file /home/airflow/.local/lib/python3.7/site-packages/airflow/example_dags/example_time_delta_sensor_async.py for tasks to queue
[2023-03-17T03:32:25.891+0000] {logging_mixin.py:137} INFO - [2023-03-17T03:32:25.891+0000] {dagbag.py:532} INFO - Filling up the DagBag from /home/airflow/.local/lib/python3.7/site-packages/airflow/example_dags/example_time_delta_sensor_async.py
[2023-03-17T03:32:25.911+0000] {processor.py:753} INFO - DAG(s) dict_keys(['example_time_delta_sensor_async']) retrieved from /home/airflow/.local/lib/python3.7/site-packages/airflow/example_dags/example_time_delta_sensor_async.py
[2023-03-17T03:32:25.945+0000] {logging_mixin.py:137} INFO - [2023-03-17T03:32:25.944+0000] {dag.py:2693} INFO - Sync 1 DAGs
[2023-03-17T03:32:25.988+0000] {logging_mixin.py:137} INFO - [2023-03-17T03:32:25.988+0000] {dag.py:3444} INFO - Setting next_dagrun for example_time_delta_sensor_async to None, run_after=None
[2023-03-17T03:32:26.026+0000] {processor.py:175} INFO - Processing /home/airflow/.local/lib/python3.7/site-packages/airflow/example_dags/example_time_delta_sensor_async.py took 0.142 seconds
[2023-03-17T03:32:56.719+0000] {processor.py:153} INFO - Started process (PID=9637) to work on /home/airflow/.local/lib/python3.7/site-packages/airflow/example_dags/example_time_delta_sensor_async.py
[2023-03-17T03:32:56.721+0000] {processor.py:743} INFO - Processing file /home/airflow/.local/lib/python3.7/site-packages/airflow/example_dags/example_time_delta_sensor_async.py for tasks to queue
[2023-03-17T03:32:56.722+0000] {logging_mixin.py:137} INFO - [2023-03-17T03:32:56.721+0000] {dagbag.py:532} INFO - Filling up the DagBag from /home/airflow/.local/lib/python3.7/site-packages/airflow/example_dags/example_time_delta_sensor_async.py
[2023-03-17T03:32:56.736+0000] {processor.py:753} INFO - DAG(s) dict_keys(['example_time_delta_sensor_async']) retrieved from /home/airflow/.local/lib/python3.7/site-packages/airflow/example_dags/example_time_delta_sensor_async.py
[2023-03-17T03:32:56.772+0000] {logging_mixin.py:137} INFO - [2023-03-17T03:32:56.772+0000] {dag.py:2693} INFO - Sync 1 DAGs
[2023-03-17T03:32:56.810+0000] {logging_mixin.py:137} INFO - [2023-03-17T03:32:56.810+0000] {dag.py:3444} INFO - Setting next_dagrun for example_time_delta_sensor_async to None, run_after=None
[2023-03-17T03:32:56.839+0000] {processor.py:175} INFO - Processing /home/airflow/.local/lib/python3.7/site-packages/airflow/example_dags/example_time_delta_sensor_async.py took 0.124 seconds
[2023-03-17T03:33:27.461+0000] {processor.py:153} INFO - Started process (PID=9855) to work on /home/airflow/.local/lib/python3.7/site-packages/airflow/example_dags/example_time_delta_sensor_async.py
[2023-03-17T03:33:27.463+0000] {processor.py:743} INFO - Processing file /home/airflow/.local/lib/python3.7/site-packages/airflow/example_dags/example_time_delta_sensor_async.py for tasks to queue
[2023-03-17T03:33:27.464+0000] {logging_mixin.py:137} INFO - [2023-03-17T03:33:27.464+0000] {dagbag.py:532} INFO - Filling up the DagBag from /home/airflow/.local/lib/python3.7/site-packages/airflow/example_dags/example_time_delta_sensor_async.py
[2023-03-17T03:33:27.478+0000] {processor.py:753} INFO - DAG(s) dict_keys(['example_time_delta_sensor_async']) retrieved from /home/airflow/.local/lib/python3.7/site-packages/airflow/example_dags/example_time_delta_sensor_async.py
[2023-03-17T03:33:27.507+0000] {logging_mixin.py:137} INFO - [2023-03-17T03:33:27.507+0000] {dag.py:2693} INFO - Sync 1 DAGs
[2023-03-17T03:33:27.539+0000] {logging_mixin.py:137} INFO - [2023-03-17T03:33:27.539+0000] {dag.py:3444} INFO - Setting next_dagrun for example_time_delta_sensor_async to None, run_after=None
[2023-03-17T03:33:27.565+0000] {processor.py:175} INFO - Processing /home/airflow/.local/lib/python3.7/site-packages/airflow/example_dags/example_time_delta_sensor_async.py took 0.108 seconds
[2023-03-17T03:33:57.980+0000] {processor.py:153} INFO - Started process (PID=10072) to work on /home/airflow/.local/lib/python3.7/site-packages/airflow/example_dags/example_time_delta_sensor_async.py
[2023-03-17T03:33:57.981+0000] {processor.py:743} INFO - Processing file /home/airflow/.local/lib/python3.7/site-packages/airflow/example_dags/example_time_delta_sensor_async.py for tasks to queue
[2023-03-17T03:33:57.982+0000] {logging_mixin.py:137} INFO - [2023-03-17T03:33:57.982+0000] {dagbag.py:532} INFO - Filling up the DagBag from /home/airflow/.local/lib/python3.7/site-packages/airflow/example_dags/example_time_delta_sensor_async.py
[2023-03-17T03:33:57.998+0000] {processor.py:753} INFO - DAG(s) dict_keys(['example_time_delta_sensor_async']) retrieved from /home/airflow/.local/lib/python3.7/site-packages/airflow/example_dags/example_time_delta_sensor_async.py
[2023-03-17T03:33:58.027+0000] {logging_mixin.py:137} INFO - [2023-03-17T03:33:58.027+0000] {dag.py:2693} INFO - Sync 1 DAGs
[2023-03-17T03:33:58.060+0000] {logging_mixin.py:137} INFO - [2023-03-17T03:33:58.060+0000] {dag.py:3444} INFO - Setting next_dagrun for example_time_delta_sensor_async to None, run_after=None
[2023-03-17T03:33:58.086+0000] {processor.py:175} INFO - Processing /home/airflow/.local/lib/python3.7/site-packages/airflow/example_dags/example_time_delta_sensor_async.py took 0.110 seconds
[2023-03-17T03:34:28.643+0000] {processor.py:153} INFO - Started process (PID=10290) to work on /home/airflow/.local/lib/python3.7/site-packages/airflow/example_dags/example_time_delta_sensor_async.py
[2023-03-17T03:34:28.644+0000] {processor.py:743} INFO - Processing file /home/airflow/.local/lib/python3.7/site-packages/airflow/example_dags/example_time_delta_sensor_async.py for tasks to queue
[2023-03-17T03:34:28.645+0000] {logging_mixin.py:137} INFO - [2023-03-17T03:34:28.645+0000] {dagbag.py:532} INFO - Filling up the DagBag from /home/airflow/.local/lib/python3.7/site-packages/airflow/example_dags/example_time_delta_sensor_async.py
[2023-03-17T03:34:28.660+0000] {processor.py:753} INFO - DAG(s) dict_keys(['example_time_delta_sensor_async']) retrieved from /home/airflow/.local/lib/python3.7/site-packages/airflow/example_dags/example_time_delta_sensor_async.py
[2023-03-17T03:34:28.689+0000] {logging_mixin.py:137} INFO - [2023-03-17T03:34:28.689+0000] {dag.py:2693} INFO - Sync 1 DAGs
[2023-03-17T03:34:28.722+0000] {logging_mixin.py:137} INFO - [2023-03-17T03:34:28.722+0000] {dag.py:3444} INFO - Setting next_dagrun for example_time_delta_sensor_async to None, run_after=None
[2023-03-17T03:34:28.750+0000] {processor.py:175} INFO - Processing /home/airflow/.local/lib/python3.7/site-packages/airflow/example_dags/example_time_delta_sensor_async.py took 0.112 seconds
