[2023-03-17T03:11:02.953+0000] {processor.py:153} INFO - Started process (PID=316) to work on /home/airflow/.local/lib/python3.7/site-packages/airflow/example_dags/example_task_group_decorator.py
[2023-03-17T03:11:02.955+0000] {processor.py:743} INFO - Processing file /home/airflow/.local/lib/python3.7/site-packages/airflow/example_dags/example_task_group_decorator.py for tasks to queue
[2023-03-17T03:11:02.956+0000] {logging_mixin.py:137} INFO - [2023-03-17T03:11:02.956+0000] {dagbag.py:532} INFO - Filling up the DagBag from /home/airflow/.local/lib/python3.7/site-packages/airflow/example_dags/example_task_group_decorator.py
[2023-03-17T03:11:03.022+0000] {processor.py:753} INFO - DAG(s) dict_keys(['example_task_group_decorator']) retrieved from /home/airflow/.local/lib/python3.7/site-packages/airflow/example_dags/example_task_group_decorator.py
[2023-03-17T03:11:03.096+0000] {logging_mixin.py:137} INFO - [2023-03-17T03:11:03.096+0000] {dag.py:2693} INFO - Sync 1 DAGs
[2023-03-17T03:11:03.304+0000] {logging_mixin.py:137} INFO - [2023-03-17T03:11:03.303+0000] {dag.py:3444} INFO - Setting next_dagrun for example_task_group_decorator to 2023-03-16T03:11:03.289552+00:00, run_after=2023-03-17T03:11:03.289552+00:00
[2023-03-17T03:11:03.411+0000] {processor.py:175} INFO - Processing /home/airflow/.local/lib/python3.7/site-packages/airflow/example_dags/example_task_group_decorator.py took 0.466 seconds
[2023-03-17T03:11:35.837+0000] {processor.py:153} INFO - Started process (PID=534) to work on /home/airflow/.local/lib/python3.7/site-packages/airflow/example_dags/example_task_group_decorator.py
[2023-03-17T03:11:35.841+0000] {processor.py:743} INFO - Processing file /home/airflow/.local/lib/python3.7/site-packages/airflow/example_dags/example_task_group_decorator.py for tasks to queue
[2023-03-17T03:11:35.842+0000] {logging_mixin.py:137} INFO - [2023-03-17T03:11:35.842+0000] {dagbag.py:532} INFO - Filling up the DagBag from /home/airflow/.local/lib/python3.7/site-packages/airflow/example_dags/example_task_group_decorator.py
[2023-03-17T03:11:35.900+0000] {processor.py:753} INFO - DAG(s) dict_keys(['example_task_group_decorator']) retrieved from /home/airflow/.local/lib/python3.7/site-packages/airflow/example_dags/example_task_group_decorator.py
[2023-03-17T03:11:35.961+0000] {logging_mixin.py:137} INFO - [2023-03-17T03:11:35.961+0000] {dag.py:2693} INFO - Sync 1 DAGs
[2023-03-17T03:11:36.016+0000] {logging_mixin.py:137} INFO - [2023-03-17T03:11:36.015+0000] {dag.py:3444} INFO - Setting next_dagrun for example_task_group_decorator to 2023-03-16T03:11:36.015134+00:00, run_after=2023-03-17T03:11:36.015134+00:00
[2023-03-17T03:11:36.060+0000] {processor.py:175} INFO - Processing /home/airflow/.local/lib/python3.7/site-packages/airflow/example_dags/example_task_group_decorator.py took 0.228 seconds
[2023-03-17T03:12:07.064+0000] {processor.py:153} INFO - Started process (PID=751) to work on /home/airflow/.local/lib/python3.7/site-packages/airflow/example_dags/example_task_group_decorator.py
[2023-03-17T03:12:07.065+0000] {processor.py:743} INFO - Processing file /home/airflow/.local/lib/python3.7/site-packages/airflow/example_dags/example_task_group_decorator.py for tasks to queue
[2023-03-17T03:12:07.067+0000] {logging_mixin.py:137} INFO - [2023-03-17T03:12:07.067+0000] {dagbag.py:532} INFO - Filling up the DagBag from /home/airflow/.local/lib/python3.7/site-packages/airflow/example_dags/example_task_group_decorator.py
[2023-03-17T03:12:07.125+0000] {processor.py:753} INFO - DAG(s) dict_keys(['example_task_group_decorator']) retrieved from /home/airflow/.local/lib/python3.7/site-packages/airflow/example_dags/example_task_group_decorator.py
[2023-03-17T03:12:07.188+0000] {logging_mixin.py:137} INFO - [2023-03-17T03:12:07.188+0000] {dag.py:2693} INFO - Sync 1 DAGs
[2023-03-17T03:12:07.251+0000] {logging_mixin.py:137} INFO - [2023-03-17T03:12:07.251+0000] {dag.py:3444} INFO - Setting next_dagrun for example_task_group_decorator to 2023-03-16T03:12:07.251339+00:00, run_after=2023-03-17T03:12:07.251339+00:00
[2023-03-17T03:12:07.321+0000] {processor.py:175} INFO - Processing /home/airflow/.local/lib/python3.7/site-packages/airflow/example_dags/example_task_group_decorator.py took 0.263 seconds
[2023-03-17T03:12:37.667+0000] {processor.py:153} INFO - Started process (PID=968) to work on /home/airflow/.local/lib/python3.7/site-packages/airflow/example_dags/example_task_group_decorator.py
[2023-03-17T03:12:37.668+0000] {processor.py:743} INFO - Processing file /home/airflow/.local/lib/python3.7/site-packages/airflow/example_dags/example_task_group_decorator.py for tasks to queue
[2023-03-17T03:12:37.668+0000] {logging_mixin.py:137} INFO - [2023-03-17T03:12:37.668+0000] {dagbag.py:532} INFO - Filling up the DagBag from /home/airflow/.local/lib/python3.7/site-packages/airflow/example_dags/example_task_group_decorator.py
[2023-03-17T03:12:37.708+0000] {processor.py:753} INFO - DAG(s) dict_keys(['example_task_group_decorator']) retrieved from /home/airflow/.local/lib/python3.7/site-packages/airflow/example_dags/example_task_group_decorator.py
[2023-03-17T03:12:37.744+0000] {logging_mixin.py:137} INFO - [2023-03-17T03:12:37.744+0000] {dag.py:2693} INFO - Sync 1 DAGs
[2023-03-17T03:12:37.776+0000] {logging_mixin.py:137} INFO - [2023-03-17T03:12:37.776+0000] {dag.py:3444} INFO - Setting next_dagrun for example_task_group_decorator to 2023-03-16T03:12:37.775789+00:00, run_after=2023-03-17T03:12:37.775789+00:00
[2023-03-17T03:12:37.814+0000] {processor.py:175} INFO - Processing /home/airflow/.local/lib/python3.7/site-packages/airflow/example_dags/example_task_group_decorator.py took 0.153 seconds
[2023-03-17T03:13:08.354+0000] {processor.py:153} INFO - Started process (PID=1185) to work on /home/airflow/.local/lib/python3.7/site-packages/airflow/example_dags/example_task_group_decorator.py
[2023-03-17T03:13:08.355+0000] {processor.py:743} INFO - Processing file /home/airflow/.local/lib/python3.7/site-packages/airflow/example_dags/example_task_group_decorator.py for tasks to queue
[2023-03-17T03:13:08.357+0000] {logging_mixin.py:137} INFO - [2023-03-17T03:13:08.356+0000] {dagbag.py:532} INFO - Filling up the DagBag from /home/airflow/.local/lib/python3.7/site-packages/airflow/example_dags/example_task_group_decorator.py
[2023-03-17T03:13:08.390+0000] {processor.py:753} INFO - DAG(s) dict_keys(['example_task_group_decorator']) retrieved from /home/airflow/.local/lib/python3.7/site-packages/airflow/example_dags/example_task_group_decorator.py
[2023-03-17T03:13:08.427+0000] {logging_mixin.py:137} INFO - [2023-03-17T03:13:08.427+0000] {dag.py:2693} INFO - Sync 1 DAGs
[2023-03-17T03:13:08.460+0000] {logging_mixin.py:137} INFO - [2023-03-17T03:13:08.460+0000] {dag.py:3444} INFO - Setting next_dagrun for example_task_group_decorator to 2023-03-16T03:13:08.459849+00:00, run_after=2023-03-17T03:13:08.459849+00:00
[2023-03-17T03:13:08.487+0000] {processor.py:175} INFO - Processing /home/airflow/.local/lib/python3.7/site-packages/airflow/example_dags/example_task_group_decorator.py took 0.137 seconds
[2023-03-17T03:13:38.930+0000] {processor.py:153} INFO - Started process (PID=1402) to work on /home/airflow/.local/lib/python3.7/site-packages/airflow/example_dags/example_task_group_decorator.py
[2023-03-17T03:13:38.931+0000] {processor.py:743} INFO - Processing file /home/airflow/.local/lib/python3.7/site-packages/airflow/example_dags/example_task_group_decorator.py for tasks to queue
[2023-03-17T03:13:38.932+0000] {logging_mixin.py:137} INFO - [2023-03-17T03:13:38.932+0000] {dagbag.py:532} INFO - Filling up the DagBag from /home/airflow/.local/lib/python3.7/site-packages/airflow/example_dags/example_task_group_decorator.py
[2023-03-17T03:13:38.966+0000] {processor.py:753} INFO - DAG(s) dict_keys(['example_task_group_decorator']) retrieved from /home/airflow/.local/lib/python3.7/site-packages/airflow/example_dags/example_task_group_decorator.py
[2023-03-17T03:13:39.006+0000] {logging_mixin.py:137} INFO - [2023-03-17T03:13:39.006+0000] {dag.py:2693} INFO - Sync 1 DAGs
[2023-03-17T03:13:39.041+0000] {logging_mixin.py:137} INFO - [2023-03-17T03:13:39.041+0000] {dag.py:3444} INFO - Setting next_dagrun for example_task_group_decorator to 2023-03-16T03:13:39.041555+00:00, run_after=2023-03-17T03:13:39.041555+00:00
[2023-03-17T03:13:39.066+0000] {processor.py:175} INFO - Processing /home/airflow/.local/lib/python3.7/site-packages/airflow/example_dags/example_task_group_decorator.py took 0.140 seconds
[2023-03-17T03:14:09.276+0000] {processor.py:153} INFO - Started process (PID=1619) to work on /home/airflow/.local/lib/python3.7/site-packages/airflow/example_dags/example_task_group_decorator.py
[2023-03-17T03:14:09.277+0000] {processor.py:743} INFO - Processing file /home/airflow/.local/lib/python3.7/site-packages/airflow/example_dags/example_task_group_decorator.py for tasks to queue
[2023-03-17T03:14:09.278+0000] {logging_mixin.py:137} INFO - [2023-03-17T03:14:09.278+0000] {dagbag.py:532} INFO - Filling up the DagBag from /home/airflow/.local/lib/python3.7/site-packages/airflow/example_dags/example_task_group_decorator.py
[2023-03-17T03:14:09.312+0000] {processor.py:753} INFO - DAG(s) dict_keys(['example_task_group_decorator']) retrieved from /home/airflow/.local/lib/python3.7/site-packages/airflow/example_dags/example_task_group_decorator.py
[2023-03-17T03:14:09.346+0000] {logging_mixin.py:137} INFO - [2023-03-17T03:14:09.346+0000] {dag.py:2693} INFO - Sync 1 DAGs
[2023-03-17T03:14:09.377+0000] {logging_mixin.py:137} INFO - [2023-03-17T03:14:09.377+0000] {dag.py:3444} INFO - Setting next_dagrun for example_task_group_decorator to 2023-03-16T03:14:09.376778+00:00, run_after=2023-03-17T03:14:09.376778+00:00
[2023-03-17T03:14:09.404+0000] {processor.py:175} INFO - Processing /home/airflow/.local/lib/python3.7/site-packages/airflow/example_dags/example_task_group_decorator.py took 0.131 seconds
[2023-03-17T03:14:39.647+0000] {processor.py:153} INFO - Started process (PID=1836) to work on /home/airflow/.local/lib/python3.7/site-packages/airflow/example_dags/example_task_group_decorator.py
[2023-03-17T03:14:39.648+0000] {processor.py:743} INFO - Processing file /home/airflow/.local/lib/python3.7/site-packages/airflow/example_dags/example_task_group_decorator.py for tasks to queue
[2023-03-17T03:14:39.649+0000] {logging_mixin.py:137} INFO - [2023-03-17T03:14:39.649+0000] {dagbag.py:532} INFO - Filling up the DagBag from /home/airflow/.local/lib/python3.7/site-packages/airflow/example_dags/example_task_group_decorator.py
[2023-03-17T03:14:39.684+0000] {processor.py:753} INFO - DAG(s) dict_keys(['example_task_group_decorator']) retrieved from /home/airflow/.local/lib/python3.7/site-packages/airflow/example_dags/example_task_group_decorator.py
[2023-03-17T03:14:39.719+0000] {logging_mixin.py:137} INFO - [2023-03-17T03:14:39.719+0000] {dag.py:2693} INFO - Sync 1 DAGs
[2023-03-17T03:14:39.752+0000] {logging_mixin.py:137} INFO - [2023-03-17T03:14:39.752+0000] {dag.py:3444} INFO - Setting next_dagrun for example_task_group_decorator to 2023-03-16T03:14:39.752197+00:00, run_after=2023-03-17T03:14:39.752197+00:00
[2023-03-17T03:14:39.779+0000] {processor.py:175} INFO - Processing /home/airflow/.local/lib/python3.7/site-packages/airflow/example_dags/example_task_group_decorator.py took 0.136 seconds
[2023-03-17T03:15:10.367+0000] {processor.py:153} INFO - Started process (PID=2053) to work on /home/airflow/.local/lib/python3.7/site-packages/airflow/example_dags/example_task_group_decorator.py
[2023-03-17T03:15:10.368+0000] {processor.py:743} INFO - Processing file /home/airflow/.local/lib/python3.7/site-packages/airflow/example_dags/example_task_group_decorator.py for tasks to queue
[2023-03-17T03:15:10.369+0000] {logging_mixin.py:137} INFO - [2023-03-17T03:15:10.369+0000] {dagbag.py:532} INFO - Filling up the DagBag from /home/airflow/.local/lib/python3.7/site-packages/airflow/example_dags/example_task_group_decorator.py
[2023-03-17T03:15:10.408+0000] {processor.py:753} INFO - DAG(s) dict_keys(['example_task_group_decorator']) retrieved from /home/airflow/.local/lib/python3.7/site-packages/airflow/example_dags/example_task_group_decorator.py
[2023-03-17T03:15:10.446+0000] {logging_mixin.py:137} INFO - [2023-03-17T03:15:10.445+0000] {dag.py:2693} INFO - Sync 1 DAGs
[2023-03-17T03:15:10.476+0000] {logging_mixin.py:137} INFO - [2023-03-17T03:15:10.476+0000] {dag.py:3444} INFO - Setting next_dagrun for example_task_group_decorator to 2023-03-16T03:15:10.476296+00:00, run_after=2023-03-17T03:15:10.476296+00:00
[2023-03-17T03:15:10.500+0000] {processor.py:175} INFO - Processing /home/airflow/.local/lib/python3.7/site-packages/airflow/example_dags/example_task_group_decorator.py took 0.137 seconds
[2023-03-17T03:15:40.764+0000] {processor.py:153} INFO - Started process (PID=2270) to work on /home/airflow/.local/lib/python3.7/site-packages/airflow/example_dags/example_task_group_decorator.py
[2023-03-17T03:15:40.765+0000] {processor.py:743} INFO - Processing file /home/airflow/.local/lib/python3.7/site-packages/airflow/example_dags/example_task_group_decorator.py for tasks to queue
[2023-03-17T03:15:40.766+0000] {logging_mixin.py:137} INFO - [2023-03-17T03:15:40.766+0000] {dagbag.py:532} INFO - Filling up the DagBag from /home/airflow/.local/lib/python3.7/site-packages/airflow/example_dags/example_task_group_decorator.py
[2023-03-17T03:15:40.800+0000] {processor.py:753} INFO - DAG(s) dict_keys(['example_task_group_decorator']) retrieved from /home/airflow/.local/lib/python3.7/site-packages/airflow/example_dags/example_task_group_decorator.py
[2023-03-17T03:15:40.834+0000] {logging_mixin.py:137} INFO - [2023-03-17T03:15:40.833+0000] {dag.py:2693} INFO - Sync 1 DAGs
[2023-03-17T03:15:40.865+0000] {logging_mixin.py:137} INFO - [2023-03-17T03:15:40.864+0000] {dag.py:3444} INFO - Setting next_dagrun for example_task_group_decorator to 2023-03-16T03:15:40.864726+00:00, run_after=2023-03-17T03:15:40.864726+00:00
[2023-03-17T03:15:40.895+0000] {processor.py:175} INFO - Processing /home/airflow/.local/lib/python3.7/site-packages/airflow/example_dags/example_task_group_decorator.py took 0.135 seconds
[2023-03-17T03:16:11.397+0000] {processor.py:153} INFO - Started process (PID=2488) to work on /home/airflow/.local/lib/python3.7/site-packages/airflow/example_dags/example_task_group_decorator.py
[2023-03-17T03:16:11.398+0000] {processor.py:743} INFO - Processing file /home/airflow/.local/lib/python3.7/site-packages/airflow/example_dags/example_task_group_decorator.py for tasks to queue
[2023-03-17T03:16:11.399+0000] {logging_mixin.py:137} INFO - [2023-03-17T03:16:11.399+0000] {dagbag.py:532} INFO - Filling up the DagBag from /home/airflow/.local/lib/python3.7/site-packages/airflow/example_dags/example_task_group_decorator.py
[2023-03-17T03:16:11.434+0000] {processor.py:753} INFO - DAG(s) dict_keys(['example_task_group_decorator']) retrieved from /home/airflow/.local/lib/python3.7/site-packages/airflow/example_dags/example_task_group_decorator.py
[2023-03-17T03:16:11.468+0000] {logging_mixin.py:137} INFO - [2023-03-17T03:16:11.468+0000] {dag.py:2693} INFO - Sync 1 DAGs
[2023-03-17T03:16:11.500+0000] {logging_mixin.py:137} INFO - [2023-03-17T03:16:11.499+0000] {dag.py:3444} INFO - Setting next_dagrun for example_task_group_decorator to 2023-03-16T03:16:11.499692+00:00, run_after=2023-03-17T03:16:11.499692+00:00
[2023-03-17T03:16:11.525+0000] {processor.py:175} INFO - Processing /home/airflow/.local/lib/python3.7/site-packages/airflow/example_dags/example_task_group_decorator.py took 0.132 seconds
[2023-03-17T03:16:42.002+0000] {processor.py:153} INFO - Started process (PID=2705) to work on /home/airflow/.local/lib/python3.7/site-packages/airflow/example_dags/example_task_group_decorator.py
[2023-03-17T03:16:42.003+0000] {processor.py:743} INFO - Processing file /home/airflow/.local/lib/python3.7/site-packages/airflow/example_dags/example_task_group_decorator.py for tasks to queue
[2023-03-17T03:16:42.004+0000] {logging_mixin.py:137} INFO - [2023-03-17T03:16:42.004+0000] {dagbag.py:532} INFO - Filling up the DagBag from /home/airflow/.local/lib/python3.7/site-packages/airflow/example_dags/example_task_group_decorator.py
[2023-03-17T03:16:42.038+0000] {processor.py:753} INFO - DAG(s) dict_keys(['example_task_group_decorator']) retrieved from /home/airflow/.local/lib/python3.7/site-packages/airflow/example_dags/example_task_group_decorator.py
[2023-03-17T03:16:42.077+0000] {logging_mixin.py:137} INFO - [2023-03-17T03:16:42.077+0000] {dag.py:2693} INFO - Sync 1 DAGs
[2023-03-17T03:16:42.114+0000] {logging_mixin.py:137} INFO - [2023-03-17T03:16:42.114+0000] {dag.py:3444} INFO - Setting next_dagrun for example_task_group_decorator to 2023-03-16T03:16:42.113901+00:00, run_after=2023-03-17T03:16:42.113901+00:00
[2023-03-17T03:16:42.145+0000] {processor.py:175} INFO - Processing /home/airflow/.local/lib/python3.7/site-packages/airflow/example_dags/example_task_group_decorator.py took 0.147 seconds
[2023-03-17T03:17:12.416+0000] {processor.py:153} INFO - Started process (PID=2922) to work on /home/airflow/.local/lib/python3.7/site-packages/airflow/example_dags/example_task_group_decorator.py
[2023-03-17T03:17:12.417+0000] {processor.py:743} INFO - Processing file /home/airflow/.local/lib/python3.7/site-packages/airflow/example_dags/example_task_group_decorator.py for tasks to queue
[2023-03-17T03:17:12.418+0000] {logging_mixin.py:137} INFO - [2023-03-17T03:17:12.418+0000] {dagbag.py:532} INFO - Filling up the DagBag from /home/airflow/.local/lib/python3.7/site-packages/airflow/example_dags/example_task_group_decorator.py
[2023-03-17T03:17:12.454+0000] {processor.py:753} INFO - DAG(s) dict_keys(['example_task_group_decorator']) retrieved from /home/airflow/.local/lib/python3.7/site-packages/airflow/example_dags/example_task_group_decorator.py
[2023-03-17T03:17:12.492+0000] {logging_mixin.py:137} INFO - [2023-03-17T03:17:12.492+0000] {dag.py:2693} INFO - Sync 1 DAGs
[2023-03-17T03:17:12.529+0000] {logging_mixin.py:137} INFO - [2023-03-17T03:17:12.529+0000] {dag.py:3444} INFO - Setting next_dagrun for example_task_group_decorator to 2023-03-16T03:17:12.529108+00:00, run_after=2023-03-17T03:17:12.529108+00:00
[2023-03-17T03:17:12.557+0000] {processor.py:175} INFO - Processing /home/airflow/.local/lib/python3.7/site-packages/airflow/example_dags/example_task_group_decorator.py took 0.146 seconds
[2023-03-17T03:17:43.010+0000] {processor.py:153} INFO - Started process (PID=3139) to work on /home/airflow/.local/lib/python3.7/site-packages/airflow/example_dags/example_task_group_decorator.py
[2023-03-17T03:17:43.012+0000] {processor.py:743} INFO - Processing file /home/airflow/.local/lib/python3.7/site-packages/airflow/example_dags/example_task_group_decorator.py for tasks to queue
[2023-03-17T03:17:43.013+0000] {logging_mixin.py:137} INFO - [2023-03-17T03:17:43.013+0000] {dagbag.py:532} INFO - Filling up the DagBag from /home/airflow/.local/lib/python3.7/site-packages/airflow/example_dags/example_task_group_decorator.py
[2023-03-17T03:17:43.046+0000] {processor.py:753} INFO - DAG(s) dict_keys(['example_task_group_decorator']) retrieved from /home/airflow/.local/lib/python3.7/site-packages/airflow/example_dags/example_task_group_decorator.py
[2023-03-17T03:17:43.080+0000] {logging_mixin.py:137} INFO - [2023-03-17T03:17:43.080+0000] {dag.py:2693} INFO - Sync 1 DAGs
[2023-03-17T03:17:43.111+0000] {logging_mixin.py:137} INFO - [2023-03-17T03:17:43.111+0000] {dag.py:3444} INFO - Setting next_dagrun for example_task_group_decorator to 2023-03-16T03:17:43.110811+00:00, run_after=2023-03-17T03:17:43.110811+00:00
[2023-03-17T03:17:43.139+0000] {processor.py:175} INFO - Processing /home/airflow/.local/lib/python3.7/site-packages/airflow/example_dags/example_task_group_decorator.py took 0.133 seconds
[2023-03-17T03:18:13.403+0000] {processor.py:153} INFO - Started process (PID=3356) to work on /home/airflow/.local/lib/python3.7/site-packages/airflow/example_dags/example_task_group_decorator.py
[2023-03-17T03:18:13.404+0000] {processor.py:743} INFO - Processing file /home/airflow/.local/lib/python3.7/site-packages/airflow/example_dags/example_task_group_decorator.py for tasks to queue
[2023-03-17T03:18:13.405+0000] {logging_mixin.py:137} INFO - [2023-03-17T03:18:13.405+0000] {dagbag.py:532} INFO - Filling up the DagBag from /home/airflow/.local/lib/python3.7/site-packages/airflow/example_dags/example_task_group_decorator.py
[2023-03-17T03:18:13.438+0000] {processor.py:753} INFO - DAG(s) dict_keys(['example_task_group_decorator']) retrieved from /home/airflow/.local/lib/python3.7/site-packages/airflow/example_dags/example_task_group_decorator.py
[2023-03-17T03:18:13.470+0000] {logging_mixin.py:137} INFO - [2023-03-17T03:18:13.470+0000] {dag.py:2693} INFO - Sync 1 DAGs
[2023-03-17T03:18:13.500+0000] {logging_mixin.py:137} INFO - [2023-03-17T03:18:13.500+0000] {dag.py:3444} INFO - Setting next_dagrun for example_task_group_decorator to 2023-03-16T03:18:13.500110+00:00, run_after=2023-03-17T03:18:13.500110+00:00
[2023-03-17T03:18:13.525+0000] {processor.py:175} INFO - Processing /home/airflow/.local/lib/python3.7/site-packages/airflow/example_dags/example_task_group_decorator.py took 0.126 seconds
[2023-03-17T03:18:43.977+0000] {processor.py:153} INFO - Started process (PID=3574) to work on /home/airflow/.local/lib/python3.7/site-packages/airflow/example_dags/example_task_group_decorator.py
[2023-03-17T03:18:43.978+0000] {processor.py:743} INFO - Processing file /home/airflow/.local/lib/python3.7/site-packages/airflow/example_dags/example_task_group_decorator.py for tasks to queue
[2023-03-17T03:18:43.979+0000] {logging_mixin.py:137} INFO - [2023-03-17T03:18:43.979+0000] {dagbag.py:532} INFO - Filling up the DagBag from /home/airflow/.local/lib/python3.7/site-packages/airflow/example_dags/example_task_group_decorator.py
[2023-03-17T03:18:44.013+0000] {processor.py:753} INFO - DAG(s) dict_keys(['example_task_group_decorator']) retrieved from /home/airflow/.local/lib/python3.7/site-packages/airflow/example_dags/example_task_group_decorator.py
[2023-03-17T03:18:44.047+0000] {logging_mixin.py:137} INFO - [2023-03-17T03:18:44.046+0000] {dag.py:2693} INFO - Sync 1 DAGs
[2023-03-17T03:18:44.078+0000] {logging_mixin.py:137} INFO - [2023-03-17T03:18:44.078+0000] {dag.py:3444} INFO - Setting next_dagrun for example_task_group_decorator to 2023-03-16T03:18:44.078428+00:00, run_after=2023-03-17T03:18:44.078428+00:00
[2023-03-17T03:18:44.104+0000] {processor.py:175} INFO - Processing /home/airflow/.local/lib/python3.7/site-packages/airflow/example_dags/example_task_group_decorator.py took 0.130 seconds
[2023-03-17T03:19:14.578+0000] {processor.py:153} INFO - Started process (PID=3793) to work on /home/airflow/.local/lib/python3.7/site-packages/airflow/example_dags/example_task_group_decorator.py
[2023-03-17T03:19:14.579+0000] {processor.py:743} INFO - Processing file /home/airflow/.local/lib/python3.7/site-packages/airflow/example_dags/example_task_group_decorator.py for tasks to queue
[2023-03-17T03:19:14.580+0000] {logging_mixin.py:137} INFO - [2023-03-17T03:19:14.580+0000] {dagbag.py:532} INFO - Filling up the DagBag from /home/airflow/.local/lib/python3.7/site-packages/airflow/example_dags/example_task_group_decorator.py
[2023-03-17T03:19:14.621+0000] {processor.py:753} INFO - DAG(s) dict_keys(['example_task_group_decorator']) retrieved from /home/airflow/.local/lib/python3.7/site-packages/airflow/example_dags/example_task_group_decorator.py
[2023-03-17T03:19:14.655+0000] {logging_mixin.py:137} INFO - [2023-03-17T03:19:14.655+0000] {dag.py:2693} INFO - Sync 1 DAGs
[2023-03-17T03:19:14.686+0000] {logging_mixin.py:137} INFO - [2023-03-17T03:19:14.686+0000] {dag.py:3444} INFO - Setting next_dagrun for example_task_group_decorator to 2023-03-16T03:19:14.685595+00:00, run_after=2023-03-17T03:19:14.685595+00:00
[2023-03-17T03:19:14.718+0000] {processor.py:175} INFO - Processing /home/airflow/.local/lib/python3.7/site-packages/airflow/example_dags/example_task_group_decorator.py took 0.144 seconds
[2023-03-17T03:19:45.153+0000] {processor.py:153} INFO - Started process (PID=4008) to work on /home/airflow/.local/lib/python3.7/site-packages/airflow/example_dags/example_task_group_decorator.py
[2023-03-17T03:19:45.154+0000] {processor.py:743} INFO - Processing file /home/airflow/.local/lib/python3.7/site-packages/airflow/example_dags/example_task_group_decorator.py for tasks to queue
[2023-03-17T03:19:45.155+0000] {logging_mixin.py:137} INFO - [2023-03-17T03:19:45.155+0000] {dagbag.py:532} INFO - Filling up the DagBag from /home/airflow/.local/lib/python3.7/site-packages/airflow/example_dags/example_task_group_decorator.py
[2023-03-17T03:19:45.189+0000] {processor.py:753} INFO - DAG(s) dict_keys(['example_task_group_decorator']) retrieved from /home/airflow/.local/lib/python3.7/site-packages/airflow/example_dags/example_task_group_decorator.py
[2023-03-17T03:19:45.223+0000] {logging_mixin.py:137} INFO - [2023-03-17T03:19:45.222+0000] {dag.py:2693} INFO - Sync 1 DAGs
[2023-03-17T03:19:45.252+0000] {logging_mixin.py:137} INFO - [2023-03-17T03:19:45.252+0000] {dag.py:3444} INFO - Setting next_dagrun for example_task_group_decorator to 2023-03-16T03:19:45.252496+00:00, run_after=2023-03-17T03:19:45.252496+00:00
[2023-03-17T03:19:45.280+0000] {processor.py:175} INFO - Processing /home/airflow/.local/lib/python3.7/site-packages/airflow/example_dags/example_task_group_decorator.py took 0.131 seconds
[2023-03-17T03:20:15.496+0000] {processor.py:153} INFO - Started process (PID=4225) to work on /home/airflow/.local/lib/python3.7/site-packages/airflow/example_dags/example_task_group_decorator.py
[2023-03-17T03:20:15.498+0000] {processor.py:743} INFO - Processing file /home/airflow/.local/lib/python3.7/site-packages/airflow/example_dags/example_task_group_decorator.py for tasks to queue
[2023-03-17T03:20:15.499+0000] {logging_mixin.py:137} INFO - [2023-03-17T03:20:15.499+0000] {dagbag.py:532} INFO - Filling up the DagBag from /home/airflow/.local/lib/python3.7/site-packages/airflow/example_dags/example_task_group_decorator.py
[2023-03-17T03:20:15.532+0000] {processor.py:753} INFO - DAG(s) dict_keys(['example_task_group_decorator']) retrieved from /home/airflow/.local/lib/python3.7/site-packages/airflow/example_dags/example_task_group_decorator.py
[2023-03-17T03:20:15.567+0000] {logging_mixin.py:137} INFO - [2023-03-17T03:20:15.567+0000] {dag.py:2693} INFO - Sync 1 DAGs
[2023-03-17T03:20:15.601+0000] {logging_mixin.py:137} INFO - [2023-03-17T03:20:15.601+0000] {dag.py:3444} INFO - Setting next_dagrun for example_task_group_decorator to 2023-03-16T03:20:15.600844+00:00, run_after=2023-03-17T03:20:15.600844+00:00
[2023-03-17T03:20:15.627+0000] {processor.py:175} INFO - Processing /home/airflow/.local/lib/python3.7/site-packages/airflow/example_dags/example_task_group_decorator.py took 0.134 seconds
[2023-03-17T03:20:45.942+0000] {processor.py:153} INFO - Started process (PID=4442) to work on /home/airflow/.local/lib/python3.7/site-packages/airflow/example_dags/example_task_group_decorator.py
[2023-03-17T03:20:45.943+0000] {processor.py:743} INFO - Processing file /home/airflow/.local/lib/python3.7/site-packages/airflow/example_dags/example_task_group_decorator.py for tasks to queue
[2023-03-17T03:20:45.945+0000] {logging_mixin.py:137} INFO - [2023-03-17T03:20:45.944+0000] {dagbag.py:532} INFO - Filling up the DagBag from /home/airflow/.local/lib/python3.7/site-packages/airflow/example_dags/example_task_group_decorator.py
[2023-03-17T03:20:45.994+0000] {processor.py:753} INFO - DAG(s) dict_keys(['example_task_group_decorator']) retrieved from /home/airflow/.local/lib/python3.7/site-packages/airflow/example_dags/example_task_group_decorator.py
[2023-03-17T03:20:46.038+0000] {logging_mixin.py:137} INFO - [2023-03-17T03:20:46.038+0000] {dag.py:2693} INFO - Sync 1 DAGs
[2023-03-17T03:20:46.072+0000] {logging_mixin.py:137} INFO - [2023-03-17T03:20:46.072+0000] {dag.py:3444} INFO - Setting next_dagrun for example_task_group_decorator to 2023-03-16T03:20:46.072133+00:00, run_after=2023-03-17T03:20:46.072133+00:00
[2023-03-17T03:20:46.098+0000] {processor.py:175} INFO - Processing /home/airflow/.local/lib/python3.7/site-packages/airflow/example_dags/example_task_group_decorator.py took 0.160 seconds
[2023-03-17T03:21:16.607+0000] {processor.py:153} INFO - Started process (PID=4661) to work on /home/airflow/.local/lib/python3.7/site-packages/airflow/example_dags/example_task_group_decorator.py
[2023-03-17T03:21:16.608+0000] {processor.py:743} INFO - Processing file /home/airflow/.local/lib/python3.7/site-packages/airflow/example_dags/example_task_group_decorator.py for tasks to queue
[2023-03-17T03:21:16.609+0000] {logging_mixin.py:137} INFO - [2023-03-17T03:21:16.609+0000] {dagbag.py:532} INFO - Filling up the DagBag from /home/airflow/.local/lib/python3.7/site-packages/airflow/example_dags/example_task_group_decorator.py
[2023-03-17T03:21:16.642+0000] {processor.py:753} INFO - DAG(s) dict_keys(['example_task_group_decorator']) retrieved from /home/airflow/.local/lib/python3.7/site-packages/airflow/example_dags/example_task_group_decorator.py
[2023-03-17T03:21:16.675+0000] {logging_mixin.py:137} INFO - [2023-03-17T03:21:16.675+0000] {dag.py:2693} INFO - Sync 1 DAGs
[2023-03-17T03:21:16.707+0000] {logging_mixin.py:137} INFO - [2023-03-17T03:21:16.707+0000] {dag.py:3444} INFO - Setting next_dagrun for example_task_group_decorator to 2023-03-16T03:21:16.707215+00:00, run_after=2023-03-17T03:21:16.707215+00:00
[2023-03-17T03:21:16.733+0000] {processor.py:175} INFO - Processing /home/airflow/.local/lib/python3.7/site-packages/airflow/example_dags/example_task_group_decorator.py took 0.129 seconds
[2023-03-17T03:21:47.251+0000] {processor.py:153} INFO - Started process (PID=4876) to work on /home/airflow/.local/lib/python3.7/site-packages/airflow/example_dags/example_task_group_decorator.py
[2023-03-17T03:21:47.252+0000] {processor.py:743} INFO - Processing file /home/airflow/.local/lib/python3.7/site-packages/airflow/example_dags/example_task_group_decorator.py for tasks to queue
[2023-03-17T03:21:47.253+0000] {logging_mixin.py:137} INFO - [2023-03-17T03:21:47.252+0000] {dagbag.py:532} INFO - Filling up the DagBag from /home/airflow/.local/lib/python3.7/site-packages/airflow/example_dags/example_task_group_decorator.py
[2023-03-17T03:21:47.285+0000] {processor.py:753} INFO - DAG(s) dict_keys(['example_task_group_decorator']) retrieved from /home/airflow/.local/lib/python3.7/site-packages/airflow/example_dags/example_task_group_decorator.py
[2023-03-17T03:21:47.320+0000] {logging_mixin.py:137} INFO - [2023-03-17T03:21:47.320+0000] {dag.py:2693} INFO - Sync 1 DAGs
[2023-03-17T03:21:47.355+0000] {logging_mixin.py:137} INFO - [2023-03-17T03:21:47.355+0000] {dag.py:3444} INFO - Setting next_dagrun for example_task_group_decorator to 2023-03-16T03:21:47.355048+00:00, run_after=2023-03-17T03:21:47.355048+00:00
[2023-03-17T03:21:47.382+0000] {processor.py:175} INFO - Processing /home/airflow/.local/lib/python3.7/site-packages/airflow/example_dags/example_task_group_decorator.py took 0.135 seconds
[2023-03-17T03:22:17.723+0000] {processor.py:153} INFO - Started process (PID=5095) to work on /home/airflow/.local/lib/python3.7/site-packages/airflow/example_dags/example_task_group_decorator.py
[2023-03-17T03:22:17.725+0000] {processor.py:743} INFO - Processing file /home/airflow/.local/lib/python3.7/site-packages/airflow/example_dags/example_task_group_decorator.py for tasks to queue
[2023-03-17T03:22:17.726+0000] {logging_mixin.py:137} INFO - [2023-03-17T03:22:17.726+0000] {dagbag.py:532} INFO - Filling up the DagBag from /home/airflow/.local/lib/python3.7/site-packages/airflow/example_dags/example_task_group_decorator.py
[2023-03-17T03:22:17.758+0000] {processor.py:753} INFO - DAG(s) dict_keys(['example_task_group_decorator']) retrieved from /home/airflow/.local/lib/python3.7/site-packages/airflow/example_dags/example_task_group_decorator.py
[2023-03-17T03:22:17.791+0000] {logging_mixin.py:137} INFO - [2023-03-17T03:22:17.791+0000] {dag.py:2693} INFO - Sync 1 DAGs
[2023-03-17T03:22:17.820+0000] {logging_mixin.py:137} INFO - [2023-03-17T03:22:17.819+0000] {dag.py:3444} INFO - Setting next_dagrun for example_task_group_decorator to 2023-03-16T03:22:17.819238+00:00, run_after=2023-03-17T03:22:17.819238+00:00
[2023-03-17T03:22:17.845+0000] {processor.py:175} INFO - Processing /home/airflow/.local/lib/python3.7/site-packages/airflow/example_dags/example_task_group_decorator.py took 0.125 seconds
[2023-03-17T03:22:48.025+0000] {processor.py:153} INFO - Started process (PID=5310) to work on /home/airflow/.local/lib/python3.7/site-packages/airflow/example_dags/example_task_group_decorator.py
[2023-03-17T03:22:48.026+0000] {processor.py:743} INFO - Processing file /home/airflow/.local/lib/python3.7/site-packages/airflow/example_dags/example_task_group_decorator.py for tasks to queue
[2023-03-17T03:22:48.028+0000] {logging_mixin.py:137} INFO - [2023-03-17T03:22:48.027+0000] {dagbag.py:532} INFO - Filling up the DagBag from /home/airflow/.local/lib/python3.7/site-packages/airflow/example_dags/example_task_group_decorator.py
[2023-03-17T03:22:48.061+0000] {processor.py:753} INFO - DAG(s) dict_keys(['example_task_group_decorator']) retrieved from /home/airflow/.local/lib/python3.7/site-packages/airflow/example_dags/example_task_group_decorator.py
[2023-03-17T03:22:48.098+0000] {logging_mixin.py:137} INFO - [2023-03-17T03:22:48.097+0000] {dag.py:2693} INFO - Sync 1 DAGs
[2023-03-17T03:22:48.135+0000] {logging_mixin.py:137} INFO - [2023-03-17T03:22:48.134+0000] {dag.py:3444} INFO - Setting next_dagrun for example_task_group_decorator to 2023-03-16T03:22:48.134723+00:00, run_after=2023-03-17T03:22:48.134723+00:00
[2023-03-17T03:22:48.161+0000] {processor.py:175} INFO - Processing /home/airflow/.local/lib/python3.7/site-packages/airflow/example_dags/example_task_group_decorator.py took 0.139 seconds
[2023-03-17T03:23:18.570+0000] {processor.py:153} INFO - Started process (PID=5528) to work on /home/airflow/.local/lib/python3.7/site-packages/airflow/example_dags/example_task_group_decorator.py
[2023-03-17T03:23:18.571+0000] {processor.py:743} INFO - Processing file /home/airflow/.local/lib/python3.7/site-packages/airflow/example_dags/example_task_group_decorator.py for tasks to queue
[2023-03-17T03:23:18.572+0000] {logging_mixin.py:137} INFO - [2023-03-17T03:23:18.572+0000] {dagbag.py:532} INFO - Filling up the DagBag from /home/airflow/.local/lib/python3.7/site-packages/airflow/example_dags/example_task_group_decorator.py
[2023-03-17T03:23:18.607+0000] {processor.py:753} INFO - DAG(s) dict_keys(['example_task_group_decorator']) retrieved from /home/airflow/.local/lib/python3.7/site-packages/airflow/example_dags/example_task_group_decorator.py
[2023-03-17T03:23:18.641+0000] {logging_mixin.py:137} INFO - [2023-03-17T03:23:18.641+0000] {dag.py:2693} INFO - Sync 1 DAGs
[2023-03-17T03:23:18.673+0000] {logging_mixin.py:137} INFO - [2023-03-17T03:23:18.673+0000] {dag.py:3444} INFO - Setting next_dagrun for example_task_group_decorator to 2023-03-16T03:23:18.673355+00:00, run_after=2023-03-17T03:23:18.673355+00:00
[2023-03-17T03:23:18.702+0000] {processor.py:175} INFO - Processing /home/airflow/.local/lib/python3.7/site-packages/airflow/example_dags/example_task_group_decorator.py took 0.135 seconds
[2023-03-17T03:23:48.961+0000] {processor.py:153} INFO - Started process (PID=5745) to work on /home/airflow/.local/lib/python3.7/site-packages/airflow/example_dags/example_task_group_decorator.py
[2023-03-17T03:23:48.962+0000] {processor.py:743} INFO - Processing file /home/airflow/.local/lib/python3.7/site-packages/airflow/example_dags/example_task_group_decorator.py for tasks to queue
[2023-03-17T03:23:48.963+0000] {logging_mixin.py:137} INFO - [2023-03-17T03:23:48.963+0000] {dagbag.py:532} INFO - Filling up the DagBag from /home/airflow/.local/lib/python3.7/site-packages/airflow/example_dags/example_task_group_decorator.py
[2023-03-17T03:23:48.998+0000] {processor.py:753} INFO - DAG(s) dict_keys(['example_task_group_decorator']) retrieved from /home/airflow/.local/lib/python3.7/site-packages/airflow/example_dags/example_task_group_decorator.py
[2023-03-17T03:23:49.032+0000] {logging_mixin.py:137} INFO - [2023-03-17T03:23:49.032+0000] {dag.py:2693} INFO - Sync 1 DAGs
[2023-03-17T03:23:49.063+0000] {logging_mixin.py:137} INFO - [2023-03-17T03:23:49.063+0000] {dag.py:3444} INFO - Setting next_dagrun for example_task_group_decorator to 2023-03-16T03:23:49.063403+00:00, run_after=2023-03-17T03:23:49.063403+00:00
[2023-03-17T03:23:49.089+0000] {processor.py:175} INFO - Processing /home/airflow/.local/lib/python3.7/site-packages/airflow/example_dags/example_task_group_decorator.py took 0.132 seconds
[2023-03-17T03:24:19.274+0000] {processor.py:153} INFO - Started process (PID=5962) to work on /home/airflow/.local/lib/python3.7/site-packages/airflow/example_dags/example_task_group_decorator.py
[2023-03-17T03:24:19.275+0000] {processor.py:743} INFO - Processing file /home/airflow/.local/lib/python3.7/site-packages/airflow/example_dags/example_task_group_decorator.py for tasks to queue
[2023-03-17T03:24:19.276+0000] {logging_mixin.py:137} INFO - [2023-03-17T03:24:19.276+0000] {dagbag.py:532} INFO - Filling up the DagBag from /home/airflow/.local/lib/python3.7/site-packages/airflow/example_dags/example_task_group_decorator.py
[2023-03-17T03:24:19.316+0000] {processor.py:753} INFO - DAG(s) dict_keys(['example_task_group_decorator']) retrieved from /home/airflow/.local/lib/python3.7/site-packages/airflow/example_dags/example_task_group_decorator.py
[2023-03-17T03:24:19.353+0000] {logging_mixin.py:137} INFO - [2023-03-17T03:24:19.352+0000] {dag.py:2693} INFO - Sync 1 DAGs
[2023-03-17T03:24:19.382+0000] {logging_mixin.py:137} INFO - [2023-03-17T03:24:19.382+0000] {dag.py:3444} INFO - Setting next_dagrun for example_task_group_decorator to 2023-03-16T03:24:19.382456+00:00, run_after=2023-03-17T03:24:19.382456+00:00
[2023-03-17T03:24:19.410+0000] {processor.py:175} INFO - Processing /home/airflow/.local/lib/python3.7/site-packages/airflow/example_dags/example_task_group_decorator.py took 0.140 seconds
[2023-03-17T03:24:49.775+0000] {processor.py:153} INFO - Started process (PID=6179) to work on /home/airflow/.local/lib/python3.7/site-packages/airflow/example_dags/example_task_group_decorator.py
[2023-03-17T03:24:49.776+0000] {processor.py:743} INFO - Processing file /home/airflow/.local/lib/python3.7/site-packages/airflow/example_dags/example_task_group_decorator.py for tasks to queue
[2023-03-17T03:24:49.777+0000] {logging_mixin.py:137} INFO - [2023-03-17T03:24:49.777+0000] {dagbag.py:532} INFO - Filling up the DagBag from /home/airflow/.local/lib/python3.7/site-packages/airflow/example_dags/example_task_group_decorator.py
[2023-03-17T03:24:49.818+0000] {processor.py:753} INFO - DAG(s) dict_keys(['example_task_group_decorator']) retrieved from /home/airflow/.local/lib/python3.7/site-packages/airflow/example_dags/example_task_group_decorator.py
[2023-03-17T03:24:49.851+0000] {logging_mixin.py:137} INFO - [2023-03-17T03:24:49.851+0000] {dag.py:2693} INFO - Sync 1 DAGs
[2023-03-17T03:24:49.883+0000] {logging_mixin.py:137} INFO - [2023-03-17T03:24:49.883+0000] {dag.py:3444} INFO - Setting next_dagrun for example_task_group_decorator to 2023-03-16T03:24:49.883429+00:00, run_after=2023-03-17T03:24:49.883429+00:00
[2023-03-17T03:24:49.912+0000] {processor.py:175} INFO - Processing /home/airflow/.local/lib/python3.7/site-packages/airflow/example_dags/example_task_group_decorator.py took 0.141 seconds
[2023-03-17T03:25:20.123+0000] {processor.py:153} INFO - Started process (PID=6396) to work on /home/airflow/.local/lib/python3.7/site-packages/airflow/example_dags/example_task_group_decorator.py
[2023-03-17T03:25:20.124+0000] {processor.py:743} INFO - Processing file /home/airflow/.local/lib/python3.7/site-packages/airflow/example_dags/example_task_group_decorator.py for tasks to queue
[2023-03-17T03:25:20.125+0000] {logging_mixin.py:137} INFO - [2023-03-17T03:25:20.125+0000] {dagbag.py:532} INFO - Filling up the DagBag from /home/airflow/.local/lib/python3.7/site-packages/airflow/example_dags/example_task_group_decorator.py
[2023-03-17T03:25:20.168+0000] {processor.py:753} INFO - DAG(s) dict_keys(['example_task_group_decorator']) retrieved from /home/airflow/.local/lib/python3.7/site-packages/airflow/example_dags/example_task_group_decorator.py
[2023-03-17T03:25:20.244+0000] {logging_mixin.py:137} INFO - [2023-03-17T03:25:20.244+0000] {dag.py:2693} INFO - Sync 1 DAGs
[2023-03-17T03:25:20.289+0000] {logging_mixin.py:137} INFO - [2023-03-17T03:25:20.289+0000] {dag.py:3444} INFO - Setting next_dagrun for example_task_group_decorator to 2023-03-16T03:25:20.288750+00:00, run_after=2023-03-17T03:25:20.288750+00:00
[2023-03-17T03:25:20.315+0000] {processor.py:175} INFO - Processing /home/airflow/.local/lib/python3.7/site-packages/airflow/example_dags/example_task_group_decorator.py took 0.196 seconds
[2023-03-17T03:25:50.566+0000] {processor.py:153} INFO - Started process (PID=6613) to work on /home/airflow/.local/lib/python3.7/site-packages/airflow/example_dags/example_task_group_decorator.py
[2023-03-17T03:25:50.567+0000] {processor.py:743} INFO - Processing file /home/airflow/.local/lib/python3.7/site-packages/airflow/example_dags/example_task_group_decorator.py for tasks to queue
[2023-03-17T03:25:50.568+0000] {logging_mixin.py:137} INFO - [2023-03-17T03:25:50.568+0000] {dagbag.py:532} INFO - Filling up the DagBag from /home/airflow/.local/lib/python3.7/site-packages/airflow/example_dags/example_task_group_decorator.py
[2023-03-17T03:25:50.601+0000] {processor.py:753} INFO - DAG(s) dict_keys(['example_task_group_decorator']) retrieved from /home/airflow/.local/lib/python3.7/site-packages/airflow/example_dags/example_task_group_decorator.py
[2023-03-17T03:25:50.638+0000] {logging_mixin.py:137} INFO - [2023-03-17T03:25:50.637+0000] {dag.py:2693} INFO - Sync 1 DAGs
[2023-03-17T03:25:50.674+0000] {logging_mixin.py:137} INFO - [2023-03-17T03:25:50.673+0000] {dag.py:3444} INFO - Setting next_dagrun for example_task_group_decorator to 2023-03-16T03:25:50.673664+00:00, run_after=2023-03-17T03:25:50.673664+00:00
[2023-03-17T03:25:50.699+0000] {processor.py:175} INFO - Processing /home/airflow/.local/lib/python3.7/site-packages/airflow/example_dags/example_task_group_decorator.py took 0.137 seconds
[2023-03-17T03:26:21.247+0000] {processor.py:153} INFO - Started process (PID=6830) to work on /home/airflow/.local/lib/python3.7/site-packages/airflow/example_dags/example_task_group_decorator.py
[2023-03-17T03:26:21.249+0000] {processor.py:743} INFO - Processing file /home/airflow/.local/lib/python3.7/site-packages/airflow/example_dags/example_task_group_decorator.py for tasks to queue
[2023-03-17T03:26:21.252+0000] {logging_mixin.py:137} INFO - [2023-03-17T03:26:21.251+0000] {dagbag.py:532} INFO - Filling up the DagBag from /home/airflow/.local/lib/python3.7/site-packages/airflow/example_dags/example_task_group_decorator.py
[2023-03-17T03:26:21.294+0000] {processor.py:753} INFO - DAG(s) dict_keys(['example_task_group_decorator']) retrieved from /home/airflow/.local/lib/python3.7/site-packages/airflow/example_dags/example_task_group_decorator.py
[2023-03-17T03:26:21.333+0000] {logging_mixin.py:137} INFO - [2023-03-17T03:26:21.333+0000] {dag.py:2693} INFO - Sync 1 DAGs
[2023-03-17T03:26:21.365+0000] {logging_mixin.py:137} INFO - [2023-03-17T03:26:21.365+0000] {dag.py:3444} INFO - Setting next_dagrun for example_task_group_decorator to 2023-03-16T03:26:21.364933+00:00, run_after=2023-03-17T03:26:21.364933+00:00
[2023-03-17T03:26:21.390+0000] {processor.py:175} INFO - Processing /home/airflow/.local/lib/python3.7/site-packages/airflow/example_dags/example_task_group_decorator.py took 0.152 seconds
[2023-03-17T03:26:51.524+0000] {processor.py:153} INFO - Started process (PID=7047) to work on /home/airflow/.local/lib/python3.7/site-packages/airflow/example_dags/example_task_group_decorator.py
[2023-03-17T03:26:51.525+0000] {processor.py:743} INFO - Processing file /home/airflow/.local/lib/python3.7/site-packages/airflow/example_dags/example_task_group_decorator.py for tasks to queue
[2023-03-17T03:26:51.527+0000] {logging_mixin.py:137} INFO - [2023-03-17T03:26:51.527+0000] {dagbag.py:532} INFO - Filling up the DagBag from /home/airflow/.local/lib/python3.7/site-packages/airflow/example_dags/example_task_group_decorator.py
[2023-03-17T03:26:51.563+0000] {processor.py:753} INFO - DAG(s) dict_keys(['example_task_group_decorator']) retrieved from /home/airflow/.local/lib/python3.7/site-packages/airflow/example_dags/example_task_group_decorator.py
[2023-03-17T03:26:51.597+0000] {logging_mixin.py:137} INFO - [2023-03-17T03:26:51.597+0000] {dag.py:2693} INFO - Sync 1 DAGs
[2023-03-17T03:26:51.637+0000] {logging_mixin.py:137} INFO - [2023-03-17T03:26:51.637+0000] {dag.py:3444} INFO - Setting next_dagrun for example_task_group_decorator to 2023-03-16T03:26:51.636636+00:00, run_after=2023-03-17T03:26:51.636636+00:00
[2023-03-17T03:26:51.662+0000] {processor.py:175} INFO - Processing /home/airflow/.local/lib/python3.7/site-packages/airflow/example_dags/example_task_group_decorator.py took 0.141 seconds
[2023-03-17T03:27:21.918+0000] {processor.py:153} INFO - Started process (PID=7264) to work on /home/airflow/.local/lib/python3.7/site-packages/airflow/example_dags/example_task_group_decorator.py
[2023-03-17T03:27:21.920+0000] {processor.py:743} INFO - Processing file /home/airflow/.local/lib/python3.7/site-packages/airflow/example_dags/example_task_group_decorator.py for tasks to queue
[2023-03-17T03:27:21.921+0000] {logging_mixin.py:137} INFO - [2023-03-17T03:27:21.921+0000] {dagbag.py:532} INFO - Filling up the DagBag from /home/airflow/.local/lib/python3.7/site-packages/airflow/example_dags/example_task_group_decorator.py
[2023-03-17T03:27:21.956+0000] {processor.py:753} INFO - DAG(s) dict_keys(['example_task_group_decorator']) retrieved from /home/airflow/.local/lib/python3.7/site-packages/airflow/example_dags/example_task_group_decorator.py
[2023-03-17T03:27:21.991+0000] {logging_mixin.py:137} INFO - [2023-03-17T03:27:21.991+0000] {dag.py:2693} INFO - Sync 1 DAGs
[2023-03-17T03:27:22.024+0000] {logging_mixin.py:137} INFO - [2023-03-17T03:27:22.024+0000] {dag.py:3444} INFO - Setting next_dagrun for example_task_group_decorator to 2023-03-16T03:27:22.024414+00:00, run_after=2023-03-17T03:27:22.024414+00:00
[2023-03-17T03:27:22.056+0000] {processor.py:175} INFO - Processing /home/airflow/.local/lib/python3.7/site-packages/airflow/example_dags/example_task_group_decorator.py took 0.141 seconds
[2023-03-17T03:27:52.320+0000] {processor.py:153} INFO - Started process (PID=7481) to work on /home/airflow/.local/lib/python3.7/site-packages/airflow/example_dags/example_task_group_decorator.py
[2023-03-17T03:27:52.322+0000] {processor.py:743} INFO - Processing file /home/airflow/.local/lib/python3.7/site-packages/airflow/example_dags/example_task_group_decorator.py for tasks to queue
[2023-03-17T03:27:52.323+0000] {logging_mixin.py:137} INFO - [2023-03-17T03:27:52.323+0000] {dagbag.py:532} INFO - Filling up the DagBag from /home/airflow/.local/lib/python3.7/site-packages/airflow/example_dags/example_task_group_decorator.py
[2023-03-17T03:27:52.357+0000] {processor.py:753} INFO - DAG(s) dict_keys(['example_task_group_decorator']) retrieved from /home/airflow/.local/lib/python3.7/site-packages/airflow/example_dags/example_task_group_decorator.py
[2023-03-17T03:27:52.392+0000] {logging_mixin.py:137} INFO - [2023-03-17T03:27:52.392+0000] {dag.py:2693} INFO - Sync 1 DAGs
[2023-03-17T03:27:52.425+0000] {logging_mixin.py:137} INFO - [2023-03-17T03:27:52.425+0000] {dag.py:3444} INFO - Setting next_dagrun for example_task_group_decorator to 2023-03-16T03:27:52.425016+00:00, run_after=2023-03-17T03:27:52.425016+00:00
[2023-03-17T03:27:52.451+0000] {processor.py:175} INFO - Processing /home/airflow/.local/lib/python3.7/site-packages/airflow/example_dags/example_task_group_decorator.py took 0.135 seconds
[2023-03-17T03:28:22.647+0000] {processor.py:153} INFO - Started process (PID=7698) to work on /home/airflow/.local/lib/python3.7/site-packages/airflow/example_dags/example_task_group_decorator.py
[2023-03-17T03:28:22.648+0000] {processor.py:743} INFO - Processing file /home/airflow/.local/lib/python3.7/site-packages/airflow/example_dags/example_task_group_decorator.py for tasks to queue
[2023-03-17T03:28:22.649+0000] {logging_mixin.py:137} INFO - [2023-03-17T03:28:22.649+0000] {dagbag.py:532} INFO - Filling up the DagBag from /home/airflow/.local/lib/python3.7/site-packages/airflow/example_dags/example_task_group_decorator.py
[2023-03-17T03:28:22.683+0000] {processor.py:753} INFO - DAG(s) dict_keys(['example_task_group_decorator']) retrieved from /home/airflow/.local/lib/python3.7/site-packages/airflow/example_dags/example_task_group_decorator.py
[2023-03-17T03:28:22.719+0000] {logging_mixin.py:137} INFO - [2023-03-17T03:28:22.719+0000] {dag.py:2693} INFO - Sync 1 DAGs
[2023-03-17T03:28:22.754+0000] {logging_mixin.py:137} INFO - [2023-03-17T03:28:22.754+0000] {dag.py:3444} INFO - Setting next_dagrun for example_task_group_decorator to 2023-03-16T03:28:22.753948+00:00, run_after=2023-03-17T03:28:22.753948+00:00
[2023-03-17T03:28:22.782+0000] {processor.py:175} INFO - Processing /home/airflow/.local/lib/python3.7/site-packages/airflow/example_dags/example_task_group_decorator.py took 0.139 seconds
[2023-03-17T03:28:53.112+0000] {processor.py:153} INFO - Started process (PID=7915) to work on /home/airflow/.local/lib/python3.7/site-packages/airflow/example_dags/example_task_group_decorator.py
[2023-03-17T03:28:53.113+0000] {processor.py:743} INFO - Processing file /home/airflow/.local/lib/python3.7/site-packages/airflow/example_dags/example_task_group_decorator.py for tasks to queue
[2023-03-17T03:28:53.114+0000] {logging_mixin.py:137} INFO - [2023-03-17T03:28:53.114+0000] {dagbag.py:532} INFO - Filling up the DagBag from /home/airflow/.local/lib/python3.7/site-packages/airflow/example_dags/example_task_group_decorator.py
[2023-03-17T03:28:53.147+0000] {processor.py:753} INFO - DAG(s) dict_keys(['example_task_group_decorator']) retrieved from /home/airflow/.local/lib/python3.7/site-packages/airflow/example_dags/example_task_group_decorator.py
[2023-03-17T03:28:53.185+0000] {logging_mixin.py:137} INFO - [2023-03-17T03:28:53.184+0000] {dag.py:2693} INFO - Sync 1 DAGs
[2023-03-17T03:28:53.221+0000] {logging_mixin.py:137} INFO - [2023-03-17T03:28:53.221+0000] {dag.py:3444} INFO - Setting next_dagrun for example_task_group_decorator to 2023-03-16T03:28:53.220854+00:00, run_after=2023-03-17T03:28:53.220854+00:00
[2023-03-17T03:28:53.247+0000] {processor.py:175} INFO - Processing /home/airflow/.local/lib/python3.7/site-packages/airflow/example_dags/example_task_group_decorator.py took 0.139 seconds
[2023-03-17T03:29:23.543+0000] {processor.py:153} INFO - Started process (PID=8133) to work on /home/airflow/.local/lib/python3.7/site-packages/airflow/example_dags/example_task_group_decorator.py
[2023-03-17T03:29:23.544+0000] {processor.py:743} INFO - Processing file /home/airflow/.local/lib/python3.7/site-packages/airflow/example_dags/example_task_group_decorator.py for tasks to queue
[2023-03-17T03:29:23.545+0000] {logging_mixin.py:137} INFO - [2023-03-17T03:29:23.545+0000] {dagbag.py:532} INFO - Filling up the DagBag from /home/airflow/.local/lib/python3.7/site-packages/airflow/example_dags/example_task_group_decorator.py
[2023-03-17T03:29:23.580+0000] {processor.py:753} INFO - DAG(s) dict_keys(['example_task_group_decorator']) retrieved from /home/airflow/.local/lib/python3.7/site-packages/airflow/example_dags/example_task_group_decorator.py
[2023-03-17T03:29:23.615+0000] {logging_mixin.py:137} INFO - [2023-03-17T03:29:23.615+0000] {dag.py:2693} INFO - Sync 1 DAGs
[2023-03-17T03:29:23.646+0000] {logging_mixin.py:137} INFO - [2023-03-17T03:29:23.646+0000] {dag.py:3444} INFO - Setting next_dagrun for example_task_group_decorator to 2023-03-16T03:29:23.646342+00:00, run_after=2023-03-17T03:29:23.646342+00:00
[2023-03-17T03:29:23.673+0000] {processor.py:175} INFO - Processing /home/airflow/.local/lib/python3.7/site-packages/airflow/example_dags/example_task_group_decorator.py took 0.134 seconds
[2023-03-17T03:29:53.846+0000] {processor.py:153} INFO - Started process (PID=8350) to work on /home/airflow/.local/lib/python3.7/site-packages/airflow/example_dags/example_task_group_decorator.py
[2023-03-17T03:29:53.847+0000] {processor.py:743} INFO - Processing file /home/airflow/.local/lib/python3.7/site-packages/airflow/example_dags/example_task_group_decorator.py for tasks to queue
[2023-03-17T03:29:53.848+0000] {logging_mixin.py:137} INFO - [2023-03-17T03:29:53.848+0000] {dagbag.py:532} INFO - Filling up the DagBag from /home/airflow/.local/lib/python3.7/site-packages/airflow/example_dags/example_task_group_decorator.py
[2023-03-17T03:29:53.884+0000] {processor.py:753} INFO - DAG(s) dict_keys(['example_task_group_decorator']) retrieved from /home/airflow/.local/lib/python3.7/site-packages/airflow/example_dags/example_task_group_decorator.py
[2023-03-17T03:29:53.921+0000] {logging_mixin.py:137} INFO - [2023-03-17T03:29:53.921+0000] {dag.py:2693} INFO - Sync 1 DAGs
[2023-03-17T03:29:53.954+0000] {logging_mixin.py:137} INFO - [2023-03-17T03:29:53.954+0000] {dag.py:3444} INFO - Setting next_dagrun for example_task_group_decorator to 2023-03-16T03:29:53.953716+00:00, run_after=2023-03-17T03:29:53.953716+00:00
[2023-03-17T03:29:53.979+0000] {processor.py:175} INFO - Processing /home/airflow/.local/lib/python3.7/site-packages/airflow/example_dags/example_task_group_decorator.py took 0.138 seconds
[2023-03-17T03:30:24.656+0000] {processor.py:153} INFO - Started process (PID=8569) to work on /home/airflow/.local/lib/python3.7/site-packages/airflow/example_dags/example_task_group_decorator.py
[2023-03-17T03:30:24.657+0000] {processor.py:743} INFO - Processing file /home/airflow/.local/lib/python3.7/site-packages/airflow/example_dags/example_task_group_decorator.py for tasks to queue
[2023-03-17T03:30:24.658+0000] {logging_mixin.py:137} INFO - [2023-03-17T03:30:24.658+0000] {dagbag.py:532} INFO - Filling up the DagBag from /home/airflow/.local/lib/python3.7/site-packages/airflow/example_dags/example_task_group_decorator.py
[2023-03-17T03:30:24.692+0000] {processor.py:753} INFO - DAG(s) dict_keys(['example_task_group_decorator']) retrieved from /home/airflow/.local/lib/python3.7/site-packages/airflow/example_dags/example_task_group_decorator.py
[2023-03-17T03:30:24.726+0000] {logging_mixin.py:137} INFO - [2023-03-17T03:30:24.726+0000] {dag.py:2693} INFO - Sync 1 DAGs
[2023-03-17T03:30:24.757+0000] {logging_mixin.py:137} INFO - [2023-03-17T03:30:24.757+0000] {dag.py:3444} INFO - Setting next_dagrun for example_task_group_decorator to 2023-03-16T03:30:24.756992+00:00, run_after=2023-03-17T03:30:24.756992+00:00
[2023-03-17T03:30:24.785+0000] {processor.py:175} INFO - Processing /home/airflow/.local/lib/python3.7/site-packages/airflow/example_dags/example_task_group_decorator.py took 0.132 seconds
[2023-03-17T03:30:54.954+0000] {processor.py:153} INFO - Started process (PID=8784) to work on /home/airflow/.local/lib/python3.7/site-packages/airflow/example_dags/example_task_group_decorator.py
[2023-03-17T03:30:54.955+0000] {processor.py:743} INFO - Processing file /home/airflow/.local/lib/python3.7/site-packages/airflow/example_dags/example_task_group_decorator.py for tasks to queue
[2023-03-17T03:30:54.956+0000] {logging_mixin.py:137} INFO - [2023-03-17T03:30:54.956+0000] {dagbag.py:532} INFO - Filling up the DagBag from /home/airflow/.local/lib/python3.7/site-packages/airflow/example_dags/example_task_group_decorator.py
[2023-03-17T03:30:54.991+0000] {processor.py:753} INFO - DAG(s) dict_keys(['example_task_group_decorator']) retrieved from /home/airflow/.local/lib/python3.7/site-packages/airflow/example_dags/example_task_group_decorator.py
[2023-03-17T03:30:55.024+0000] {logging_mixin.py:137} INFO - [2023-03-17T03:30:55.023+0000] {dag.py:2693} INFO - Sync 1 DAGs
[2023-03-17T03:30:55.058+0000] {logging_mixin.py:137} INFO - [2023-03-17T03:30:55.057+0000] {dag.py:3444} INFO - Setting next_dagrun for example_task_group_decorator to 2023-03-16T03:30:55.057686+00:00, run_after=2023-03-17T03:30:55.057686+00:00
[2023-03-17T03:30:55.084+0000] {processor.py:175} INFO - Processing /home/airflow/.local/lib/python3.7/site-packages/airflow/example_dags/example_task_group_decorator.py took 0.133 seconds
[2023-03-17T03:31:25.272+0000] {processor.py:153} INFO - Started process (PID=9001) to work on /home/airflow/.local/lib/python3.7/site-packages/airflow/example_dags/example_task_group_decorator.py
[2023-03-17T03:31:25.273+0000] {processor.py:743} INFO - Processing file /home/airflow/.local/lib/python3.7/site-packages/airflow/example_dags/example_task_group_decorator.py for tasks to queue
[2023-03-17T03:31:25.274+0000] {logging_mixin.py:137} INFO - [2023-03-17T03:31:25.274+0000] {dagbag.py:532} INFO - Filling up the DagBag from /home/airflow/.local/lib/python3.7/site-packages/airflow/example_dags/example_task_group_decorator.py
[2023-03-17T03:31:25.309+0000] {processor.py:753} INFO - DAG(s) dict_keys(['example_task_group_decorator']) retrieved from /home/airflow/.local/lib/python3.7/site-packages/airflow/example_dags/example_task_group_decorator.py
[2023-03-17T03:31:25.343+0000] {logging_mixin.py:137} INFO - [2023-03-17T03:31:25.343+0000] {dag.py:2693} INFO - Sync 1 DAGs
[2023-03-17T03:31:25.381+0000] {logging_mixin.py:137} INFO - [2023-03-17T03:31:25.381+0000] {dag.py:3444} INFO - Setting next_dagrun for example_task_group_decorator to 2023-03-16T03:31:25.381414+00:00, run_after=2023-03-17T03:31:25.381414+00:00
[2023-03-17T03:31:25.408+0000] {processor.py:175} INFO - Processing /home/airflow/.local/lib/python3.7/site-packages/airflow/example_dags/example_task_group_decorator.py took 0.140 seconds
[2023-03-17T03:31:55.646+0000] {processor.py:153} INFO - Started process (PID=9218) to work on /home/airflow/.local/lib/python3.7/site-packages/airflow/example_dags/example_task_group_decorator.py
[2023-03-17T03:31:55.647+0000] {processor.py:743} INFO - Processing file /home/airflow/.local/lib/python3.7/site-packages/airflow/example_dags/example_task_group_decorator.py for tasks to queue
[2023-03-17T03:31:55.648+0000] {logging_mixin.py:137} INFO - [2023-03-17T03:31:55.648+0000] {dagbag.py:532} INFO - Filling up the DagBag from /home/airflow/.local/lib/python3.7/site-packages/airflow/example_dags/example_task_group_decorator.py
[2023-03-17T03:31:55.682+0000] {processor.py:753} INFO - DAG(s) dict_keys(['example_task_group_decorator']) retrieved from /home/airflow/.local/lib/python3.7/site-packages/airflow/example_dags/example_task_group_decorator.py
[2023-03-17T03:31:55.717+0000] {logging_mixin.py:137} INFO - [2023-03-17T03:31:55.717+0000] {dag.py:2693} INFO - Sync 1 DAGs
[2023-03-17T03:31:55.752+0000] {logging_mixin.py:137} INFO - [2023-03-17T03:31:55.752+0000] {dag.py:3444} INFO - Setting next_dagrun for example_task_group_decorator to 2023-03-16T03:31:55.751764+00:00, run_after=2023-03-17T03:31:55.751764+00:00
[2023-03-17T03:31:55.780+0000] {processor.py:175} INFO - Processing /home/airflow/.local/lib/python3.7/site-packages/airflow/example_dags/example_task_group_decorator.py took 0.137 seconds
[2023-03-17T03:32:26.111+0000] {processor.py:153} INFO - Started process (PID=9435) to work on /home/airflow/.local/lib/python3.7/site-packages/airflow/example_dags/example_task_group_decorator.py
[2023-03-17T03:32:26.112+0000] {processor.py:743} INFO - Processing file /home/airflow/.local/lib/python3.7/site-packages/airflow/example_dags/example_task_group_decorator.py for tasks to queue
[2023-03-17T03:32:26.113+0000] {logging_mixin.py:137} INFO - [2023-03-17T03:32:26.113+0000] {dagbag.py:532} INFO - Filling up the DagBag from /home/airflow/.local/lib/python3.7/site-packages/airflow/example_dags/example_task_group_decorator.py
[2023-03-17T03:32:26.146+0000] {processor.py:753} INFO - DAG(s) dict_keys(['example_task_group_decorator']) retrieved from /home/airflow/.local/lib/python3.7/site-packages/airflow/example_dags/example_task_group_decorator.py
[2023-03-17T03:32:26.180+0000] {logging_mixin.py:137} INFO - [2023-03-17T03:32:26.180+0000] {dag.py:2693} INFO - Sync 1 DAGs
[2023-03-17T03:32:26.211+0000] {logging_mixin.py:137} INFO - [2023-03-17T03:32:26.211+0000] {dag.py:3444} INFO - Setting next_dagrun for example_task_group_decorator to 2023-03-16T03:32:26.211443+00:00, run_after=2023-03-17T03:32:26.211443+00:00
[2023-03-17T03:32:26.234+0000] {processor.py:175} INFO - Processing /home/airflow/.local/lib/python3.7/site-packages/airflow/example_dags/example_task_group_decorator.py took 0.127 seconds
[2023-03-17T03:32:57.056+0000] {processor.py:153} INFO - Started process (PID=9652) to work on /home/airflow/.local/lib/python3.7/site-packages/airflow/example_dags/example_task_group_decorator.py
[2023-03-17T03:32:57.057+0000] {processor.py:743} INFO - Processing file /home/airflow/.local/lib/python3.7/site-packages/airflow/example_dags/example_task_group_decorator.py for tasks to queue
[2023-03-17T03:32:57.059+0000] {logging_mixin.py:137} INFO - [2023-03-17T03:32:57.058+0000] {dagbag.py:532} INFO - Filling up the DagBag from /home/airflow/.local/lib/python3.7/site-packages/airflow/example_dags/example_task_group_decorator.py
[2023-03-17T03:32:57.104+0000] {processor.py:753} INFO - DAG(s) dict_keys(['example_task_group_decorator']) retrieved from /home/airflow/.local/lib/python3.7/site-packages/airflow/example_dags/example_task_group_decorator.py
[2023-03-17T03:32:57.146+0000] {logging_mixin.py:137} INFO - [2023-03-17T03:32:57.146+0000] {dag.py:2693} INFO - Sync 1 DAGs
[2023-03-17T03:32:57.188+0000] {logging_mixin.py:137} INFO - [2023-03-17T03:32:57.187+0000] {dag.py:3444} INFO - Setting next_dagrun for example_task_group_decorator to 2023-03-16T03:32:57.187658+00:00, run_after=2023-03-17T03:32:57.187658+00:00
[2023-03-17T03:32:57.297+0000] {processor.py:175} INFO - Processing /home/airflow/.local/lib/python3.7/site-packages/airflow/example_dags/example_task_group_decorator.py took 0.246 seconds
[2023-03-17T03:33:27.771+0000] {processor.py:153} INFO - Started process (PID=9870) to work on /home/airflow/.local/lib/python3.7/site-packages/airflow/example_dags/example_task_group_decorator.py
[2023-03-17T03:33:27.773+0000] {processor.py:743} INFO - Processing file /home/airflow/.local/lib/python3.7/site-packages/airflow/example_dags/example_task_group_decorator.py for tasks to queue
[2023-03-17T03:33:27.774+0000] {logging_mixin.py:137} INFO - [2023-03-17T03:33:27.773+0000] {dagbag.py:532} INFO - Filling up the DagBag from /home/airflow/.local/lib/python3.7/site-packages/airflow/example_dags/example_task_group_decorator.py
[2023-03-17T03:33:27.810+0000] {processor.py:753} INFO - DAG(s) dict_keys(['example_task_group_decorator']) retrieved from /home/airflow/.local/lib/python3.7/site-packages/airflow/example_dags/example_task_group_decorator.py
[2023-03-17T03:33:27.845+0000] {logging_mixin.py:137} INFO - [2023-03-17T03:33:27.845+0000] {dag.py:2693} INFO - Sync 1 DAGs
[2023-03-17T03:33:27.878+0000] {logging_mixin.py:137} INFO - [2023-03-17T03:33:27.878+0000] {dag.py:3444} INFO - Setting next_dagrun for example_task_group_decorator to 2023-03-16T03:33:27.877799+00:00, run_after=2023-03-17T03:33:27.877799+00:00
[2023-03-17T03:33:27.904+0000] {processor.py:175} INFO - Processing /home/airflow/.local/lib/python3.7/site-packages/airflow/example_dags/example_task_group_decorator.py took 0.136 seconds
[2023-03-17T03:33:58.181+0000] {processor.py:153} INFO - Started process (PID=10087) to work on /home/airflow/.local/lib/python3.7/site-packages/airflow/example_dags/example_task_group_decorator.py
[2023-03-17T03:33:58.182+0000] {processor.py:743} INFO - Processing file /home/airflow/.local/lib/python3.7/site-packages/airflow/example_dags/example_task_group_decorator.py for tasks to queue
[2023-03-17T03:33:58.183+0000] {logging_mixin.py:137} INFO - [2023-03-17T03:33:58.183+0000] {dagbag.py:532} INFO - Filling up the DagBag from /home/airflow/.local/lib/python3.7/site-packages/airflow/example_dags/example_task_group_decorator.py
[2023-03-17T03:33:58.219+0000] {processor.py:753} INFO - DAG(s) dict_keys(['example_task_group_decorator']) retrieved from /home/airflow/.local/lib/python3.7/site-packages/airflow/example_dags/example_task_group_decorator.py
[2023-03-17T03:33:58.253+0000] {logging_mixin.py:137} INFO - [2023-03-17T03:33:58.253+0000] {dag.py:2693} INFO - Sync 1 DAGs
[2023-03-17T03:33:58.287+0000] {logging_mixin.py:137} INFO - [2023-03-17T03:33:58.287+0000] {dag.py:3444} INFO - Setting next_dagrun for example_task_group_decorator to 2023-03-16T03:33:58.287245+00:00, run_after=2023-03-17T03:33:58.287245+00:00
[2023-03-17T03:33:58.315+0000] {processor.py:175} INFO - Processing /home/airflow/.local/lib/python3.7/site-packages/airflow/example_dags/example_task_group_decorator.py took 0.137 seconds
[2023-03-17T03:34:28.835+0000] {processor.py:153} INFO - Started process (PID=10305) to work on /home/airflow/.local/lib/python3.7/site-packages/airflow/example_dags/example_task_group_decorator.py
[2023-03-17T03:34:28.836+0000] {processor.py:743} INFO - Processing file /home/airflow/.local/lib/python3.7/site-packages/airflow/example_dags/example_task_group_decorator.py for tasks to queue
[2023-03-17T03:34:28.837+0000] {logging_mixin.py:137} INFO - [2023-03-17T03:34:28.837+0000] {dagbag.py:532} INFO - Filling up the DagBag from /home/airflow/.local/lib/python3.7/site-packages/airflow/example_dags/example_task_group_decorator.py
[2023-03-17T03:34:28.875+0000] {processor.py:753} INFO - DAG(s) dict_keys(['example_task_group_decorator']) retrieved from /home/airflow/.local/lib/python3.7/site-packages/airflow/example_dags/example_task_group_decorator.py
[2023-03-17T03:34:28.911+0000] {logging_mixin.py:137} INFO - [2023-03-17T03:34:28.911+0000] {dag.py:2693} INFO - Sync 1 DAGs
[2023-03-17T03:34:28.945+0000] {logging_mixin.py:137} INFO - [2023-03-17T03:34:28.944+0000] {dag.py:3444} INFO - Setting next_dagrun for example_task_group_decorator to 2023-03-16T03:34:28.944552+00:00, run_after=2023-03-17T03:34:28.944552+00:00
[2023-03-17T03:34:28.974+0000] {processor.py:175} INFO - Processing /home/airflow/.local/lib/python3.7/site-packages/airflow/example_dags/example_task_group_decorator.py took 0.143 seconds
