[2023-03-17T03:11:00.336+0000] {processor.py:153} INFO - Started process (PID=235) to work on /home/airflow/.local/lib/python3.7/site-packages/airflow/example_dags/example_sensors.py
[2023-03-17T03:11:00.337+0000] {processor.py:743} INFO - Processing file /home/airflow/.local/lib/python3.7/site-packages/airflow/example_dags/example_sensors.py for tasks to queue
[2023-03-17T03:11:00.339+0000] {logging_mixin.py:137} INFO - [2023-03-17T03:11:00.339+0000] {dagbag.py:532} INFO - Filling up the DagBag from /home/airflow/.local/lib/python3.7/site-packages/airflow/example_dags/example_sensors.py
[2023-03-17T03:11:00.384+0000] {processor.py:753} INFO - DAG(s) dict_keys(['example_sensors']) retrieved from /home/airflow/.local/lib/python3.7/site-packages/airflow/example_dags/example_sensors.py
[2023-03-17T03:11:00.445+0000] {logging_mixin.py:137} INFO - [2023-03-17T03:11:00.445+0000] {dag.py:2693} INFO - Sync 1 DAGs
[2023-03-17T03:11:00.497+0000] {logging_mixin.py:137} INFO - [2023-03-17T03:11:00.496+0000] {dag.py:3444} INFO - Setting next_dagrun for example_sensors to None, run_after=None
[2023-03-17T03:11:00.535+0000] {processor.py:175} INFO - Processing /home/airflow/.local/lib/python3.7/site-packages/airflow/example_dags/example_sensors.py took 0.205 seconds
[2023-03-17T03:11:33.038+0000] {processor.py:153} INFO - Started process (PID=452) to work on /home/airflow/.local/lib/python3.7/site-packages/airflow/example_dags/example_sensors.py
[2023-03-17T03:11:33.040+0000] {processor.py:743} INFO - Processing file /home/airflow/.local/lib/python3.7/site-packages/airflow/example_dags/example_sensors.py for tasks to queue
[2023-03-17T03:11:33.042+0000] {logging_mixin.py:137} INFO - [2023-03-17T03:11:33.042+0000] {dagbag.py:532} INFO - Filling up the DagBag from /home/airflow/.local/lib/python3.7/site-packages/airflow/example_dags/example_sensors.py
[2023-03-17T03:11:33.091+0000] {processor.py:753} INFO - DAG(s) dict_keys(['example_sensors']) retrieved from /home/airflow/.local/lib/python3.7/site-packages/airflow/example_dags/example_sensors.py
[2023-03-17T03:11:33.164+0000] {logging_mixin.py:137} INFO - [2023-03-17T03:11:33.163+0000] {dag.py:2693} INFO - Sync 1 DAGs
[2023-03-17T03:11:33.214+0000] {logging_mixin.py:137} INFO - [2023-03-17T03:11:33.213+0000] {dag.py:3444} INFO - Setting next_dagrun for example_sensors to None, run_after=None
[2023-03-17T03:11:33.274+0000] {processor.py:175} INFO - Processing /home/airflow/.local/lib/python3.7/site-packages/airflow/example_dags/example_sensors.py took 0.242 seconds
[2023-03-17T03:12:04.839+0000] {processor.py:153} INFO - Started process (PID=676) to work on /home/airflow/.local/lib/python3.7/site-packages/airflow/example_dags/example_sensors.py
[2023-03-17T03:12:04.842+0000] {processor.py:743} INFO - Processing file /home/airflow/.local/lib/python3.7/site-packages/airflow/example_dags/example_sensors.py for tasks to queue
[2023-03-17T03:12:04.844+0000] {logging_mixin.py:137} INFO - [2023-03-17T03:12:04.844+0000] {dagbag.py:532} INFO - Filling up the DagBag from /home/airflow/.local/lib/python3.7/site-packages/airflow/example_dags/example_sensors.py
[2023-03-17T03:12:04.892+0000] {processor.py:753} INFO - DAG(s) dict_keys(['example_sensors']) retrieved from /home/airflow/.local/lib/python3.7/site-packages/airflow/example_dags/example_sensors.py
[2023-03-17T03:12:04.952+0000] {logging_mixin.py:137} INFO - [2023-03-17T03:12:04.952+0000] {dag.py:2693} INFO - Sync 1 DAGs
[2023-03-17T03:12:05.005+0000] {logging_mixin.py:137} INFO - [2023-03-17T03:12:05.005+0000] {dag.py:3444} INFO - Setting next_dagrun for example_sensors to None, run_after=None
[2023-03-17T03:12:05.048+0000] {processor.py:175} INFO - Processing /home/airflow/.local/lib/python3.7/site-packages/airflow/example_dags/example_sensors.py took 0.219 seconds
[2023-03-17T03:12:35.234+0000] {processor.py:153} INFO - Started process (PID=893) to work on /home/airflow/.local/lib/python3.7/site-packages/airflow/example_dags/example_sensors.py
[2023-03-17T03:12:35.235+0000] {processor.py:743} INFO - Processing file /home/airflow/.local/lib/python3.7/site-packages/airflow/example_dags/example_sensors.py for tasks to queue
[2023-03-17T03:12:35.236+0000] {logging_mixin.py:137} INFO - [2023-03-17T03:12:35.236+0000] {dagbag.py:532} INFO - Filling up the DagBag from /home/airflow/.local/lib/python3.7/site-packages/airflow/example_dags/example_sensors.py
[2023-03-17T03:12:35.259+0000] {processor.py:753} INFO - DAG(s) dict_keys(['example_sensors']) retrieved from /home/airflow/.local/lib/python3.7/site-packages/airflow/example_dags/example_sensors.py
[2023-03-17T03:12:35.292+0000] {logging_mixin.py:137} INFO - [2023-03-17T03:12:35.292+0000] {dag.py:2693} INFO - Sync 1 DAGs
[2023-03-17T03:12:35.324+0000] {logging_mixin.py:137} INFO - [2023-03-17T03:12:35.324+0000] {dag.py:3444} INFO - Setting next_dagrun for example_sensors to None, run_after=None
[2023-03-17T03:12:35.348+0000] {processor.py:175} INFO - Processing /home/airflow/.local/lib/python3.7/site-packages/airflow/example_dags/example_sensors.py took 0.117 seconds
[2023-03-17T03:13:06.141+0000] {processor.py:153} INFO - Started process (PID=1110) to work on /home/airflow/.local/lib/python3.7/site-packages/airflow/example_dags/example_sensors.py
[2023-03-17T03:13:06.142+0000] {processor.py:743} INFO - Processing file /home/airflow/.local/lib/python3.7/site-packages/airflow/example_dags/example_sensors.py for tasks to queue
[2023-03-17T03:13:06.143+0000] {logging_mixin.py:137} INFO - [2023-03-17T03:13:06.143+0000] {dagbag.py:532} INFO - Filling up the DagBag from /home/airflow/.local/lib/python3.7/site-packages/airflow/example_dags/example_sensors.py
[2023-03-17T03:13:06.167+0000] {processor.py:753} INFO - DAG(s) dict_keys(['example_sensors']) retrieved from /home/airflow/.local/lib/python3.7/site-packages/airflow/example_dags/example_sensors.py
[2023-03-17T03:13:06.199+0000] {logging_mixin.py:137} INFO - [2023-03-17T03:13:06.198+0000] {dag.py:2693} INFO - Sync 1 DAGs
[2023-03-17T03:13:06.230+0000] {logging_mixin.py:137} INFO - [2023-03-17T03:13:06.230+0000] {dag.py:3444} INFO - Setting next_dagrun for example_sensors to None, run_after=None
[2023-03-17T03:13:06.254+0000] {processor.py:175} INFO - Processing /home/airflow/.local/lib/python3.7/site-packages/airflow/example_dags/example_sensors.py took 0.117 seconds
[2023-03-17T03:13:36.699+0000] {processor.py:153} INFO - Started process (PID=1327) to work on /home/airflow/.local/lib/python3.7/site-packages/airflow/example_dags/example_sensors.py
[2023-03-17T03:13:36.700+0000] {processor.py:743} INFO - Processing file /home/airflow/.local/lib/python3.7/site-packages/airflow/example_dags/example_sensors.py for tasks to queue
[2023-03-17T03:13:36.701+0000] {logging_mixin.py:137} INFO - [2023-03-17T03:13:36.701+0000] {dagbag.py:532} INFO - Filling up the DagBag from /home/airflow/.local/lib/python3.7/site-packages/airflow/example_dags/example_sensors.py
[2023-03-17T03:13:36.724+0000] {processor.py:753} INFO - DAG(s) dict_keys(['example_sensors']) retrieved from /home/airflow/.local/lib/python3.7/site-packages/airflow/example_dags/example_sensors.py
[2023-03-17T03:13:36.761+0000] {logging_mixin.py:137} INFO - [2023-03-17T03:13:36.761+0000] {dag.py:2693} INFO - Sync 1 DAGs
[2023-03-17T03:13:36.792+0000] {logging_mixin.py:137} INFO - [2023-03-17T03:13:36.791+0000] {dag.py:3444} INFO - Setting next_dagrun for example_sensors to None, run_after=None
[2023-03-17T03:13:36.820+0000] {processor.py:175} INFO - Processing /home/airflow/.local/lib/python3.7/site-packages/airflow/example_dags/example_sensors.py took 0.124 seconds
[2023-03-17T03:14:07.164+0000] {processor.py:153} INFO - Started process (PID=1544) to work on /home/airflow/.local/lib/python3.7/site-packages/airflow/example_dags/example_sensors.py
[2023-03-17T03:14:07.166+0000] {processor.py:743} INFO - Processing file /home/airflow/.local/lib/python3.7/site-packages/airflow/example_dags/example_sensors.py for tasks to queue
[2023-03-17T03:14:07.167+0000] {logging_mixin.py:137} INFO - [2023-03-17T03:14:07.167+0000] {dagbag.py:532} INFO - Filling up the DagBag from /home/airflow/.local/lib/python3.7/site-packages/airflow/example_dags/example_sensors.py
[2023-03-17T03:14:07.192+0000] {processor.py:753} INFO - DAG(s) dict_keys(['example_sensors']) retrieved from /home/airflow/.local/lib/python3.7/site-packages/airflow/example_dags/example_sensors.py
[2023-03-17T03:14:07.226+0000] {logging_mixin.py:137} INFO - [2023-03-17T03:14:07.225+0000] {dag.py:2693} INFO - Sync 1 DAGs
[2023-03-17T03:14:07.254+0000] {logging_mixin.py:137} INFO - [2023-03-17T03:14:07.254+0000] {dag.py:3444} INFO - Setting next_dagrun for example_sensors to None, run_after=None
[2023-03-17T03:14:07.281+0000] {processor.py:175} INFO - Processing /home/airflow/.local/lib/python3.7/site-packages/airflow/example_dags/example_sensors.py took 0.121 seconds
[2023-03-17T03:14:37.539+0000] {processor.py:153} INFO - Started process (PID=1761) to work on /home/airflow/.local/lib/python3.7/site-packages/airflow/example_dags/example_sensors.py
[2023-03-17T03:14:37.540+0000] {processor.py:743} INFO - Processing file /home/airflow/.local/lib/python3.7/site-packages/airflow/example_dags/example_sensors.py for tasks to queue
[2023-03-17T03:14:37.542+0000] {logging_mixin.py:137} INFO - [2023-03-17T03:14:37.541+0000] {dagbag.py:532} INFO - Filling up the DagBag from /home/airflow/.local/lib/python3.7/site-packages/airflow/example_dags/example_sensors.py
[2023-03-17T03:14:37.564+0000] {processor.py:753} INFO - DAG(s) dict_keys(['example_sensors']) retrieved from /home/airflow/.local/lib/python3.7/site-packages/airflow/example_dags/example_sensors.py
[2023-03-17T03:14:37.601+0000] {logging_mixin.py:137} INFO - [2023-03-17T03:14:37.600+0000] {dag.py:2693} INFO - Sync 1 DAGs
[2023-03-17T03:14:37.632+0000] {logging_mixin.py:137} INFO - [2023-03-17T03:14:37.632+0000] {dag.py:3444} INFO - Setting next_dagrun for example_sensors to None, run_after=None
[2023-03-17T03:14:37.657+0000] {processor.py:175} INFO - Processing /home/airflow/.local/lib/python3.7/site-packages/airflow/example_dags/example_sensors.py took 0.121 seconds
[2023-03-17T03:15:08.056+0000] {processor.py:153} INFO - Started process (PID=1978) to work on /home/airflow/.local/lib/python3.7/site-packages/airflow/example_dags/example_sensors.py
[2023-03-17T03:15:08.058+0000] {processor.py:743} INFO - Processing file /home/airflow/.local/lib/python3.7/site-packages/airflow/example_dags/example_sensors.py for tasks to queue
[2023-03-17T03:15:08.059+0000] {logging_mixin.py:137} INFO - [2023-03-17T03:15:08.058+0000] {dagbag.py:532} INFO - Filling up the DagBag from /home/airflow/.local/lib/python3.7/site-packages/airflow/example_dags/example_sensors.py
[2023-03-17T03:15:08.085+0000] {processor.py:753} INFO - DAG(s) dict_keys(['example_sensors']) retrieved from /home/airflow/.local/lib/python3.7/site-packages/airflow/example_dags/example_sensors.py
[2023-03-17T03:15:08.122+0000] {logging_mixin.py:137} INFO - [2023-03-17T03:15:08.121+0000] {dag.py:2693} INFO - Sync 1 DAGs
[2023-03-17T03:15:08.154+0000] {logging_mixin.py:137} INFO - [2023-03-17T03:15:08.154+0000] {dag.py:3444} INFO - Setting next_dagrun for example_sensors to None, run_after=None
[2023-03-17T03:15:08.179+0000] {processor.py:175} INFO - Processing /home/airflow/.local/lib/python3.7/site-packages/airflow/example_dags/example_sensors.py took 0.127 seconds
[2023-03-17T03:15:38.620+0000] {processor.py:153} INFO - Started process (PID=2195) to work on /home/airflow/.local/lib/python3.7/site-packages/airflow/example_dags/example_sensors.py
[2023-03-17T03:15:38.622+0000] {processor.py:743} INFO - Processing file /home/airflow/.local/lib/python3.7/site-packages/airflow/example_dags/example_sensors.py for tasks to queue
[2023-03-17T03:15:38.623+0000] {logging_mixin.py:137} INFO - [2023-03-17T03:15:38.623+0000] {dagbag.py:532} INFO - Filling up the DagBag from /home/airflow/.local/lib/python3.7/site-packages/airflow/example_dags/example_sensors.py
[2023-03-17T03:15:38.646+0000] {processor.py:753} INFO - DAG(s) dict_keys(['example_sensors']) retrieved from /home/airflow/.local/lib/python3.7/site-packages/airflow/example_dags/example_sensors.py
[2023-03-17T03:15:38.684+0000] {logging_mixin.py:137} INFO - [2023-03-17T03:15:38.684+0000] {dag.py:2693} INFO - Sync 1 DAGs
[2023-03-17T03:15:38.713+0000] {logging_mixin.py:137} INFO - [2023-03-17T03:15:38.713+0000] {dag.py:3444} INFO - Setting next_dagrun for example_sensors to None, run_after=None
[2023-03-17T03:15:38.739+0000] {processor.py:175} INFO - Processing /home/airflow/.local/lib/python3.7/site-packages/airflow/example_dags/example_sensors.py took 0.122 seconds
[2023-03-17T03:16:09.187+0000] {processor.py:153} INFO - Started process (PID=2415) to work on /home/airflow/.local/lib/python3.7/site-packages/airflow/example_dags/example_sensors.py
[2023-03-17T03:16:09.188+0000] {processor.py:743} INFO - Processing file /home/airflow/.local/lib/python3.7/site-packages/airflow/example_dags/example_sensors.py for tasks to queue
[2023-03-17T03:16:09.189+0000] {logging_mixin.py:137} INFO - [2023-03-17T03:16:09.189+0000] {dagbag.py:532} INFO - Filling up the DagBag from /home/airflow/.local/lib/python3.7/site-packages/airflow/example_dags/example_sensors.py
[2023-03-17T03:16:09.210+0000] {processor.py:753} INFO - DAG(s) dict_keys(['example_sensors']) retrieved from /home/airflow/.local/lib/python3.7/site-packages/airflow/example_dags/example_sensors.py
[2023-03-17T03:16:09.242+0000] {logging_mixin.py:137} INFO - [2023-03-17T03:16:09.242+0000] {dag.py:2693} INFO - Sync 1 DAGs
[2023-03-17T03:16:09.271+0000] {logging_mixin.py:137} INFO - [2023-03-17T03:16:09.271+0000] {dag.py:3444} INFO - Setting next_dagrun for example_sensors to None, run_after=None
[2023-03-17T03:16:09.296+0000] {processor.py:175} INFO - Processing /home/airflow/.local/lib/python3.7/site-packages/airflow/example_dags/example_sensors.py took 0.113 seconds
[2023-03-17T03:16:39.759+0000] {processor.py:153} INFO - Started process (PID=2630) to work on /home/airflow/.local/lib/python3.7/site-packages/airflow/example_dags/example_sensors.py
[2023-03-17T03:16:39.760+0000] {processor.py:743} INFO - Processing file /home/airflow/.local/lib/python3.7/site-packages/airflow/example_dags/example_sensors.py for tasks to queue
[2023-03-17T03:16:39.761+0000] {logging_mixin.py:137} INFO - [2023-03-17T03:16:39.761+0000] {dagbag.py:532} INFO - Filling up the DagBag from /home/airflow/.local/lib/python3.7/site-packages/airflow/example_dags/example_sensors.py
[2023-03-17T03:16:39.784+0000] {processor.py:753} INFO - DAG(s) dict_keys(['example_sensors']) retrieved from /home/airflow/.local/lib/python3.7/site-packages/airflow/example_dags/example_sensors.py
[2023-03-17T03:16:39.818+0000] {logging_mixin.py:137} INFO - [2023-03-17T03:16:39.818+0000] {dag.py:2693} INFO - Sync 1 DAGs
[2023-03-17T03:16:39.850+0000] {logging_mixin.py:137} INFO - [2023-03-17T03:16:39.849+0000] {dag.py:3444} INFO - Setting next_dagrun for example_sensors to None, run_after=None
[2023-03-17T03:16:39.875+0000] {processor.py:175} INFO - Processing /home/airflow/.local/lib/python3.7/site-packages/airflow/example_dags/example_sensors.py took 0.120 seconds
[2023-03-17T03:17:10.257+0000] {processor.py:153} INFO - Started process (PID=2847) to work on /home/airflow/.local/lib/python3.7/site-packages/airflow/example_dags/example_sensors.py
[2023-03-17T03:17:10.258+0000] {processor.py:743} INFO - Processing file /home/airflow/.local/lib/python3.7/site-packages/airflow/example_dags/example_sensors.py for tasks to queue
[2023-03-17T03:17:10.259+0000] {logging_mixin.py:137} INFO - [2023-03-17T03:17:10.259+0000] {dagbag.py:532} INFO - Filling up the DagBag from /home/airflow/.local/lib/python3.7/site-packages/airflow/example_dags/example_sensors.py
[2023-03-17T03:17:10.281+0000] {processor.py:753} INFO - DAG(s) dict_keys(['example_sensors']) retrieved from /home/airflow/.local/lib/python3.7/site-packages/airflow/example_dags/example_sensors.py
[2023-03-17T03:17:10.318+0000] {logging_mixin.py:137} INFO - [2023-03-17T03:17:10.318+0000] {dag.py:2693} INFO - Sync 1 DAGs
[2023-03-17T03:17:10.351+0000] {logging_mixin.py:137} INFO - [2023-03-17T03:17:10.351+0000] {dag.py:3444} INFO - Setting next_dagrun for example_sensors to None, run_after=None
[2023-03-17T03:17:10.377+0000] {processor.py:175} INFO - Processing /home/airflow/.local/lib/python3.7/site-packages/airflow/example_dags/example_sensors.py took 0.124 seconds
[2023-03-17T03:17:40.662+0000] {processor.py:153} INFO - Started process (PID=3064) to work on /home/airflow/.local/lib/python3.7/site-packages/airflow/example_dags/example_sensors.py
[2023-03-17T03:17:40.663+0000] {processor.py:743} INFO - Processing file /home/airflow/.local/lib/python3.7/site-packages/airflow/example_dags/example_sensors.py for tasks to queue
[2023-03-17T03:17:40.664+0000] {logging_mixin.py:137} INFO - [2023-03-17T03:17:40.664+0000] {dagbag.py:532} INFO - Filling up the DagBag from /home/airflow/.local/lib/python3.7/site-packages/airflow/example_dags/example_sensors.py
[2023-03-17T03:17:40.686+0000] {processor.py:753} INFO - DAG(s) dict_keys(['example_sensors']) retrieved from /home/airflow/.local/lib/python3.7/site-packages/airflow/example_dags/example_sensors.py
[2023-03-17T03:17:40.720+0000] {logging_mixin.py:137} INFO - [2023-03-17T03:17:40.720+0000] {dag.py:2693} INFO - Sync 1 DAGs
[2023-03-17T03:17:40.751+0000] {logging_mixin.py:137} INFO - [2023-03-17T03:17:40.750+0000] {dag.py:3444} INFO - Setting next_dagrun for example_sensors to None, run_after=None
[2023-03-17T03:17:40.776+0000] {processor.py:175} INFO - Processing /home/airflow/.local/lib/python3.7/site-packages/airflow/example_dags/example_sensors.py took 0.118 seconds
[2023-03-17T03:18:11.139+0000] {processor.py:153} INFO - Started process (PID=3281) to work on /home/airflow/.local/lib/python3.7/site-packages/airflow/example_dags/example_sensors.py
[2023-03-17T03:18:11.140+0000] {processor.py:743} INFO - Processing file /home/airflow/.local/lib/python3.7/site-packages/airflow/example_dags/example_sensors.py for tasks to queue
[2023-03-17T03:18:11.142+0000] {logging_mixin.py:137} INFO - [2023-03-17T03:18:11.141+0000] {dagbag.py:532} INFO - Filling up the DagBag from /home/airflow/.local/lib/python3.7/site-packages/airflow/example_dags/example_sensors.py
[2023-03-17T03:18:11.163+0000] {processor.py:753} INFO - DAG(s) dict_keys(['example_sensors']) retrieved from /home/airflow/.local/lib/python3.7/site-packages/airflow/example_dags/example_sensors.py
[2023-03-17T03:18:11.196+0000] {logging_mixin.py:137} INFO - [2023-03-17T03:18:11.196+0000] {dag.py:2693} INFO - Sync 1 DAGs
[2023-03-17T03:18:11.225+0000] {logging_mixin.py:137} INFO - [2023-03-17T03:18:11.225+0000] {dag.py:3444} INFO - Setting next_dagrun for example_sensors to None, run_after=None
[2023-03-17T03:18:11.251+0000] {processor.py:175} INFO - Processing /home/airflow/.local/lib/python3.7/site-packages/airflow/example_dags/example_sensors.py took 0.115 seconds
[2023-03-17T03:18:41.615+0000] {processor.py:153} INFO - Started process (PID=3499) to work on /home/airflow/.local/lib/python3.7/site-packages/airflow/example_dags/example_sensors.py
[2023-03-17T03:18:41.616+0000] {processor.py:743} INFO - Processing file /home/airflow/.local/lib/python3.7/site-packages/airflow/example_dags/example_sensors.py for tasks to queue
[2023-03-17T03:18:41.617+0000] {logging_mixin.py:137} INFO - [2023-03-17T03:18:41.616+0000] {dagbag.py:532} INFO - Filling up the DagBag from /home/airflow/.local/lib/python3.7/site-packages/airflow/example_dags/example_sensors.py
[2023-03-17T03:18:41.640+0000] {processor.py:753} INFO - DAG(s) dict_keys(['example_sensors']) retrieved from /home/airflow/.local/lib/python3.7/site-packages/airflow/example_dags/example_sensors.py
[2023-03-17T03:18:41.677+0000] {logging_mixin.py:137} INFO - [2023-03-17T03:18:41.677+0000] {dag.py:2693} INFO - Sync 1 DAGs
[2023-03-17T03:18:41.706+0000] {logging_mixin.py:137} INFO - [2023-03-17T03:18:41.706+0000] {dag.py:3444} INFO - Setting next_dagrun for example_sensors to None, run_after=None
[2023-03-17T03:18:41.734+0000] {processor.py:175} INFO - Processing /home/airflow/.local/lib/python3.7/site-packages/airflow/example_dags/example_sensors.py took 0.124 seconds
[2023-03-17T03:19:12.295+0000] {processor.py:153} INFO - Started process (PID=3718) to work on /home/airflow/.local/lib/python3.7/site-packages/airflow/example_dags/example_sensors.py
[2023-03-17T03:19:12.296+0000] {processor.py:743} INFO - Processing file /home/airflow/.local/lib/python3.7/site-packages/airflow/example_dags/example_sensors.py for tasks to queue
[2023-03-17T03:19:12.297+0000] {logging_mixin.py:137} INFO - [2023-03-17T03:19:12.297+0000] {dagbag.py:532} INFO - Filling up the DagBag from /home/airflow/.local/lib/python3.7/site-packages/airflow/example_dags/example_sensors.py
[2023-03-17T03:19:12.319+0000] {processor.py:753} INFO - DAG(s) dict_keys(['example_sensors']) retrieved from /home/airflow/.local/lib/python3.7/site-packages/airflow/example_dags/example_sensors.py
[2023-03-17T03:19:12.359+0000] {logging_mixin.py:137} INFO - [2023-03-17T03:19:12.359+0000] {dag.py:2693} INFO - Sync 1 DAGs
[2023-03-17T03:19:12.389+0000] {logging_mixin.py:137} INFO - [2023-03-17T03:19:12.388+0000] {dag.py:3444} INFO - Setting next_dagrun for example_sensors to None, run_after=None
[2023-03-17T03:19:12.417+0000] {processor.py:175} INFO - Processing /home/airflow/.local/lib/python3.7/site-packages/airflow/example_dags/example_sensors.py took 0.125 seconds
[2023-03-17T03:19:42.913+0000] {processor.py:153} INFO - Started process (PID=3933) to work on /home/airflow/.local/lib/python3.7/site-packages/airflow/example_dags/example_sensors.py
[2023-03-17T03:19:42.914+0000] {processor.py:743} INFO - Processing file /home/airflow/.local/lib/python3.7/site-packages/airflow/example_dags/example_sensors.py for tasks to queue
[2023-03-17T03:19:42.915+0000] {logging_mixin.py:137} INFO - [2023-03-17T03:19:42.915+0000] {dagbag.py:532} INFO - Filling up the DagBag from /home/airflow/.local/lib/python3.7/site-packages/airflow/example_dags/example_sensors.py
[2023-03-17T03:19:42.938+0000] {processor.py:753} INFO - DAG(s) dict_keys(['example_sensors']) retrieved from /home/airflow/.local/lib/python3.7/site-packages/airflow/example_dags/example_sensors.py
[2023-03-17T03:19:42.971+0000] {logging_mixin.py:137} INFO - [2023-03-17T03:19:42.971+0000] {dag.py:2693} INFO - Sync 1 DAGs
[2023-03-17T03:19:43.002+0000] {logging_mixin.py:137} INFO - [2023-03-17T03:19:43.002+0000] {dag.py:3444} INFO - Setting next_dagrun for example_sensors to None, run_after=None
[2023-03-17T03:19:43.030+0000] {processor.py:175} INFO - Processing /home/airflow/.local/lib/python3.7/site-packages/airflow/example_dags/example_sensors.py took 0.121 seconds
[2023-03-17T03:20:13.369+0000] {processor.py:153} INFO - Started process (PID=4150) to work on /home/airflow/.local/lib/python3.7/site-packages/airflow/example_dags/example_sensors.py
[2023-03-17T03:20:13.370+0000] {processor.py:743} INFO - Processing file /home/airflow/.local/lib/python3.7/site-packages/airflow/example_dags/example_sensors.py for tasks to queue
[2023-03-17T03:20:13.371+0000] {logging_mixin.py:137} INFO - [2023-03-17T03:20:13.371+0000] {dagbag.py:532} INFO - Filling up the DagBag from /home/airflow/.local/lib/python3.7/site-packages/airflow/example_dags/example_sensors.py
[2023-03-17T03:20:13.393+0000] {processor.py:753} INFO - DAG(s) dict_keys(['example_sensors']) retrieved from /home/airflow/.local/lib/python3.7/site-packages/airflow/example_dags/example_sensors.py
[2023-03-17T03:20:13.429+0000] {logging_mixin.py:137} INFO - [2023-03-17T03:20:13.428+0000] {dag.py:2693} INFO - Sync 1 DAGs
[2023-03-17T03:20:13.462+0000] {logging_mixin.py:137} INFO - [2023-03-17T03:20:13.462+0000] {dag.py:3444} INFO - Setting next_dagrun for example_sensors to None, run_after=None
[2023-03-17T03:20:13.487+0000] {processor.py:175} INFO - Processing /home/airflow/.local/lib/python3.7/site-packages/airflow/example_dags/example_sensors.py took 0.122 seconds
[2023-03-17T03:20:43.743+0000] {processor.py:153} INFO - Started process (PID=4367) to work on /home/airflow/.local/lib/python3.7/site-packages/airflow/example_dags/example_sensors.py
[2023-03-17T03:20:43.744+0000] {processor.py:743} INFO - Processing file /home/airflow/.local/lib/python3.7/site-packages/airflow/example_dags/example_sensors.py for tasks to queue
[2023-03-17T03:20:43.745+0000] {logging_mixin.py:137} INFO - [2023-03-17T03:20:43.745+0000] {dagbag.py:532} INFO - Filling up the DagBag from /home/airflow/.local/lib/python3.7/site-packages/airflow/example_dags/example_sensors.py
[2023-03-17T03:20:43.766+0000] {processor.py:753} INFO - DAG(s) dict_keys(['example_sensors']) retrieved from /home/airflow/.local/lib/python3.7/site-packages/airflow/example_dags/example_sensors.py
[2023-03-17T03:20:43.801+0000] {logging_mixin.py:137} INFO - [2023-03-17T03:20:43.801+0000] {dag.py:2693} INFO - Sync 1 DAGs
[2023-03-17T03:20:43.832+0000] {logging_mixin.py:137} INFO - [2023-03-17T03:20:43.832+0000] {dag.py:3444} INFO - Setting next_dagrun for example_sensors to None, run_after=None
[2023-03-17T03:20:43.858+0000] {processor.py:175} INFO - Processing /home/airflow/.local/lib/python3.7/site-packages/airflow/example_dags/example_sensors.py took 0.119 seconds
[2023-03-17T03:21:14.279+0000] {processor.py:153} INFO - Started process (PID=4584) to work on /home/airflow/.local/lib/python3.7/site-packages/airflow/example_dags/example_sensors.py
[2023-03-17T03:21:14.280+0000] {processor.py:743} INFO - Processing file /home/airflow/.local/lib/python3.7/site-packages/airflow/example_dags/example_sensors.py for tasks to queue
[2023-03-17T03:21:14.281+0000] {logging_mixin.py:137} INFO - [2023-03-17T03:21:14.280+0000] {dagbag.py:532} INFO - Filling up the DagBag from /home/airflow/.local/lib/python3.7/site-packages/airflow/example_dags/example_sensors.py
[2023-03-17T03:21:14.303+0000] {processor.py:753} INFO - DAG(s) dict_keys(['example_sensors']) retrieved from /home/airflow/.local/lib/python3.7/site-packages/airflow/example_dags/example_sensors.py
[2023-03-17T03:21:14.338+0000] {logging_mixin.py:137} INFO - [2023-03-17T03:21:14.338+0000] {dag.py:2693} INFO - Sync 1 DAGs
[2023-03-17T03:21:14.367+0000] {logging_mixin.py:137} INFO - [2023-03-17T03:21:14.367+0000] {dag.py:3444} INFO - Setting next_dagrun for example_sensors to None, run_after=None
[2023-03-17T03:21:14.396+0000] {processor.py:175} INFO - Processing /home/airflow/.local/lib/python3.7/site-packages/airflow/example_dags/example_sensors.py took 0.121 seconds
[2023-03-17T03:21:45.080+0000] {processor.py:153} INFO - Started process (PID=4801) to work on /home/airflow/.local/lib/python3.7/site-packages/airflow/example_dags/example_sensors.py
[2023-03-17T03:21:45.081+0000] {processor.py:743} INFO - Processing file /home/airflow/.local/lib/python3.7/site-packages/airflow/example_dags/example_sensors.py for tasks to queue
[2023-03-17T03:21:45.082+0000] {logging_mixin.py:137} INFO - [2023-03-17T03:21:45.082+0000] {dagbag.py:532} INFO - Filling up the DagBag from /home/airflow/.local/lib/python3.7/site-packages/airflow/example_dags/example_sensors.py
[2023-03-17T03:21:45.106+0000] {processor.py:753} INFO - DAG(s) dict_keys(['example_sensors']) retrieved from /home/airflow/.local/lib/python3.7/site-packages/airflow/example_dags/example_sensors.py
[2023-03-17T03:21:45.140+0000] {logging_mixin.py:137} INFO - [2023-03-17T03:21:45.140+0000] {dag.py:2693} INFO - Sync 1 DAGs
[2023-03-17T03:21:45.172+0000] {logging_mixin.py:137} INFO - [2023-03-17T03:21:45.172+0000] {dag.py:3444} INFO - Setting next_dagrun for example_sensors to None, run_after=None
[2023-03-17T03:21:45.199+0000] {processor.py:175} INFO - Processing /home/airflow/.local/lib/python3.7/site-packages/airflow/example_dags/example_sensors.py took 0.123 seconds
[2023-03-17T03:22:15.409+0000] {processor.py:153} INFO - Started process (PID=5018) to work on /home/airflow/.local/lib/python3.7/site-packages/airflow/example_dags/example_sensors.py
[2023-03-17T03:22:15.410+0000] {processor.py:743} INFO - Processing file /home/airflow/.local/lib/python3.7/site-packages/airflow/example_dags/example_sensors.py for tasks to queue
[2023-03-17T03:22:15.411+0000] {logging_mixin.py:137} INFO - [2023-03-17T03:22:15.411+0000] {dagbag.py:532} INFO - Filling up the DagBag from /home/airflow/.local/lib/python3.7/site-packages/airflow/example_dags/example_sensors.py
[2023-03-17T03:22:15.434+0000] {processor.py:753} INFO - DAG(s) dict_keys(['example_sensors']) retrieved from /home/airflow/.local/lib/python3.7/site-packages/airflow/example_dags/example_sensors.py
[2023-03-17T03:22:15.472+0000] {logging_mixin.py:137} INFO - [2023-03-17T03:22:15.472+0000] {dag.py:2693} INFO - Sync 1 DAGs
[2023-03-17T03:22:15.502+0000] {logging_mixin.py:137} INFO - [2023-03-17T03:22:15.502+0000] {dag.py:3444} INFO - Setting next_dagrun for example_sensors to None, run_after=None
[2023-03-17T03:22:15.528+0000] {processor.py:175} INFO - Processing /home/airflow/.local/lib/python3.7/site-packages/airflow/example_dags/example_sensors.py took 0.122 seconds
[2023-03-17T03:22:45.856+0000] {processor.py:153} INFO - Started process (PID=5235) to work on /home/airflow/.local/lib/python3.7/site-packages/airflow/example_dags/example_sensors.py
[2023-03-17T03:22:45.857+0000] {processor.py:743} INFO - Processing file /home/airflow/.local/lib/python3.7/site-packages/airflow/example_dags/example_sensors.py for tasks to queue
[2023-03-17T03:22:45.858+0000] {logging_mixin.py:137} INFO - [2023-03-17T03:22:45.858+0000] {dagbag.py:532} INFO - Filling up the DagBag from /home/airflow/.local/lib/python3.7/site-packages/airflow/example_dags/example_sensors.py
[2023-03-17T03:22:45.886+0000] {processor.py:753} INFO - DAG(s) dict_keys(['example_sensors']) retrieved from /home/airflow/.local/lib/python3.7/site-packages/airflow/example_dags/example_sensors.py
[2023-03-17T03:22:45.934+0000] {logging_mixin.py:137} INFO - [2023-03-17T03:22:45.934+0000] {dag.py:2693} INFO - Sync 1 DAGs
[2023-03-17T03:22:45.978+0000] {logging_mixin.py:137} INFO - [2023-03-17T03:22:45.978+0000] {dag.py:3444} INFO - Setting next_dagrun for example_sensors to None, run_after=None
[2023-03-17T03:22:46.021+0000] {processor.py:175} INFO - Processing /home/airflow/.local/lib/python3.7/site-packages/airflow/example_dags/example_sensors.py took 0.169 seconds
[2023-03-17T03:23:16.257+0000] {processor.py:153} INFO - Started process (PID=5453) to work on /home/airflow/.local/lib/python3.7/site-packages/airflow/example_dags/example_sensors.py
[2023-03-17T03:23:16.259+0000] {processor.py:743} INFO - Processing file /home/airflow/.local/lib/python3.7/site-packages/airflow/example_dags/example_sensors.py for tasks to queue
[2023-03-17T03:23:16.260+0000] {logging_mixin.py:137} INFO - [2023-03-17T03:23:16.259+0000] {dagbag.py:532} INFO - Filling up the DagBag from /home/airflow/.local/lib/python3.7/site-packages/airflow/example_dags/example_sensors.py
[2023-03-17T03:23:16.282+0000] {processor.py:753} INFO - DAG(s) dict_keys(['example_sensors']) retrieved from /home/airflow/.local/lib/python3.7/site-packages/airflow/example_dags/example_sensors.py
[2023-03-17T03:23:16.319+0000] {logging_mixin.py:137} INFO - [2023-03-17T03:23:16.319+0000] {dag.py:2693} INFO - Sync 1 DAGs
[2023-03-17T03:23:16.352+0000] {logging_mixin.py:137} INFO - [2023-03-17T03:23:16.352+0000] {dag.py:3444} INFO - Setting next_dagrun for example_sensors to None, run_after=None
[2023-03-17T03:23:16.379+0000] {processor.py:175} INFO - Processing /home/airflow/.local/lib/python3.7/site-packages/airflow/example_dags/example_sensors.py took 0.126 seconds
[2023-03-17T03:23:46.758+0000] {processor.py:153} INFO - Started process (PID=5670) to work on /home/airflow/.local/lib/python3.7/site-packages/airflow/example_dags/example_sensors.py
[2023-03-17T03:23:46.759+0000] {processor.py:743} INFO - Processing file /home/airflow/.local/lib/python3.7/site-packages/airflow/example_dags/example_sensors.py for tasks to queue
[2023-03-17T03:23:46.760+0000] {logging_mixin.py:137} INFO - [2023-03-17T03:23:46.760+0000] {dagbag.py:532} INFO - Filling up the DagBag from /home/airflow/.local/lib/python3.7/site-packages/airflow/example_dags/example_sensors.py
[2023-03-17T03:23:46.782+0000] {processor.py:753} INFO - DAG(s) dict_keys(['example_sensors']) retrieved from /home/airflow/.local/lib/python3.7/site-packages/airflow/example_dags/example_sensors.py
[2023-03-17T03:23:46.817+0000] {logging_mixin.py:137} INFO - [2023-03-17T03:23:46.817+0000] {dag.py:2693} INFO - Sync 1 DAGs
[2023-03-17T03:23:46.851+0000] {logging_mixin.py:137} INFO - [2023-03-17T03:23:46.851+0000] {dag.py:3444} INFO - Setting next_dagrun for example_sensors to None, run_after=None
[2023-03-17T03:23:46.878+0000] {processor.py:175} INFO - Processing /home/airflow/.local/lib/python3.7/site-packages/airflow/example_dags/example_sensors.py took 0.123 seconds
[2023-03-17T03:24:17.148+0000] {processor.py:153} INFO - Started process (PID=5887) to work on /home/airflow/.local/lib/python3.7/site-packages/airflow/example_dags/example_sensors.py
[2023-03-17T03:24:17.149+0000] {processor.py:743} INFO - Processing file /home/airflow/.local/lib/python3.7/site-packages/airflow/example_dags/example_sensors.py for tasks to queue
[2023-03-17T03:24:17.150+0000] {logging_mixin.py:137} INFO - [2023-03-17T03:24:17.150+0000] {dagbag.py:532} INFO - Filling up the DagBag from /home/airflow/.local/lib/python3.7/site-packages/airflow/example_dags/example_sensors.py
[2023-03-17T03:24:17.177+0000] {processor.py:753} INFO - DAG(s) dict_keys(['example_sensors']) retrieved from /home/airflow/.local/lib/python3.7/site-packages/airflow/example_dags/example_sensors.py
[2023-03-17T03:24:17.215+0000] {logging_mixin.py:137} INFO - [2023-03-17T03:24:17.215+0000] {dag.py:2693} INFO - Sync 1 DAGs
[2023-03-17T03:24:17.246+0000] {logging_mixin.py:137} INFO - [2023-03-17T03:24:17.246+0000] {dag.py:3444} INFO - Setting next_dagrun for example_sensors to None, run_after=None
[2023-03-17T03:24:17.271+0000] {processor.py:175} INFO - Processing /home/airflow/.local/lib/python3.7/site-packages/airflow/example_dags/example_sensors.py took 0.127 seconds
[2023-03-17T03:24:47.668+0000] {processor.py:153} INFO - Started process (PID=6104) to work on /home/airflow/.local/lib/python3.7/site-packages/airflow/example_dags/example_sensors.py
[2023-03-17T03:24:47.669+0000] {processor.py:743} INFO - Processing file /home/airflow/.local/lib/python3.7/site-packages/airflow/example_dags/example_sensors.py for tasks to queue
[2023-03-17T03:24:47.670+0000] {logging_mixin.py:137} INFO - [2023-03-17T03:24:47.670+0000] {dagbag.py:532} INFO - Filling up the DagBag from /home/airflow/.local/lib/python3.7/site-packages/airflow/example_dags/example_sensors.py
[2023-03-17T03:24:47.693+0000] {processor.py:753} INFO - DAG(s) dict_keys(['example_sensors']) retrieved from /home/airflow/.local/lib/python3.7/site-packages/airflow/example_dags/example_sensors.py
[2023-03-17T03:24:47.726+0000] {logging_mixin.py:137} INFO - [2023-03-17T03:24:47.726+0000] {dag.py:2693} INFO - Sync 1 DAGs
[2023-03-17T03:24:47.758+0000] {logging_mixin.py:137} INFO - [2023-03-17T03:24:47.757+0000] {dag.py:3444} INFO - Setting next_dagrun for example_sensors to None, run_after=None
[2023-03-17T03:24:47.783+0000] {processor.py:175} INFO - Processing /home/airflow/.local/lib/python3.7/site-packages/airflow/example_dags/example_sensors.py took 0.119 seconds
[2023-03-17T03:25:18.008+0000] {processor.py:153} INFO - Started process (PID=6321) to work on /home/airflow/.local/lib/python3.7/site-packages/airflow/example_dags/example_sensors.py
[2023-03-17T03:25:18.009+0000] {processor.py:743} INFO - Processing file /home/airflow/.local/lib/python3.7/site-packages/airflow/example_dags/example_sensors.py for tasks to queue
[2023-03-17T03:25:18.010+0000] {logging_mixin.py:137} INFO - [2023-03-17T03:25:18.010+0000] {dagbag.py:532} INFO - Filling up the DagBag from /home/airflow/.local/lib/python3.7/site-packages/airflow/example_dags/example_sensors.py
[2023-03-17T03:25:18.033+0000] {processor.py:753} INFO - DAG(s) dict_keys(['example_sensors']) retrieved from /home/airflow/.local/lib/python3.7/site-packages/airflow/example_dags/example_sensors.py
[2023-03-17T03:25:18.069+0000] {logging_mixin.py:137} INFO - [2023-03-17T03:25:18.068+0000] {dag.py:2693} INFO - Sync 1 DAGs
[2023-03-17T03:25:18.105+0000] {logging_mixin.py:137} INFO - [2023-03-17T03:25:18.105+0000] {dag.py:3444} INFO - Setting next_dagrun for example_sensors to None, run_after=None
[2023-03-17T03:25:18.130+0000] {processor.py:175} INFO - Processing /home/airflow/.local/lib/python3.7/site-packages/airflow/example_dags/example_sensors.py took 0.126 seconds
[2023-03-17T03:25:48.441+0000] {processor.py:153} INFO - Started process (PID=6538) to work on /home/airflow/.local/lib/python3.7/site-packages/airflow/example_dags/example_sensors.py
[2023-03-17T03:25:48.442+0000] {processor.py:743} INFO - Processing file /home/airflow/.local/lib/python3.7/site-packages/airflow/example_dags/example_sensors.py for tasks to queue
[2023-03-17T03:25:48.443+0000] {logging_mixin.py:137} INFO - [2023-03-17T03:25:48.443+0000] {dagbag.py:532} INFO - Filling up the DagBag from /home/airflow/.local/lib/python3.7/site-packages/airflow/example_dags/example_sensors.py
[2023-03-17T03:25:48.466+0000] {processor.py:753} INFO - DAG(s) dict_keys(['example_sensors']) retrieved from /home/airflow/.local/lib/python3.7/site-packages/airflow/example_dags/example_sensors.py
[2023-03-17T03:25:48.500+0000] {logging_mixin.py:137} INFO - [2023-03-17T03:25:48.500+0000] {dag.py:2693} INFO - Sync 1 DAGs
[2023-03-17T03:25:48.531+0000] {logging_mixin.py:137} INFO - [2023-03-17T03:25:48.531+0000] {dag.py:3444} INFO - Setting next_dagrun for example_sensors to None, run_after=None
[2023-03-17T03:25:48.558+0000] {processor.py:175} INFO - Processing /home/airflow/.local/lib/python3.7/site-packages/airflow/example_dags/example_sensors.py took 0.121 seconds
[2023-03-17T03:26:18.889+0000] {processor.py:153} INFO - Started process (PID=6755) to work on /home/airflow/.local/lib/python3.7/site-packages/airflow/example_dags/example_sensors.py
[2023-03-17T03:26:18.890+0000] {processor.py:743} INFO - Processing file /home/airflow/.local/lib/python3.7/site-packages/airflow/example_dags/example_sensors.py for tasks to queue
[2023-03-17T03:26:18.891+0000] {logging_mixin.py:137} INFO - [2023-03-17T03:26:18.891+0000] {dagbag.py:532} INFO - Filling up the DagBag from /home/airflow/.local/lib/python3.7/site-packages/airflow/example_dags/example_sensors.py
[2023-03-17T03:26:18.914+0000] {processor.py:753} INFO - DAG(s) dict_keys(['example_sensors']) retrieved from /home/airflow/.local/lib/python3.7/site-packages/airflow/example_dags/example_sensors.py
[2023-03-17T03:26:18.948+0000] {logging_mixin.py:137} INFO - [2023-03-17T03:26:18.948+0000] {dag.py:2693} INFO - Sync 1 DAGs
[2023-03-17T03:26:18.980+0000] {logging_mixin.py:137} INFO - [2023-03-17T03:26:18.979+0000] {dag.py:3444} INFO - Setting next_dagrun for example_sensors to None, run_after=None
[2023-03-17T03:26:19.008+0000] {processor.py:175} INFO - Processing /home/airflow/.local/lib/python3.7/site-packages/airflow/example_dags/example_sensors.py took 0.122 seconds
[2023-03-17T03:26:49.427+0000] {processor.py:153} INFO - Started process (PID=6972) to work on /home/airflow/.local/lib/python3.7/site-packages/airflow/example_dags/example_sensors.py
[2023-03-17T03:26:49.428+0000] {processor.py:743} INFO - Processing file /home/airflow/.local/lib/python3.7/site-packages/airflow/example_dags/example_sensors.py for tasks to queue
[2023-03-17T03:26:49.429+0000] {logging_mixin.py:137} INFO - [2023-03-17T03:26:49.429+0000] {dagbag.py:532} INFO - Filling up the DagBag from /home/airflow/.local/lib/python3.7/site-packages/airflow/example_dags/example_sensors.py
[2023-03-17T03:26:49.451+0000] {processor.py:753} INFO - DAG(s) dict_keys(['example_sensors']) retrieved from /home/airflow/.local/lib/python3.7/site-packages/airflow/example_dags/example_sensors.py
[2023-03-17T03:26:49.486+0000] {logging_mixin.py:137} INFO - [2023-03-17T03:26:49.486+0000] {dag.py:2693} INFO - Sync 1 DAGs
[2023-03-17T03:26:49.519+0000] {logging_mixin.py:137} INFO - [2023-03-17T03:26:49.518+0000] {dag.py:3444} INFO - Setting next_dagrun for example_sensors to None, run_after=None
[2023-03-17T03:26:49.545+0000] {processor.py:175} INFO - Processing /home/airflow/.local/lib/python3.7/site-packages/airflow/example_dags/example_sensors.py took 0.123 seconds
[2023-03-17T03:27:19.794+0000] {processor.py:153} INFO - Started process (PID=7189) to work on /home/airflow/.local/lib/python3.7/site-packages/airflow/example_dags/example_sensors.py
[2023-03-17T03:27:19.795+0000] {processor.py:743} INFO - Processing file /home/airflow/.local/lib/python3.7/site-packages/airflow/example_dags/example_sensors.py for tasks to queue
[2023-03-17T03:27:19.796+0000] {logging_mixin.py:137} INFO - [2023-03-17T03:27:19.796+0000] {dagbag.py:532} INFO - Filling up the DagBag from /home/airflow/.local/lib/python3.7/site-packages/airflow/example_dags/example_sensors.py
[2023-03-17T03:27:19.821+0000] {processor.py:753} INFO - DAG(s) dict_keys(['example_sensors']) retrieved from /home/airflow/.local/lib/python3.7/site-packages/airflow/example_dags/example_sensors.py
[2023-03-17T03:27:19.858+0000] {logging_mixin.py:137} INFO - [2023-03-17T03:27:19.858+0000] {dag.py:2693} INFO - Sync 1 DAGs
[2023-03-17T03:27:19.896+0000] {logging_mixin.py:137} INFO - [2023-03-17T03:27:19.896+0000] {dag.py:3444} INFO - Setting next_dagrun for example_sensors to None, run_after=None
[2023-03-17T03:27:19.921+0000] {processor.py:175} INFO - Processing /home/airflow/.local/lib/python3.7/site-packages/airflow/example_dags/example_sensors.py took 0.131 seconds
[2023-03-17T03:27:50.149+0000] {processor.py:153} INFO - Started process (PID=7406) to work on /home/airflow/.local/lib/python3.7/site-packages/airflow/example_dags/example_sensors.py
[2023-03-17T03:27:50.150+0000] {processor.py:743} INFO - Processing file /home/airflow/.local/lib/python3.7/site-packages/airflow/example_dags/example_sensors.py for tasks to queue
[2023-03-17T03:27:50.151+0000] {logging_mixin.py:137} INFO - [2023-03-17T03:27:50.151+0000] {dagbag.py:532} INFO - Filling up the DagBag from /home/airflow/.local/lib/python3.7/site-packages/airflow/example_dags/example_sensors.py
[2023-03-17T03:27:50.173+0000] {processor.py:753} INFO - DAG(s) dict_keys(['example_sensors']) retrieved from /home/airflow/.local/lib/python3.7/site-packages/airflow/example_dags/example_sensors.py
[2023-03-17T03:27:50.210+0000] {logging_mixin.py:137} INFO - [2023-03-17T03:27:50.210+0000] {dag.py:2693} INFO - Sync 1 DAGs
[2023-03-17T03:27:50.243+0000] {logging_mixin.py:137} INFO - [2023-03-17T03:27:50.243+0000] {dag.py:3444} INFO - Setting next_dagrun for example_sensors to None, run_after=None
[2023-03-17T03:27:50.269+0000] {processor.py:175} INFO - Processing /home/airflow/.local/lib/python3.7/site-packages/airflow/example_dags/example_sensors.py took 0.124 seconds
[2023-03-17T03:28:20.528+0000] {processor.py:153} INFO - Started process (PID=7623) to work on /home/airflow/.local/lib/python3.7/site-packages/airflow/example_dags/example_sensors.py
[2023-03-17T03:28:20.530+0000] {processor.py:743} INFO - Processing file /home/airflow/.local/lib/python3.7/site-packages/airflow/example_dags/example_sensors.py for tasks to queue
[2023-03-17T03:28:20.531+0000] {logging_mixin.py:137} INFO - [2023-03-17T03:28:20.531+0000] {dagbag.py:532} INFO - Filling up the DagBag from /home/airflow/.local/lib/python3.7/site-packages/airflow/example_dags/example_sensors.py
[2023-03-17T03:28:20.554+0000] {processor.py:753} INFO - DAG(s) dict_keys(['example_sensors']) retrieved from /home/airflow/.local/lib/python3.7/site-packages/airflow/example_dags/example_sensors.py
[2023-03-17T03:28:20.590+0000] {logging_mixin.py:137} INFO - [2023-03-17T03:28:20.590+0000] {dag.py:2693} INFO - Sync 1 DAGs
[2023-03-17T03:28:20.621+0000] {logging_mixin.py:137} INFO - [2023-03-17T03:28:20.621+0000] {dag.py:3444} INFO - Setting next_dagrun for example_sensors to None, run_after=None
[2023-03-17T03:28:20.646+0000] {processor.py:175} INFO - Processing /home/airflow/.local/lib/python3.7/site-packages/airflow/example_dags/example_sensors.py took 0.121 seconds
[2023-03-17T03:28:50.996+0000] {processor.py:153} INFO - Started process (PID=7840) to work on /home/airflow/.local/lib/python3.7/site-packages/airflow/example_dags/example_sensors.py
[2023-03-17T03:28:50.997+0000] {processor.py:743} INFO - Processing file /home/airflow/.local/lib/python3.7/site-packages/airflow/example_dags/example_sensors.py for tasks to queue
[2023-03-17T03:28:50.999+0000] {logging_mixin.py:137} INFO - [2023-03-17T03:28:50.998+0000] {dagbag.py:532} INFO - Filling up the DagBag from /home/airflow/.local/lib/python3.7/site-packages/airflow/example_dags/example_sensors.py
[2023-03-17T03:28:51.025+0000] {processor.py:753} INFO - DAG(s) dict_keys(['example_sensors']) retrieved from /home/airflow/.local/lib/python3.7/site-packages/airflow/example_dags/example_sensors.py
[2023-03-17T03:28:51.063+0000] {logging_mixin.py:137} INFO - [2023-03-17T03:28:51.063+0000] {dag.py:2693} INFO - Sync 1 DAGs
[2023-03-17T03:28:51.095+0000] {logging_mixin.py:137} INFO - [2023-03-17T03:28:51.094+0000] {dag.py:3444} INFO - Setting next_dagrun for example_sensors to None, run_after=None
[2023-03-17T03:28:51.122+0000] {processor.py:175} INFO - Processing /home/airflow/.local/lib/python3.7/site-packages/airflow/example_dags/example_sensors.py took 0.132 seconds
[2023-03-17T03:29:21.270+0000] {processor.py:153} INFO - Started process (PID=8058) to work on /home/airflow/.local/lib/python3.7/site-packages/airflow/example_dags/example_sensors.py
[2023-03-17T03:29:21.272+0000] {processor.py:743} INFO - Processing file /home/airflow/.local/lib/python3.7/site-packages/airflow/example_dags/example_sensors.py for tasks to queue
[2023-03-17T03:29:21.273+0000] {logging_mixin.py:137} INFO - [2023-03-17T03:29:21.272+0000] {dagbag.py:532} INFO - Filling up the DagBag from /home/airflow/.local/lib/python3.7/site-packages/airflow/example_dags/example_sensors.py
[2023-03-17T03:29:21.301+0000] {processor.py:753} INFO - DAG(s) dict_keys(['example_sensors']) retrieved from /home/airflow/.local/lib/python3.7/site-packages/airflow/example_dags/example_sensors.py
[2023-03-17T03:29:21.348+0000] {logging_mixin.py:137} INFO - [2023-03-17T03:29:21.348+0000] {dag.py:2693} INFO - Sync 1 DAGs
[2023-03-17T03:29:21.383+0000] {logging_mixin.py:137} INFO - [2023-03-17T03:29:21.382+0000] {dag.py:3444} INFO - Setting next_dagrun for example_sensors to None, run_after=None
[2023-03-17T03:29:21.412+0000] {processor.py:175} INFO - Processing /home/airflow/.local/lib/python3.7/site-packages/airflow/example_dags/example_sensors.py took 0.145 seconds
[2023-03-17T03:29:51.713+0000] {processor.py:153} INFO - Started process (PID=8275) to work on /home/airflow/.local/lib/python3.7/site-packages/airflow/example_dags/example_sensors.py
[2023-03-17T03:29:51.715+0000] {processor.py:743} INFO - Processing file /home/airflow/.local/lib/python3.7/site-packages/airflow/example_dags/example_sensors.py for tasks to queue
[2023-03-17T03:29:51.716+0000] {logging_mixin.py:137} INFO - [2023-03-17T03:29:51.715+0000] {dagbag.py:532} INFO - Filling up the DagBag from /home/airflow/.local/lib/python3.7/site-packages/airflow/example_dags/example_sensors.py
[2023-03-17T03:29:51.739+0000] {processor.py:753} INFO - DAG(s) dict_keys(['example_sensors']) retrieved from /home/airflow/.local/lib/python3.7/site-packages/airflow/example_dags/example_sensors.py
[2023-03-17T03:29:51.774+0000] {logging_mixin.py:137} INFO - [2023-03-17T03:29:51.774+0000] {dag.py:2693} INFO - Sync 1 DAGs
[2023-03-17T03:29:51.806+0000] {logging_mixin.py:137} INFO - [2023-03-17T03:29:51.805+0000] {dag.py:3444} INFO - Setting next_dagrun for example_sensors to None, run_after=None
[2023-03-17T03:29:51.832+0000] {processor.py:175} INFO - Processing /home/airflow/.local/lib/python3.7/site-packages/airflow/example_dags/example_sensors.py took 0.123 seconds
[2023-03-17T03:30:22.153+0000] {processor.py:153} INFO - Started process (PID=8494) to work on /home/airflow/.local/lib/python3.7/site-packages/airflow/example_dags/example_sensors.py
[2023-03-17T03:30:22.155+0000] {processor.py:743} INFO - Processing file /home/airflow/.local/lib/python3.7/site-packages/airflow/example_dags/example_sensors.py for tasks to queue
[2023-03-17T03:30:22.156+0000] {logging_mixin.py:137} INFO - [2023-03-17T03:30:22.155+0000] {dagbag.py:532} INFO - Filling up the DagBag from /home/airflow/.local/lib/python3.7/site-packages/airflow/example_dags/example_sensors.py
[2023-03-17T03:30:22.177+0000] {processor.py:753} INFO - DAG(s) dict_keys(['example_sensors']) retrieved from /home/airflow/.local/lib/python3.7/site-packages/airflow/example_dags/example_sensors.py
[2023-03-17T03:30:22.212+0000] {logging_mixin.py:137} INFO - [2023-03-17T03:30:22.212+0000] {dag.py:2693} INFO - Sync 1 DAGs
[2023-03-17T03:30:22.244+0000] {logging_mixin.py:137} INFO - [2023-03-17T03:30:22.243+0000] {dag.py:3444} INFO - Setting next_dagrun for example_sensors to None, run_after=None
[2023-03-17T03:30:22.271+0000] {processor.py:175} INFO - Processing /home/airflow/.local/lib/python3.7/site-packages/airflow/example_dags/example_sensors.py took 0.121 seconds
[2023-03-17T03:30:52.831+0000] {processor.py:153} INFO - Started process (PID=8709) to work on /home/airflow/.local/lib/python3.7/site-packages/airflow/example_dags/example_sensors.py
[2023-03-17T03:30:52.832+0000] {processor.py:743} INFO - Processing file /home/airflow/.local/lib/python3.7/site-packages/airflow/example_dags/example_sensors.py for tasks to queue
[2023-03-17T03:30:52.832+0000] {logging_mixin.py:137} INFO - [2023-03-17T03:30:52.832+0000] {dagbag.py:532} INFO - Filling up the DagBag from /home/airflow/.local/lib/python3.7/site-packages/airflow/example_dags/example_sensors.py
[2023-03-17T03:30:52.856+0000] {processor.py:753} INFO - DAG(s) dict_keys(['example_sensors']) retrieved from /home/airflow/.local/lib/python3.7/site-packages/airflow/example_dags/example_sensors.py
[2023-03-17T03:30:52.891+0000] {logging_mixin.py:137} INFO - [2023-03-17T03:30:52.891+0000] {dag.py:2693} INFO - Sync 1 DAGs
[2023-03-17T03:30:52.923+0000] {logging_mixin.py:137} INFO - [2023-03-17T03:30:52.923+0000] {dag.py:3444} INFO - Setting next_dagrun for example_sensors to None, run_after=None
[2023-03-17T03:30:52.950+0000] {processor.py:175} INFO - Processing /home/airflow/.local/lib/python3.7/site-packages/airflow/example_dags/example_sensors.py took 0.124 seconds
[2023-03-17T03:31:23.161+0000] {processor.py:153} INFO - Started process (PID=8926) to work on /home/airflow/.local/lib/python3.7/site-packages/airflow/example_dags/example_sensors.py
[2023-03-17T03:31:23.162+0000] {processor.py:743} INFO - Processing file /home/airflow/.local/lib/python3.7/site-packages/airflow/example_dags/example_sensors.py for tasks to queue
[2023-03-17T03:31:23.163+0000] {logging_mixin.py:137} INFO - [2023-03-17T03:31:23.163+0000] {dagbag.py:532} INFO - Filling up the DagBag from /home/airflow/.local/lib/python3.7/site-packages/airflow/example_dags/example_sensors.py
[2023-03-17T03:31:23.186+0000] {processor.py:753} INFO - DAG(s) dict_keys(['example_sensors']) retrieved from /home/airflow/.local/lib/python3.7/site-packages/airflow/example_dags/example_sensors.py
[2023-03-17T03:31:23.221+0000] {logging_mixin.py:137} INFO - [2023-03-17T03:31:23.221+0000] {dag.py:2693} INFO - Sync 1 DAGs
[2023-03-17T03:31:23.252+0000] {logging_mixin.py:137} INFO - [2023-03-17T03:31:23.252+0000] {dag.py:3444} INFO - Setting next_dagrun for example_sensors to None, run_after=None
[2023-03-17T03:31:23.279+0000] {processor.py:175} INFO - Processing /home/airflow/.local/lib/python3.7/site-packages/airflow/example_dags/example_sensors.py took 0.121 seconds
[2023-03-17T03:31:53.503+0000] {processor.py:153} INFO - Started process (PID=9143) to work on /home/airflow/.local/lib/python3.7/site-packages/airflow/example_dags/example_sensors.py
[2023-03-17T03:31:53.505+0000] {processor.py:743} INFO - Processing file /home/airflow/.local/lib/python3.7/site-packages/airflow/example_dags/example_sensors.py for tasks to queue
[2023-03-17T03:31:53.506+0000] {logging_mixin.py:137} INFO - [2023-03-17T03:31:53.506+0000] {dagbag.py:532} INFO - Filling up the DagBag from /home/airflow/.local/lib/python3.7/site-packages/airflow/example_dags/example_sensors.py
[2023-03-17T03:31:53.533+0000] {processor.py:753} INFO - DAG(s) dict_keys(['example_sensors']) retrieved from /home/airflow/.local/lib/python3.7/site-packages/airflow/example_dags/example_sensors.py
[2023-03-17T03:31:53.569+0000] {logging_mixin.py:137} INFO - [2023-03-17T03:31:53.568+0000] {dag.py:2693} INFO - Sync 1 DAGs
[2023-03-17T03:31:53.599+0000] {logging_mixin.py:137} INFO - [2023-03-17T03:31:53.598+0000] {dag.py:3444} INFO - Setting next_dagrun for example_sensors to None, run_after=None
[2023-03-17T03:31:53.624+0000] {processor.py:175} INFO - Processing /home/airflow/.local/lib/python3.7/site-packages/airflow/example_dags/example_sensors.py took 0.125 seconds
[2023-03-17T03:32:23.984+0000] {processor.py:153} INFO - Started process (PID=9360) to work on /home/airflow/.local/lib/python3.7/site-packages/airflow/example_dags/example_sensors.py
[2023-03-17T03:32:23.986+0000] {processor.py:743} INFO - Processing file /home/airflow/.local/lib/python3.7/site-packages/airflow/example_dags/example_sensors.py for tasks to queue
[2023-03-17T03:32:23.987+0000] {logging_mixin.py:137} INFO - [2023-03-17T03:32:23.986+0000] {dagbag.py:532} INFO - Filling up the DagBag from /home/airflow/.local/lib/python3.7/site-packages/airflow/example_dags/example_sensors.py
[2023-03-17T03:32:24.009+0000] {processor.py:753} INFO - DAG(s) dict_keys(['example_sensors']) retrieved from /home/airflow/.local/lib/python3.7/site-packages/airflow/example_dags/example_sensors.py
[2023-03-17T03:32:24.043+0000] {logging_mixin.py:137} INFO - [2023-03-17T03:32:24.043+0000] {dag.py:2693} INFO - Sync 1 DAGs
[2023-03-17T03:32:24.075+0000] {logging_mixin.py:137} INFO - [2023-03-17T03:32:24.075+0000] {dag.py:3444} INFO - Setting next_dagrun for example_sensors to None, run_after=None
[2023-03-17T03:32:24.103+0000] {processor.py:175} INFO - Processing /home/airflow/.local/lib/python3.7/site-packages/airflow/example_dags/example_sensors.py took 0.123 seconds
[2023-03-17T03:32:54.623+0000] {processor.py:153} INFO - Started process (PID=9577) to work on /home/airflow/.local/lib/python3.7/site-packages/airflow/example_dags/example_sensors.py
[2023-03-17T03:32:54.625+0000] {processor.py:743} INFO - Processing file /home/airflow/.local/lib/python3.7/site-packages/airflow/example_dags/example_sensors.py for tasks to queue
[2023-03-17T03:32:54.626+0000] {logging_mixin.py:137} INFO - [2023-03-17T03:32:54.625+0000] {dagbag.py:532} INFO - Filling up the DagBag from /home/airflow/.local/lib/python3.7/site-packages/airflow/example_dags/example_sensors.py
[2023-03-17T03:32:54.653+0000] {processor.py:753} INFO - DAG(s) dict_keys(['example_sensors']) retrieved from /home/airflow/.local/lib/python3.7/site-packages/airflow/example_dags/example_sensors.py
[2023-03-17T03:32:54.692+0000] {logging_mixin.py:137} INFO - [2023-03-17T03:32:54.692+0000] {dag.py:2693} INFO - Sync 1 DAGs
[2023-03-17T03:32:54.730+0000] {logging_mixin.py:137} INFO - [2023-03-17T03:32:54.730+0000] {dag.py:3444} INFO - Setting next_dagrun for example_sensors to None, run_after=None
[2023-03-17T03:32:54.762+0000] {processor.py:175} INFO - Processing /home/airflow/.local/lib/python3.7/site-packages/airflow/example_dags/example_sensors.py took 0.142 seconds
[2023-03-17T03:33:25.436+0000] {processor.py:153} INFO - Started process (PID=9795) to work on /home/airflow/.local/lib/python3.7/site-packages/airflow/example_dags/example_sensors.py
[2023-03-17T03:33:25.437+0000] {processor.py:743} INFO - Processing file /home/airflow/.local/lib/python3.7/site-packages/airflow/example_dags/example_sensors.py for tasks to queue
[2023-03-17T03:33:25.439+0000] {logging_mixin.py:137} INFO - [2023-03-17T03:33:25.438+0000] {dagbag.py:532} INFO - Filling up the DagBag from /home/airflow/.local/lib/python3.7/site-packages/airflow/example_dags/example_sensors.py
[2023-03-17T03:33:25.461+0000] {processor.py:753} INFO - DAG(s) dict_keys(['example_sensors']) retrieved from /home/airflow/.local/lib/python3.7/site-packages/airflow/example_dags/example_sensors.py
[2023-03-17T03:33:25.498+0000] {logging_mixin.py:137} INFO - [2023-03-17T03:33:25.498+0000] {dag.py:2693} INFO - Sync 1 DAGs
[2023-03-17T03:33:25.531+0000] {logging_mixin.py:137} INFO - [2023-03-17T03:33:25.531+0000] {dag.py:3444} INFO - Setting next_dagrun for example_sensors to None, run_after=None
[2023-03-17T03:33:25.560+0000] {processor.py:175} INFO - Processing /home/airflow/.local/lib/python3.7/site-packages/airflow/example_dags/example_sensors.py took 0.129 seconds
[2023-03-17T03:33:56.023+0000] {processor.py:153} INFO - Started process (PID=10012) to work on /home/airflow/.local/lib/python3.7/site-packages/airflow/example_dags/example_sensors.py
[2023-03-17T03:33:56.024+0000] {processor.py:743} INFO - Processing file /home/airflow/.local/lib/python3.7/site-packages/airflow/example_dags/example_sensors.py for tasks to queue
[2023-03-17T03:33:56.026+0000] {logging_mixin.py:137} INFO - [2023-03-17T03:33:56.026+0000] {dagbag.py:532} INFO - Filling up the DagBag from /home/airflow/.local/lib/python3.7/site-packages/airflow/example_dags/example_sensors.py
[2023-03-17T03:33:56.056+0000] {processor.py:753} INFO - DAG(s) dict_keys(['example_sensors']) retrieved from /home/airflow/.local/lib/python3.7/site-packages/airflow/example_dags/example_sensors.py
[2023-03-17T03:33:56.089+0000] {logging_mixin.py:137} INFO - [2023-03-17T03:33:56.089+0000] {dag.py:2693} INFO - Sync 1 DAGs
[2023-03-17T03:33:56.121+0000] {logging_mixin.py:137} INFO - [2023-03-17T03:33:56.121+0000] {dag.py:3444} INFO - Setting next_dagrun for example_sensors to None, run_after=None
[2023-03-17T03:33:56.152+0000] {processor.py:175} INFO - Processing /home/airflow/.local/lib/python3.7/site-packages/airflow/example_dags/example_sensors.py took 0.133 seconds
[2023-03-17T03:34:26.609+0000] {processor.py:153} INFO - Started process (PID=10232) to work on /home/airflow/.local/lib/python3.7/site-packages/airflow/example_dags/example_sensors.py
[2023-03-17T03:34:26.610+0000] {processor.py:743} INFO - Processing file /home/airflow/.local/lib/python3.7/site-packages/airflow/example_dags/example_sensors.py for tasks to queue
[2023-03-17T03:34:26.612+0000] {logging_mixin.py:137} INFO - [2023-03-17T03:34:26.612+0000] {dagbag.py:532} INFO - Filling up the DagBag from /home/airflow/.local/lib/python3.7/site-packages/airflow/example_dags/example_sensors.py
[2023-03-17T03:34:26.643+0000] {processor.py:753} INFO - DAG(s) dict_keys(['example_sensors']) retrieved from /home/airflow/.local/lib/python3.7/site-packages/airflow/example_dags/example_sensors.py
[2023-03-17T03:34:26.687+0000] {logging_mixin.py:137} INFO - [2023-03-17T03:34:26.687+0000] {dag.py:2693} INFO - Sync 1 DAGs
[2023-03-17T03:34:26.723+0000] {logging_mixin.py:137} INFO - [2023-03-17T03:34:26.723+0000] {dag.py:3444} INFO - Setting next_dagrun for example_sensors to None, run_after=None
[2023-03-17T03:34:26.753+0000] {processor.py:175} INFO - Processing /home/airflow/.local/lib/python3.7/site-packages/airflow/example_dags/example_sensors.py took 0.149 seconds
