[2023-03-17T03:11:04.524+0000] {processor.py:153} INFO - Started process (PID=362) to work on /home/airflow/.local/lib/python3.7/site-packages/airflow/example_dags/example_xcomargs.py
[2023-03-17T03:11:04.526+0000] {processor.py:743} INFO - Processing file /home/airflow/.local/lib/python3.7/site-packages/airflow/example_dags/example_xcomargs.py for tasks to queue
[2023-03-17T03:11:04.527+0000] {logging_mixin.py:137} INFO - [2023-03-17T03:11:04.527+0000] {dagbag.py:532} INFO - Filling up the DagBag from /home/airflow/.local/lib/python3.7/site-packages/airflow/example_dags/example_xcomargs.py
[2023-03-17T03:11:04.578+0000] {processor.py:753} INFO - DAG(s) dict_keys(['example_xcom_args', 'example_xcom_args_with_operators']) retrieved from /home/airflow/.local/lib/python3.7/site-packages/airflow/example_dags/example_xcomargs.py
[2023-03-17T03:11:04.641+0000] {logging_mixin.py:137} INFO - [2023-03-17T03:11:04.640+0000] {dag.py:2693} INFO - Sync 2 DAGs
[2023-03-17T03:11:04.692+0000] {logging_mixin.py:137} INFO - [2023-03-17T03:11:04.692+0000] {dag.py:3444} INFO - Setting next_dagrun for example_xcom_args to None, run_after=None
[2023-03-17T03:11:04.698+0000] {logging_mixin.py:137} INFO - [2023-03-17T03:11:04.698+0000] {dag.py:3444} INFO - Setting next_dagrun for example_xcom_args_with_operators to None, run_after=None
[2023-03-17T03:11:04.736+0000] {processor.py:175} INFO - Processing /home/airflow/.local/lib/python3.7/site-packages/airflow/example_dags/example_xcomargs.py took 0.218 seconds
[2023-03-17T03:11:36.916+0000] {processor.py:153} INFO - Started process (PID=579) to work on /home/airflow/.local/lib/python3.7/site-packages/airflow/example_dags/example_xcomargs.py
[2023-03-17T03:11:36.917+0000] {processor.py:743} INFO - Processing file /home/airflow/.local/lib/python3.7/site-packages/airflow/example_dags/example_xcomargs.py for tasks to queue
[2023-03-17T03:11:36.919+0000] {logging_mixin.py:137} INFO - [2023-03-17T03:11:36.918+0000] {dagbag.py:532} INFO - Filling up the DagBag from /home/airflow/.local/lib/python3.7/site-packages/airflow/example_dags/example_xcomargs.py
[2023-03-17T03:11:36.964+0000] {processor.py:753} INFO - DAG(s) dict_keys(['example_xcom_args_with_operators', 'example_xcom_args']) retrieved from /home/airflow/.local/lib/python3.7/site-packages/airflow/example_dags/example_xcomargs.py
[2023-03-17T03:11:37.008+0000] {logging_mixin.py:137} INFO - [2023-03-17T03:11:37.008+0000] {dag.py:2693} INFO - Sync 2 DAGs
[2023-03-17T03:11:37.048+0000] {logging_mixin.py:137} INFO - [2023-03-17T03:11:37.047+0000] {dag.py:3444} INFO - Setting next_dagrun for example_xcom_args to None, run_after=None
[2023-03-17T03:11:37.053+0000] {logging_mixin.py:137} INFO - [2023-03-17T03:11:37.053+0000] {dag.py:3444} INFO - Setting next_dagrun for example_xcom_args_with_operators to None, run_after=None
[2023-03-17T03:11:37.082+0000] {processor.py:175} INFO - Processing /home/airflow/.local/lib/python3.7/site-packages/airflow/example_dags/example_xcomargs.py took 0.172 seconds
[2023-03-17T03:12:08.455+0000] {processor.py:153} INFO - Started process (PID=796) to work on /home/airflow/.local/lib/python3.7/site-packages/airflow/example_dags/example_xcomargs.py
[2023-03-17T03:12:08.457+0000] {processor.py:743} INFO - Processing file /home/airflow/.local/lib/python3.7/site-packages/airflow/example_dags/example_xcomargs.py for tasks to queue
[2023-03-17T03:12:08.459+0000] {logging_mixin.py:137} INFO - [2023-03-17T03:12:08.458+0000] {dagbag.py:532} INFO - Filling up the DagBag from /home/airflow/.local/lib/python3.7/site-packages/airflow/example_dags/example_xcomargs.py
[2023-03-17T03:12:08.524+0000] {processor.py:753} INFO - DAG(s) dict_keys(['example_xcom_args', 'example_xcom_args_with_operators']) retrieved from /home/airflow/.local/lib/python3.7/site-packages/airflow/example_dags/example_xcomargs.py
[2023-03-17T03:12:08.603+0000] {logging_mixin.py:137} INFO - [2023-03-17T03:12:08.603+0000] {dag.py:2693} INFO - Sync 2 DAGs
[2023-03-17T03:12:08.664+0000] {logging_mixin.py:137} INFO - [2023-03-17T03:12:08.664+0000] {dag.py:3444} INFO - Setting next_dagrun for example_xcom_args to None, run_after=None
[2023-03-17T03:12:08.673+0000] {logging_mixin.py:137} INFO - [2023-03-17T03:12:08.672+0000] {dag.py:3444} INFO - Setting next_dagrun for example_xcom_args_with_operators to None, run_after=None
[2023-03-17T03:12:08.713+0000] {processor.py:175} INFO - Processing /home/airflow/.local/lib/python3.7/site-packages/airflow/example_dags/example_xcomargs.py took 0.266 seconds
[2023-03-17T03:12:39.208+0000] {processor.py:153} INFO - Started process (PID=1013) to work on /home/airflow/.local/lib/python3.7/site-packages/airflow/example_dags/example_xcomargs.py
[2023-03-17T03:12:39.209+0000] {processor.py:743} INFO - Processing file /home/airflow/.local/lib/python3.7/site-packages/airflow/example_dags/example_xcomargs.py for tasks to queue
[2023-03-17T03:12:39.210+0000] {logging_mixin.py:137} INFO - [2023-03-17T03:12:39.210+0000] {dagbag.py:532} INFO - Filling up the DagBag from /home/airflow/.local/lib/python3.7/site-packages/airflow/example_dags/example_xcomargs.py
[2023-03-17T03:12:39.239+0000] {processor.py:753} INFO - DAG(s) dict_keys(['example_xcom_args_with_operators', 'example_xcom_args']) retrieved from /home/airflow/.local/lib/python3.7/site-packages/airflow/example_dags/example_xcomargs.py
[2023-03-17T03:12:39.273+0000] {logging_mixin.py:137} INFO - [2023-03-17T03:12:39.273+0000] {dag.py:2693} INFO - Sync 2 DAGs
[2023-03-17T03:12:39.306+0000] {logging_mixin.py:137} INFO - [2023-03-17T03:12:39.306+0000] {dag.py:3444} INFO - Setting next_dagrun for example_xcom_args to None, run_after=None
[2023-03-17T03:12:39.311+0000] {logging_mixin.py:137} INFO - [2023-03-17T03:12:39.310+0000] {dag.py:3444} INFO - Setting next_dagrun for example_xcom_args_with_operators to None, run_after=None
[2023-03-17T03:12:39.335+0000] {processor.py:175} INFO - Processing /home/airflow/.local/lib/python3.7/site-packages/airflow/example_dags/example_xcomargs.py took 0.130 seconds
[2023-03-17T03:13:10.164+0000] {processor.py:153} INFO - Started process (PID=1230) to work on /home/airflow/.local/lib/python3.7/site-packages/airflow/example_dags/example_xcomargs.py
[2023-03-17T03:13:10.165+0000] {processor.py:743} INFO - Processing file /home/airflow/.local/lib/python3.7/site-packages/airflow/example_dags/example_xcomargs.py for tasks to queue
[2023-03-17T03:13:10.166+0000] {logging_mixin.py:137} INFO - [2023-03-17T03:13:10.166+0000] {dagbag.py:532} INFO - Filling up the DagBag from /home/airflow/.local/lib/python3.7/site-packages/airflow/example_dags/example_xcomargs.py
[2023-03-17T03:13:10.195+0000] {processor.py:753} INFO - DAG(s) dict_keys(['example_xcom_args', 'example_xcom_args_with_operators']) retrieved from /home/airflow/.local/lib/python3.7/site-packages/airflow/example_dags/example_xcomargs.py
[2023-03-17T03:13:10.229+0000] {logging_mixin.py:137} INFO - [2023-03-17T03:13:10.229+0000] {dag.py:2693} INFO - Sync 2 DAGs
[2023-03-17T03:13:10.259+0000] {logging_mixin.py:137} INFO - [2023-03-17T03:13:10.259+0000] {dag.py:3444} INFO - Setting next_dagrun for example_xcom_args to None, run_after=None
[2023-03-17T03:13:10.263+0000] {logging_mixin.py:137} INFO - [2023-03-17T03:13:10.263+0000] {dag.py:3444} INFO - Setting next_dagrun for example_xcom_args_with_operators to None, run_after=None
[2023-03-17T03:13:10.287+0000] {processor.py:175} INFO - Processing /home/airflow/.local/lib/python3.7/site-packages/airflow/example_dags/example_xcomargs.py took 0.127 seconds
[2023-03-17T03:13:40.731+0000] {processor.py:153} INFO - Started process (PID=1452) to work on /home/airflow/.local/lib/python3.7/site-packages/airflow/example_dags/example_xcomargs.py
[2023-03-17T03:13:40.732+0000] {processor.py:743} INFO - Processing file /home/airflow/.local/lib/python3.7/site-packages/airflow/example_dags/example_xcomargs.py for tasks to queue
[2023-03-17T03:13:40.734+0000] {logging_mixin.py:137} INFO - [2023-03-17T03:13:40.733+0000] {dagbag.py:532} INFO - Filling up the DagBag from /home/airflow/.local/lib/python3.7/site-packages/airflow/example_dags/example_xcomargs.py
[2023-03-17T03:13:40.766+0000] {processor.py:753} INFO - DAG(s) dict_keys(['example_xcom_args', 'example_xcom_args_with_operators']) retrieved from /home/airflow/.local/lib/python3.7/site-packages/airflow/example_dags/example_xcomargs.py
[2023-03-17T03:13:40.808+0000] {logging_mixin.py:137} INFO - [2023-03-17T03:13:40.808+0000] {dag.py:2693} INFO - Sync 2 DAGs
[2023-03-17T03:13:40.839+0000] {logging_mixin.py:137} INFO - [2023-03-17T03:13:40.839+0000] {dag.py:3444} INFO - Setting next_dagrun for example_xcom_args to None, run_after=None
[2023-03-17T03:13:40.844+0000] {logging_mixin.py:137} INFO - [2023-03-17T03:13:40.844+0000] {dag.py:3444} INFO - Setting next_dagrun for example_xcom_args_with_operators to None, run_after=None
[2023-03-17T03:13:40.869+0000] {processor.py:175} INFO - Processing /home/airflow/.local/lib/python3.7/site-packages/airflow/example_dags/example_xcomargs.py took 0.141 seconds
[2023-03-17T03:14:11.027+0000] {processor.py:153} INFO - Started process (PID=1669) to work on /home/airflow/.local/lib/python3.7/site-packages/airflow/example_dags/example_xcomargs.py
[2023-03-17T03:14:11.028+0000] {processor.py:743} INFO - Processing file /home/airflow/.local/lib/python3.7/site-packages/airflow/example_dags/example_xcomargs.py for tasks to queue
[2023-03-17T03:14:11.029+0000] {logging_mixin.py:137} INFO - [2023-03-17T03:14:11.029+0000] {dagbag.py:532} INFO - Filling up the DagBag from /home/airflow/.local/lib/python3.7/site-packages/airflow/example_dags/example_xcomargs.py
[2023-03-17T03:14:11.059+0000] {processor.py:753} INFO - DAG(s) dict_keys(['example_xcom_args', 'example_xcom_args_with_operators']) retrieved from /home/airflow/.local/lib/python3.7/site-packages/airflow/example_dags/example_xcomargs.py
[2023-03-17T03:14:11.092+0000] {logging_mixin.py:137} INFO - [2023-03-17T03:14:11.092+0000] {dag.py:2693} INFO - Sync 2 DAGs
[2023-03-17T03:14:11.123+0000] {logging_mixin.py:137} INFO - [2023-03-17T03:14:11.123+0000] {dag.py:3444} INFO - Setting next_dagrun for example_xcom_args to None, run_after=None
[2023-03-17T03:14:11.129+0000] {logging_mixin.py:137} INFO - [2023-03-17T03:14:11.129+0000] {dag.py:3444} INFO - Setting next_dagrun for example_xcom_args_with_operators to None, run_after=None
[2023-03-17T03:14:11.154+0000] {processor.py:175} INFO - Processing /home/airflow/.local/lib/python3.7/site-packages/airflow/example_dags/example_xcomargs.py took 0.132 seconds
[2023-03-17T03:14:41.488+0000] {processor.py:153} INFO - Started process (PID=1881) to work on /home/airflow/.local/lib/python3.7/site-packages/airflow/example_dags/example_xcomargs.py
[2023-03-17T03:14:41.489+0000] {processor.py:743} INFO - Processing file /home/airflow/.local/lib/python3.7/site-packages/airflow/example_dags/example_xcomargs.py for tasks to queue
[2023-03-17T03:14:41.490+0000] {logging_mixin.py:137} INFO - [2023-03-17T03:14:41.490+0000] {dagbag.py:532} INFO - Filling up the DagBag from /home/airflow/.local/lib/python3.7/site-packages/airflow/example_dags/example_xcomargs.py
[2023-03-17T03:14:41.519+0000] {processor.py:753} INFO - DAG(s) dict_keys(['example_xcom_args_with_operators', 'example_xcom_args']) retrieved from /home/airflow/.local/lib/python3.7/site-packages/airflow/example_dags/example_xcomargs.py
[2023-03-17T03:14:41.554+0000] {logging_mixin.py:137} INFO - [2023-03-17T03:14:41.553+0000] {dag.py:2693} INFO - Sync 2 DAGs
[2023-03-17T03:14:41.585+0000] {logging_mixin.py:137} INFO - [2023-03-17T03:14:41.585+0000] {dag.py:3444} INFO - Setting next_dagrun for example_xcom_args to None, run_after=None
[2023-03-17T03:14:41.589+0000] {logging_mixin.py:137} INFO - [2023-03-17T03:14:41.589+0000] {dag.py:3444} INFO - Setting next_dagrun for example_xcom_args_with_operators to None, run_after=None
[2023-03-17T03:14:41.616+0000] {processor.py:175} INFO - Processing /home/airflow/.local/lib/python3.7/site-packages/airflow/example_dags/example_xcomargs.py took 0.132 seconds
[2023-03-17T03:15:12.194+0000] {processor.py:153} INFO - Started process (PID=2098) to work on /home/airflow/.local/lib/python3.7/site-packages/airflow/example_dags/example_xcomargs.py
[2023-03-17T03:15:12.196+0000] {processor.py:743} INFO - Processing file /home/airflow/.local/lib/python3.7/site-packages/airflow/example_dags/example_xcomargs.py for tasks to queue
[2023-03-17T03:15:12.197+0000] {logging_mixin.py:137} INFO - [2023-03-17T03:15:12.197+0000] {dagbag.py:532} INFO - Filling up the DagBag from /home/airflow/.local/lib/python3.7/site-packages/airflow/example_dags/example_xcomargs.py
[2023-03-17T03:15:12.227+0000] {processor.py:753} INFO - DAG(s) dict_keys(['example_xcom_args_with_operators', 'example_xcom_args']) retrieved from /home/airflow/.local/lib/python3.7/site-packages/airflow/example_dags/example_xcomargs.py
[2023-03-17T03:15:12.262+0000] {logging_mixin.py:137} INFO - [2023-03-17T03:15:12.262+0000] {dag.py:2693} INFO - Sync 2 DAGs
[2023-03-17T03:15:12.294+0000] {logging_mixin.py:137} INFO - [2023-03-17T03:15:12.293+0000] {dag.py:3444} INFO - Setting next_dagrun for example_xcom_args to None, run_after=None
[2023-03-17T03:15:12.298+0000] {logging_mixin.py:137} INFO - [2023-03-17T03:15:12.298+0000] {dag.py:3444} INFO - Setting next_dagrun for example_xcom_args_with_operators to None, run_after=None
[2023-03-17T03:15:12.324+0000] {processor.py:175} INFO - Processing /home/airflow/.local/lib/python3.7/site-packages/airflow/example_dags/example_xcomargs.py took 0.133 seconds
[2023-03-17T03:15:42.535+0000] {processor.py:153} INFO - Started process (PID=2315) to work on /home/airflow/.local/lib/python3.7/site-packages/airflow/example_dags/example_xcomargs.py
[2023-03-17T03:15:42.536+0000] {processor.py:743} INFO - Processing file /home/airflow/.local/lib/python3.7/site-packages/airflow/example_dags/example_xcomargs.py for tasks to queue
[2023-03-17T03:15:42.537+0000] {logging_mixin.py:137} INFO - [2023-03-17T03:15:42.537+0000] {dagbag.py:532} INFO - Filling up the DagBag from /home/airflow/.local/lib/python3.7/site-packages/airflow/example_dags/example_xcomargs.py
[2023-03-17T03:15:42.566+0000] {processor.py:753} INFO - DAG(s) dict_keys(['example_xcom_args', 'example_xcom_args_with_operators']) retrieved from /home/airflow/.local/lib/python3.7/site-packages/airflow/example_dags/example_xcomargs.py
[2023-03-17T03:15:42.599+0000] {logging_mixin.py:137} INFO - [2023-03-17T03:15:42.599+0000] {dag.py:2693} INFO - Sync 2 DAGs
[2023-03-17T03:15:42.633+0000] {logging_mixin.py:137} INFO - [2023-03-17T03:15:42.633+0000] {dag.py:3444} INFO - Setting next_dagrun for example_xcom_args to None, run_after=None
[2023-03-17T03:15:42.638+0000] {logging_mixin.py:137} INFO - [2023-03-17T03:15:42.638+0000] {dag.py:3444} INFO - Setting next_dagrun for example_xcom_args_with_operators to None, run_after=None
[2023-03-17T03:15:42.663+0000] {processor.py:175} INFO - Processing /home/airflow/.local/lib/python3.7/site-packages/airflow/example_dags/example_xcomargs.py took 0.131 seconds
[2023-03-17T03:16:13.328+0000] {processor.py:153} INFO - Started process (PID=2533) to work on /home/airflow/.local/lib/python3.7/site-packages/airflow/example_dags/example_xcomargs.py
[2023-03-17T03:16:13.329+0000] {processor.py:743} INFO - Processing file /home/airflow/.local/lib/python3.7/site-packages/airflow/example_dags/example_xcomargs.py for tasks to queue
[2023-03-17T03:16:13.330+0000] {logging_mixin.py:137} INFO - [2023-03-17T03:16:13.330+0000] {dagbag.py:532} INFO - Filling up the DagBag from /home/airflow/.local/lib/python3.7/site-packages/airflow/example_dags/example_xcomargs.py
[2023-03-17T03:16:13.361+0000] {processor.py:753} INFO - DAG(s) dict_keys(['example_xcom_args', 'example_xcom_args_with_operators']) retrieved from /home/airflow/.local/lib/python3.7/site-packages/airflow/example_dags/example_xcomargs.py
[2023-03-17T03:16:13.394+0000] {logging_mixin.py:137} INFO - [2023-03-17T03:16:13.394+0000] {dag.py:2693} INFO - Sync 2 DAGs
[2023-03-17T03:16:13.429+0000] {logging_mixin.py:137} INFO - [2023-03-17T03:16:13.429+0000] {dag.py:3444} INFO - Setting next_dagrun for example_xcom_args to None, run_after=None
[2023-03-17T03:16:13.433+0000] {logging_mixin.py:137} INFO - [2023-03-17T03:16:13.433+0000] {dag.py:3444} INFO - Setting next_dagrun for example_xcom_args_with_operators to None, run_after=None
[2023-03-17T03:16:13.457+0000] {processor.py:175} INFO - Processing /home/airflow/.local/lib/python3.7/site-packages/airflow/example_dags/example_xcomargs.py took 0.133 seconds
[2023-03-17T03:16:43.803+0000] {processor.py:153} INFO - Started process (PID=2750) to work on /home/airflow/.local/lib/python3.7/site-packages/airflow/example_dags/example_xcomargs.py
[2023-03-17T03:16:43.804+0000] {processor.py:743} INFO - Processing file /home/airflow/.local/lib/python3.7/site-packages/airflow/example_dags/example_xcomargs.py for tasks to queue
[2023-03-17T03:16:43.805+0000] {logging_mixin.py:137} INFO - [2023-03-17T03:16:43.805+0000] {dagbag.py:532} INFO - Filling up the DagBag from /home/airflow/.local/lib/python3.7/site-packages/airflow/example_dags/example_xcomargs.py
[2023-03-17T03:16:43.835+0000] {processor.py:753} INFO - DAG(s) dict_keys(['example_xcom_args', 'example_xcom_args_with_operators']) retrieved from /home/airflow/.local/lib/python3.7/site-packages/airflow/example_dags/example_xcomargs.py
[2023-03-17T03:16:43.868+0000] {logging_mixin.py:137} INFO - [2023-03-17T03:16:43.868+0000] {dag.py:2693} INFO - Sync 2 DAGs
[2023-03-17T03:16:43.897+0000] {logging_mixin.py:137} INFO - [2023-03-17T03:16:43.897+0000] {dag.py:3444} INFO - Setting next_dagrun for example_xcom_args to None, run_after=None
[2023-03-17T03:16:43.902+0000] {logging_mixin.py:137} INFO - [2023-03-17T03:16:43.902+0000] {dag.py:3444} INFO - Setting next_dagrun for example_xcom_args_with_operators to None, run_after=None
[2023-03-17T03:16:43.928+0000] {processor.py:175} INFO - Processing /home/airflow/.local/lib/python3.7/site-packages/airflow/example_dags/example_xcomargs.py took 0.128 seconds
[2023-03-17T03:17:14.233+0000] {processor.py:153} INFO - Started process (PID=2969) to work on /home/airflow/.local/lib/python3.7/site-packages/airflow/example_dags/example_xcomargs.py
[2023-03-17T03:17:14.234+0000] {processor.py:743} INFO - Processing file /home/airflow/.local/lib/python3.7/site-packages/airflow/example_dags/example_xcomargs.py for tasks to queue
[2023-03-17T03:17:14.235+0000] {logging_mixin.py:137} INFO - [2023-03-17T03:17:14.235+0000] {dagbag.py:532} INFO - Filling up the DagBag from /home/airflow/.local/lib/python3.7/site-packages/airflow/example_dags/example_xcomargs.py
[2023-03-17T03:17:14.266+0000] {processor.py:753} INFO - DAG(s) dict_keys(['example_xcom_args', 'example_xcom_args_with_operators']) retrieved from /home/airflow/.local/lib/python3.7/site-packages/airflow/example_dags/example_xcomargs.py
[2023-03-17T03:17:14.302+0000] {logging_mixin.py:137} INFO - [2023-03-17T03:17:14.302+0000] {dag.py:2693} INFO - Sync 2 DAGs
[2023-03-17T03:17:14.336+0000] {logging_mixin.py:137} INFO - [2023-03-17T03:17:14.336+0000] {dag.py:3444} INFO - Setting next_dagrun for example_xcom_args to None, run_after=None
[2023-03-17T03:17:14.341+0000] {logging_mixin.py:137} INFO - [2023-03-17T03:17:14.340+0000] {dag.py:3444} INFO - Setting next_dagrun for example_xcom_args_with_operators to None, run_after=None
[2023-03-17T03:17:14.363+0000] {processor.py:175} INFO - Processing /home/airflow/.local/lib/python3.7/site-packages/airflow/example_dags/example_xcomargs.py took 0.134 seconds
[2023-03-17T03:17:44.703+0000] {processor.py:153} INFO - Started process (PID=3189) to work on /home/airflow/.local/lib/python3.7/site-packages/airflow/example_dags/example_xcomargs.py
[2023-03-17T03:17:44.704+0000] {processor.py:743} INFO - Processing file /home/airflow/.local/lib/python3.7/site-packages/airflow/example_dags/example_xcomargs.py for tasks to queue
[2023-03-17T03:17:44.705+0000] {logging_mixin.py:137} INFO - [2023-03-17T03:17:44.705+0000] {dagbag.py:532} INFO - Filling up the DagBag from /home/airflow/.local/lib/python3.7/site-packages/airflow/example_dags/example_xcomargs.py
[2023-03-17T03:17:44.734+0000] {processor.py:753} INFO - DAG(s) dict_keys(['example_xcom_args', 'example_xcom_args_with_operators']) retrieved from /home/airflow/.local/lib/python3.7/site-packages/airflow/example_dags/example_xcomargs.py
[2023-03-17T03:17:44.774+0000] {logging_mixin.py:137} INFO - [2023-03-17T03:17:44.774+0000] {dag.py:2693} INFO - Sync 2 DAGs
[2023-03-17T03:17:44.808+0000] {logging_mixin.py:137} INFO - [2023-03-17T03:17:44.808+0000] {dag.py:3444} INFO - Setting next_dagrun for example_xcom_args to None, run_after=None
[2023-03-17T03:17:44.814+0000] {logging_mixin.py:137} INFO - [2023-03-17T03:17:44.814+0000] {dag.py:3444} INFO - Setting next_dagrun for example_xcom_args_with_operators to None, run_after=None
[2023-03-17T03:17:44.838+0000] {processor.py:175} INFO - Processing /home/airflow/.local/lib/python3.7/site-packages/airflow/example_dags/example_xcomargs.py took 0.140 seconds
[2023-03-17T03:18:15.205+0000] {processor.py:153} INFO - Started process (PID=3406) to work on /home/airflow/.local/lib/python3.7/site-packages/airflow/example_dags/example_xcomargs.py
[2023-03-17T03:18:15.206+0000] {processor.py:743} INFO - Processing file /home/airflow/.local/lib/python3.7/site-packages/airflow/example_dags/example_xcomargs.py for tasks to queue
[2023-03-17T03:18:15.207+0000] {logging_mixin.py:137} INFO - [2023-03-17T03:18:15.207+0000] {dagbag.py:532} INFO - Filling up the DagBag from /home/airflow/.local/lib/python3.7/site-packages/airflow/example_dags/example_xcomargs.py
[2023-03-17T03:18:15.236+0000] {processor.py:753} INFO - DAG(s) dict_keys(['example_xcom_args_with_operators', 'example_xcom_args']) retrieved from /home/airflow/.local/lib/python3.7/site-packages/airflow/example_dags/example_xcomargs.py
[2023-03-17T03:18:15.270+0000] {logging_mixin.py:137} INFO - [2023-03-17T03:18:15.270+0000] {dag.py:2693} INFO - Sync 2 DAGs
[2023-03-17T03:18:15.302+0000] {logging_mixin.py:137} INFO - [2023-03-17T03:18:15.302+0000] {dag.py:3444} INFO - Setting next_dagrun for example_xcom_args to None, run_after=None
[2023-03-17T03:18:15.307+0000] {logging_mixin.py:137} INFO - [2023-03-17T03:18:15.307+0000] {dag.py:3444} INFO - Setting next_dagrun for example_xcom_args_with_operators to None, run_after=None
[2023-03-17T03:18:15.331+0000] {processor.py:175} INFO - Processing /home/airflow/.local/lib/python3.7/site-packages/airflow/example_dags/example_xcomargs.py took 0.130 seconds
[2023-03-17T03:18:45.757+0000] {processor.py:153} INFO - Started process (PID=3631) to work on /home/airflow/.local/lib/python3.7/site-packages/airflow/example_dags/example_xcomargs.py
[2023-03-17T03:18:45.758+0000] {processor.py:743} INFO - Processing file /home/airflow/.local/lib/python3.7/site-packages/airflow/example_dags/example_xcomargs.py for tasks to queue
[2023-03-17T03:18:45.759+0000] {logging_mixin.py:137} INFO - [2023-03-17T03:18:45.759+0000] {dagbag.py:532} INFO - Filling up the DagBag from /home/airflow/.local/lib/python3.7/site-packages/airflow/example_dags/example_xcomargs.py
[2023-03-17T03:18:45.788+0000] {processor.py:753} INFO - DAG(s) dict_keys(['example_xcom_args_with_operators', 'example_xcom_args']) retrieved from /home/airflow/.local/lib/python3.7/site-packages/airflow/example_dags/example_xcomargs.py
[2023-03-17T03:18:45.822+0000] {logging_mixin.py:137} INFO - [2023-03-17T03:18:45.822+0000] {dag.py:2693} INFO - Sync 2 DAGs
[2023-03-17T03:18:45.852+0000] {logging_mixin.py:137} INFO - [2023-03-17T03:18:45.852+0000] {dag.py:3444} INFO - Setting next_dagrun for example_xcom_args to None, run_after=None
[2023-03-17T03:18:45.856+0000] {logging_mixin.py:137} INFO - [2023-03-17T03:18:45.856+0000] {dag.py:3444} INFO - Setting next_dagrun for example_xcom_args_with_operators to None, run_after=None
[2023-03-17T03:18:45.883+0000] {processor.py:175} INFO - Processing /home/airflow/.local/lib/python3.7/site-packages/airflow/example_dags/example_xcomargs.py took 0.129 seconds
[2023-03-17T03:19:16.407+0000] {processor.py:153} INFO - Started process (PID=3836) to work on /home/airflow/.local/lib/python3.7/site-packages/airflow/example_dags/example_xcomargs.py
[2023-03-17T03:19:16.408+0000] {processor.py:743} INFO - Processing file /home/airflow/.local/lib/python3.7/site-packages/airflow/example_dags/example_xcomargs.py for tasks to queue
[2023-03-17T03:19:16.409+0000] {logging_mixin.py:137} INFO - [2023-03-17T03:19:16.409+0000] {dagbag.py:532} INFO - Filling up the DagBag from /home/airflow/.local/lib/python3.7/site-packages/airflow/example_dags/example_xcomargs.py
[2023-03-17T03:19:16.437+0000] {processor.py:753} INFO - DAG(s) dict_keys(['example_xcom_args', 'example_xcom_args_with_operators']) retrieved from /home/airflow/.local/lib/python3.7/site-packages/airflow/example_dags/example_xcomargs.py
[2023-03-17T03:19:16.473+0000] {logging_mixin.py:137} INFO - [2023-03-17T03:19:16.473+0000] {dag.py:2693} INFO - Sync 2 DAGs
[2023-03-17T03:19:16.504+0000] {logging_mixin.py:137} INFO - [2023-03-17T03:19:16.504+0000] {dag.py:3444} INFO - Setting next_dagrun for example_xcom_args to None, run_after=None
[2023-03-17T03:19:16.509+0000] {logging_mixin.py:137} INFO - [2023-03-17T03:19:16.509+0000] {dag.py:3444} INFO - Setting next_dagrun for example_xcom_args_with_operators to None, run_after=None
[2023-03-17T03:19:16.534+0000] {processor.py:175} INFO - Processing /home/airflow/.local/lib/python3.7/site-packages/airflow/example_dags/example_xcomargs.py took 0.131 seconds
[2023-03-17T03:19:46.909+0000] {processor.py:153} INFO - Started process (PID=4053) to work on /home/airflow/.local/lib/python3.7/site-packages/airflow/example_dags/example_xcomargs.py
[2023-03-17T03:19:46.910+0000] {processor.py:743} INFO - Processing file /home/airflow/.local/lib/python3.7/site-packages/airflow/example_dags/example_xcomargs.py for tasks to queue
[2023-03-17T03:19:46.912+0000] {logging_mixin.py:137} INFO - [2023-03-17T03:19:46.911+0000] {dagbag.py:532} INFO - Filling up the DagBag from /home/airflow/.local/lib/python3.7/site-packages/airflow/example_dags/example_xcomargs.py
[2023-03-17T03:19:46.942+0000] {processor.py:753} INFO - DAG(s) dict_keys(['example_xcom_args', 'example_xcom_args_with_operators']) retrieved from /home/airflow/.local/lib/python3.7/site-packages/airflow/example_dags/example_xcomargs.py
[2023-03-17T03:19:46.979+0000] {logging_mixin.py:137} INFO - [2023-03-17T03:19:46.979+0000] {dag.py:2693} INFO - Sync 2 DAGs
[2023-03-17T03:19:47.013+0000] {logging_mixin.py:137} INFO - [2023-03-17T03:19:47.013+0000] {dag.py:3444} INFO - Setting next_dagrun for example_xcom_args to None, run_after=None
[2023-03-17T03:19:47.018+0000] {logging_mixin.py:137} INFO - [2023-03-17T03:19:47.018+0000] {dag.py:3444} INFO - Setting next_dagrun for example_xcom_args_with_operators to None, run_after=None
[2023-03-17T03:19:47.044+0000] {processor.py:175} INFO - Processing /home/airflow/.local/lib/python3.7/site-packages/airflow/example_dags/example_xcomargs.py took 0.139 seconds
[2023-03-17T03:20:17.154+0000] {processor.py:153} INFO - Started process (PID=4270) to work on /home/airflow/.local/lib/python3.7/site-packages/airflow/example_dags/example_xcomargs.py
[2023-03-17T03:20:17.155+0000] {processor.py:743} INFO - Processing file /home/airflow/.local/lib/python3.7/site-packages/airflow/example_dags/example_xcomargs.py for tasks to queue
[2023-03-17T03:20:17.156+0000] {logging_mixin.py:137} INFO - [2023-03-17T03:20:17.156+0000] {dagbag.py:532} INFO - Filling up the DagBag from /home/airflow/.local/lib/python3.7/site-packages/airflow/example_dags/example_xcomargs.py
[2023-03-17T03:20:17.184+0000] {processor.py:753} INFO - DAG(s) dict_keys(['example_xcom_args_with_operators', 'example_xcom_args']) retrieved from /home/airflow/.local/lib/python3.7/site-packages/airflow/example_dags/example_xcomargs.py
[2023-03-17T03:20:17.217+0000] {logging_mixin.py:137} INFO - [2023-03-17T03:20:17.217+0000] {dag.py:2693} INFO - Sync 2 DAGs
[2023-03-17T03:20:17.249+0000] {logging_mixin.py:137} INFO - [2023-03-17T03:20:17.249+0000] {dag.py:3444} INFO - Setting next_dagrun for example_xcom_args to None, run_after=None
[2023-03-17T03:20:17.254+0000] {logging_mixin.py:137} INFO - [2023-03-17T03:20:17.253+0000] {dag.py:3444} INFO - Setting next_dagrun for example_xcom_args_with_operators to None, run_after=None
[2023-03-17T03:20:17.276+0000] {processor.py:175} INFO - Processing /home/airflow/.local/lib/python3.7/site-packages/airflow/example_dags/example_xcomargs.py took 0.126 seconds
[2023-03-17T03:20:47.686+0000] {processor.py:153} INFO - Started process (PID=4487) to work on /home/airflow/.local/lib/python3.7/site-packages/airflow/example_dags/example_xcomargs.py
[2023-03-17T03:20:47.687+0000] {processor.py:743} INFO - Processing file /home/airflow/.local/lib/python3.7/site-packages/airflow/example_dags/example_xcomargs.py for tasks to queue
[2023-03-17T03:20:47.688+0000] {logging_mixin.py:137} INFO - [2023-03-17T03:20:47.688+0000] {dagbag.py:532} INFO - Filling up the DagBag from /home/airflow/.local/lib/python3.7/site-packages/airflow/example_dags/example_xcomargs.py
[2023-03-17T03:20:47.715+0000] {processor.py:753} INFO - DAG(s) dict_keys(['example_xcom_args_with_operators', 'example_xcom_args']) retrieved from /home/airflow/.local/lib/python3.7/site-packages/airflow/example_dags/example_xcomargs.py
[2023-03-17T03:20:47.752+0000] {logging_mixin.py:137} INFO - [2023-03-17T03:20:47.752+0000] {dag.py:2693} INFO - Sync 2 DAGs
[2023-03-17T03:20:47.784+0000] {logging_mixin.py:137} INFO - [2023-03-17T03:20:47.783+0000] {dag.py:3444} INFO - Setting next_dagrun for example_xcom_args to None, run_after=None
[2023-03-17T03:20:47.788+0000] {logging_mixin.py:137} INFO - [2023-03-17T03:20:47.788+0000] {dag.py:3444} INFO - Setting next_dagrun for example_xcom_args_with_operators to None, run_after=None
[2023-03-17T03:20:47.812+0000] {processor.py:175} INFO - Processing /home/airflow/.local/lib/python3.7/site-packages/airflow/example_dags/example_xcomargs.py took 0.130 seconds
[2023-03-17T03:21:18.494+0000] {processor.py:153} INFO - Started process (PID=4706) to work on /home/airflow/.local/lib/python3.7/site-packages/airflow/example_dags/example_xcomargs.py
[2023-03-17T03:21:18.496+0000] {processor.py:743} INFO - Processing file /home/airflow/.local/lib/python3.7/site-packages/airflow/example_dags/example_xcomargs.py for tasks to queue
[2023-03-17T03:21:18.497+0000] {logging_mixin.py:137} INFO - [2023-03-17T03:21:18.497+0000] {dagbag.py:532} INFO - Filling up the DagBag from /home/airflow/.local/lib/python3.7/site-packages/airflow/example_dags/example_xcomargs.py
[2023-03-17T03:21:18.523+0000] {processor.py:753} INFO - DAG(s) dict_keys(['example_xcom_args_with_operators', 'example_xcom_args']) retrieved from /home/airflow/.local/lib/python3.7/site-packages/airflow/example_dags/example_xcomargs.py
[2023-03-17T03:21:18.558+0000] {logging_mixin.py:137} INFO - [2023-03-17T03:21:18.558+0000] {dag.py:2693} INFO - Sync 2 DAGs
[2023-03-17T03:21:18.587+0000] {logging_mixin.py:137} INFO - [2023-03-17T03:21:18.587+0000] {dag.py:3444} INFO - Setting next_dagrun for example_xcom_args to None, run_after=None
[2023-03-17T03:21:18.592+0000] {logging_mixin.py:137} INFO - [2023-03-17T03:21:18.592+0000] {dag.py:3444} INFO - Setting next_dagrun for example_xcom_args_with_operators to None, run_after=None
[2023-03-17T03:21:18.615+0000] {processor.py:175} INFO - Processing /home/airflow/.local/lib/python3.7/site-packages/airflow/example_dags/example_xcomargs.py took 0.124 seconds
[2023-03-17T03:21:48.900+0000] {processor.py:153} INFO - Started process (PID=4921) to work on /home/airflow/.local/lib/python3.7/site-packages/airflow/example_dags/example_xcomargs.py
[2023-03-17T03:21:48.902+0000] {processor.py:743} INFO - Processing file /home/airflow/.local/lib/python3.7/site-packages/airflow/example_dags/example_xcomargs.py for tasks to queue
[2023-03-17T03:21:48.903+0000] {logging_mixin.py:137} INFO - [2023-03-17T03:21:48.903+0000] {dagbag.py:532} INFO - Filling up the DagBag from /home/airflow/.local/lib/python3.7/site-packages/airflow/example_dags/example_xcomargs.py
[2023-03-17T03:21:48.930+0000] {processor.py:753} INFO - DAG(s) dict_keys(['example_xcom_args_with_operators', 'example_xcom_args']) retrieved from /home/airflow/.local/lib/python3.7/site-packages/airflow/example_dags/example_xcomargs.py
[2023-03-17T03:21:48.966+0000] {logging_mixin.py:137} INFO - [2023-03-17T03:21:48.966+0000] {dag.py:2693} INFO - Sync 2 DAGs
[2023-03-17T03:21:49.001+0000] {logging_mixin.py:137} INFO - [2023-03-17T03:21:49.000+0000] {dag.py:3444} INFO - Setting next_dagrun for example_xcom_args to None, run_after=None
[2023-03-17T03:21:49.006+0000] {logging_mixin.py:137} INFO - [2023-03-17T03:21:49.006+0000] {dag.py:3444} INFO - Setting next_dagrun for example_xcom_args_with_operators to None, run_after=None
[2023-03-17T03:21:49.030+0000] {processor.py:175} INFO - Processing /home/airflow/.local/lib/python3.7/site-packages/airflow/example_dags/example_xcomargs.py took 0.133 seconds
[2023-03-17T03:22:19.390+0000] {processor.py:153} INFO - Started process (PID=5138) to work on /home/airflow/.local/lib/python3.7/site-packages/airflow/example_dags/example_xcomargs.py
[2023-03-17T03:22:19.391+0000] {processor.py:743} INFO - Processing file /home/airflow/.local/lib/python3.7/site-packages/airflow/example_dags/example_xcomargs.py for tasks to queue
[2023-03-17T03:22:19.392+0000] {logging_mixin.py:137} INFO - [2023-03-17T03:22:19.392+0000] {dagbag.py:532} INFO - Filling up the DagBag from /home/airflow/.local/lib/python3.7/site-packages/airflow/example_dags/example_xcomargs.py
[2023-03-17T03:22:19.421+0000] {processor.py:753} INFO - DAG(s) dict_keys(['example_xcom_args_with_operators', 'example_xcom_args']) retrieved from /home/airflow/.local/lib/python3.7/site-packages/airflow/example_dags/example_xcomargs.py
[2023-03-17T03:22:19.455+0000] {logging_mixin.py:137} INFO - [2023-03-17T03:22:19.454+0000] {dag.py:2693} INFO - Sync 2 DAGs
[2023-03-17T03:22:19.485+0000] {logging_mixin.py:137} INFO - [2023-03-17T03:22:19.485+0000] {dag.py:3444} INFO - Setting next_dagrun for example_xcom_args to None, run_after=None
[2023-03-17T03:22:19.490+0000] {logging_mixin.py:137} INFO - [2023-03-17T03:22:19.490+0000] {dag.py:3444} INFO - Setting next_dagrun for example_xcom_args_with_operators to None, run_after=None
[2023-03-17T03:22:19.513+0000] {processor.py:175} INFO - Processing /home/airflow/.local/lib/python3.7/site-packages/airflow/example_dags/example_xcomargs.py took 0.127 seconds
[2023-03-17T03:22:49.678+0000] {processor.py:153} INFO - Started process (PID=5355) to work on /home/airflow/.local/lib/python3.7/site-packages/airflow/example_dags/example_xcomargs.py
[2023-03-17T03:22:49.680+0000] {processor.py:743} INFO - Processing file /home/airflow/.local/lib/python3.7/site-packages/airflow/example_dags/example_xcomargs.py for tasks to queue
[2023-03-17T03:22:49.682+0000] {logging_mixin.py:137} INFO - [2023-03-17T03:22:49.682+0000] {dagbag.py:532} INFO - Filling up the DagBag from /home/airflow/.local/lib/python3.7/site-packages/airflow/example_dags/example_xcomargs.py
[2023-03-17T03:22:49.716+0000] {processor.py:753} INFO - DAG(s) dict_keys(['example_xcom_args', 'example_xcom_args_with_operators']) retrieved from /home/airflow/.local/lib/python3.7/site-packages/airflow/example_dags/example_xcomargs.py
[2023-03-17T03:22:49.751+0000] {logging_mixin.py:137} INFO - [2023-03-17T03:22:49.751+0000] {dag.py:2693} INFO - Sync 2 DAGs
[2023-03-17T03:22:49.782+0000] {logging_mixin.py:137} INFO - [2023-03-17T03:22:49.782+0000] {dag.py:3444} INFO - Setting next_dagrun for example_xcom_args to None, run_after=None
[2023-03-17T03:22:49.787+0000] {logging_mixin.py:137} INFO - [2023-03-17T03:22:49.787+0000] {dag.py:3444} INFO - Setting next_dagrun for example_xcom_args_with_operators to None, run_after=None
[2023-03-17T03:22:49.815+0000] {processor.py:175} INFO - Processing /home/airflow/.local/lib/python3.7/site-packages/airflow/example_dags/example_xcomargs.py took 0.142 seconds
[2023-03-17T03:23:20.268+0000] {processor.py:153} INFO - Started process (PID=5573) to work on /home/airflow/.local/lib/python3.7/site-packages/airflow/example_dags/example_xcomargs.py
[2023-03-17T03:23:20.269+0000] {processor.py:743} INFO - Processing file /home/airflow/.local/lib/python3.7/site-packages/airflow/example_dags/example_xcomargs.py for tasks to queue
[2023-03-17T03:23:20.270+0000] {logging_mixin.py:137} INFO - [2023-03-17T03:23:20.270+0000] {dagbag.py:532} INFO - Filling up the DagBag from /home/airflow/.local/lib/python3.7/site-packages/airflow/example_dags/example_xcomargs.py
[2023-03-17T03:23:20.297+0000] {processor.py:753} INFO - DAG(s) dict_keys(['example_xcom_args_with_operators', 'example_xcom_args']) retrieved from /home/airflow/.local/lib/python3.7/site-packages/airflow/example_dags/example_xcomargs.py
[2023-03-17T03:23:20.332+0000] {logging_mixin.py:137} INFO - [2023-03-17T03:23:20.332+0000] {dag.py:2693} INFO - Sync 2 DAGs
[2023-03-17T03:23:20.368+0000] {logging_mixin.py:137} INFO - [2023-03-17T03:23:20.368+0000] {dag.py:3444} INFO - Setting next_dagrun for example_xcom_args to None, run_after=None
[2023-03-17T03:23:20.374+0000] {logging_mixin.py:137} INFO - [2023-03-17T03:23:20.374+0000] {dag.py:3444} INFO - Setting next_dagrun for example_xcom_args_with_operators to None, run_after=None
[2023-03-17T03:23:20.454+0000] {processor.py:175} INFO - Processing /home/airflow/.local/lib/python3.7/site-packages/airflow/example_dags/example_xcomargs.py took 0.190 seconds
[2023-03-17T03:23:50.621+0000] {processor.py:153} INFO - Started process (PID=5790) to work on /home/airflow/.local/lib/python3.7/site-packages/airflow/example_dags/example_xcomargs.py
[2023-03-17T03:23:50.622+0000] {processor.py:743} INFO - Processing file /home/airflow/.local/lib/python3.7/site-packages/airflow/example_dags/example_xcomargs.py for tasks to queue
[2023-03-17T03:23:50.623+0000] {logging_mixin.py:137} INFO - [2023-03-17T03:23:50.623+0000] {dagbag.py:532} INFO - Filling up the DagBag from /home/airflow/.local/lib/python3.7/site-packages/airflow/example_dags/example_xcomargs.py
[2023-03-17T03:23:50.650+0000] {processor.py:753} INFO - DAG(s) dict_keys(['example_xcom_args', 'example_xcom_args_with_operators']) retrieved from /home/airflow/.local/lib/python3.7/site-packages/airflow/example_dags/example_xcomargs.py
[2023-03-17T03:23:50.685+0000] {logging_mixin.py:137} INFO - [2023-03-17T03:23:50.685+0000] {dag.py:2693} INFO - Sync 2 DAGs
[2023-03-17T03:23:50.717+0000] {logging_mixin.py:137} INFO - [2023-03-17T03:23:50.717+0000] {dag.py:3444} INFO - Setting next_dagrun for example_xcom_args to None, run_after=None
[2023-03-17T03:23:50.722+0000] {logging_mixin.py:137} INFO - [2023-03-17T03:23:50.721+0000] {dag.py:3444} INFO - Setting next_dagrun for example_xcom_args_with_operators to None, run_after=None
[2023-03-17T03:23:50.746+0000] {processor.py:175} INFO - Processing /home/airflow/.local/lib/python3.7/site-packages/airflow/example_dags/example_xcomargs.py took 0.129 seconds
[2023-03-17T03:24:21.247+0000] {processor.py:153} INFO - Started process (PID=6007) to work on /home/airflow/.local/lib/python3.7/site-packages/airflow/example_dags/example_xcomargs.py
[2023-03-17T03:24:21.249+0000] {processor.py:743} INFO - Processing file /home/airflow/.local/lib/python3.7/site-packages/airflow/example_dags/example_xcomargs.py for tasks to queue
[2023-03-17T03:24:21.250+0000] {logging_mixin.py:137} INFO - [2023-03-17T03:24:21.249+0000] {dagbag.py:532} INFO - Filling up the DagBag from /home/airflow/.local/lib/python3.7/site-packages/airflow/example_dags/example_xcomargs.py
[2023-03-17T03:24:21.279+0000] {processor.py:753} INFO - DAG(s) dict_keys(['example_xcom_args_with_operators', 'example_xcom_args']) retrieved from /home/airflow/.local/lib/python3.7/site-packages/airflow/example_dags/example_xcomargs.py
[2023-03-17T03:24:21.313+0000] {logging_mixin.py:137} INFO - [2023-03-17T03:24:21.313+0000] {dag.py:2693} INFO - Sync 2 DAGs
[2023-03-17T03:24:21.345+0000] {logging_mixin.py:137} INFO - [2023-03-17T03:24:21.344+0000] {dag.py:3444} INFO - Setting next_dagrun for example_xcom_args to None, run_after=None
[2023-03-17T03:24:21.349+0000] {logging_mixin.py:137} INFO - [2023-03-17T03:24:21.349+0000] {dag.py:3444} INFO - Setting next_dagrun for example_xcom_args_with_operators to None, run_after=None
[2023-03-17T03:24:21.376+0000] {processor.py:175} INFO - Processing /home/airflow/.local/lib/python3.7/site-packages/airflow/example_dags/example_xcomargs.py took 0.132 seconds
[2023-03-17T03:24:51.549+0000] {processor.py:153} INFO - Started process (PID=6224) to work on /home/airflow/.local/lib/python3.7/site-packages/airflow/example_dags/example_xcomargs.py
[2023-03-17T03:24:51.550+0000] {processor.py:743} INFO - Processing file /home/airflow/.local/lib/python3.7/site-packages/airflow/example_dags/example_xcomargs.py for tasks to queue
[2023-03-17T03:24:51.551+0000] {logging_mixin.py:137} INFO - [2023-03-17T03:24:51.551+0000] {dagbag.py:532} INFO - Filling up the DagBag from /home/airflow/.local/lib/python3.7/site-packages/airflow/example_dags/example_xcomargs.py
[2023-03-17T03:24:51.581+0000] {processor.py:753} INFO - DAG(s) dict_keys(['example_xcom_args', 'example_xcom_args_with_operators']) retrieved from /home/airflow/.local/lib/python3.7/site-packages/airflow/example_dags/example_xcomargs.py
[2023-03-17T03:24:51.619+0000] {logging_mixin.py:137} INFO - [2023-03-17T03:24:51.619+0000] {dag.py:2693} INFO - Sync 2 DAGs
[2023-03-17T03:24:51.650+0000] {logging_mixin.py:137} INFO - [2023-03-17T03:24:51.650+0000] {dag.py:3444} INFO - Setting next_dagrun for example_xcom_args to None, run_after=None
[2023-03-17T03:24:51.655+0000] {logging_mixin.py:137} INFO - [2023-03-17T03:24:51.655+0000] {dag.py:3444} INFO - Setting next_dagrun for example_xcom_args_with_operators to None, run_after=None
[2023-03-17T03:24:51.684+0000] {processor.py:175} INFO - Processing /home/airflow/.local/lib/python3.7/site-packages/airflow/example_dags/example_xcomargs.py took 0.138 seconds
[2023-03-17T03:25:21.957+0000] {processor.py:153} INFO - Started process (PID=6441) to work on /home/airflow/.local/lib/python3.7/site-packages/airflow/example_dags/example_xcomargs.py
[2023-03-17T03:25:21.958+0000] {processor.py:743} INFO - Processing file /home/airflow/.local/lib/python3.7/site-packages/airflow/example_dags/example_xcomargs.py for tasks to queue
[2023-03-17T03:25:21.959+0000] {logging_mixin.py:137} INFO - [2023-03-17T03:25:21.959+0000] {dagbag.py:532} INFO - Filling up the DagBag from /home/airflow/.local/lib/python3.7/site-packages/airflow/example_dags/example_xcomargs.py
[2023-03-17T03:25:21.989+0000] {processor.py:753} INFO - DAG(s) dict_keys(['example_xcom_args_with_operators', 'example_xcom_args']) retrieved from /home/airflow/.local/lib/python3.7/site-packages/airflow/example_dags/example_xcomargs.py
[2023-03-17T03:25:22.024+0000] {logging_mixin.py:137} INFO - [2023-03-17T03:25:22.023+0000] {dag.py:2693} INFO - Sync 2 DAGs
[2023-03-17T03:25:22.057+0000] {logging_mixin.py:137} INFO - [2023-03-17T03:25:22.057+0000] {dag.py:3444} INFO - Setting next_dagrun for example_xcom_args to None, run_after=None
[2023-03-17T03:25:22.063+0000] {logging_mixin.py:137} INFO - [2023-03-17T03:25:22.063+0000] {dag.py:3444} INFO - Setting next_dagrun for example_xcom_args_with_operators to None, run_after=None
[2023-03-17T03:25:22.095+0000] {processor.py:175} INFO - Processing /home/airflow/.local/lib/python3.7/site-packages/airflow/example_dags/example_xcomargs.py took 0.142 seconds
[2023-03-17T03:25:52.382+0000] {processor.py:153} INFO - Started process (PID=6658) to work on /home/airflow/.local/lib/python3.7/site-packages/airflow/example_dags/example_xcomargs.py
[2023-03-17T03:25:52.383+0000] {processor.py:743} INFO - Processing file /home/airflow/.local/lib/python3.7/site-packages/airflow/example_dags/example_xcomargs.py for tasks to queue
[2023-03-17T03:25:52.384+0000] {logging_mixin.py:137} INFO - [2023-03-17T03:25:52.384+0000] {dagbag.py:532} INFO - Filling up the DagBag from /home/airflow/.local/lib/python3.7/site-packages/airflow/example_dags/example_xcomargs.py
[2023-03-17T03:25:52.411+0000] {processor.py:753} INFO - DAG(s) dict_keys(['example_xcom_args', 'example_xcom_args_with_operators']) retrieved from /home/airflow/.local/lib/python3.7/site-packages/airflow/example_dags/example_xcomargs.py
[2023-03-17T03:25:52.448+0000] {logging_mixin.py:137} INFO - [2023-03-17T03:25:52.448+0000] {dag.py:2693} INFO - Sync 2 DAGs
[2023-03-17T03:25:52.481+0000] {logging_mixin.py:137} INFO - [2023-03-17T03:25:52.481+0000] {dag.py:3444} INFO - Setting next_dagrun for example_xcom_args to None, run_after=None
[2023-03-17T03:25:52.486+0000] {logging_mixin.py:137} INFO - [2023-03-17T03:25:52.486+0000] {dag.py:3444} INFO - Setting next_dagrun for example_xcom_args_with_operators to None, run_after=None
[2023-03-17T03:25:52.510+0000] {processor.py:175} INFO - Processing /home/airflow/.local/lib/python3.7/site-packages/airflow/example_dags/example_xcomargs.py took 0.132 seconds
[2023-03-17T03:26:22.935+0000] {processor.py:153} INFO - Started process (PID=6875) to work on /home/airflow/.local/lib/python3.7/site-packages/airflow/example_dags/example_xcomargs.py
[2023-03-17T03:26:22.936+0000] {processor.py:743} INFO - Processing file /home/airflow/.local/lib/python3.7/site-packages/airflow/example_dags/example_xcomargs.py for tasks to queue
[2023-03-17T03:26:22.937+0000] {logging_mixin.py:137} INFO - [2023-03-17T03:26:22.937+0000] {dagbag.py:532} INFO - Filling up the DagBag from /home/airflow/.local/lib/python3.7/site-packages/airflow/example_dags/example_xcomargs.py
[2023-03-17T03:26:22.965+0000] {processor.py:753} INFO - DAG(s) dict_keys(['example_xcom_args', 'example_xcom_args_with_operators']) retrieved from /home/airflow/.local/lib/python3.7/site-packages/airflow/example_dags/example_xcomargs.py
[2023-03-17T03:26:23.002+0000] {logging_mixin.py:137} INFO - [2023-03-17T03:26:23.001+0000] {dag.py:2693} INFO - Sync 2 DAGs
[2023-03-17T03:26:23.033+0000] {logging_mixin.py:137} INFO - [2023-03-17T03:26:23.033+0000] {dag.py:3444} INFO - Setting next_dagrun for example_xcom_args to None, run_after=None
[2023-03-17T03:26:23.037+0000] {logging_mixin.py:137} INFO - [2023-03-17T03:26:23.037+0000] {dag.py:3444} INFO - Setting next_dagrun for example_xcom_args_with_operators to None, run_after=None
[2023-03-17T03:26:23.061+0000] {processor.py:175} INFO - Processing /home/airflow/.local/lib/python3.7/site-packages/airflow/example_dags/example_xcomargs.py took 0.130 seconds
[2023-03-17T03:26:53.219+0000] {processor.py:153} INFO - Started process (PID=7092) to work on /home/airflow/.local/lib/python3.7/site-packages/airflow/example_dags/example_xcomargs.py
[2023-03-17T03:26:53.221+0000] {processor.py:743} INFO - Processing file /home/airflow/.local/lib/python3.7/site-packages/airflow/example_dags/example_xcomargs.py for tasks to queue
[2023-03-17T03:26:53.222+0000] {logging_mixin.py:137} INFO - [2023-03-17T03:26:53.221+0000] {dagbag.py:532} INFO - Filling up the DagBag from /home/airflow/.local/lib/python3.7/site-packages/airflow/example_dags/example_xcomargs.py
[2023-03-17T03:26:53.249+0000] {processor.py:753} INFO - DAG(s) dict_keys(['example_xcom_args', 'example_xcom_args_with_operators']) retrieved from /home/airflow/.local/lib/python3.7/site-packages/airflow/example_dags/example_xcomargs.py
[2023-03-17T03:26:53.285+0000] {logging_mixin.py:137} INFO - [2023-03-17T03:26:53.285+0000] {dag.py:2693} INFO - Sync 2 DAGs
[2023-03-17T03:26:53.318+0000] {logging_mixin.py:137} INFO - [2023-03-17T03:26:53.318+0000] {dag.py:3444} INFO - Setting next_dagrun for example_xcom_args to None, run_after=None
[2023-03-17T03:26:53.322+0000] {logging_mixin.py:137} INFO - [2023-03-17T03:26:53.322+0000] {dag.py:3444} INFO - Setting next_dagrun for example_xcom_args_with_operators to None, run_after=None
[2023-03-17T03:26:53.347+0000] {processor.py:175} INFO - Processing /home/airflow/.local/lib/python3.7/site-packages/airflow/example_dags/example_xcomargs.py took 0.133 seconds
[2023-03-17T03:27:23.673+0000] {processor.py:153} INFO - Started process (PID=7309) to work on /home/airflow/.local/lib/python3.7/site-packages/airflow/example_dags/example_xcomargs.py
[2023-03-17T03:27:23.674+0000] {processor.py:743} INFO - Processing file /home/airflow/.local/lib/python3.7/site-packages/airflow/example_dags/example_xcomargs.py for tasks to queue
[2023-03-17T03:27:23.676+0000] {logging_mixin.py:137} INFO - [2023-03-17T03:27:23.675+0000] {dagbag.py:532} INFO - Filling up the DagBag from /home/airflow/.local/lib/python3.7/site-packages/airflow/example_dags/example_xcomargs.py
[2023-03-17T03:27:23.707+0000] {processor.py:753} INFO - DAG(s) dict_keys(['example_xcom_args', 'example_xcom_args_with_operators']) retrieved from /home/airflow/.local/lib/python3.7/site-packages/airflow/example_dags/example_xcomargs.py
[2023-03-17T03:27:23.742+0000] {logging_mixin.py:137} INFO - [2023-03-17T03:27:23.741+0000] {dag.py:2693} INFO - Sync 2 DAGs
[2023-03-17T03:27:23.774+0000] {logging_mixin.py:137} INFO - [2023-03-17T03:27:23.774+0000] {dag.py:3444} INFO - Setting next_dagrun for example_xcom_args to None, run_after=None
[2023-03-17T03:27:23.778+0000] {logging_mixin.py:137} INFO - [2023-03-17T03:27:23.778+0000] {dag.py:3444} INFO - Setting next_dagrun for example_xcom_args_with_operators to None, run_after=None
[2023-03-17T03:27:23.803+0000] {processor.py:175} INFO - Processing /home/airflow/.local/lib/python3.7/site-packages/airflow/example_dags/example_xcomargs.py took 0.134 seconds
[2023-03-17T03:27:53.976+0000] {processor.py:153} INFO - Started process (PID=7526) to work on /home/airflow/.local/lib/python3.7/site-packages/airflow/example_dags/example_xcomargs.py
[2023-03-17T03:27:53.978+0000] {processor.py:743} INFO - Processing file /home/airflow/.local/lib/python3.7/site-packages/airflow/example_dags/example_xcomargs.py for tasks to queue
[2023-03-17T03:27:53.979+0000] {logging_mixin.py:137} INFO - [2023-03-17T03:27:53.979+0000] {dagbag.py:532} INFO - Filling up the DagBag from /home/airflow/.local/lib/python3.7/site-packages/airflow/example_dags/example_xcomargs.py
[2023-03-17T03:27:54.007+0000] {processor.py:753} INFO - DAG(s) dict_keys(['example_xcom_args_with_operators', 'example_xcom_args']) retrieved from /home/airflow/.local/lib/python3.7/site-packages/airflow/example_dags/example_xcomargs.py
[2023-03-17T03:27:54.042+0000] {logging_mixin.py:137} INFO - [2023-03-17T03:27:54.042+0000] {dag.py:2693} INFO - Sync 2 DAGs
[2023-03-17T03:27:54.074+0000] {logging_mixin.py:137} INFO - [2023-03-17T03:27:54.073+0000] {dag.py:3444} INFO - Setting next_dagrun for example_xcom_args to None, run_after=None
[2023-03-17T03:27:54.078+0000] {logging_mixin.py:137} INFO - [2023-03-17T03:27:54.078+0000] {dag.py:3444} INFO - Setting next_dagrun for example_xcom_args_with_operators to None, run_after=None
[2023-03-17T03:27:54.102+0000] {processor.py:175} INFO - Processing /home/airflow/.local/lib/python3.7/site-packages/airflow/example_dags/example_xcomargs.py took 0.130 seconds
[2023-03-17T03:28:24.473+0000] {processor.py:153} INFO - Started process (PID=7743) to work on /home/airflow/.local/lib/python3.7/site-packages/airflow/example_dags/example_xcomargs.py
[2023-03-17T03:28:24.474+0000] {processor.py:743} INFO - Processing file /home/airflow/.local/lib/python3.7/site-packages/airflow/example_dags/example_xcomargs.py for tasks to queue
[2023-03-17T03:28:24.475+0000] {logging_mixin.py:137} INFO - [2023-03-17T03:28:24.475+0000] {dagbag.py:532} INFO - Filling up the DagBag from /home/airflow/.local/lib/python3.7/site-packages/airflow/example_dags/example_xcomargs.py
[2023-03-17T03:28:24.504+0000] {processor.py:753} INFO - DAG(s) dict_keys(['example_xcom_args_with_operators', 'example_xcom_args']) retrieved from /home/airflow/.local/lib/python3.7/site-packages/airflow/example_dags/example_xcomargs.py
[2023-03-17T03:28:24.541+0000] {logging_mixin.py:137} INFO - [2023-03-17T03:28:24.541+0000] {dag.py:2693} INFO - Sync 2 DAGs
[2023-03-17T03:28:24.572+0000] {logging_mixin.py:137} INFO - [2023-03-17T03:28:24.571+0000] {dag.py:3444} INFO - Setting next_dagrun for example_xcom_args to None, run_after=None
[2023-03-17T03:28:24.576+0000] {logging_mixin.py:137} INFO - [2023-03-17T03:28:24.576+0000] {dag.py:3444} INFO - Setting next_dagrun for example_xcom_args_with_operators to None, run_after=None
[2023-03-17T03:28:24.602+0000] {processor.py:175} INFO - Processing /home/airflow/.local/lib/python3.7/site-packages/airflow/example_dags/example_xcomargs.py took 0.132 seconds
[2023-03-17T03:28:54.789+0000] {processor.py:153} INFO - Started process (PID=7960) to work on /home/airflow/.local/lib/python3.7/site-packages/airflow/example_dags/example_xcomargs.py
[2023-03-17T03:28:54.790+0000] {processor.py:743} INFO - Processing file /home/airflow/.local/lib/python3.7/site-packages/airflow/example_dags/example_xcomargs.py for tasks to queue
[2023-03-17T03:28:54.791+0000] {logging_mixin.py:137} INFO - [2023-03-17T03:28:54.791+0000] {dagbag.py:532} INFO - Filling up the DagBag from /home/airflow/.local/lib/python3.7/site-packages/airflow/example_dags/example_xcomargs.py
[2023-03-17T03:28:54.818+0000] {processor.py:753} INFO - DAG(s) dict_keys(['example_xcom_args', 'example_xcom_args_with_operators']) retrieved from /home/airflow/.local/lib/python3.7/site-packages/airflow/example_dags/example_xcomargs.py
[2023-03-17T03:28:54.852+0000] {logging_mixin.py:137} INFO - [2023-03-17T03:28:54.852+0000] {dag.py:2693} INFO - Sync 2 DAGs
[2023-03-17T03:28:54.884+0000] {logging_mixin.py:137} INFO - [2023-03-17T03:28:54.883+0000] {dag.py:3444} INFO - Setting next_dagrun for example_xcom_args to None, run_after=None
[2023-03-17T03:28:54.888+0000] {logging_mixin.py:137} INFO - [2023-03-17T03:28:54.888+0000] {dag.py:3444} INFO - Setting next_dagrun for example_xcom_args_with_operators to None, run_after=None
[2023-03-17T03:28:54.911+0000] {processor.py:175} INFO - Processing /home/airflow/.local/lib/python3.7/site-packages/airflow/example_dags/example_xcomargs.py took 0.125 seconds
[2023-03-17T03:29:25.198+0000] {processor.py:153} INFO - Started process (PID=8178) to work on /home/airflow/.local/lib/python3.7/site-packages/airflow/example_dags/example_xcomargs.py
[2023-03-17T03:29:25.200+0000] {processor.py:743} INFO - Processing file /home/airflow/.local/lib/python3.7/site-packages/airflow/example_dags/example_xcomargs.py for tasks to queue
[2023-03-17T03:29:25.201+0000] {logging_mixin.py:137} INFO - [2023-03-17T03:29:25.201+0000] {dagbag.py:532} INFO - Filling up the DagBag from /home/airflow/.local/lib/python3.7/site-packages/airflow/example_dags/example_xcomargs.py
[2023-03-17T03:29:25.228+0000] {processor.py:753} INFO - DAG(s) dict_keys(['example_xcom_args', 'example_xcom_args_with_operators']) retrieved from /home/airflow/.local/lib/python3.7/site-packages/airflow/example_dags/example_xcomargs.py
[2023-03-17T03:29:25.265+0000] {logging_mixin.py:137} INFO - [2023-03-17T03:29:25.265+0000] {dag.py:2693} INFO - Sync 2 DAGs
[2023-03-17T03:29:25.299+0000] {logging_mixin.py:137} INFO - [2023-03-17T03:29:25.299+0000] {dag.py:3444} INFO - Setting next_dagrun for example_xcom_args to None, run_after=None
[2023-03-17T03:29:25.305+0000] {logging_mixin.py:137} INFO - [2023-03-17T03:29:25.304+0000] {dag.py:3444} INFO - Setting next_dagrun for example_xcom_args_with_operators to None, run_after=None
[2023-03-17T03:29:25.329+0000] {processor.py:175} INFO - Processing /home/airflow/.local/lib/python3.7/site-packages/airflow/example_dags/example_xcomargs.py took 0.134 seconds
[2023-03-17T03:29:55.494+0000] {processor.py:153} INFO - Started process (PID=8395) to work on /home/airflow/.local/lib/python3.7/site-packages/airflow/example_dags/example_xcomargs.py
[2023-03-17T03:29:55.495+0000] {processor.py:743} INFO - Processing file /home/airflow/.local/lib/python3.7/site-packages/airflow/example_dags/example_xcomargs.py for tasks to queue
[2023-03-17T03:29:55.496+0000] {logging_mixin.py:137} INFO - [2023-03-17T03:29:55.496+0000] {dagbag.py:532} INFO - Filling up the DagBag from /home/airflow/.local/lib/python3.7/site-packages/airflow/example_dags/example_xcomargs.py
[2023-03-17T03:29:55.525+0000] {processor.py:753} INFO - DAG(s) dict_keys(['example_xcom_args_with_operators', 'example_xcom_args']) retrieved from /home/airflow/.local/lib/python3.7/site-packages/airflow/example_dags/example_xcomargs.py
[2023-03-17T03:29:55.560+0000] {logging_mixin.py:137} INFO - [2023-03-17T03:29:55.560+0000] {dag.py:2693} INFO - Sync 2 DAGs
[2023-03-17T03:29:55.593+0000] {logging_mixin.py:137} INFO - [2023-03-17T03:29:55.592+0000] {dag.py:3444} INFO - Setting next_dagrun for example_xcom_args to None, run_after=None
[2023-03-17T03:29:55.598+0000] {logging_mixin.py:137} INFO - [2023-03-17T03:29:55.598+0000] {dag.py:3444} INFO - Setting next_dagrun for example_xcom_args_with_operators to None, run_after=None
[2023-03-17T03:29:55.621+0000] {processor.py:175} INFO - Processing /home/airflow/.local/lib/python3.7/site-packages/airflow/example_dags/example_xcomargs.py took 0.131 seconds
[2023-03-17T03:30:26.349+0000] {processor.py:153} INFO - Started process (PID=8612) to work on /home/airflow/.local/lib/python3.7/site-packages/airflow/example_dags/example_xcomargs.py
[2023-03-17T03:30:26.350+0000] {processor.py:743} INFO - Processing file /home/airflow/.local/lib/python3.7/site-packages/airflow/example_dags/example_xcomargs.py for tasks to queue
[2023-03-17T03:30:26.351+0000] {logging_mixin.py:137} INFO - [2023-03-17T03:30:26.351+0000] {dagbag.py:532} INFO - Filling up the DagBag from /home/airflow/.local/lib/python3.7/site-packages/airflow/example_dags/example_xcomargs.py
[2023-03-17T03:30:26.386+0000] {processor.py:753} INFO - DAG(s) dict_keys(['example_xcom_args', 'example_xcom_args_with_operators']) retrieved from /home/airflow/.local/lib/python3.7/site-packages/airflow/example_dags/example_xcomargs.py
[2023-03-17T03:30:26.423+0000] {logging_mixin.py:137} INFO - [2023-03-17T03:30:26.423+0000] {dag.py:2693} INFO - Sync 2 DAGs
[2023-03-17T03:30:26.458+0000] {logging_mixin.py:137} INFO - [2023-03-17T03:30:26.457+0000] {dag.py:3444} INFO - Setting next_dagrun for example_xcom_args to None, run_after=None
[2023-03-17T03:30:26.464+0000] {logging_mixin.py:137} INFO - [2023-03-17T03:30:26.464+0000] {dag.py:3444} INFO - Setting next_dagrun for example_xcom_args_with_operators to None, run_after=None
[2023-03-17T03:30:26.494+0000] {processor.py:175} INFO - Processing /home/airflow/.local/lib/python3.7/site-packages/airflow/example_dags/example_xcomargs.py took 0.149 seconds
[2023-03-17T03:30:56.631+0000] {processor.py:153} INFO - Started process (PID=8829) to work on /home/airflow/.local/lib/python3.7/site-packages/airflow/example_dags/example_xcomargs.py
[2023-03-17T03:30:56.632+0000] {processor.py:743} INFO - Processing file /home/airflow/.local/lib/python3.7/site-packages/airflow/example_dags/example_xcomargs.py for tasks to queue
[2023-03-17T03:30:56.633+0000] {logging_mixin.py:137} INFO - [2023-03-17T03:30:56.632+0000] {dagbag.py:532} INFO - Filling up the DagBag from /home/airflow/.local/lib/python3.7/site-packages/airflow/example_dags/example_xcomargs.py
[2023-03-17T03:30:56.659+0000] {processor.py:753} INFO - DAG(s) dict_keys(['example_xcom_args_with_operators', 'example_xcom_args']) retrieved from /home/airflow/.local/lib/python3.7/site-packages/airflow/example_dags/example_xcomargs.py
[2023-03-17T03:30:56.695+0000] {logging_mixin.py:137} INFO - [2023-03-17T03:30:56.694+0000] {dag.py:2693} INFO - Sync 2 DAGs
[2023-03-17T03:30:56.728+0000] {logging_mixin.py:137} INFO - [2023-03-17T03:30:56.727+0000] {dag.py:3444} INFO - Setting next_dagrun for example_xcom_args to None, run_after=None
[2023-03-17T03:30:56.734+0000] {logging_mixin.py:137} INFO - [2023-03-17T03:30:56.734+0000] {dag.py:3444} INFO - Setting next_dagrun for example_xcom_args_with_operators to None, run_after=None
[2023-03-17T03:30:56.756+0000] {processor.py:175} INFO - Processing /home/airflow/.local/lib/python3.7/site-packages/airflow/example_dags/example_xcomargs.py took 0.129 seconds
[2023-03-17T03:31:27.046+0000] {processor.py:153} INFO - Started process (PID=9046) to work on /home/airflow/.local/lib/python3.7/site-packages/airflow/example_dags/example_xcomargs.py
[2023-03-17T03:31:27.047+0000] {processor.py:743} INFO - Processing file /home/airflow/.local/lib/python3.7/site-packages/airflow/example_dags/example_xcomargs.py for tasks to queue
[2023-03-17T03:31:27.049+0000] {logging_mixin.py:137} INFO - [2023-03-17T03:31:27.049+0000] {dagbag.py:532} INFO - Filling up the DagBag from /home/airflow/.local/lib/python3.7/site-packages/airflow/example_dags/example_xcomargs.py
[2023-03-17T03:31:27.090+0000] {processor.py:753} INFO - DAG(s) dict_keys(['example_xcom_args', 'example_xcom_args_with_operators']) retrieved from /home/airflow/.local/lib/python3.7/site-packages/airflow/example_dags/example_xcomargs.py
[2023-03-17T03:31:27.134+0000] {logging_mixin.py:137} INFO - [2023-03-17T03:31:27.133+0000] {dag.py:2693} INFO - Sync 2 DAGs
[2023-03-17T03:31:27.167+0000] {logging_mixin.py:137} INFO - [2023-03-17T03:31:27.167+0000] {dag.py:3444} INFO - Setting next_dagrun for example_xcom_args to None, run_after=None
[2023-03-17T03:31:27.171+0000] {logging_mixin.py:137} INFO - [2023-03-17T03:31:27.171+0000] {dag.py:3444} INFO - Setting next_dagrun for example_xcom_args_with_operators to None, run_after=None
[2023-03-17T03:31:27.196+0000] {processor.py:175} INFO - Processing /home/airflow/.local/lib/python3.7/site-packages/airflow/example_dags/example_xcomargs.py took 0.154 seconds
[2023-03-17T03:31:57.492+0000] {processor.py:153} INFO - Started process (PID=9275) to work on /home/airflow/.local/lib/python3.7/site-packages/airflow/example_dags/example_xcomargs.py
[2023-03-17T03:31:57.493+0000] {processor.py:743} INFO - Processing file /home/airflow/.local/lib/python3.7/site-packages/airflow/example_dags/example_xcomargs.py for tasks to queue
[2023-03-17T03:31:57.494+0000] {logging_mixin.py:137} INFO - [2023-03-17T03:31:57.494+0000] {dagbag.py:532} INFO - Filling up the DagBag from /home/airflow/.local/lib/python3.7/site-packages/airflow/example_dags/example_xcomargs.py
[2023-03-17T03:31:57.521+0000] {processor.py:753} INFO - DAG(s) dict_keys(['example_xcom_args_with_operators', 'example_xcom_args']) retrieved from /home/airflow/.local/lib/python3.7/site-packages/airflow/example_dags/example_xcomargs.py
[2023-03-17T03:31:57.555+0000] {logging_mixin.py:137} INFO - [2023-03-17T03:31:57.555+0000] {dag.py:2693} INFO - Sync 2 DAGs
[2023-03-17T03:31:57.583+0000] {logging_mixin.py:137} INFO - [2023-03-17T03:31:57.583+0000] {dag.py:3444} INFO - Setting next_dagrun for example_xcom_args to None, run_after=None
[2023-03-17T03:31:57.590+0000] {logging_mixin.py:137} INFO - [2023-03-17T03:31:57.590+0000] {dag.py:3444} INFO - Setting next_dagrun for example_xcom_args_with_operators to None, run_after=None
[2023-03-17T03:31:57.619+0000] {processor.py:175} INFO - Processing /home/airflow/.local/lib/python3.7/site-packages/airflow/example_dags/example_xcomargs.py took 0.130 seconds
[2023-03-17T03:32:28.023+0000] {processor.py:153} INFO - Started process (PID=9480) to work on /home/airflow/.local/lib/python3.7/site-packages/airflow/example_dags/example_xcomargs.py
[2023-03-17T03:32:28.024+0000] {processor.py:743} INFO - Processing file /home/airflow/.local/lib/python3.7/site-packages/airflow/example_dags/example_xcomargs.py for tasks to queue
[2023-03-17T03:32:28.025+0000] {logging_mixin.py:137} INFO - [2023-03-17T03:32:28.025+0000] {dagbag.py:532} INFO - Filling up the DagBag from /home/airflow/.local/lib/python3.7/site-packages/airflow/example_dags/example_xcomargs.py
[2023-03-17T03:32:28.054+0000] {processor.py:753} INFO - DAG(s) dict_keys(['example_xcom_args', 'example_xcom_args_with_operators']) retrieved from /home/airflow/.local/lib/python3.7/site-packages/airflow/example_dags/example_xcomargs.py
[2023-03-17T03:32:28.089+0000] {logging_mixin.py:137} INFO - [2023-03-17T03:32:28.089+0000] {dag.py:2693} INFO - Sync 2 DAGs
[2023-03-17T03:32:28.120+0000] {logging_mixin.py:137} INFO - [2023-03-17T03:32:28.120+0000] {dag.py:3444} INFO - Setting next_dagrun for example_xcom_args to None, run_after=None
[2023-03-17T03:32:28.124+0000] {logging_mixin.py:137} INFO - [2023-03-17T03:32:28.124+0000] {dag.py:3444} INFO - Setting next_dagrun for example_xcom_args_with_operators to None, run_after=None
[2023-03-17T03:32:28.151+0000] {processor.py:175} INFO - Processing /home/airflow/.local/lib/python3.7/site-packages/airflow/example_dags/example_xcomargs.py took 0.132 seconds
[2023-03-17T03:32:58.974+0000] {processor.py:153} INFO - Started process (PID=9697) to work on /home/airflow/.local/lib/python3.7/site-packages/airflow/example_dags/example_xcomargs.py
[2023-03-17T03:32:58.975+0000] {processor.py:743} INFO - Processing file /home/airflow/.local/lib/python3.7/site-packages/airflow/example_dags/example_xcomargs.py for tasks to queue
[2023-03-17T03:32:58.976+0000] {logging_mixin.py:137} INFO - [2023-03-17T03:32:58.976+0000] {dagbag.py:532} INFO - Filling up the DagBag from /home/airflow/.local/lib/python3.7/site-packages/airflow/example_dags/example_xcomargs.py
[2023-03-17T03:32:59.009+0000] {processor.py:753} INFO - DAG(s) dict_keys(['example_xcom_args_with_operators', 'example_xcom_args']) retrieved from /home/airflow/.local/lib/python3.7/site-packages/airflow/example_dags/example_xcomargs.py
[2023-03-17T03:32:59.047+0000] {logging_mixin.py:137} INFO - [2023-03-17T03:32:59.047+0000] {dag.py:2693} INFO - Sync 2 DAGs
[2023-03-17T03:32:59.080+0000] {logging_mixin.py:137} INFO - [2023-03-17T03:32:59.079+0000] {dag.py:3444} INFO - Setting next_dagrun for example_xcom_args to None, run_after=None
[2023-03-17T03:32:59.084+0000] {logging_mixin.py:137} INFO - [2023-03-17T03:32:59.084+0000] {dag.py:3444} INFO - Setting next_dagrun for example_xcom_args_with_operators to None, run_after=None
[2023-03-17T03:32:59.110+0000] {processor.py:175} INFO - Processing /home/airflow/.local/lib/python3.7/site-packages/airflow/example_dags/example_xcomargs.py took 0.140 seconds
[2023-03-17T03:33:29.588+0000] {processor.py:153} INFO - Started process (PID=9917) to work on /home/airflow/.local/lib/python3.7/site-packages/airflow/example_dags/example_xcomargs.py
[2023-03-17T03:33:29.589+0000] {processor.py:743} INFO - Processing file /home/airflow/.local/lib/python3.7/site-packages/airflow/example_dags/example_xcomargs.py for tasks to queue
[2023-03-17T03:33:29.590+0000] {logging_mixin.py:137} INFO - [2023-03-17T03:33:29.590+0000] {dagbag.py:532} INFO - Filling up the DagBag from /home/airflow/.local/lib/python3.7/site-packages/airflow/example_dags/example_xcomargs.py
[2023-03-17T03:33:29.626+0000] {processor.py:753} INFO - DAG(s) dict_keys(['example_xcom_args_with_operators', 'example_xcom_args']) retrieved from /home/airflow/.local/lib/python3.7/site-packages/airflow/example_dags/example_xcomargs.py
[2023-03-17T03:33:29.672+0000] {logging_mixin.py:137} INFO - [2023-03-17T03:33:29.672+0000] {dag.py:2693} INFO - Sync 2 DAGs
[2023-03-17T03:33:29.711+0000] {logging_mixin.py:137} INFO - [2023-03-17T03:33:29.711+0000] {dag.py:3444} INFO - Setting next_dagrun for example_xcom_args to None, run_after=None
[2023-03-17T03:33:29.720+0000] {logging_mixin.py:137} INFO - [2023-03-17T03:33:29.719+0000] {dag.py:3444} INFO - Setting next_dagrun for example_xcom_args_with_operators to None, run_after=None
[2023-03-17T03:33:29.747+0000] {processor.py:175} INFO - Processing /home/airflow/.local/lib/python3.7/site-packages/airflow/example_dags/example_xcomargs.py took 0.164 seconds
[2023-03-17T03:33:59.993+0000] {processor.py:153} INFO - Started process (PID=10134) to work on /home/airflow/.local/lib/python3.7/site-packages/airflow/example_dags/example_xcomargs.py
[2023-03-17T03:33:59.994+0000] {processor.py:743} INFO - Processing file /home/airflow/.local/lib/python3.7/site-packages/airflow/example_dags/example_xcomargs.py for tasks to queue
[2023-03-17T03:33:59.995+0000] {logging_mixin.py:137} INFO - [2023-03-17T03:33:59.995+0000] {dagbag.py:532} INFO - Filling up the DagBag from /home/airflow/.local/lib/python3.7/site-packages/airflow/example_dags/example_xcomargs.py
[2023-03-17T03:34:00.027+0000] {processor.py:753} INFO - DAG(s) dict_keys(['example_xcom_args', 'example_xcom_args_with_operators']) retrieved from /home/airflow/.local/lib/python3.7/site-packages/airflow/example_dags/example_xcomargs.py
[2023-03-17T03:34:00.063+0000] {logging_mixin.py:137} INFO - [2023-03-17T03:34:00.063+0000] {dag.py:2693} INFO - Sync 2 DAGs
[2023-03-17T03:34:00.099+0000] {logging_mixin.py:137} INFO - [2023-03-17T03:34:00.099+0000] {dag.py:3444} INFO - Setting next_dagrun for example_xcom_args to None, run_after=None
[2023-03-17T03:34:00.103+0000] {logging_mixin.py:137} INFO - [2023-03-17T03:34:00.103+0000] {dag.py:3444} INFO - Setting next_dagrun for example_xcom_args_with_operators to None, run_after=None
[2023-03-17T03:34:00.130+0000] {processor.py:175} INFO - Processing /home/airflow/.local/lib/python3.7/site-packages/airflow/example_dags/example_xcomargs.py took 0.140 seconds
[2023-03-17T03:34:30.631+0000] {processor.py:153} INFO - Started process (PID=10350) to work on /home/airflow/.local/lib/python3.7/site-packages/airflow/example_dags/example_xcomargs.py
[2023-03-17T03:34:30.633+0000] {processor.py:743} INFO - Processing file /home/airflow/.local/lib/python3.7/site-packages/airflow/example_dags/example_xcomargs.py for tasks to queue
[2023-03-17T03:34:30.634+0000] {logging_mixin.py:137} INFO - [2023-03-17T03:34:30.634+0000] {dagbag.py:532} INFO - Filling up the DagBag from /home/airflow/.local/lib/python3.7/site-packages/airflow/example_dags/example_xcomargs.py
[2023-03-17T03:34:30.665+0000] {processor.py:753} INFO - DAG(s) dict_keys(['example_xcom_args_with_operators', 'example_xcom_args']) retrieved from /home/airflow/.local/lib/python3.7/site-packages/airflow/example_dags/example_xcomargs.py
[2023-03-17T03:34:30.703+0000] {logging_mixin.py:137} INFO - [2023-03-17T03:34:30.703+0000] {dag.py:2693} INFO - Sync 2 DAGs
[2023-03-17T03:34:30.735+0000] {logging_mixin.py:137} INFO - [2023-03-17T03:34:30.735+0000] {dag.py:3444} INFO - Setting next_dagrun for example_xcom_args to None, run_after=None
[2023-03-17T03:34:30.740+0000] {logging_mixin.py:137} INFO - [2023-03-17T03:34:30.740+0000] {dag.py:3444} INFO - Setting next_dagrun for example_xcom_args_with_operators to None, run_after=None
[2023-03-17T03:34:30.766+0000] {processor.py:175} INFO - Processing /home/airflow/.local/lib/python3.7/site-packages/airflow/example_dags/example_xcomargs.py took 0.139 seconds
