[2023-03-17T03:10:59.522+0000] {processor.py:153} INFO - Started process (PID=215) to work on /home/airflow/.local/lib/python3.7/site-packages/airflow/example_dags/example_task_group.py
[2023-03-17T03:10:59.532+0000] {processor.py:743} INFO - Processing file /home/airflow/.local/lib/python3.7/site-packages/airflow/example_dags/example_task_group.py for tasks to queue
[2023-03-17T03:10:59.533+0000] {logging_mixin.py:137} INFO - [2023-03-17T03:10:59.533+0000] {dagbag.py:532} INFO - Filling up the DagBag from /home/airflow/.local/lib/python3.7/site-packages/airflow/example_dags/example_task_group.py
[2023-03-17T03:10:59.604+0000] {processor.py:753} INFO - DAG(s) dict_keys(['example_task_group']) retrieved from /home/airflow/.local/lib/python3.7/site-packages/airflow/example_dags/example_task_group.py
[2023-03-17T03:10:59.708+0000] {logging_mixin.py:137} INFO - [2023-03-17T03:10:59.708+0000] {dag.py:2693} INFO - Sync 1 DAGs
[2023-03-17T03:10:59.806+0000] {logging_mixin.py:137} INFO - [2023-03-17T03:10:59.806+0000] {dag.py:3444} INFO - Setting next_dagrun for example_task_group to 2023-03-16T03:10:59.805969+00:00, run_after=2023-03-17T03:10:59.805969+00:00
[2023-03-17T03:10:59.856+0000] {processor.py:175} INFO - Processing /home/airflow/.local/lib/python3.7/site-packages/airflow/example_dags/example_task_group.py took 0.340 seconds
[2023-03-17T03:11:32.024+0000] {processor.py:153} INFO - Started process (PID=432) to work on /home/airflow/.local/lib/python3.7/site-packages/airflow/example_dags/example_task_group.py
[2023-03-17T03:11:32.026+0000] {processor.py:743} INFO - Processing file /home/airflow/.local/lib/python3.7/site-packages/airflow/example_dags/example_task_group.py for tasks to queue
[2023-03-17T03:11:32.028+0000] {logging_mixin.py:137} INFO - [2023-03-17T03:11:32.028+0000] {dagbag.py:532} INFO - Filling up the DagBag from /home/airflow/.local/lib/python3.7/site-packages/airflow/example_dags/example_task_group.py
[2023-03-17T03:11:32.062+0000] {processor.py:753} INFO - DAG(s) dict_keys(['example_task_group']) retrieved from /home/airflow/.local/lib/python3.7/site-packages/airflow/example_dags/example_task_group.py
[2023-03-17T03:11:32.125+0000] {logging_mixin.py:137} INFO - [2023-03-17T03:11:32.125+0000] {dag.py:2693} INFO - Sync 1 DAGs
[2023-03-17T03:11:32.697+0000] {logging_mixin.py:137} INFO - [2023-03-17T03:11:32.697+0000] {dag.py:3444} INFO - Setting next_dagrun for example_task_group to 2023-03-16T03:11:32.694905+00:00, run_after=2023-03-17T03:11:32.694905+00:00
[2023-03-17T03:11:32.739+0000] {processor.py:175} INFO - Processing /home/airflow/.local/lib/python3.7/site-packages/airflow/example_dags/example_task_group.py took 0.720 seconds
[2023-03-17T03:12:03.960+0000] {processor.py:153} INFO - Started process (PID=656) to work on /home/airflow/.local/lib/python3.7/site-packages/airflow/example_dags/example_task_group.py
[2023-03-17T03:12:03.962+0000] {processor.py:743} INFO - Processing file /home/airflow/.local/lib/python3.7/site-packages/airflow/example_dags/example_task_group.py for tasks to queue
[2023-03-17T03:12:03.964+0000] {logging_mixin.py:137} INFO - [2023-03-17T03:12:03.964+0000] {dagbag.py:532} INFO - Filling up the DagBag from /home/airflow/.local/lib/python3.7/site-packages/airflow/example_dags/example_task_group.py
[2023-03-17T03:12:04.010+0000] {processor.py:753} INFO - DAG(s) dict_keys(['example_task_group']) retrieved from /home/airflow/.local/lib/python3.7/site-packages/airflow/example_dags/example_task_group.py
[2023-03-17T03:12:04.084+0000] {logging_mixin.py:137} INFO - [2023-03-17T03:12:04.083+0000] {dag.py:2693} INFO - Sync 1 DAGs
[2023-03-17T03:12:04.170+0000] {logging_mixin.py:137} INFO - [2023-03-17T03:12:04.170+0000] {dag.py:3444} INFO - Setting next_dagrun for example_task_group to 2023-03-16T03:12:04.169902+00:00, run_after=2023-03-17T03:12:04.169902+00:00
[2023-03-17T03:12:04.251+0000] {processor.py:175} INFO - Processing /home/airflow/.local/lib/python3.7/site-packages/airflow/example_dags/example_task_group.py took 0.297 seconds
[2023-03-17T03:12:34.809+0000] {processor.py:153} INFO - Started process (PID=873) to work on /home/airflow/.local/lib/python3.7/site-packages/airflow/example_dags/example_task_group.py
[2023-03-17T03:12:34.810+0000] {processor.py:743} INFO - Processing file /home/airflow/.local/lib/python3.7/site-packages/airflow/example_dags/example_task_group.py for tasks to queue
[2023-03-17T03:12:34.811+0000] {logging_mixin.py:137} INFO - [2023-03-17T03:12:34.811+0000] {dagbag.py:532} INFO - Filling up the DagBag from /home/airflow/.local/lib/python3.7/site-packages/airflow/example_dags/example_task_group.py
[2023-03-17T03:12:34.829+0000] {processor.py:753} INFO - DAG(s) dict_keys(['example_task_group']) retrieved from /home/airflow/.local/lib/python3.7/site-packages/airflow/example_dags/example_task_group.py
[2023-03-17T03:12:34.862+0000] {logging_mixin.py:137} INFO - [2023-03-17T03:12:34.862+0000] {dag.py:2693} INFO - Sync 1 DAGs
[2023-03-17T03:12:34.892+0000] {logging_mixin.py:137} INFO - [2023-03-17T03:12:34.892+0000] {dag.py:3444} INFO - Setting next_dagrun for example_task_group to 2023-03-16T03:12:34.892295+00:00, run_after=2023-03-17T03:12:34.892295+00:00
[2023-03-17T03:12:34.955+0000] {processor.py:175} INFO - Processing /home/airflow/.local/lib/python3.7/site-packages/airflow/example_dags/example_task_group.py took 0.149 seconds
[2023-03-17T03:13:05.808+0000] {processor.py:153} INFO - Started process (PID=1092) to work on /home/airflow/.local/lib/python3.7/site-packages/airflow/example_dags/example_task_group.py
[2023-03-17T03:13:05.809+0000] {processor.py:743} INFO - Processing file /home/airflow/.local/lib/python3.7/site-packages/airflow/example_dags/example_task_group.py for tasks to queue
[2023-03-17T03:13:05.810+0000] {logging_mixin.py:137} INFO - [2023-03-17T03:13:05.810+0000] {dagbag.py:532} INFO - Filling up the DagBag from /home/airflow/.local/lib/python3.7/site-packages/airflow/example_dags/example_task_group.py
[2023-03-17T03:13:05.831+0000] {processor.py:753} INFO - DAG(s) dict_keys(['example_task_group']) retrieved from /home/airflow/.local/lib/python3.7/site-packages/airflow/example_dags/example_task_group.py
[2023-03-17T03:13:05.862+0000] {logging_mixin.py:137} INFO - [2023-03-17T03:13:05.862+0000] {dag.py:2693} INFO - Sync 1 DAGs
[2023-03-17T03:13:05.901+0000] {logging_mixin.py:137} INFO - [2023-03-17T03:13:05.900+0000] {dag.py:3444} INFO - Setting next_dagrun for example_task_group to 2023-03-16T03:13:05.900536+00:00, run_after=2023-03-17T03:13:05.900536+00:00
[2023-03-17T03:13:05.936+0000] {processor.py:175} INFO - Processing /home/airflow/.local/lib/python3.7/site-packages/airflow/example_dags/example_task_group.py took 0.132 seconds
[2023-03-17T03:13:36.341+0000] {processor.py:153} INFO - Started process (PID=1307) to work on /home/airflow/.local/lib/python3.7/site-packages/airflow/example_dags/example_task_group.py
[2023-03-17T03:13:36.342+0000] {processor.py:743} INFO - Processing file /home/airflow/.local/lib/python3.7/site-packages/airflow/example_dags/example_task_group.py for tasks to queue
[2023-03-17T03:13:36.344+0000] {logging_mixin.py:137} INFO - [2023-03-17T03:13:36.344+0000] {dagbag.py:532} INFO - Filling up the DagBag from /home/airflow/.local/lib/python3.7/site-packages/airflow/example_dags/example_task_group.py
[2023-03-17T03:13:36.364+0000] {processor.py:753} INFO - DAG(s) dict_keys(['example_task_group']) retrieved from /home/airflow/.local/lib/python3.7/site-packages/airflow/example_dags/example_task_group.py
[2023-03-17T03:13:36.396+0000] {logging_mixin.py:137} INFO - [2023-03-17T03:13:36.396+0000] {dag.py:2693} INFO - Sync 1 DAGs
[2023-03-17T03:13:36.427+0000] {logging_mixin.py:137} INFO - [2023-03-17T03:13:36.427+0000] {dag.py:3444} INFO - Setting next_dagrun for example_task_group to 2023-03-16T03:13:36.427117+00:00, run_after=2023-03-17T03:13:36.427117+00:00
[2023-03-17T03:13:36.456+0000] {processor.py:175} INFO - Processing /home/airflow/.local/lib/python3.7/site-packages/airflow/example_dags/example_task_group.py took 0.119 seconds
[2023-03-17T03:14:06.801+0000] {processor.py:153} INFO - Started process (PID=1524) to work on /home/airflow/.local/lib/python3.7/site-packages/airflow/example_dags/example_task_group.py
[2023-03-17T03:14:06.803+0000] {processor.py:743} INFO - Processing file /home/airflow/.local/lib/python3.7/site-packages/airflow/example_dags/example_task_group.py for tasks to queue
[2023-03-17T03:14:06.804+0000] {logging_mixin.py:137} INFO - [2023-03-17T03:14:06.804+0000] {dagbag.py:532} INFO - Filling up the DagBag from /home/airflow/.local/lib/python3.7/site-packages/airflow/example_dags/example_task_group.py
[2023-03-17T03:14:06.822+0000] {processor.py:753} INFO - DAG(s) dict_keys(['example_task_group']) retrieved from /home/airflow/.local/lib/python3.7/site-packages/airflow/example_dags/example_task_group.py
[2023-03-17T03:14:06.854+0000] {logging_mixin.py:137} INFO - [2023-03-17T03:14:06.854+0000] {dag.py:2693} INFO - Sync 1 DAGs
[2023-03-17T03:14:06.883+0000] {logging_mixin.py:137} INFO - [2023-03-17T03:14:06.883+0000] {dag.py:3444} INFO - Setting next_dagrun for example_task_group to 2023-03-16T03:14:06.883364+00:00, run_after=2023-03-17T03:14:06.883364+00:00
[2023-03-17T03:14:06.908+0000] {processor.py:175} INFO - Processing /home/airflow/.local/lib/python3.7/site-packages/airflow/example_dags/example_task_group.py took 0.111 seconds
[2023-03-17T03:14:37.132+0000] {processor.py:153} INFO - Started process (PID=1736) to work on /home/airflow/.local/lib/python3.7/site-packages/airflow/example_dags/example_task_group.py
[2023-03-17T03:14:37.134+0000] {processor.py:743} INFO - Processing file /home/airflow/.local/lib/python3.7/site-packages/airflow/example_dags/example_task_group.py for tasks to queue
[2023-03-17T03:14:37.135+0000] {logging_mixin.py:137} INFO - [2023-03-17T03:14:37.135+0000] {dagbag.py:532} INFO - Filling up the DagBag from /home/airflow/.local/lib/python3.7/site-packages/airflow/example_dags/example_task_group.py
[2023-03-17T03:14:37.154+0000] {processor.py:753} INFO - DAG(s) dict_keys(['example_task_group']) retrieved from /home/airflow/.local/lib/python3.7/site-packages/airflow/example_dags/example_task_group.py
[2023-03-17T03:14:37.184+0000] {logging_mixin.py:137} INFO - [2023-03-17T03:14:37.184+0000] {dag.py:2693} INFO - Sync 1 DAGs
[2023-03-17T03:14:37.215+0000] {logging_mixin.py:137} INFO - [2023-03-17T03:14:37.214+0000] {dag.py:3444} INFO - Setting next_dagrun for example_task_group to 2023-03-16T03:14:37.214521+00:00, run_after=2023-03-17T03:14:37.214521+00:00
[2023-03-17T03:14:37.241+0000] {processor.py:175} INFO - Processing /home/airflow/.local/lib/python3.7/site-packages/airflow/example_dags/example_task_group.py took 0.113 seconds
[2023-03-17T03:15:07.690+0000] {processor.py:153} INFO - Started process (PID=1958) to work on /home/airflow/.local/lib/python3.7/site-packages/airflow/example_dags/example_task_group.py
[2023-03-17T03:15:07.691+0000] {processor.py:743} INFO - Processing file /home/airflow/.local/lib/python3.7/site-packages/airflow/example_dags/example_task_group.py for tasks to queue
[2023-03-17T03:15:07.692+0000] {logging_mixin.py:137} INFO - [2023-03-17T03:15:07.692+0000] {dagbag.py:532} INFO - Filling up the DagBag from /home/airflow/.local/lib/python3.7/site-packages/airflow/example_dags/example_task_group.py
[2023-03-17T03:15:07.709+0000] {processor.py:753} INFO - DAG(s) dict_keys(['example_task_group']) retrieved from /home/airflow/.local/lib/python3.7/site-packages/airflow/example_dags/example_task_group.py
[2023-03-17T03:15:07.741+0000] {logging_mixin.py:137} INFO - [2023-03-17T03:15:07.741+0000] {dag.py:2693} INFO - Sync 1 DAGs
[2023-03-17T03:15:07.773+0000] {logging_mixin.py:137} INFO - [2023-03-17T03:15:07.773+0000] {dag.py:3444} INFO - Setting next_dagrun for example_task_group to 2023-03-16T03:15:07.772760+00:00, run_after=2023-03-17T03:15:07.772760+00:00
[2023-03-17T03:15:07.801+0000] {processor.py:175} INFO - Processing /home/airflow/.local/lib/python3.7/site-packages/airflow/example_dags/example_task_group.py took 0.115 seconds
[2023-03-17T03:15:38.274+0000] {processor.py:153} INFO - Started process (PID=2175) to work on /home/airflow/.local/lib/python3.7/site-packages/airflow/example_dags/example_task_group.py
[2023-03-17T03:15:38.275+0000] {processor.py:743} INFO - Processing file /home/airflow/.local/lib/python3.7/site-packages/airflow/example_dags/example_task_group.py for tasks to queue
[2023-03-17T03:15:38.275+0000] {logging_mixin.py:137} INFO - [2023-03-17T03:15:38.275+0000] {dagbag.py:532} INFO - Filling up the DagBag from /home/airflow/.local/lib/python3.7/site-packages/airflow/example_dags/example_task_group.py
[2023-03-17T03:15:38.293+0000] {processor.py:753} INFO - DAG(s) dict_keys(['example_task_group']) retrieved from /home/airflow/.local/lib/python3.7/site-packages/airflow/example_dags/example_task_group.py
[2023-03-17T03:15:38.324+0000] {logging_mixin.py:137} INFO - [2023-03-17T03:15:38.324+0000] {dag.py:2693} INFO - Sync 1 DAGs
[2023-03-17T03:15:38.354+0000] {logging_mixin.py:137} INFO - [2023-03-17T03:15:38.353+0000] {dag.py:3444} INFO - Setting next_dagrun for example_task_group to 2023-03-16T03:15:38.353689+00:00, run_after=2023-03-17T03:15:38.353689+00:00
[2023-03-17T03:15:38.379+0000] {processor.py:175} INFO - Processing /home/airflow/.local/lib/python3.7/site-packages/airflow/example_dags/example_task_group.py took 0.109 seconds
[2023-03-17T03:16:08.705+0000] {processor.py:153} INFO - Started process (PID=2393) to work on /home/airflow/.local/lib/python3.7/site-packages/airflow/example_dags/example_task_group.py
[2023-03-17T03:16:08.707+0000] {processor.py:743} INFO - Processing file /home/airflow/.local/lib/python3.7/site-packages/airflow/example_dags/example_task_group.py for tasks to queue
[2023-03-17T03:16:08.708+0000] {logging_mixin.py:137} INFO - [2023-03-17T03:16:08.708+0000] {dagbag.py:532} INFO - Filling up the DagBag from /home/airflow/.local/lib/python3.7/site-packages/airflow/example_dags/example_task_group.py
[2023-03-17T03:16:08.728+0000] {processor.py:753} INFO - DAG(s) dict_keys(['example_task_group']) retrieved from /home/airflow/.local/lib/python3.7/site-packages/airflow/example_dags/example_task_group.py
[2023-03-17T03:16:08.764+0000] {logging_mixin.py:137} INFO - [2023-03-17T03:16:08.763+0000] {dag.py:2693} INFO - Sync 1 DAGs
[2023-03-17T03:16:08.795+0000] {logging_mixin.py:137} INFO - [2023-03-17T03:16:08.795+0000] {dag.py:3444} INFO - Setting next_dagrun for example_task_group to 2023-03-16T03:16:08.795309+00:00, run_after=2023-03-17T03:16:08.795309+00:00
[2023-03-17T03:16:08.821+0000] {processor.py:175} INFO - Processing /home/airflow/.local/lib/python3.7/site-packages/airflow/example_dags/example_task_group.py took 0.119 seconds
[2023-03-17T03:16:39.407+0000] {processor.py:153} INFO - Started process (PID=2610) to work on /home/airflow/.local/lib/python3.7/site-packages/airflow/example_dags/example_task_group.py
[2023-03-17T03:16:39.409+0000] {processor.py:743} INFO - Processing file /home/airflow/.local/lib/python3.7/site-packages/airflow/example_dags/example_task_group.py for tasks to queue
[2023-03-17T03:16:39.410+0000] {logging_mixin.py:137} INFO - [2023-03-17T03:16:39.410+0000] {dagbag.py:532} INFO - Filling up the DagBag from /home/airflow/.local/lib/python3.7/site-packages/airflow/example_dags/example_task_group.py
[2023-03-17T03:16:39.428+0000] {processor.py:753} INFO - DAG(s) dict_keys(['example_task_group']) retrieved from /home/airflow/.local/lib/python3.7/site-packages/airflow/example_dags/example_task_group.py
[2023-03-17T03:16:39.459+0000] {logging_mixin.py:137} INFO - [2023-03-17T03:16:39.458+0000] {dag.py:2693} INFO - Sync 1 DAGs
[2023-03-17T03:16:39.490+0000] {logging_mixin.py:137} INFO - [2023-03-17T03:16:39.490+0000] {dag.py:3444} INFO - Setting next_dagrun for example_task_group to 2023-03-16T03:16:39.489993+00:00, run_after=2023-03-17T03:16:39.489993+00:00
[2023-03-17T03:16:39.517+0000] {processor.py:175} INFO - Processing /home/airflow/.local/lib/python3.7/site-packages/airflow/example_dags/example_task_group.py took 0.113 seconds
[2023-03-17T03:17:09.903+0000] {processor.py:153} INFO - Started process (PID=2827) to work on /home/airflow/.local/lib/python3.7/site-packages/airflow/example_dags/example_task_group.py
[2023-03-17T03:17:09.904+0000] {processor.py:743} INFO - Processing file /home/airflow/.local/lib/python3.7/site-packages/airflow/example_dags/example_task_group.py for tasks to queue
[2023-03-17T03:17:09.905+0000] {logging_mixin.py:137} INFO - [2023-03-17T03:17:09.905+0000] {dagbag.py:532} INFO - Filling up the DagBag from /home/airflow/.local/lib/python3.7/site-packages/airflow/example_dags/example_task_group.py
[2023-03-17T03:17:09.923+0000] {processor.py:753} INFO - DAG(s) dict_keys(['example_task_group']) retrieved from /home/airflow/.local/lib/python3.7/site-packages/airflow/example_dags/example_task_group.py
[2023-03-17T03:17:09.954+0000] {logging_mixin.py:137} INFO - [2023-03-17T03:17:09.954+0000] {dag.py:2693} INFO - Sync 1 DAGs
[2023-03-17T03:17:09.985+0000] {logging_mixin.py:137} INFO - [2023-03-17T03:17:09.985+0000] {dag.py:3444} INFO - Setting next_dagrun for example_task_group to 2023-03-16T03:17:09.985249+00:00, run_after=2023-03-17T03:17:09.985249+00:00
[2023-03-17T03:17:10.010+0000] {processor.py:175} INFO - Processing /home/airflow/.local/lib/python3.7/site-packages/airflow/example_dags/example_task_group.py took 0.111 seconds
[2023-03-17T03:17:40.310+0000] {processor.py:153} INFO - Started process (PID=3044) to work on /home/airflow/.local/lib/python3.7/site-packages/airflow/example_dags/example_task_group.py
[2023-03-17T03:17:40.311+0000] {processor.py:743} INFO - Processing file /home/airflow/.local/lib/python3.7/site-packages/airflow/example_dags/example_task_group.py for tasks to queue
[2023-03-17T03:17:40.312+0000] {logging_mixin.py:137} INFO - [2023-03-17T03:17:40.312+0000] {dagbag.py:532} INFO - Filling up the DagBag from /home/airflow/.local/lib/python3.7/site-packages/airflow/example_dags/example_task_group.py
[2023-03-17T03:17:40.330+0000] {processor.py:753} INFO - DAG(s) dict_keys(['example_task_group']) retrieved from /home/airflow/.local/lib/python3.7/site-packages/airflow/example_dags/example_task_group.py
[2023-03-17T03:17:40.365+0000] {logging_mixin.py:137} INFO - [2023-03-17T03:17:40.365+0000] {dag.py:2693} INFO - Sync 1 DAGs
[2023-03-17T03:17:40.396+0000] {logging_mixin.py:137} INFO - [2023-03-17T03:17:40.396+0000] {dag.py:3444} INFO - Setting next_dagrun for example_task_group to 2023-03-16T03:17:40.395749+00:00, run_after=2023-03-17T03:17:40.395749+00:00
[2023-03-17T03:17:40.424+0000] {processor.py:175} INFO - Processing /home/airflow/.local/lib/python3.7/site-packages/airflow/example_dags/example_task_group.py took 0.117 seconds
[2023-03-17T03:18:10.764+0000] {processor.py:153} INFO - Started process (PID=3261) to work on /home/airflow/.local/lib/python3.7/site-packages/airflow/example_dags/example_task_group.py
[2023-03-17T03:18:10.765+0000] {processor.py:743} INFO - Processing file /home/airflow/.local/lib/python3.7/site-packages/airflow/example_dags/example_task_group.py for tasks to queue
[2023-03-17T03:18:10.766+0000] {logging_mixin.py:137} INFO - [2023-03-17T03:18:10.766+0000] {dagbag.py:532} INFO - Filling up the DagBag from /home/airflow/.local/lib/python3.7/site-packages/airflow/example_dags/example_task_group.py
[2023-03-17T03:18:10.785+0000] {processor.py:753} INFO - DAG(s) dict_keys(['example_task_group']) retrieved from /home/airflow/.local/lib/python3.7/site-packages/airflow/example_dags/example_task_group.py
[2023-03-17T03:18:10.817+0000] {logging_mixin.py:137} INFO - [2023-03-17T03:18:10.816+0000] {dag.py:2693} INFO - Sync 1 DAGs
[2023-03-17T03:18:10.848+0000] {logging_mixin.py:137} INFO - [2023-03-17T03:18:10.848+0000] {dag.py:3444} INFO - Setting next_dagrun for example_task_group to 2023-03-16T03:18:10.847833+00:00, run_after=2023-03-17T03:18:10.847833+00:00
[2023-03-17T03:18:10.878+0000] {processor.py:175} INFO - Processing /home/airflow/.local/lib/python3.7/site-packages/airflow/example_dags/example_task_group.py took 0.118 seconds
[2023-03-17T03:18:41.265+0000] {processor.py:153} INFO - Started process (PID=3479) to work on /home/airflow/.local/lib/python3.7/site-packages/airflow/example_dags/example_task_group.py
[2023-03-17T03:18:41.266+0000] {processor.py:743} INFO - Processing file /home/airflow/.local/lib/python3.7/site-packages/airflow/example_dags/example_task_group.py for tasks to queue
[2023-03-17T03:18:41.268+0000] {logging_mixin.py:137} INFO - [2023-03-17T03:18:41.267+0000] {dagbag.py:532} INFO - Filling up the DagBag from /home/airflow/.local/lib/python3.7/site-packages/airflow/example_dags/example_task_group.py
[2023-03-17T03:18:41.285+0000] {processor.py:753} INFO - DAG(s) dict_keys(['example_task_group']) retrieved from /home/airflow/.local/lib/python3.7/site-packages/airflow/example_dags/example_task_group.py
[2023-03-17T03:18:41.317+0000] {logging_mixin.py:137} INFO - [2023-03-17T03:18:41.317+0000] {dag.py:2693} INFO - Sync 1 DAGs
[2023-03-17T03:18:41.348+0000] {logging_mixin.py:137} INFO - [2023-03-17T03:18:41.348+0000] {dag.py:3444} INFO - Setting next_dagrun for example_task_group to 2023-03-16T03:18:41.348084+00:00, run_after=2023-03-17T03:18:41.348084+00:00
[2023-03-17T03:18:41.374+0000] {processor.py:175} INFO - Processing /home/airflow/.local/lib/python3.7/site-packages/airflow/example_dags/example_task_group.py took 0.113 seconds
[2023-03-17T03:19:11.792+0000] {processor.py:153} INFO - Started process (PID=3696) to work on /home/airflow/.local/lib/python3.7/site-packages/airflow/example_dags/example_task_group.py
[2023-03-17T03:19:11.793+0000] {processor.py:743} INFO - Processing file /home/airflow/.local/lib/python3.7/site-packages/airflow/example_dags/example_task_group.py for tasks to queue
[2023-03-17T03:19:11.794+0000] {logging_mixin.py:137} INFO - [2023-03-17T03:19:11.794+0000] {dagbag.py:532} INFO - Filling up the DagBag from /home/airflow/.local/lib/python3.7/site-packages/airflow/example_dags/example_task_group.py
[2023-03-17T03:19:11.812+0000] {processor.py:753} INFO - DAG(s) dict_keys(['example_task_group']) retrieved from /home/airflow/.local/lib/python3.7/site-packages/airflow/example_dags/example_task_group.py
[2023-03-17T03:19:11.844+0000] {logging_mixin.py:137} INFO - [2023-03-17T03:19:11.844+0000] {dag.py:2693} INFO - Sync 1 DAGs
[2023-03-17T03:19:11.876+0000] {logging_mixin.py:137} INFO - [2023-03-17T03:19:11.875+0000] {dag.py:3444} INFO - Setting next_dagrun for example_task_group to 2023-03-16T03:19:11.875593+00:00, run_after=2023-03-17T03:19:11.875593+00:00
[2023-03-17T03:19:11.905+0000] {processor.py:175} INFO - Processing /home/airflow/.local/lib/python3.7/site-packages/airflow/example_dags/example_task_group.py took 0.117 seconds
[2023-03-17T03:19:42.554+0000] {processor.py:153} INFO - Started process (PID=3913) to work on /home/airflow/.local/lib/python3.7/site-packages/airflow/example_dags/example_task_group.py
[2023-03-17T03:19:42.555+0000] {processor.py:743} INFO - Processing file /home/airflow/.local/lib/python3.7/site-packages/airflow/example_dags/example_task_group.py for tasks to queue
[2023-03-17T03:19:42.556+0000] {logging_mixin.py:137} INFO - [2023-03-17T03:19:42.556+0000] {dagbag.py:532} INFO - Filling up the DagBag from /home/airflow/.local/lib/python3.7/site-packages/airflow/example_dags/example_task_group.py
[2023-03-17T03:19:42.574+0000] {processor.py:753} INFO - DAG(s) dict_keys(['example_task_group']) retrieved from /home/airflow/.local/lib/python3.7/site-packages/airflow/example_dags/example_task_group.py
[2023-03-17T03:19:42.605+0000] {logging_mixin.py:137} INFO - [2023-03-17T03:19:42.605+0000] {dag.py:2693} INFO - Sync 1 DAGs
[2023-03-17T03:19:42.641+0000] {logging_mixin.py:137} INFO - [2023-03-17T03:19:42.640+0000] {dag.py:3444} INFO - Setting next_dagrun for example_task_group to 2023-03-16T03:19:42.640530+00:00, run_after=2023-03-17T03:19:42.640530+00:00
[2023-03-17T03:19:42.670+0000] {processor.py:175} INFO - Processing /home/airflow/.local/lib/python3.7/site-packages/airflow/example_dags/example_task_group.py took 0.120 seconds
[2023-03-17T03:20:13.013+0000] {processor.py:153} INFO - Started process (PID=4130) to work on /home/airflow/.local/lib/python3.7/site-packages/airflow/example_dags/example_task_group.py
[2023-03-17T03:20:13.014+0000] {processor.py:743} INFO - Processing file /home/airflow/.local/lib/python3.7/site-packages/airflow/example_dags/example_task_group.py for tasks to queue
[2023-03-17T03:20:13.015+0000] {logging_mixin.py:137} INFO - [2023-03-17T03:20:13.015+0000] {dagbag.py:532} INFO - Filling up the DagBag from /home/airflow/.local/lib/python3.7/site-packages/airflow/example_dags/example_task_group.py
[2023-03-17T03:20:13.033+0000] {processor.py:753} INFO - DAG(s) dict_keys(['example_task_group']) retrieved from /home/airflow/.local/lib/python3.7/site-packages/airflow/example_dags/example_task_group.py
[2023-03-17T03:20:13.066+0000] {logging_mixin.py:137} INFO - [2023-03-17T03:20:13.065+0000] {dag.py:2693} INFO - Sync 1 DAGs
[2023-03-17T03:20:13.097+0000] {logging_mixin.py:137} INFO - [2023-03-17T03:20:13.096+0000] {dag.py:3444} INFO - Setting next_dagrun for example_task_group to 2023-03-16T03:20:13.096678+00:00, run_after=2023-03-17T03:20:13.096678+00:00
[2023-03-17T03:20:13.121+0000] {processor.py:175} INFO - Processing /home/airflow/.local/lib/python3.7/site-packages/airflow/example_dags/example_task_group.py took 0.112 seconds
[2023-03-17T03:20:43.388+0000] {processor.py:153} INFO - Started process (PID=4347) to work on /home/airflow/.local/lib/python3.7/site-packages/airflow/example_dags/example_task_group.py
[2023-03-17T03:20:43.389+0000] {processor.py:743} INFO - Processing file /home/airflow/.local/lib/python3.7/site-packages/airflow/example_dags/example_task_group.py for tasks to queue
[2023-03-17T03:20:43.390+0000] {logging_mixin.py:137} INFO - [2023-03-17T03:20:43.390+0000] {dagbag.py:532} INFO - Filling up the DagBag from /home/airflow/.local/lib/python3.7/site-packages/airflow/example_dags/example_task_group.py
[2023-03-17T03:20:43.407+0000] {processor.py:753} INFO - DAG(s) dict_keys(['example_task_group']) retrieved from /home/airflow/.local/lib/python3.7/site-packages/airflow/example_dags/example_task_group.py
[2023-03-17T03:20:43.438+0000] {logging_mixin.py:137} INFO - [2023-03-17T03:20:43.438+0000] {dag.py:2693} INFO - Sync 1 DAGs
[2023-03-17T03:20:43.472+0000] {logging_mixin.py:137} INFO - [2023-03-17T03:20:43.472+0000] {dag.py:3444} INFO - Setting next_dagrun for example_task_group to 2023-03-16T03:20:43.471744+00:00, run_after=2023-03-17T03:20:43.471744+00:00
[2023-03-17T03:20:43.497+0000] {processor.py:175} INFO - Processing /home/airflow/.local/lib/python3.7/site-packages/airflow/example_dags/example_task_group.py took 0.113 seconds
[2023-03-17T03:21:13.924+0000] {processor.py:153} INFO - Started process (PID=4564) to work on /home/airflow/.local/lib/python3.7/site-packages/airflow/example_dags/example_task_group.py
[2023-03-17T03:21:13.925+0000] {processor.py:743} INFO - Processing file /home/airflow/.local/lib/python3.7/site-packages/airflow/example_dags/example_task_group.py for tasks to queue
[2023-03-17T03:21:13.926+0000] {logging_mixin.py:137} INFO - [2023-03-17T03:21:13.926+0000] {dagbag.py:532} INFO - Filling up the DagBag from /home/airflow/.local/lib/python3.7/site-packages/airflow/example_dags/example_task_group.py
[2023-03-17T03:21:13.946+0000] {processor.py:753} INFO - DAG(s) dict_keys(['example_task_group']) retrieved from /home/airflow/.local/lib/python3.7/site-packages/airflow/example_dags/example_task_group.py
[2023-03-17T03:21:13.977+0000] {logging_mixin.py:137} INFO - [2023-03-17T03:21:13.977+0000] {dag.py:2693} INFO - Sync 1 DAGs
[2023-03-17T03:21:14.010+0000] {logging_mixin.py:137} INFO - [2023-03-17T03:21:14.010+0000] {dag.py:3444} INFO - Setting next_dagrun for example_task_group to 2023-03-16T03:21:14.010362+00:00, run_after=2023-03-17T03:21:14.010362+00:00
[2023-03-17T03:21:14.037+0000] {processor.py:175} INFO - Processing /home/airflow/.local/lib/python3.7/site-packages/airflow/example_dags/example_task_group.py took 0.118 seconds
[2023-03-17T03:21:44.719+0000] {processor.py:153} INFO - Started process (PID=4781) to work on /home/airflow/.local/lib/python3.7/site-packages/airflow/example_dags/example_task_group.py
[2023-03-17T03:21:44.720+0000] {processor.py:743} INFO - Processing file /home/airflow/.local/lib/python3.7/site-packages/airflow/example_dags/example_task_group.py for tasks to queue
[2023-03-17T03:21:44.722+0000] {logging_mixin.py:137} INFO - [2023-03-17T03:21:44.721+0000] {dagbag.py:532} INFO - Filling up the DagBag from /home/airflow/.local/lib/python3.7/site-packages/airflow/example_dags/example_task_group.py
[2023-03-17T03:21:44.740+0000] {processor.py:753} INFO - DAG(s) dict_keys(['example_task_group']) retrieved from /home/airflow/.local/lib/python3.7/site-packages/airflow/example_dags/example_task_group.py
[2023-03-17T03:21:44.772+0000] {logging_mixin.py:137} INFO - [2023-03-17T03:21:44.772+0000] {dag.py:2693} INFO - Sync 1 DAGs
[2023-03-17T03:21:44.802+0000] {logging_mixin.py:137} INFO - [2023-03-17T03:21:44.801+0000] {dag.py:3444} INFO - Setting next_dagrun for example_task_group to 2023-03-16T03:21:44.801651+00:00, run_after=2023-03-17T03:21:44.801651+00:00
[2023-03-17T03:21:44.830+0000] {processor.py:175} INFO - Processing /home/airflow/.local/lib/python3.7/site-packages/airflow/example_dags/example_task_group.py took 0.114 seconds
[2023-03-17T03:22:15.012+0000] {processor.py:153} INFO - Started process (PID=4993) to work on /home/airflow/.local/lib/python3.7/site-packages/airflow/example_dags/example_task_group.py
[2023-03-17T03:22:15.013+0000] {processor.py:743} INFO - Processing file /home/airflow/.local/lib/python3.7/site-packages/airflow/example_dags/example_task_group.py for tasks to queue
[2023-03-17T03:22:15.014+0000] {logging_mixin.py:137} INFO - [2023-03-17T03:22:15.014+0000] {dagbag.py:532} INFO - Filling up the DagBag from /home/airflow/.local/lib/python3.7/site-packages/airflow/example_dags/example_task_group.py
[2023-03-17T03:22:15.032+0000] {processor.py:753} INFO - DAG(s) dict_keys(['example_task_group']) retrieved from /home/airflow/.local/lib/python3.7/site-packages/airflow/example_dags/example_task_group.py
[2023-03-17T03:22:15.062+0000] {logging_mixin.py:137} INFO - [2023-03-17T03:22:15.062+0000] {dag.py:2693} INFO - Sync 1 DAGs
[2023-03-17T03:22:15.095+0000] {logging_mixin.py:137} INFO - [2023-03-17T03:22:15.095+0000] {dag.py:3444} INFO - Setting next_dagrun for example_task_group to 2023-03-16T03:22:15.094843+00:00, run_after=2023-03-17T03:22:15.094843+00:00
[2023-03-17T03:22:15.122+0000] {processor.py:175} INFO - Processing /home/airflow/.local/lib/python3.7/site-packages/airflow/example_dags/example_task_group.py took 0.114 seconds
[2023-03-17T03:22:45.501+0000] {processor.py:153} INFO - Started process (PID=5215) to work on /home/airflow/.local/lib/python3.7/site-packages/airflow/example_dags/example_task_group.py
[2023-03-17T03:22:45.502+0000] {processor.py:743} INFO - Processing file /home/airflow/.local/lib/python3.7/site-packages/airflow/example_dags/example_task_group.py for tasks to queue
[2023-03-17T03:22:45.503+0000] {logging_mixin.py:137} INFO - [2023-03-17T03:22:45.503+0000] {dagbag.py:532} INFO - Filling up the DagBag from /home/airflow/.local/lib/python3.7/site-packages/airflow/example_dags/example_task_group.py
[2023-03-17T03:22:45.524+0000] {processor.py:753} INFO - DAG(s) dict_keys(['example_task_group']) retrieved from /home/airflow/.local/lib/python3.7/site-packages/airflow/example_dags/example_task_group.py
[2023-03-17T03:22:45.558+0000] {logging_mixin.py:137} INFO - [2023-03-17T03:22:45.558+0000] {dag.py:2693} INFO - Sync 1 DAGs
[2023-03-17T03:22:45.587+0000] {logging_mixin.py:137} INFO - [2023-03-17T03:22:45.587+0000] {dag.py:3444} INFO - Setting next_dagrun for example_task_group to 2023-03-16T03:22:45.587289+00:00, run_after=2023-03-17T03:22:45.587289+00:00
[2023-03-17T03:22:45.618+0000] {processor.py:175} INFO - Processing /home/airflow/.local/lib/python3.7/site-packages/airflow/example_dags/example_task_group.py took 0.121 seconds
[2023-03-17T03:23:15.836+0000] {processor.py:153} INFO - Started process (PID=5430) to work on /home/airflow/.local/lib/python3.7/site-packages/airflow/example_dags/example_task_group.py
[2023-03-17T03:23:15.837+0000] {processor.py:743} INFO - Processing file /home/airflow/.local/lib/python3.7/site-packages/airflow/example_dags/example_task_group.py for tasks to queue
[2023-03-17T03:23:15.838+0000] {logging_mixin.py:137} INFO - [2023-03-17T03:23:15.838+0000] {dagbag.py:532} INFO - Filling up the DagBag from /home/airflow/.local/lib/python3.7/site-packages/airflow/example_dags/example_task_group.py
[2023-03-17T03:23:15.856+0000] {processor.py:753} INFO - DAG(s) dict_keys(['example_task_group']) retrieved from /home/airflow/.local/lib/python3.7/site-packages/airflow/example_dags/example_task_group.py
[2023-03-17T03:23:15.892+0000] {logging_mixin.py:137} INFO - [2023-03-17T03:23:15.891+0000] {dag.py:2693} INFO - Sync 1 DAGs
[2023-03-17T03:23:15.931+0000] {logging_mixin.py:137} INFO - [2023-03-17T03:23:15.931+0000] {dag.py:3444} INFO - Setting next_dagrun for example_task_group to 2023-03-16T03:23:15.931084+00:00, run_after=2023-03-17T03:23:15.931084+00:00
[2023-03-17T03:23:15.959+0000] {processor.py:175} INFO - Processing /home/airflow/.local/lib/python3.7/site-packages/airflow/example_dags/example_task_group.py took 0.126 seconds
[2023-03-17T03:23:46.389+0000] {processor.py:153} INFO - Started process (PID=5650) to work on /home/airflow/.local/lib/python3.7/site-packages/airflow/example_dags/example_task_group.py
[2023-03-17T03:23:46.390+0000] {processor.py:743} INFO - Processing file /home/airflow/.local/lib/python3.7/site-packages/airflow/example_dags/example_task_group.py for tasks to queue
[2023-03-17T03:23:46.392+0000] {logging_mixin.py:137} INFO - [2023-03-17T03:23:46.391+0000] {dagbag.py:532} INFO - Filling up the DagBag from /home/airflow/.local/lib/python3.7/site-packages/airflow/example_dags/example_task_group.py
[2023-03-17T03:23:46.409+0000] {processor.py:753} INFO - DAG(s) dict_keys(['example_task_group']) retrieved from /home/airflow/.local/lib/python3.7/site-packages/airflow/example_dags/example_task_group.py
[2023-03-17T03:23:46.441+0000] {logging_mixin.py:137} INFO - [2023-03-17T03:23:46.440+0000] {dag.py:2693} INFO - Sync 1 DAGs
[2023-03-17T03:23:46.476+0000] {logging_mixin.py:137} INFO - [2023-03-17T03:23:46.476+0000] {dag.py:3444} INFO - Setting next_dagrun for example_task_group to 2023-03-16T03:23:46.476130+00:00, run_after=2023-03-17T03:23:46.476130+00:00
[2023-03-17T03:23:46.501+0000] {processor.py:175} INFO - Processing /home/airflow/.local/lib/python3.7/site-packages/airflow/example_dags/example_task_group.py took 0.115 seconds
[2023-03-17T03:24:16.756+0000] {processor.py:153} INFO - Started process (PID=5864) to work on /home/airflow/.local/lib/python3.7/site-packages/airflow/example_dags/example_task_group.py
[2023-03-17T03:24:16.757+0000] {processor.py:743} INFO - Processing file /home/airflow/.local/lib/python3.7/site-packages/airflow/example_dags/example_task_group.py for tasks to queue
[2023-03-17T03:24:16.758+0000] {logging_mixin.py:137} INFO - [2023-03-17T03:24:16.757+0000] {dagbag.py:532} INFO - Filling up the DagBag from /home/airflow/.local/lib/python3.7/site-packages/airflow/example_dags/example_task_group.py
[2023-03-17T03:24:16.775+0000] {processor.py:753} INFO - DAG(s) dict_keys(['example_task_group']) retrieved from /home/airflow/.local/lib/python3.7/site-packages/airflow/example_dags/example_task_group.py
[2023-03-17T03:24:16.806+0000] {logging_mixin.py:137} INFO - [2023-03-17T03:24:16.806+0000] {dag.py:2693} INFO - Sync 1 DAGs
[2023-03-17T03:24:16.838+0000] {logging_mixin.py:137} INFO - [2023-03-17T03:24:16.838+0000] {dag.py:3444} INFO - Setting next_dagrun for example_task_group to 2023-03-16T03:24:16.838388+00:00, run_after=2023-03-17T03:24:16.838388+00:00
[2023-03-17T03:24:16.865+0000] {processor.py:175} INFO - Processing /home/airflow/.local/lib/python3.7/site-packages/airflow/example_dags/example_task_group.py took 0.112 seconds
[2023-03-17T03:24:47.315+0000] {processor.py:153} INFO - Started process (PID=6084) to work on /home/airflow/.local/lib/python3.7/site-packages/airflow/example_dags/example_task_group.py
[2023-03-17T03:24:47.316+0000] {processor.py:743} INFO - Processing file /home/airflow/.local/lib/python3.7/site-packages/airflow/example_dags/example_task_group.py for tasks to queue
[2023-03-17T03:24:47.317+0000] {logging_mixin.py:137} INFO - [2023-03-17T03:24:47.317+0000] {dagbag.py:532} INFO - Filling up the DagBag from /home/airflow/.local/lib/python3.7/site-packages/airflow/example_dags/example_task_group.py
[2023-03-17T03:24:47.336+0000] {processor.py:753} INFO - DAG(s) dict_keys(['example_task_group']) retrieved from /home/airflow/.local/lib/python3.7/site-packages/airflow/example_dags/example_task_group.py
[2023-03-17T03:24:47.367+0000] {logging_mixin.py:137} INFO - [2023-03-17T03:24:47.367+0000] {dag.py:2693} INFO - Sync 1 DAGs
[2023-03-17T03:24:47.397+0000] {logging_mixin.py:137} INFO - [2023-03-17T03:24:47.397+0000] {dag.py:3444} INFO - Setting next_dagrun for example_task_group to 2023-03-16T03:24:47.396998+00:00, run_after=2023-03-17T03:24:47.396998+00:00
[2023-03-17T03:24:47.422+0000] {processor.py:175} INFO - Processing /home/airflow/.local/lib/python3.7/site-packages/airflow/example_dags/example_task_group.py took 0.111 seconds
[2023-03-17T03:25:17.614+0000] {processor.py:153} INFO - Started process (PID=6296) to work on /home/airflow/.local/lib/python3.7/site-packages/airflow/example_dags/example_task_group.py
[2023-03-17T03:25:17.615+0000] {processor.py:743} INFO - Processing file /home/airflow/.local/lib/python3.7/site-packages/airflow/example_dags/example_task_group.py for tasks to queue
[2023-03-17T03:25:17.616+0000] {logging_mixin.py:137} INFO - [2023-03-17T03:25:17.615+0000] {dagbag.py:532} INFO - Filling up the DagBag from /home/airflow/.local/lib/python3.7/site-packages/airflow/example_dags/example_task_group.py
[2023-03-17T03:25:17.633+0000] {processor.py:753} INFO - DAG(s) dict_keys(['example_task_group']) retrieved from /home/airflow/.local/lib/python3.7/site-packages/airflow/example_dags/example_task_group.py
[2023-03-17T03:25:17.663+0000] {logging_mixin.py:137} INFO - [2023-03-17T03:25:17.662+0000] {dag.py:2693} INFO - Sync 1 DAGs
[2023-03-17T03:25:17.693+0000] {logging_mixin.py:137} INFO - [2023-03-17T03:25:17.693+0000] {dag.py:3444} INFO - Setting next_dagrun for example_task_group to 2023-03-16T03:25:17.693466+00:00, run_after=2023-03-17T03:25:17.693466+00:00
[2023-03-17T03:25:17.720+0000] {processor.py:175} INFO - Processing /home/airflow/.local/lib/python3.7/site-packages/airflow/example_dags/example_task_group.py took 0.110 seconds
[2023-03-17T03:25:48.080+0000] {processor.py:153} INFO - Started process (PID=6518) to work on /home/airflow/.local/lib/python3.7/site-packages/airflow/example_dags/example_task_group.py
[2023-03-17T03:25:48.081+0000] {processor.py:743} INFO - Processing file /home/airflow/.local/lib/python3.7/site-packages/airflow/example_dags/example_task_group.py for tasks to queue
[2023-03-17T03:25:48.082+0000] {logging_mixin.py:137} INFO - [2023-03-17T03:25:48.081+0000] {dagbag.py:532} INFO - Filling up the DagBag from /home/airflow/.local/lib/python3.7/site-packages/airflow/example_dags/example_task_group.py
[2023-03-17T03:25:48.102+0000] {processor.py:753} INFO - DAG(s) dict_keys(['example_task_group']) retrieved from /home/airflow/.local/lib/python3.7/site-packages/airflow/example_dags/example_task_group.py
[2023-03-17T03:25:48.133+0000] {logging_mixin.py:137} INFO - [2023-03-17T03:25:48.133+0000] {dag.py:2693} INFO - Sync 1 DAGs
[2023-03-17T03:25:48.171+0000] {logging_mixin.py:137} INFO - [2023-03-17T03:25:48.171+0000] {dag.py:3444} INFO - Setting next_dagrun for example_task_group to 2023-03-16T03:25:48.170801+00:00, run_after=2023-03-17T03:25:48.170801+00:00
[2023-03-17T03:25:48.197+0000] {processor.py:175} INFO - Processing /home/airflow/.local/lib/python3.7/site-packages/airflow/example_dags/example_task_group.py took 0.121 seconds
[2023-03-17T03:26:18.536+0000] {processor.py:153} INFO - Started process (PID=6735) to work on /home/airflow/.local/lib/python3.7/site-packages/airflow/example_dags/example_task_group.py
[2023-03-17T03:26:18.537+0000] {processor.py:743} INFO - Processing file /home/airflow/.local/lib/python3.7/site-packages/airflow/example_dags/example_task_group.py for tasks to queue
[2023-03-17T03:26:18.539+0000] {logging_mixin.py:137} INFO - [2023-03-17T03:26:18.539+0000] {dagbag.py:532} INFO - Filling up the DagBag from /home/airflow/.local/lib/python3.7/site-packages/airflow/example_dags/example_task_group.py
[2023-03-17T03:26:18.558+0000] {processor.py:753} INFO - DAG(s) dict_keys(['example_task_group']) retrieved from /home/airflow/.local/lib/python3.7/site-packages/airflow/example_dags/example_task_group.py
[2023-03-17T03:26:18.593+0000] {logging_mixin.py:137} INFO - [2023-03-17T03:26:18.592+0000] {dag.py:2693} INFO - Sync 1 DAGs
[2023-03-17T03:26:18.622+0000] {logging_mixin.py:137} INFO - [2023-03-17T03:26:18.622+0000] {dag.py:3444} INFO - Setting next_dagrun for example_task_group to 2023-03-16T03:26:18.621983+00:00, run_after=2023-03-17T03:26:18.621983+00:00
[2023-03-17T03:26:18.648+0000] {processor.py:175} INFO - Processing /home/airflow/.local/lib/python3.7/site-packages/airflow/example_dags/example_task_group.py took 0.117 seconds
[2023-03-17T03:26:49.064+0000] {processor.py:153} INFO - Started process (PID=6952) to work on /home/airflow/.local/lib/python3.7/site-packages/airflow/example_dags/example_task_group.py
[2023-03-17T03:26:49.065+0000] {processor.py:743} INFO - Processing file /home/airflow/.local/lib/python3.7/site-packages/airflow/example_dags/example_task_group.py for tasks to queue
[2023-03-17T03:26:49.066+0000] {logging_mixin.py:137} INFO - [2023-03-17T03:26:49.066+0000] {dagbag.py:532} INFO - Filling up the DagBag from /home/airflow/.local/lib/python3.7/site-packages/airflow/example_dags/example_task_group.py
[2023-03-17T03:26:49.084+0000] {processor.py:753} INFO - DAG(s) dict_keys(['example_task_group']) retrieved from /home/airflow/.local/lib/python3.7/site-packages/airflow/example_dags/example_task_group.py
[2023-03-17T03:26:49.117+0000] {logging_mixin.py:137} INFO - [2023-03-17T03:26:49.117+0000] {dag.py:2693} INFO - Sync 1 DAGs
[2023-03-17T03:26:49.148+0000] {logging_mixin.py:137} INFO - [2023-03-17T03:26:49.148+0000] {dag.py:3444} INFO - Setting next_dagrun for example_task_group to 2023-03-16T03:26:49.147903+00:00, run_after=2023-03-17T03:26:49.147903+00:00
[2023-03-17T03:26:49.174+0000] {processor.py:175} INFO - Processing /home/airflow/.local/lib/python3.7/site-packages/airflow/example_dags/example_task_group.py took 0.114 seconds
[2023-03-17T03:27:19.390+0000] {processor.py:153} INFO - Started process (PID=7166) to work on /home/airflow/.local/lib/python3.7/site-packages/airflow/example_dags/example_task_group.py
[2023-03-17T03:27:19.391+0000] {processor.py:743} INFO - Processing file /home/airflow/.local/lib/python3.7/site-packages/airflow/example_dags/example_task_group.py for tasks to queue
[2023-03-17T03:27:19.393+0000] {logging_mixin.py:137} INFO - [2023-03-17T03:27:19.392+0000] {dagbag.py:532} INFO - Filling up the DagBag from /home/airflow/.local/lib/python3.7/site-packages/airflow/example_dags/example_task_group.py
[2023-03-17T03:27:19.412+0000] {processor.py:753} INFO - DAG(s) dict_keys(['example_task_group']) retrieved from /home/airflow/.local/lib/python3.7/site-packages/airflow/example_dags/example_task_group.py
[2023-03-17T03:27:19.444+0000] {logging_mixin.py:137} INFO - [2023-03-17T03:27:19.444+0000] {dag.py:2693} INFO - Sync 1 DAGs
[2023-03-17T03:27:19.478+0000] {logging_mixin.py:137} INFO - [2023-03-17T03:27:19.478+0000] {dag.py:3444} INFO - Setting next_dagrun for example_task_group to 2023-03-16T03:27:19.478174+00:00, run_after=2023-03-17T03:27:19.478174+00:00
[2023-03-17T03:27:19.505+0000] {processor.py:175} INFO - Processing /home/airflow/.local/lib/python3.7/site-packages/airflow/example_dags/example_task_group.py took 0.118 seconds
[2023-03-17T03:27:49.747+0000] {processor.py:153} INFO - Started process (PID=7381) to work on /home/airflow/.local/lib/python3.7/site-packages/airflow/example_dags/example_task_group.py
[2023-03-17T03:27:49.748+0000] {processor.py:743} INFO - Processing file /home/airflow/.local/lib/python3.7/site-packages/airflow/example_dags/example_task_group.py for tasks to queue
[2023-03-17T03:27:49.749+0000] {logging_mixin.py:137} INFO - [2023-03-17T03:27:49.749+0000] {dagbag.py:532} INFO - Filling up the DagBag from /home/airflow/.local/lib/python3.7/site-packages/airflow/example_dags/example_task_group.py
[2023-03-17T03:27:49.769+0000] {processor.py:753} INFO - DAG(s) dict_keys(['example_task_group']) retrieved from /home/airflow/.local/lib/python3.7/site-packages/airflow/example_dags/example_task_group.py
[2023-03-17T03:27:49.798+0000] {logging_mixin.py:137} INFO - [2023-03-17T03:27:49.798+0000] {dag.py:2693} INFO - Sync 1 DAGs
[2023-03-17T03:27:49.834+0000] {logging_mixin.py:137} INFO - [2023-03-17T03:27:49.834+0000] {dag.py:3444} INFO - Setting next_dagrun for example_task_group to 2023-03-16T03:27:49.834380+00:00, run_after=2023-03-17T03:27:49.834380+00:00
[2023-03-17T03:27:49.864+0000] {processor.py:175} INFO - Processing /home/airflow/.local/lib/python3.7/site-packages/airflow/example_dags/example_task_group.py took 0.121 seconds
[2023-03-17T03:28:20.134+0000] {processor.py:153} INFO - Started process (PID=7600) to work on /home/airflow/.local/lib/python3.7/site-packages/airflow/example_dags/example_task_group.py
[2023-03-17T03:28:20.135+0000] {processor.py:743} INFO - Processing file /home/airflow/.local/lib/python3.7/site-packages/airflow/example_dags/example_task_group.py for tasks to queue
[2023-03-17T03:28:20.136+0000] {logging_mixin.py:137} INFO - [2023-03-17T03:28:20.136+0000] {dagbag.py:532} INFO - Filling up the DagBag from /home/airflow/.local/lib/python3.7/site-packages/airflow/example_dags/example_task_group.py
[2023-03-17T03:28:20.155+0000] {processor.py:753} INFO - DAG(s) dict_keys(['example_task_group']) retrieved from /home/airflow/.local/lib/python3.7/site-packages/airflow/example_dags/example_task_group.py
[2023-03-17T03:28:20.185+0000] {logging_mixin.py:137} INFO - [2023-03-17T03:28:20.185+0000] {dag.py:2693} INFO - Sync 1 DAGs
[2023-03-17T03:28:20.216+0000] {logging_mixin.py:137} INFO - [2023-03-17T03:28:20.215+0000] {dag.py:3444} INFO - Setting next_dagrun for example_task_group to 2023-03-16T03:28:20.215712+00:00, run_after=2023-03-17T03:28:20.215712+00:00
[2023-03-17T03:28:20.241+0000] {processor.py:175} INFO - Processing /home/airflow/.local/lib/python3.7/site-packages/airflow/example_dags/example_task_group.py took 0.110 seconds
[2023-03-17T03:28:50.602+0000] {processor.py:153} INFO - Started process (PID=7820) to work on /home/airflow/.local/lib/python3.7/site-packages/airflow/example_dags/example_task_group.py
[2023-03-17T03:28:50.604+0000] {processor.py:743} INFO - Processing file /home/airflow/.local/lib/python3.7/site-packages/airflow/example_dags/example_task_group.py for tasks to queue
[2023-03-17T03:28:50.605+0000] {logging_mixin.py:137} INFO - [2023-03-17T03:28:50.605+0000] {dagbag.py:532} INFO - Filling up the DagBag from /home/airflow/.local/lib/python3.7/site-packages/airflow/example_dags/example_task_group.py
[2023-03-17T03:28:50.623+0000] {processor.py:753} INFO - DAG(s) dict_keys(['example_task_group']) retrieved from /home/airflow/.local/lib/python3.7/site-packages/airflow/example_dags/example_task_group.py
[2023-03-17T03:28:50.654+0000] {logging_mixin.py:137} INFO - [2023-03-17T03:28:50.654+0000] {dag.py:2693} INFO - Sync 1 DAGs
[2023-03-17T03:28:50.685+0000] {logging_mixin.py:137} INFO - [2023-03-17T03:28:50.685+0000] {dag.py:3444} INFO - Setting next_dagrun for example_task_group to 2023-03-16T03:28:50.684878+00:00, run_after=2023-03-17T03:28:50.684878+00:00
[2023-03-17T03:28:50.712+0000] {processor.py:175} INFO - Processing /home/airflow/.local/lib/python3.7/site-packages/airflow/example_dags/example_task_group.py took 0.113 seconds
[2023-03-17T03:29:20.827+0000] {processor.py:153} INFO - Started process (PID=8033) to work on /home/airflow/.local/lib/python3.7/site-packages/airflow/example_dags/example_task_group.py
[2023-03-17T03:29:20.828+0000] {processor.py:743} INFO - Processing file /home/airflow/.local/lib/python3.7/site-packages/airflow/example_dags/example_task_group.py for tasks to queue
[2023-03-17T03:29:20.830+0000] {logging_mixin.py:137} INFO - [2023-03-17T03:29:20.829+0000] {dagbag.py:532} INFO - Filling up the DagBag from /home/airflow/.local/lib/python3.7/site-packages/airflow/example_dags/example_task_group.py
[2023-03-17T03:29:20.848+0000] {processor.py:753} INFO - DAG(s) dict_keys(['example_task_group']) retrieved from /home/airflow/.local/lib/python3.7/site-packages/airflow/example_dags/example_task_group.py
[2023-03-17T03:29:20.883+0000] {logging_mixin.py:137} INFO - [2023-03-17T03:29:20.883+0000] {dag.py:2693} INFO - Sync 1 DAGs
[2023-03-17T03:29:20.927+0000] {logging_mixin.py:137} INFO - [2023-03-17T03:29:20.927+0000] {dag.py:3444} INFO - Setting next_dagrun for example_task_group to 2023-03-16T03:29:20.927360+00:00, run_after=2023-03-17T03:29:20.927360+00:00
[2023-03-17T03:29:20.962+0000] {processor.py:175} INFO - Processing /home/airflow/.local/lib/python3.7/site-packages/airflow/example_dags/example_task_group.py took 0.139 seconds
[2023-03-17T03:29:51.358+0000] {processor.py:153} INFO - Started process (PID=8255) to work on /home/airflow/.local/lib/python3.7/site-packages/airflow/example_dags/example_task_group.py
[2023-03-17T03:29:51.359+0000] {processor.py:743} INFO - Processing file /home/airflow/.local/lib/python3.7/site-packages/airflow/example_dags/example_task_group.py for tasks to queue
[2023-03-17T03:29:51.360+0000] {logging_mixin.py:137} INFO - [2023-03-17T03:29:51.360+0000] {dagbag.py:532} INFO - Filling up the DagBag from /home/airflow/.local/lib/python3.7/site-packages/airflow/example_dags/example_task_group.py
[2023-03-17T03:29:51.379+0000] {processor.py:753} INFO - DAG(s) dict_keys(['example_task_group']) retrieved from /home/airflow/.local/lib/python3.7/site-packages/airflow/example_dags/example_task_group.py
[2023-03-17T03:29:51.411+0000] {logging_mixin.py:137} INFO - [2023-03-17T03:29:51.410+0000] {dag.py:2693} INFO - Sync 1 DAGs
[2023-03-17T03:29:51.441+0000] {logging_mixin.py:137} INFO - [2023-03-17T03:29:51.440+0000] {dag.py:3444} INFO - Setting next_dagrun for example_task_group to 2023-03-16T03:29:51.440570+00:00, run_after=2023-03-17T03:29:51.440570+00:00
[2023-03-17T03:29:51.467+0000] {processor.py:175} INFO - Processing /home/airflow/.local/lib/python3.7/site-packages/airflow/example_dags/example_task_group.py took 0.113 seconds
[2023-03-17T03:30:21.645+0000] {processor.py:153} INFO - Started process (PID=8469) to work on /home/airflow/.local/lib/python3.7/site-packages/airflow/example_dags/example_task_group.py
[2023-03-17T03:30:21.647+0000] {processor.py:743} INFO - Processing file /home/airflow/.local/lib/python3.7/site-packages/airflow/example_dags/example_task_group.py for tasks to queue
[2023-03-17T03:30:21.648+0000] {logging_mixin.py:137} INFO - [2023-03-17T03:30:21.648+0000] {dagbag.py:532} INFO - Filling up the DagBag from /home/airflow/.local/lib/python3.7/site-packages/airflow/example_dags/example_task_group.py
[2023-03-17T03:30:21.666+0000] {processor.py:753} INFO - DAG(s) dict_keys(['example_task_group']) retrieved from /home/airflow/.local/lib/python3.7/site-packages/airflow/example_dags/example_task_group.py
[2023-03-17T03:30:21.697+0000] {logging_mixin.py:137} INFO - [2023-03-17T03:30:21.697+0000] {dag.py:2693} INFO - Sync 1 DAGs
[2023-03-17T03:30:21.729+0000] {logging_mixin.py:137} INFO - [2023-03-17T03:30:21.728+0000] {dag.py:3444} INFO - Setting next_dagrun for example_task_group to 2023-03-16T03:30:21.728576+00:00, run_after=2023-03-17T03:30:21.728576+00:00
[2023-03-17T03:30:21.754+0000] {processor.py:175} INFO - Processing /home/airflow/.local/lib/python3.7/site-packages/airflow/example_dags/example_task_group.py took 0.113 seconds
[2023-03-17T03:30:52.474+0000] {processor.py:153} INFO - Started process (PID=8689) to work on /home/airflow/.local/lib/python3.7/site-packages/airflow/example_dags/example_task_group.py
[2023-03-17T03:30:52.476+0000] {processor.py:743} INFO - Processing file /home/airflow/.local/lib/python3.7/site-packages/airflow/example_dags/example_task_group.py for tasks to queue
[2023-03-17T03:30:52.477+0000] {logging_mixin.py:137} INFO - [2023-03-17T03:30:52.476+0000] {dagbag.py:532} INFO - Filling up the DagBag from /home/airflow/.local/lib/python3.7/site-packages/airflow/example_dags/example_task_group.py
[2023-03-17T03:30:52.495+0000] {processor.py:753} INFO - DAG(s) dict_keys(['example_task_group']) retrieved from /home/airflow/.local/lib/python3.7/site-packages/airflow/example_dags/example_task_group.py
[2023-03-17T03:30:52.525+0000] {logging_mixin.py:137} INFO - [2023-03-17T03:30:52.525+0000] {dag.py:2693} INFO - Sync 1 DAGs
[2023-03-17T03:30:52.556+0000] {logging_mixin.py:137} INFO - [2023-03-17T03:30:52.556+0000] {dag.py:3444} INFO - Setting next_dagrun for example_task_group to 2023-03-16T03:30:52.556146+00:00, run_after=2023-03-17T03:30:52.556146+00:00
[2023-03-17T03:30:52.585+0000] {processor.py:175} INFO - Processing /home/airflow/.local/lib/python3.7/site-packages/airflow/example_dags/example_task_group.py took 0.114 seconds
[2023-03-17T03:31:22.797+0000] {processor.py:153} INFO - Started process (PID=8906) to work on /home/airflow/.local/lib/python3.7/site-packages/airflow/example_dags/example_task_group.py
[2023-03-17T03:31:22.798+0000] {processor.py:743} INFO - Processing file /home/airflow/.local/lib/python3.7/site-packages/airflow/example_dags/example_task_group.py for tasks to queue
[2023-03-17T03:31:22.799+0000] {logging_mixin.py:137} INFO - [2023-03-17T03:31:22.799+0000] {dagbag.py:532} INFO - Filling up the DagBag from /home/airflow/.local/lib/python3.7/site-packages/airflow/example_dags/example_task_group.py
[2023-03-17T03:31:22.822+0000] {processor.py:753} INFO - DAG(s) dict_keys(['example_task_group']) retrieved from /home/airflow/.local/lib/python3.7/site-packages/airflow/example_dags/example_task_group.py
[2023-03-17T03:31:22.854+0000] {logging_mixin.py:137} INFO - [2023-03-17T03:31:22.854+0000] {dag.py:2693} INFO - Sync 1 DAGs
[2023-03-17T03:31:22.884+0000] {logging_mixin.py:137} INFO - [2023-03-17T03:31:22.884+0000] {dag.py:3444} INFO - Setting next_dagrun for example_task_group to 2023-03-16T03:31:22.884395+00:00, run_after=2023-03-17T03:31:22.884395+00:00
[2023-03-17T03:31:22.911+0000] {processor.py:175} INFO - Processing /home/airflow/.local/lib/python3.7/site-packages/airflow/example_dags/example_task_group.py took 0.120 seconds
[2023-03-17T03:31:53.109+0000] {processor.py:153} INFO - Started process (PID=9118) to work on /home/airflow/.local/lib/python3.7/site-packages/airflow/example_dags/example_task_group.py
[2023-03-17T03:31:53.110+0000] {processor.py:743} INFO - Processing file /home/airflow/.local/lib/python3.7/site-packages/airflow/example_dags/example_task_group.py for tasks to queue
[2023-03-17T03:31:53.112+0000] {logging_mixin.py:137} INFO - [2023-03-17T03:31:53.111+0000] {dagbag.py:532} INFO - Filling up the DagBag from /home/airflow/.local/lib/python3.7/site-packages/airflow/example_dags/example_task_group.py
[2023-03-17T03:31:53.130+0000] {processor.py:753} INFO - DAG(s) dict_keys(['example_task_group']) retrieved from /home/airflow/.local/lib/python3.7/site-packages/airflow/example_dags/example_task_group.py
[2023-03-17T03:31:53.159+0000] {logging_mixin.py:137} INFO - [2023-03-17T03:31:53.159+0000] {dag.py:2693} INFO - Sync 1 DAGs
[2023-03-17T03:31:53.189+0000] {logging_mixin.py:137} INFO - [2023-03-17T03:31:53.189+0000] {dag.py:3444} INFO - Setting next_dagrun for example_task_group to 2023-03-16T03:31:53.189133+00:00, run_after=2023-03-17T03:31:53.189133+00:00
[2023-03-17T03:31:53.214+0000] {processor.py:175} INFO - Processing /home/airflow/.local/lib/python3.7/site-packages/airflow/example_dags/example_task_group.py took 0.108 seconds
[2023-03-17T03:32:23.615+0000] {processor.py:153} INFO - Started process (PID=9340) to work on /home/airflow/.local/lib/python3.7/site-packages/airflow/example_dags/example_task_group.py
[2023-03-17T03:32:23.616+0000] {processor.py:743} INFO - Processing file /home/airflow/.local/lib/python3.7/site-packages/airflow/example_dags/example_task_group.py for tasks to queue
[2023-03-17T03:32:23.617+0000] {logging_mixin.py:137} INFO - [2023-03-17T03:32:23.617+0000] {dagbag.py:532} INFO - Filling up the DagBag from /home/airflow/.local/lib/python3.7/site-packages/airflow/example_dags/example_task_group.py
[2023-03-17T03:32:23.635+0000] {processor.py:753} INFO - DAG(s) dict_keys(['example_task_group']) retrieved from /home/airflow/.local/lib/python3.7/site-packages/airflow/example_dags/example_task_group.py
[2023-03-17T03:32:23.667+0000] {logging_mixin.py:137} INFO - [2023-03-17T03:32:23.667+0000] {dag.py:2693} INFO - Sync 1 DAGs
[2023-03-17T03:32:23.698+0000] {logging_mixin.py:137} INFO - [2023-03-17T03:32:23.698+0000] {dag.py:3444} INFO - Setting next_dagrun for example_task_group to 2023-03-16T03:32:23.698394+00:00, run_after=2023-03-17T03:32:23.698394+00:00
[2023-03-17T03:32:23.727+0000] {processor.py:175} INFO - Processing /home/airflow/.local/lib/python3.7/site-packages/airflow/example_dags/example_task_group.py took 0.116 seconds
[2023-03-17T03:32:54.163+0000] {processor.py:153} INFO - Started process (PID=9557) to work on /home/airflow/.local/lib/python3.7/site-packages/airflow/example_dags/example_task_group.py
[2023-03-17T03:32:54.164+0000] {processor.py:743} INFO - Processing file /home/airflow/.local/lib/python3.7/site-packages/airflow/example_dags/example_task_group.py for tasks to queue
[2023-03-17T03:32:54.165+0000] {logging_mixin.py:137} INFO - [2023-03-17T03:32:54.165+0000] {dagbag.py:532} INFO - Filling up the DagBag from /home/airflow/.local/lib/python3.7/site-packages/airflow/example_dags/example_task_group.py
[2023-03-17T03:32:54.184+0000] {processor.py:753} INFO - DAG(s) dict_keys(['example_task_group']) retrieved from /home/airflow/.local/lib/python3.7/site-packages/airflow/example_dags/example_task_group.py
[2023-03-17T03:32:54.219+0000] {logging_mixin.py:137} INFO - [2023-03-17T03:32:54.219+0000] {dag.py:2693} INFO - Sync 1 DAGs
[2023-03-17T03:32:54.254+0000] {logging_mixin.py:137} INFO - [2023-03-17T03:32:54.254+0000] {dag.py:3444} INFO - Setting next_dagrun for example_task_group to 2023-03-16T03:32:54.254549+00:00, run_after=2023-03-17T03:32:54.254549+00:00
[2023-03-17T03:32:54.330+0000] {processor.py:175} INFO - Processing /home/airflow/.local/lib/python3.7/site-packages/airflow/example_dags/example_task_group.py took 0.172 seconds
[2023-03-17T03:33:25.047+0000] {processor.py:153} INFO - Started process (PID=9775) to work on /home/airflow/.local/lib/python3.7/site-packages/airflow/example_dags/example_task_group.py
[2023-03-17T03:33:25.048+0000] {processor.py:743} INFO - Processing file /home/airflow/.local/lib/python3.7/site-packages/airflow/example_dags/example_task_group.py for tasks to queue
[2023-03-17T03:33:25.049+0000] {logging_mixin.py:137} INFO - [2023-03-17T03:33:25.049+0000] {dagbag.py:532} INFO - Filling up the DagBag from /home/airflow/.local/lib/python3.7/site-packages/airflow/example_dags/example_task_group.py
[2023-03-17T03:33:25.072+0000] {processor.py:753} INFO - DAG(s) dict_keys(['example_task_group']) retrieved from /home/airflow/.local/lib/python3.7/site-packages/airflow/example_dags/example_task_group.py
[2023-03-17T03:33:25.106+0000] {logging_mixin.py:137} INFO - [2023-03-17T03:33:25.106+0000] {dag.py:2693} INFO - Sync 1 DAGs
[2023-03-17T03:33:25.136+0000] {logging_mixin.py:137} INFO - [2023-03-17T03:33:25.136+0000] {dag.py:3444} INFO - Setting next_dagrun for example_task_group to 2023-03-16T03:33:25.136343+00:00, run_after=2023-03-17T03:33:25.136343+00:00
[2023-03-17T03:33:25.165+0000] {processor.py:175} INFO - Processing /home/airflow/.local/lib/python3.7/site-packages/airflow/example_dags/example_task_group.py took 0.123 seconds
[2023-03-17T03:33:55.632+0000] {processor.py:153} INFO - Started process (PID=9992) to work on /home/airflow/.local/lib/python3.7/site-packages/airflow/example_dags/example_task_group.py
[2023-03-17T03:33:55.633+0000] {processor.py:743} INFO - Processing file /home/airflow/.local/lib/python3.7/site-packages/airflow/example_dags/example_task_group.py for tasks to queue
[2023-03-17T03:33:55.634+0000] {logging_mixin.py:137} INFO - [2023-03-17T03:33:55.634+0000] {dagbag.py:532} INFO - Filling up the DagBag from /home/airflow/.local/lib/python3.7/site-packages/airflow/example_dags/example_task_group.py
[2023-03-17T03:33:55.658+0000] {processor.py:753} INFO - DAG(s) dict_keys(['example_task_group']) retrieved from /home/airflow/.local/lib/python3.7/site-packages/airflow/example_dags/example_task_group.py
[2023-03-17T03:33:55.689+0000] {logging_mixin.py:137} INFO - [2023-03-17T03:33:55.689+0000] {dag.py:2693} INFO - Sync 1 DAGs
[2023-03-17T03:33:55.721+0000] {logging_mixin.py:137} INFO - [2023-03-17T03:33:55.721+0000] {dag.py:3444} INFO - Setting next_dagrun for example_task_group to 2023-03-16T03:33:55.721369+00:00, run_after=2023-03-17T03:33:55.721369+00:00
[2023-03-17T03:33:55.748+0000] {processor.py:175} INFO - Processing /home/airflow/.local/lib/python3.7/site-packages/airflow/example_dags/example_task_group.py took 0.120 seconds
[2023-03-17T03:34:26.097+0000] {processor.py:153} INFO - Started process (PID=10210) to work on /home/airflow/.local/lib/python3.7/site-packages/airflow/example_dags/example_task_group.py
[2023-03-17T03:34:26.098+0000] {processor.py:743} INFO - Processing file /home/airflow/.local/lib/python3.7/site-packages/airflow/example_dags/example_task_group.py for tasks to queue
[2023-03-17T03:34:26.099+0000] {logging_mixin.py:137} INFO - [2023-03-17T03:34:26.099+0000] {dagbag.py:532} INFO - Filling up the DagBag from /home/airflow/.local/lib/python3.7/site-packages/airflow/example_dags/example_task_group.py
[2023-03-17T03:34:26.122+0000] {processor.py:753} INFO - DAG(s) dict_keys(['example_task_group']) retrieved from /home/airflow/.local/lib/python3.7/site-packages/airflow/example_dags/example_task_group.py
[2023-03-17T03:34:26.154+0000] {logging_mixin.py:137} INFO - [2023-03-17T03:34:26.154+0000] {dag.py:2693} INFO - Sync 1 DAGs
[2023-03-17T03:34:26.186+0000] {logging_mixin.py:137} INFO - [2023-03-17T03:34:26.185+0000] {dag.py:3444} INFO - Setting next_dagrun for example_task_group to 2023-03-16T03:34:26.185604+00:00, run_after=2023-03-17T03:34:26.185604+00:00
[2023-03-17T03:34:26.213+0000] {processor.py:175} INFO - Processing /home/airflow/.local/lib/python3.7/site-packages/airflow/example_dags/example_task_group.py took 0.121 seconds
