[2023-03-17T03:11:04.440+0000] {processor.py:153} INFO - Started process (PID=357) to work on /home/airflow/.local/lib/python3.7/site-packages/airflow/example_dags/example_external_task_marker_dag.py
[2023-03-17T03:11:04.442+0000] {processor.py:743} INFO - Processing file /home/airflow/.local/lib/python3.7/site-packages/airflow/example_dags/example_external_task_marker_dag.py for tasks to queue
[2023-03-17T03:11:04.444+0000] {logging_mixin.py:137} INFO - [2023-03-17T03:11:04.444+0000] {dagbag.py:532} INFO - Filling up the DagBag from /home/airflow/.local/lib/python3.7/site-packages/airflow/example_dags/example_external_task_marker_dag.py
[2023-03-17T03:11:04.471+0000] {processor.py:753} INFO - DAG(s) dict_keys(['example_external_task_marker_child', 'example_external_task_marker_parent']) retrieved from /home/airflow/.local/lib/python3.7/site-packages/airflow/example_dags/example_external_task_marker_dag.py
[2023-03-17T03:11:04.528+0000] {logging_mixin.py:137} INFO - [2023-03-17T03:11:04.527+0000] {dag.py:2693} INFO - Sync 2 DAGs
[2023-03-17T03:11:04.588+0000] {logging_mixin.py:137} INFO - [2023-03-17T03:11:04.588+0000] {dag.py:3444} INFO - Setting next_dagrun for example_external_task_marker_child to None, run_after=None
[2023-03-17T03:11:04.595+0000] {logging_mixin.py:137} INFO - [2023-03-17T03:11:04.595+0000] {dag.py:3444} INFO - Setting next_dagrun for example_external_task_marker_parent to None, run_after=None
[2023-03-17T03:11:04.635+0000] {processor.py:175} INFO - Processing /home/airflow/.local/lib/python3.7/site-packages/airflow/example_dags/example_external_task_marker_dag.py took 0.202 seconds
[2023-03-17T03:11:36.798+0000] {processor.py:153} INFO - Started process (PID=574) to work on /home/airflow/.local/lib/python3.7/site-packages/airflow/example_dags/example_external_task_marker_dag.py
[2023-03-17T03:11:36.801+0000] {processor.py:743} INFO - Processing file /home/airflow/.local/lib/python3.7/site-packages/airflow/example_dags/example_external_task_marker_dag.py for tasks to queue
[2023-03-17T03:11:36.803+0000] {logging_mixin.py:137} INFO - [2023-03-17T03:11:36.803+0000] {dagbag.py:532} INFO - Filling up the DagBag from /home/airflow/.local/lib/python3.7/site-packages/airflow/example_dags/example_external_task_marker_dag.py
[2023-03-17T03:11:36.836+0000] {processor.py:753} INFO - DAG(s) dict_keys(['example_external_task_marker_child', 'example_external_task_marker_parent']) retrieved from /home/airflow/.local/lib/python3.7/site-packages/airflow/example_dags/example_external_task_marker_dag.py
[2023-03-17T03:11:36.889+0000] {logging_mixin.py:137} INFO - [2023-03-17T03:11:36.888+0000] {dag.py:2693} INFO - Sync 2 DAGs
[2023-03-17T03:11:36.927+0000] {logging_mixin.py:137} INFO - [2023-03-17T03:11:36.927+0000] {dag.py:3444} INFO - Setting next_dagrun for example_external_task_marker_child to None, run_after=None
[2023-03-17T03:11:36.932+0000] {logging_mixin.py:137} INFO - [2023-03-17T03:11:36.932+0000] {dag.py:3444} INFO - Setting next_dagrun for example_external_task_marker_parent to None, run_after=None
[2023-03-17T03:11:36.966+0000] {processor.py:175} INFO - Processing /home/airflow/.local/lib/python3.7/site-packages/airflow/example_dags/example_external_task_marker_dag.py took 0.176 seconds
[2023-03-17T03:12:08.306+0000] {processor.py:153} INFO - Started process (PID=791) to work on /home/airflow/.local/lib/python3.7/site-packages/airflow/example_dags/example_external_task_marker_dag.py
[2023-03-17T03:12:08.308+0000] {processor.py:743} INFO - Processing file /home/airflow/.local/lib/python3.7/site-packages/airflow/example_dags/example_external_task_marker_dag.py for tasks to queue
[2023-03-17T03:12:08.311+0000] {logging_mixin.py:137} INFO - [2023-03-17T03:12:08.310+0000] {dagbag.py:532} INFO - Filling up the DagBag from /home/airflow/.local/lib/python3.7/site-packages/airflow/example_dags/example_external_task_marker_dag.py
[2023-03-17T03:12:08.341+0000] {processor.py:753} INFO - DAG(s) dict_keys(['example_external_task_marker_child', 'example_external_task_marker_parent']) retrieved from /home/airflow/.local/lib/python3.7/site-packages/airflow/example_dags/example_external_task_marker_dag.py
[2023-03-17T03:12:08.411+0000] {logging_mixin.py:137} INFO - [2023-03-17T03:12:08.411+0000] {dag.py:2693} INFO - Sync 2 DAGs
[2023-03-17T03:12:08.482+0000] {logging_mixin.py:137} INFO - [2023-03-17T03:12:08.482+0000] {dag.py:3444} INFO - Setting next_dagrun for example_external_task_marker_child to None, run_after=None
[2023-03-17T03:12:08.491+0000] {logging_mixin.py:137} INFO - [2023-03-17T03:12:08.490+0000] {dag.py:3444} INFO - Setting next_dagrun for example_external_task_marker_parent to None, run_after=None
[2023-03-17T03:12:08.539+0000] {processor.py:175} INFO - Processing /home/airflow/.local/lib/python3.7/site-packages/airflow/example_dags/example_external_task_marker_dag.py took 0.239 seconds
[2023-03-17T03:12:39.176+0000] {processor.py:153} INFO - Started process (PID=1008) to work on /home/airflow/.local/lib/python3.7/site-packages/airflow/example_dags/example_external_task_marker_dag.py
[2023-03-17T03:12:39.177+0000] {processor.py:743} INFO - Processing file /home/airflow/.local/lib/python3.7/site-packages/airflow/example_dags/example_external_task_marker_dag.py for tasks to queue
[2023-03-17T03:12:39.178+0000] {logging_mixin.py:137} INFO - [2023-03-17T03:12:39.178+0000] {dagbag.py:532} INFO - Filling up the DagBag from /home/airflow/.local/lib/python3.7/site-packages/airflow/example_dags/example_external_task_marker_dag.py
[2023-03-17T03:12:39.194+0000] {processor.py:753} INFO - DAG(s) dict_keys(['example_external_task_marker_child', 'example_external_task_marker_parent']) retrieved from /home/airflow/.local/lib/python3.7/site-packages/airflow/example_dags/example_external_task_marker_dag.py
[2023-03-17T03:12:39.226+0000] {logging_mixin.py:137} INFO - [2023-03-17T03:12:39.226+0000] {dag.py:2693} INFO - Sync 2 DAGs
[2023-03-17T03:12:39.259+0000] {logging_mixin.py:137} INFO - [2023-03-17T03:12:39.259+0000] {dag.py:3444} INFO - Setting next_dagrun for example_external_task_marker_child to None, run_after=None
[2023-03-17T03:12:39.264+0000] {logging_mixin.py:137} INFO - [2023-03-17T03:12:39.264+0000] {dag.py:3444} INFO - Setting next_dagrun for example_external_task_marker_parent to None, run_after=None
[2023-03-17T03:12:39.287+0000] {processor.py:175} INFO - Processing /home/airflow/.local/lib/python3.7/site-packages/airflow/example_dags/example_external_task_marker_dag.py took 0.115 seconds
[2023-03-17T03:13:10.017+0000] {processor.py:153} INFO - Started process (PID=1225) to work on /home/airflow/.local/lib/python3.7/site-packages/airflow/example_dags/example_external_task_marker_dag.py
[2023-03-17T03:13:10.019+0000] {processor.py:743} INFO - Processing file /home/airflow/.local/lib/python3.7/site-packages/airflow/example_dags/example_external_task_marker_dag.py for tasks to queue
[2023-03-17T03:13:10.020+0000] {logging_mixin.py:137} INFO - [2023-03-17T03:13:10.020+0000] {dagbag.py:532} INFO - Filling up the DagBag from /home/airflow/.local/lib/python3.7/site-packages/airflow/example_dags/example_external_task_marker_dag.py
[2023-03-17T03:13:10.039+0000] {processor.py:753} INFO - DAG(s) dict_keys(['example_external_task_marker_child', 'example_external_task_marker_parent']) retrieved from /home/airflow/.local/lib/python3.7/site-packages/airflow/example_dags/example_external_task_marker_dag.py
[2023-03-17T03:13:10.073+0000] {logging_mixin.py:137} INFO - [2023-03-17T03:13:10.073+0000] {dag.py:2693} INFO - Sync 2 DAGs
[2023-03-17T03:13:10.107+0000] {logging_mixin.py:137} INFO - [2023-03-17T03:13:10.107+0000] {dag.py:3444} INFO - Setting next_dagrun for example_external_task_marker_child to None, run_after=None
[2023-03-17T03:13:10.112+0000] {logging_mixin.py:137} INFO - [2023-03-17T03:13:10.111+0000] {dag.py:3444} INFO - Setting next_dagrun for example_external_task_marker_parent to None, run_after=None
[2023-03-17T03:13:10.135+0000] {processor.py:175} INFO - Processing /home/airflow/.local/lib/python3.7/site-packages/airflow/example_dags/example_external_task_marker_dag.py took 0.122 seconds
[2023-03-17T03:13:40.560+0000] {processor.py:153} INFO - Started process (PID=1442) to work on /home/airflow/.local/lib/python3.7/site-packages/airflow/example_dags/example_external_task_marker_dag.py
[2023-03-17T03:13:40.562+0000] {processor.py:743} INFO - Processing file /home/airflow/.local/lib/python3.7/site-packages/airflow/example_dags/example_external_task_marker_dag.py for tasks to queue
[2023-03-17T03:13:40.563+0000] {logging_mixin.py:137} INFO - [2023-03-17T03:13:40.563+0000] {dagbag.py:532} INFO - Filling up the DagBag from /home/airflow/.local/lib/python3.7/site-packages/airflow/example_dags/example_external_task_marker_dag.py
[2023-03-17T03:13:40.581+0000] {processor.py:753} INFO - DAG(s) dict_keys(['example_external_task_marker_parent', 'example_external_task_marker_child']) retrieved from /home/airflow/.local/lib/python3.7/site-packages/airflow/example_dags/example_external_task_marker_dag.py
[2023-03-17T03:13:40.615+0000] {logging_mixin.py:137} INFO - [2023-03-17T03:13:40.615+0000] {dag.py:2693} INFO - Sync 2 DAGs
[2023-03-17T03:13:40.647+0000] {logging_mixin.py:137} INFO - [2023-03-17T03:13:40.647+0000] {dag.py:3444} INFO - Setting next_dagrun for example_external_task_marker_child to None, run_after=None
[2023-03-17T03:13:40.652+0000] {logging_mixin.py:137} INFO - [2023-03-17T03:13:40.652+0000] {dag.py:3444} INFO - Setting next_dagrun for example_external_task_marker_parent to None, run_after=None
[2023-03-17T03:13:40.677+0000] {processor.py:175} INFO - Processing /home/airflow/.local/lib/python3.7/site-packages/airflow/example_dags/example_external_task_marker_dag.py took 0.121 seconds
[2023-03-17T03:14:10.934+0000] {processor.py:153} INFO - Started process (PID=1659) to work on /home/airflow/.local/lib/python3.7/site-packages/airflow/example_dags/example_external_task_marker_dag.py
[2023-03-17T03:14:10.935+0000] {processor.py:743} INFO - Processing file /home/airflow/.local/lib/python3.7/site-packages/airflow/example_dags/example_external_task_marker_dag.py for tasks to queue
[2023-03-17T03:14:10.937+0000] {logging_mixin.py:137} INFO - [2023-03-17T03:14:10.936+0000] {dagbag.py:532} INFO - Filling up the DagBag from /home/airflow/.local/lib/python3.7/site-packages/airflow/example_dags/example_external_task_marker_dag.py
[2023-03-17T03:14:10.959+0000] {processor.py:753} INFO - DAG(s) dict_keys(['example_external_task_marker_child', 'example_external_task_marker_parent']) retrieved from /home/airflow/.local/lib/python3.7/site-packages/airflow/example_dags/example_external_task_marker_dag.py
[2023-03-17T03:14:10.998+0000] {logging_mixin.py:137} INFO - [2023-03-17T03:14:10.998+0000] {dag.py:2693} INFO - Sync 2 DAGs
[2023-03-17T03:14:11.037+0000] {logging_mixin.py:137} INFO - [2023-03-17T03:14:11.037+0000] {dag.py:3444} INFO - Setting next_dagrun for example_external_task_marker_child to None, run_after=None
[2023-03-17T03:14:11.042+0000] {logging_mixin.py:137} INFO - [2023-03-17T03:14:11.042+0000] {dag.py:3444} INFO - Setting next_dagrun for example_external_task_marker_parent to None, run_after=None
[2023-03-17T03:14:11.063+0000] {processor.py:175} INFO - Processing /home/airflow/.local/lib/python3.7/site-packages/airflow/example_dags/example_external_task_marker_dag.py took 0.134 seconds
[2023-03-17T03:14:41.488+0000] {processor.py:153} INFO - Started process (PID=1878) to work on /home/airflow/.local/lib/python3.7/site-packages/airflow/example_dags/example_external_task_marker_dag.py
[2023-03-17T03:14:41.489+0000] {processor.py:743} INFO - Processing file /home/airflow/.local/lib/python3.7/site-packages/airflow/example_dags/example_external_task_marker_dag.py for tasks to queue
[2023-03-17T03:14:41.490+0000] {logging_mixin.py:137} INFO - [2023-03-17T03:14:41.490+0000] {dagbag.py:532} INFO - Filling up the DagBag from /home/airflow/.local/lib/python3.7/site-packages/airflow/example_dags/example_external_task_marker_dag.py
[2023-03-17T03:14:41.505+0000] {processor.py:753} INFO - DAG(s) dict_keys(['example_external_task_marker_parent', 'example_external_task_marker_child']) retrieved from /home/airflow/.local/lib/python3.7/site-packages/airflow/example_dags/example_external_task_marker_dag.py
[2023-03-17T03:14:41.539+0000] {logging_mixin.py:137} INFO - [2023-03-17T03:14:41.539+0000] {dag.py:2693} INFO - Sync 2 DAGs
[2023-03-17T03:14:41.570+0000] {logging_mixin.py:137} INFO - [2023-03-17T03:14:41.570+0000] {dag.py:3444} INFO - Setting next_dagrun for example_external_task_marker_child to None, run_after=None
[2023-03-17T03:14:41.575+0000] {logging_mixin.py:137} INFO - [2023-03-17T03:14:41.574+0000] {dag.py:3444} INFO - Setting next_dagrun for example_external_task_marker_parent to None, run_after=None
[2023-03-17T03:14:41.600+0000] {processor.py:175} INFO - Processing /home/airflow/.local/lib/python3.7/site-packages/airflow/example_dags/example_external_task_marker_dag.py took 0.116 seconds
[2023-03-17T03:15:12.042+0000] {processor.py:153} INFO - Started process (PID=2093) to work on /home/airflow/.local/lib/python3.7/site-packages/airflow/example_dags/example_external_task_marker_dag.py
[2023-03-17T03:15:12.043+0000] {processor.py:743} INFO - Processing file /home/airflow/.local/lib/python3.7/site-packages/airflow/example_dags/example_external_task_marker_dag.py for tasks to queue
[2023-03-17T03:15:12.044+0000] {logging_mixin.py:137} INFO - [2023-03-17T03:15:12.044+0000] {dagbag.py:532} INFO - Filling up the DagBag from /home/airflow/.local/lib/python3.7/site-packages/airflow/example_dags/example_external_task_marker_dag.py
[2023-03-17T03:15:12.063+0000] {processor.py:753} INFO - DAG(s) dict_keys(['example_external_task_marker_parent', 'example_external_task_marker_child']) retrieved from /home/airflow/.local/lib/python3.7/site-packages/airflow/example_dags/example_external_task_marker_dag.py
[2023-03-17T03:15:12.102+0000] {logging_mixin.py:137} INFO - [2023-03-17T03:15:12.102+0000] {dag.py:2693} INFO - Sync 2 DAGs
[2023-03-17T03:15:12.138+0000] {logging_mixin.py:137} INFO - [2023-03-17T03:15:12.138+0000] {dag.py:3444} INFO - Setting next_dagrun for example_external_task_marker_child to None, run_after=None
[2023-03-17T03:15:12.142+0000] {logging_mixin.py:137} INFO - [2023-03-17T03:15:12.142+0000] {dag.py:3444} INFO - Setting next_dagrun for example_external_task_marker_parent to None, run_after=None
[2023-03-17T03:15:12.165+0000] {processor.py:175} INFO - Processing /home/airflow/.local/lib/python3.7/site-packages/airflow/example_dags/example_external_task_marker_dag.py took 0.127 seconds
[2023-03-17T03:15:42.396+0000] {processor.py:153} INFO - Started process (PID=2310) to work on /home/airflow/.local/lib/python3.7/site-packages/airflow/example_dags/example_external_task_marker_dag.py
[2023-03-17T03:15:42.397+0000] {processor.py:743} INFO - Processing file /home/airflow/.local/lib/python3.7/site-packages/airflow/example_dags/example_external_task_marker_dag.py for tasks to queue
[2023-03-17T03:15:42.398+0000] {logging_mixin.py:137} INFO - [2023-03-17T03:15:42.398+0000] {dagbag.py:532} INFO - Filling up the DagBag from /home/airflow/.local/lib/python3.7/site-packages/airflow/example_dags/example_external_task_marker_dag.py
[2023-03-17T03:15:42.414+0000] {processor.py:753} INFO - DAG(s) dict_keys(['example_external_task_marker_parent', 'example_external_task_marker_child']) retrieved from /home/airflow/.local/lib/python3.7/site-packages/airflow/example_dags/example_external_task_marker_dag.py
[2023-03-17T03:15:42.447+0000] {logging_mixin.py:137} INFO - [2023-03-17T03:15:42.447+0000] {dag.py:2693} INFO - Sync 2 DAGs
[2023-03-17T03:15:42.477+0000] {logging_mixin.py:137} INFO - [2023-03-17T03:15:42.477+0000] {dag.py:3444} INFO - Setting next_dagrun for example_external_task_marker_child to None, run_after=None
[2023-03-17T03:15:42.481+0000] {logging_mixin.py:137} INFO - [2023-03-17T03:15:42.481+0000] {dag.py:3444} INFO - Setting next_dagrun for example_external_task_marker_parent to None, run_after=None
[2023-03-17T03:15:42.506+0000] {processor.py:175} INFO - Processing /home/airflow/.local/lib/python3.7/site-packages/airflow/example_dags/example_external_task_marker_dag.py took 0.115 seconds
[2023-03-17T03:16:13.184+0000] {processor.py:153} INFO - Started process (PID=2528) to work on /home/airflow/.local/lib/python3.7/site-packages/airflow/example_dags/example_external_task_marker_dag.py
[2023-03-17T03:16:13.185+0000] {processor.py:743} INFO - Processing file /home/airflow/.local/lib/python3.7/site-packages/airflow/example_dags/example_external_task_marker_dag.py for tasks to queue
[2023-03-17T03:16:13.186+0000] {logging_mixin.py:137} INFO - [2023-03-17T03:16:13.186+0000] {dagbag.py:532} INFO - Filling up the DagBag from /home/airflow/.local/lib/python3.7/site-packages/airflow/example_dags/example_external_task_marker_dag.py
[2023-03-17T03:16:13.204+0000] {processor.py:753} INFO - DAG(s) dict_keys(['example_external_task_marker_parent', 'example_external_task_marker_child']) retrieved from /home/airflow/.local/lib/python3.7/site-packages/airflow/example_dags/example_external_task_marker_dag.py
[2023-03-17T03:16:13.237+0000] {logging_mixin.py:137} INFO - [2023-03-17T03:16:13.237+0000] {dag.py:2693} INFO - Sync 2 DAGs
[2023-03-17T03:16:13.267+0000] {logging_mixin.py:137} INFO - [2023-03-17T03:16:13.267+0000] {dag.py:3444} INFO - Setting next_dagrun for example_external_task_marker_child to None, run_after=None
[2023-03-17T03:16:13.272+0000] {logging_mixin.py:137} INFO - [2023-03-17T03:16:13.272+0000] {dag.py:3444} INFO - Setting next_dagrun for example_external_task_marker_parent to None, run_after=None
[2023-03-17T03:16:13.297+0000] {processor.py:175} INFO - Processing /home/airflow/.local/lib/python3.7/site-packages/airflow/example_dags/example_external_task_marker_dag.py took 0.118 seconds
[2023-03-17T03:16:43.665+0000] {processor.py:153} INFO - Started process (PID=2742) to work on /home/airflow/.local/lib/python3.7/site-packages/airflow/example_dags/example_external_task_marker_dag.py
[2023-03-17T03:16:43.666+0000] {processor.py:743} INFO - Processing file /home/airflow/.local/lib/python3.7/site-packages/airflow/example_dags/example_external_task_marker_dag.py for tasks to queue
[2023-03-17T03:16:43.667+0000] {logging_mixin.py:137} INFO - [2023-03-17T03:16:43.667+0000] {dagbag.py:532} INFO - Filling up the DagBag from /home/airflow/.local/lib/python3.7/site-packages/airflow/example_dags/example_external_task_marker_dag.py
[2023-03-17T03:16:43.682+0000] {processor.py:753} INFO - DAG(s) dict_keys(['example_external_task_marker_parent', 'example_external_task_marker_child']) retrieved from /home/airflow/.local/lib/python3.7/site-packages/airflow/example_dags/example_external_task_marker_dag.py
[2023-03-17T03:16:43.714+0000] {logging_mixin.py:137} INFO - [2023-03-17T03:16:43.714+0000] {dag.py:2693} INFO - Sync 2 DAGs
[2023-03-17T03:16:43.745+0000] {logging_mixin.py:137} INFO - [2023-03-17T03:16:43.744+0000] {dag.py:3444} INFO - Setting next_dagrun for example_external_task_marker_child to None, run_after=None
[2023-03-17T03:16:43.749+0000] {logging_mixin.py:137} INFO - [2023-03-17T03:16:43.749+0000] {dag.py:3444} INFO - Setting next_dagrun for example_external_task_marker_parent to None, run_after=None
[2023-03-17T03:16:43.769+0000] {processor.py:175} INFO - Processing /home/airflow/.local/lib/python3.7/site-packages/airflow/example_dags/example_external_task_marker_dag.py took 0.108 seconds
[2023-03-17T03:17:13.921+0000] {processor.py:153} INFO - Started process (PID=2957) to work on /home/airflow/.local/lib/python3.7/site-packages/airflow/example_dags/example_external_task_marker_dag.py
[2023-03-17T03:17:13.922+0000] {processor.py:743} INFO - Processing file /home/airflow/.local/lib/python3.7/site-packages/airflow/example_dags/example_external_task_marker_dag.py for tasks to queue
[2023-03-17T03:17:13.923+0000] {logging_mixin.py:137} INFO - [2023-03-17T03:17:13.922+0000] {dagbag.py:532} INFO - Filling up the DagBag from /home/airflow/.local/lib/python3.7/site-packages/airflow/example_dags/example_external_task_marker_dag.py
[2023-03-17T03:17:13.937+0000] {processor.py:753} INFO - DAG(s) dict_keys(['example_external_task_marker_parent', 'example_external_task_marker_child']) retrieved from /home/airflow/.local/lib/python3.7/site-packages/airflow/example_dags/example_external_task_marker_dag.py
[2023-03-17T03:17:13.969+0000] {logging_mixin.py:137} INFO - [2023-03-17T03:17:13.969+0000] {dag.py:2693} INFO - Sync 2 DAGs
[2023-03-17T03:17:13.998+0000] {logging_mixin.py:137} INFO - [2023-03-17T03:17:13.998+0000] {dag.py:3444} INFO - Setting next_dagrun for example_external_task_marker_child to None, run_after=None
[2023-03-17T03:17:14.003+0000] {logging_mixin.py:137} INFO - [2023-03-17T03:17:14.003+0000] {dag.py:3444} INFO - Setting next_dagrun for example_external_task_marker_parent to None, run_after=None
[2023-03-17T03:17:14.027+0000] {processor.py:175} INFO - Processing /home/airflow/.local/lib/python3.7/site-packages/airflow/example_dags/example_external_task_marker_dag.py took 0.110 seconds
[2023-03-17T03:17:44.619+0000] {processor.py:153} INFO - Started process (PID=3179) to work on /home/airflow/.local/lib/python3.7/site-packages/airflow/example_dags/example_external_task_marker_dag.py
[2023-03-17T03:17:44.620+0000] {processor.py:743} INFO - Processing file /home/airflow/.local/lib/python3.7/site-packages/airflow/example_dags/example_external_task_marker_dag.py for tasks to queue
[2023-03-17T03:17:44.621+0000] {logging_mixin.py:137} INFO - [2023-03-17T03:17:44.621+0000] {dagbag.py:532} INFO - Filling up the DagBag from /home/airflow/.local/lib/python3.7/site-packages/airflow/example_dags/example_external_task_marker_dag.py
[2023-03-17T03:17:44.638+0000] {processor.py:753} INFO - DAG(s) dict_keys(['example_external_task_marker_parent', 'example_external_task_marker_child']) retrieved from /home/airflow/.local/lib/python3.7/site-packages/airflow/example_dags/example_external_task_marker_dag.py
[2023-03-17T03:17:44.672+0000] {logging_mixin.py:137} INFO - [2023-03-17T03:17:44.672+0000] {dag.py:2693} INFO - Sync 2 DAGs
[2023-03-17T03:17:44.703+0000] {logging_mixin.py:137} INFO - [2023-03-17T03:17:44.703+0000] {dag.py:3444} INFO - Setting next_dagrun for example_external_task_marker_child to None, run_after=None
[2023-03-17T03:17:44.708+0000] {logging_mixin.py:137} INFO - [2023-03-17T03:17:44.708+0000] {dag.py:3444} INFO - Setting next_dagrun for example_external_task_marker_parent to None, run_after=None
[2023-03-17T03:17:44.732+0000] {processor.py:175} INFO - Processing /home/airflow/.local/lib/python3.7/site-packages/airflow/example_dags/example_external_task_marker_dag.py took 0.117 seconds
[2023-03-17T03:18:15.090+0000] {processor.py:153} INFO - Started process (PID=3401) to work on /home/airflow/.local/lib/python3.7/site-packages/airflow/example_dags/example_external_task_marker_dag.py
[2023-03-17T03:18:15.091+0000] {processor.py:743} INFO - Processing file /home/airflow/.local/lib/python3.7/site-packages/airflow/example_dags/example_external_task_marker_dag.py for tasks to queue
[2023-03-17T03:18:15.092+0000] {logging_mixin.py:137} INFO - [2023-03-17T03:18:15.092+0000] {dagbag.py:532} INFO - Filling up the DagBag from /home/airflow/.local/lib/python3.7/site-packages/airflow/example_dags/example_external_task_marker_dag.py
[2023-03-17T03:18:15.107+0000] {processor.py:753} INFO - DAG(s) dict_keys(['example_external_task_marker_child', 'example_external_task_marker_parent']) retrieved from /home/airflow/.local/lib/python3.7/site-packages/airflow/example_dags/example_external_task_marker_dag.py
[2023-03-17T03:18:15.140+0000] {logging_mixin.py:137} INFO - [2023-03-17T03:18:15.140+0000] {dag.py:2693} INFO - Sync 2 DAGs
[2023-03-17T03:18:15.171+0000] {logging_mixin.py:137} INFO - [2023-03-17T03:18:15.171+0000] {dag.py:3444} INFO - Setting next_dagrun for example_external_task_marker_child to None, run_after=None
[2023-03-17T03:18:15.177+0000] {logging_mixin.py:137} INFO - [2023-03-17T03:18:15.177+0000] {dag.py:3444} INFO - Setting next_dagrun for example_external_task_marker_parent to None, run_after=None
[2023-03-17T03:18:15.200+0000] {processor.py:175} INFO - Processing /home/airflow/.local/lib/python3.7/site-packages/airflow/example_dags/example_external_task_marker_dag.py took 0.114 seconds
[2023-03-17T03:18:45.616+0000] {processor.py:153} INFO - Started process (PID=3614) to work on /home/airflow/.local/lib/python3.7/site-packages/airflow/example_dags/example_external_task_marker_dag.py
[2023-03-17T03:18:45.617+0000] {processor.py:743} INFO - Processing file /home/airflow/.local/lib/python3.7/site-packages/airflow/example_dags/example_external_task_marker_dag.py for tasks to queue
[2023-03-17T03:18:45.618+0000] {logging_mixin.py:137} INFO - [2023-03-17T03:18:45.618+0000] {dagbag.py:532} INFO - Filling up the DagBag from /home/airflow/.local/lib/python3.7/site-packages/airflow/example_dags/example_external_task_marker_dag.py
[2023-03-17T03:18:45.635+0000] {processor.py:753} INFO - DAG(s) dict_keys(['example_external_task_marker_parent', 'example_external_task_marker_child']) retrieved from /home/airflow/.local/lib/python3.7/site-packages/airflow/example_dags/example_external_task_marker_dag.py
[2023-03-17T03:18:45.669+0000] {logging_mixin.py:137} INFO - [2023-03-17T03:18:45.669+0000] {dag.py:2693} INFO - Sync 2 DAGs
[2023-03-17T03:18:45.701+0000] {logging_mixin.py:137} INFO - [2023-03-17T03:18:45.701+0000] {dag.py:3444} INFO - Setting next_dagrun for example_external_task_marker_child to None, run_after=None
[2023-03-17T03:18:45.705+0000] {logging_mixin.py:137} INFO - [2023-03-17T03:18:45.705+0000] {dag.py:3444} INFO - Setting next_dagrun for example_external_task_marker_parent to None, run_after=None
[2023-03-17T03:18:45.728+0000] {processor.py:175} INFO - Processing /home/airflow/.local/lib/python3.7/site-packages/airflow/example_dags/example_external_task_marker_dag.py took 0.117 seconds
[2023-03-17T03:19:16.264+0000] {processor.py:153} INFO - Started process (PID=3831) to work on /home/airflow/.local/lib/python3.7/site-packages/airflow/example_dags/example_external_task_marker_dag.py
[2023-03-17T03:19:16.265+0000] {processor.py:743} INFO - Processing file /home/airflow/.local/lib/python3.7/site-packages/airflow/example_dags/example_external_task_marker_dag.py for tasks to queue
[2023-03-17T03:19:16.267+0000] {logging_mixin.py:137} INFO - [2023-03-17T03:19:16.266+0000] {dagbag.py:532} INFO - Filling up the DagBag from /home/airflow/.local/lib/python3.7/site-packages/airflow/example_dags/example_external_task_marker_dag.py
[2023-03-17T03:19:16.282+0000] {processor.py:753} INFO - DAG(s) dict_keys(['example_external_task_marker_child', 'example_external_task_marker_parent']) retrieved from /home/airflow/.local/lib/python3.7/site-packages/airflow/example_dags/example_external_task_marker_dag.py
[2023-03-17T03:19:16.316+0000] {logging_mixin.py:137} INFO - [2023-03-17T03:19:16.315+0000] {dag.py:2693} INFO - Sync 2 DAGs
[2023-03-17T03:19:16.346+0000] {logging_mixin.py:137} INFO - [2023-03-17T03:19:16.346+0000] {dag.py:3444} INFO - Setting next_dagrun for example_external_task_marker_child to None, run_after=None
[2023-03-17T03:19:16.351+0000] {logging_mixin.py:137} INFO - [2023-03-17T03:19:16.350+0000] {dag.py:3444} INFO - Setting next_dagrun for example_external_task_marker_parent to None, run_after=None
[2023-03-17T03:19:16.376+0000] {processor.py:175} INFO - Processing /home/airflow/.local/lib/python3.7/site-packages/airflow/example_dags/example_external_task_marker_dag.py took 0.115 seconds
[2023-03-17T03:19:46.769+0000] {processor.py:153} INFO - Started process (PID=4048) to work on /home/airflow/.local/lib/python3.7/site-packages/airflow/example_dags/example_external_task_marker_dag.py
[2023-03-17T03:19:46.770+0000] {processor.py:743} INFO - Processing file /home/airflow/.local/lib/python3.7/site-packages/airflow/example_dags/example_external_task_marker_dag.py for tasks to queue
[2023-03-17T03:19:46.772+0000] {logging_mixin.py:137} INFO - [2023-03-17T03:19:46.771+0000] {dagbag.py:532} INFO - Filling up the DagBag from /home/airflow/.local/lib/python3.7/site-packages/airflow/example_dags/example_external_task_marker_dag.py
[2023-03-17T03:19:46.787+0000] {processor.py:753} INFO - DAG(s) dict_keys(['example_external_task_marker_child', 'example_external_task_marker_parent']) retrieved from /home/airflow/.local/lib/python3.7/site-packages/airflow/example_dags/example_external_task_marker_dag.py
[2023-03-17T03:19:46.820+0000] {logging_mixin.py:137} INFO - [2023-03-17T03:19:46.820+0000] {dag.py:2693} INFO - Sync 2 DAGs
[2023-03-17T03:19:46.850+0000] {logging_mixin.py:137} INFO - [2023-03-17T03:19:46.849+0000] {dag.py:3444} INFO - Setting next_dagrun for example_external_task_marker_child to None, run_after=None
[2023-03-17T03:19:46.854+0000] {logging_mixin.py:137} INFO - [2023-03-17T03:19:46.854+0000] {dag.py:3444} INFO - Setting next_dagrun for example_external_task_marker_parent to None, run_after=None
[2023-03-17T03:19:46.877+0000] {processor.py:175} INFO - Processing /home/airflow/.local/lib/python3.7/site-packages/airflow/example_dags/example_external_task_marker_dag.py took 0.111 seconds
[2023-03-17T03:20:17.110+0000] {processor.py:153} INFO - Started process (PID=4265) to work on /home/airflow/.local/lib/python3.7/site-packages/airflow/example_dags/example_external_task_marker_dag.py
[2023-03-17T03:20:17.111+0000] {processor.py:743} INFO - Processing file /home/airflow/.local/lib/python3.7/site-packages/airflow/example_dags/example_external_task_marker_dag.py for tasks to queue
[2023-03-17T03:20:17.112+0000] {logging_mixin.py:137} INFO - [2023-03-17T03:20:17.112+0000] {dagbag.py:532} INFO - Filling up the DagBag from /home/airflow/.local/lib/python3.7/site-packages/airflow/example_dags/example_external_task_marker_dag.py
[2023-03-17T03:20:17.129+0000] {processor.py:753} INFO - DAG(s) dict_keys(['example_external_task_marker_child', 'example_external_task_marker_parent']) retrieved from /home/airflow/.local/lib/python3.7/site-packages/airflow/example_dags/example_external_task_marker_dag.py
[2023-03-17T03:20:17.161+0000] {logging_mixin.py:137} INFO - [2023-03-17T03:20:17.161+0000] {dag.py:2693} INFO - Sync 2 DAGs
[2023-03-17T03:20:17.193+0000] {logging_mixin.py:137} INFO - [2023-03-17T03:20:17.193+0000] {dag.py:3444} INFO - Setting next_dagrun for example_external_task_marker_child to None, run_after=None
[2023-03-17T03:20:17.198+0000] {logging_mixin.py:137} INFO - [2023-03-17T03:20:17.198+0000] {dag.py:3444} INFO - Setting next_dagrun for example_external_task_marker_parent to None, run_after=None
[2023-03-17T03:20:17.221+0000] {processor.py:175} INFO - Processing /home/airflow/.local/lib/python3.7/site-packages/airflow/example_dags/example_external_task_marker_dag.py took 0.116 seconds
[2023-03-17T03:20:47.666+0000] {processor.py:153} INFO - Started process (PID=4482) to work on /home/airflow/.local/lib/python3.7/site-packages/airflow/example_dags/example_external_task_marker_dag.py
[2023-03-17T03:20:47.667+0000] {processor.py:743} INFO - Processing file /home/airflow/.local/lib/python3.7/site-packages/airflow/example_dags/example_external_task_marker_dag.py for tasks to queue
[2023-03-17T03:20:47.668+0000] {logging_mixin.py:137} INFO - [2023-03-17T03:20:47.668+0000] {dagbag.py:532} INFO - Filling up the DagBag from /home/airflow/.local/lib/python3.7/site-packages/airflow/example_dags/example_external_task_marker_dag.py
[2023-03-17T03:20:47.683+0000] {processor.py:753} INFO - DAG(s) dict_keys(['example_external_task_marker_parent', 'example_external_task_marker_child']) retrieved from /home/airflow/.local/lib/python3.7/site-packages/airflow/example_dags/example_external_task_marker_dag.py
[2023-03-17T03:20:47.715+0000] {logging_mixin.py:137} INFO - [2023-03-17T03:20:47.715+0000] {dag.py:2693} INFO - Sync 2 DAGs
[2023-03-17T03:20:47.748+0000] {logging_mixin.py:137} INFO - [2023-03-17T03:20:47.748+0000] {dag.py:3444} INFO - Setting next_dagrun for example_external_task_marker_child to None, run_after=None
[2023-03-17T03:20:47.752+0000] {logging_mixin.py:137} INFO - [2023-03-17T03:20:47.752+0000] {dag.py:3444} INFO - Setting next_dagrun for example_external_task_marker_parent to None, run_after=None
[2023-03-17T03:20:47.774+0000] {processor.py:175} INFO - Processing /home/airflow/.local/lib/python3.7/site-packages/airflow/example_dags/example_external_task_marker_dag.py took 0.112 seconds
[2023-03-17T03:21:18.261+0000] {processor.py:153} INFO - Started process (PID=4699) to work on /home/airflow/.local/lib/python3.7/site-packages/airflow/example_dags/example_external_task_marker_dag.py
[2023-03-17T03:21:18.262+0000] {processor.py:743} INFO - Processing file /home/airflow/.local/lib/python3.7/site-packages/airflow/example_dags/example_external_task_marker_dag.py for tasks to queue
[2023-03-17T03:21:18.263+0000] {logging_mixin.py:137} INFO - [2023-03-17T03:21:18.263+0000] {dagbag.py:532} INFO - Filling up the DagBag from /home/airflow/.local/lib/python3.7/site-packages/airflow/example_dags/example_external_task_marker_dag.py
[2023-03-17T03:21:18.278+0000] {processor.py:753} INFO - DAG(s) dict_keys(['example_external_task_marker_parent', 'example_external_task_marker_child']) retrieved from /home/airflow/.local/lib/python3.7/site-packages/airflow/example_dags/example_external_task_marker_dag.py
[2023-03-17T03:21:18.312+0000] {logging_mixin.py:137} INFO - [2023-03-17T03:21:18.312+0000] {dag.py:2693} INFO - Sync 2 DAGs
[2023-03-17T03:21:18.342+0000] {logging_mixin.py:137} INFO - [2023-03-17T03:21:18.342+0000] {dag.py:3444} INFO - Setting next_dagrun for example_external_task_marker_child to None, run_after=None
[2023-03-17T03:21:18.347+0000] {logging_mixin.py:137} INFO - [2023-03-17T03:21:18.347+0000] {dag.py:3444} INFO - Setting next_dagrun for example_external_task_marker_parent to None, run_after=None
[2023-03-17T03:21:18.458+0000] {processor.py:175} INFO - Processing /home/airflow/.local/lib/python3.7/site-packages/airflow/example_dags/example_external_task_marker_dag.py took 0.201 seconds
[2023-03-17T03:21:48.863+0000] {processor.py:153} INFO - Started process (PID=4916) to work on /home/airflow/.local/lib/python3.7/site-packages/airflow/example_dags/example_external_task_marker_dag.py
[2023-03-17T03:21:48.865+0000] {processor.py:743} INFO - Processing file /home/airflow/.local/lib/python3.7/site-packages/airflow/example_dags/example_external_task_marker_dag.py for tasks to queue
[2023-03-17T03:21:48.866+0000] {logging_mixin.py:137} INFO - [2023-03-17T03:21:48.866+0000] {dagbag.py:532} INFO - Filling up the DagBag from /home/airflow/.local/lib/python3.7/site-packages/airflow/example_dags/example_external_task_marker_dag.py
[2023-03-17T03:21:48.884+0000] {processor.py:753} INFO - DAG(s) dict_keys(['example_external_task_marker_child', 'example_external_task_marker_parent']) retrieved from /home/airflow/.local/lib/python3.7/site-packages/airflow/example_dags/example_external_task_marker_dag.py
[2023-03-17T03:21:48.916+0000] {logging_mixin.py:137} INFO - [2023-03-17T03:21:48.916+0000] {dag.py:2693} INFO - Sync 2 DAGs
[2023-03-17T03:21:48.948+0000] {logging_mixin.py:137} INFO - [2023-03-17T03:21:48.948+0000] {dag.py:3444} INFO - Setting next_dagrun for example_external_task_marker_child to None, run_after=None
[2023-03-17T03:21:48.952+0000] {logging_mixin.py:137} INFO - [2023-03-17T03:21:48.952+0000] {dag.py:3444} INFO - Setting next_dagrun for example_external_task_marker_parent to None, run_after=None
[2023-03-17T03:21:48.975+0000] {processor.py:175} INFO - Processing /home/airflow/.local/lib/python3.7/site-packages/airflow/example_dags/example_external_task_marker_dag.py took 0.115 seconds
[2023-03-17T03:22:19.362+0000] {processor.py:153} INFO - Started process (PID=5133) to work on /home/airflow/.local/lib/python3.7/site-packages/airflow/example_dags/example_external_task_marker_dag.py
[2023-03-17T03:22:19.364+0000] {processor.py:743} INFO - Processing file /home/airflow/.local/lib/python3.7/site-packages/airflow/example_dags/example_external_task_marker_dag.py for tasks to queue
[2023-03-17T03:22:19.365+0000] {logging_mixin.py:137} INFO - [2023-03-17T03:22:19.365+0000] {dagbag.py:532} INFO - Filling up the DagBag from /home/airflow/.local/lib/python3.7/site-packages/airflow/example_dags/example_external_task_marker_dag.py
[2023-03-17T03:22:19.381+0000] {processor.py:753} INFO - DAG(s) dict_keys(['example_external_task_marker_child', 'example_external_task_marker_parent']) retrieved from /home/airflow/.local/lib/python3.7/site-packages/airflow/example_dags/example_external_task_marker_dag.py
[2023-03-17T03:22:19.414+0000] {logging_mixin.py:137} INFO - [2023-03-17T03:22:19.414+0000] {dag.py:2693} INFO - Sync 2 DAGs
[2023-03-17T03:22:19.445+0000] {logging_mixin.py:137} INFO - [2023-03-17T03:22:19.445+0000] {dag.py:3444} INFO - Setting next_dagrun for example_external_task_marker_child to None, run_after=None
[2023-03-17T03:22:19.450+0000] {logging_mixin.py:137} INFO - [2023-03-17T03:22:19.449+0000] {dag.py:3444} INFO - Setting next_dagrun for example_external_task_marker_parent to None, run_after=None
[2023-03-17T03:22:19.473+0000] {processor.py:175} INFO - Processing /home/airflow/.local/lib/python3.7/site-packages/airflow/example_dags/example_external_task_marker_dag.py took 0.114 seconds
[2023-03-17T03:22:49.634+0000] {processor.py:153} INFO - Started process (PID=5350) to work on /home/airflow/.local/lib/python3.7/site-packages/airflow/example_dags/example_external_task_marker_dag.py
[2023-03-17T03:22:49.636+0000] {processor.py:743} INFO - Processing file /home/airflow/.local/lib/python3.7/site-packages/airflow/example_dags/example_external_task_marker_dag.py for tasks to queue
[2023-03-17T03:22:49.637+0000] {logging_mixin.py:137} INFO - [2023-03-17T03:22:49.636+0000] {dagbag.py:532} INFO - Filling up the DagBag from /home/airflow/.local/lib/python3.7/site-packages/airflow/example_dags/example_external_task_marker_dag.py
[2023-03-17T03:22:49.655+0000] {processor.py:753} INFO - DAG(s) dict_keys(['example_external_task_marker_child', 'example_external_task_marker_parent']) retrieved from /home/airflow/.local/lib/python3.7/site-packages/airflow/example_dags/example_external_task_marker_dag.py
[2023-03-17T03:22:49.693+0000] {logging_mixin.py:137} INFO - [2023-03-17T03:22:49.693+0000] {dag.py:2693} INFO - Sync 2 DAGs
[2023-03-17T03:22:49.731+0000] {logging_mixin.py:137} INFO - [2023-03-17T03:22:49.731+0000] {dag.py:3444} INFO - Setting next_dagrun for example_external_task_marker_child to None, run_after=None
[2023-03-17T03:22:49.736+0000] {logging_mixin.py:137} INFO - [2023-03-17T03:22:49.736+0000] {dag.py:3444} INFO - Setting next_dagrun for example_external_task_marker_parent to None, run_after=None
[2023-03-17T03:22:49.760+0000] {processor.py:175} INFO - Processing /home/airflow/.local/lib/python3.7/site-packages/airflow/example_dags/example_external_task_marker_dag.py took 0.130 seconds
[2023-03-17T03:23:20.219+0000] {processor.py:153} INFO - Started process (PID=5568) to work on /home/airflow/.local/lib/python3.7/site-packages/airflow/example_dags/example_external_task_marker_dag.py
[2023-03-17T03:23:20.220+0000] {processor.py:743} INFO - Processing file /home/airflow/.local/lib/python3.7/site-packages/airflow/example_dags/example_external_task_marker_dag.py for tasks to queue
[2023-03-17T03:23:20.221+0000] {logging_mixin.py:137} INFO - [2023-03-17T03:23:20.221+0000] {dagbag.py:532} INFO - Filling up the DagBag from /home/airflow/.local/lib/python3.7/site-packages/airflow/example_dags/example_external_task_marker_dag.py
[2023-03-17T03:23:20.238+0000] {processor.py:753} INFO - DAG(s) dict_keys(['example_external_task_marker_parent', 'example_external_task_marker_child']) retrieved from /home/airflow/.local/lib/python3.7/site-packages/airflow/example_dags/example_external_task_marker_dag.py
[2023-03-17T03:23:20.276+0000] {logging_mixin.py:137} INFO - [2023-03-17T03:23:20.276+0000] {dag.py:2693} INFO - Sync 2 DAGs
[2023-03-17T03:23:20.307+0000] {logging_mixin.py:137} INFO - [2023-03-17T03:23:20.307+0000] {dag.py:3444} INFO - Setting next_dagrun for example_external_task_marker_child to None, run_after=None
[2023-03-17T03:23:20.312+0000] {logging_mixin.py:137} INFO - [2023-03-17T03:23:20.312+0000] {dag.py:3444} INFO - Setting next_dagrun for example_external_task_marker_parent to None, run_after=None
[2023-03-17T03:23:20.355+0000] {processor.py:175} INFO - Processing /home/airflow/.local/lib/python3.7/site-packages/airflow/example_dags/example_external_task_marker_dag.py took 0.140 seconds
[2023-03-17T03:23:50.584+0000] {processor.py:153} INFO - Started process (PID=5785) to work on /home/airflow/.local/lib/python3.7/site-packages/airflow/example_dags/example_external_task_marker_dag.py
[2023-03-17T03:23:50.585+0000] {processor.py:743} INFO - Processing file /home/airflow/.local/lib/python3.7/site-packages/airflow/example_dags/example_external_task_marker_dag.py for tasks to queue
[2023-03-17T03:23:50.586+0000] {logging_mixin.py:137} INFO - [2023-03-17T03:23:50.586+0000] {dagbag.py:532} INFO - Filling up the DagBag from /home/airflow/.local/lib/python3.7/site-packages/airflow/example_dags/example_external_task_marker_dag.py
[2023-03-17T03:23:50.605+0000] {processor.py:753} INFO - DAG(s) dict_keys(['example_external_task_marker_parent', 'example_external_task_marker_child']) retrieved from /home/airflow/.local/lib/python3.7/site-packages/airflow/example_dags/example_external_task_marker_dag.py
[2023-03-17T03:23:50.638+0000] {logging_mixin.py:137} INFO - [2023-03-17T03:23:50.637+0000] {dag.py:2693} INFO - Sync 2 DAGs
[2023-03-17T03:23:50.669+0000] {logging_mixin.py:137} INFO - [2023-03-17T03:23:50.669+0000] {dag.py:3444} INFO - Setting next_dagrun for example_external_task_marker_child to None, run_after=None
[2023-03-17T03:23:50.673+0000] {logging_mixin.py:137} INFO - [2023-03-17T03:23:50.673+0000] {dag.py:3444} INFO - Setting next_dagrun for example_external_task_marker_parent to None, run_after=None
[2023-03-17T03:23:50.698+0000] {processor.py:175} INFO - Processing /home/airflow/.local/lib/python3.7/site-packages/airflow/example_dags/example_external_task_marker_dag.py took 0.118 seconds
[2023-03-17T03:24:21.097+0000] {processor.py:153} INFO - Started process (PID=6002) to work on /home/airflow/.local/lib/python3.7/site-packages/airflow/example_dags/example_external_task_marker_dag.py
[2023-03-17T03:24:21.098+0000] {processor.py:743} INFO - Processing file /home/airflow/.local/lib/python3.7/site-packages/airflow/example_dags/example_external_task_marker_dag.py for tasks to queue
[2023-03-17T03:24:21.100+0000] {logging_mixin.py:137} INFO - [2023-03-17T03:24:21.099+0000] {dagbag.py:532} INFO - Filling up the DagBag from /home/airflow/.local/lib/python3.7/site-packages/airflow/example_dags/example_external_task_marker_dag.py
[2023-03-17T03:24:21.115+0000] {processor.py:753} INFO - DAG(s) dict_keys(['example_external_task_marker_child', 'example_external_task_marker_parent']) retrieved from /home/airflow/.local/lib/python3.7/site-packages/airflow/example_dags/example_external_task_marker_dag.py
[2023-03-17T03:24:21.150+0000] {logging_mixin.py:137} INFO - [2023-03-17T03:24:21.150+0000] {dag.py:2693} INFO - Sync 2 DAGs
[2023-03-17T03:24:21.183+0000] {logging_mixin.py:137} INFO - [2023-03-17T03:24:21.182+0000] {dag.py:3444} INFO - Setting next_dagrun for example_external_task_marker_child to None, run_after=None
[2023-03-17T03:24:21.187+0000] {logging_mixin.py:137} INFO - [2023-03-17T03:24:21.187+0000] {dag.py:3444} INFO - Setting next_dagrun for example_external_task_marker_parent to None, run_after=None
[2023-03-17T03:24:21.215+0000] {processor.py:175} INFO - Processing /home/airflow/.local/lib/python3.7/site-packages/airflow/example_dags/example_external_task_marker_dag.py took 0.121 seconds
[2023-03-17T03:24:51.410+0000] {processor.py:153} INFO - Started process (PID=6219) to work on /home/airflow/.local/lib/python3.7/site-packages/airflow/example_dags/example_external_task_marker_dag.py
[2023-03-17T03:24:51.411+0000] {processor.py:743} INFO - Processing file /home/airflow/.local/lib/python3.7/site-packages/airflow/example_dags/example_external_task_marker_dag.py for tasks to queue
[2023-03-17T03:24:51.412+0000] {logging_mixin.py:137} INFO - [2023-03-17T03:24:51.412+0000] {dagbag.py:532} INFO - Filling up the DagBag from /home/airflow/.local/lib/python3.7/site-packages/airflow/example_dags/example_external_task_marker_dag.py
[2023-03-17T03:24:51.428+0000] {processor.py:753} INFO - DAG(s) dict_keys(['example_external_task_marker_parent', 'example_external_task_marker_child']) retrieved from /home/airflow/.local/lib/python3.7/site-packages/airflow/example_dags/example_external_task_marker_dag.py
[2023-03-17T03:24:51.461+0000] {logging_mixin.py:137} INFO - [2023-03-17T03:24:51.460+0000] {dag.py:2693} INFO - Sync 2 DAGs
[2023-03-17T03:24:51.490+0000] {logging_mixin.py:137} INFO - [2023-03-17T03:24:51.490+0000] {dag.py:3444} INFO - Setting next_dagrun for example_external_task_marker_child to None, run_after=None
[2023-03-17T03:24:51.495+0000] {logging_mixin.py:137} INFO - [2023-03-17T03:24:51.495+0000] {dag.py:3444} INFO - Setting next_dagrun for example_external_task_marker_parent to None, run_after=None
[2023-03-17T03:24:51.518+0000] {processor.py:175} INFO - Processing /home/airflow/.local/lib/python3.7/site-packages/airflow/example_dags/example_external_task_marker_dag.py took 0.111 seconds
[2023-03-17T03:25:21.815+0000] {processor.py:153} INFO - Started process (PID=6436) to work on /home/airflow/.local/lib/python3.7/site-packages/airflow/example_dags/example_external_task_marker_dag.py
[2023-03-17T03:25:21.817+0000] {processor.py:743} INFO - Processing file /home/airflow/.local/lib/python3.7/site-packages/airflow/example_dags/example_external_task_marker_dag.py for tasks to queue
[2023-03-17T03:25:21.818+0000] {logging_mixin.py:137} INFO - [2023-03-17T03:25:21.817+0000] {dagbag.py:532} INFO - Filling up the DagBag from /home/airflow/.local/lib/python3.7/site-packages/airflow/example_dags/example_external_task_marker_dag.py
[2023-03-17T03:25:21.833+0000] {processor.py:753} INFO - DAG(s) dict_keys(['example_external_task_marker_parent', 'example_external_task_marker_child']) retrieved from /home/airflow/.local/lib/python3.7/site-packages/airflow/example_dags/example_external_task_marker_dag.py
[2023-03-17T03:25:21.866+0000] {logging_mixin.py:137} INFO - [2023-03-17T03:25:21.866+0000] {dag.py:2693} INFO - Sync 2 DAGs
[2023-03-17T03:25:21.897+0000] {logging_mixin.py:137} INFO - [2023-03-17T03:25:21.897+0000] {dag.py:3444} INFO - Setting next_dagrun for example_external_task_marker_child to None, run_after=None
[2023-03-17T03:25:21.901+0000] {logging_mixin.py:137} INFO - [2023-03-17T03:25:21.901+0000] {dag.py:3444} INFO - Setting next_dagrun for example_external_task_marker_parent to None, run_after=None
[2023-03-17T03:25:21.928+0000] {processor.py:175} INFO - Processing /home/airflow/.local/lib/python3.7/site-packages/airflow/example_dags/example_external_task_marker_dag.py took 0.116 seconds
[2023-03-17T03:25:52.328+0000] {processor.py:153} INFO - Started process (PID=6653) to work on /home/airflow/.local/lib/python3.7/site-packages/airflow/example_dags/example_external_task_marker_dag.py
[2023-03-17T03:25:52.330+0000] {processor.py:743} INFO - Processing file /home/airflow/.local/lib/python3.7/site-packages/airflow/example_dags/example_external_task_marker_dag.py for tasks to queue
[2023-03-17T03:25:52.331+0000] {logging_mixin.py:137} INFO - [2023-03-17T03:25:52.331+0000] {dagbag.py:532} INFO - Filling up the DagBag from /home/airflow/.local/lib/python3.7/site-packages/airflow/example_dags/example_external_task_marker_dag.py
[2023-03-17T03:25:52.348+0000] {processor.py:753} INFO - DAG(s) dict_keys(['example_external_task_marker_parent', 'example_external_task_marker_child']) retrieved from /home/airflow/.local/lib/python3.7/site-packages/airflow/example_dags/example_external_task_marker_dag.py
[2023-03-17T03:25:52.384+0000] {logging_mixin.py:137} INFO - [2023-03-17T03:25:52.384+0000] {dag.py:2693} INFO - Sync 2 DAGs
[2023-03-17T03:25:52.415+0000] {logging_mixin.py:137} INFO - [2023-03-17T03:25:52.415+0000] {dag.py:3444} INFO - Setting next_dagrun for example_external_task_marker_child to None, run_after=None
[2023-03-17T03:25:52.420+0000] {logging_mixin.py:137} INFO - [2023-03-17T03:25:52.420+0000] {dag.py:3444} INFO - Setting next_dagrun for example_external_task_marker_parent to None, run_after=None
[2023-03-17T03:25:52.445+0000] {processor.py:175} INFO - Processing /home/airflow/.local/lib/python3.7/site-packages/airflow/example_dags/example_external_task_marker_dag.py took 0.120 seconds
[2023-03-17T03:26:22.899+0000] {processor.py:153} INFO - Started process (PID=6870) to work on /home/airflow/.local/lib/python3.7/site-packages/airflow/example_dags/example_external_task_marker_dag.py
[2023-03-17T03:26:22.900+0000] {processor.py:743} INFO - Processing file /home/airflow/.local/lib/python3.7/site-packages/airflow/example_dags/example_external_task_marker_dag.py for tasks to queue
[2023-03-17T03:26:22.902+0000] {logging_mixin.py:137} INFO - [2023-03-17T03:26:22.902+0000] {dagbag.py:532} INFO - Filling up the DagBag from /home/airflow/.local/lib/python3.7/site-packages/airflow/example_dags/example_external_task_marker_dag.py
[2023-03-17T03:26:22.918+0000] {processor.py:753} INFO - DAG(s) dict_keys(['example_external_task_marker_parent', 'example_external_task_marker_child']) retrieved from /home/airflow/.local/lib/python3.7/site-packages/airflow/example_dags/example_external_task_marker_dag.py
[2023-03-17T03:26:22.950+0000] {logging_mixin.py:137} INFO - [2023-03-17T03:26:22.950+0000] {dag.py:2693} INFO - Sync 2 DAGs
[2023-03-17T03:26:22.982+0000] {logging_mixin.py:137} INFO - [2023-03-17T03:26:22.982+0000] {dag.py:3444} INFO - Setting next_dagrun for example_external_task_marker_child to None, run_after=None
[2023-03-17T03:26:22.987+0000] {logging_mixin.py:137} INFO - [2023-03-17T03:26:22.986+0000] {dag.py:3444} INFO - Setting next_dagrun for example_external_task_marker_parent to None, run_after=None
[2023-03-17T03:26:23.010+0000] {processor.py:175} INFO - Processing /home/airflow/.local/lib/python3.7/site-packages/airflow/example_dags/example_external_task_marker_dag.py took 0.115 seconds
[2023-03-17T03:26:53.177+0000] {processor.py:153} INFO - Started process (PID=7087) to work on /home/airflow/.local/lib/python3.7/site-packages/airflow/example_dags/example_external_task_marker_dag.py
[2023-03-17T03:26:53.178+0000] {processor.py:743} INFO - Processing file /home/airflow/.local/lib/python3.7/site-packages/airflow/example_dags/example_external_task_marker_dag.py for tasks to queue
[2023-03-17T03:26:53.179+0000] {logging_mixin.py:137} INFO - [2023-03-17T03:26:53.179+0000] {dagbag.py:532} INFO - Filling up the DagBag from /home/airflow/.local/lib/python3.7/site-packages/airflow/example_dags/example_external_task_marker_dag.py
[2023-03-17T03:26:53.196+0000] {processor.py:753} INFO - DAG(s) dict_keys(['example_external_task_marker_parent', 'example_external_task_marker_child']) retrieved from /home/airflow/.local/lib/python3.7/site-packages/airflow/example_dags/example_external_task_marker_dag.py
[2023-03-17T03:26:53.230+0000] {logging_mixin.py:137} INFO - [2023-03-17T03:26:53.230+0000] {dag.py:2693} INFO - Sync 2 DAGs
[2023-03-17T03:26:53.262+0000] {logging_mixin.py:137} INFO - [2023-03-17T03:26:53.262+0000] {dag.py:3444} INFO - Setting next_dagrun for example_external_task_marker_child to None, run_after=None
[2023-03-17T03:26:53.266+0000] {logging_mixin.py:137} INFO - [2023-03-17T03:26:53.266+0000] {dag.py:3444} INFO - Setting next_dagrun for example_external_task_marker_parent to None, run_after=None
[2023-03-17T03:26:53.291+0000] {processor.py:175} INFO - Processing /home/airflow/.local/lib/python3.7/site-packages/airflow/example_dags/example_external_task_marker_dag.py took 0.118 seconds
[2023-03-17T03:27:23.642+0000] {processor.py:153} INFO - Started process (PID=7304) to work on /home/airflow/.local/lib/python3.7/site-packages/airflow/example_dags/example_external_task_marker_dag.py
[2023-03-17T03:27:23.643+0000] {processor.py:743} INFO - Processing file /home/airflow/.local/lib/python3.7/site-packages/airflow/example_dags/example_external_task_marker_dag.py for tasks to queue
[2023-03-17T03:27:23.644+0000] {logging_mixin.py:137} INFO - [2023-03-17T03:27:23.644+0000] {dagbag.py:532} INFO - Filling up the DagBag from /home/airflow/.local/lib/python3.7/site-packages/airflow/example_dags/example_external_task_marker_dag.py
[2023-03-17T03:27:23.660+0000] {processor.py:753} INFO - DAG(s) dict_keys(['example_external_task_marker_parent', 'example_external_task_marker_child']) retrieved from /home/airflow/.local/lib/python3.7/site-packages/airflow/example_dags/example_external_task_marker_dag.py
[2023-03-17T03:27:23.694+0000] {logging_mixin.py:137} INFO - [2023-03-17T03:27:23.694+0000] {dag.py:2693} INFO - Sync 2 DAGs
[2023-03-17T03:27:23.727+0000] {logging_mixin.py:137} INFO - [2023-03-17T03:27:23.727+0000] {dag.py:3444} INFO - Setting next_dagrun for example_external_task_marker_child to None, run_after=None
[2023-03-17T03:27:23.732+0000] {logging_mixin.py:137} INFO - [2023-03-17T03:27:23.732+0000] {dag.py:3444} INFO - Setting next_dagrun for example_external_task_marker_parent to None, run_after=None
[2023-03-17T03:27:23.754+0000] {processor.py:175} INFO - Processing /home/airflow/.local/lib/python3.7/site-packages/airflow/example_dags/example_external_task_marker_dag.py took 0.116 seconds
[2023-03-17T03:27:53.942+0000] {processor.py:153} INFO - Started process (PID=7521) to work on /home/airflow/.local/lib/python3.7/site-packages/airflow/example_dags/example_external_task_marker_dag.py
[2023-03-17T03:27:53.943+0000] {processor.py:743} INFO - Processing file /home/airflow/.local/lib/python3.7/site-packages/airflow/example_dags/example_external_task_marker_dag.py for tasks to queue
[2023-03-17T03:27:53.944+0000] {logging_mixin.py:137} INFO - [2023-03-17T03:27:53.944+0000] {dagbag.py:532} INFO - Filling up the DagBag from /home/airflow/.local/lib/python3.7/site-packages/airflow/example_dags/example_external_task_marker_dag.py
[2023-03-17T03:27:53.962+0000] {processor.py:753} INFO - DAG(s) dict_keys(['example_external_task_marker_child', 'example_external_task_marker_parent']) retrieved from /home/airflow/.local/lib/python3.7/site-packages/airflow/example_dags/example_external_task_marker_dag.py
[2023-03-17T03:27:53.998+0000] {logging_mixin.py:137} INFO - [2023-03-17T03:27:53.997+0000] {dag.py:2693} INFO - Sync 2 DAGs
[2023-03-17T03:27:54.030+0000] {logging_mixin.py:137} INFO - [2023-03-17T03:27:54.030+0000] {dag.py:3444} INFO - Setting next_dagrun for example_external_task_marker_child to None, run_after=None
[2023-03-17T03:27:54.035+0000] {logging_mixin.py:137} INFO - [2023-03-17T03:27:54.035+0000] {dag.py:3444} INFO - Setting next_dagrun for example_external_task_marker_parent to None, run_after=None
[2023-03-17T03:27:54.059+0000] {processor.py:175} INFO - Processing /home/airflow/.local/lib/python3.7/site-packages/airflow/example_dags/example_external_task_marker_dag.py took 0.121 seconds
[2023-03-17T03:28:24.473+0000] {processor.py:153} INFO - Started process (PID=7740) to work on /home/airflow/.local/lib/python3.7/site-packages/airflow/example_dags/example_external_task_marker_dag.py
[2023-03-17T03:28:24.474+0000] {processor.py:743} INFO - Processing file /home/airflow/.local/lib/python3.7/site-packages/airflow/example_dags/example_external_task_marker_dag.py for tasks to queue
[2023-03-17T03:28:24.475+0000] {logging_mixin.py:137} INFO - [2023-03-17T03:28:24.475+0000] {dagbag.py:532} INFO - Filling up the DagBag from /home/airflow/.local/lib/python3.7/site-packages/airflow/example_dags/example_external_task_marker_dag.py
[2023-03-17T03:28:24.491+0000] {processor.py:753} INFO - DAG(s) dict_keys(['example_external_task_marker_child', 'example_external_task_marker_parent']) retrieved from /home/airflow/.local/lib/python3.7/site-packages/airflow/example_dags/example_external_task_marker_dag.py
[2023-03-17T03:28:24.527+0000] {logging_mixin.py:137} INFO - [2023-03-17T03:28:24.527+0000] {dag.py:2693} INFO - Sync 2 DAGs
[2023-03-17T03:28:24.558+0000] {logging_mixin.py:137} INFO - [2023-03-17T03:28:24.558+0000] {dag.py:3444} INFO - Setting next_dagrun for example_external_task_marker_child to None, run_after=None
[2023-03-17T03:28:24.562+0000] {logging_mixin.py:137} INFO - [2023-03-17T03:28:24.562+0000] {dag.py:3444} INFO - Setting next_dagrun for example_external_task_marker_parent to None, run_after=None
[2023-03-17T03:28:24.586+0000] {processor.py:175} INFO - Processing /home/airflow/.local/lib/python3.7/site-packages/airflow/example_dags/example_external_task_marker_dag.py took 0.116 seconds
[2023-03-17T03:28:54.756+0000] {processor.py:153} INFO - Started process (PID=7955) to work on /home/airflow/.local/lib/python3.7/site-packages/airflow/example_dags/example_external_task_marker_dag.py
[2023-03-17T03:28:54.757+0000] {processor.py:743} INFO - Processing file /home/airflow/.local/lib/python3.7/site-packages/airflow/example_dags/example_external_task_marker_dag.py for tasks to queue
[2023-03-17T03:28:54.758+0000] {logging_mixin.py:137} INFO - [2023-03-17T03:28:54.758+0000] {dagbag.py:532} INFO - Filling up the DagBag from /home/airflow/.local/lib/python3.7/site-packages/airflow/example_dags/example_external_task_marker_dag.py
[2023-03-17T03:28:54.776+0000] {processor.py:753} INFO - DAG(s) dict_keys(['example_external_task_marker_child', 'example_external_task_marker_parent']) retrieved from /home/airflow/.local/lib/python3.7/site-packages/airflow/example_dags/example_external_task_marker_dag.py
[2023-03-17T03:28:54.807+0000] {logging_mixin.py:137} INFO - [2023-03-17T03:28:54.807+0000] {dag.py:2693} INFO - Sync 2 DAGs
[2023-03-17T03:28:54.840+0000] {logging_mixin.py:137} INFO - [2023-03-17T03:28:54.840+0000] {dag.py:3444} INFO - Setting next_dagrun for example_external_task_marker_child to None, run_after=None
[2023-03-17T03:28:54.845+0000] {logging_mixin.py:137} INFO - [2023-03-17T03:28:54.845+0000] {dag.py:3444} INFO - Setting next_dagrun for example_external_task_marker_parent to None, run_after=None
[2023-03-17T03:28:54.866+0000] {processor.py:175} INFO - Processing /home/airflow/.local/lib/python3.7/site-packages/airflow/example_dags/example_external_task_marker_dag.py took 0.114 seconds
[2023-03-17T03:29:25.163+0000] {processor.py:153} INFO - Started process (PID=8173) to work on /home/airflow/.local/lib/python3.7/site-packages/airflow/example_dags/example_external_task_marker_dag.py
[2023-03-17T03:29:25.164+0000] {processor.py:743} INFO - Processing file /home/airflow/.local/lib/python3.7/site-packages/airflow/example_dags/example_external_task_marker_dag.py for tasks to queue
[2023-03-17T03:29:25.165+0000] {logging_mixin.py:137} INFO - [2023-03-17T03:29:25.165+0000] {dagbag.py:532} INFO - Filling up the DagBag from /home/airflow/.local/lib/python3.7/site-packages/airflow/example_dags/example_external_task_marker_dag.py
[2023-03-17T03:29:25.182+0000] {processor.py:753} INFO - DAG(s) dict_keys(['example_external_task_marker_child', 'example_external_task_marker_parent']) retrieved from /home/airflow/.local/lib/python3.7/site-packages/airflow/example_dags/example_external_task_marker_dag.py
[2023-03-17T03:29:25.219+0000] {logging_mixin.py:137} INFO - [2023-03-17T03:29:25.218+0000] {dag.py:2693} INFO - Sync 2 DAGs
[2023-03-17T03:29:25.252+0000] {logging_mixin.py:137} INFO - [2023-03-17T03:29:25.251+0000] {dag.py:3444} INFO - Setting next_dagrun for example_external_task_marker_child to None, run_after=None
[2023-03-17T03:29:25.256+0000] {logging_mixin.py:137} INFO - [2023-03-17T03:29:25.256+0000] {dag.py:3444} INFO - Setting next_dagrun for example_external_task_marker_parent to None, run_after=None
[2023-03-17T03:29:25.280+0000] {processor.py:175} INFO - Processing /home/airflow/.local/lib/python3.7/site-packages/airflow/example_dags/example_external_task_marker_dag.py took 0.121 seconds
[2023-03-17T03:29:55.455+0000] {processor.py:153} INFO - Started process (PID=8390) to work on /home/airflow/.local/lib/python3.7/site-packages/airflow/example_dags/example_external_task_marker_dag.py
[2023-03-17T03:29:55.456+0000] {processor.py:743} INFO - Processing file /home/airflow/.local/lib/python3.7/site-packages/airflow/example_dags/example_external_task_marker_dag.py for tasks to queue
[2023-03-17T03:29:55.457+0000] {logging_mixin.py:137} INFO - [2023-03-17T03:29:55.457+0000] {dagbag.py:532} INFO - Filling up the DagBag from /home/airflow/.local/lib/python3.7/site-packages/airflow/example_dags/example_external_task_marker_dag.py
[2023-03-17T03:29:55.475+0000] {processor.py:753} INFO - DAG(s) dict_keys(['example_external_task_marker_parent', 'example_external_task_marker_child']) retrieved from /home/airflow/.local/lib/python3.7/site-packages/airflow/example_dags/example_external_task_marker_dag.py
[2023-03-17T03:29:55.511+0000] {logging_mixin.py:137} INFO - [2023-03-17T03:29:55.511+0000] {dag.py:2693} INFO - Sync 2 DAGs
[2023-03-17T03:29:55.542+0000] {logging_mixin.py:137} INFO - [2023-03-17T03:29:55.542+0000] {dag.py:3444} INFO - Setting next_dagrun for example_external_task_marker_child to None, run_after=None
[2023-03-17T03:29:55.547+0000] {logging_mixin.py:137} INFO - [2023-03-17T03:29:55.547+0000] {dag.py:3444} INFO - Setting next_dagrun for example_external_task_marker_parent to None, run_after=None
[2023-03-17T03:29:55.570+0000] {processor.py:175} INFO - Processing /home/airflow/.local/lib/python3.7/site-packages/airflow/example_dags/example_external_task_marker_dag.py took 0.119 seconds
[2023-03-17T03:30:26.308+0000] {processor.py:153} INFO - Started process (PID=8607) to work on /home/airflow/.local/lib/python3.7/site-packages/airflow/example_dags/example_external_task_marker_dag.py
[2023-03-17T03:30:26.309+0000] {processor.py:743} INFO - Processing file /home/airflow/.local/lib/python3.7/site-packages/airflow/example_dags/example_external_task_marker_dag.py for tasks to queue
[2023-03-17T03:30:26.310+0000] {logging_mixin.py:137} INFO - [2023-03-17T03:30:26.310+0000] {dagbag.py:532} INFO - Filling up the DagBag from /home/airflow/.local/lib/python3.7/site-packages/airflow/example_dags/example_external_task_marker_dag.py
[2023-03-17T03:30:26.333+0000] {processor.py:753} INFO - DAG(s) dict_keys(['example_external_task_marker_parent', 'example_external_task_marker_child']) retrieved from /home/airflow/.local/lib/python3.7/site-packages/airflow/example_dags/example_external_task_marker_dag.py
[2023-03-17T03:30:26.371+0000] {logging_mixin.py:137} INFO - [2023-03-17T03:30:26.371+0000] {dag.py:2693} INFO - Sync 2 DAGs
[2023-03-17T03:30:26.415+0000] {logging_mixin.py:137} INFO - [2023-03-17T03:30:26.415+0000] {dag.py:3444} INFO - Setting next_dagrun for example_external_task_marker_child to None, run_after=None
[2023-03-17T03:30:26.419+0000] {logging_mixin.py:137} INFO - [2023-03-17T03:30:26.419+0000] {dag.py:3444} INFO - Setting next_dagrun for example_external_task_marker_parent to None, run_after=None
[2023-03-17T03:30:26.439+0000] {processor.py:175} INFO - Processing /home/airflow/.local/lib/python3.7/site-packages/airflow/example_dags/example_external_task_marker_dag.py took 0.136 seconds
[2023-03-17T03:30:56.597+0000] {processor.py:153} INFO - Started process (PID=8824) to work on /home/airflow/.local/lib/python3.7/site-packages/airflow/example_dags/example_external_task_marker_dag.py
[2023-03-17T03:30:56.599+0000] {processor.py:743} INFO - Processing file /home/airflow/.local/lib/python3.7/site-packages/airflow/example_dags/example_external_task_marker_dag.py for tasks to queue
[2023-03-17T03:30:56.600+0000] {logging_mixin.py:137} INFO - [2023-03-17T03:30:56.599+0000] {dagbag.py:532} INFO - Filling up the DagBag from /home/airflow/.local/lib/python3.7/site-packages/airflow/example_dags/example_external_task_marker_dag.py
[2023-03-17T03:30:56.615+0000] {processor.py:753} INFO - DAG(s) dict_keys(['example_external_task_marker_parent', 'example_external_task_marker_child']) retrieved from /home/airflow/.local/lib/python3.7/site-packages/airflow/example_dags/example_external_task_marker_dag.py
[2023-03-17T03:30:56.647+0000] {logging_mixin.py:137} INFO - [2023-03-17T03:30:56.647+0000] {dag.py:2693} INFO - Sync 2 DAGs
[2023-03-17T03:30:56.679+0000] {logging_mixin.py:137} INFO - [2023-03-17T03:30:56.679+0000] {dag.py:3444} INFO - Setting next_dagrun for example_external_task_marker_child to None, run_after=None
[2023-03-17T03:30:56.683+0000] {logging_mixin.py:137} INFO - [2023-03-17T03:30:56.683+0000] {dag.py:3444} INFO - Setting next_dagrun for example_external_task_marker_parent to None, run_after=None
[2023-03-17T03:30:56.707+0000] {processor.py:175} INFO - Processing /home/airflow/.local/lib/python3.7/site-packages/airflow/example_dags/example_external_task_marker_dag.py took 0.114 seconds
[2023-03-17T03:31:26.899+0000] {processor.py:153} INFO - Started process (PID=9041) to work on /home/airflow/.local/lib/python3.7/site-packages/airflow/example_dags/example_external_task_marker_dag.py
[2023-03-17T03:31:26.900+0000] {processor.py:743} INFO - Processing file /home/airflow/.local/lib/python3.7/site-packages/airflow/example_dags/example_external_task_marker_dag.py for tasks to queue
[2023-03-17T03:31:26.901+0000] {logging_mixin.py:137} INFO - [2023-03-17T03:31:26.901+0000] {dagbag.py:532} INFO - Filling up the DagBag from /home/airflow/.local/lib/python3.7/site-packages/airflow/example_dags/example_external_task_marker_dag.py
[2023-03-17T03:31:26.916+0000] {processor.py:753} INFO - DAG(s) dict_keys(['example_external_task_marker_parent', 'example_external_task_marker_child']) retrieved from /home/airflow/.local/lib/python3.7/site-packages/airflow/example_dags/example_external_task_marker_dag.py
[2023-03-17T03:31:26.952+0000] {logging_mixin.py:137} INFO - [2023-03-17T03:31:26.952+0000] {dag.py:2693} INFO - Sync 2 DAGs
[2023-03-17T03:31:26.983+0000] {logging_mixin.py:137} INFO - [2023-03-17T03:31:26.982+0000] {dag.py:3444} INFO - Setting next_dagrun for example_external_task_marker_child to None, run_after=None
[2023-03-17T03:31:26.987+0000] {logging_mixin.py:137} INFO - [2023-03-17T03:31:26.987+0000] {dag.py:3444} INFO - Setting next_dagrun for example_external_task_marker_parent to None, run_after=None
[2023-03-17T03:31:27.011+0000] {processor.py:175} INFO - Processing /home/airflow/.local/lib/python3.7/site-packages/airflow/example_dags/example_external_task_marker_dag.py took 0.115 seconds
[2023-03-17T03:31:57.349+0000] {processor.py:153} INFO - Started process (PID=9258) to work on /home/airflow/.local/lib/python3.7/site-packages/airflow/example_dags/example_external_task_marker_dag.py
[2023-03-17T03:31:57.350+0000] {processor.py:743} INFO - Processing file /home/airflow/.local/lib/python3.7/site-packages/airflow/example_dags/example_external_task_marker_dag.py for tasks to queue
[2023-03-17T03:31:57.351+0000] {logging_mixin.py:137} INFO - [2023-03-17T03:31:57.351+0000] {dagbag.py:532} INFO - Filling up the DagBag from /home/airflow/.local/lib/python3.7/site-packages/airflow/example_dags/example_external_task_marker_dag.py
[2023-03-17T03:31:57.368+0000] {processor.py:753} INFO - DAG(s) dict_keys(['example_external_task_marker_child', 'example_external_task_marker_parent']) retrieved from /home/airflow/.local/lib/python3.7/site-packages/airflow/example_dags/example_external_task_marker_dag.py
[2023-03-17T03:31:57.400+0000] {logging_mixin.py:137} INFO - [2023-03-17T03:31:57.400+0000] {dag.py:2693} INFO - Sync 2 DAGs
[2023-03-17T03:31:57.431+0000] {logging_mixin.py:137} INFO - [2023-03-17T03:31:57.431+0000] {dag.py:3444} INFO - Setting next_dagrun for example_external_task_marker_child to None, run_after=None
[2023-03-17T03:31:57.437+0000] {logging_mixin.py:137} INFO - [2023-03-17T03:31:57.437+0000] {dag.py:3444} INFO - Setting next_dagrun for example_external_task_marker_parent to None, run_after=None
[2023-03-17T03:31:57.460+0000] {processor.py:175} INFO - Processing /home/airflow/.local/lib/python3.7/site-packages/airflow/example_dags/example_external_task_marker_dag.py took 0.115 seconds
[2023-03-17T03:32:28.023+0000] {processor.py:153} INFO - Started process (PID=9477) to work on /home/airflow/.local/lib/python3.7/site-packages/airflow/example_dags/example_external_task_marker_dag.py
[2023-03-17T03:32:28.024+0000] {processor.py:743} INFO - Processing file /home/airflow/.local/lib/python3.7/site-packages/airflow/example_dags/example_external_task_marker_dag.py for tasks to queue
[2023-03-17T03:32:28.025+0000] {logging_mixin.py:137} INFO - [2023-03-17T03:32:28.025+0000] {dagbag.py:532} INFO - Filling up the DagBag from /home/airflow/.local/lib/python3.7/site-packages/airflow/example_dags/example_external_task_marker_dag.py
[2023-03-17T03:32:28.041+0000] {processor.py:753} INFO - DAG(s) dict_keys(['example_external_task_marker_parent', 'example_external_task_marker_child']) retrieved from /home/airflow/.local/lib/python3.7/site-packages/airflow/example_dags/example_external_task_marker_dag.py
[2023-03-17T03:32:28.075+0000] {logging_mixin.py:137} INFO - [2023-03-17T03:32:28.075+0000] {dag.py:2693} INFO - Sync 2 DAGs
[2023-03-17T03:32:28.108+0000] {logging_mixin.py:137} INFO - [2023-03-17T03:32:28.107+0000] {dag.py:3444} INFO - Setting next_dagrun for example_external_task_marker_child to None, run_after=None
[2023-03-17T03:32:28.112+0000] {logging_mixin.py:137} INFO - [2023-03-17T03:32:28.112+0000] {dag.py:3444} INFO - Setting next_dagrun for example_external_task_marker_parent to None, run_after=None
[2023-03-17T03:32:28.136+0000] {processor.py:175} INFO - Processing /home/airflow/.local/lib/python3.7/site-packages/airflow/example_dags/example_external_task_marker_dag.py took 0.117 seconds
[2023-03-17T03:32:58.830+0000] {processor.py:153} INFO - Started process (PID=9692) to work on /home/airflow/.local/lib/python3.7/site-packages/airflow/example_dags/example_external_task_marker_dag.py
[2023-03-17T03:32:58.831+0000] {processor.py:743} INFO - Processing file /home/airflow/.local/lib/python3.7/site-packages/airflow/example_dags/example_external_task_marker_dag.py for tasks to queue
[2023-03-17T03:32:58.832+0000] {logging_mixin.py:137} INFO - [2023-03-17T03:32:58.832+0000] {dagbag.py:532} INFO - Filling up the DagBag from /home/airflow/.local/lib/python3.7/site-packages/airflow/example_dags/example_external_task_marker_dag.py
[2023-03-17T03:32:58.847+0000] {processor.py:753} INFO - DAG(s) dict_keys(['example_external_task_marker_parent', 'example_external_task_marker_child']) retrieved from /home/airflow/.local/lib/python3.7/site-packages/airflow/example_dags/example_external_task_marker_dag.py
[2023-03-17T03:32:58.881+0000] {logging_mixin.py:137} INFO - [2023-03-17T03:32:58.880+0000] {dag.py:2693} INFO - Sync 2 DAGs
[2023-03-17T03:32:58.913+0000] {logging_mixin.py:137} INFO - [2023-03-17T03:32:58.913+0000] {dag.py:3444} INFO - Setting next_dagrun for example_external_task_marker_child to None, run_after=None
[2023-03-17T03:32:58.918+0000] {logging_mixin.py:137} INFO - [2023-03-17T03:32:58.918+0000] {dag.py:3444} INFO - Setting next_dagrun for example_external_task_marker_parent to None, run_after=None
[2023-03-17T03:32:58.942+0000] {processor.py:175} INFO - Processing /home/airflow/.local/lib/python3.7/site-packages/airflow/example_dags/example_external_task_marker_dag.py took 0.116 seconds
[2023-03-17T03:33:29.175+0000] {processor.py:153} INFO - Started process (PID=9905) to work on /home/airflow/.local/lib/python3.7/site-packages/airflow/example_dags/example_external_task_marker_dag.py
[2023-03-17T03:33:29.176+0000] {processor.py:743} INFO - Processing file /home/airflow/.local/lib/python3.7/site-packages/airflow/example_dags/example_external_task_marker_dag.py for tasks to queue
[2023-03-17T03:33:29.177+0000] {logging_mixin.py:137} INFO - [2023-03-17T03:33:29.177+0000] {dagbag.py:532} INFO - Filling up the DagBag from /home/airflow/.local/lib/python3.7/site-packages/airflow/example_dags/example_external_task_marker_dag.py
[2023-03-17T03:33:29.200+0000] {processor.py:753} INFO - DAG(s) dict_keys(['example_external_task_marker_child', 'example_external_task_marker_parent']) retrieved from /home/airflow/.local/lib/python3.7/site-packages/airflow/example_dags/example_external_task_marker_dag.py
[2023-03-17T03:33:29.244+0000] {logging_mixin.py:137} INFO - [2023-03-17T03:33:29.244+0000] {dag.py:2693} INFO - Sync 2 DAGs
[2023-03-17T03:33:29.284+0000] {logging_mixin.py:137} INFO - [2023-03-17T03:33:29.283+0000] {dag.py:3444} INFO - Setting next_dagrun for example_external_task_marker_child to None, run_after=None
[2023-03-17T03:33:29.289+0000] {logging_mixin.py:137} INFO - [2023-03-17T03:33:29.289+0000] {dag.py:3444} INFO - Setting next_dagrun for example_external_task_marker_parent to None, run_after=None
[2023-03-17T03:33:29.319+0000] {processor.py:175} INFO - Processing /home/airflow/.local/lib/python3.7/site-packages/airflow/example_dags/example_external_task_marker_dag.py took 0.148 seconds
[2023-03-17T03:33:59.674+0000] {processor.py:153} INFO - Started process (PID=10122) to work on /home/airflow/.local/lib/python3.7/site-packages/airflow/example_dags/example_external_task_marker_dag.py
[2023-03-17T03:33:59.675+0000] {processor.py:743} INFO - Processing file /home/airflow/.local/lib/python3.7/site-packages/airflow/example_dags/example_external_task_marker_dag.py for tasks to queue
[2023-03-17T03:33:59.677+0000] {logging_mixin.py:137} INFO - [2023-03-17T03:33:59.676+0000] {dagbag.py:532} INFO - Filling up the DagBag from /home/airflow/.local/lib/python3.7/site-packages/airflow/example_dags/example_external_task_marker_dag.py
[2023-03-17T03:33:59.692+0000] {processor.py:753} INFO - DAG(s) dict_keys(['example_external_task_marker_parent', 'example_external_task_marker_child']) retrieved from /home/airflow/.local/lib/python3.7/site-packages/airflow/example_dags/example_external_task_marker_dag.py
[2023-03-17T03:33:59.727+0000] {logging_mixin.py:137} INFO - [2023-03-17T03:33:59.727+0000] {dag.py:2693} INFO - Sync 2 DAGs
[2023-03-17T03:33:59.758+0000] {logging_mixin.py:137} INFO - [2023-03-17T03:33:59.758+0000] {dag.py:3444} INFO - Setting next_dagrun for example_external_task_marker_child to None, run_after=None
[2023-03-17T03:33:59.762+0000] {logging_mixin.py:137} INFO - [2023-03-17T03:33:59.762+0000] {dag.py:3444} INFO - Setting next_dagrun for example_external_task_marker_parent to None, run_after=None
[2023-03-17T03:33:59.786+0000] {processor.py:175} INFO - Processing /home/airflow/.local/lib/python3.7/site-packages/airflow/example_dags/example_external_task_marker_dag.py took 0.116 seconds
[2023-03-17T03:34:30.483+0000] {processor.py:153} INFO - Started process (PID=10345) to work on /home/airflow/.local/lib/python3.7/site-packages/airflow/example_dags/example_external_task_marker_dag.py
[2023-03-17T03:34:30.484+0000] {processor.py:743} INFO - Processing file /home/airflow/.local/lib/python3.7/site-packages/airflow/example_dags/example_external_task_marker_dag.py for tasks to queue
[2023-03-17T03:34:30.485+0000] {logging_mixin.py:137} INFO - [2023-03-17T03:34:30.485+0000] {dagbag.py:532} INFO - Filling up the DagBag from /home/airflow/.local/lib/python3.7/site-packages/airflow/example_dags/example_external_task_marker_dag.py
[2023-03-17T03:34:30.501+0000] {processor.py:753} INFO - DAG(s) dict_keys(['example_external_task_marker_child', 'example_external_task_marker_parent']) retrieved from /home/airflow/.local/lib/python3.7/site-packages/airflow/example_dags/example_external_task_marker_dag.py
[2023-03-17T03:34:30.536+0000] {logging_mixin.py:137} INFO - [2023-03-17T03:34:30.536+0000] {dag.py:2693} INFO - Sync 2 DAGs
[2023-03-17T03:34:30.568+0000] {logging_mixin.py:137} INFO - [2023-03-17T03:34:30.568+0000] {dag.py:3444} INFO - Setting next_dagrun for example_external_task_marker_child to None, run_after=None
[2023-03-17T03:34:30.573+0000] {logging_mixin.py:137} INFO - [2023-03-17T03:34:30.573+0000] {dag.py:3444} INFO - Setting next_dagrun for example_external_task_marker_parent to None, run_after=None
[2023-03-17T03:34:30.599+0000] {processor.py:175} INFO - Processing /home/airflow/.local/lib/python3.7/site-packages/airflow/example_dags/example_external_task_marker_dag.py took 0.121 seconds
