[2023-03-17T03:11:03.824+0000] {processor.py:153} INFO - Started process (PID=342) to work on /home/airflow/.local/lib/python3.7/site-packages/airflow/example_dags/example_latest_only_with_trigger.py
[2023-03-17T03:11:03.826+0000] {processor.py:743} INFO - Processing file /home/airflow/.local/lib/python3.7/site-packages/airflow/example_dags/example_latest_only_with_trigger.py for tasks to queue
[2023-03-17T03:11:03.827+0000] {logging_mixin.py:137} INFO - [2023-03-17T03:11:03.827+0000] {dagbag.py:532} INFO - Filling up the DagBag from /home/airflow/.local/lib/python3.7/site-packages/airflow/example_dags/example_latest_only_with_trigger.py
[2023-03-17T03:11:03.858+0000] {processor.py:753} INFO - DAG(s) dict_keys(['latest_only_with_trigger']) retrieved from /home/airflow/.local/lib/python3.7/site-packages/airflow/example_dags/example_latest_only_with_trigger.py
[2023-03-17T03:11:03.908+0000] {logging_mixin.py:137} INFO - [2023-03-17T03:11:03.908+0000] {dag.py:2693} INFO - Sync 1 DAGs
[2023-03-17T03:11:03.992+0000] {logging_mixin.py:137} INFO - [2023-03-17T03:11:03.992+0000] {dag.py:3444} INFO - Setting next_dagrun for latest_only_with_trigger to 2023-03-16T23:11:03.986742+00:00, run_after=2023-03-17T03:11:03.986742+00:00
[2023-03-17T03:11:04.064+0000] {processor.py:175} INFO - Processing /home/airflow/.local/lib/python3.7/site-packages/airflow/example_dags/example_latest_only_with_trigger.py took 0.245 seconds
[2023-03-17T03:11:36.400+0000] {processor.py:153} INFO - Started process (PID=559) to work on /home/airflow/.local/lib/python3.7/site-packages/airflow/example_dags/example_latest_only_with_trigger.py
[2023-03-17T03:11:36.404+0000] {processor.py:743} INFO - Processing file /home/airflow/.local/lib/python3.7/site-packages/airflow/example_dags/example_latest_only_with_trigger.py for tasks to queue
[2023-03-17T03:11:36.405+0000] {logging_mixin.py:137} INFO - [2023-03-17T03:11:36.405+0000] {dagbag.py:532} INFO - Filling up the DagBag from /home/airflow/.local/lib/python3.7/site-packages/airflow/example_dags/example_latest_only_with_trigger.py
[2023-03-17T03:11:36.425+0000] {processor.py:753} INFO - DAG(s) dict_keys(['latest_only_with_trigger']) retrieved from /home/airflow/.local/lib/python3.7/site-packages/airflow/example_dags/example_latest_only_with_trigger.py
[2023-03-17T03:11:36.464+0000] {logging_mixin.py:137} INFO - [2023-03-17T03:11:36.464+0000] {dag.py:2693} INFO - Sync 1 DAGs
[2023-03-17T03:11:36.534+0000] {logging_mixin.py:137} INFO - [2023-03-17T03:11:36.534+0000] {dag.py:3444} INFO - Setting next_dagrun for latest_only_with_trigger to 2023-03-16T23:11:36.533483+00:00, run_after=2023-03-17T03:11:36.533483+00:00
[2023-03-17T03:11:36.568+0000] {processor.py:175} INFO - Processing /home/airflow/.local/lib/python3.7/site-packages/airflow/example_dags/example_latest_only_with_trigger.py took 0.172 seconds
[2023-03-17T03:12:07.850+0000] {processor.py:153} INFO - Started process (PID=776) to work on /home/airflow/.local/lib/python3.7/site-packages/airflow/example_dags/example_latest_only_with_trigger.py
[2023-03-17T03:12:07.852+0000] {processor.py:743} INFO - Processing file /home/airflow/.local/lib/python3.7/site-packages/airflow/example_dags/example_latest_only_with_trigger.py for tasks to queue
[2023-03-17T03:12:07.856+0000] {logging_mixin.py:137} INFO - [2023-03-17T03:12:07.856+0000] {dagbag.py:532} INFO - Filling up the DagBag from /home/airflow/.local/lib/python3.7/site-packages/airflow/example_dags/example_latest_only_with_trigger.py
[2023-03-17T03:12:07.914+0000] {processor.py:753} INFO - DAG(s) dict_keys(['latest_only_with_trigger']) retrieved from /home/airflow/.local/lib/python3.7/site-packages/airflow/example_dags/example_latest_only_with_trigger.py
[2023-03-17T03:12:07.986+0000] {logging_mixin.py:137} INFO - [2023-03-17T03:12:07.986+0000] {dag.py:2693} INFO - Sync 1 DAGs
[2023-03-17T03:12:08.051+0000] {logging_mixin.py:137} INFO - [2023-03-17T03:12:08.050+0000] {dag.py:3444} INFO - Setting next_dagrun for latest_only_with_trigger to 2023-03-16T23:12:08.050394+00:00, run_after=2023-03-17T03:12:08.050394+00:00
[2023-03-17T03:12:08.095+0000] {processor.py:175} INFO - Processing /home/airflow/.local/lib/python3.7/site-packages/airflow/example_dags/example_latest_only_with_trigger.py took 0.259 seconds
[2023-03-17T03:12:38.886+0000] {processor.py:153} INFO - Started process (PID=993) to work on /home/airflow/.local/lib/python3.7/site-packages/airflow/example_dags/example_latest_only_with_trigger.py
[2023-03-17T03:12:38.887+0000] {processor.py:743} INFO - Processing file /home/airflow/.local/lib/python3.7/site-packages/airflow/example_dags/example_latest_only_with_trigger.py for tasks to queue
[2023-03-17T03:12:38.888+0000] {logging_mixin.py:137} INFO - [2023-03-17T03:12:38.888+0000] {dagbag.py:532} INFO - Filling up the DagBag from /home/airflow/.local/lib/python3.7/site-packages/airflow/example_dags/example_latest_only_with_trigger.py
[2023-03-17T03:12:38.904+0000] {processor.py:753} INFO - DAG(s) dict_keys(['latest_only_with_trigger']) retrieved from /home/airflow/.local/lib/python3.7/site-packages/airflow/example_dags/example_latest_only_with_trigger.py
[2023-03-17T03:12:38.935+0000] {logging_mixin.py:137} INFO - [2023-03-17T03:12:38.935+0000] {dag.py:2693} INFO - Sync 1 DAGs
[2023-03-17T03:12:38.965+0000] {logging_mixin.py:137} INFO - [2023-03-17T03:12:38.965+0000] {dag.py:3444} INFO - Setting next_dagrun for latest_only_with_trigger to 2023-03-16T23:12:38.964965+00:00, run_after=2023-03-17T03:12:38.964965+00:00
[2023-03-17T03:12:38.993+0000] {processor.py:175} INFO - Processing /home/airflow/.local/lib/python3.7/site-packages/airflow/example_dags/example_latest_only_with_trigger.py took 0.110 seconds
[2023-03-17T03:13:09.700+0000] {processor.py:153} INFO - Started process (PID=1210) to work on /home/airflow/.local/lib/python3.7/site-packages/airflow/example_dags/example_latest_only_with_trigger.py
[2023-03-17T03:13:09.702+0000] {processor.py:743} INFO - Processing file /home/airflow/.local/lib/python3.7/site-packages/airflow/example_dags/example_latest_only_with_trigger.py for tasks to queue
[2023-03-17T03:13:09.704+0000] {logging_mixin.py:137} INFO - [2023-03-17T03:13:09.703+0000] {dagbag.py:532} INFO - Filling up the DagBag from /home/airflow/.local/lib/python3.7/site-packages/airflow/example_dags/example_latest_only_with_trigger.py
[2023-03-17T03:13:09.723+0000] {processor.py:753} INFO - DAG(s) dict_keys(['latest_only_with_trigger']) retrieved from /home/airflow/.local/lib/python3.7/site-packages/airflow/example_dags/example_latest_only_with_trigger.py
[2023-03-17T03:13:09.761+0000] {logging_mixin.py:137} INFO - [2023-03-17T03:13:09.760+0000] {dag.py:2693} INFO - Sync 1 DAGs
[2023-03-17T03:13:09.802+0000] {logging_mixin.py:137} INFO - [2023-03-17T03:13:09.802+0000] {dag.py:3444} INFO - Setting next_dagrun for latest_only_with_trigger to 2023-03-16T23:13:09.802082+00:00, run_after=2023-03-17T03:13:09.802082+00:00
[2023-03-17T03:13:09.828+0000] {processor.py:175} INFO - Processing /home/airflow/.local/lib/python3.7/site-packages/airflow/example_dags/example_latest_only_with_trigger.py took 0.133 seconds
[2023-03-17T03:13:40.268+0000] {processor.py:153} INFO - Started process (PID=1427) to work on /home/airflow/.local/lib/python3.7/site-packages/airflow/example_dags/example_latest_only_with_trigger.py
[2023-03-17T03:13:40.269+0000] {processor.py:743} INFO - Processing file /home/airflow/.local/lib/python3.7/site-packages/airflow/example_dags/example_latest_only_with_trigger.py for tasks to queue
[2023-03-17T03:13:40.270+0000] {logging_mixin.py:137} INFO - [2023-03-17T03:13:40.270+0000] {dagbag.py:532} INFO - Filling up the DagBag from /home/airflow/.local/lib/python3.7/site-packages/airflow/example_dags/example_latest_only_with_trigger.py
[2023-03-17T03:13:40.285+0000] {processor.py:753} INFO - DAG(s) dict_keys(['latest_only_with_trigger']) retrieved from /home/airflow/.local/lib/python3.7/site-packages/airflow/example_dags/example_latest_only_with_trigger.py
[2023-03-17T03:13:40.317+0000] {logging_mixin.py:137} INFO - [2023-03-17T03:13:40.317+0000] {dag.py:2693} INFO - Sync 1 DAGs
[2023-03-17T03:13:40.347+0000] {logging_mixin.py:137} INFO - [2023-03-17T03:13:40.347+0000] {dag.py:3444} INFO - Setting next_dagrun for latest_only_with_trigger to 2023-03-16T23:13:40.347402+00:00, run_after=2023-03-17T03:13:40.347402+00:00
[2023-03-17T03:13:40.378+0000] {processor.py:175} INFO - Processing /home/airflow/.local/lib/python3.7/site-packages/airflow/example_dags/example_latest_only_with_trigger.py took 0.114 seconds
[2023-03-17T03:14:10.635+0000] {processor.py:153} INFO - Started process (PID=1644) to work on /home/airflow/.local/lib/python3.7/site-packages/airflow/example_dags/example_latest_only_with_trigger.py
[2023-03-17T03:14:10.637+0000] {processor.py:743} INFO - Processing file /home/airflow/.local/lib/python3.7/site-packages/airflow/example_dags/example_latest_only_with_trigger.py for tasks to queue
[2023-03-17T03:14:10.638+0000] {logging_mixin.py:137} INFO - [2023-03-17T03:14:10.637+0000] {dagbag.py:532} INFO - Filling up the DagBag from /home/airflow/.local/lib/python3.7/site-packages/airflow/example_dags/example_latest_only_with_trigger.py
[2023-03-17T03:14:10.654+0000] {processor.py:753} INFO - DAG(s) dict_keys(['latest_only_with_trigger']) retrieved from /home/airflow/.local/lib/python3.7/site-packages/airflow/example_dags/example_latest_only_with_trigger.py
[2023-03-17T03:14:10.684+0000] {logging_mixin.py:137} INFO - [2023-03-17T03:14:10.684+0000] {dag.py:2693} INFO - Sync 1 DAGs
[2023-03-17T03:14:10.715+0000] {logging_mixin.py:137} INFO - [2023-03-17T03:14:10.714+0000] {dag.py:3444} INFO - Setting next_dagrun for latest_only_with_trigger to 2023-03-16T23:14:10.714556+00:00, run_after=2023-03-17T03:14:10.714556+00:00
[2023-03-17T03:14:10.742+0000] {processor.py:175} INFO - Processing /home/airflow/.local/lib/python3.7/site-packages/airflow/example_dags/example_latest_only_with_trigger.py took 0.109 seconds
[2023-03-17T03:14:40.988+0000] {processor.py:153} INFO - Started process (PID=1861) to work on /home/airflow/.local/lib/python3.7/site-packages/airflow/example_dags/example_latest_only_with_trigger.py
[2023-03-17T03:14:40.989+0000] {processor.py:743} INFO - Processing file /home/airflow/.local/lib/python3.7/site-packages/airflow/example_dags/example_latest_only_with_trigger.py for tasks to queue
[2023-03-17T03:14:40.991+0000] {logging_mixin.py:137} INFO - [2023-03-17T03:14:40.991+0000] {dagbag.py:532} INFO - Filling up the DagBag from /home/airflow/.local/lib/python3.7/site-packages/airflow/example_dags/example_latest_only_with_trigger.py
[2023-03-17T03:14:41.021+0000] {processor.py:753} INFO - DAG(s) dict_keys(['latest_only_with_trigger']) retrieved from /home/airflow/.local/lib/python3.7/site-packages/airflow/example_dags/example_latest_only_with_trigger.py
[2023-03-17T03:14:41.063+0000] {logging_mixin.py:137} INFO - [2023-03-17T03:14:41.063+0000] {dag.py:2693} INFO - Sync 1 DAGs
[2023-03-17T03:14:41.110+0000] {logging_mixin.py:137} INFO - [2023-03-17T03:14:41.110+0000] {dag.py:3444} INFO - Setting next_dagrun for latest_only_with_trigger to 2023-03-16T23:14:41.109879+00:00, run_after=2023-03-17T03:14:41.109879+00:00
[2023-03-17T03:14:41.141+0000] {processor.py:175} INFO - Processing /home/airflow/.local/lib/python3.7/site-packages/airflow/example_dags/example_latest_only_with_trigger.py took 0.159 seconds
[2023-03-17T03:15:11.746+0000] {processor.py:153} INFO - Started process (PID=2078) to work on /home/airflow/.local/lib/python3.7/site-packages/airflow/example_dags/example_latest_only_with_trigger.py
[2023-03-17T03:15:11.748+0000] {processor.py:743} INFO - Processing file /home/airflow/.local/lib/python3.7/site-packages/airflow/example_dags/example_latest_only_with_trigger.py for tasks to queue
[2023-03-17T03:15:11.749+0000] {logging_mixin.py:137} INFO - [2023-03-17T03:15:11.748+0000] {dagbag.py:532} INFO - Filling up the DagBag from /home/airflow/.local/lib/python3.7/site-packages/airflow/example_dags/example_latest_only_with_trigger.py
[2023-03-17T03:15:11.769+0000] {processor.py:753} INFO - DAG(s) dict_keys(['latest_only_with_trigger']) retrieved from /home/airflow/.local/lib/python3.7/site-packages/airflow/example_dags/example_latest_only_with_trigger.py
[2023-03-17T03:15:11.801+0000] {logging_mixin.py:137} INFO - [2023-03-17T03:15:11.801+0000] {dag.py:2693} INFO - Sync 1 DAGs
[2023-03-17T03:15:11.832+0000] {logging_mixin.py:137} INFO - [2023-03-17T03:15:11.832+0000] {dag.py:3444} INFO - Setting next_dagrun for latest_only_with_trigger to 2023-03-16T23:15:11.831841+00:00, run_after=2023-03-17T03:15:11.831841+00:00
[2023-03-17T03:15:11.857+0000] {processor.py:175} INFO - Processing /home/airflow/.local/lib/python3.7/site-packages/airflow/example_dags/example_latest_only_with_trigger.py took 0.114 seconds
[2023-03-17T03:15:42.106+0000] {processor.py:153} INFO - Started process (PID=2295) to work on /home/airflow/.local/lib/python3.7/site-packages/airflow/example_dags/example_latest_only_with_trigger.py
[2023-03-17T03:15:42.107+0000] {processor.py:743} INFO - Processing file /home/airflow/.local/lib/python3.7/site-packages/airflow/example_dags/example_latest_only_with_trigger.py for tasks to queue
[2023-03-17T03:15:42.109+0000] {logging_mixin.py:137} INFO - [2023-03-17T03:15:42.108+0000] {dagbag.py:532} INFO - Filling up the DagBag from /home/airflow/.local/lib/python3.7/site-packages/airflow/example_dags/example_latest_only_with_trigger.py
[2023-03-17T03:15:42.126+0000] {processor.py:753} INFO - DAG(s) dict_keys(['latest_only_with_trigger']) retrieved from /home/airflow/.local/lib/python3.7/site-packages/airflow/example_dags/example_latest_only_with_trigger.py
[2023-03-17T03:15:42.157+0000] {logging_mixin.py:137} INFO - [2023-03-17T03:15:42.157+0000] {dag.py:2693} INFO - Sync 1 DAGs
[2023-03-17T03:15:42.188+0000] {logging_mixin.py:137} INFO - [2023-03-17T03:15:42.187+0000] {dag.py:3444} INFO - Setting next_dagrun for latest_only_with_trigger to 2023-03-16T23:15:42.187739+00:00, run_after=2023-03-17T03:15:42.187739+00:00
[2023-03-17T03:15:42.213+0000] {processor.py:175} INFO - Processing /home/airflow/.local/lib/python3.7/site-packages/airflow/example_dags/example_latest_only_with_trigger.py took 0.112 seconds
[2023-03-17T03:16:12.885+0000] {processor.py:153} INFO - Started process (PID=2513) to work on /home/airflow/.local/lib/python3.7/site-packages/airflow/example_dags/example_latest_only_with_trigger.py
[2023-03-17T03:16:12.886+0000] {processor.py:743} INFO - Processing file /home/airflow/.local/lib/python3.7/site-packages/airflow/example_dags/example_latest_only_with_trigger.py for tasks to queue
[2023-03-17T03:16:12.887+0000] {logging_mixin.py:137} INFO - [2023-03-17T03:16:12.887+0000] {dagbag.py:532} INFO - Filling up the DagBag from /home/airflow/.local/lib/python3.7/site-packages/airflow/example_dags/example_latest_only_with_trigger.py
[2023-03-17T03:16:12.902+0000] {processor.py:753} INFO - DAG(s) dict_keys(['latest_only_with_trigger']) retrieved from /home/airflow/.local/lib/python3.7/site-packages/airflow/example_dags/example_latest_only_with_trigger.py
[2023-03-17T03:16:12.933+0000] {logging_mixin.py:137} INFO - [2023-03-17T03:16:12.933+0000] {dag.py:2693} INFO - Sync 1 DAGs
[2023-03-17T03:16:12.963+0000] {logging_mixin.py:137} INFO - [2023-03-17T03:16:12.963+0000] {dag.py:3444} INFO - Setting next_dagrun for latest_only_with_trigger to 2023-03-16T23:16:12.962901+00:00, run_after=2023-03-17T03:16:12.962901+00:00
[2023-03-17T03:16:12.990+0000] {processor.py:175} INFO - Processing /home/airflow/.local/lib/python3.7/site-packages/airflow/example_dags/example_latest_only_with_trigger.py took 0.109 seconds
[2023-03-17T03:16:43.370+0000] {processor.py:153} INFO - Started process (PID=2730) to work on /home/airflow/.local/lib/python3.7/site-packages/airflow/example_dags/example_latest_only_with_trigger.py
[2023-03-17T03:16:43.371+0000] {processor.py:743} INFO - Processing file /home/airflow/.local/lib/python3.7/site-packages/airflow/example_dags/example_latest_only_with_trigger.py for tasks to queue
[2023-03-17T03:16:43.372+0000] {logging_mixin.py:137} INFO - [2023-03-17T03:16:43.372+0000] {dagbag.py:532} INFO - Filling up the DagBag from /home/airflow/.local/lib/python3.7/site-packages/airflow/example_dags/example_latest_only_with_trigger.py
[2023-03-17T03:16:43.388+0000] {processor.py:753} INFO - DAG(s) dict_keys(['latest_only_with_trigger']) retrieved from /home/airflow/.local/lib/python3.7/site-packages/airflow/example_dags/example_latest_only_with_trigger.py
[2023-03-17T03:16:43.419+0000] {logging_mixin.py:137} INFO - [2023-03-17T03:16:43.418+0000] {dag.py:2693} INFO - Sync 1 DAGs
[2023-03-17T03:16:43.450+0000] {logging_mixin.py:137} INFO - [2023-03-17T03:16:43.450+0000] {dag.py:3444} INFO - Setting next_dagrun for latest_only_with_trigger to 2023-03-16T23:16:43.449578+00:00, run_after=2023-03-17T03:16:43.449578+00:00
[2023-03-17T03:16:43.475+0000] {processor.py:175} INFO - Processing /home/airflow/.local/lib/python3.7/site-packages/airflow/example_dags/example_latest_only_with_trigger.py took 0.109 seconds
[2023-03-17T03:17:13.776+0000] {processor.py:153} INFO - Started process (PID=2947) to work on /home/airflow/.local/lib/python3.7/site-packages/airflow/example_dags/example_latest_only_with_trigger.py
[2023-03-17T03:17:13.778+0000] {processor.py:743} INFO - Processing file /home/airflow/.local/lib/python3.7/site-packages/airflow/example_dags/example_latest_only_with_trigger.py for tasks to queue
[2023-03-17T03:17:13.779+0000] {logging_mixin.py:137} INFO - [2023-03-17T03:17:13.779+0000] {dagbag.py:532} INFO - Filling up the DagBag from /home/airflow/.local/lib/python3.7/site-packages/airflow/example_dags/example_latest_only_with_trigger.py
[2023-03-17T03:17:13.794+0000] {processor.py:753} INFO - DAG(s) dict_keys(['latest_only_with_trigger']) retrieved from /home/airflow/.local/lib/python3.7/site-packages/airflow/example_dags/example_latest_only_with_trigger.py
[2023-03-17T03:17:13.825+0000] {logging_mixin.py:137} INFO - [2023-03-17T03:17:13.825+0000] {dag.py:2693} INFO - Sync 1 DAGs
[2023-03-17T03:17:13.856+0000] {logging_mixin.py:137} INFO - [2023-03-17T03:17:13.856+0000] {dag.py:3444} INFO - Setting next_dagrun for latest_only_with_trigger to 2023-03-16T23:17:13.855675+00:00, run_after=2023-03-17T03:17:13.855675+00:00
[2023-03-17T03:17:13.880+0000] {processor.py:175} INFO - Processing /home/airflow/.local/lib/python3.7/site-packages/airflow/example_dags/example_latest_only_with_trigger.py took 0.107 seconds
[2023-03-17T03:17:44.336+0000] {processor.py:153} INFO - Started process (PID=3164) to work on /home/airflow/.local/lib/python3.7/site-packages/airflow/example_dags/example_latest_only_with_trigger.py
[2023-03-17T03:17:44.338+0000] {processor.py:743} INFO - Processing file /home/airflow/.local/lib/python3.7/site-packages/airflow/example_dags/example_latest_only_with_trigger.py for tasks to queue
[2023-03-17T03:17:44.339+0000] {logging_mixin.py:137} INFO - [2023-03-17T03:17:44.339+0000] {dagbag.py:532} INFO - Filling up the DagBag from /home/airflow/.local/lib/python3.7/site-packages/airflow/example_dags/example_latest_only_with_trigger.py
[2023-03-17T03:17:44.355+0000] {processor.py:753} INFO - DAG(s) dict_keys(['latest_only_with_trigger']) retrieved from /home/airflow/.local/lib/python3.7/site-packages/airflow/example_dags/example_latest_only_with_trigger.py
[2023-03-17T03:17:44.386+0000] {logging_mixin.py:137} INFO - [2023-03-17T03:17:44.386+0000] {dag.py:2693} INFO - Sync 1 DAGs
[2023-03-17T03:17:44.416+0000] {logging_mixin.py:137} INFO - [2023-03-17T03:17:44.416+0000] {dag.py:3444} INFO - Setting next_dagrun for latest_only_with_trigger to 2023-03-16T23:17:44.416512+00:00, run_after=2023-03-17T03:17:44.416512+00:00
[2023-03-17T03:17:44.444+0000] {processor.py:175} INFO - Processing /home/airflow/.local/lib/python3.7/site-packages/airflow/example_dags/example_latest_only_with_trigger.py took 0.111 seconds
[2023-03-17T03:18:14.750+0000] {processor.py:153} INFO - Started process (PID=3381) to work on /home/airflow/.local/lib/python3.7/site-packages/airflow/example_dags/example_latest_only_with_trigger.py
[2023-03-17T03:18:14.751+0000] {processor.py:743} INFO - Processing file /home/airflow/.local/lib/python3.7/site-packages/airflow/example_dags/example_latest_only_with_trigger.py for tasks to queue
[2023-03-17T03:18:14.752+0000] {logging_mixin.py:137} INFO - [2023-03-17T03:18:14.752+0000] {dagbag.py:532} INFO - Filling up the DagBag from /home/airflow/.local/lib/python3.7/site-packages/airflow/example_dags/example_latest_only_with_trigger.py
[2023-03-17T03:18:14.768+0000] {processor.py:753} INFO - DAG(s) dict_keys(['latest_only_with_trigger']) retrieved from /home/airflow/.local/lib/python3.7/site-packages/airflow/example_dags/example_latest_only_with_trigger.py
[2023-03-17T03:18:14.799+0000] {logging_mixin.py:137} INFO - [2023-03-17T03:18:14.798+0000] {dag.py:2693} INFO - Sync 1 DAGs
[2023-03-17T03:18:14.832+0000] {logging_mixin.py:137} INFO - [2023-03-17T03:18:14.832+0000] {dag.py:3444} INFO - Setting next_dagrun for latest_only_with_trigger to 2023-03-16T23:18:14.832488+00:00, run_after=2023-03-17T03:18:14.832488+00:00
[2023-03-17T03:18:14.856+0000] {processor.py:175} INFO - Processing /home/airflow/.local/lib/python3.7/site-packages/airflow/example_dags/example_latest_only_with_trigger.py took 0.110 seconds
[2023-03-17T03:18:45.322+0000] {processor.py:153} INFO - Started process (PID=3598) to work on /home/airflow/.local/lib/python3.7/site-packages/airflow/example_dags/example_latest_only_with_trigger.py
[2023-03-17T03:18:45.324+0000] {processor.py:743} INFO - Processing file /home/airflow/.local/lib/python3.7/site-packages/airflow/example_dags/example_latest_only_with_trigger.py for tasks to queue
[2023-03-17T03:18:45.325+0000] {logging_mixin.py:137} INFO - [2023-03-17T03:18:45.325+0000] {dagbag.py:532} INFO - Filling up the DagBag from /home/airflow/.local/lib/python3.7/site-packages/airflow/example_dags/example_latest_only_with_trigger.py
[2023-03-17T03:18:45.341+0000] {processor.py:753} INFO - DAG(s) dict_keys(['latest_only_with_trigger']) retrieved from /home/airflow/.local/lib/python3.7/site-packages/airflow/example_dags/example_latest_only_with_trigger.py
[2023-03-17T03:18:45.376+0000] {logging_mixin.py:137} INFO - [2023-03-17T03:18:45.375+0000] {dag.py:2693} INFO - Sync 1 DAGs
[2023-03-17T03:18:45.409+0000] {logging_mixin.py:137} INFO - [2023-03-17T03:18:45.408+0000] {dag.py:3444} INFO - Setting next_dagrun for latest_only_with_trigger to 2023-03-16T23:18:45.408697+00:00, run_after=2023-03-17T03:18:45.408697+00:00
[2023-03-17T03:18:45.436+0000] {processor.py:175} INFO - Processing /home/airflow/.local/lib/python3.7/site-packages/airflow/example_dags/example_latest_only_with_trigger.py took 0.118 seconds
[2023-03-17T03:19:15.953+0000] {processor.py:153} INFO - Started process (PID=3816) to work on /home/airflow/.local/lib/python3.7/site-packages/airflow/example_dags/example_latest_only_with_trigger.py
[2023-03-17T03:19:15.954+0000] {processor.py:743} INFO - Processing file /home/airflow/.local/lib/python3.7/site-packages/airflow/example_dags/example_latest_only_with_trigger.py for tasks to queue
[2023-03-17T03:19:15.955+0000] {logging_mixin.py:137} INFO - [2023-03-17T03:19:15.955+0000] {dagbag.py:532} INFO - Filling up the DagBag from /home/airflow/.local/lib/python3.7/site-packages/airflow/example_dags/example_latest_only_with_trigger.py
[2023-03-17T03:19:15.973+0000] {processor.py:753} INFO - DAG(s) dict_keys(['latest_only_with_trigger']) retrieved from /home/airflow/.local/lib/python3.7/site-packages/airflow/example_dags/example_latest_only_with_trigger.py
[2023-03-17T03:19:16.012+0000] {logging_mixin.py:137} INFO - [2023-03-17T03:19:16.012+0000] {dag.py:2693} INFO - Sync 1 DAGs
[2023-03-17T03:19:16.058+0000] {logging_mixin.py:137} INFO - [2023-03-17T03:19:16.057+0000] {dag.py:3444} INFO - Setting next_dagrun for latest_only_with_trigger to 2023-03-16T23:19:16.057256+00:00, run_after=2023-03-17T03:19:16.057256+00:00
[2023-03-17T03:19:16.086+0000] {processor.py:175} INFO - Processing /home/airflow/.local/lib/python3.7/site-packages/airflow/example_dags/example_latest_only_with_trigger.py took 0.139 seconds
[2023-03-17T03:19:46.480+0000] {processor.py:153} INFO - Started process (PID=4033) to work on /home/airflow/.local/lib/python3.7/site-packages/airflow/example_dags/example_latest_only_with_trigger.py
[2023-03-17T03:19:46.481+0000] {processor.py:743} INFO - Processing file /home/airflow/.local/lib/python3.7/site-packages/airflow/example_dags/example_latest_only_with_trigger.py for tasks to queue
[2023-03-17T03:19:46.483+0000] {logging_mixin.py:137} INFO - [2023-03-17T03:19:46.483+0000] {dagbag.py:532} INFO - Filling up the DagBag from /home/airflow/.local/lib/python3.7/site-packages/airflow/example_dags/example_latest_only_with_trigger.py
[2023-03-17T03:19:46.498+0000] {processor.py:753} INFO - DAG(s) dict_keys(['latest_only_with_trigger']) retrieved from /home/airflow/.local/lib/python3.7/site-packages/airflow/example_dags/example_latest_only_with_trigger.py
[2023-03-17T03:19:46.529+0000] {logging_mixin.py:137} INFO - [2023-03-17T03:19:46.529+0000] {dag.py:2693} INFO - Sync 1 DAGs
[2023-03-17T03:19:46.561+0000] {logging_mixin.py:137} INFO - [2023-03-17T03:19:46.561+0000] {dag.py:3444} INFO - Setting next_dagrun for latest_only_with_trigger to 2023-03-16T23:19:46.560896+00:00, run_after=2023-03-17T03:19:46.560896+00:00
[2023-03-17T03:19:46.587+0000] {processor.py:175} INFO - Processing /home/airflow/.local/lib/python3.7/site-packages/airflow/example_dags/example_latest_only_with_trigger.py took 0.110 seconds
[2023-03-17T03:20:16.818+0000] {processor.py:153} INFO - Started process (PID=4250) to work on /home/airflow/.local/lib/python3.7/site-packages/airflow/example_dags/example_latest_only_with_trigger.py
[2023-03-17T03:20:16.819+0000] {processor.py:743} INFO - Processing file /home/airflow/.local/lib/python3.7/site-packages/airflow/example_dags/example_latest_only_with_trigger.py for tasks to queue
[2023-03-17T03:20:16.821+0000] {logging_mixin.py:137} INFO - [2023-03-17T03:20:16.820+0000] {dagbag.py:532} INFO - Filling up the DagBag from /home/airflow/.local/lib/python3.7/site-packages/airflow/example_dags/example_latest_only_with_trigger.py
[2023-03-17T03:20:16.836+0000] {processor.py:753} INFO - DAG(s) dict_keys(['latest_only_with_trigger']) retrieved from /home/airflow/.local/lib/python3.7/site-packages/airflow/example_dags/example_latest_only_with_trigger.py
[2023-03-17T03:20:16.867+0000] {logging_mixin.py:137} INFO - [2023-03-17T03:20:16.867+0000] {dag.py:2693} INFO - Sync 1 DAGs
[2023-03-17T03:20:16.898+0000] {logging_mixin.py:137} INFO - [2023-03-17T03:20:16.898+0000] {dag.py:3444} INFO - Setting next_dagrun for latest_only_with_trigger to 2023-03-16T23:20:16.898001+00:00, run_after=2023-03-17T03:20:16.898001+00:00
[2023-03-17T03:20:16.926+0000] {processor.py:175} INFO - Processing /home/airflow/.local/lib/python3.7/site-packages/airflow/example_dags/example_latest_only_with_trigger.py took 0.111 seconds
[2023-03-17T03:20:47.324+0000] {processor.py:153} INFO - Started process (PID=4467) to work on /home/airflow/.local/lib/python3.7/site-packages/airflow/example_dags/example_latest_only_with_trigger.py
[2023-03-17T03:20:47.325+0000] {processor.py:743} INFO - Processing file /home/airflow/.local/lib/python3.7/site-packages/airflow/example_dags/example_latest_only_with_trigger.py for tasks to queue
[2023-03-17T03:20:47.326+0000] {logging_mixin.py:137} INFO - [2023-03-17T03:20:47.326+0000] {dagbag.py:532} INFO - Filling up the DagBag from /home/airflow/.local/lib/python3.7/site-packages/airflow/example_dags/example_latest_only_with_trigger.py
[2023-03-17T03:20:47.342+0000] {processor.py:753} INFO - DAG(s) dict_keys(['latest_only_with_trigger']) retrieved from /home/airflow/.local/lib/python3.7/site-packages/airflow/example_dags/example_latest_only_with_trigger.py
[2023-03-17T03:20:47.374+0000] {logging_mixin.py:137} INFO - [2023-03-17T03:20:47.374+0000] {dag.py:2693} INFO - Sync 1 DAGs
[2023-03-17T03:20:47.415+0000] {logging_mixin.py:137} INFO - [2023-03-17T03:20:47.414+0000] {dag.py:3444} INFO - Setting next_dagrun for latest_only_with_trigger to 2023-03-16T23:20:47.414590+00:00, run_after=2023-03-17T03:20:47.414590+00:00
[2023-03-17T03:20:47.450+0000] {processor.py:175} INFO - Processing /home/airflow/.local/lib/python3.7/site-packages/airflow/example_dags/example_latest_only_with_trigger.py took 0.131 seconds
[2023-03-17T03:21:17.959+0000] {processor.py:153} INFO - Started process (PID=4684) to work on /home/airflow/.local/lib/python3.7/site-packages/airflow/example_dags/example_latest_only_with_trigger.py
[2023-03-17T03:21:17.961+0000] {processor.py:743} INFO - Processing file /home/airflow/.local/lib/python3.7/site-packages/airflow/example_dags/example_latest_only_with_trigger.py for tasks to queue
[2023-03-17T03:21:17.962+0000] {logging_mixin.py:137} INFO - [2023-03-17T03:21:17.961+0000] {dagbag.py:532} INFO - Filling up the DagBag from /home/airflow/.local/lib/python3.7/site-packages/airflow/example_dags/example_latest_only_with_trigger.py
[2023-03-17T03:21:17.979+0000] {processor.py:753} INFO - DAG(s) dict_keys(['latest_only_with_trigger']) retrieved from /home/airflow/.local/lib/python3.7/site-packages/airflow/example_dags/example_latest_only_with_trigger.py
[2023-03-17T03:21:18.013+0000] {logging_mixin.py:137} INFO - [2023-03-17T03:21:18.013+0000] {dag.py:2693} INFO - Sync 1 DAGs
[2023-03-17T03:21:18.044+0000] {logging_mixin.py:137} INFO - [2023-03-17T03:21:18.043+0000] {dag.py:3444} INFO - Setting next_dagrun for latest_only_with_trigger to 2023-03-16T23:21:18.043596+00:00, run_after=2023-03-17T03:21:18.043596+00:00
[2023-03-17T03:21:18.071+0000] {processor.py:175} INFO - Processing /home/airflow/.local/lib/python3.7/site-packages/airflow/example_dags/example_latest_only_with_trigger.py took 0.115 seconds
[2023-03-17T03:21:48.574+0000] {processor.py:153} INFO - Started process (PID=4901) to work on /home/airflow/.local/lib/python3.7/site-packages/airflow/example_dags/example_latest_only_with_trigger.py
[2023-03-17T03:21:48.576+0000] {processor.py:743} INFO - Processing file /home/airflow/.local/lib/python3.7/site-packages/airflow/example_dags/example_latest_only_with_trigger.py for tasks to queue
[2023-03-17T03:21:48.577+0000] {logging_mixin.py:137} INFO - [2023-03-17T03:21:48.577+0000] {dagbag.py:532} INFO - Filling up the DagBag from /home/airflow/.local/lib/python3.7/site-packages/airflow/example_dags/example_latest_only_with_trigger.py
[2023-03-17T03:21:48.592+0000] {processor.py:753} INFO - DAG(s) dict_keys(['latest_only_with_trigger']) retrieved from /home/airflow/.local/lib/python3.7/site-packages/airflow/example_dags/example_latest_only_with_trigger.py
[2023-03-17T03:21:48.623+0000] {logging_mixin.py:137} INFO - [2023-03-17T03:21:48.623+0000] {dag.py:2693} INFO - Sync 1 DAGs
[2023-03-17T03:21:48.654+0000] {logging_mixin.py:137} INFO - [2023-03-17T03:21:48.654+0000] {dag.py:3444} INFO - Setting next_dagrun for latest_only_with_trigger to 2023-03-16T23:21:48.654156+00:00, run_after=2023-03-17T03:21:48.654156+00:00
[2023-03-17T03:21:48.681+0000] {processor.py:175} INFO - Processing /home/airflow/.local/lib/python3.7/site-packages/airflow/example_dags/example_latest_only_with_trigger.py took 0.110 seconds
[2023-03-17T03:22:19.077+0000] {processor.py:153} INFO - Started process (PID=5118) to work on /home/airflow/.local/lib/python3.7/site-packages/airflow/example_dags/example_latest_only_with_trigger.py
[2023-03-17T03:22:19.078+0000] {processor.py:743} INFO - Processing file /home/airflow/.local/lib/python3.7/site-packages/airflow/example_dags/example_latest_only_with_trigger.py for tasks to queue
[2023-03-17T03:22:19.079+0000] {logging_mixin.py:137} INFO - [2023-03-17T03:22:19.079+0000] {dagbag.py:532} INFO - Filling up the DagBag from /home/airflow/.local/lib/python3.7/site-packages/airflow/example_dags/example_latest_only_with_trigger.py
[2023-03-17T03:22:19.095+0000] {processor.py:753} INFO - DAG(s) dict_keys(['latest_only_with_trigger']) retrieved from /home/airflow/.local/lib/python3.7/site-packages/airflow/example_dags/example_latest_only_with_trigger.py
[2023-03-17T03:22:19.126+0000] {logging_mixin.py:137} INFO - [2023-03-17T03:22:19.126+0000] {dag.py:2693} INFO - Sync 1 DAGs
[2023-03-17T03:22:19.157+0000] {logging_mixin.py:137} INFO - [2023-03-17T03:22:19.157+0000] {dag.py:3444} INFO - Setting next_dagrun for latest_only_with_trigger to 2023-03-16T23:22:19.157199+00:00, run_after=2023-03-17T03:22:19.157199+00:00
[2023-03-17T03:22:19.183+0000] {processor.py:175} INFO - Processing /home/airflow/.local/lib/python3.7/site-packages/airflow/example_dags/example_latest_only_with_trigger.py took 0.110 seconds
[2023-03-17T03:22:49.357+0000] {processor.py:153} INFO - Started process (PID=5335) to work on /home/airflow/.local/lib/python3.7/site-packages/airflow/example_dags/example_latest_only_with_trigger.py
[2023-03-17T03:22:49.358+0000] {processor.py:743} INFO - Processing file /home/airflow/.local/lib/python3.7/site-packages/airflow/example_dags/example_latest_only_with_trigger.py for tasks to queue
[2023-03-17T03:22:49.359+0000] {logging_mixin.py:137} INFO - [2023-03-17T03:22:49.359+0000] {dagbag.py:532} INFO - Filling up the DagBag from /home/airflow/.local/lib/python3.7/site-packages/airflow/example_dags/example_latest_only_with_trigger.py
[2023-03-17T03:22:49.375+0000] {processor.py:753} INFO - DAG(s) dict_keys(['latest_only_with_trigger']) retrieved from /home/airflow/.local/lib/python3.7/site-packages/airflow/example_dags/example_latest_only_with_trigger.py
[2023-03-17T03:22:49.406+0000] {logging_mixin.py:137} INFO - [2023-03-17T03:22:49.406+0000] {dag.py:2693} INFO - Sync 1 DAGs
[2023-03-17T03:22:49.440+0000] {logging_mixin.py:137} INFO - [2023-03-17T03:22:49.440+0000] {dag.py:3444} INFO - Setting next_dagrun for latest_only_with_trigger to 2023-03-16T23:22:49.439841+00:00, run_after=2023-03-17T03:22:49.439841+00:00
[2023-03-17T03:22:49.464+0000] {processor.py:175} INFO - Processing /home/airflow/.local/lib/python3.7/site-packages/airflow/example_dags/example_latest_only_with_trigger.py took 0.111 seconds
[2023-03-17T03:23:19.896+0000] {processor.py:153} INFO - Started process (PID=5553) to work on /home/airflow/.local/lib/python3.7/site-packages/airflow/example_dags/example_latest_only_with_trigger.py
[2023-03-17T03:23:19.897+0000] {processor.py:743} INFO - Processing file /home/airflow/.local/lib/python3.7/site-packages/airflow/example_dags/example_latest_only_with_trigger.py for tasks to queue
[2023-03-17T03:23:19.898+0000] {logging_mixin.py:137} INFO - [2023-03-17T03:23:19.898+0000] {dagbag.py:532} INFO - Filling up the DagBag from /home/airflow/.local/lib/python3.7/site-packages/airflow/example_dags/example_latest_only_with_trigger.py
[2023-03-17T03:23:19.915+0000] {processor.py:753} INFO - DAG(s) dict_keys(['latest_only_with_trigger']) retrieved from /home/airflow/.local/lib/python3.7/site-packages/airflow/example_dags/example_latest_only_with_trigger.py
[2023-03-17T03:23:19.947+0000] {logging_mixin.py:137} INFO - [2023-03-17T03:23:19.947+0000] {dag.py:2693} INFO - Sync 1 DAGs
[2023-03-17T03:23:19.979+0000] {logging_mixin.py:137} INFO - [2023-03-17T03:23:19.979+0000] {dag.py:3444} INFO - Setting next_dagrun for latest_only_with_trigger to 2023-03-16T23:23:19.979570+00:00, run_after=2023-03-17T03:23:19.979570+00:00
[2023-03-17T03:23:20.025+0000] {processor.py:175} INFO - Processing /home/airflow/.local/lib/python3.7/site-packages/airflow/example_dags/example_latest_only_with_trigger.py took 0.134 seconds
[2023-03-17T03:23:50.300+0000] {processor.py:153} INFO - Started process (PID=5770) to work on /home/airflow/.local/lib/python3.7/site-packages/airflow/example_dags/example_latest_only_with_trigger.py
[2023-03-17T03:23:50.301+0000] {processor.py:743} INFO - Processing file /home/airflow/.local/lib/python3.7/site-packages/airflow/example_dags/example_latest_only_with_trigger.py for tasks to queue
[2023-03-17T03:23:50.302+0000] {logging_mixin.py:137} INFO - [2023-03-17T03:23:50.302+0000] {dagbag.py:532} INFO - Filling up the DagBag from /home/airflow/.local/lib/python3.7/site-packages/airflow/example_dags/example_latest_only_with_trigger.py
[2023-03-17T03:23:50.317+0000] {processor.py:753} INFO - DAG(s) dict_keys(['latest_only_with_trigger']) retrieved from /home/airflow/.local/lib/python3.7/site-packages/airflow/example_dags/example_latest_only_with_trigger.py
[2023-03-17T03:23:50.348+0000] {logging_mixin.py:137} INFO - [2023-03-17T03:23:50.348+0000] {dag.py:2693} INFO - Sync 1 DAGs
[2023-03-17T03:23:50.378+0000] {logging_mixin.py:137} INFO - [2023-03-17T03:23:50.378+0000] {dag.py:3444} INFO - Setting next_dagrun for latest_only_with_trigger to 2023-03-16T23:23:50.378499+00:00, run_after=2023-03-17T03:23:50.378499+00:00
[2023-03-17T03:23:50.404+0000] {processor.py:175} INFO - Processing /home/airflow/.local/lib/python3.7/site-packages/airflow/example_dags/example_latest_only_with_trigger.py took 0.109 seconds
[2023-03-17T03:24:20.772+0000] {processor.py:153} INFO - Started process (PID=5987) to work on /home/airflow/.local/lib/python3.7/site-packages/airflow/example_dags/example_latest_only_with_trigger.py
[2023-03-17T03:24:20.774+0000] {processor.py:743} INFO - Processing file /home/airflow/.local/lib/python3.7/site-packages/airflow/example_dags/example_latest_only_with_trigger.py for tasks to queue
[2023-03-17T03:24:20.775+0000] {logging_mixin.py:137} INFO - [2023-03-17T03:24:20.775+0000] {dagbag.py:532} INFO - Filling up the DagBag from /home/airflow/.local/lib/python3.7/site-packages/airflow/example_dags/example_latest_only_with_trigger.py
[2023-03-17T03:24:20.790+0000] {processor.py:753} INFO - DAG(s) dict_keys(['latest_only_with_trigger']) retrieved from /home/airflow/.local/lib/python3.7/site-packages/airflow/example_dags/example_latest_only_with_trigger.py
[2023-03-17T03:24:20.822+0000] {logging_mixin.py:137} INFO - [2023-03-17T03:24:20.822+0000] {dag.py:2693} INFO - Sync 1 DAGs
[2023-03-17T03:24:20.854+0000] {logging_mixin.py:137} INFO - [2023-03-17T03:24:20.853+0000] {dag.py:3444} INFO - Setting next_dagrun for latest_only_with_trigger to 2023-03-16T23:24:20.853554+00:00, run_after=2023-03-17T03:24:20.853554+00:00
[2023-03-17T03:24:20.886+0000] {processor.py:175} INFO - Processing /home/airflow/.local/lib/python3.7/site-packages/airflow/example_dags/example_latest_only_with_trigger.py took 0.117 seconds
[2023-03-17T03:24:51.105+0000] {processor.py:153} INFO - Started process (PID=6204) to work on /home/airflow/.local/lib/python3.7/site-packages/airflow/example_dags/example_latest_only_with_trigger.py
[2023-03-17T03:24:51.106+0000] {processor.py:743} INFO - Processing file /home/airflow/.local/lib/python3.7/site-packages/airflow/example_dags/example_latest_only_with_trigger.py for tasks to queue
[2023-03-17T03:24:51.107+0000] {logging_mixin.py:137} INFO - [2023-03-17T03:24:51.107+0000] {dagbag.py:532} INFO - Filling up the DagBag from /home/airflow/.local/lib/python3.7/site-packages/airflow/example_dags/example_latest_only_with_trigger.py
[2023-03-17T03:24:51.125+0000] {processor.py:753} INFO - DAG(s) dict_keys(['latest_only_with_trigger']) retrieved from /home/airflow/.local/lib/python3.7/site-packages/airflow/example_dags/example_latest_only_with_trigger.py
[2023-03-17T03:24:51.163+0000] {logging_mixin.py:137} INFO - [2023-03-17T03:24:51.162+0000] {dag.py:2693} INFO - Sync 1 DAGs
[2023-03-17T03:24:51.198+0000] {logging_mixin.py:137} INFO - [2023-03-17T03:24:51.198+0000] {dag.py:3444} INFO - Setting next_dagrun for latest_only_with_trigger to 2023-03-16T23:24:51.197695+00:00, run_after=2023-03-17T03:24:51.197695+00:00
[2023-03-17T03:24:51.226+0000] {processor.py:175} INFO - Processing /home/airflow/.local/lib/python3.7/site-packages/airflow/example_dags/example_latest_only_with_trigger.py took 0.125 seconds
[2023-03-17T03:25:21.528+0000] {processor.py:153} INFO - Started process (PID=6421) to work on /home/airflow/.local/lib/python3.7/site-packages/airflow/example_dags/example_latest_only_with_trigger.py
[2023-03-17T03:25:21.529+0000] {processor.py:743} INFO - Processing file /home/airflow/.local/lib/python3.7/site-packages/airflow/example_dags/example_latest_only_with_trigger.py for tasks to queue
[2023-03-17T03:25:21.531+0000] {logging_mixin.py:137} INFO - [2023-03-17T03:25:21.530+0000] {dagbag.py:532} INFO - Filling up the DagBag from /home/airflow/.local/lib/python3.7/site-packages/airflow/example_dags/example_latest_only_with_trigger.py
[2023-03-17T03:25:21.546+0000] {processor.py:753} INFO - DAG(s) dict_keys(['latest_only_with_trigger']) retrieved from /home/airflow/.local/lib/python3.7/site-packages/airflow/example_dags/example_latest_only_with_trigger.py
[2023-03-17T03:25:21.578+0000] {logging_mixin.py:137} INFO - [2023-03-17T03:25:21.578+0000] {dag.py:2693} INFO - Sync 1 DAGs
[2023-03-17T03:25:21.609+0000] {logging_mixin.py:137} INFO - [2023-03-17T03:25:21.609+0000] {dag.py:3444} INFO - Setting next_dagrun for latest_only_with_trigger to 2023-03-16T23:25:21.609457+00:00, run_after=2023-03-17T03:25:21.609457+00:00
[2023-03-17T03:25:21.637+0000] {processor.py:175} INFO - Processing /home/airflow/.local/lib/python3.7/site-packages/airflow/example_dags/example_latest_only_with_trigger.py took 0.112 seconds
[2023-03-17T03:25:52.035+0000] {processor.py:153} INFO - Started process (PID=6638) to work on /home/airflow/.local/lib/python3.7/site-packages/airflow/example_dags/example_latest_only_with_trigger.py
[2023-03-17T03:25:52.036+0000] {processor.py:743} INFO - Processing file /home/airflow/.local/lib/python3.7/site-packages/airflow/example_dags/example_latest_only_with_trigger.py for tasks to queue
[2023-03-17T03:25:52.038+0000] {logging_mixin.py:137} INFO - [2023-03-17T03:25:52.037+0000] {dagbag.py:532} INFO - Filling up the DagBag from /home/airflow/.local/lib/python3.7/site-packages/airflow/example_dags/example_latest_only_with_trigger.py
[2023-03-17T03:25:52.057+0000] {processor.py:753} INFO - DAG(s) dict_keys(['latest_only_with_trigger']) retrieved from /home/airflow/.local/lib/python3.7/site-packages/airflow/example_dags/example_latest_only_with_trigger.py
[2023-03-17T03:25:52.094+0000] {logging_mixin.py:137} INFO - [2023-03-17T03:25:52.094+0000] {dag.py:2693} INFO - Sync 1 DAGs
[2023-03-17T03:25:52.129+0000] {logging_mixin.py:137} INFO - [2023-03-17T03:25:52.129+0000] {dag.py:3444} INFO - Setting next_dagrun for latest_only_with_trigger to 2023-03-16T23:25:52.129063+00:00, run_after=2023-03-17T03:25:52.129063+00:00
[2023-03-17T03:25:52.154+0000] {processor.py:175} INFO - Processing /home/airflow/.local/lib/python3.7/site-packages/airflow/example_dags/example_latest_only_with_trigger.py took 0.122 seconds
[2023-03-17T03:26:22.611+0000] {processor.py:153} INFO - Started process (PID=6855) to work on /home/airflow/.local/lib/python3.7/site-packages/airflow/example_dags/example_latest_only_with_trigger.py
[2023-03-17T03:26:22.612+0000] {processor.py:743} INFO - Processing file /home/airflow/.local/lib/python3.7/site-packages/airflow/example_dags/example_latest_only_with_trigger.py for tasks to queue
[2023-03-17T03:26:22.613+0000] {logging_mixin.py:137} INFO - [2023-03-17T03:26:22.613+0000] {dagbag.py:532} INFO - Filling up the DagBag from /home/airflow/.local/lib/python3.7/site-packages/airflow/example_dags/example_latest_only_with_trigger.py
[2023-03-17T03:26:22.629+0000] {processor.py:753} INFO - DAG(s) dict_keys(['latest_only_with_trigger']) retrieved from /home/airflow/.local/lib/python3.7/site-packages/airflow/example_dags/example_latest_only_with_trigger.py
[2023-03-17T03:26:22.661+0000] {logging_mixin.py:137} INFO - [2023-03-17T03:26:22.660+0000] {dag.py:2693} INFO - Sync 1 DAGs
[2023-03-17T03:26:22.691+0000] {logging_mixin.py:137} INFO - [2023-03-17T03:26:22.690+0000] {dag.py:3444} INFO - Setting next_dagrun for latest_only_with_trigger to 2023-03-16T23:26:22.690665+00:00, run_after=2023-03-17T03:26:22.690665+00:00
[2023-03-17T03:26:22.718+0000] {processor.py:175} INFO - Processing /home/airflow/.local/lib/python3.7/site-packages/airflow/example_dags/example_latest_only_with_trigger.py took 0.111 seconds
[2023-03-17T03:26:52.898+0000] {processor.py:153} INFO - Started process (PID=7072) to work on /home/airflow/.local/lib/python3.7/site-packages/airflow/example_dags/example_latest_only_with_trigger.py
[2023-03-17T03:26:52.899+0000] {processor.py:743} INFO - Processing file /home/airflow/.local/lib/python3.7/site-packages/airflow/example_dags/example_latest_only_with_trigger.py for tasks to queue
[2023-03-17T03:26:52.900+0000] {logging_mixin.py:137} INFO - [2023-03-17T03:26:52.900+0000] {dagbag.py:532} INFO - Filling up the DagBag from /home/airflow/.local/lib/python3.7/site-packages/airflow/example_dags/example_latest_only_with_trigger.py
[2023-03-17T03:26:52.916+0000] {processor.py:753} INFO - DAG(s) dict_keys(['latest_only_with_trigger']) retrieved from /home/airflow/.local/lib/python3.7/site-packages/airflow/example_dags/example_latest_only_with_trigger.py
[2023-03-17T03:26:52.948+0000] {logging_mixin.py:137} INFO - [2023-03-17T03:26:52.948+0000] {dag.py:2693} INFO - Sync 1 DAGs
[2023-03-17T03:26:52.979+0000] {logging_mixin.py:137} INFO - [2023-03-17T03:26:52.979+0000] {dag.py:3444} INFO - Setting next_dagrun for latest_only_with_trigger to 2023-03-16T23:26:52.978939+00:00, run_after=2023-03-17T03:26:52.978939+00:00
[2023-03-17T03:26:53.005+0000] {processor.py:175} INFO - Processing /home/airflow/.local/lib/python3.7/site-packages/airflow/example_dags/example_latest_only_with_trigger.py took 0.110 seconds
[2023-03-17T03:27:23.356+0000] {processor.py:153} INFO - Started process (PID=7289) to work on /home/airflow/.local/lib/python3.7/site-packages/airflow/example_dags/example_latest_only_with_trigger.py
[2023-03-17T03:27:23.357+0000] {processor.py:743} INFO - Processing file /home/airflow/.local/lib/python3.7/site-packages/airflow/example_dags/example_latest_only_with_trigger.py for tasks to queue
[2023-03-17T03:27:23.358+0000] {logging_mixin.py:137} INFO - [2023-03-17T03:27:23.358+0000] {dagbag.py:532} INFO - Filling up the DagBag from /home/airflow/.local/lib/python3.7/site-packages/airflow/example_dags/example_latest_only_with_trigger.py
[2023-03-17T03:27:23.374+0000] {processor.py:753} INFO - DAG(s) dict_keys(['latest_only_with_trigger']) retrieved from /home/airflow/.local/lib/python3.7/site-packages/airflow/example_dags/example_latest_only_with_trigger.py
[2023-03-17T03:27:23.407+0000] {logging_mixin.py:137} INFO - [2023-03-17T03:27:23.407+0000] {dag.py:2693} INFO - Sync 1 DAGs
[2023-03-17T03:27:23.439+0000] {logging_mixin.py:137} INFO - [2023-03-17T03:27:23.438+0000] {dag.py:3444} INFO - Setting next_dagrun for latest_only_with_trigger to 2023-03-16T23:27:23.438626+00:00, run_after=2023-03-17T03:27:23.438626+00:00
[2023-03-17T03:27:23.464+0000] {processor.py:175} INFO - Processing /home/airflow/.local/lib/python3.7/site-packages/airflow/example_dags/example_latest_only_with_trigger.py took 0.111 seconds
[2023-03-17T03:27:53.658+0000] {processor.py:153} INFO - Started process (PID=7506) to work on /home/airflow/.local/lib/python3.7/site-packages/airflow/example_dags/example_latest_only_with_trigger.py
[2023-03-17T03:27:53.659+0000] {processor.py:743} INFO - Processing file /home/airflow/.local/lib/python3.7/site-packages/airflow/example_dags/example_latest_only_with_trigger.py for tasks to queue
[2023-03-17T03:27:53.660+0000] {logging_mixin.py:137} INFO - [2023-03-17T03:27:53.660+0000] {dagbag.py:532} INFO - Filling up the DagBag from /home/airflow/.local/lib/python3.7/site-packages/airflow/example_dags/example_latest_only_with_trigger.py
[2023-03-17T03:27:53.676+0000] {processor.py:753} INFO - DAG(s) dict_keys(['latest_only_with_trigger']) retrieved from /home/airflow/.local/lib/python3.7/site-packages/airflow/example_dags/example_latest_only_with_trigger.py
[2023-03-17T03:27:53.708+0000] {logging_mixin.py:137} INFO - [2023-03-17T03:27:53.708+0000] {dag.py:2693} INFO - Sync 1 DAGs
[2023-03-17T03:27:53.738+0000] {logging_mixin.py:137} INFO - [2023-03-17T03:27:53.738+0000] {dag.py:3444} INFO - Setting next_dagrun for latest_only_with_trigger to 2023-03-16T23:27:53.738148+00:00, run_after=2023-03-17T03:27:53.738148+00:00
[2023-03-17T03:27:53.764+0000] {processor.py:175} INFO - Processing /home/airflow/.local/lib/python3.7/site-packages/airflow/example_dags/example_latest_only_with_trigger.py took 0.110 seconds
[2023-03-17T03:28:24.008+0000] {processor.py:153} INFO - Started process (PID=7723) to work on /home/airflow/.local/lib/python3.7/site-packages/airflow/example_dags/example_latest_only_with_trigger.py
[2023-03-17T03:28:24.010+0000] {processor.py:743} INFO - Processing file /home/airflow/.local/lib/python3.7/site-packages/airflow/example_dags/example_latest_only_with_trigger.py for tasks to queue
[2023-03-17T03:28:24.011+0000] {logging_mixin.py:137} INFO - [2023-03-17T03:28:24.011+0000] {dagbag.py:532} INFO - Filling up the DagBag from /home/airflow/.local/lib/python3.7/site-packages/airflow/example_dags/example_latest_only_with_trigger.py
[2023-03-17T03:28:24.028+0000] {processor.py:753} INFO - DAG(s) dict_keys(['latest_only_with_trigger']) retrieved from /home/airflow/.local/lib/python3.7/site-packages/airflow/example_dags/example_latest_only_with_trigger.py
[2023-03-17T03:28:24.059+0000] {logging_mixin.py:137} INFO - [2023-03-17T03:28:24.059+0000] {dag.py:2693} INFO - Sync 1 DAGs
[2023-03-17T03:28:24.089+0000] {logging_mixin.py:137} INFO - [2023-03-17T03:28:24.089+0000] {dag.py:3444} INFO - Setting next_dagrun for latest_only_with_trigger to 2023-03-16T23:28:24.089034+00:00, run_after=2023-03-17T03:28:24.089034+00:00
[2023-03-17T03:28:24.116+0000] {processor.py:175} INFO - Processing /home/airflow/.local/lib/python3.7/site-packages/airflow/example_dags/example_latest_only_with_trigger.py took 0.113 seconds
[2023-03-17T03:28:54.467+0000] {processor.py:153} INFO - Started process (PID=7940) to work on /home/airflow/.local/lib/python3.7/site-packages/airflow/example_dags/example_latest_only_with_trigger.py
[2023-03-17T03:28:54.468+0000] {processor.py:743} INFO - Processing file /home/airflow/.local/lib/python3.7/site-packages/airflow/example_dags/example_latest_only_with_trigger.py for tasks to queue
[2023-03-17T03:28:54.469+0000] {logging_mixin.py:137} INFO - [2023-03-17T03:28:54.469+0000] {dagbag.py:532} INFO - Filling up the DagBag from /home/airflow/.local/lib/python3.7/site-packages/airflow/example_dags/example_latest_only_with_trigger.py
[2023-03-17T03:28:54.487+0000] {processor.py:753} INFO - DAG(s) dict_keys(['latest_only_with_trigger']) retrieved from /home/airflow/.local/lib/python3.7/site-packages/airflow/example_dags/example_latest_only_with_trigger.py
[2023-03-17T03:28:54.519+0000] {logging_mixin.py:137} INFO - [2023-03-17T03:28:54.519+0000] {dag.py:2693} INFO - Sync 1 DAGs
[2023-03-17T03:28:54.552+0000] {logging_mixin.py:137} INFO - [2023-03-17T03:28:54.552+0000] {dag.py:3444} INFO - Setting next_dagrun for latest_only_with_trigger to 2023-03-16T23:28:54.552505+00:00, run_after=2023-03-17T03:28:54.552505+00:00
[2023-03-17T03:28:54.579+0000] {processor.py:175} INFO - Processing /home/airflow/.local/lib/python3.7/site-packages/airflow/example_dags/example_latest_only_with_trigger.py took 0.116 seconds
[2023-03-17T03:29:24.876+0000] {processor.py:153} INFO - Started process (PID=8158) to work on /home/airflow/.local/lib/python3.7/site-packages/airflow/example_dags/example_latest_only_with_trigger.py
[2023-03-17T03:29:24.878+0000] {processor.py:743} INFO - Processing file /home/airflow/.local/lib/python3.7/site-packages/airflow/example_dags/example_latest_only_with_trigger.py for tasks to queue
[2023-03-17T03:29:24.879+0000] {logging_mixin.py:137} INFO - [2023-03-17T03:29:24.879+0000] {dagbag.py:532} INFO - Filling up the DagBag from /home/airflow/.local/lib/python3.7/site-packages/airflow/example_dags/example_latest_only_with_trigger.py
[2023-03-17T03:29:24.894+0000] {processor.py:753} INFO - DAG(s) dict_keys(['latest_only_with_trigger']) retrieved from /home/airflow/.local/lib/python3.7/site-packages/airflow/example_dags/example_latest_only_with_trigger.py
[2023-03-17T03:29:24.926+0000] {logging_mixin.py:137} INFO - [2023-03-17T03:29:24.926+0000] {dag.py:2693} INFO - Sync 1 DAGs
[2023-03-17T03:29:24.957+0000] {logging_mixin.py:137} INFO - [2023-03-17T03:29:24.957+0000] {dag.py:3444} INFO - Setting next_dagrun for latest_only_with_trigger to 2023-03-16T23:29:24.957127+00:00, run_after=2023-03-17T03:29:24.957127+00:00
[2023-03-17T03:29:24.983+0000] {processor.py:175} INFO - Processing /home/airflow/.local/lib/python3.7/site-packages/airflow/example_dags/example_latest_only_with_trigger.py took 0.111 seconds
[2023-03-17T03:29:55.171+0000] {processor.py:153} INFO - Started process (PID=8375) to work on /home/airflow/.local/lib/python3.7/site-packages/airflow/example_dags/example_latest_only_with_trigger.py
[2023-03-17T03:29:55.172+0000] {processor.py:743} INFO - Processing file /home/airflow/.local/lib/python3.7/site-packages/airflow/example_dags/example_latest_only_with_trigger.py for tasks to queue
[2023-03-17T03:29:55.173+0000] {logging_mixin.py:137} INFO - [2023-03-17T03:29:55.173+0000] {dagbag.py:532} INFO - Filling up the DagBag from /home/airflow/.local/lib/python3.7/site-packages/airflow/example_dags/example_latest_only_with_trigger.py
[2023-03-17T03:29:55.189+0000] {processor.py:753} INFO - DAG(s) dict_keys(['latest_only_with_trigger']) retrieved from /home/airflow/.local/lib/python3.7/site-packages/airflow/example_dags/example_latest_only_with_trigger.py
[2023-03-17T03:29:55.221+0000] {logging_mixin.py:137} INFO - [2023-03-17T03:29:55.220+0000] {dag.py:2693} INFO - Sync 1 DAGs
[2023-03-17T03:29:55.253+0000] {logging_mixin.py:137} INFO - [2023-03-17T03:29:55.253+0000] {dag.py:3444} INFO - Setting next_dagrun for latest_only_with_trigger to 2023-03-16T23:29:55.252706+00:00, run_after=2023-03-17T03:29:55.252706+00:00
[2023-03-17T03:29:55.279+0000] {processor.py:175} INFO - Processing /home/airflow/.local/lib/python3.7/site-packages/airflow/example_dags/example_latest_only_with_trigger.py took 0.111 seconds
[2023-03-17T03:30:25.980+0000] {processor.py:153} INFO - Started process (PID=8592) to work on /home/airflow/.local/lib/python3.7/site-packages/airflow/example_dags/example_latest_only_with_trigger.py
[2023-03-17T03:30:25.981+0000] {processor.py:743} INFO - Processing file /home/airflow/.local/lib/python3.7/site-packages/airflow/example_dags/example_latest_only_with_trigger.py for tasks to queue
[2023-03-17T03:30:25.983+0000] {logging_mixin.py:137} INFO - [2023-03-17T03:30:25.983+0000] {dagbag.py:532} INFO - Filling up the DagBag from /home/airflow/.local/lib/python3.7/site-packages/airflow/example_dags/example_latest_only_with_trigger.py
[2023-03-17T03:30:26.004+0000] {processor.py:753} INFO - DAG(s) dict_keys(['latest_only_with_trigger']) retrieved from /home/airflow/.local/lib/python3.7/site-packages/airflow/example_dags/example_latest_only_with_trigger.py
[2023-03-17T03:30:26.047+0000] {logging_mixin.py:137} INFO - [2023-03-17T03:30:26.047+0000] {dag.py:2693} INFO - Sync 1 DAGs
[2023-03-17T03:30:26.088+0000] {logging_mixin.py:137} INFO - [2023-03-17T03:30:26.087+0000] {dag.py:3444} INFO - Setting next_dagrun for latest_only_with_trigger to 2023-03-16T23:30:26.087570+00:00, run_after=2023-03-17T03:30:26.087570+00:00
[2023-03-17T03:30:26.122+0000] {processor.py:175} INFO - Processing /home/airflow/.local/lib/python3.7/site-packages/airflow/example_dags/example_latest_only_with_trigger.py took 0.147 seconds
[2023-03-17T03:30:56.300+0000] {processor.py:153} INFO - Started process (PID=8809) to work on /home/airflow/.local/lib/python3.7/site-packages/airflow/example_dags/example_latest_only_with_trigger.py
[2023-03-17T03:30:56.302+0000] {processor.py:743} INFO - Processing file /home/airflow/.local/lib/python3.7/site-packages/airflow/example_dags/example_latest_only_with_trigger.py for tasks to queue
[2023-03-17T03:30:56.304+0000] {logging_mixin.py:137} INFO - [2023-03-17T03:30:56.303+0000] {dagbag.py:532} INFO - Filling up the DagBag from /home/airflow/.local/lib/python3.7/site-packages/airflow/example_dags/example_latest_only_with_trigger.py
[2023-03-17T03:30:56.324+0000] {processor.py:753} INFO - DAG(s) dict_keys(['latest_only_with_trigger']) retrieved from /home/airflow/.local/lib/python3.7/site-packages/airflow/example_dags/example_latest_only_with_trigger.py
[2023-03-17T03:30:56.353+0000] {logging_mixin.py:137} INFO - [2023-03-17T03:30:56.353+0000] {dag.py:2693} INFO - Sync 1 DAGs
[2023-03-17T03:30:56.391+0000] {logging_mixin.py:137} INFO - [2023-03-17T03:30:56.391+0000] {dag.py:3444} INFO - Setting next_dagrun for latest_only_with_trigger to 2023-03-16T23:30:56.391374+00:00, run_after=2023-03-17T03:30:56.391374+00:00
[2023-03-17T03:30:56.420+0000] {processor.py:175} INFO - Processing /home/airflow/.local/lib/python3.7/site-packages/airflow/example_dags/example_latest_only_with_trigger.py took 0.127 seconds
[2023-03-17T03:31:26.603+0000] {processor.py:153} INFO - Started process (PID=9026) to work on /home/airflow/.local/lib/python3.7/site-packages/airflow/example_dags/example_latest_only_with_trigger.py
[2023-03-17T03:31:26.604+0000] {processor.py:743} INFO - Processing file /home/airflow/.local/lib/python3.7/site-packages/airflow/example_dags/example_latest_only_with_trigger.py for tasks to queue
[2023-03-17T03:31:26.606+0000] {logging_mixin.py:137} INFO - [2023-03-17T03:31:26.606+0000] {dagbag.py:532} INFO - Filling up the DagBag from /home/airflow/.local/lib/python3.7/site-packages/airflow/example_dags/example_latest_only_with_trigger.py
[2023-03-17T03:31:26.626+0000] {processor.py:753} INFO - DAG(s) dict_keys(['latest_only_with_trigger']) retrieved from /home/airflow/.local/lib/python3.7/site-packages/airflow/example_dags/example_latest_only_with_trigger.py
[2023-03-17T03:31:26.659+0000] {logging_mixin.py:137} INFO - [2023-03-17T03:31:26.659+0000] {dag.py:2693} INFO - Sync 1 DAGs
[2023-03-17T03:31:26.690+0000] {logging_mixin.py:137} INFO - [2023-03-17T03:31:26.690+0000] {dag.py:3444} INFO - Setting next_dagrun for latest_only_with_trigger to 2023-03-16T23:31:26.690502+00:00, run_after=2023-03-17T03:31:26.690502+00:00
[2023-03-17T03:31:26.718+0000] {processor.py:175} INFO - Processing /home/airflow/.local/lib/python3.7/site-packages/airflow/example_dags/example_latest_only_with_trigger.py took 0.119 seconds
[2023-03-17T03:31:57.040+0000] {processor.py:153} INFO - Started process (PID=9242) to work on /home/airflow/.local/lib/python3.7/site-packages/airflow/example_dags/example_latest_only_with_trigger.py
[2023-03-17T03:31:57.041+0000] {processor.py:743} INFO - Processing file /home/airflow/.local/lib/python3.7/site-packages/airflow/example_dags/example_latest_only_with_trigger.py for tasks to queue
[2023-03-17T03:31:57.042+0000] {logging_mixin.py:137} INFO - [2023-03-17T03:31:57.042+0000] {dagbag.py:532} INFO - Filling up the DagBag from /home/airflow/.local/lib/python3.7/site-packages/airflow/example_dags/example_latest_only_with_trigger.py
[2023-03-17T03:31:57.072+0000] {processor.py:753} INFO - DAG(s) dict_keys(['latest_only_with_trigger']) retrieved from /home/airflow/.local/lib/python3.7/site-packages/airflow/example_dags/example_latest_only_with_trigger.py
[2023-03-17T03:31:57.117+0000] {logging_mixin.py:137} INFO - [2023-03-17T03:31:57.116+0000] {dag.py:2693} INFO - Sync 1 DAGs
[2023-03-17T03:31:57.152+0000] {logging_mixin.py:137} INFO - [2023-03-17T03:31:57.152+0000] {dag.py:3444} INFO - Setting next_dagrun for latest_only_with_trigger to 2023-03-16T23:31:57.152548+00:00, run_after=2023-03-17T03:31:57.152548+00:00
[2023-03-17T03:31:57.176+0000] {processor.py:175} INFO - Processing /home/airflow/.local/lib/python3.7/site-packages/airflow/example_dags/example_latest_only_with_trigger.py took 0.140 seconds
[2023-03-17T03:32:27.432+0000] {processor.py:153} INFO - Started process (PID=9460) to work on /home/airflow/.local/lib/python3.7/site-packages/airflow/example_dags/example_latest_only_with_trigger.py
[2023-03-17T03:32:27.433+0000] {processor.py:743} INFO - Processing file /home/airflow/.local/lib/python3.7/site-packages/airflow/example_dags/example_latest_only_with_trigger.py for tasks to queue
[2023-03-17T03:32:27.435+0000] {logging_mixin.py:137} INFO - [2023-03-17T03:32:27.435+0000] {dagbag.py:532} INFO - Filling up the DagBag from /home/airflow/.local/lib/python3.7/site-packages/airflow/example_dags/example_latest_only_with_trigger.py
[2023-03-17T03:32:27.451+0000] {processor.py:753} INFO - DAG(s) dict_keys(['latest_only_with_trigger']) retrieved from /home/airflow/.local/lib/python3.7/site-packages/airflow/example_dags/example_latest_only_with_trigger.py
[2023-03-17T03:32:27.582+0000] {logging_mixin.py:137} INFO - [2023-03-17T03:32:27.582+0000] {dag.py:2693} INFO - Sync 1 DAGs
[2023-03-17T03:32:27.622+0000] {logging_mixin.py:137} INFO - [2023-03-17T03:32:27.622+0000] {dag.py:3444} INFO - Setting next_dagrun for latest_only_with_trigger to 2023-03-16T23:32:27.621600+00:00, run_after=2023-03-17T03:32:27.621600+00:00
[2023-03-17T03:32:27.651+0000] {processor.py:175} INFO - Processing /home/airflow/.local/lib/python3.7/site-packages/airflow/example_dags/example_latest_only_with_trigger.py took 0.223 seconds
[2023-03-17T03:32:58.516+0000] {processor.py:153} INFO - Started process (PID=9677) to work on /home/airflow/.local/lib/python3.7/site-packages/airflow/example_dags/example_latest_only_with_trigger.py
[2023-03-17T03:32:58.517+0000] {processor.py:743} INFO - Processing file /home/airflow/.local/lib/python3.7/site-packages/airflow/example_dags/example_latest_only_with_trigger.py for tasks to queue
[2023-03-17T03:32:58.518+0000] {logging_mixin.py:137} INFO - [2023-03-17T03:32:58.518+0000] {dagbag.py:532} INFO - Filling up the DagBag from /home/airflow/.local/lib/python3.7/site-packages/airflow/example_dags/example_latest_only_with_trigger.py
[2023-03-17T03:32:58.538+0000] {processor.py:753} INFO - DAG(s) dict_keys(['latest_only_with_trigger']) retrieved from /home/airflow/.local/lib/python3.7/site-packages/airflow/example_dags/example_latest_only_with_trigger.py
[2023-03-17T03:32:58.571+0000] {logging_mixin.py:137} INFO - [2023-03-17T03:32:58.570+0000] {dag.py:2693} INFO - Sync 1 DAGs
[2023-03-17T03:32:58.608+0000] {logging_mixin.py:137} INFO - [2023-03-17T03:32:58.608+0000] {dag.py:3444} INFO - Setting next_dagrun for latest_only_with_trigger to 2023-03-16T23:32:58.607876+00:00, run_after=2023-03-17T03:32:58.607876+00:00
[2023-03-17T03:32:58.635+0000] {processor.py:175} INFO - Processing /home/airflow/.local/lib/python3.7/site-packages/airflow/example_dags/example_latest_only_with_trigger.py took 0.123 seconds
[2023-03-17T03:33:28.980+0000] {processor.py:153} INFO - Started process (PID=9895) to work on /home/airflow/.local/lib/python3.7/site-packages/airflow/example_dags/example_latest_only_with_trigger.py
[2023-03-17T03:33:28.982+0000] {processor.py:743} INFO - Processing file /home/airflow/.local/lib/python3.7/site-packages/airflow/example_dags/example_latest_only_with_trigger.py for tasks to queue
[2023-03-17T03:33:28.985+0000] {logging_mixin.py:137} INFO - [2023-03-17T03:33:28.984+0000] {dagbag.py:532} INFO - Filling up the DagBag from /home/airflow/.local/lib/python3.7/site-packages/airflow/example_dags/example_latest_only_with_trigger.py
[2023-03-17T03:33:29.008+0000] {processor.py:753} INFO - DAG(s) dict_keys(['latest_only_with_trigger']) retrieved from /home/airflow/.local/lib/python3.7/site-packages/airflow/example_dags/example_latest_only_with_trigger.py
[2023-03-17T03:33:29.047+0000] {logging_mixin.py:137} INFO - [2023-03-17T03:33:29.047+0000] {dag.py:2693} INFO - Sync 1 DAGs
[2023-03-17T03:33:29.086+0000] {logging_mixin.py:137} INFO - [2023-03-17T03:33:29.086+0000] {dag.py:3444} INFO - Setting next_dagrun for latest_only_with_trigger to 2023-03-16T23:33:29.086515+00:00, run_after=2023-03-17T03:33:29.086515+00:00
[2023-03-17T03:33:29.119+0000] {processor.py:175} INFO - Processing /home/airflow/.local/lib/python3.7/site-packages/airflow/example_dags/example_latest_only_with_trigger.py took 0.143 seconds
[2023-03-17T03:33:59.520+0000] {processor.py:153} INFO - Started process (PID=10112) to work on /home/airflow/.local/lib/python3.7/site-packages/airflow/example_dags/example_latest_only_with_trigger.py
[2023-03-17T03:33:59.522+0000] {processor.py:743} INFO - Processing file /home/airflow/.local/lib/python3.7/site-packages/airflow/example_dags/example_latest_only_with_trigger.py for tasks to queue
[2023-03-17T03:33:59.523+0000] {logging_mixin.py:137} INFO - [2023-03-17T03:33:59.523+0000] {dagbag.py:532} INFO - Filling up the DagBag from /home/airflow/.local/lib/python3.7/site-packages/airflow/example_dags/example_latest_only_with_trigger.py
[2023-03-17T03:33:59.540+0000] {processor.py:753} INFO - DAG(s) dict_keys(['latest_only_with_trigger']) retrieved from /home/airflow/.local/lib/python3.7/site-packages/airflow/example_dags/example_latest_only_with_trigger.py
[2023-03-17T03:33:59.572+0000] {logging_mixin.py:137} INFO - [2023-03-17T03:33:59.572+0000] {dag.py:2693} INFO - Sync 1 DAGs
[2023-03-17T03:33:59.603+0000] {logging_mixin.py:137} INFO - [2023-03-17T03:33:59.603+0000] {dag.py:3444} INFO - Setting next_dagrun for latest_only_with_trigger to 2023-03-16T23:33:59.603410+00:00, run_after=2023-03-17T03:33:59.603410+00:00
[2023-03-17T03:33:59.633+0000] {processor.py:175} INFO - Processing /home/airflow/.local/lib/python3.7/site-packages/airflow/example_dags/example_latest_only_with_trigger.py took 0.116 seconds
[2023-03-17T03:34:30.182+0000] {processor.py:153} INFO - Started process (PID=10330) to work on /home/airflow/.local/lib/python3.7/site-packages/airflow/example_dags/example_latest_only_with_trigger.py
[2023-03-17T03:34:30.183+0000] {processor.py:743} INFO - Processing file /home/airflow/.local/lib/python3.7/site-packages/airflow/example_dags/example_latest_only_with_trigger.py for tasks to queue
[2023-03-17T03:34:30.184+0000] {logging_mixin.py:137} INFO - [2023-03-17T03:34:30.184+0000] {dagbag.py:532} INFO - Filling up the DagBag from /home/airflow/.local/lib/python3.7/site-packages/airflow/example_dags/example_latest_only_with_trigger.py
[2023-03-17T03:34:30.200+0000] {processor.py:753} INFO - DAG(s) dict_keys(['latest_only_with_trigger']) retrieved from /home/airflow/.local/lib/python3.7/site-packages/airflow/example_dags/example_latest_only_with_trigger.py
[2023-03-17T03:34:30.232+0000] {logging_mixin.py:137} INFO - [2023-03-17T03:34:30.231+0000] {dag.py:2693} INFO - Sync 1 DAGs
[2023-03-17T03:34:30.264+0000] {logging_mixin.py:137} INFO - [2023-03-17T03:34:30.264+0000] {dag.py:3444} INFO - Setting next_dagrun for latest_only_with_trigger to 2023-03-16T23:34:30.263997+00:00, run_after=2023-03-17T03:34:30.263997+00:00
[2023-03-17T03:34:30.291+0000] {processor.py:175} INFO - Processing /home/airflow/.local/lib/python3.7/site-packages/airflow/example_dags/example_latest_only_with_trigger.py took 0.113 seconds
