[2023-03-17T03:11:01.262+0000] {processor.py:153} INFO - Started process (PID=265) to work on /home/airflow/.local/lib/python3.7/site-packages/airflow/example_dags/tutorial_taskflow_api.py
[2023-03-17T03:11:01.264+0000] {processor.py:743} INFO - Processing file /home/airflow/.local/lib/python3.7/site-packages/airflow/example_dags/tutorial_taskflow_api.py for tasks to queue
[2023-03-17T03:11:01.267+0000] {logging_mixin.py:137} INFO - [2023-03-17T03:11:01.266+0000] {dagbag.py:532} INFO - Filling up the DagBag from /home/airflow/.local/lib/python3.7/site-packages/airflow/example_dags/tutorial_taskflow_api.py
[2023-03-17T03:11:01.327+0000] {processor.py:753} INFO - DAG(s) dict_keys(['tutorial_taskflow_api']) retrieved from /home/airflow/.local/lib/python3.7/site-packages/airflow/example_dags/tutorial_taskflow_api.py
[2023-03-17T03:11:01.413+0000] {logging_mixin.py:137} INFO - [2023-03-17T03:11:01.413+0000] {dag.py:2693} INFO - Sync 1 DAGs
[2023-03-17T03:11:01.483+0000] {logging_mixin.py:137} INFO - [2023-03-17T03:11:01.483+0000] {dag.py:3444} INFO - Setting next_dagrun for tutorial_taskflow_api to None, run_after=None
[2023-03-17T03:11:01.632+0000] {processor.py:175} INFO - Processing /home/airflow/.local/lib/python3.7/site-packages/airflow/example_dags/tutorial_taskflow_api.py took 0.378 seconds
[2023-03-17T03:11:34.557+0000] {processor.py:153} INFO - Started process (PID=489) to work on /home/airflow/.local/lib/python3.7/site-packages/airflow/example_dags/tutorial_taskflow_api.py
[2023-03-17T03:11:34.561+0000] {processor.py:743} INFO - Processing file /home/airflow/.local/lib/python3.7/site-packages/airflow/example_dags/tutorial_taskflow_api.py for tasks to queue
[2023-03-17T03:11:34.563+0000] {logging_mixin.py:137} INFO - [2023-03-17T03:11:34.562+0000] {dagbag.py:532} INFO - Filling up the DagBag from /home/airflow/.local/lib/python3.7/site-packages/airflow/example_dags/tutorial_taskflow_api.py
[2023-03-17T03:11:34.623+0000] {processor.py:753} INFO - DAG(s) dict_keys(['tutorial_taskflow_api']) retrieved from /home/airflow/.local/lib/python3.7/site-packages/airflow/example_dags/tutorial_taskflow_api.py
[2023-03-17T03:11:34.693+0000] {logging_mixin.py:137} INFO - [2023-03-17T03:11:34.692+0000] {dag.py:2693} INFO - Sync 1 DAGs
[2023-03-17T03:11:34.762+0000] {logging_mixin.py:137} INFO - [2023-03-17T03:11:34.762+0000] {dag.py:3444} INFO - Setting next_dagrun for tutorial_taskflow_api to None, run_after=None
[2023-03-17T03:11:34.937+0000] {processor.py:175} INFO - Processing /home/airflow/.local/lib/python3.7/site-packages/airflow/example_dags/tutorial_taskflow_api.py took 0.391 seconds
[2023-03-17T03:12:05.584+0000] {processor.py:153} INFO - Started process (PID=706) to work on /home/airflow/.local/lib/python3.7/site-packages/airflow/example_dags/tutorial_taskflow_api.py
[2023-03-17T03:12:05.586+0000] {processor.py:743} INFO - Processing file /home/airflow/.local/lib/python3.7/site-packages/airflow/example_dags/tutorial_taskflow_api.py for tasks to queue
[2023-03-17T03:12:05.588+0000] {logging_mixin.py:137} INFO - [2023-03-17T03:12:05.587+0000] {dagbag.py:532} INFO - Filling up the DagBag from /home/airflow/.local/lib/python3.7/site-packages/airflow/example_dags/tutorial_taskflow_api.py
[2023-03-17T03:12:05.633+0000] {processor.py:753} INFO - DAG(s) dict_keys(['tutorial_taskflow_api']) retrieved from /home/airflow/.local/lib/python3.7/site-packages/airflow/example_dags/tutorial_taskflow_api.py
[2023-03-17T03:12:05.682+0000] {logging_mixin.py:137} INFO - [2023-03-17T03:12:05.682+0000] {dag.py:2693} INFO - Sync 1 DAGs
[2023-03-17T03:12:05.732+0000] {logging_mixin.py:137} INFO - [2023-03-17T03:12:05.732+0000] {dag.py:3444} INFO - Setting next_dagrun for tutorial_taskflow_api to None, run_after=None
[2023-03-17T03:12:05.767+0000] {processor.py:175} INFO - Processing /home/airflow/.local/lib/python3.7/site-packages/airflow/example_dags/tutorial_taskflow_api.py took 0.188 seconds
[2023-03-17T03:12:35.823+0000] {processor.py:153} INFO - Started process (PID=923) to work on /home/airflow/.local/lib/python3.7/site-packages/airflow/example_dags/tutorial_taskflow_api.py
[2023-03-17T03:12:35.824+0000] {processor.py:743} INFO - Processing file /home/airflow/.local/lib/python3.7/site-packages/airflow/example_dags/tutorial_taskflow_api.py for tasks to queue
[2023-03-17T03:12:35.825+0000] {logging_mixin.py:137} INFO - [2023-03-17T03:12:35.825+0000] {dagbag.py:532} INFO - Filling up the DagBag from /home/airflow/.local/lib/python3.7/site-packages/airflow/example_dags/tutorial_taskflow_api.py
[2023-03-17T03:12:35.850+0000] {processor.py:753} INFO - DAG(s) dict_keys(['tutorial_taskflow_api']) retrieved from /home/airflow/.local/lib/python3.7/site-packages/airflow/example_dags/tutorial_taskflow_api.py
[2023-03-17T03:12:35.883+0000] {logging_mixin.py:137} INFO - [2023-03-17T03:12:35.883+0000] {dag.py:2693} INFO - Sync 1 DAGs
[2023-03-17T03:12:35.921+0000] {logging_mixin.py:137} INFO - [2023-03-17T03:12:35.921+0000] {dag.py:3444} INFO - Setting next_dagrun for tutorial_taskflow_api to None, run_after=None
[2023-03-17T03:12:35.985+0000] {processor.py:175} INFO - Processing /home/airflow/.local/lib/python3.7/site-packages/airflow/example_dags/tutorial_taskflow_api.py took 0.165 seconds
[2023-03-17T03:13:06.579+0000] {processor.py:153} INFO - Started process (PID=1140) to work on /home/airflow/.local/lib/python3.7/site-packages/airflow/example_dags/tutorial_taskflow_api.py
[2023-03-17T03:13:06.580+0000] {processor.py:743} INFO - Processing file /home/airflow/.local/lib/python3.7/site-packages/airflow/example_dags/tutorial_taskflow_api.py for tasks to queue
[2023-03-17T03:13:06.581+0000] {logging_mixin.py:137} INFO - [2023-03-17T03:13:06.581+0000] {dagbag.py:532} INFO - Filling up the DagBag from /home/airflow/.local/lib/python3.7/site-packages/airflow/example_dags/tutorial_taskflow_api.py
[2023-03-17T03:13:06.605+0000] {processor.py:753} INFO - DAG(s) dict_keys(['tutorial_taskflow_api']) retrieved from /home/airflow/.local/lib/python3.7/site-packages/airflow/example_dags/tutorial_taskflow_api.py
[2023-03-17T03:13:06.636+0000] {logging_mixin.py:137} INFO - [2023-03-17T03:13:06.636+0000] {dag.py:2693} INFO - Sync 1 DAGs
[2023-03-17T03:13:06.692+0000] {logging_mixin.py:137} INFO - [2023-03-17T03:13:06.691+0000] {dag.py:3444} INFO - Setting next_dagrun for tutorial_taskflow_api to None, run_after=None
[2023-03-17T03:13:06.731+0000] {processor.py:175} INFO - Processing /home/airflow/.local/lib/python3.7/site-packages/airflow/example_dags/tutorial_taskflow_api.py took 0.157 seconds
[2023-03-17T03:13:37.220+0000] {processor.py:153} INFO - Started process (PID=1357) to work on /home/airflow/.local/lib/python3.7/site-packages/airflow/example_dags/tutorial_taskflow_api.py
[2023-03-17T03:13:37.221+0000] {processor.py:743} INFO - Processing file /home/airflow/.local/lib/python3.7/site-packages/airflow/example_dags/tutorial_taskflow_api.py for tasks to queue
[2023-03-17T03:13:37.222+0000] {logging_mixin.py:137} INFO - [2023-03-17T03:13:37.222+0000] {dagbag.py:532} INFO - Filling up the DagBag from /home/airflow/.local/lib/python3.7/site-packages/airflow/example_dags/tutorial_taskflow_api.py
[2023-03-17T03:13:37.252+0000] {processor.py:753} INFO - DAG(s) dict_keys(['tutorial_taskflow_api']) retrieved from /home/airflow/.local/lib/python3.7/site-packages/airflow/example_dags/tutorial_taskflow_api.py
[2023-03-17T03:13:37.283+0000] {logging_mixin.py:137} INFO - [2023-03-17T03:13:37.283+0000] {dag.py:2693} INFO - Sync 1 DAGs
[2023-03-17T03:13:37.314+0000] {logging_mixin.py:137} INFO - [2023-03-17T03:13:37.314+0000] {dag.py:3444} INFO - Setting next_dagrun for tutorial_taskflow_api to None, run_after=None
[2023-03-17T03:13:37.393+0000] {processor.py:175} INFO - Processing /home/airflow/.local/lib/python3.7/site-packages/airflow/example_dags/tutorial_taskflow_api.py took 0.177 seconds
[2023-03-17T03:14:07.620+0000] {processor.py:153} INFO - Started process (PID=1574) to work on /home/airflow/.local/lib/python3.7/site-packages/airflow/example_dags/tutorial_taskflow_api.py
[2023-03-17T03:14:07.621+0000] {processor.py:743} INFO - Processing file /home/airflow/.local/lib/python3.7/site-packages/airflow/example_dags/tutorial_taskflow_api.py for tasks to queue
[2023-03-17T03:14:07.622+0000] {logging_mixin.py:137} INFO - [2023-03-17T03:14:07.621+0000] {dagbag.py:532} INFO - Filling up the DagBag from /home/airflow/.local/lib/python3.7/site-packages/airflow/example_dags/tutorial_taskflow_api.py
[2023-03-17T03:14:07.646+0000] {processor.py:753} INFO - DAG(s) dict_keys(['tutorial_taskflow_api']) retrieved from /home/airflow/.local/lib/python3.7/site-packages/airflow/example_dags/tutorial_taskflow_api.py
[2023-03-17T03:14:07.676+0000] {logging_mixin.py:137} INFO - [2023-03-17T03:14:07.676+0000] {dag.py:2693} INFO - Sync 1 DAGs
[2023-03-17T03:14:07.707+0000] {logging_mixin.py:137} INFO - [2023-03-17T03:14:07.707+0000] {dag.py:3444} INFO - Setting next_dagrun for tutorial_taskflow_api to None, run_after=None
[2023-03-17T03:14:07.733+0000] {processor.py:175} INFO - Processing /home/airflow/.local/lib/python3.7/site-packages/airflow/example_dags/tutorial_taskflow_api.py took 0.117 seconds
[2023-03-17T03:14:37.980+0000] {processor.py:153} INFO - Started process (PID=1791) to work on /home/airflow/.local/lib/python3.7/site-packages/airflow/example_dags/tutorial_taskflow_api.py
[2023-03-17T03:14:37.981+0000] {processor.py:743} INFO - Processing file /home/airflow/.local/lib/python3.7/site-packages/airflow/example_dags/tutorial_taskflow_api.py for tasks to queue
[2023-03-17T03:14:37.982+0000] {logging_mixin.py:137} INFO - [2023-03-17T03:14:37.982+0000] {dagbag.py:532} INFO - Filling up the DagBag from /home/airflow/.local/lib/python3.7/site-packages/airflow/example_dags/tutorial_taskflow_api.py
[2023-03-17T03:14:38.006+0000] {processor.py:753} INFO - DAG(s) dict_keys(['tutorial_taskflow_api']) retrieved from /home/airflow/.local/lib/python3.7/site-packages/airflow/example_dags/tutorial_taskflow_api.py
[2023-03-17T03:14:38.037+0000] {logging_mixin.py:137} INFO - [2023-03-17T03:14:38.037+0000] {dag.py:2693} INFO - Sync 1 DAGs
[2023-03-17T03:14:38.070+0000] {logging_mixin.py:137} INFO - [2023-03-17T03:14:38.070+0000] {dag.py:3444} INFO - Setting next_dagrun for tutorial_taskflow_api to None, run_after=None
[2023-03-17T03:14:38.097+0000] {processor.py:175} INFO - Processing /home/airflow/.local/lib/python3.7/site-packages/airflow/example_dags/tutorial_taskflow_api.py took 0.121 seconds
[2023-03-17T03:15:08.504+0000] {processor.py:153} INFO - Started process (PID=2008) to work on /home/airflow/.local/lib/python3.7/site-packages/airflow/example_dags/tutorial_taskflow_api.py
[2023-03-17T03:15:08.506+0000] {processor.py:743} INFO - Processing file /home/airflow/.local/lib/python3.7/site-packages/airflow/example_dags/tutorial_taskflow_api.py for tasks to queue
[2023-03-17T03:15:08.507+0000] {logging_mixin.py:137} INFO - [2023-03-17T03:15:08.507+0000] {dagbag.py:532} INFO - Filling up the DagBag from /home/airflow/.local/lib/python3.7/site-packages/airflow/example_dags/tutorial_taskflow_api.py
[2023-03-17T03:15:08.533+0000] {processor.py:753} INFO - DAG(s) dict_keys(['tutorial_taskflow_api']) retrieved from /home/airflow/.local/lib/python3.7/site-packages/airflow/example_dags/tutorial_taskflow_api.py
[2023-03-17T03:15:08.565+0000] {logging_mixin.py:137} INFO - [2023-03-17T03:15:08.565+0000] {dag.py:2693} INFO - Sync 1 DAGs
[2023-03-17T03:15:08.599+0000] {logging_mixin.py:137} INFO - [2023-03-17T03:15:08.598+0000] {dag.py:3444} INFO - Setting next_dagrun for tutorial_taskflow_api to None, run_after=None
[2023-03-17T03:15:08.625+0000] {processor.py:175} INFO - Processing /home/airflow/.local/lib/python3.7/site-packages/airflow/example_dags/tutorial_taskflow_api.py took 0.124 seconds
[2023-03-17T03:15:39.069+0000] {processor.py:153} INFO - Started process (PID=2225) to work on /home/airflow/.local/lib/python3.7/site-packages/airflow/example_dags/tutorial_taskflow_api.py
[2023-03-17T03:15:39.071+0000] {processor.py:743} INFO - Processing file /home/airflow/.local/lib/python3.7/site-packages/airflow/example_dags/tutorial_taskflow_api.py for tasks to queue
[2023-03-17T03:15:39.072+0000] {logging_mixin.py:137} INFO - [2023-03-17T03:15:39.071+0000] {dagbag.py:532} INFO - Filling up the DagBag from /home/airflow/.local/lib/python3.7/site-packages/airflow/example_dags/tutorial_taskflow_api.py
[2023-03-17T03:15:39.096+0000] {processor.py:753} INFO - DAG(s) dict_keys(['tutorial_taskflow_api']) retrieved from /home/airflow/.local/lib/python3.7/site-packages/airflow/example_dags/tutorial_taskflow_api.py
[2023-03-17T03:15:39.128+0000] {logging_mixin.py:137} INFO - [2023-03-17T03:15:39.127+0000] {dag.py:2693} INFO - Sync 1 DAGs
[2023-03-17T03:15:39.161+0000] {logging_mixin.py:137} INFO - [2023-03-17T03:15:39.161+0000] {dag.py:3444} INFO - Setting next_dagrun for tutorial_taskflow_api to None, run_after=None
[2023-03-17T03:15:39.188+0000] {processor.py:175} INFO - Processing /home/airflow/.local/lib/python3.7/site-packages/airflow/example_dags/tutorial_taskflow_api.py took 0.122 seconds
[2023-03-17T03:16:09.647+0000] {processor.py:153} INFO - Started process (PID=2443) to work on /home/airflow/.local/lib/python3.7/site-packages/airflow/example_dags/tutorial_taskflow_api.py
[2023-03-17T03:16:09.648+0000] {processor.py:743} INFO - Processing file /home/airflow/.local/lib/python3.7/site-packages/airflow/example_dags/tutorial_taskflow_api.py for tasks to queue
[2023-03-17T03:16:09.649+0000] {logging_mixin.py:137} INFO - [2023-03-17T03:16:09.649+0000] {dagbag.py:532} INFO - Filling up the DagBag from /home/airflow/.local/lib/python3.7/site-packages/airflow/example_dags/tutorial_taskflow_api.py
[2023-03-17T03:16:09.673+0000] {processor.py:753} INFO - DAG(s) dict_keys(['tutorial_taskflow_api']) retrieved from /home/airflow/.local/lib/python3.7/site-packages/airflow/example_dags/tutorial_taskflow_api.py
[2023-03-17T03:16:09.707+0000] {logging_mixin.py:137} INFO - [2023-03-17T03:16:09.707+0000] {dag.py:2693} INFO - Sync 1 DAGs
[2023-03-17T03:16:09.741+0000] {logging_mixin.py:137} INFO - [2023-03-17T03:16:09.741+0000] {dag.py:3444} INFO - Setting next_dagrun for tutorial_taskflow_api to None, run_after=None
[2023-03-17T03:16:09.773+0000] {processor.py:175} INFO - Processing /home/airflow/.local/lib/python3.7/site-packages/airflow/example_dags/tutorial_taskflow_api.py took 0.129 seconds
[2023-03-17T03:16:40.209+0000] {processor.py:153} INFO - Started process (PID=2660) to work on /home/airflow/.local/lib/python3.7/site-packages/airflow/example_dags/tutorial_taskflow_api.py
[2023-03-17T03:16:40.210+0000] {processor.py:743} INFO - Processing file /home/airflow/.local/lib/python3.7/site-packages/airflow/example_dags/tutorial_taskflow_api.py for tasks to queue
[2023-03-17T03:16:40.211+0000] {logging_mixin.py:137} INFO - [2023-03-17T03:16:40.210+0000] {dagbag.py:532} INFO - Filling up the DagBag from /home/airflow/.local/lib/python3.7/site-packages/airflow/example_dags/tutorial_taskflow_api.py
[2023-03-17T03:16:40.235+0000] {processor.py:753} INFO - DAG(s) dict_keys(['tutorial_taskflow_api']) retrieved from /home/airflow/.local/lib/python3.7/site-packages/airflow/example_dags/tutorial_taskflow_api.py
[2023-03-17T03:16:40.263+0000] {logging_mixin.py:137} INFO - [2023-03-17T03:16:40.263+0000] {dag.py:2693} INFO - Sync 1 DAGs
[2023-03-17T03:16:40.294+0000] {logging_mixin.py:137} INFO - [2023-03-17T03:16:40.294+0000] {dag.py:3444} INFO - Setting next_dagrun for tutorial_taskflow_api to None, run_after=None
[2023-03-17T03:16:40.319+0000] {processor.py:175} INFO - Processing /home/airflow/.local/lib/python3.7/site-packages/airflow/example_dags/tutorial_taskflow_api.py took 0.114 seconds
[2023-03-17T03:17:10.703+0000] {processor.py:153} INFO - Started process (PID=2877) to work on /home/airflow/.local/lib/python3.7/site-packages/airflow/example_dags/tutorial_taskflow_api.py
[2023-03-17T03:17:10.705+0000] {processor.py:743} INFO - Processing file /home/airflow/.local/lib/python3.7/site-packages/airflow/example_dags/tutorial_taskflow_api.py for tasks to queue
[2023-03-17T03:17:10.706+0000] {logging_mixin.py:137} INFO - [2023-03-17T03:17:10.706+0000] {dagbag.py:532} INFO - Filling up the DagBag from /home/airflow/.local/lib/python3.7/site-packages/airflow/example_dags/tutorial_taskflow_api.py
[2023-03-17T03:17:10.730+0000] {processor.py:753} INFO - DAG(s) dict_keys(['tutorial_taskflow_api']) retrieved from /home/airflow/.local/lib/python3.7/site-packages/airflow/example_dags/tutorial_taskflow_api.py
[2023-03-17T03:17:10.760+0000] {logging_mixin.py:137} INFO - [2023-03-17T03:17:10.760+0000] {dag.py:2693} INFO - Sync 1 DAGs
[2023-03-17T03:17:10.793+0000] {logging_mixin.py:137} INFO - [2023-03-17T03:17:10.793+0000] {dag.py:3444} INFO - Setting next_dagrun for tutorial_taskflow_api to None, run_after=None
[2023-03-17T03:17:10.820+0000] {processor.py:175} INFO - Processing /home/airflow/.local/lib/python3.7/site-packages/airflow/example_dags/tutorial_taskflow_api.py took 0.121 seconds
[2023-03-17T03:17:41.131+0000] {processor.py:153} INFO - Started process (PID=3094) to work on /home/airflow/.local/lib/python3.7/site-packages/airflow/example_dags/tutorial_taskflow_api.py
[2023-03-17T03:17:41.132+0000] {processor.py:743} INFO - Processing file /home/airflow/.local/lib/python3.7/site-packages/airflow/example_dags/tutorial_taskflow_api.py for tasks to queue
[2023-03-17T03:17:41.133+0000] {logging_mixin.py:137} INFO - [2023-03-17T03:17:41.132+0000] {dagbag.py:532} INFO - Filling up the DagBag from /home/airflow/.local/lib/python3.7/site-packages/airflow/example_dags/tutorial_taskflow_api.py
[2023-03-17T03:17:41.156+0000] {processor.py:753} INFO - DAG(s) dict_keys(['tutorial_taskflow_api']) retrieved from /home/airflow/.local/lib/python3.7/site-packages/airflow/example_dags/tutorial_taskflow_api.py
[2023-03-17T03:17:41.184+0000] {logging_mixin.py:137} INFO - [2023-03-17T03:17:41.184+0000] {dag.py:2693} INFO - Sync 1 DAGs
[2023-03-17T03:17:41.215+0000] {logging_mixin.py:137} INFO - [2023-03-17T03:17:41.215+0000] {dag.py:3444} INFO - Setting next_dagrun for tutorial_taskflow_api to None, run_after=None
[2023-03-17T03:17:41.242+0000] {processor.py:175} INFO - Processing /home/airflow/.local/lib/python3.7/site-packages/airflow/example_dags/tutorial_taskflow_api.py took 0.115 seconds
[2023-03-17T03:18:11.573+0000] {processor.py:153} INFO - Started process (PID=3311) to work on /home/airflow/.local/lib/python3.7/site-packages/airflow/example_dags/tutorial_taskflow_api.py
[2023-03-17T03:18:11.574+0000] {processor.py:743} INFO - Processing file /home/airflow/.local/lib/python3.7/site-packages/airflow/example_dags/tutorial_taskflow_api.py for tasks to queue
[2023-03-17T03:18:11.575+0000] {logging_mixin.py:137} INFO - [2023-03-17T03:18:11.575+0000] {dagbag.py:532} INFO - Filling up the DagBag from /home/airflow/.local/lib/python3.7/site-packages/airflow/example_dags/tutorial_taskflow_api.py
[2023-03-17T03:18:11.601+0000] {processor.py:753} INFO - DAG(s) dict_keys(['tutorial_taskflow_api']) retrieved from /home/airflow/.local/lib/python3.7/site-packages/airflow/example_dags/tutorial_taskflow_api.py
[2023-03-17T03:18:11.630+0000] {logging_mixin.py:137} INFO - [2023-03-17T03:18:11.630+0000] {dag.py:2693} INFO - Sync 1 DAGs
[2023-03-17T03:18:11.663+0000] {logging_mixin.py:137} INFO - [2023-03-17T03:18:11.663+0000] {dag.py:3444} INFO - Setting next_dagrun for tutorial_taskflow_api to None, run_after=None
[2023-03-17T03:18:11.688+0000] {processor.py:175} INFO - Processing /home/airflow/.local/lib/python3.7/site-packages/airflow/example_dags/tutorial_taskflow_api.py took 0.119 seconds
[2023-03-17T03:18:42.077+0000] {processor.py:153} INFO - Started process (PID=3529) to work on /home/airflow/.local/lib/python3.7/site-packages/airflow/example_dags/tutorial_taskflow_api.py
[2023-03-17T03:18:42.079+0000] {processor.py:743} INFO - Processing file /home/airflow/.local/lib/python3.7/site-packages/airflow/example_dags/tutorial_taskflow_api.py for tasks to queue
[2023-03-17T03:18:42.080+0000] {logging_mixin.py:137} INFO - [2023-03-17T03:18:42.080+0000] {dagbag.py:532} INFO - Filling up the DagBag from /home/airflow/.local/lib/python3.7/site-packages/airflow/example_dags/tutorial_taskflow_api.py
[2023-03-17T03:18:42.107+0000] {processor.py:753} INFO - DAG(s) dict_keys(['tutorial_taskflow_api']) retrieved from /home/airflow/.local/lib/python3.7/site-packages/airflow/example_dags/tutorial_taskflow_api.py
[2023-03-17T03:18:42.136+0000] {logging_mixin.py:137} INFO - [2023-03-17T03:18:42.136+0000] {dag.py:2693} INFO - Sync 1 DAGs
[2023-03-17T03:18:42.174+0000] {logging_mixin.py:137} INFO - [2023-03-17T03:18:42.174+0000] {dag.py:3444} INFO - Setting next_dagrun for tutorial_taskflow_api to None, run_after=None
[2023-03-17T03:18:42.201+0000] {processor.py:175} INFO - Processing /home/airflow/.local/lib/python3.7/site-packages/airflow/example_dags/tutorial_taskflow_api.py took 0.127 seconds
[2023-03-17T03:19:12.737+0000] {processor.py:153} INFO - Started process (PID=3746) to work on /home/airflow/.local/lib/python3.7/site-packages/airflow/example_dags/tutorial_taskflow_api.py
[2023-03-17T03:19:12.738+0000] {processor.py:743} INFO - Processing file /home/airflow/.local/lib/python3.7/site-packages/airflow/example_dags/tutorial_taskflow_api.py for tasks to queue
[2023-03-17T03:19:12.739+0000] {logging_mixin.py:137} INFO - [2023-03-17T03:19:12.739+0000] {dagbag.py:532} INFO - Filling up the DagBag from /home/airflow/.local/lib/python3.7/site-packages/airflow/example_dags/tutorial_taskflow_api.py
[2023-03-17T03:19:12.764+0000] {processor.py:753} INFO - DAG(s) dict_keys(['tutorial_taskflow_api']) retrieved from /home/airflow/.local/lib/python3.7/site-packages/airflow/example_dags/tutorial_taskflow_api.py
[2023-03-17T03:19:12.793+0000] {logging_mixin.py:137} INFO - [2023-03-17T03:19:12.793+0000] {dag.py:2693} INFO - Sync 1 DAGs
[2023-03-17T03:19:12.825+0000] {logging_mixin.py:137} INFO - [2023-03-17T03:19:12.825+0000] {dag.py:3444} INFO - Setting next_dagrun for tutorial_taskflow_api to None, run_after=None
[2023-03-17T03:19:12.856+0000] {processor.py:175} INFO - Processing /home/airflow/.local/lib/python3.7/site-packages/airflow/example_dags/tutorial_taskflow_api.py took 0.122 seconds
[2023-03-17T03:19:43.361+0000] {processor.py:153} INFO - Started process (PID=3963) to work on /home/airflow/.local/lib/python3.7/site-packages/airflow/example_dags/tutorial_taskflow_api.py
[2023-03-17T03:19:43.362+0000] {processor.py:743} INFO - Processing file /home/airflow/.local/lib/python3.7/site-packages/airflow/example_dags/tutorial_taskflow_api.py for tasks to queue
[2023-03-17T03:19:43.363+0000] {logging_mixin.py:137} INFO - [2023-03-17T03:19:43.363+0000] {dagbag.py:532} INFO - Filling up the DagBag from /home/airflow/.local/lib/python3.7/site-packages/airflow/example_dags/tutorial_taskflow_api.py
[2023-03-17T03:19:43.388+0000] {processor.py:753} INFO - DAG(s) dict_keys(['tutorial_taskflow_api']) retrieved from /home/airflow/.local/lib/python3.7/site-packages/airflow/example_dags/tutorial_taskflow_api.py
[2023-03-17T03:19:43.416+0000] {logging_mixin.py:137} INFO - [2023-03-17T03:19:43.416+0000] {dag.py:2693} INFO - Sync 1 DAGs
[2023-03-17T03:19:43.447+0000] {logging_mixin.py:137} INFO - [2023-03-17T03:19:43.447+0000] {dag.py:3444} INFO - Setting next_dagrun for tutorial_taskflow_api to None, run_after=None
[2023-03-17T03:19:43.472+0000] {processor.py:175} INFO - Processing /home/airflow/.local/lib/python3.7/site-packages/airflow/example_dags/tutorial_taskflow_api.py took 0.114 seconds
[2023-03-17T03:20:13.811+0000] {processor.py:153} INFO - Started process (PID=4180) to work on /home/airflow/.local/lib/python3.7/site-packages/airflow/example_dags/tutorial_taskflow_api.py
[2023-03-17T03:20:13.813+0000] {processor.py:743} INFO - Processing file /home/airflow/.local/lib/python3.7/site-packages/airflow/example_dags/tutorial_taskflow_api.py for tasks to queue
[2023-03-17T03:20:13.814+0000] {logging_mixin.py:137} INFO - [2023-03-17T03:20:13.814+0000] {dagbag.py:532} INFO - Filling up the DagBag from /home/airflow/.local/lib/python3.7/site-packages/airflow/example_dags/tutorial_taskflow_api.py
[2023-03-17T03:20:13.837+0000] {processor.py:753} INFO - DAG(s) dict_keys(['tutorial_taskflow_api']) retrieved from /home/airflow/.local/lib/python3.7/site-packages/airflow/example_dags/tutorial_taskflow_api.py
[2023-03-17T03:20:13.869+0000] {logging_mixin.py:137} INFO - [2023-03-17T03:20:13.868+0000] {dag.py:2693} INFO - Sync 1 DAGs
[2023-03-17T03:20:13.902+0000] {logging_mixin.py:137} INFO - [2023-03-17T03:20:13.902+0000] {dag.py:3444} INFO - Setting next_dagrun for tutorial_taskflow_api to None, run_after=None
[2023-03-17T03:20:13.927+0000] {processor.py:175} INFO - Processing /home/airflow/.local/lib/python3.7/site-packages/airflow/example_dags/tutorial_taskflow_api.py took 0.120 seconds
[2023-03-17T03:20:44.190+0000] {processor.py:153} INFO - Started process (PID=4397) to work on /home/airflow/.local/lib/python3.7/site-packages/airflow/example_dags/tutorial_taskflow_api.py
[2023-03-17T03:20:44.191+0000] {processor.py:743} INFO - Processing file /home/airflow/.local/lib/python3.7/site-packages/airflow/example_dags/tutorial_taskflow_api.py for tasks to queue
[2023-03-17T03:20:44.192+0000] {logging_mixin.py:137} INFO - [2023-03-17T03:20:44.192+0000] {dagbag.py:532} INFO - Filling up the DagBag from /home/airflow/.local/lib/python3.7/site-packages/airflow/example_dags/tutorial_taskflow_api.py
[2023-03-17T03:20:44.217+0000] {processor.py:753} INFO - DAG(s) dict_keys(['tutorial_taskflow_api']) retrieved from /home/airflow/.local/lib/python3.7/site-packages/airflow/example_dags/tutorial_taskflow_api.py
[2023-03-17T03:20:44.249+0000] {logging_mixin.py:137} INFO - [2023-03-17T03:20:44.249+0000] {dag.py:2693} INFO - Sync 1 DAGs
[2023-03-17T03:20:44.281+0000] {logging_mixin.py:137} INFO - [2023-03-17T03:20:44.281+0000] {dag.py:3444} INFO - Setting next_dagrun for tutorial_taskflow_api to None, run_after=None
[2023-03-17T03:20:44.309+0000] {processor.py:175} INFO - Processing /home/airflow/.local/lib/python3.7/site-packages/airflow/example_dags/tutorial_taskflow_api.py took 0.122 seconds
[2023-03-17T03:21:14.716+0000] {processor.py:153} INFO - Started process (PID=4614) to work on /home/airflow/.local/lib/python3.7/site-packages/airflow/example_dags/tutorial_taskflow_api.py
[2023-03-17T03:21:14.717+0000] {processor.py:743} INFO - Processing file /home/airflow/.local/lib/python3.7/site-packages/airflow/example_dags/tutorial_taskflow_api.py for tasks to queue
[2023-03-17T03:21:14.718+0000] {logging_mixin.py:137} INFO - [2023-03-17T03:21:14.718+0000] {dagbag.py:532} INFO - Filling up the DagBag from /home/airflow/.local/lib/python3.7/site-packages/airflow/example_dags/tutorial_taskflow_api.py
[2023-03-17T03:21:14.743+0000] {processor.py:753} INFO - DAG(s) dict_keys(['tutorial_taskflow_api']) retrieved from /home/airflow/.local/lib/python3.7/site-packages/airflow/example_dags/tutorial_taskflow_api.py
[2023-03-17T03:21:14.771+0000] {logging_mixin.py:137} INFO - [2023-03-17T03:21:14.771+0000] {dag.py:2693} INFO - Sync 1 DAGs
[2023-03-17T03:21:14.804+0000] {logging_mixin.py:137} INFO - [2023-03-17T03:21:14.804+0000] {dag.py:3444} INFO - Setting next_dagrun for tutorial_taskflow_api to None, run_after=None
[2023-03-17T03:21:14.829+0000] {processor.py:175} INFO - Processing /home/airflow/.local/lib/python3.7/site-packages/airflow/example_dags/tutorial_taskflow_api.py took 0.117 seconds
[2023-03-17T03:21:45.536+0000] {processor.py:153} INFO - Started process (PID=4831) to work on /home/airflow/.local/lib/python3.7/site-packages/airflow/example_dags/tutorial_taskflow_api.py
[2023-03-17T03:21:45.538+0000] {processor.py:743} INFO - Processing file /home/airflow/.local/lib/python3.7/site-packages/airflow/example_dags/tutorial_taskflow_api.py for tasks to queue
[2023-03-17T03:21:45.538+0000] {logging_mixin.py:137} INFO - [2023-03-17T03:21:45.538+0000] {dagbag.py:532} INFO - Filling up the DagBag from /home/airflow/.local/lib/python3.7/site-packages/airflow/example_dags/tutorial_taskflow_api.py
[2023-03-17T03:21:45.562+0000] {processor.py:753} INFO - DAG(s) dict_keys(['tutorial_taskflow_api']) retrieved from /home/airflow/.local/lib/python3.7/site-packages/airflow/example_dags/tutorial_taskflow_api.py
[2023-03-17T03:21:45.591+0000] {logging_mixin.py:137} INFO - [2023-03-17T03:21:45.591+0000] {dag.py:2693} INFO - Sync 1 DAGs
[2023-03-17T03:21:45.625+0000] {logging_mixin.py:137} INFO - [2023-03-17T03:21:45.625+0000] {dag.py:3444} INFO - Setting next_dagrun for tutorial_taskflow_api to None, run_after=None
[2023-03-17T03:21:45.649+0000] {processor.py:175} INFO - Processing /home/airflow/.local/lib/python3.7/site-packages/airflow/example_dags/tutorial_taskflow_api.py took 0.117 seconds
[2023-03-17T03:22:15.837+0000] {processor.py:153} INFO - Started process (PID=5048) to work on /home/airflow/.local/lib/python3.7/site-packages/airflow/example_dags/tutorial_taskflow_api.py
[2023-03-17T03:22:15.839+0000] {processor.py:743} INFO - Processing file /home/airflow/.local/lib/python3.7/site-packages/airflow/example_dags/tutorial_taskflow_api.py for tasks to queue
[2023-03-17T03:22:15.840+0000] {logging_mixin.py:137} INFO - [2023-03-17T03:22:15.839+0000] {dagbag.py:532} INFO - Filling up the DagBag from /home/airflow/.local/lib/python3.7/site-packages/airflow/example_dags/tutorial_taskflow_api.py
[2023-03-17T03:22:15.865+0000] {processor.py:753} INFO - DAG(s) dict_keys(['tutorial_taskflow_api']) retrieved from /home/airflow/.local/lib/python3.7/site-packages/airflow/example_dags/tutorial_taskflow_api.py
[2023-03-17T03:22:15.900+0000] {logging_mixin.py:137} INFO - [2023-03-17T03:22:15.900+0000] {dag.py:2693} INFO - Sync 1 DAGs
[2023-03-17T03:22:15.935+0000] {logging_mixin.py:137} INFO - [2023-03-17T03:22:15.935+0000] {dag.py:3444} INFO - Setting next_dagrun for tutorial_taskflow_api to None, run_after=None
[2023-03-17T03:22:15.967+0000] {processor.py:175} INFO - Processing /home/airflow/.local/lib/python3.7/site-packages/airflow/example_dags/tutorial_taskflow_api.py took 0.134 seconds
[2023-03-17T03:22:46.363+0000] {processor.py:153} INFO - Started process (PID=5265) to work on /home/airflow/.local/lib/python3.7/site-packages/airflow/example_dags/tutorial_taskflow_api.py
[2023-03-17T03:22:46.364+0000] {processor.py:743} INFO - Processing file /home/airflow/.local/lib/python3.7/site-packages/airflow/example_dags/tutorial_taskflow_api.py for tasks to queue
[2023-03-17T03:22:46.365+0000] {logging_mixin.py:137} INFO - [2023-03-17T03:22:46.365+0000] {dagbag.py:532} INFO - Filling up the DagBag from /home/airflow/.local/lib/python3.7/site-packages/airflow/example_dags/tutorial_taskflow_api.py
[2023-03-17T03:22:46.390+0000] {processor.py:753} INFO - DAG(s) dict_keys(['tutorial_taskflow_api']) retrieved from /home/airflow/.local/lib/python3.7/site-packages/airflow/example_dags/tutorial_taskflow_api.py
[2023-03-17T03:22:46.421+0000] {logging_mixin.py:137} INFO - [2023-03-17T03:22:46.420+0000] {dag.py:2693} INFO - Sync 1 DAGs
[2023-03-17T03:22:46.452+0000] {logging_mixin.py:137} INFO - [2023-03-17T03:22:46.451+0000] {dag.py:3444} INFO - Setting next_dagrun for tutorial_taskflow_api to None, run_after=None
[2023-03-17T03:22:46.476+0000] {processor.py:175} INFO - Processing /home/airflow/.local/lib/python3.7/site-packages/airflow/example_dags/tutorial_taskflow_api.py took 0.117 seconds
[2023-03-17T03:23:16.719+0000] {processor.py:153} INFO - Started process (PID=5483) to work on /home/airflow/.local/lib/python3.7/site-packages/airflow/example_dags/tutorial_taskflow_api.py
[2023-03-17T03:23:16.720+0000] {processor.py:743} INFO - Processing file /home/airflow/.local/lib/python3.7/site-packages/airflow/example_dags/tutorial_taskflow_api.py for tasks to queue
[2023-03-17T03:23:16.721+0000] {logging_mixin.py:137} INFO - [2023-03-17T03:23:16.720+0000] {dagbag.py:532} INFO - Filling up the DagBag from /home/airflow/.local/lib/python3.7/site-packages/airflow/example_dags/tutorial_taskflow_api.py
[2023-03-17T03:23:16.746+0000] {processor.py:753} INFO - DAG(s) dict_keys(['tutorial_taskflow_api']) retrieved from /home/airflow/.local/lib/python3.7/site-packages/airflow/example_dags/tutorial_taskflow_api.py
[2023-03-17T03:23:16.776+0000] {logging_mixin.py:137} INFO - [2023-03-17T03:23:16.775+0000] {dag.py:2693} INFO - Sync 1 DAGs
[2023-03-17T03:23:16.806+0000] {logging_mixin.py:137} INFO - [2023-03-17T03:23:16.806+0000] {dag.py:3444} INFO - Setting next_dagrun for tutorial_taskflow_api to None, run_after=None
[2023-03-17T03:23:16.834+0000] {processor.py:175} INFO - Processing /home/airflow/.local/lib/python3.7/site-packages/airflow/example_dags/tutorial_taskflow_api.py took 0.120 seconds
[2023-03-17T03:23:47.216+0000] {processor.py:153} INFO - Started process (PID=5700) to work on /home/airflow/.local/lib/python3.7/site-packages/airflow/example_dags/tutorial_taskflow_api.py
[2023-03-17T03:23:47.217+0000] {processor.py:743} INFO - Processing file /home/airflow/.local/lib/python3.7/site-packages/airflow/example_dags/tutorial_taskflow_api.py for tasks to queue
[2023-03-17T03:23:47.218+0000] {logging_mixin.py:137} INFO - [2023-03-17T03:23:47.218+0000] {dagbag.py:532} INFO - Filling up the DagBag from /home/airflow/.local/lib/python3.7/site-packages/airflow/example_dags/tutorial_taskflow_api.py
[2023-03-17T03:23:47.241+0000] {processor.py:753} INFO - DAG(s) dict_keys(['tutorial_taskflow_api']) retrieved from /home/airflow/.local/lib/python3.7/site-packages/airflow/example_dags/tutorial_taskflow_api.py
[2023-03-17T03:23:47.270+0000] {logging_mixin.py:137} INFO - [2023-03-17T03:23:47.270+0000] {dag.py:2693} INFO - Sync 1 DAGs
[2023-03-17T03:23:47.301+0000] {logging_mixin.py:137} INFO - [2023-03-17T03:23:47.301+0000] {dag.py:3444} INFO - Setting next_dagrun for tutorial_taskflow_api to None, run_after=None
[2023-03-17T03:23:47.328+0000] {processor.py:175} INFO - Processing /home/airflow/.local/lib/python3.7/site-packages/airflow/example_dags/tutorial_taskflow_api.py took 0.116 seconds
[2023-03-17T03:24:17.594+0000] {processor.py:153} INFO - Started process (PID=5917) to work on /home/airflow/.local/lib/python3.7/site-packages/airflow/example_dags/tutorial_taskflow_api.py
[2023-03-17T03:24:17.595+0000] {processor.py:743} INFO - Processing file /home/airflow/.local/lib/python3.7/site-packages/airflow/example_dags/tutorial_taskflow_api.py for tasks to queue
[2023-03-17T03:24:17.596+0000] {logging_mixin.py:137} INFO - [2023-03-17T03:24:17.596+0000] {dagbag.py:532} INFO - Filling up the DagBag from /home/airflow/.local/lib/python3.7/site-packages/airflow/example_dags/tutorial_taskflow_api.py
[2023-03-17T03:24:17.622+0000] {processor.py:753} INFO - DAG(s) dict_keys(['tutorial_taskflow_api']) retrieved from /home/airflow/.local/lib/python3.7/site-packages/airflow/example_dags/tutorial_taskflow_api.py
[2023-03-17T03:24:17.654+0000] {logging_mixin.py:137} INFO - [2023-03-17T03:24:17.654+0000] {dag.py:2693} INFO - Sync 1 DAGs
[2023-03-17T03:24:17.686+0000] {logging_mixin.py:137} INFO - [2023-03-17T03:24:17.686+0000] {dag.py:3444} INFO - Setting next_dagrun for tutorial_taskflow_api to None, run_after=None
[2023-03-17T03:24:17.710+0000] {processor.py:175} INFO - Processing /home/airflow/.local/lib/python3.7/site-packages/airflow/example_dags/tutorial_taskflow_api.py took 0.121 seconds
[2023-03-17T03:24:48.101+0000] {processor.py:153} INFO - Started process (PID=6134) to work on /home/airflow/.local/lib/python3.7/site-packages/airflow/example_dags/tutorial_taskflow_api.py
[2023-03-17T03:24:48.102+0000] {processor.py:743} INFO - Processing file /home/airflow/.local/lib/python3.7/site-packages/airflow/example_dags/tutorial_taskflow_api.py for tasks to queue
[2023-03-17T03:24:48.103+0000] {logging_mixin.py:137} INFO - [2023-03-17T03:24:48.103+0000] {dagbag.py:532} INFO - Filling up the DagBag from /home/airflow/.local/lib/python3.7/site-packages/airflow/example_dags/tutorial_taskflow_api.py
[2023-03-17T03:24:48.126+0000] {processor.py:753} INFO - DAG(s) dict_keys(['tutorial_taskflow_api']) retrieved from /home/airflow/.local/lib/python3.7/site-packages/airflow/example_dags/tutorial_taskflow_api.py
[2023-03-17T03:24:48.155+0000] {logging_mixin.py:137} INFO - [2023-03-17T03:24:48.155+0000] {dag.py:2693} INFO - Sync 1 DAGs
[2023-03-17T03:24:48.187+0000] {logging_mixin.py:137} INFO - [2023-03-17T03:24:48.187+0000] {dag.py:3444} INFO - Setting next_dagrun for tutorial_taskflow_api to None, run_after=None
[2023-03-17T03:24:48.211+0000] {processor.py:175} INFO - Processing /home/airflow/.local/lib/python3.7/site-packages/airflow/example_dags/tutorial_taskflow_api.py took 0.114 seconds
[2023-03-17T03:25:18.445+0000] {processor.py:153} INFO - Started process (PID=6351) to work on /home/airflow/.local/lib/python3.7/site-packages/airflow/example_dags/tutorial_taskflow_api.py
[2023-03-17T03:25:18.446+0000] {processor.py:743} INFO - Processing file /home/airflow/.local/lib/python3.7/site-packages/airflow/example_dags/tutorial_taskflow_api.py for tasks to queue
[2023-03-17T03:25:18.447+0000] {logging_mixin.py:137} INFO - [2023-03-17T03:25:18.447+0000] {dagbag.py:532} INFO - Filling up the DagBag from /home/airflow/.local/lib/python3.7/site-packages/airflow/example_dags/tutorial_taskflow_api.py
[2023-03-17T03:25:18.471+0000] {processor.py:753} INFO - DAG(s) dict_keys(['tutorial_taskflow_api']) retrieved from /home/airflow/.local/lib/python3.7/site-packages/airflow/example_dags/tutorial_taskflow_api.py
[2023-03-17T03:25:18.500+0000] {logging_mixin.py:137} INFO - [2023-03-17T03:25:18.499+0000] {dag.py:2693} INFO - Sync 1 DAGs
[2023-03-17T03:25:18.533+0000] {logging_mixin.py:137} INFO - [2023-03-17T03:25:18.533+0000] {dag.py:3444} INFO - Setting next_dagrun for tutorial_taskflow_api to None, run_after=None
[2023-03-17T03:25:18.558+0000] {processor.py:175} INFO - Processing /home/airflow/.local/lib/python3.7/site-packages/airflow/example_dags/tutorial_taskflow_api.py took 0.117 seconds
[2023-03-17T03:25:48.882+0000] {processor.py:153} INFO - Started process (PID=6568) to work on /home/airflow/.local/lib/python3.7/site-packages/airflow/example_dags/tutorial_taskflow_api.py
[2023-03-17T03:25:48.883+0000] {processor.py:743} INFO - Processing file /home/airflow/.local/lib/python3.7/site-packages/airflow/example_dags/tutorial_taskflow_api.py for tasks to queue
[2023-03-17T03:25:48.884+0000] {logging_mixin.py:137} INFO - [2023-03-17T03:25:48.884+0000] {dagbag.py:532} INFO - Filling up the DagBag from /home/airflow/.local/lib/python3.7/site-packages/airflow/example_dags/tutorial_taskflow_api.py
[2023-03-17T03:25:48.908+0000] {processor.py:753} INFO - DAG(s) dict_keys(['tutorial_taskflow_api']) retrieved from /home/airflow/.local/lib/python3.7/site-packages/airflow/example_dags/tutorial_taskflow_api.py
[2023-03-17T03:25:48.938+0000] {logging_mixin.py:137} INFO - [2023-03-17T03:25:48.937+0000] {dag.py:2693} INFO - Sync 1 DAGs
[2023-03-17T03:25:48.970+0000] {logging_mixin.py:137} INFO - [2023-03-17T03:25:48.969+0000] {dag.py:3444} INFO - Setting next_dagrun for tutorial_taskflow_api to None, run_after=None
[2023-03-17T03:25:48.997+0000] {processor.py:175} INFO - Processing /home/airflow/.local/lib/python3.7/site-packages/airflow/example_dags/tutorial_taskflow_api.py took 0.118 seconds
[2023-03-17T03:26:19.330+0000] {processor.py:153} INFO - Started process (PID=6785) to work on /home/airflow/.local/lib/python3.7/site-packages/airflow/example_dags/tutorial_taskflow_api.py
[2023-03-17T03:26:19.331+0000] {processor.py:743} INFO - Processing file /home/airflow/.local/lib/python3.7/site-packages/airflow/example_dags/tutorial_taskflow_api.py for tasks to queue
[2023-03-17T03:26:19.332+0000] {logging_mixin.py:137} INFO - [2023-03-17T03:26:19.332+0000] {dagbag.py:532} INFO - Filling up the DagBag from /home/airflow/.local/lib/python3.7/site-packages/airflow/example_dags/tutorial_taskflow_api.py
[2023-03-17T03:26:19.356+0000] {processor.py:753} INFO - DAG(s) dict_keys(['tutorial_taskflow_api']) retrieved from /home/airflow/.local/lib/python3.7/site-packages/airflow/example_dags/tutorial_taskflow_api.py
[2023-03-17T03:26:19.384+0000] {logging_mixin.py:137} INFO - [2023-03-17T03:26:19.384+0000] {dag.py:2693} INFO - Sync 1 DAGs
[2023-03-17T03:26:19.416+0000] {logging_mixin.py:137} INFO - [2023-03-17T03:26:19.416+0000] {dag.py:3444} INFO - Setting next_dagrun for tutorial_taskflow_api to None, run_after=None
[2023-03-17T03:26:19.443+0000] {processor.py:175} INFO - Processing /home/airflow/.local/lib/python3.7/site-packages/airflow/example_dags/tutorial_taskflow_api.py took 0.116 seconds
[2023-03-17T03:26:49.877+0000] {processor.py:153} INFO - Started process (PID=7002) to work on /home/airflow/.local/lib/python3.7/site-packages/airflow/example_dags/tutorial_taskflow_api.py
[2023-03-17T03:26:49.879+0000] {processor.py:743} INFO - Processing file /home/airflow/.local/lib/python3.7/site-packages/airflow/example_dags/tutorial_taskflow_api.py for tasks to queue
[2023-03-17T03:26:49.880+0000] {logging_mixin.py:137} INFO - [2023-03-17T03:26:49.879+0000] {dagbag.py:532} INFO - Filling up the DagBag from /home/airflow/.local/lib/python3.7/site-packages/airflow/example_dags/tutorial_taskflow_api.py
[2023-03-17T03:26:49.906+0000] {processor.py:753} INFO - DAG(s) dict_keys(['tutorial_taskflow_api']) retrieved from /home/airflow/.local/lib/python3.7/site-packages/airflow/example_dags/tutorial_taskflow_api.py
[2023-03-17T03:26:49.938+0000] {logging_mixin.py:137} INFO - [2023-03-17T03:26:49.938+0000] {dag.py:2693} INFO - Sync 1 DAGs
[2023-03-17T03:26:49.970+0000] {logging_mixin.py:137} INFO - [2023-03-17T03:26:49.970+0000] {dag.py:3444} INFO - Setting next_dagrun for tutorial_taskflow_api to None, run_after=None
[2023-03-17T03:26:50.000+0000] {processor.py:175} INFO - Processing /home/airflow/.local/lib/python3.7/site-packages/airflow/example_dags/tutorial_taskflow_api.py took 0.126 seconds
[2023-03-17T03:27:20.258+0000] {processor.py:153} INFO - Started process (PID=7219) to work on /home/airflow/.local/lib/python3.7/site-packages/airflow/example_dags/tutorial_taskflow_api.py
[2023-03-17T03:27:20.259+0000] {processor.py:743} INFO - Processing file /home/airflow/.local/lib/python3.7/site-packages/airflow/example_dags/tutorial_taskflow_api.py for tasks to queue
[2023-03-17T03:27:20.260+0000] {logging_mixin.py:137} INFO - [2023-03-17T03:27:20.260+0000] {dagbag.py:532} INFO - Filling up the DagBag from /home/airflow/.local/lib/python3.7/site-packages/airflow/example_dags/tutorial_taskflow_api.py
[2023-03-17T03:27:20.285+0000] {processor.py:753} INFO - DAG(s) dict_keys(['tutorial_taskflow_api']) retrieved from /home/airflow/.local/lib/python3.7/site-packages/airflow/example_dags/tutorial_taskflow_api.py
[2023-03-17T03:27:20.320+0000] {logging_mixin.py:137} INFO - [2023-03-17T03:27:20.320+0000] {dag.py:2693} INFO - Sync 1 DAGs
[2023-03-17T03:27:20.352+0000] {logging_mixin.py:137} INFO - [2023-03-17T03:27:20.352+0000] {dag.py:3444} INFO - Setting next_dagrun for tutorial_taskflow_api to None, run_after=None
[2023-03-17T03:27:20.377+0000] {processor.py:175} INFO - Processing /home/airflow/.local/lib/python3.7/site-packages/airflow/example_dags/tutorial_taskflow_api.py took 0.123 seconds
[2023-03-17T03:27:50.616+0000] {processor.py:153} INFO - Started process (PID=7436) to work on /home/airflow/.local/lib/python3.7/site-packages/airflow/example_dags/tutorial_taskflow_api.py
[2023-03-17T03:27:50.618+0000] {processor.py:743} INFO - Processing file /home/airflow/.local/lib/python3.7/site-packages/airflow/example_dags/tutorial_taskflow_api.py for tasks to queue
[2023-03-17T03:27:50.619+0000] {logging_mixin.py:137} INFO - [2023-03-17T03:27:50.619+0000] {dagbag.py:532} INFO - Filling up the DagBag from /home/airflow/.local/lib/python3.7/site-packages/airflow/example_dags/tutorial_taskflow_api.py
[2023-03-17T03:27:50.644+0000] {processor.py:753} INFO - DAG(s) dict_keys(['tutorial_taskflow_api']) retrieved from /home/airflow/.local/lib/python3.7/site-packages/airflow/example_dags/tutorial_taskflow_api.py
[2023-03-17T03:27:50.678+0000] {logging_mixin.py:137} INFO - [2023-03-17T03:27:50.678+0000] {dag.py:2693} INFO - Sync 1 DAGs
[2023-03-17T03:27:50.709+0000] {logging_mixin.py:137} INFO - [2023-03-17T03:27:50.708+0000] {dag.py:3444} INFO - Setting next_dagrun for tutorial_taskflow_api to None, run_after=None
[2023-03-17T03:27:50.733+0000] {processor.py:175} INFO - Processing /home/airflow/.local/lib/python3.7/site-packages/airflow/example_dags/tutorial_taskflow_api.py took 0.120 seconds
[2023-03-17T03:28:20.985+0000] {processor.py:153} INFO - Started process (PID=7653) to work on /home/airflow/.local/lib/python3.7/site-packages/airflow/example_dags/tutorial_taskflow_api.py
[2023-03-17T03:28:20.986+0000] {processor.py:743} INFO - Processing file /home/airflow/.local/lib/python3.7/site-packages/airflow/example_dags/tutorial_taskflow_api.py for tasks to queue
[2023-03-17T03:28:20.988+0000] {logging_mixin.py:137} INFO - [2023-03-17T03:28:20.987+0000] {dagbag.py:532} INFO - Filling up the DagBag from /home/airflow/.local/lib/python3.7/site-packages/airflow/example_dags/tutorial_taskflow_api.py
[2023-03-17T03:28:21.017+0000] {processor.py:753} INFO - DAG(s) dict_keys(['tutorial_taskflow_api']) retrieved from /home/airflow/.local/lib/python3.7/site-packages/airflow/example_dags/tutorial_taskflow_api.py
[2023-03-17T03:28:21.051+0000] {logging_mixin.py:137} INFO - [2023-03-17T03:28:21.051+0000] {dag.py:2693} INFO - Sync 1 DAGs
[2023-03-17T03:28:21.085+0000] {logging_mixin.py:137} INFO - [2023-03-17T03:28:21.085+0000] {dag.py:3444} INFO - Setting next_dagrun for tutorial_taskflow_api to None, run_after=None
[2023-03-17T03:28:21.111+0000] {processor.py:175} INFO - Processing /home/airflow/.local/lib/python3.7/site-packages/airflow/example_dags/tutorial_taskflow_api.py took 0.130 seconds
[2023-03-17T03:28:51.465+0000] {processor.py:153} INFO - Started process (PID=7870) to work on /home/airflow/.local/lib/python3.7/site-packages/airflow/example_dags/tutorial_taskflow_api.py
[2023-03-17T03:28:51.466+0000] {processor.py:743} INFO - Processing file /home/airflow/.local/lib/python3.7/site-packages/airflow/example_dags/tutorial_taskflow_api.py for tasks to queue
[2023-03-17T03:28:51.467+0000] {logging_mixin.py:137} INFO - [2023-03-17T03:28:51.467+0000] {dagbag.py:532} INFO - Filling up the DagBag from /home/airflow/.local/lib/python3.7/site-packages/airflow/example_dags/tutorial_taskflow_api.py
[2023-03-17T03:28:51.493+0000] {processor.py:753} INFO - DAG(s) dict_keys(['tutorial_taskflow_api']) retrieved from /home/airflow/.local/lib/python3.7/site-packages/airflow/example_dags/tutorial_taskflow_api.py
[2023-03-17T03:28:51.524+0000] {logging_mixin.py:137} INFO - [2023-03-17T03:28:51.524+0000] {dag.py:2693} INFO - Sync 1 DAGs
[2023-03-17T03:28:51.558+0000] {logging_mixin.py:137} INFO - [2023-03-17T03:28:51.558+0000] {dag.py:3444} INFO - Setting next_dagrun for tutorial_taskflow_api to None, run_after=None
[2023-03-17T03:28:51.584+0000] {processor.py:175} INFO - Processing /home/airflow/.local/lib/python3.7/site-packages/airflow/example_dags/tutorial_taskflow_api.py took 0.124 seconds
[2023-03-17T03:29:21.748+0000] {processor.py:153} INFO - Started process (PID=8088) to work on /home/airflow/.local/lib/python3.7/site-packages/airflow/example_dags/tutorial_taskflow_api.py
[2023-03-17T03:29:21.749+0000] {processor.py:743} INFO - Processing file /home/airflow/.local/lib/python3.7/site-packages/airflow/example_dags/tutorial_taskflow_api.py for tasks to queue
[2023-03-17T03:29:21.750+0000] {logging_mixin.py:137} INFO - [2023-03-17T03:29:21.750+0000] {dagbag.py:532} INFO - Filling up the DagBag from /home/airflow/.local/lib/python3.7/site-packages/airflow/example_dags/tutorial_taskflow_api.py
[2023-03-17T03:29:21.776+0000] {processor.py:753} INFO - DAG(s) dict_keys(['tutorial_taskflow_api']) retrieved from /home/airflow/.local/lib/python3.7/site-packages/airflow/example_dags/tutorial_taskflow_api.py
[2023-03-17T03:29:21.809+0000] {logging_mixin.py:137} INFO - [2023-03-17T03:29:21.808+0000] {dag.py:2693} INFO - Sync 1 DAGs
[2023-03-17T03:29:21.839+0000] {logging_mixin.py:137} INFO - [2023-03-17T03:29:21.838+0000] {dag.py:3444} INFO - Setting next_dagrun for tutorial_taskflow_api to None, run_after=None
[2023-03-17T03:29:21.870+0000] {processor.py:175} INFO - Processing /home/airflow/.local/lib/python3.7/site-packages/airflow/example_dags/tutorial_taskflow_api.py took 0.125 seconds
[2023-03-17T03:29:52.178+0000] {processor.py:153} INFO - Started process (PID=8305) to work on /home/airflow/.local/lib/python3.7/site-packages/airflow/example_dags/tutorial_taskflow_api.py
[2023-03-17T03:29:52.179+0000] {processor.py:743} INFO - Processing file /home/airflow/.local/lib/python3.7/site-packages/airflow/example_dags/tutorial_taskflow_api.py for tasks to queue
[2023-03-17T03:29:52.181+0000] {logging_mixin.py:137} INFO - [2023-03-17T03:29:52.180+0000] {dagbag.py:532} INFO - Filling up the DagBag from /home/airflow/.local/lib/python3.7/site-packages/airflow/example_dags/tutorial_taskflow_api.py
[2023-03-17T03:29:52.205+0000] {processor.py:753} INFO - DAG(s) dict_keys(['tutorial_taskflow_api']) retrieved from /home/airflow/.local/lib/python3.7/site-packages/airflow/example_dags/tutorial_taskflow_api.py
[2023-03-17T03:29:52.235+0000] {logging_mixin.py:137} INFO - [2023-03-17T03:29:52.235+0000] {dag.py:2693} INFO - Sync 1 DAGs
[2023-03-17T03:29:52.267+0000] {logging_mixin.py:137} INFO - [2023-03-17T03:29:52.267+0000] {dag.py:3444} INFO - Setting next_dagrun for tutorial_taskflow_api to None, run_after=None
[2023-03-17T03:29:52.293+0000] {processor.py:175} INFO - Processing /home/airflow/.local/lib/python3.7/site-packages/airflow/example_dags/tutorial_taskflow_api.py took 0.119 seconds
[2023-03-17T03:30:22.768+0000] {processor.py:153} INFO - Started process (PID=8522) to work on /home/airflow/.local/lib/python3.7/site-packages/airflow/example_dags/tutorial_taskflow_api.py
[2023-03-17T03:30:22.769+0000] {processor.py:743} INFO - Processing file /home/airflow/.local/lib/python3.7/site-packages/airflow/example_dags/tutorial_taskflow_api.py for tasks to queue
[2023-03-17T03:30:22.770+0000] {logging_mixin.py:137} INFO - [2023-03-17T03:30:22.770+0000] {dagbag.py:532} INFO - Filling up the DagBag from /home/airflow/.local/lib/python3.7/site-packages/airflow/example_dags/tutorial_taskflow_api.py
[2023-03-17T03:30:22.796+0000] {processor.py:753} INFO - DAG(s) dict_keys(['tutorial_taskflow_api']) retrieved from /home/airflow/.local/lib/python3.7/site-packages/airflow/example_dags/tutorial_taskflow_api.py
[2023-03-17T03:30:22.825+0000] {logging_mixin.py:137} INFO - [2023-03-17T03:30:22.825+0000] {dag.py:2693} INFO - Sync 1 DAGs
[2023-03-17T03:30:22.854+0000] {logging_mixin.py:137} INFO - [2023-03-17T03:30:22.854+0000] {dag.py:3444} INFO - Setting next_dagrun for tutorial_taskflow_api to None, run_after=None
[2023-03-17T03:30:22.881+0000] {processor.py:175} INFO - Processing /home/airflow/.local/lib/python3.7/site-packages/airflow/example_dags/tutorial_taskflow_api.py took 0.117 seconds
[2023-03-17T03:30:53.277+0000] {processor.py:153} INFO - Started process (PID=8739) to work on /home/airflow/.local/lib/python3.7/site-packages/airflow/example_dags/tutorial_taskflow_api.py
[2023-03-17T03:30:53.278+0000] {processor.py:743} INFO - Processing file /home/airflow/.local/lib/python3.7/site-packages/airflow/example_dags/tutorial_taskflow_api.py for tasks to queue
[2023-03-17T03:30:53.279+0000] {logging_mixin.py:137} INFO - [2023-03-17T03:30:53.279+0000] {dagbag.py:532} INFO - Filling up the DagBag from /home/airflow/.local/lib/python3.7/site-packages/airflow/example_dags/tutorial_taskflow_api.py
[2023-03-17T03:30:53.304+0000] {processor.py:753} INFO - DAG(s) dict_keys(['tutorial_taskflow_api']) retrieved from /home/airflow/.local/lib/python3.7/site-packages/airflow/example_dags/tutorial_taskflow_api.py
[2023-03-17T03:30:53.334+0000] {logging_mixin.py:137} INFO - [2023-03-17T03:30:53.334+0000] {dag.py:2693} INFO - Sync 1 DAGs
[2023-03-17T03:30:53.369+0000] {logging_mixin.py:137} INFO - [2023-03-17T03:30:53.368+0000] {dag.py:3444} INFO - Setting next_dagrun for tutorial_taskflow_api to None, run_after=None
[2023-03-17T03:30:53.394+0000] {processor.py:175} INFO - Processing /home/airflow/.local/lib/python3.7/site-packages/airflow/example_dags/tutorial_taskflow_api.py took 0.121 seconds
[2023-03-17T03:31:23.603+0000] {processor.py:153} INFO - Started process (PID=8956) to work on /home/airflow/.local/lib/python3.7/site-packages/airflow/example_dags/tutorial_taskflow_api.py
[2023-03-17T03:31:23.604+0000] {processor.py:743} INFO - Processing file /home/airflow/.local/lib/python3.7/site-packages/airflow/example_dags/tutorial_taskflow_api.py for tasks to queue
[2023-03-17T03:31:23.605+0000] {logging_mixin.py:137} INFO - [2023-03-17T03:31:23.605+0000] {dagbag.py:532} INFO - Filling up the DagBag from /home/airflow/.local/lib/python3.7/site-packages/airflow/example_dags/tutorial_taskflow_api.py
[2023-03-17T03:31:23.629+0000] {processor.py:753} INFO - DAG(s) dict_keys(['tutorial_taskflow_api']) retrieved from /home/airflow/.local/lib/python3.7/site-packages/airflow/example_dags/tutorial_taskflow_api.py
[2023-03-17T03:31:23.659+0000] {logging_mixin.py:137} INFO - [2023-03-17T03:31:23.658+0000] {dag.py:2693} INFO - Sync 1 DAGs
[2023-03-17T03:31:23.689+0000] {logging_mixin.py:137} INFO - [2023-03-17T03:31:23.688+0000] {dag.py:3444} INFO - Setting next_dagrun for tutorial_taskflow_api to None, run_after=None
[2023-03-17T03:31:23.715+0000] {processor.py:175} INFO - Processing /home/airflow/.local/lib/python3.7/site-packages/airflow/example_dags/tutorial_taskflow_api.py took 0.116 seconds
[2023-03-17T03:31:53.961+0000] {processor.py:153} INFO - Started process (PID=9173) to work on /home/airflow/.local/lib/python3.7/site-packages/airflow/example_dags/tutorial_taskflow_api.py
[2023-03-17T03:31:53.962+0000] {processor.py:743} INFO - Processing file /home/airflow/.local/lib/python3.7/site-packages/airflow/example_dags/tutorial_taskflow_api.py for tasks to queue
[2023-03-17T03:31:53.963+0000] {logging_mixin.py:137} INFO - [2023-03-17T03:31:53.963+0000] {dagbag.py:532} INFO - Filling up the DagBag from /home/airflow/.local/lib/python3.7/site-packages/airflow/example_dags/tutorial_taskflow_api.py
[2023-03-17T03:31:53.990+0000] {processor.py:753} INFO - DAG(s) dict_keys(['tutorial_taskflow_api']) retrieved from /home/airflow/.local/lib/python3.7/site-packages/airflow/example_dags/tutorial_taskflow_api.py
[2023-03-17T03:31:54.019+0000] {logging_mixin.py:137} INFO - [2023-03-17T03:31:54.019+0000] {dag.py:2693} INFO - Sync 1 DAGs
[2023-03-17T03:31:54.050+0000] {logging_mixin.py:137} INFO - [2023-03-17T03:31:54.050+0000] {dag.py:3444} INFO - Setting next_dagrun for tutorial_taskflow_api to None, run_after=None
[2023-03-17T03:31:54.077+0000] {processor.py:175} INFO - Processing /home/airflow/.local/lib/python3.7/site-packages/airflow/example_dags/tutorial_taskflow_api.py took 0.119 seconds
[2023-03-17T03:32:24.429+0000] {processor.py:153} INFO - Started process (PID=9390) to work on /home/airflow/.local/lib/python3.7/site-packages/airflow/example_dags/tutorial_taskflow_api.py
[2023-03-17T03:32:24.430+0000] {processor.py:743} INFO - Processing file /home/airflow/.local/lib/python3.7/site-packages/airflow/example_dags/tutorial_taskflow_api.py for tasks to queue
[2023-03-17T03:32:24.431+0000] {logging_mixin.py:137} INFO - [2023-03-17T03:32:24.431+0000] {dagbag.py:532} INFO - Filling up the DagBag from /home/airflow/.local/lib/python3.7/site-packages/airflow/example_dags/tutorial_taskflow_api.py
[2023-03-17T03:32:24.454+0000] {processor.py:753} INFO - DAG(s) dict_keys(['tutorial_taskflow_api']) retrieved from /home/airflow/.local/lib/python3.7/site-packages/airflow/example_dags/tutorial_taskflow_api.py
[2023-03-17T03:32:24.485+0000] {logging_mixin.py:137} INFO - [2023-03-17T03:32:24.485+0000] {dag.py:2693} INFO - Sync 1 DAGs
[2023-03-17T03:32:24.518+0000] {logging_mixin.py:137} INFO - [2023-03-17T03:32:24.518+0000] {dag.py:3444} INFO - Setting next_dagrun for tutorial_taskflow_api to None, run_after=None
[2023-03-17T03:32:24.544+0000] {processor.py:175} INFO - Processing /home/airflow/.local/lib/python3.7/site-packages/airflow/example_dags/tutorial_taskflow_api.py took 0.120 seconds
[2023-03-17T03:32:55.123+0000] {processor.py:153} INFO - Started process (PID=9607) to work on /home/airflow/.local/lib/python3.7/site-packages/airflow/example_dags/tutorial_taskflow_api.py
[2023-03-17T03:32:55.125+0000] {processor.py:743} INFO - Processing file /home/airflow/.local/lib/python3.7/site-packages/airflow/example_dags/tutorial_taskflow_api.py for tasks to queue
[2023-03-17T03:32:55.126+0000] {logging_mixin.py:137} INFO - [2023-03-17T03:32:55.126+0000] {dagbag.py:532} INFO - Filling up the DagBag from /home/airflow/.local/lib/python3.7/site-packages/airflow/example_dags/tutorial_taskflow_api.py
[2023-03-17T03:32:55.164+0000] {processor.py:753} INFO - DAG(s) dict_keys(['tutorial_taskflow_api']) retrieved from /home/airflow/.local/lib/python3.7/site-packages/airflow/example_dags/tutorial_taskflow_api.py
[2023-03-17T03:32:55.202+0000] {logging_mixin.py:137} INFO - [2023-03-17T03:32:55.202+0000] {dag.py:2693} INFO - Sync 1 DAGs
[2023-03-17T03:32:55.250+0000] {logging_mixin.py:137} INFO - [2023-03-17T03:32:55.249+0000] {dag.py:3444} INFO - Setting next_dagrun for tutorial_taskflow_api to None, run_after=None
[2023-03-17T03:32:55.280+0000] {processor.py:175} INFO - Processing /home/airflow/.local/lib/python3.7/site-packages/airflow/example_dags/tutorial_taskflow_api.py took 0.160 seconds
[2023-03-17T03:33:25.906+0000] {processor.py:153} INFO - Started process (PID=9825) to work on /home/airflow/.local/lib/python3.7/site-packages/airflow/example_dags/tutorial_taskflow_api.py
[2023-03-17T03:33:25.907+0000] {processor.py:743} INFO - Processing file /home/airflow/.local/lib/python3.7/site-packages/airflow/example_dags/tutorial_taskflow_api.py for tasks to queue
[2023-03-17T03:33:25.909+0000] {logging_mixin.py:137} INFO - [2023-03-17T03:33:25.908+0000] {dagbag.py:532} INFO - Filling up the DagBag from /home/airflow/.local/lib/python3.7/site-packages/airflow/example_dags/tutorial_taskflow_api.py
[2023-03-17T03:33:25.943+0000] {processor.py:753} INFO - DAG(s) dict_keys(['tutorial_taskflow_api']) retrieved from /home/airflow/.local/lib/python3.7/site-packages/airflow/example_dags/tutorial_taskflow_api.py
[2023-03-17T03:33:25.981+0000] {logging_mixin.py:137} INFO - [2023-03-17T03:33:25.981+0000] {dag.py:2693} INFO - Sync 1 DAGs
[2023-03-17T03:33:26.029+0000] {logging_mixin.py:137} INFO - [2023-03-17T03:33:26.028+0000] {dag.py:3444} INFO - Setting next_dagrun for tutorial_taskflow_api to None, run_after=None
[2023-03-17T03:33:26.059+0000] {processor.py:175} INFO - Processing /home/airflow/.local/lib/python3.7/site-packages/airflow/example_dags/tutorial_taskflow_api.py took 0.157 seconds
[2023-03-17T03:33:56.487+0000] {processor.py:153} INFO - Started process (PID=10042) to work on /home/airflow/.local/lib/python3.7/site-packages/airflow/example_dags/tutorial_taskflow_api.py
[2023-03-17T03:33:56.488+0000] {processor.py:743} INFO - Processing file /home/airflow/.local/lib/python3.7/site-packages/airflow/example_dags/tutorial_taskflow_api.py for tasks to queue
[2023-03-17T03:33:56.489+0000] {logging_mixin.py:137} INFO - [2023-03-17T03:33:56.489+0000] {dagbag.py:532} INFO - Filling up the DagBag from /home/airflow/.local/lib/python3.7/site-packages/airflow/example_dags/tutorial_taskflow_api.py
[2023-03-17T03:33:56.515+0000] {processor.py:753} INFO - DAG(s) dict_keys(['tutorial_taskflow_api']) retrieved from /home/airflow/.local/lib/python3.7/site-packages/airflow/example_dags/tutorial_taskflow_api.py
[2023-03-17T03:33:56.545+0000] {logging_mixin.py:137} INFO - [2023-03-17T03:33:56.545+0000] {dag.py:2693} INFO - Sync 1 DAGs
[2023-03-17T03:33:56.579+0000] {logging_mixin.py:137} INFO - [2023-03-17T03:33:56.579+0000] {dag.py:3444} INFO - Setting next_dagrun for tutorial_taskflow_api to None, run_after=None
[2023-03-17T03:33:56.606+0000] {processor.py:175} INFO - Processing /home/airflow/.local/lib/python3.7/site-packages/airflow/example_dags/tutorial_taskflow_api.py took 0.123 seconds
[2023-03-17T03:34:27.120+0000] {processor.py:153} INFO - Started process (PID=10260) to work on /home/airflow/.local/lib/python3.7/site-packages/airflow/example_dags/tutorial_taskflow_api.py
[2023-03-17T03:34:27.122+0000] {processor.py:743} INFO - Processing file /home/airflow/.local/lib/python3.7/site-packages/airflow/example_dags/tutorial_taskflow_api.py for tasks to queue
[2023-03-17T03:34:27.123+0000] {logging_mixin.py:137} INFO - [2023-03-17T03:34:27.123+0000] {dagbag.py:532} INFO - Filling up the DagBag from /home/airflow/.local/lib/python3.7/site-packages/airflow/example_dags/tutorial_taskflow_api.py
[2023-03-17T03:34:27.156+0000] {processor.py:753} INFO - DAG(s) dict_keys(['tutorial_taskflow_api']) retrieved from /home/airflow/.local/lib/python3.7/site-packages/airflow/example_dags/tutorial_taskflow_api.py
[2023-03-17T03:34:27.190+0000] {logging_mixin.py:137} INFO - [2023-03-17T03:34:27.190+0000] {dag.py:2693} INFO - Sync 1 DAGs
[2023-03-17T03:34:27.228+0000] {logging_mixin.py:137} INFO - [2023-03-17T03:34:27.227+0000] {dag.py:3444} INFO - Setting next_dagrun for tutorial_taskflow_api to None, run_after=None
[2023-03-17T03:34:27.256+0000] {processor.py:175} INFO - Processing /home/airflow/.local/lib/python3.7/site-packages/airflow/example_dags/tutorial_taskflow_api.py took 0.141 seconds
