[2023-03-17T03:11:00.580+0000] {processor.py:153} INFO - Started process (PID=245) to work on /home/airflow/.local/lib/python3.7/site-packages/airflow/example_dags/tutorial.py
[2023-03-17T03:11:00.581+0000] {processor.py:743} INFO - Processing file /home/airflow/.local/lib/python3.7/site-packages/airflow/example_dags/tutorial.py for tasks to queue
[2023-03-17T03:11:00.583+0000] {logging_mixin.py:137} INFO - [2023-03-17T03:11:00.582+0000] {dagbag.py:532} INFO - Filling up the DagBag from /home/airflow/.local/lib/python3.7/site-packages/airflow/example_dags/tutorial.py
[2023-03-17T03:11:00.612+0000] {processor.py:753} INFO - DAG(s) dict_keys(['tutorial']) retrieved from /home/airflow/.local/lib/python3.7/site-packages/airflow/example_dags/tutorial.py
[2023-03-17T03:11:00.679+0000] {logging_mixin.py:137} INFO - [2023-03-17T03:11:00.679+0000] {dag.py:2693} INFO - Sync 1 DAGs
[2023-03-17T03:11:00.735+0000] {logging_mixin.py:137} INFO - [2023-03-17T03:11:00.735+0000] {dag.py:3444} INFO - Setting next_dagrun for tutorial to 2023-03-16T03:11:00.735336+00:00, run_after=2023-03-17T03:11:00.735336+00:00
[2023-03-17T03:11:00.774+0000] {processor.py:175} INFO - Processing /home/airflow/.local/lib/python3.7/site-packages/airflow/example_dags/tutorial.py took 0.200 seconds
[2023-03-17T03:11:33.328+0000] {processor.py:153} INFO - Started process (PID=469) to work on /home/airflow/.local/lib/python3.7/site-packages/airflow/example_dags/tutorial.py
[2023-03-17T03:11:33.331+0000] {processor.py:743} INFO - Processing file /home/airflow/.local/lib/python3.7/site-packages/airflow/example_dags/tutorial.py for tasks to queue
[2023-03-17T03:11:33.333+0000] {logging_mixin.py:137} INFO - [2023-03-17T03:11:33.333+0000] {dagbag.py:532} INFO - Filling up the DagBag from /home/airflow/.local/lib/python3.7/site-packages/airflow/example_dags/tutorial.py
[2023-03-17T03:11:33.370+0000] {processor.py:753} INFO - DAG(s) dict_keys(['tutorial']) retrieved from /home/airflow/.local/lib/python3.7/site-packages/airflow/example_dags/tutorial.py
[2023-03-17T03:11:33.432+0000] {logging_mixin.py:137} INFO - [2023-03-17T03:11:33.431+0000] {dag.py:2693} INFO - Sync 1 DAGs
[2023-03-17T03:11:33.502+0000] {logging_mixin.py:137} INFO - [2023-03-17T03:11:33.502+0000] {dag.py:3444} INFO - Setting next_dagrun for tutorial to 2023-03-16T03:11:33.501621+00:00, run_after=2023-03-17T03:11:33.501621+00:00
[2023-03-17T03:11:33.568+0000] {processor.py:175} INFO - Processing /home/airflow/.local/lib/python3.7/site-packages/airflow/example_dags/tutorial.py took 0.248 seconds
[2023-03-17T03:12:05.095+0000] {processor.py:153} INFO - Started process (PID=686) to work on /home/airflow/.local/lib/python3.7/site-packages/airflow/example_dags/tutorial.py
[2023-03-17T03:12:05.097+0000] {processor.py:743} INFO - Processing file /home/airflow/.local/lib/python3.7/site-packages/airflow/example_dags/tutorial.py for tasks to queue
[2023-03-17T03:12:05.098+0000] {logging_mixin.py:137} INFO - [2023-03-17T03:12:05.098+0000] {dagbag.py:532} INFO - Filling up the DagBag from /home/airflow/.local/lib/python3.7/site-packages/airflow/example_dags/tutorial.py
[2023-03-17T03:12:05.128+0000] {processor.py:753} INFO - DAG(s) dict_keys(['tutorial']) retrieved from /home/airflow/.local/lib/python3.7/site-packages/airflow/example_dags/tutorial.py
[2023-03-17T03:12:05.173+0000] {logging_mixin.py:137} INFO - [2023-03-17T03:12:05.173+0000] {dag.py:2693} INFO - Sync 1 DAGs
[2023-03-17T03:12:05.223+0000] {logging_mixin.py:137} INFO - [2023-03-17T03:12:05.223+0000] {dag.py:3444} INFO - Setting next_dagrun for tutorial to 2023-03-16T03:12:05.223202+00:00, run_after=2023-03-17T03:12:05.223202+00:00
[2023-03-17T03:12:05.262+0000] {processor.py:175} INFO - Processing /home/airflow/.local/lib/python3.7/site-packages/airflow/example_dags/tutorial.py took 0.172 seconds
[2023-03-17T03:12:35.379+0000] {processor.py:153} INFO - Started process (PID=903) to work on /home/airflow/.local/lib/python3.7/site-packages/airflow/example_dags/tutorial.py
[2023-03-17T03:12:35.380+0000] {processor.py:743} INFO - Processing file /home/airflow/.local/lib/python3.7/site-packages/airflow/example_dags/tutorial.py for tasks to queue
[2023-03-17T03:12:35.382+0000] {logging_mixin.py:137} INFO - [2023-03-17T03:12:35.381+0000] {dagbag.py:532} INFO - Filling up the DagBag from /home/airflow/.local/lib/python3.7/site-packages/airflow/example_dags/tutorial.py
[2023-03-17T03:12:35.397+0000] {processor.py:753} INFO - DAG(s) dict_keys(['tutorial']) retrieved from /home/airflow/.local/lib/python3.7/site-packages/airflow/example_dags/tutorial.py
[2023-03-17T03:12:35.427+0000] {logging_mixin.py:137} INFO - [2023-03-17T03:12:35.427+0000] {dag.py:2693} INFO - Sync 1 DAGs
[2023-03-17T03:12:35.460+0000] {logging_mixin.py:137} INFO - [2023-03-17T03:12:35.459+0000] {dag.py:3444} INFO - Setting next_dagrun for tutorial to 2023-03-16T03:12:35.459657+00:00, run_after=2023-03-17T03:12:35.459657+00:00
[2023-03-17T03:12:35.485+0000] {processor.py:175} INFO - Processing /home/airflow/.local/lib/python3.7/site-packages/airflow/example_dags/tutorial.py took 0.109 seconds
[2023-03-17T03:13:06.284+0000] {processor.py:153} INFO - Started process (PID=1120) to work on /home/airflow/.local/lib/python3.7/site-packages/airflow/example_dags/tutorial.py
[2023-03-17T03:13:06.285+0000] {processor.py:743} INFO - Processing file /home/airflow/.local/lib/python3.7/site-packages/airflow/example_dags/tutorial.py for tasks to queue
[2023-03-17T03:13:06.286+0000] {logging_mixin.py:137} INFO - [2023-03-17T03:13:06.286+0000] {dagbag.py:532} INFO - Filling up the DagBag from /home/airflow/.local/lib/python3.7/site-packages/airflow/example_dags/tutorial.py
[2023-03-17T03:13:06.302+0000] {processor.py:753} INFO - DAG(s) dict_keys(['tutorial']) retrieved from /home/airflow/.local/lib/python3.7/site-packages/airflow/example_dags/tutorial.py
[2023-03-17T03:13:06.333+0000] {logging_mixin.py:137} INFO - [2023-03-17T03:13:06.332+0000] {dag.py:2693} INFO - Sync 1 DAGs
[2023-03-17T03:13:06.364+0000] {logging_mixin.py:137} INFO - [2023-03-17T03:13:06.364+0000] {dag.py:3444} INFO - Setting next_dagrun for tutorial to 2023-03-16T03:13:06.364245+00:00, run_after=2023-03-17T03:13:06.364245+00:00
[2023-03-17T03:13:06.390+0000] {processor.py:175} INFO - Processing /home/airflow/.local/lib/python3.7/site-packages/airflow/example_dags/tutorial.py took 0.110 seconds
[2023-03-17T03:13:36.852+0000] {processor.py:153} INFO - Started process (PID=1337) to work on /home/airflow/.local/lib/python3.7/site-packages/airflow/example_dags/tutorial.py
[2023-03-17T03:13:36.853+0000] {processor.py:743} INFO - Processing file /home/airflow/.local/lib/python3.7/site-packages/airflow/example_dags/tutorial.py for tasks to queue
[2023-03-17T03:13:36.854+0000] {logging_mixin.py:137} INFO - [2023-03-17T03:13:36.854+0000] {dagbag.py:532} INFO - Filling up the DagBag from /home/airflow/.local/lib/python3.7/site-packages/airflow/example_dags/tutorial.py
[2023-03-17T03:13:36.874+0000] {processor.py:753} INFO - DAG(s) dict_keys(['tutorial']) retrieved from /home/airflow/.local/lib/python3.7/site-packages/airflow/example_dags/tutorial.py
[2023-03-17T03:13:36.913+0000] {logging_mixin.py:137} INFO - [2023-03-17T03:13:36.913+0000] {dag.py:2693} INFO - Sync 1 DAGs
[2023-03-17T03:13:36.945+0000] {logging_mixin.py:137} INFO - [2023-03-17T03:13:36.945+0000] {dag.py:3444} INFO - Setting next_dagrun for tutorial to 2023-03-16T03:13:36.944932+00:00, run_after=2023-03-17T03:13:36.944932+00:00
[2023-03-17T03:13:37.001+0000] {processor.py:175} INFO - Processing /home/airflow/.local/lib/python3.7/site-packages/airflow/example_dags/tutorial.py took 0.155 seconds
[2023-03-17T03:14:07.311+0000] {processor.py:153} INFO - Started process (PID=1554) to work on /home/airflow/.local/lib/python3.7/site-packages/airflow/example_dags/tutorial.py
[2023-03-17T03:14:07.312+0000] {processor.py:743} INFO - Processing file /home/airflow/.local/lib/python3.7/site-packages/airflow/example_dags/tutorial.py for tasks to queue
[2023-03-17T03:14:07.313+0000] {logging_mixin.py:137} INFO - [2023-03-17T03:14:07.313+0000] {dagbag.py:532} INFO - Filling up the DagBag from /home/airflow/.local/lib/python3.7/site-packages/airflow/example_dags/tutorial.py
[2023-03-17T03:14:07.330+0000] {processor.py:753} INFO - DAG(s) dict_keys(['tutorial']) retrieved from /home/airflow/.local/lib/python3.7/site-packages/airflow/example_dags/tutorial.py
[2023-03-17T03:14:07.359+0000] {logging_mixin.py:137} INFO - [2023-03-17T03:14:07.359+0000] {dag.py:2693} INFO - Sync 1 DAGs
[2023-03-17T03:14:07.392+0000] {logging_mixin.py:137} INFO - [2023-03-17T03:14:07.392+0000] {dag.py:3444} INFO - Setting next_dagrun for tutorial to 2023-03-16T03:14:07.392229+00:00, run_after=2023-03-17T03:14:07.392229+00:00
[2023-03-17T03:14:07.421+0000] {processor.py:175} INFO - Processing /home/airflow/.local/lib/python3.7/site-packages/airflow/example_dags/tutorial.py took 0.114 seconds
[2023-03-17T03:14:37.688+0000] {processor.py:153} INFO - Started process (PID=1771) to work on /home/airflow/.local/lib/python3.7/site-packages/airflow/example_dags/tutorial.py
[2023-03-17T03:14:37.689+0000] {processor.py:743} INFO - Processing file /home/airflow/.local/lib/python3.7/site-packages/airflow/example_dags/tutorial.py for tasks to queue
[2023-03-17T03:14:37.691+0000] {logging_mixin.py:137} INFO - [2023-03-17T03:14:37.690+0000] {dagbag.py:532} INFO - Filling up the DagBag from /home/airflow/.local/lib/python3.7/site-packages/airflow/example_dags/tutorial.py
[2023-03-17T03:14:37.706+0000] {processor.py:753} INFO - DAG(s) dict_keys(['tutorial']) retrieved from /home/airflow/.local/lib/python3.7/site-packages/airflow/example_dags/tutorial.py
[2023-03-17T03:14:37.737+0000] {logging_mixin.py:137} INFO - [2023-03-17T03:14:37.737+0000] {dag.py:2693} INFO - Sync 1 DAGs
[2023-03-17T03:14:37.770+0000] {logging_mixin.py:137} INFO - [2023-03-17T03:14:37.770+0000] {dag.py:3444} INFO - Setting next_dagrun for tutorial to 2023-03-16T03:14:37.770473+00:00, run_after=2023-03-17T03:14:37.770473+00:00
[2023-03-17T03:14:37.797+0000] {processor.py:175} INFO - Processing /home/airflow/.local/lib/python3.7/site-packages/airflow/example_dags/tutorial.py took 0.113 seconds
[2023-03-17T03:15:08.209+0000] {processor.py:153} INFO - Started process (PID=1988) to work on /home/airflow/.local/lib/python3.7/site-packages/airflow/example_dags/tutorial.py
[2023-03-17T03:15:08.210+0000] {processor.py:743} INFO - Processing file /home/airflow/.local/lib/python3.7/site-packages/airflow/example_dags/tutorial.py for tasks to queue
[2023-03-17T03:15:08.212+0000] {logging_mixin.py:137} INFO - [2023-03-17T03:15:08.211+0000] {dagbag.py:532} INFO - Filling up the DagBag from /home/airflow/.local/lib/python3.7/site-packages/airflow/example_dags/tutorial.py
[2023-03-17T03:15:08.227+0000] {processor.py:753} INFO - DAG(s) dict_keys(['tutorial']) retrieved from /home/airflow/.local/lib/python3.7/site-packages/airflow/example_dags/tutorial.py
[2023-03-17T03:15:08.256+0000] {logging_mixin.py:137} INFO - [2023-03-17T03:15:08.256+0000] {dag.py:2693} INFO - Sync 1 DAGs
[2023-03-17T03:15:08.288+0000] {logging_mixin.py:137} INFO - [2023-03-17T03:15:08.288+0000] {dag.py:3444} INFO - Setting next_dagrun for tutorial to 2023-03-16T03:15:08.288200+00:00, run_after=2023-03-17T03:15:08.288200+00:00
[2023-03-17T03:15:08.318+0000] {processor.py:175} INFO - Processing /home/airflow/.local/lib/python3.7/site-packages/airflow/example_dags/tutorial.py took 0.112 seconds
[2023-03-17T03:15:38.769+0000] {processor.py:153} INFO - Started process (PID=2205) to work on /home/airflow/.local/lib/python3.7/site-packages/airflow/example_dags/tutorial.py
[2023-03-17T03:15:38.770+0000] {processor.py:743} INFO - Processing file /home/airflow/.local/lib/python3.7/site-packages/airflow/example_dags/tutorial.py for tasks to queue
[2023-03-17T03:15:38.771+0000] {logging_mixin.py:137} INFO - [2023-03-17T03:15:38.771+0000] {dagbag.py:532} INFO - Filling up the DagBag from /home/airflow/.local/lib/python3.7/site-packages/airflow/example_dags/tutorial.py
[2023-03-17T03:15:38.787+0000] {processor.py:753} INFO - DAG(s) dict_keys(['tutorial']) retrieved from /home/airflow/.local/lib/python3.7/site-packages/airflow/example_dags/tutorial.py
[2023-03-17T03:15:38.823+0000] {logging_mixin.py:137} INFO - [2023-03-17T03:15:38.822+0000] {dag.py:2693} INFO - Sync 1 DAGs
[2023-03-17T03:15:38.856+0000] {logging_mixin.py:137} INFO - [2023-03-17T03:15:38.856+0000] {dag.py:3444} INFO - Setting next_dagrun for tutorial to 2023-03-16T03:15:38.855725+00:00, run_after=2023-03-17T03:15:38.855725+00:00
[2023-03-17T03:15:38.885+0000] {processor.py:175} INFO - Processing /home/airflow/.local/lib/python3.7/site-packages/airflow/example_dags/tutorial.py took 0.119 seconds
[2023-03-17T03:16:09.331+0000] {processor.py:153} INFO - Started process (PID=2423) to work on /home/airflow/.local/lib/python3.7/site-packages/airflow/example_dags/tutorial.py
[2023-03-17T03:16:09.332+0000] {processor.py:743} INFO - Processing file /home/airflow/.local/lib/python3.7/site-packages/airflow/example_dags/tutorial.py for tasks to queue
[2023-03-17T03:16:09.333+0000] {logging_mixin.py:137} INFO - [2023-03-17T03:16:09.333+0000] {dagbag.py:532} INFO - Filling up the DagBag from /home/airflow/.local/lib/python3.7/site-packages/airflow/example_dags/tutorial.py
[2023-03-17T03:16:09.348+0000] {processor.py:753} INFO - DAG(s) dict_keys(['tutorial']) retrieved from /home/airflow/.local/lib/python3.7/site-packages/airflow/example_dags/tutorial.py
[2023-03-17T03:16:09.376+0000] {logging_mixin.py:137} INFO - [2023-03-17T03:16:09.376+0000] {dag.py:2693} INFO - Sync 1 DAGs
[2023-03-17T03:16:09.406+0000] {logging_mixin.py:137} INFO - [2023-03-17T03:16:09.406+0000] {dag.py:3444} INFO - Setting next_dagrun for tutorial to 2023-03-16T03:16:09.406026+00:00, run_after=2023-03-17T03:16:09.406026+00:00
[2023-03-17T03:16:09.432+0000] {processor.py:175} INFO - Processing /home/airflow/.local/lib/python3.7/site-packages/airflow/example_dags/tutorial.py took 0.104 seconds
[2023-03-17T03:16:39.907+0000] {processor.py:153} INFO - Started process (PID=2640) to work on /home/airflow/.local/lib/python3.7/site-packages/airflow/example_dags/tutorial.py
[2023-03-17T03:16:39.908+0000] {processor.py:743} INFO - Processing file /home/airflow/.local/lib/python3.7/site-packages/airflow/example_dags/tutorial.py for tasks to queue
[2023-03-17T03:16:39.910+0000] {logging_mixin.py:137} INFO - [2023-03-17T03:16:39.909+0000] {dagbag.py:532} INFO - Filling up the DagBag from /home/airflow/.local/lib/python3.7/site-packages/airflow/example_dags/tutorial.py
[2023-03-17T03:16:39.927+0000] {processor.py:753} INFO - DAG(s) dict_keys(['tutorial']) retrieved from /home/airflow/.local/lib/python3.7/site-packages/airflow/example_dags/tutorial.py
[2023-03-17T03:16:39.959+0000] {logging_mixin.py:137} INFO - [2023-03-17T03:16:39.958+0000] {dag.py:2693} INFO - Sync 1 DAGs
[2023-03-17T03:16:39.990+0000] {logging_mixin.py:137} INFO - [2023-03-17T03:16:39.989+0000] {dag.py:3444} INFO - Setting next_dagrun for tutorial to 2023-03-16T03:16:39.989704+00:00, run_after=2023-03-17T03:16:39.989704+00:00
[2023-03-17T03:16:40.017+0000] {processor.py:175} INFO - Processing /home/airflow/.local/lib/python3.7/site-packages/airflow/example_dags/tutorial.py took 0.114 seconds
[2023-03-17T03:17:10.412+0000] {processor.py:153} INFO - Started process (PID=2857) to work on /home/airflow/.local/lib/python3.7/site-packages/airflow/example_dags/tutorial.py
[2023-03-17T03:17:10.413+0000] {processor.py:743} INFO - Processing file /home/airflow/.local/lib/python3.7/site-packages/airflow/example_dags/tutorial.py for tasks to queue
[2023-03-17T03:17:10.414+0000] {logging_mixin.py:137} INFO - [2023-03-17T03:17:10.414+0000] {dagbag.py:532} INFO - Filling up the DagBag from /home/airflow/.local/lib/python3.7/site-packages/airflow/example_dags/tutorial.py
[2023-03-17T03:17:10.429+0000] {processor.py:753} INFO - DAG(s) dict_keys(['tutorial']) retrieved from /home/airflow/.local/lib/python3.7/site-packages/airflow/example_dags/tutorial.py
[2023-03-17T03:17:10.459+0000] {logging_mixin.py:137} INFO - [2023-03-17T03:17:10.459+0000] {dag.py:2693} INFO - Sync 1 DAGs
[2023-03-17T03:17:10.490+0000] {logging_mixin.py:137} INFO - [2023-03-17T03:17:10.490+0000] {dag.py:3444} INFO - Setting next_dagrun for tutorial to 2023-03-16T03:17:10.490470+00:00, run_after=2023-03-17T03:17:10.490470+00:00
[2023-03-17T03:17:10.521+0000] {processor.py:175} INFO - Processing /home/airflow/.local/lib/python3.7/site-packages/airflow/example_dags/tutorial.py took 0.113 seconds
[2023-03-17T03:17:40.807+0000] {processor.py:153} INFO - Started process (PID=3074) to work on /home/airflow/.local/lib/python3.7/site-packages/airflow/example_dags/tutorial.py
[2023-03-17T03:17:40.808+0000] {processor.py:743} INFO - Processing file /home/airflow/.local/lib/python3.7/site-packages/airflow/example_dags/tutorial.py for tasks to queue
[2023-03-17T03:17:40.809+0000] {logging_mixin.py:137} INFO - [2023-03-17T03:17:40.808+0000] {dagbag.py:532} INFO - Filling up the DagBag from /home/airflow/.local/lib/python3.7/site-packages/airflow/example_dags/tutorial.py
[2023-03-17T03:17:40.825+0000] {processor.py:753} INFO - DAG(s) dict_keys(['tutorial']) retrieved from /home/airflow/.local/lib/python3.7/site-packages/airflow/example_dags/tutorial.py
[2023-03-17T03:17:40.858+0000] {logging_mixin.py:137} INFO - [2023-03-17T03:17:40.858+0000] {dag.py:2693} INFO - Sync 1 DAGs
[2023-03-17T03:17:40.894+0000] {logging_mixin.py:137} INFO - [2023-03-17T03:17:40.894+0000] {dag.py:3444} INFO - Setting next_dagrun for tutorial to 2023-03-16T03:17:40.894105+00:00, run_after=2023-03-17T03:17:40.894105+00:00
[2023-03-17T03:17:40.930+0000] {processor.py:175} INFO - Processing /home/airflow/.local/lib/python3.7/site-packages/airflow/example_dags/tutorial.py took 0.127 seconds
[2023-03-17T03:18:11.283+0000] {processor.py:153} INFO - Started process (PID=3291) to work on /home/airflow/.local/lib/python3.7/site-packages/airflow/example_dags/tutorial.py
[2023-03-17T03:18:11.285+0000] {processor.py:743} INFO - Processing file /home/airflow/.local/lib/python3.7/site-packages/airflow/example_dags/tutorial.py for tasks to queue
[2023-03-17T03:18:11.286+0000] {logging_mixin.py:137} INFO - [2023-03-17T03:18:11.286+0000] {dagbag.py:532} INFO - Filling up the DagBag from /home/airflow/.local/lib/python3.7/site-packages/airflow/example_dags/tutorial.py
[2023-03-17T03:18:11.302+0000] {processor.py:753} INFO - DAG(s) dict_keys(['tutorial']) retrieved from /home/airflow/.local/lib/python3.7/site-packages/airflow/example_dags/tutorial.py
[2023-03-17T03:18:11.331+0000] {logging_mixin.py:137} INFO - [2023-03-17T03:18:11.331+0000] {dag.py:2693} INFO - Sync 1 DAGs
[2023-03-17T03:18:11.362+0000] {logging_mixin.py:137} INFO - [2023-03-17T03:18:11.361+0000] {dag.py:3444} INFO - Setting next_dagrun for tutorial to 2023-03-16T03:18:11.361622+00:00, run_after=2023-03-17T03:18:11.361622+00:00
[2023-03-17T03:18:11.389+0000] {processor.py:175} INFO - Processing /home/airflow/.local/lib/python3.7/site-packages/airflow/example_dags/tutorial.py took 0.110 seconds
[2023-03-17T03:18:41.767+0000] {processor.py:153} INFO - Started process (PID=3509) to work on /home/airflow/.local/lib/python3.7/site-packages/airflow/example_dags/tutorial.py
[2023-03-17T03:18:41.769+0000] {processor.py:743} INFO - Processing file /home/airflow/.local/lib/python3.7/site-packages/airflow/example_dags/tutorial.py for tasks to queue
[2023-03-17T03:18:41.770+0000] {logging_mixin.py:137} INFO - [2023-03-17T03:18:41.769+0000] {dagbag.py:532} INFO - Filling up the DagBag from /home/airflow/.local/lib/python3.7/site-packages/airflow/example_dags/tutorial.py
[2023-03-17T03:18:41.786+0000] {processor.py:753} INFO - DAG(s) dict_keys(['tutorial']) retrieved from /home/airflow/.local/lib/python3.7/site-packages/airflow/example_dags/tutorial.py
[2023-03-17T03:18:41.815+0000] {logging_mixin.py:137} INFO - [2023-03-17T03:18:41.815+0000] {dag.py:2693} INFO - Sync 1 DAGs
[2023-03-17T03:18:41.850+0000] {logging_mixin.py:137} INFO - [2023-03-17T03:18:41.849+0000] {dag.py:3444} INFO - Setting next_dagrun for tutorial to 2023-03-16T03:18:41.849549+00:00, run_after=2023-03-17T03:18:41.849549+00:00
[2023-03-17T03:18:41.878+0000] {processor.py:175} INFO - Processing /home/airflow/.local/lib/python3.7/site-packages/airflow/example_dags/tutorial.py took 0.114 seconds
[2023-03-17T03:19:12.453+0000] {processor.py:153} INFO - Started process (PID=3728) to work on /home/airflow/.local/lib/python3.7/site-packages/airflow/example_dags/tutorial.py
[2023-03-17T03:19:12.454+0000] {processor.py:743} INFO - Processing file /home/airflow/.local/lib/python3.7/site-packages/airflow/example_dags/tutorial.py for tasks to queue
[2023-03-17T03:19:12.455+0000] {logging_mixin.py:137} INFO - [2023-03-17T03:19:12.455+0000] {dagbag.py:532} INFO - Filling up the DagBag from /home/airflow/.local/lib/python3.7/site-packages/airflow/example_dags/tutorial.py
[2023-03-17T03:19:12.470+0000] {processor.py:753} INFO - DAG(s) dict_keys(['tutorial']) retrieved from /home/airflow/.local/lib/python3.7/site-packages/airflow/example_dags/tutorial.py
[2023-03-17T03:19:12.500+0000] {logging_mixin.py:137} INFO - [2023-03-17T03:19:12.500+0000] {dag.py:2693} INFO - Sync 1 DAGs
[2023-03-17T03:19:12.529+0000] {logging_mixin.py:137} INFO - [2023-03-17T03:19:12.528+0000] {dag.py:3444} INFO - Setting next_dagrun for tutorial to 2023-03-16T03:19:12.528702+00:00, run_after=2023-03-17T03:19:12.528702+00:00
[2023-03-17T03:19:12.552+0000] {processor.py:175} INFO - Processing /home/airflow/.local/lib/python3.7/site-packages/airflow/example_dags/tutorial.py took 0.103 seconds
[2023-03-17T03:19:43.062+0000] {processor.py:153} INFO - Started process (PID=3943) to work on /home/airflow/.local/lib/python3.7/site-packages/airflow/example_dags/tutorial.py
[2023-03-17T03:19:43.063+0000] {processor.py:743} INFO - Processing file /home/airflow/.local/lib/python3.7/site-packages/airflow/example_dags/tutorial.py for tasks to queue
[2023-03-17T03:19:43.064+0000] {logging_mixin.py:137} INFO - [2023-03-17T03:19:43.064+0000] {dagbag.py:532} INFO - Filling up the DagBag from /home/airflow/.local/lib/python3.7/site-packages/airflow/example_dags/tutorial.py
[2023-03-17T03:19:43.080+0000] {processor.py:753} INFO - DAG(s) dict_keys(['tutorial']) retrieved from /home/airflow/.local/lib/python3.7/site-packages/airflow/example_dags/tutorial.py
[2023-03-17T03:19:43.116+0000] {logging_mixin.py:137} INFO - [2023-03-17T03:19:43.115+0000] {dag.py:2693} INFO - Sync 1 DAGs
[2023-03-17T03:19:43.149+0000] {logging_mixin.py:137} INFO - [2023-03-17T03:19:43.149+0000] {dag.py:3444} INFO - Setting next_dagrun for tutorial to 2023-03-16T03:19:43.149455+00:00, run_after=2023-03-17T03:19:43.149455+00:00
[2023-03-17T03:19:43.179+0000] {processor.py:175} INFO - Processing /home/airflow/.local/lib/python3.7/site-packages/airflow/example_dags/tutorial.py took 0.121 seconds
[2023-03-17T03:20:13.519+0000] {processor.py:153} INFO - Started process (PID=4160) to work on /home/airflow/.local/lib/python3.7/site-packages/airflow/example_dags/tutorial.py
[2023-03-17T03:20:13.520+0000] {processor.py:743} INFO - Processing file /home/airflow/.local/lib/python3.7/site-packages/airflow/example_dags/tutorial.py for tasks to queue
[2023-03-17T03:20:13.522+0000] {logging_mixin.py:137} INFO - [2023-03-17T03:20:13.521+0000] {dagbag.py:532} INFO - Filling up the DagBag from /home/airflow/.local/lib/python3.7/site-packages/airflow/example_dags/tutorial.py
[2023-03-17T03:20:13.538+0000] {processor.py:753} INFO - DAG(s) dict_keys(['tutorial']) retrieved from /home/airflow/.local/lib/python3.7/site-packages/airflow/example_dags/tutorial.py
[2023-03-17T03:20:13.567+0000] {logging_mixin.py:137} INFO - [2023-03-17T03:20:13.567+0000] {dag.py:2693} INFO - Sync 1 DAGs
[2023-03-17T03:20:13.601+0000] {logging_mixin.py:137} INFO - [2023-03-17T03:20:13.601+0000] {dag.py:3444} INFO - Setting next_dagrun for tutorial to 2023-03-16T03:20:13.600733+00:00, run_after=2023-03-17T03:20:13.600733+00:00
[2023-03-17T03:20:13.629+0000] {processor.py:175} INFO - Processing /home/airflow/.local/lib/python3.7/site-packages/airflow/example_dags/tutorial.py took 0.114 seconds
[2023-03-17T03:20:43.889+0000] {processor.py:153} INFO - Started process (PID=4377) to work on /home/airflow/.local/lib/python3.7/site-packages/airflow/example_dags/tutorial.py
[2023-03-17T03:20:43.890+0000] {processor.py:743} INFO - Processing file /home/airflow/.local/lib/python3.7/site-packages/airflow/example_dags/tutorial.py for tasks to queue
[2023-03-17T03:20:43.891+0000] {logging_mixin.py:137} INFO - [2023-03-17T03:20:43.891+0000] {dagbag.py:532} INFO - Filling up the DagBag from /home/airflow/.local/lib/python3.7/site-packages/airflow/example_dags/tutorial.py
[2023-03-17T03:20:43.908+0000] {processor.py:753} INFO - DAG(s) dict_keys(['tutorial']) retrieved from /home/airflow/.local/lib/python3.7/site-packages/airflow/example_dags/tutorial.py
[2023-03-17T03:20:43.938+0000] {logging_mixin.py:137} INFO - [2023-03-17T03:20:43.938+0000] {dag.py:2693} INFO - Sync 1 DAGs
[2023-03-17T03:20:43.967+0000] {logging_mixin.py:137} INFO - [2023-03-17T03:20:43.967+0000] {dag.py:3444} INFO - Setting next_dagrun for tutorial to 2023-03-16T03:20:43.967289+00:00, run_after=2023-03-17T03:20:43.967289+00:00
[2023-03-17T03:20:43.993+0000] {processor.py:175} INFO - Processing /home/airflow/.local/lib/python3.7/site-packages/airflow/example_dags/tutorial.py took 0.108 seconds
[2023-03-17T03:21:14.427+0000] {processor.py:153} INFO - Started process (PID=4594) to work on /home/airflow/.local/lib/python3.7/site-packages/airflow/example_dags/tutorial.py
[2023-03-17T03:21:14.428+0000] {processor.py:743} INFO - Processing file /home/airflow/.local/lib/python3.7/site-packages/airflow/example_dags/tutorial.py for tasks to queue
[2023-03-17T03:21:14.430+0000] {logging_mixin.py:137} INFO - [2023-03-17T03:21:14.429+0000] {dagbag.py:532} INFO - Filling up the DagBag from /home/airflow/.local/lib/python3.7/site-packages/airflow/example_dags/tutorial.py
[2023-03-17T03:21:14.449+0000] {processor.py:753} INFO - DAG(s) dict_keys(['tutorial']) retrieved from /home/airflow/.local/lib/python3.7/site-packages/airflow/example_dags/tutorial.py
[2023-03-17T03:21:14.480+0000] {logging_mixin.py:137} INFO - [2023-03-17T03:21:14.480+0000] {dag.py:2693} INFO - Sync 1 DAGs
[2023-03-17T03:21:14.511+0000] {logging_mixin.py:137} INFO - [2023-03-17T03:21:14.511+0000] {dag.py:3444} INFO - Setting next_dagrun for tutorial to 2023-03-16T03:21:14.510790+00:00, run_after=2023-03-17T03:21:14.510790+00:00
[2023-03-17T03:21:14.537+0000] {processor.py:175} INFO - Processing /home/airflow/.local/lib/python3.7/site-packages/airflow/example_dags/tutorial.py took 0.114 seconds
[2023-03-17T03:21:45.230+0000] {processor.py:153} INFO - Started process (PID=4811) to work on /home/airflow/.local/lib/python3.7/site-packages/airflow/example_dags/tutorial.py
[2023-03-17T03:21:45.231+0000] {processor.py:743} INFO - Processing file /home/airflow/.local/lib/python3.7/site-packages/airflow/example_dags/tutorial.py for tasks to queue
[2023-03-17T03:21:45.232+0000] {logging_mixin.py:137} INFO - [2023-03-17T03:21:45.232+0000] {dagbag.py:532} INFO - Filling up the DagBag from /home/airflow/.local/lib/python3.7/site-packages/airflow/example_dags/tutorial.py
[2023-03-17T03:21:45.252+0000] {processor.py:753} INFO - DAG(s) dict_keys(['tutorial']) retrieved from /home/airflow/.local/lib/python3.7/site-packages/airflow/example_dags/tutorial.py
[2023-03-17T03:21:45.285+0000] {logging_mixin.py:137} INFO - [2023-03-17T03:21:45.285+0000] {dag.py:2693} INFO - Sync 1 DAGs
[2023-03-17T03:21:45.315+0000] {logging_mixin.py:137} INFO - [2023-03-17T03:21:45.315+0000] {dag.py:3444} INFO - Setting next_dagrun for tutorial to 2023-03-16T03:21:45.315263+00:00, run_after=2023-03-17T03:21:45.315263+00:00
[2023-03-17T03:21:45.344+0000] {processor.py:175} INFO - Processing /home/airflow/.local/lib/python3.7/site-packages/airflow/example_dags/tutorial.py took 0.118 seconds
[2023-03-17T03:22:15.557+0000] {processor.py:153} INFO - Started process (PID=5028) to work on /home/airflow/.local/lib/python3.7/site-packages/airflow/example_dags/tutorial.py
[2023-03-17T03:22:15.558+0000] {processor.py:743} INFO - Processing file /home/airflow/.local/lib/python3.7/site-packages/airflow/example_dags/tutorial.py for tasks to queue
[2023-03-17T03:22:15.560+0000] {logging_mixin.py:137} INFO - [2023-03-17T03:22:15.559+0000] {dagbag.py:532} INFO - Filling up the DagBag from /home/airflow/.local/lib/python3.7/site-packages/airflow/example_dags/tutorial.py
[2023-03-17T03:22:15.576+0000] {processor.py:753} INFO - DAG(s) dict_keys(['tutorial']) retrieved from /home/airflow/.local/lib/python3.7/site-packages/airflow/example_dags/tutorial.py
[2023-03-17T03:22:15.608+0000] {logging_mixin.py:137} INFO - [2023-03-17T03:22:15.607+0000] {dag.py:2693} INFO - Sync 1 DAGs
[2023-03-17T03:22:15.639+0000] {logging_mixin.py:137} INFO - [2023-03-17T03:22:15.639+0000] {dag.py:3444} INFO - Setting next_dagrun for tutorial to 2023-03-16T03:22:15.639194+00:00, run_after=2023-03-17T03:22:15.639194+00:00
[2023-03-17T03:22:15.662+0000] {processor.py:175} INFO - Processing /home/airflow/.local/lib/python3.7/site-packages/airflow/example_dags/tutorial.py took 0.109 seconds
[2023-03-17T03:22:46.060+0000] {processor.py:153} INFO - Started process (PID=5245) to work on /home/airflow/.local/lib/python3.7/site-packages/airflow/example_dags/tutorial.py
[2023-03-17T03:22:46.062+0000] {processor.py:743} INFO - Processing file /home/airflow/.local/lib/python3.7/site-packages/airflow/example_dags/tutorial.py for tasks to queue
[2023-03-17T03:22:46.063+0000] {logging_mixin.py:137} INFO - [2023-03-17T03:22:46.063+0000] {dagbag.py:532} INFO - Filling up the DagBag from /home/airflow/.local/lib/python3.7/site-packages/airflow/example_dags/tutorial.py
[2023-03-17T03:22:46.080+0000] {processor.py:753} INFO - DAG(s) dict_keys(['tutorial']) retrieved from /home/airflow/.local/lib/python3.7/site-packages/airflow/example_dags/tutorial.py
[2023-03-17T03:22:46.110+0000] {logging_mixin.py:137} INFO - [2023-03-17T03:22:46.110+0000] {dag.py:2693} INFO - Sync 1 DAGs
[2023-03-17T03:22:46.141+0000] {logging_mixin.py:137} INFO - [2023-03-17T03:22:46.141+0000] {dag.py:3444} INFO - Setting next_dagrun for tutorial to 2023-03-16T03:22:46.140808+00:00, run_after=2023-03-17T03:22:46.140808+00:00
[2023-03-17T03:22:46.168+0000] {processor.py:175} INFO - Processing /home/airflow/.local/lib/python3.7/site-packages/airflow/example_dags/tutorial.py took 0.112 seconds
[2023-03-17T03:23:16.410+0000] {processor.py:153} INFO - Started process (PID=5463) to work on /home/airflow/.local/lib/python3.7/site-packages/airflow/example_dags/tutorial.py
[2023-03-17T03:23:16.411+0000] {processor.py:743} INFO - Processing file /home/airflow/.local/lib/python3.7/site-packages/airflow/example_dags/tutorial.py for tasks to queue
[2023-03-17T03:23:16.413+0000] {logging_mixin.py:137} INFO - [2023-03-17T03:23:16.412+0000] {dagbag.py:532} INFO - Filling up the DagBag from /home/airflow/.local/lib/python3.7/site-packages/airflow/example_dags/tutorial.py
[2023-03-17T03:23:16.429+0000] {processor.py:753} INFO - DAG(s) dict_keys(['tutorial']) retrieved from /home/airflow/.local/lib/python3.7/site-packages/airflow/example_dags/tutorial.py
[2023-03-17T03:23:16.460+0000] {logging_mixin.py:137} INFO - [2023-03-17T03:23:16.459+0000] {dag.py:2693} INFO - Sync 1 DAGs
[2023-03-17T03:23:16.494+0000] {logging_mixin.py:137} INFO - [2023-03-17T03:23:16.494+0000] {dag.py:3444} INFO - Setting next_dagrun for tutorial to 2023-03-16T03:23:16.493856+00:00, run_after=2023-03-17T03:23:16.493856+00:00
[2023-03-17T03:23:16.521+0000] {processor.py:175} INFO - Processing /home/airflow/.local/lib/python3.7/site-packages/airflow/example_dags/tutorial.py took 0.115 seconds
[2023-03-17T03:23:46.911+0000] {processor.py:153} INFO - Started process (PID=5680) to work on /home/airflow/.local/lib/python3.7/site-packages/airflow/example_dags/tutorial.py
[2023-03-17T03:23:46.913+0000] {processor.py:743} INFO - Processing file /home/airflow/.local/lib/python3.7/site-packages/airflow/example_dags/tutorial.py for tasks to queue
[2023-03-17T03:23:46.914+0000] {logging_mixin.py:137} INFO - [2023-03-17T03:23:46.914+0000] {dagbag.py:532} INFO - Filling up the DagBag from /home/airflow/.local/lib/python3.7/site-packages/airflow/example_dags/tutorial.py
[2023-03-17T03:23:46.930+0000] {processor.py:753} INFO - DAG(s) dict_keys(['tutorial']) retrieved from /home/airflow/.local/lib/python3.7/site-packages/airflow/example_dags/tutorial.py
[2023-03-17T03:23:46.959+0000] {logging_mixin.py:137} INFO - [2023-03-17T03:23:46.959+0000] {dag.py:2693} INFO - Sync 1 DAGs
[2023-03-17T03:23:46.991+0000] {logging_mixin.py:137} INFO - [2023-03-17T03:23:46.991+0000] {dag.py:3444} INFO - Setting next_dagrun for tutorial to 2023-03-16T03:23:46.990587+00:00, run_after=2023-03-17T03:23:46.990587+00:00
[2023-03-17T03:23:47.019+0000] {processor.py:175} INFO - Processing /home/airflow/.local/lib/python3.7/site-packages/airflow/example_dags/tutorial.py took 0.112 seconds
[2023-03-17T03:24:17.302+0000] {processor.py:153} INFO - Started process (PID=5897) to work on /home/airflow/.local/lib/python3.7/site-packages/airflow/example_dags/tutorial.py
[2023-03-17T03:24:17.303+0000] {processor.py:743} INFO - Processing file /home/airflow/.local/lib/python3.7/site-packages/airflow/example_dags/tutorial.py for tasks to queue
[2023-03-17T03:24:17.304+0000] {logging_mixin.py:137} INFO - [2023-03-17T03:24:17.304+0000] {dagbag.py:532} INFO - Filling up the DagBag from /home/airflow/.local/lib/python3.7/site-packages/airflow/example_dags/tutorial.py
[2023-03-17T03:24:17.320+0000] {processor.py:753} INFO - DAG(s) dict_keys(['tutorial']) retrieved from /home/airflow/.local/lib/python3.7/site-packages/airflow/example_dags/tutorial.py
[2023-03-17T03:24:17.350+0000] {logging_mixin.py:137} INFO - [2023-03-17T03:24:17.350+0000] {dag.py:2693} INFO - Sync 1 DAGs
[2023-03-17T03:24:17.385+0000] {logging_mixin.py:137} INFO - [2023-03-17T03:24:17.385+0000] {dag.py:3444} INFO - Setting next_dagrun for tutorial to 2023-03-16T03:24:17.384769+00:00, run_after=2023-03-17T03:24:17.384769+00:00
[2023-03-17T03:24:17.410+0000] {processor.py:175} INFO - Processing /home/airflow/.local/lib/python3.7/site-packages/airflow/example_dags/tutorial.py took 0.112 seconds
[2023-03-17T03:24:47.813+0000] {processor.py:153} INFO - Started process (PID=6114) to work on /home/airflow/.local/lib/python3.7/site-packages/airflow/example_dags/tutorial.py
[2023-03-17T03:24:47.814+0000] {processor.py:743} INFO - Processing file /home/airflow/.local/lib/python3.7/site-packages/airflow/example_dags/tutorial.py for tasks to queue
[2023-03-17T03:24:47.815+0000] {logging_mixin.py:137} INFO - [2023-03-17T03:24:47.815+0000] {dagbag.py:532} INFO - Filling up the DagBag from /home/airflow/.local/lib/python3.7/site-packages/airflow/example_dags/tutorial.py
[2023-03-17T03:24:47.831+0000] {processor.py:753} INFO - DAG(s) dict_keys(['tutorial']) retrieved from /home/airflow/.local/lib/python3.7/site-packages/airflow/example_dags/tutorial.py
[2023-03-17T03:24:47.864+0000] {logging_mixin.py:137} INFO - [2023-03-17T03:24:47.864+0000] {dag.py:2693} INFO - Sync 1 DAGs
[2023-03-17T03:24:47.895+0000] {logging_mixin.py:137} INFO - [2023-03-17T03:24:47.894+0000] {dag.py:3444} INFO - Setting next_dagrun for tutorial to 2023-03-16T03:24:47.894621+00:00, run_after=2023-03-17T03:24:47.894621+00:00
[2023-03-17T03:24:47.920+0000] {processor.py:175} INFO - Processing /home/airflow/.local/lib/python3.7/site-packages/airflow/example_dags/tutorial.py took 0.111 seconds
[2023-03-17T03:25:18.161+0000] {processor.py:153} INFO - Started process (PID=6331) to work on /home/airflow/.local/lib/python3.7/site-packages/airflow/example_dags/tutorial.py
[2023-03-17T03:25:18.163+0000] {processor.py:743} INFO - Processing file /home/airflow/.local/lib/python3.7/site-packages/airflow/example_dags/tutorial.py for tasks to queue
[2023-03-17T03:25:18.164+0000] {logging_mixin.py:137} INFO - [2023-03-17T03:25:18.163+0000] {dagbag.py:532} INFO - Filling up the DagBag from /home/airflow/.local/lib/python3.7/site-packages/airflow/example_dags/tutorial.py
[2023-03-17T03:25:18.180+0000] {processor.py:753} INFO - DAG(s) dict_keys(['tutorial']) retrieved from /home/airflow/.local/lib/python3.7/site-packages/airflow/example_dags/tutorial.py
[2023-03-17T03:25:18.209+0000] {logging_mixin.py:137} INFO - [2023-03-17T03:25:18.209+0000] {dag.py:2693} INFO - Sync 1 DAGs
[2023-03-17T03:25:18.240+0000] {logging_mixin.py:137} INFO - [2023-03-17T03:25:18.240+0000] {dag.py:3444} INFO - Setting next_dagrun for tutorial to 2023-03-16T03:25:18.239842+00:00, run_after=2023-03-17T03:25:18.239842+00:00
[2023-03-17T03:25:18.269+0000] {processor.py:175} INFO - Processing /home/airflow/.local/lib/python3.7/site-packages/airflow/example_dags/tutorial.py took 0.111 seconds
[2023-03-17T03:25:48.588+0000] {processor.py:153} INFO - Started process (PID=6548) to work on /home/airflow/.local/lib/python3.7/site-packages/airflow/example_dags/tutorial.py
[2023-03-17T03:25:48.589+0000] {processor.py:743} INFO - Processing file /home/airflow/.local/lib/python3.7/site-packages/airflow/example_dags/tutorial.py for tasks to queue
[2023-03-17T03:25:48.591+0000] {logging_mixin.py:137} INFO - [2023-03-17T03:25:48.590+0000] {dagbag.py:532} INFO - Filling up the DagBag from /home/airflow/.local/lib/python3.7/site-packages/airflow/example_dags/tutorial.py
[2023-03-17T03:25:48.608+0000] {processor.py:753} INFO - DAG(s) dict_keys(['tutorial']) retrieved from /home/airflow/.local/lib/python3.7/site-packages/airflow/example_dags/tutorial.py
[2023-03-17T03:25:48.639+0000] {logging_mixin.py:137} INFO - [2023-03-17T03:25:48.638+0000] {dag.py:2693} INFO - Sync 1 DAGs
[2023-03-17T03:25:48.670+0000] {logging_mixin.py:137} INFO - [2023-03-17T03:25:48.670+0000] {dag.py:3444} INFO - Setting next_dagrun for tutorial to 2023-03-16T03:25:48.669901+00:00, run_after=2023-03-17T03:25:48.669901+00:00
[2023-03-17T03:25:48.698+0000] {processor.py:175} INFO - Processing /home/airflow/.local/lib/python3.7/site-packages/airflow/example_dags/tutorial.py took 0.114 seconds
[2023-03-17T03:26:19.040+0000] {processor.py:153} INFO - Started process (PID=6765) to work on /home/airflow/.local/lib/python3.7/site-packages/airflow/example_dags/tutorial.py
[2023-03-17T03:26:19.041+0000] {processor.py:743} INFO - Processing file /home/airflow/.local/lib/python3.7/site-packages/airflow/example_dags/tutorial.py for tasks to queue
[2023-03-17T03:26:19.042+0000] {logging_mixin.py:137} INFO - [2023-03-17T03:26:19.042+0000] {dagbag.py:532} INFO - Filling up the DagBag from /home/airflow/.local/lib/python3.7/site-packages/airflow/example_dags/tutorial.py
[2023-03-17T03:26:19.057+0000] {processor.py:753} INFO - DAG(s) dict_keys(['tutorial']) retrieved from /home/airflow/.local/lib/python3.7/site-packages/airflow/example_dags/tutorial.py
[2023-03-17T03:26:19.087+0000] {logging_mixin.py:137} INFO - [2023-03-17T03:26:19.087+0000] {dag.py:2693} INFO - Sync 1 DAGs
[2023-03-17T03:26:19.119+0000] {logging_mixin.py:137} INFO - [2023-03-17T03:26:19.118+0000] {dag.py:3444} INFO - Setting next_dagrun for tutorial to 2023-03-16T03:26:19.118602+00:00, run_after=2023-03-17T03:26:19.118602+00:00
[2023-03-17T03:26:19.145+0000] {processor.py:175} INFO - Processing /home/airflow/.local/lib/python3.7/site-packages/airflow/example_dags/tutorial.py took 0.110 seconds
[2023-03-17T03:26:49.577+0000] {processor.py:153} INFO - Started process (PID=6982) to work on /home/airflow/.local/lib/python3.7/site-packages/airflow/example_dags/tutorial.py
[2023-03-17T03:26:49.578+0000] {processor.py:743} INFO - Processing file /home/airflow/.local/lib/python3.7/site-packages/airflow/example_dags/tutorial.py for tasks to queue
[2023-03-17T03:26:49.580+0000] {logging_mixin.py:137} INFO - [2023-03-17T03:26:49.579+0000] {dagbag.py:532} INFO - Filling up the DagBag from /home/airflow/.local/lib/python3.7/site-packages/airflow/example_dags/tutorial.py
[2023-03-17T03:26:49.597+0000] {processor.py:753} INFO - DAG(s) dict_keys(['tutorial']) retrieved from /home/airflow/.local/lib/python3.7/site-packages/airflow/example_dags/tutorial.py
[2023-03-17T03:26:49.628+0000] {logging_mixin.py:137} INFO - [2023-03-17T03:26:49.628+0000] {dag.py:2693} INFO - Sync 1 DAGs
[2023-03-17T03:26:49.659+0000] {logging_mixin.py:137} INFO - [2023-03-17T03:26:49.659+0000] {dag.py:3444} INFO - Setting next_dagrun for tutorial to 2023-03-16T03:26:49.658822+00:00, run_after=2023-03-17T03:26:49.658822+00:00
[2023-03-17T03:26:49.689+0000] {processor.py:175} INFO - Processing /home/airflow/.local/lib/python3.7/site-packages/airflow/example_dags/tutorial.py took 0.116 seconds
[2023-03-17T03:27:19.953+0000] {processor.py:153} INFO - Started process (PID=7199) to work on /home/airflow/.local/lib/python3.7/site-packages/airflow/example_dags/tutorial.py
[2023-03-17T03:27:19.954+0000] {processor.py:743} INFO - Processing file /home/airflow/.local/lib/python3.7/site-packages/airflow/example_dags/tutorial.py for tasks to queue
[2023-03-17T03:27:19.955+0000] {logging_mixin.py:137} INFO - [2023-03-17T03:27:19.955+0000] {dagbag.py:532} INFO - Filling up the DagBag from /home/airflow/.local/lib/python3.7/site-packages/airflow/example_dags/tutorial.py
[2023-03-17T03:27:19.971+0000] {processor.py:753} INFO - DAG(s) dict_keys(['tutorial']) retrieved from /home/airflow/.local/lib/python3.7/site-packages/airflow/example_dags/tutorial.py
[2023-03-17T03:27:20.002+0000] {logging_mixin.py:137} INFO - [2023-03-17T03:27:20.002+0000] {dag.py:2693} INFO - Sync 1 DAGs
[2023-03-17T03:27:20.038+0000] {logging_mixin.py:137} INFO - [2023-03-17T03:27:20.038+0000] {dag.py:3444} INFO - Setting next_dagrun for tutorial to 2023-03-16T03:27:20.037750+00:00, run_after=2023-03-17T03:27:20.037750+00:00
[2023-03-17T03:27:20.064+0000] {processor.py:175} INFO - Processing /home/airflow/.local/lib/python3.7/site-packages/airflow/example_dags/tutorial.py took 0.115 seconds
[2023-03-17T03:27:50.301+0000] {processor.py:153} INFO - Started process (PID=7416) to work on /home/airflow/.local/lib/python3.7/site-packages/airflow/example_dags/tutorial.py
[2023-03-17T03:27:50.302+0000] {processor.py:743} INFO - Processing file /home/airflow/.local/lib/python3.7/site-packages/airflow/example_dags/tutorial.py for tasks to queue
[2023-03-17T03:27:50.304+0000] {logging_mixin.py:137} INFO - [2023-03-17T03:27:50.304+0000] {dagbag.py:532} INFO - Filling up the DagBag from /home/airflow/.local/lib/python3.7/site-packages/airflow/example_dags/tutorial.py
[2023-03-17T03:27:50.326+0000] {processor.py:753} INFO - DAG(s) dict_keys(['tutorial']) retrieved from /home/airflow/.local/lib/python3.7/site-packages/airflow/example_dags/tutorial.py
[2023-03-17T03:27:50.360+0000] {logging_mixin.py:137} INFO - [2023-03-17T03:27:50.360+0000] {dag.py:2693} INFO - Sync 1 DAGs
[2023-03-17T03:27:50.397+0000] {logging_mixin.py:137} INFO - [2023-03-17T03:27:50.397+0000] {dag.py:3444} INFO - Setting next_dagrun for tutorial to 2023-03-16T03:27:50.397119+00:00, run_after=2023-03-17T03:27:50.397119+00:00
[2023-03-17T03:27:50.423+0000] {processor.py:175} INFO - Processing /home/airflow/.local/lib/python3.7/site-packages/airflow/example_dags/tutorial.py took 0.126 seconds
[2023-03-17T03:28:20.678+0000] {processor.py:153} INFO - Started process (PID=7633) to work on /home/airflow/.local/lib/python3.7/site-packages/airflow/example_dags/tutorial.py
[2023-03-17T03:28:20.679+0000] {processor.py:743} INFO - Processing file /home/airflow/.local/lib/python3.7/site-packages/airflow/example_dags/tutorial.py for tasks to queue
[2023-03-17T03:28:20.680+0000] {logging_mixin.py:137} INFO - [2023-03-17T03:28:20.680+0000] {dagbag.py:532} INFO - Filling up the DagBag from /home/airflow/.local/lib/python3.7/site-packages/airflow/example_dags/tutorial.py
[2023-03-17T03:28:20.696+0000] {processor.py:753} INFO - DAG(s) dict_keys(['tutorial']) retrieved from /home/airflow/.local/lib/python3.7/site-packages/airflow/example_dags/tutorial.py
[2023-03-17T03:28:20.725+0000] {logging_mixin.py:137} INFO - [2023-03-17T03:28:20.725+0000] {dag.py:2693} INFO - Sync 1 DAGs
[2023-03-17T03:28:20.759+0000] {logging_mixin.py:137} INFO - [2023-03-17T03:28:20.759+0000] {dag.py:3444} INFO - Setting next_dagrun for tutorial to 2023-03-16T03:28:20.758662+00:00, run_after=2023-03-17T03:28:20.758662+00:00
[2023-03-17T03:28:20.786+0000] {processor.py:175} INFO - Processing /home/airflow/.local/lib/python3.7/site-packages/airflow/example_dags/tutorial.py took 0.111 seconds
[2023-03-17T03:28:51.155+0000] {processor.py:153} INFO - Started process (PID=7850) to work on /home/airflow/.local/lib/python3.7/site-packages/airflow/example_dags/tutorial.py
[2023-03-17T03:28:51.157+0000] {processor.py:743} INFO - Processing file /home/airflow/.local/lib/python3.7/site-packages/airflow/example_dags/tutorial.py for tasks to queue
[2023-03-17T03:28:51.158+0000] {logging_mixin.py:137} INFO - [2023-03-17T03:28:51.157+0000] {dagbag.py:532} INFO - Filling up the DagBag from /home/airflow/.local/lib/python3.7/site-packages/airflow/example_dags/tutorial.py
[2023-03-17T03:28:51.178+0000] {processor.py:753} INFO - DAG(s) dict_keys(['tutorial']) retrieved from /home/airflow/.local/lib/python3.7/site-packages/airflow/example_dags/tutorial.py
[2023-03-17T03:28:51.211+0000] {logging_mixin.py:137} INFO - [2023-03-17T03:28:51.211+0000] {dag.py:2693} INFO - Sync 1 DAGs
[2023-03-17T03:28:51.241+0000] {logging_mixin.py:137} INFO - [2023-03-17T03:28:51.241+0000] {dag.py:3444} INFO - Setting next_dagrun for tutorial to 2023-03-16T03:28:51.241372+00:00, run_after=2023-03-17T03:28:51.241372+00:00
[2023-03-17T03:28:51.274+0000] {processor.py:175} INFO - Processing /home/airflow/.local/lib/python3.7/site-packages/airflow/example_dags/tutorial.py took 0.122 seconds
[2023-03-17T03:29:21.447+0000] {processor.py:153} INFO - Started process (PID=8068) to work on /home/airflow/.local/lib/python3.7/site-packages/airflow/example_dags/tutorial.py
[2023-03-17T03:29:21.448+0000] {processor.py:743} INFO - Processing file /home/airflow/.local/lib/python3.7/site-packages/airflow/example_dags/tutorial.py for tasks to queue
[2023-03-17T03:29:21.449+0000] {logging_mixin.py:137} INFO - [2023-03-17T03:29:21.449+0000] {dagbag.py:532} INFO - Filling up the DagBag from /home/airflow/.local/lib/python3.7/site-packages/airflow/example_dags/tutorial.py
[2023-03-17T03:29:21.469+0000] {processor.py:753} INFO - DAG(s) dict_keys(['tutorial']) retrieved from /home/airflow/.local/lib/python3.7/site-packages/airflow/example_dags/tutorial.py
[2023-03-17T03:29:21.505+0000] {logging_mixin.py:137} INFO - [2023-03-17T03:29:21.505+0000] {dag.py:2693} INFO - Sync 1 DAGs
[2023-03-17T03:29:21.539+0000] {logging_mixin.py:137} INFO - [2023-03-17T03:29:21.539+0000] {dag.py:3444} INFO - Setting next_dagrun for tutorial to 2023-03-16T03:29:21.539378+00:00, run_after=2023-03-17T03:29:21.539378+00:00
[2023-03-17T03:29:21.564+0000] {processor.py:175} INFO - Processing /home/airflow/.local/lib/python3.7/site-packages/airflow/example_dags/tutorial.py took 0.121 seconds
[2023-03-17T03:29:51.862+0000] {processor.py:153} INFO - Started process (PID=8285) to work on /home/airflow/.local/lib/python3.7/site-packages/airflow/example_dags/tutorial.py
[2023-03-17T03:29:51.863+0000] {processor.py:743} INFO - Processing file /home/airflow/.local/lib/python3.7/site-packages/airflow/example_dags/tutorial.py for tasks to queue
[2023-03-17T03:29:51.864+0000] {logging_mixin.py:137} INFO - [2023-03-17T03:29:51.864+0000] {dagbag.py:532} INFO - Filling up the DagBag from /home/airflow/.local/lib/python3.7/site-packages/airflow/example_dags/tutorial.py
[2023-03-17T03:29:51.882+0000] {processor.py:753} INFO - DAG(s) dict_keys(['tutorial']) retrieved from /home/airflow/.local/lib/python3.7/site-packages/airflow/example_dags/tutorial.py
[2023-03-17T03:29:51.918+0000] {logging_mixin.py:137} INFO - [2023-03-17T03:29:51.918+0000] {dag.py:2693} INFO - Sync 1 DAGs
[2023-03-17T03:29:51.948+0000] {logging_mixin.py:137} INFO - [2023-03-17T03:29:51.948+0000] {dag.py:3444} INFO - Setting next_dagrun for tutorial to 2023-03-16T03:29:51.948407+00:00, run_after=2023-03-17T03:29:51.948407+00:00
[2023-03-17T03:29:51.977+0000] {processor.py:175} INFO - Processing /home/airflow/.local/lib/python3.7/site-packages/airflow/example_dags/tutorial.py took 0.119 seconds
[2023-03-17T03:30:22.464+0000] {processor.py:153} INFO - Started process (PID=8504) to work on /home/airflow/.local/lib/python3.7/site-packages/airflow/example_dags/tutorial.py
[2023-03-17T03:30:22.467+0000] {processor.py:743} INFO - Processing file /home/airflow/.local/lib/python3.7/site-packages/airflow/example_dags/tutorial.py for tasks to queue
[2023-03-17T03:30:22.468+0000] {logging_mixin.py:137} INFO - [2023-03-17T03:30:22.468+0000] {dagbag.py:532} INFO - Filling up the DagBag from /home/airflow/.local/lib/python3.7/site-packages/airflow/example_dags/tutorial.py
[2023-03-17T03:30:22.482+0000] {processor.py:753} INFO - DAG(s) dict_keys(['tutorial']) retrieved from /home/airflow/.local/lib/python3.7/site-packages/airflow/example_dags/tutorial.py
[2023-03-17T03:30:22.516+0000] {logging_mixin.py:137} INFO - [2023-03-17T03:30:22.515+0000] {dag.py:2693} INFO - Sync 1 DAGs
[2023-03-17T03:30:22.545+0000] {logging_mixin.py:137} INFO - [2023-03-17T03:30:22.545+0000] {dag.py:3444} INFO - Setting next_dagrun for tutorial to 2023-03-16T03:30:22.545262+00:00, run_after=2023-03-17T03:30:22.545262+00:00
[2023-03-17T03:30:22.574+0000] {processor.py:175} INFO - Processing /home/airflow/.local/lib/python3.7/site-packages/airflow/example_dags/tutorial.py took 0.113 seconds
[2023-03-17T03:30:52.983+0000] {processor.py:153} INFO - Started process (PID=8719) to work on /home/airflow/.local/lib/python3.7/site-packages/airflow/example_dags/tutorial.py
[2023-03-17T03:30:52.985+0000] {processor.py:743} INFO - Processing file /home/airflow/.local/lib/python3.7/site-packages/airflow/example_dags/tutorial.py for tasks to queue
[2023-03-17T03:30:52.986+0000] {logging_mixin.py:137} INFO - [2023-03-17T03:30:52.986+0000] {dagbag.py:532} INFO - Filling up the DagBag from /home/airflow/.local/lib/python3.7/site-packages/airflow/example_dags/tutorial.py
[2023-03-17T03:30:53.003+0000] {processor.py:753} INFO - DAG(s) dict_keys(['tutorial']) retrieved from /home/airflow/.local/lib/python3.7/site-packages/airflow/example_dags/tutorial.py
[2023-03-17T03:30:53.034+0000] {logging_mixin.py:137} INFO - [2023-03-17T03:30:53.033+0000] {dag.py:2693} INFO - Sync 1 DAGs
[2023-03-17T03:30:53.065+0000] {logging_mixin.py:137} INFO - [2023-03-17T03:30:53.065+0000] {dag.py:3444} INFO - Setting next_dagrun for tutorial to 2023-03-16T03:30:53.064865+00:00, run_after=2023-03-17T03:30:53.064865+00:00
[2023-03-17T03:30:53.091+0000] {processor.py:175} INFO - Processing /home/airflow/.local/lib/python3.7/site-packages/airflow/example_dags/tutorial.py took 0.112 seconds
[2023-03-17T03:31:23.311+0000] {processor.py:153} INFO - Started process (PID=8936) to work on /home/airflow/.local/lib/python3.7/site-packages/airflow/example_dags/tutorial.py
[2023-03-17T03:31:23.312+0000] {processor.py:743} INFO - Processing file /home/airflow/.local/lib/python3.7/site-packages/airflow/example_dags/tutorial.py for tasks to queue
[2023-03-17T03:31:23.313+0000] {logging_mixin.py:137} INFO - [2023-03-17T03:31:23.313+0000] {dagbag.py:532} INFO - Filling up the DagBag from /home/airflow/.local/lib/python3.7/site-packages/airflow/example_dags/tutorial.py
[2023-03-17T03:31:23.331+0000] {processor.py:753} INFO - DAG(s) dict_keys(['tutorial']) retrieved from /home/airflow/.local/lib/python3.7/site-packages/airflow/example_dags/tutorial.py
[2023-03-17T03:31:23.361+0000] {logging_mixin.py:137} INFO - [2023-03-17T03:31:23.361+0000] {dag.py:2693} INFO - Sync 1 DAGs
[2023-03-17T03:31:23.390+0000] {logging_mixin.py:137} INFO - [2023-03-17T03:31:23.390+0000] {dag.py:3444} INFO - Setting next_dagrun for tutorial to 2023-03-16T03:31:23.390429+00:00, run_after=2023-03-17T03:31:23.390429+00:00
[2023-03-17T03:31:23.418+0000] {processor.py:175} INFO - Processing /home/airflow/.local/lib/python3.7/site-packages/airflow/example_dags/tutorial.py took 0.110 seconds
[2023-03-17T03:31:53.655+0000] {processor.py:153} INFO - Started process (PID=9153) to work on /home/airflow/.local/lib/python3.7/site-packages/airflow/example_dags/tutorial.py
[2023-03-17T03:31:53.656+0000] {processor.py:743} INFO - Processing file /home/airflow/.local/lib/python3.7/site-packages/airflow/example_dags/tutorial.py for tasks to queue
[2023-03-17T03:31:53.658+0000] {logging_mixin.py:137} INFO - [2023-03-17T03:31:53.657+0000] {dagbag.py:532} INFO - Filling up the DagBag from /home/airflow/.local/lib/python3.7/site-packages/airflow/example_dags/tutorial.py
[2023-03-17T03:31:53.679+0000] {processor.py:753} INFO - DAG(s) dict_keys(['tutorial']) retrieved from /home/airflow/.local/lib/python3.7/site-packages/airflow/example_dags/tutorial.py
[2023-03-17T03:31:53.718+0000] {logging_mixin.py:137} INFO - [2023-03-17T03:31:53.718+0000] {dag.py:2693} INFO - Sync 1 DAGs
[2023-03-17T03:31:53.749+0000] {logging_mixin.py:137} INFO - [2023-03-17T03:31:53.749+0000] {dag.py:3444} INFO - Setting next_dagrun for tutorial to 2023-03-16T03:31:53.748921+00:00, run_after=2023-03-17T03:31:53.748921+00:00
[2023-03-17T03:31:53.775+0000] {processor.py:175} INFO - Processing /home/airflow/.local/lib/python3.7/site-packages/airflow/example_dags/tutorial.py took 0.124 seconds
[2023-03-17T03:32:24.134+0000] {processor.py:153} INFO - Started process (PID=9370) to work on /home/airflow/.local/lib/python3.7/site-packages/airflow/example_dags/tutorial.py
[2023-03-17T03:32:24.135+0000] {processor.py:743} INFO - Processing file /home/airflow/.local/lib/python3.7/site-packages/airflow/example_dags/tutorial.py for tasks to queue
[2023-03-17T03:32:24.136+0000] {logging_mixin.py:137} INFO - [2023-03-17T03:32:24.136+0000] {dagbag.py:532} INFO - Filling up the DagBag from /home/airflow/.local/lib/python3.7/site-packages/airflow/example_dags/tutorial.py
[2023-03-17T03:32:24.153+0000] {processor.py:753} INFO - DAG(s) dict_keys(['tutorial']) retrieved from /home/airflow/.local/lib/python3.7/site-packages/airflow/example_dags/tutorial.py
[2023-03-17T03:32:24.182+0000] {logging_mixin.py:137} INFO - [2023-03-17T03:32:24.182+0000] {dag.py:2693} INFO - Sync 1 DAGs
[2023-03-17T03:32:24.215+0000] {logging_mixin.py:137} INFO - [2023-03-17T03:32:24.215+0000] {dag.py:3444} INFO - Setting next_dagrun for tutorial to 2023-03-16T03:32:24.214935+00:00, run_after=2023-03-17T03:32:24.214935+00:00
[2023-03-17T03:32:24.243+0000] {processor.py:175} INFO - Processing /home/airflow/.local/lib/python3.7/site-packages/airflow/example_dags/tutorial.py took 0.113 seconds
[2023-03-17T03:32:54.797+0000] {processor.py:153} INFO - Started process (PID=9587) to work on /home/airflow/.local/lib/python3.7/site-packages/airflow/example_dags/tutorial.py
[2023-03-17T03:32:54.798+0000] {processor.py:743} INFO - Processing file /home/airflow/.local/lib/python3.7/site-packages/airflow/example_dags/tutorial.py for tasks to queue
[2023-03-17T03:32:54.799+0000] {logging_mixin.py:137} INFO - [2023-03-17T03:32:54.799+0000] {dagbag.py:532} INFO - Filling up the DagBag from /home/airflow/.local/lib/python3.7/site-packages/airflow/example_dags/tutorial.py
[2023-03-17T03:32:54.816+0000] {processor.py:753} INFO - DAG(s) dict_keys(['tutorial']) retrieved from /home/airflow/.local/lib/python3.7/site-packages/airflow/example_dags/tutorial.py
[2023-03-17T03:32:54.848+0000] {logging_mixin.py:137} INFO - [2023-03-17T03:32:54.847+0000] {dag.py:2693} INFO - Sync 1 DAGs
[2023-03-17T03:32:54.882+0000] {logging_mixin.py:137} INFO - [2023-03-17T03:32:54.882+0000] {dag.py:3444} INFO - Setting next_dagrun for tutorial to 2023-03-16T03:32:54.881999+00:00, run_after=2023-03-17T03:32:54.881999+00:00
[2023-03-17T03:32:54.913+0000] {processor.py:175} INFO - Processing /home/airflow/.local/lib/python3.7/site-packages/airflow/example_dags/tutorial.py took 0.121 seconds
[2023-03-17T03:33:25.593+0000] {processor.py:153} INFO - Started process (PID=9805) to work on /home/airflow/.local/lib/python3.7/site-packages/airflow/example_dags/tutorial.py
[2023-03-17T03:33:25.594+0000] {processor.py:743} INFO - Processing file /home/airflow/.local/lib/python3.7/site-packages/airflow/example_dags/tutorial.py for tasks to queue
[2023-03-17T03:33:25.595+0000] {logging_mixin.py:137} INFO - [2023-03-17T03:33:25.595+0000] {dagbag.py:532} INFO - Filling up the DagBag from /home/airflow/.local/lib/python3.7/site-packages/airflow/example_dags/tutorial.py
[2023-03-17T03:33:25.613+0000] {processor.py:753} INFO - DAG(s) dict_keys(['tutorial']) retrieved from /home/airflow/.local/lib/python3.7/site-packages/airflow/example_dags/tutorial.py
[2023-03-17T03:33:25.647+0000] {logging_mixin.py:137} INFO - [2023-03-17T03:33:25.646+0000] {dag.py:2693} INFO - Sync 1 DAGs
[2023-03-17T03:33:25.681+0000] {logging_mixin.py:137} INFO - [2023-03-17T03:33:25.680+0000] {dag.py:3444} INFO - Setting next_dagrun for tutorial to 2023-03-16T03:33:25.680708+00:00, run_after=2023-03-17T03:33:25.680708+00:00
[2023-03-17T03:33:25.709+0000] {processor.py:175} INFO - Processing /home/airflow/.local/lib/python3.7/site-packages/airflow/example_dags/tutorial.py took 0.120 seconds
[2023-03-17T03:33:56.183+0000] {processor.py:153} INFO - Started process (PID=10022) to work on /home/airflow/.local/lib/python3.7/site-packages/airflow/example_dags/tutorial.py
[2023-03-17T03:33:56.184+0000] {processor.py:743} INFO - Processing file /home/airflow/.local/lib/python3.7/site-packages/airflow/example_dags/tutorial.py for tasks to queue
[2023-03-17T03:33:56.185+0000] {logging_mixin.py:137} INFO - [2023-03-17T03:33:56.185+0000] {dagbag.py:532} INFO - Filling up the DagBag from /home/airflow/.local/lib/python3.7/site-packages/airflow/example_dags/tutorial.py
[2023-03-17T03:33:56.203+0000] {processor.py:753} INFO - DAG(s) dict_keys(['tutorial']) retrieved from /home/airflow/.local/lib/python3.7/site-packages/airflow/example_dags/tutorial.py
[2023-03-17T03:33:56.236+0000] {logging_mixin.py:137} INFO - [2023-03-17T03:33:56.236+0000] {dag.py:2693} INFO - Sync 1 DAGs
[2023-03-17T03:33:56.268+0000] {logging_mixin.py:137} INFO - [2023-03-17T03:33:56.267+0000] {dag.py:3444} INFO - Setting next_dagrun for tutorial to 2023-03-16T03:33:56.267559+00:00, run_after=2023-03-17T03:33:56.267559+00:00
[2023-03-17T03:33:56.294+0000] {processor.py:175} INFO - Processing /home/airflow/.local/lib/python3.7/site-packages/airflow/example_dags/tutorial.py took 0.115 seconds
[2023-03-17T03:34:26.790+0000] {processor.py:153} INFO - Started process (PID=10240) to work on /home/airflow/.local/lib/python3.7/site-packages/airflow/example_dags/tutorial.py
[2023-03-17T03:34:26.792+0000] {processor.py:743} INFO - Processing file /home/airflow/.local/lib/python3.7/site-packages/airflow/example_dags/tutorial.py for tasks to queue
[2023-03-17T03:34:26.793+0000] {logging_mixin.py:137} INFO - [2023-03-17T03:34:26.793+0000] {dagbag.py:532} INFO - Filling up the DagBag from /home/airflow/.local/lib/python3.7/site-packages/airflow/example_dags/tutorial.py
[2023-03-17T03:34:26.809+0000] {processor.py:753} INFO - DAG(s) dict_keys(['tutorial']) retrieved from /home/airflow/.local/lib/python3.7/site-packages/airflow/example_dags/tutorial.py
[2023-03-17T03:34:26.840+0000] {logging_mixin.py:137} INFO - [2023-03-17T03:34:26.840+0000] {dag.py:2693} INFO - Sync 1 DAGs
[2023-03-17T03:34:26.873+0000] {logging_mixin.py:137} INFO - [2023-03-17T03:34:26.872+0000] {dag.py:3444} INFO - Setting next_dagrun for tutorial to 2023-03-16T03:34:26.872669+00:00, run_after=2023-03-17T03:34:26.872669+00:00
[2023-03-17T03:34:26.902+0000] {processor.py:175} INFO - Processing /home/airflow/.local/lib/python3.7/site-packages/airflow/example_dags/tutorial.py took 0.115 seconds
