[2023-03-17T03:11:00.692+0000] {processor.py:153} INFO - Started process (PID=250) to work on /home/airflow/.local/lib/python3.7/site-packages/airflow/example_dags/tutorial_dag.py
[2023-03-17T03:11:00.694+0000] {processor.py:743} INFO - Processing file /home/airflow/.local/lib/python3.7/site-packages/airflow/example_dags/tutorial_dag.py for tasks to queue
[2023-03-17T03:11:00.696+0000] {logging_mixin.py:137} INFO - [2023-03-17T03:11:00.695+0000] {dagbag.py:532} INFO - Filling up the DagBag from /home/airflow/.local/lib/python3.7/site-packages/airflow/example_dags/tutorial_dag.py
[2023-03-17T03:11:00.721+0000] {processor.py:753} INFO - DAG(s) dict_keys(['tutorial_dag']) retrieved from /home/airflow/.local/lib/python3.7/site-packages/airflow/example_dags/tutorial_dag.py
[2023-03-17T03:11:00.765+0000] {logging_mixin.py:137} INFO - [2023-03-17T03:11:00.765+0000] {dag.py:2693} INFO - Sync 1 DAGs
[2023-03-17T03:11:00.828+0000] {logging_mixin.py:137} INFO - [2023-03-17T03:11:00.828+0000] {dag.py:3444} INFO - Setting next_dagrun for tutorial_dag to None, run_after=None
[2023-03-17T03:11:00.867+0000] {processor.py:175} INFO - Processing /home/airflow/.local/lib/python3.7/site-packages/airflow/example_dags/tutorial_dag.py took 0.182 seconds
[2023-03-17T03:11:33.591+0000] {processor.py:153} INFO - Started process (PID=474) to work on /home/airflow/.local/lib/python3.7/site-packages/airflow/example_dags/tutorial_dag.py
[2023-03-17T03:11:33.593+0000] {processor.py:743} INFO - Processing file /home/airflow/.local/lib/python3.7/site-packages/airflow/example_dags/tutorial_dag.py for tasks to queue
[2023-03-17T03:11:33.595+0000] {logging_mixin.py:137} INFO - [2023-03-17T03:11:33.594+0000] {dagbag.py:532} INFO - Filling up the DagBag from /home/airflow/.local/lib/python3.7/site-packages/airflow/example_dags/tutorial_dag.py
[2023-03-17T03:11:33.623+0000] {processor.py:753} INFO - DAG(s) dict_keys(['tutorial_dag']) retrieved from /home/airflow/.local/lib/python3.7/site-packages/airflow/example_dags/tutorial_dag.py
[2023-03-17T03:11:33.707+0000] {logging_mixin.py:137} INFO - [2023-03-17T03:11:33.707+0000] {dag.py:2693} INFO - Sync 1 DAGs
[2023-03-17T03:11:33.801+0000] {logging_mixin.py:137} INFO - [2023-03-17T03:11:33.801+0000] {dag.py:3444} INFO - Setting next_dagrun for tutorial_dag to None, run_after=None
[2023-03-17T03:11:34.069+0000] {processor.py:175} INFO - Processing /home/airflow/.local/lib/python3.7/site-packages/airflow/example_dags/tutorial_dag.py took 0.488 seconds
[2023-03-17T03:12:05.256+0000] {processor.py:153} INFO - Started process (PID=691) to work on /home/airflow/.local/lib/python3.7/site-packages/airflow/example_dags/tutorial_dag.py
[2023-03-17T03:12:05.257+0000] {processor.py:743} INFO - Processing file /home/airflow/.local/lib/python3.7/site-packages/airflow/example_dags/tutorial_dag.py for tasks to queue
[2023-03-17T03:12:05.259+0000] {logging_mixin.py:137} INFO - [2023-03-17T03:12:05.259+0000] {dagbag.py:532} INFO - Filling up the DagBag from /home/airflow/.local/lib/python3.7/site-packages/airflow/example_dags/tutorial_dag.py
[2023-03-17T03:12:05.285+0000] {processor.py:753} INFO - DAG(s) dict_keys(['tutorial_dag']) retrieved from /home/airflow/.local/lib/python3.7/site-packages/airflow/example_dags/tutorial_dag.py
[2023-03-17T03:12:05.353+0000] {logging_mixin.py:137} INFO - [2023-03-17T03:12:05.353+0000] {dag.py:2693} INFO - Sync 1 DAGs
[2023-03-17T03:12:05.413+0000] {logging_mixin.py:137} INFO - [2023-03-17T03:12:05.413+0000] {dag.py:3444} INFO - Setting next_dagrun for tutorial_dag to None, run_after=None
[2023-03-17T03:12:05.455+0000] {processor.py:175} INFO - Processing /home/airflow/.local/lib/python3.7/site-packages/airflow/example_dags/tutorial_dag.py took 0.205 seconds
[2023-03-17T03:12:35.521+0000] {processor.py:153} INFO - Started process (PID=910) to work on /home/airflow/.local/lib/python3.7/site-packages/airflow/example_dags/tutorial_dag.py
[2023-03-17T03:12:35.522+0000] {processor.py:743} INFO - Processing file /home/airflow/.local/lib/python3.7/site-packages/airflow/example_dags/tutorial_dag.py for tasks to queue
[2023-03-17T03:12:35.523+0000] {logging_mixin.py:137} INFO - [2023-03-17T03:12:35.523+0000] {dagbag.py:532} INFO - Filling up the DagBag from /home/airflow/.local/lib/python3.7/site-packages/airflow/example_dags/tutorial_dag.py
[2023-03-17T03:12:35.538+0000] {processor.py:753} INFO - DAG(s) dict_keys(['tutorial_dag']) retrieved from /home/airflow/.local/lib/python3.7/site-packages/airflow/example_dags/tutorial_dag.py
[2023-03-17T03:12:35.570+0000] {logging_mixin.py:137} INFO - [2023-03-17T03:12:35.569+0000] {dag.py:2693} INFO - Sync 1 DAGs
[2023-03-17T03:12:35.599+0000] {logging_mixin.py:137} INFO - [2023-03-17T03:12:35.599+0000] {dag.py:3444} INFO - Setting next_dagrun for tutorial_dag to None, run_after=None
[2023-03-17T03:12:35.625+0000] {processor.py:175} INFO - Processing /home/airflow/.local/lib/python3.7/site-packages/airflow/example_dags/tutorial_dag.py took 0.108 seconds
[2023-03-17T03:13:06.318+0000] {processor.py:153} INFO - Started process (PID=1125) to work on /home/airflow/.local/lib/python3.7/site-packages/airflow/example_dags/tutorial_dag.py
[2023-03-17T03:13:06.319+0000] {processor.py:743} INFO - Processing file /home/airflow/.local/lib/python3.7/site-packages/airflow/example_dags/tutorial_dag.py for tasks to queue
[2023-03-17T03:13:06.320+0000] {logging_mixin.py:137} INFO - [2023-03-17T03:13:06.320+0000] {dagbag.py:532} INFO - Filling up the DagBag from /home/airflow/.local/lib/python3.7/site-packages/airflow/example_dags/tutorial_dag.py
[2023-03-17T03:13:06.337+0000] {processor.py:753} INFO - DAG(s) dict_keys(['tutorial_dag']) retrieved from /home/airflow/.local/lib/python3.7/site-packages/airflow/example_dags/tutorial_dag.py
[2023-03-17T03:13:06.367+0000] {logging_mixin.py:137} INFO - [2023-03-17T03:13:06.367+0000] {dag.py:2693} INFO - Sync 1 DAGs
[2023-03-17T03:13:06.401+0000] {logging_mixin.py:137} INFO - [2023-03-17T03:13:06.401+0000] {dag.py:3444} INFO - Setting next_dagrun for tutorial_dag to None, run_after=None
[2023-03-17T03:13:06.426+0000] {processor.py:175} INFO - Processing /home/airflow/.local/lib/python3.7/site-packages/airflow/example_dags/tutorial_dag.py took 0.112 seconds
[2023-03-17T03:13:37.009+0000] {processor.py:153} INFO - Started process (PID=1342) to work on /home/airflow/.local/lib/python3.7/site-packages/airflow/example_dags/tutorial_dag.py
[2023-03-17T03:13:37.010+0000] {processor.py:743} INFO - Processing file /home/airflow/.local/lib/python3.7/site-packages/airflow/example_dags/tutorial_dag.py for tasks to queue
[2023-03-17T03:13:37.011+0000] {logging_mixin.py:137} INFO - [2023-03-17T03:13:37.011+0000] {dagbag.py:532} INFO - Filling up the DagBag from /home/airflow/.local/lib/python3.7/site-packages/airflow/example_dags/tutorial_dag.py
[2023-03-17T03:13:37.029+0000] {processor.py:753} INFO - DAG(s) dict_keys(['tutorial_dag']) retrieved from /home/airflow/.local/lib/python3.7/site-packages/airflow/example_dags/tutorial_dag.py
[2023-03-17T03:13:37.066+0000] {logging_mixin.py:137} INFO - [2023-03-17T03:13:37.066+0000] {dag.py:2693} INFO - Sync 1 DAGs
[2023-03-17T03:13:37.098+0000] {logging_mixin.py:137} INFO - [2023-03-17T03:13:37.098+0000] {dag.py:3444} INFO - Setting next_dagrun for tutorial_dag to None, run_after=None
[2023-03-17T03:13:37.169+0000] {processor.py:175} INFO - Processing /home/airflow/.local/lib/python3.7/site-packages/airflow/example_dags/tutorial_dag.py took 0.164 seconds
[2023-03-17T03:14:07.428+0000] {processor.py:153} INFO - Started process (PID=1559) to work on /home/airflow/.local/lib/python3.7/site-packages/airflow/example_dags/tutorial_dag.py
[2023-03-17T03:14:07.429+0000] {processor.py:743} INFO - Processing file /home/airflow/.local/lib/python3.7/site-packages/airflow/example_dags/tutorial_dag.py for tasks to queue
[2023-03-17T03:14:07.430+0000] {logging_mixin.py:137} INFO - [2023-03-17T03:14:07.430+0000] {dagbag.py:532} INFO - Filling up the DagBag from /home/airflow/.local/lib/python3.7/site-packages/airflow/example_dags/tutorial_dag.py
[2023-03-17T03:14:07.448+0000] {processor.py:753} INFO - DAG(s) dict_keys(['tutorial_dag']) retrieved from /home/airflow/.local/lib/python3.7/site-packages/airflow/example_dags/tutorial_dag.py
[2023-03-17T03:14:07.477+0000] {logging_mixin.py:137} INFO - [2023-03-17T03:14:07.477+0000] {dag.py:2693} INFO - Sync 1 DAGs
[2023-03-17T03:14:07.516+0000] {logging_mixin.py:137} INFO - [2023-03-17T03:14:07.516+0000] {dag.py:3444} INFO - Setting next_dagrun for tutorial_dag to None, run_after=None
[2023-03-17T03:14:07.544+0000] {processor.py:175} INFO - Processing /home/airflow/.local/lib/python3.7/site-packages/airflow/example_dags/tutorial_dag.py took 0.120 seconds
[2023-03-17T03:14:37.772+0000] {processor.py:153} INFO - Started process (PID=1776) to work on /home/airflow/.local/lib/python3.7/site-packages/airflow/example_dags/tutorial_dag.py
[2023-03-17T03:14:37.773+0000] {processor.py:743} INFO - Processing file /home/airflow/.local/lib/python3.7/site-packages/airflow/example_dags/tutorial_dag.py for tasks to queue
[2023-03-17T03:14:37.774+0000] {logging_mixin.py:137} INFO - [2023-03-17T03:14:37.774+0000] {dagbag.py:532} INFO - Filling up the DagBag from /home/airflow/.local/lib/python3.7/site-packages/airflow/example_dags/tutorial_dag.py
[2023-03-17T03:14:37.788+0000] {processor.py:753} INFO - DAG(s) dict_keys(['tutorial_dag']) retrieved from /home/airflow/.local/lib/python3.7/site-packages/airflow/example_dags/tutorial_dag.py
[2023-03-17T03:14:37.820+0000] {logging_mixin.py:137} INFO - [2023-03-17T03:14:37.820+0000] {dag.py:2693} INFO - Sync 1 DAGs
[2023-03-17T03:14:37.853+0000] {logging_mixin.py:137} INFO - [2023-03-17T03:14:37.852+0000] {dag.py:3444} INFO - Setting next_dagrun for tutorial_dag to None, run_after=None
[2023-03-17T03:14:37.880+0000] {processor.py:175} INFO - Processing /home/airflow/.local/lib/python3.7/site-packages/airflow/example_dags/tutorial_dag.py took 0.113 seconds
[2023-03-17T03:15:08.319+0000] {processor.py:153} INFO - Started process (PID=1993) to work on /home/airflow/.local/lib/python3.7/site-packages/airflow/example_dags/tutorial_dag.py
[2023-03-17T03:15:08.320+0000] {processor.py:743} INFO - Processing file /home/airflow/.local/lib/python3.7/site-packages/airflow/example_dags/tutorial_dag.py for tasks to queue
[2023-03-17T03:15:08.321+0000] {logging_mixin.py:137} INFO - [2023-03-17T03:15:08.321+0000] {dagbag.py:532} INFO - Filling up the DagBag from /home/airflow/.local/lib/python3.7/site-packages/airflow/example_dags/tutorial_dag.py
[2023-03-17T03:15:08.337+0000] {processor.py:753} INFO - DAG(s) dict_keys(['tutorial_dag']) retrieved from /home/airflow/.local/lib/python3.7/site-packages/airflow/example_dags/tutorial_dag.py
[2023-03-17T03:15:08.366+0000] {logging_mixin.py:137} INFO - [2023-03-17T03:15:08.366+0000] {dag.py:2693} INFO - Sync 1 DAGs
[2023-03-17T03:15:08.398+0000] {logging_mixin.py:137} INFO - [2023-03-17T03:15:08.398+0000] {dag.py:3444} INFO - Setting next_dagrun for tutorial_dag to None, run_after=None
[2023-03-17T03:15:08.424+0000] {processor.py:175} INFO - Processing /home/airflow/.local/lib/python3.7/site-packages/airflow/example_dags/tutorial_dag.py took 0.109 seconds
[2023-03-17T03:15:38.884+0000] {processor.py:153} INFO - Started process (PID=2210) to work on /home/airflow/.local/lib/python3.7/site-packages/airflow/example_dags/tutorial_dag.py
[2023-03-17T03:15:38.885+0000] {processor.py:743} INFO - Processing file /home/airflow/.local/lib/python3.7/site-packages/airflow/example_dags/tutorial_dag.py for tasks to queue
[2023-03-17T03:15:38.886+0000] {logging_mixin.py:137} INFO - [2023-03-17T03:15:38.885+0000] {dagbag.py:532} INFO - Filling up the DagBag from /home/airflow/.local/lib/python3.7/site-packages/airflow/example_dags/tutorial_dag.py
[2023-03-17T03:15:38.901+0000] {processor.py:753} INFO - DAG(s) dict_keys(['tutorial_dag']) retrieved from /home/airflow/.local/lib/python3.7/site-packages/airflow/example_dags/tutorial_dag.py
[2023-03-17T03:15:38.929+0000] {logging_mixin.py:137} INFO - [2023-03-17T03:15:38.929+0000] {dag.py:2693} INFO - Sync 1 DAGs
[2023-03-17T03:15:38.963+0000] {logging_mixin.py:137} INFO - [2023-03-17T03:15:38.963+0000] {dag.py:3444} INFO - Setting next_dagrun for tutorial_dag to None, run_after=None
[2023-03-17T03:15:38.987+0000] {processor.py:175} INFO - Processing /home/airflow/.local/lib/python3.7/site-packages/airflow/example_dags/tutorial_dag.py took 0.108 seconds
[2023-03-17T03:16:09.468+0000] {processor.py:153} INFO - Started process (PID=2430) to work on /home/airflow/.local/lib/python3.7/site-packages/airflow/example_dags/tutorial_dag.py
[2023-03-17T03:16:09.469+0000] {processor.py:743} INFO - Processing file /home/airflow/.local/lib/python3.7/site-packages/airflow/example_dags/tutorial_dag.py for tasks to queue
[2023-03-17T03:16:09.470+0000] {logging_mixin.py:137} INFO - [2023-03-17T03:16:09.470+0000] {dagbag.py:532} INFO - Filling up the DagBag from /home/airflow/.local/lib/python3.7/site-packages/airflow/example_dags/tutorial_dag.py
[2023-03-17T03:16:09.484+0000] {processor.py:753} INFO - DAG(s) dict_keys(['tutorial_dag']) retrieved from /home/airflow/.local/lib/python3.7/site-packages/airflow/example_dags/tutorial_dag.py
[2023-03-17T03:16:09.537+0000] {logging_mixin.py:137} INFO - [2023-03-17T03:16:09.537+0000] {dag.py:2693} INFO - Sync 1 DAGs
[2023-03-17T03:16:09.567+0000] {logging_mixin.py:137} INFO - [2023-03-17T03:16:09.567+0000] {dag.py:3444} INFO - Setting next_dagrun for tutorial_dag to None, run_after=None
[2023-03-17T03:16:09.592+0000] {processor.py:175} INFO - Processing /home/airflow/.local/lib/python3.7/site-packages/airflow/example_dags/tutorial_dag.py took 0.127 seconds
[2023-03-17T03:16:40.026+0000] {processor.py:153} INFO - Started process (PID=2645) to work on /home/airflow/.local/lib/python3.7/site-packages/airflow/example_dags/tutorial_dag.py
[2023-03-17T03:16:40.028+0000] {processor.py:743} INFO - Processing file /home/airflow/.local/lib/python3.7/site-packages/airflow/example_dags/tutorial_dag.py for tasks to queue
[2023-03-17T03:16:40.030+0000] {logging_mixin.py:137} INFO - [2023-03-17T03:16:40.029+0000] {dagbag.py:532} INFO - Filling up the DagBag from /home/airflow/.local/lib/python3.7/site-packages/airflow/example_dags/tutorial_dag.py
[2023-03-17T03:16:40.052+0000] {processor.py:753} INFO - DAG(s) dict_keys(['tutorial_dag']) retrieved from /home/airflow/.local/lib/python3.7/site-packages/airflow/example_dags/tutorial_dag.py
[2023-03-17T03:16:40.079+0000] {logging_mixin.py:137} INFO - [2023-03-17T03:16:40.078+0000] {dag.py:2693} INFO - Sync 1 DAGs
[2023-03-17T03:16:40.108+0000] {logging_mixin.py:137} INFO - [2023-03-17T03:16:40.108+0000] {dag.py:3444} INFO - Setting next_dagrun for tutorial_dag to None, run_after=None
[2023-03-17T03:16:40.133+0000] {processor.py:175} INFO - Processing /home/airflow/.local/lib/python3.7/site-packages/airflow/example_dags/tutorial_dag.py took 0.113 seconds
[2023-03-17T03:17:10.523+0000] {processor.py:153} INFO - Started process (PID=2862) to work on /home/airflow/.local/lib/python3.7/site-packages/airflow/example_dags/tutorial_dag.py
[2023-03-17T03:17:10.524+0000] {processor.py:743} INFO - Processing file /home/airflow/.local/lib/python3.7/site-packages/airflow/example_dags/tutorial_dag.py for tasks to queue
[2023-03-17T03:17:10.525+0000] {logging_mixin.py:137} INFO - [2023-03-17T03:17:10.525+0000] {dagbag.py:532} INFO - Filling up the DagBag from /home/airflow/.local/lib/python3.7/site-packages/airflow/example_dags/tutorial_dag.py
[2023-03-17T03:17:10.543+0000] {processor.py:753} INFO - DAG(s) dict_keys(['tutorial_dag']) retrieved from /home/airflow/.local/lib/python3.7/site-packages/airflow/example_dags/tutorial_dag.py
[2023-03-17T03:17:10.572+0000] {logging_mixin.py:137} INFO - [2023-03-17T03:17:10.572+0000] {dag.py:2693} INFO - Sync 1 DAGs
[2023-03-17T03:17:10.602+0000] {logging_mixin.py:137} INFO - [2023-03-17T03:17:10.602+0000] {dag.py:3444} INFO - Setting next_dagrun for tutorial_dag to None, run_after=None
[2023-03-17T03:17:10.628+0000] {processor.py:175} INFO - Processing /home/airflow/.local/lib/python3.7/site-packages/airflow/example_dags/tutorial_dag.py took 0.109 seconds
[2023-03-17T03:17:40.946+0000] {processor.py:153} INFO - Started process (PID=3079) to work on /home/airflow/.local/lib/python3.7/site-packages/airflow/example_dags/tutorial_dag.py
[2023-03-17T03:17:40.948+0000] {processor.py:743} INFO - Processing file /home/airflow/.local/lib/python3.7/site-packages/airflow/example_dags/tutorial_dag.py for tasks to queue
[2023-03-17T03:17:40.949+0000] {logging_mixin.py:137} INFO - [2023-03-17T03:17:40.948+0000] {dagbag.py:532} INFO - Filling up the DagBag from /home/airflow/.local/lib/python3.7/site-packages/airflow/example_dags/tutorial_dag.py
[2023-03-17T03:17:40.969+0000] {processor.py:753} INFO - DAG(s) dict_keys(['tutorial_dag']) retrieved from /home/airflow/.local/lib/python3.7/site-packages/airflow/example_dags/tutorial_dag.py
[2023-03-17T03:17:41.006+0000] {logging_mixin.py:137} INFO - [2023-03-17T03:17:41.006+0000] {dag.py:2693} INFO - Sync 1 DAGs
[2023-03-17T03:17:41.041+0000] {logging_mixin.py:137} INFO - [2023-03-17T03:17:41.041+0000] {dag.py:3444} INFO - Setting next_dagrun for tutorial_dag to None, run_after=None
[2023-03-17T03:17:41.067+0000] {processor.py:175} INFO - Processing /home/airflow/.local/lib/python3.7/site-packages/airflow/example_dags/tutorial_dag.py took 0.126 seconds
[2023-03-17T03:18:11.392+0000] {processor.py:153} INFO - Started process (PID=3296) to work on /home/airflow/.local/lib/python3.7/site-packages/airflow/example_dags/tutorial_dag.py
[2023-03-17T03:18:11.393+0000] {processor.py:743} INFO - Processing file /home/airflow/.local/lib/python3.7/site-packages/airflow/example_dags/tutorial_dag.py for tasks to queue
[2023-03-17T03:18:11.394+0000] {logging_mixin.py:137} INFO - [2023-03-17T03:18:11.394+0000] {dagbag.py:532} INFO - Filling up the DagBag from /home/airflow/.local/lib/python3.7/site-packages/airflow/example_dags/tutorial_dag.py
[2023-03-17T03:18:11.411+0000] {processor.py:753} INFO - DAG(s) dict_keys(['tutorial_dag']) retrieved from /home/airflow/.local/lib/python3.7/site-packages/airflow/example_dags/tutorial_dag.py
[2023-03-17T03:18:11.439+0000] {logging_mixin.py:137} INFO - [2023-03-17T03:18:11.439+0000] {dag.py:2693} INFO - Sync 1 DAGs
[2023-03-17T03:18:11.469+0000] {logging_mixin.py:137} INFO - [2023-03-17T03:18:11.469+0000] {dag.py:3444} INFO - Setting next_dagrun for tutorial_dag to None, run_after=None
[2023-03-17T03:18:11.500+0000] {processor.py:175} INFO - Processing /home/airflow/.local/lib/python3.7/site-packages/airflow/example_dags/tutorial_dag.py took 0.112 seconds
[2023-03-17T03:18:41.889+0000] {processor.py:153} INFO - Started process (PID=3514) to work on /home/airflow/.local/lib/python3.7/site-packages/airflow/example_dags/tutorial_dag.py
[2023-03-17T03:18:41.890+0000] {processor.py:743} INFO - Processing file /home/airflow/.local/lib/python3.7/site-packages/airflow/example_dags/tutorial_dag.py for tasks to queue
[2023-03-17T03:18:41.891+0000] {logging_mixin.py:137} INFO - [2023-03-17T03:18:41.891+0000] {dagbag.py:532} INFO - Filling up the DagBag from /home/airflow/.local/lib/python3.7/site-packages/airflow/example_dags/tutorial_dag.py
[2023-03-17T03:18:41.906+0000] {processor.py:753} INFO - DAG(s) dict_keys(['tutorial_dag']) retrieved from /home/airflow/.local/lib/python3.7/site-packages/airflow/example_dags/tutorial_dag.py
[2023-03-17T03:18:41.934+0000] {logging_mixin.py:137} INFO - [2023-03-17T03:18:41.934+0000] {dag.py:2693} INFO - Sync 1 DAGs
[2023-03-17T03:18:41.965+0000] {logging_mixin.py:137} INFO - [2023-03-17T03:18:41.965+0000] {dag.py:3444} INFO - Setting next_dagrun for tutorial_dag to None, run_after=None
[2023-03-17T03:18:41.990+0000] {processor.py:175} INFO - Processing /home/airflow/.local/lib/python3.7/site-packages/airflow/example_dags/tutorial_dag.py took 0.105 seconds
[2023-03-17T03:19:12.586+0000] {processor.py:153} INFO - Started process (PID=3733) to work on /home/airflow/.local/lib/python3.7/site-packages/airflow/example_dags/tutorial_dag.py
[2023-03-17T03:19:12.587+0000] {processor.py:743} INFO - Processing file /home/airflow/.local/lib/python3.7/site-packages/airflow/example_dags/tutorial_dag.py for tasks to queue
[2023-03-17T03:19:12.588+0000] {logging_mixin.py:137} INFO - [2023-03-17T03:19:12.588+0000] {dagbag.py:532} INFO - Filling up the DagBag from /home/airflow/.local/lib/python3.7/site-packages/airflow/example_dags/tutorial_dag.py
[2023-03-17T03:19:12.602+0000] {processor.py:753} INFO - DAG(s) dict_keys(['tutorial_dag']) retrieved from /home/airflow/.local/lib/python3.7/site-packages/airflow/example_dags/tutorial_dag.py
[2023-03-17T03:19:12.633+0000] {logging_mixin.py:137} INFO - [2023-03-17T03:19:12.632+0000] {dag.py:2693} INFO - Sync 1 DAGs
[2023-03-17T03:19:12.662+0000] {logging_mixin.py:137} INFO - [2023-03-17T03:19:12.662+0000] {dag.py:3444} INFO - Setting next_dagrun for tutorial_dag to None, run_after=None
[2023-03-17T03:19:12.687+0000] {processor.py:175} INFO - Processing /home/airflow/.local/lib/python3.7/site-packages/airflow/example_dags/tutorial_dag.py took 0.105 seconds
[2023-03-17T03:19:43.183+0000] {processor.py:153} INFO - Started process (PID=3948) to work on /home/airflow/.local/lib/python3.7/site-packages/airflow/example_dags/tutorial_dag.py
[2023-03-17T03:19:43.184+0000] {processor.py:743} INFO - Processing file /home/airflow/.local/lib/python3.7/site-packages/airflow/example_dags/tutorial_dag.py for tasks to queue
[2023-03-17T03:19:43.185+0000] {logging_mixin.py:137} INFO - [2023-03-17T03:19:43.185+0000] {dagbag.py:532} INFO - Filling up the DagBag from /home/airflow/.local/lib/python3.7/site-packages/airflow/example_dags/tutorial_dag.py
[2023-03-17T03:19:43.203+0000] {processor.py:753} INFO - DAG(s) dict_keys(['tutorial_dag']) retrieved from /home/airflow/.local/lib/python3.7/site-packages/airflow/example_dags/tutorial_dag.py
[2023-03-17T03:19:43.230+0000] {logging_mixin.py:137} INFO - [2023-03-17T03:19:43.230+0000] {dag.py:2693} INFO - Sync 1 DAGs
[2023-03-17T03:19:43.260+0000] {logging_mixin.py:137} INFO - [2023-03-17T03:19:43.259+0000] {dag.py:3444} INFO - Setting next_dagrun for tutorial_dag to None, run_after=None
[2023-03-17T03:19:43.284+0000] {processor.py:175} INFO - Processing /home/airflow/.local/lib/python3.7/site-packages/airflow/example_dags/tutorial_dag.py took 0.106 seconds
[2023-03-17T03:20:13.635+0000] {processor.py:153} INFO - Started process (PID=4165) to work on /home/airflow/.local/lib/python3.7/site-packages/airflow/example_dags/tutorial_dag.py
[2023-03-17T03:20:13.636+0000] {processor.py:743} INFO - Processing file /home/airflow/.local/lib/python3.7/site-packages/airflow/example_dags/tutorial_dag.py for tasks to queue
[2023-03-17T03:20:13.638+0000] {logging_mixin.py:137} INFO - [2023-03-17T03:20:13.637+0000] {dagbag.py:532} INFO - Filling up the DagBag from /home/airflow/.local/lib/python3.7/site-packages/airflow/example_dags/tutorial_dag.py
[2023-03-17T03:20:13.654+0000] {processor.py:753} INFO - DAG(s) dict_keys(['tutorial_dag']) retrieved from /home/airflow/.local/lib/python3.7/site-packages/airflow/example_dags/tutorial_dag.py
[2023-03-17T03:20:13.682+0000] {logging_mixin.py:137} INFO - [2023-03-17T03:20:13.682+0000] {dag.py:2693} INFO - Sync 1 DAGs
[2023-03-17T03:20:13.713+0000] {logging_mixin.py:137} INFO - [2023-03-17T03:20:13.713+0000] {dag.py:3444} INFO - Setting next_dagrun for tutorial_dag to None, run_after=None
[2023-03-17T03:20:13.738+0000] {processor.py:175} INFO - Processing /home/airflow/.local/lib/python3.7/site-packages/airflow/example_dags/tutorial_dag.py took 0.106 seconds
[2023-03-17T03:20:44.002+0000] {processor.py:153} INFO - Started process (PID=4382) to work on /home/airflow/.local/lib/python3.7/site-packages/airflow/example_dags/tutorial_dag.py
[2023-03-17T03:20:44.003+0000] {processor.py:743} INFO - Processing file /home/airflow/.local/lib/python3.7/site-packages/airflow/example_dags/tutorial_dag.py for tasks to queue
[2023-03-17T03:20:44.004+0000] {logging_mixin.py:137} INFO - [2023-03-17T03:20:44.004+0000] {dagbag.py:532} INFO - Filling up the DagBag from /home/airflow/.local/lib/python3.7/site-packages/airflow/example_dags/tutorial_dag.py
[2023-03-17T03:20:44.021+0000] {processor.py:753} INFO - DAG(s) dict_keys(['tutorial_dag']) retrieved from /home/airflow/.local/lib/python3.7/site-packages/airflow/example_dags/tutorial_dag.py
[2023-03-17T03:20:44.051+0000] {logging_mixin.py:137} INFO - [2023-03-17T03:20:44.051+0000] {dag.py:2693} INFO - Sync 1 DAGs
[2023-03-17T03:20:44.084+0000] {logging_mixin.py:137} INFO - [2023-03-17T03:20:44.084+0000] {dag.py:3444} INFO - Setting next_dagrun for tutorial_dag to None, run_after=None
[2023-03-17T03:20:44.108+0000] {processor.py:175} INFO - Processing /home/airflow/.local/lib/python3.7/site-packages/airflow/example_dags/tutorial_dag.py took 0.111 seconds
[2023-03-17T03:21:14.544+0000] {processor.py:153} INFO - Started process (PID=4599) to work on /home/airflow/.local/lib/python3.7/site-packages/airflow/example_dags/tutorial_dag.py
[2023-03-17T03:21:14.545+0000] {processor.py:743} INFO - Processing file /home/airflow/.local/lib/python3.7/site-packages/airflow/example_dags/tutorial_dag.py for tasks to queue
[2023-03-17T03:21:14.546+0000] {logging_mixin.py:137} INFO - [2023-03-17T03:21:14.546+0000] {dagbag.py:532} INFO - Filling up the DagBag from /home/airflow/.local/lib/python3.7/site-packages/airflow/example_dags/tutorial_dag.py
[2023-03-17T03:21:14.562+0000] {processor.py:753} INFO - DAG(s) dict_keys(['tutorial_dag']) retrieved from /home/airflow/.local/lib/python3.7/site-packages/airflow/example_dags/tutorial_dag.py
[2023-03-17T03:21:14.590+0000] {logging_mixin.py:137} INFO - [2023-03-17T03:21:14.590+0000] {dag.py:2693} INFO - Sync 1 DAGs
[2023-03-17T03:21:14.619+0000] {logging_mixin.py:137} INFO - [2023-03-17T03:21:14.619+0000] {dag.py:3444} INFO - Setting next_dagrun for tutorial_dag to None, run_after=None
[2023-03-17T03:21:14.642+0000] {processor.py:175} INFO - Processing /home/airflow/.local/lib/python3.7/site-packages/airflow/example_dags/tutorial_dag.py took 0.101 seconds
[2023-03-17T03:21:45.342+0000] {processor.py:153} INFO - Started process (PID=4816) to work on /home/airflow/.local/lib/python3.7/site-packages/airflow/example_dags/tutorial_dag.py
[2023-03-17T03:21:45.343+0000] {processor.py:743} INFO - Processing file /home/airflow/.local/lib/python3.7/site-packages/airflow/example_dags/tutorial_dag.py for tasks to queue
[2023-03-17T03:21:45.345+0000] {logging_mixin.py:137} INFO - [2023-03-17T03:21:45.345+0000] {dagbag.py:532} INFO - Filling up the DagBag from /home/airflow/.local/lib/python3.7/site-packages/airflow/example_dags/tutorial_dag.py
[2023-03-17T03:21:45.361+0000] {processor.py:753} INFO - DAG(s) dict_keys(['tutorial_dag']) retrieved from /home/airflow/.local/lib/python3.7/site-packages/airflow/example_dags/tutorial_dag.py
[2023-03-17T03:21:45.389+0000] {logging_mixin.py:137} INFO - [2023-03-17T03:21:45.389+0000] {dag.py:2693} INFO - Sync 1 DAGs
[2023-03-17T03:21:45.425+0000] {logging_mixin.py:137} INFO - [2023-03-17T03:21:45.425+0000] {dag.py:3444} INFO - Setting next_dagrun for tutorial_dag to None, run_after=None
[2023-03-17T03:21:45.454+0000] {processor.py:175} INFO - Processing /home/airflow/.local/lib/python3.7/site-packages/airflow/example_dags/tutorial_dag.py took 0.115 seconds
[2023-03-17T03:22:15.623+0000] {processor.py:153} INFO - Started process (PID=5033) to work on /home/airflow/.local/lib/python3.7/site-packages/airflow/example_dags/tutorial_dag.py
[2023-03-17T03:22:15.624+0000] {processor.py:743} INFO - Processing file /home/airflow/.local/lib/python3.7/site-packages/airflow/example_dags/tutorial_dag.py for tasks to queue
[2023-03-17T03:22:15.625+0000] {logging_mixin.py:137} INFO - [2023-03-17T03:22:15.625+0000] {dagbag.py:532} INFO - Filling up the DagBag from /home/airflow/.local/lib/python3.7/site-packages/airflow/example_dags/tutorial_dag.py
[2023-03-17T03:22:15.639+0000] {processor.py:753} INFO - DAG(s) dict_keys(['tutorial_dag']) retrieved from /home/airflow/.local/lib/python3.7/site-packages/airflow/example_dags/tutorial_dag.py
[2023-03-17T03:22:15.667+0000] {logging_mixin.py:137} INFO - [2023-03-17T03:22:15.667+0000] {dag.py:2693} INFO - Sync 1 DAGs
[2023-03-17T03:22:15.700+0000] {logging_mixin.py:137} INFO - [2023-03-17T03:22:15.700+0000] {dag.py:3444} INFO - Setting next_dagrun for tutorial_dag to None, run_after=None
[2023-03-17T03:22:15.725+0000] {processor.py:175} INFO - Processing /home/airflow/.local/lib/python3.7/site-packages/airflow/example_dags/tutorial_dag.py took 0.106 seconds
[2023-03-17T03:22:46.174+0000] {processor.py:153} INFO - Started process (PID=5250) to work on /home/airflow/.local/lib/python3.7/site-packages/airflow/example_dags/tutorial_dag.py
[2023-03-17T03:22:46.176+0000] {processor.py:743} INFO - Processing file /home/airflow/.local/lib/python3.7/site-packages/airflow/example_dags/tutorial_dag.py for tasks to queue
[2023-03-17T03:22:46.177+0000] {logging_mixin.py:137} INFO - [2023-03-17T03:22:46.177+0000] {dagbag.py:532} INFO - Filling up the DagBag from /home/airflow/.local/lib/python3.7/site-packages/airflow/example_dags/tutorial_dag.py
[2023-03-17T03:22:46.194+0000] {processor.py:753} INFO - DAG(s) dict_keys(['tutorial_dag']) retrieved from /home/airflow/.local/lib/python3.7/site-packages/airflow/example_dags/tutorial_dag.py
[2023-03-17T03:22:46.222+0000] {logging_mixin.py:137} INFO - [2023-03-17T03:22:46.222+0000] {dag.py:2693} INFO - Sync 1 DAGs
[2023-03-17T03:22:46.253+0000] {logging_mixin.py:137} INFO - [2023-03-17T03:22:46.252+0000] {dag.py:3444} INFO - Setting next_dagrun for tutorial_dag to None, run_after=None
[2023-03-17T03:22:46.278+0000] {processor.py:175} INFO - Processing /home/airflow/.local/lib/python3.7/site-packages/airflow/example_dags/tutorial_dag.py took 0.109 seconds
[2023-03-17T03:23:16.490+0000] {processor.py:153} INFO - Started process (PID=5468) to work on /home/airflow/.local/lib/python3.7/site-packages/airflow/example_dags/tutorial_dag.py
[2023-03-17T03:23:16.491+0000] {processor.py:743} INFO - Processing file /home/airflow/.local/lib/python3.7/site-packages/airflow/example_dags/tutorial_dag.py for tasks to queue
[2023-03-17T03:23:16.492+0000] {logging_mixin.py:137} INFO - [2023-03-17T03:23:16.492+0000] {dagbag.py:532} INFO - Filling up the DagBag from /home/airflow/.local/lib/python3.7/site-packages/airflow/example_dags/tutorial_dag.py
[2023-03-17T03:23:16.508+0000] {processor.py:753} INFO - DAG(s) dict_keys(['tutorial_dag']) retrieved from /home/airflow/.local/lib/python3.7/site-packages/airflow/example_dags/tutorial_dag.py
[2023-03-17T03:23:16.540+0000] {logging_mixin.py:137} INFO - [2023-03-17T03:23:16.540+0000] {dag.py:2693} INFO - Sync 1 DAGs
[2023-03-17T03:23:16.573+0000] {logging_mixin.py:137} INFO - [2023-03-17T03:23:16.573+0000] {dag.py:3444} INFO - Setting next_dagrun for tutorial_dag to None, run_after=None
[2023-03-17T03:23:16.604+0000] {processor.py:175} INFO - Processing /home/airflow/.local/lib/python3.7/site-packages/airflow/example_dags/tutorial_dag.py took 0.118 seconds
[2023-03-17T03:23:47.024+0000] {processor.py:153} INFO - Started process (PID=5685) to work on /home/airflow/.local/lib/python3.7/site-packages/airflow/example_dags/tutorial_dag.py
[2023-03-17T03:23:47.026+0000] {processor.py:743} INFO - Processing file /home/airflow/.local/lib/python3.7/site-packages/airflow/example_dags/tutorial_dag.py for tasks to queue
[2023-03-17T03:23:47.027+0000] {logging_mixin.py:137} INFO - [2023-03-17T03:23:47.027+0000] {dagbag.py:532} INFO - Filling up the DagBag from /home/airflow/.local/lib/python3.7/site-packages/airflow/example_dags/tutorial_dag.py
[2023-03-17T03:23:47.042+0000] {processor.py:753} INFO - DAG(s) dict_keys(['tutorial_dag']) retrieved from /home/airflow/.local/lib/python3.7/site-packages/airflow/example_dags/tutorial_dag.py
[2023-03-17T03:23:47.071+0000] {logging_mixin.py:137} INFO - [2023-03-17T03:23:47.071+0000] {dag.py:2693} INFO - Sync 1 DAGs
[2023-03-17T03:23:47.114+0000] {logging_mixin.py:137} INFO - [2023-03-17T03:23:47.114+0000] {dag.py:3444} INFO - Setting next_dagrun for tutorial_dag to None, run_after=None
[2023-03-17T03:23:47.143+0000] {processor.py:175} INFO - Processing /home/airflow/.local/lib/python3.7/site-packages/airflow/example_dags/tutorial_dag.py took 0.123 seconds
[2023-03-17T03:24:17.393+0000] {processor.py:153} INFO - Started process (PID=5902) to work on /home/airflow/.local/lib/python3.7/site-packages/airflow/example_dags/tutorial_dag.py
[2023-03-17T03:24:17.394+0000] {processor.py:743} INFO - Processing file /home/airflow/.local/lib/python3.7/site-packages/airflow/example_dags/tutorial_dag.py for tasks to queue
[2023-03-17T03:24:17.395+0000] {logging_mixin.py:137} INFO - [2023-03-17T03:24:17.395+0000] {dagbag.py:532} INFO - Filling up the DagBag from /home/airflow/.local/lib/python3.7/site-packages/airflow/example_dags/tutorial_dag.py
[2023-03-17T03:24:17.410+0000] {processor.py:753} INFO - DAG(s) dict_keys(['tutorial_dag']) retrieved from /home/airflow/.local/lib/python3.7/site-packages/airflow/example_dags/tutorial_dag.py
[2023-03-17T03:24:17.442+0000] {logging_mixin.py:137} INFO - [2023-03-17T03:24:17.442+0000] {dag.py:2693} INFO - Sync 1 DAGs
[2023-03-17T03:24:17.471+0000] {logging_mixin.py:137} INFO - [2023-03-17T03:24:17.471+0000] {dag.py:3444} INFO - Setting next_dagrun for tutorial_dag to None, run_after=None
[2023-03-17T03:24:17.497+0000] {processor.py:175} INFO - Processing /home/airflow/.local/lib/python3.7/site-packages/airflow/example_dags/tutorial_dag.py took 0.107 seconds
[2023-03-17T03:24:47.921+0000] {processor.py:153} INFO - Started process (PID=6119) to work on /home/airflow/.local/lib/python3.7/site-packages/airflow/example_dags/tutorial_dag.py
[2023-03-17T03:24:47.922+0000] {processor.py:743} INFO - Processing file /home/airflow/.local/lib/python3.7/site-packages/airflow/example_dags/tutorial_dag.py for tasks to queue
[2023-03-17T03:24:47.923+0000] {logging_mixin.py:137} INFO - [2023-03-17T03:24:47.923+0000] {dagbag.py:532} INFO - Filling up the DagBag from /home/airflow/.local/lib/python3.7/site-packages/airflow/example_dags/tutorial_dag.py
[2023-03-17T03:24:47.939+0000] {processor.py:753} INFO - DAG(s) dict_keys(['tutorial_dag']) retrieved from /home/airflow/.local/lib/python3.7/site-packages/airflow/example_dags/tutorial_dag.py
[2023-03-17T03:24:47.969+0000] {logging_mixin.py:137} INFO - [2023-03-17T03:24:47.968+0000] {dag.py:2693} INFO - Sync 1 DAGs
[2023-03-17T03:24:47.999+0000] {logging_mixin.py:137} INFO - [2023-03-17T03:24:47.998+0000] {dag.py:3444} INFO - Setting next_dagrun for tutorial_dag to None, run_after=None
[2023-03-17T03:24:48.021+0000] {processor.py:175} INFO - Processing /home/airflow/.local/lib/python3.7/site-packages/airflow/example_dags/tutorial_dag.py took 0.103 seconds
[2023-03-17T03:25:18.261+0000] {processor.py:153} INFO - Started process (PID=6336) to work on /home/airflow/.local/lib/python3.7/site-packages/airflow/example_dags/tutorial_dag.py
[2023-03-17T03:25:18.263+0000] {processor.py:743} INFO - Processing file /home/airflow/.local/lib/python3.7/site-packages/airflow/example_dags/tutorial_dag.py for tasks to queue
[2023-03-17T03:25:18.264+0000] {logging_mixin.py:137} INFO - [2023-03-17T03:25:18.263+0000] {dagbag.py:532} INFO - Filling up the DagBag from /home/airflow/.local/lib/python3.7/site-packages/airflow/example_dags/tutorial_dag.py
[2023-03-17T03:25:18.279+0000] {processor.py:753} INFO - DAG(s) dict_keys(['tutorial_dag']) retrieved from /home/airflow/.local/lib/python3.7/site-packages/airflow/example_dags/tutorial_dag.py
[2023-03-17T03:25:18.308+0000] {logging_mixin.py:137} INFO - [2023-03-17T03:25:18.308+0000] {dag.py:2693} INFO - Sync 1 DAGs
[2023-03-17T03:25:18.338+0000] {logging_mixin.py:137} INFO - [2023-03-17T03:25:18.338+0000] {dag.py:3444} INFO - Setting next_dagrun for tutorial_dag to None, run_after=None
[2023-03-17T03:25:18.363+0000] {processor.py:175} INFO - Processing /home/airflow/.local/lib/python3.7/site-packages/airflow/example_dags/tutorial_dag.py took 0.105 seconds
[2023-03-17T03:25:48.701+0000] {processor.py:153} INFO - Started process (PID=6553) to work on /home/airflow/.local/lib/python3.7/site-packages/airflow/example_dags/tutorial_dag.py
[2023-03-17T03:25:48.702+0000] {processor.py:743} INFO - Processing file /home/airflow/.local/lib/python3.7/site-packages/airflow/example_dags/tutorial_dag.py for tasks to queue
[2023-03-17T03:25:48.703+0000] {logging_mixin.py:137} INFO - [2023-03-17T03:25:48.703+0000] {dagbag.py:532} INFO - Filling up the DagBag from /home/airflow/.local/lib/python3.7/site-packages/airflow/example_dags/tutorial_dag.py
[2023-03-17T03:25:48.720+0000] {processor.py:753} INFO - DAG(s) dict_keys(['tutorial_dag']) retrieved from /home/airflow/.local/lib/python3.7/site-packages/airflow/example_dags/tutorial_dag.py
[2023-03-17T03:25:48.748+0000] {logging_mixin.py:137} INFO - [2023-03-17T03:25:48.748+0000] {dag.py:2693} INFO - Sync 1 DAGs
[2023-03-17T03:25:48.780+0000] {logging_mixin.py:137} INFO - [2023-03-17T03:25:48.780+0000] {dag.py:3444} INFO - Setting next_dagrun for tutorial_dag to None, run_after=None
[2023-03-17T03:25:48.803+0000] {processor.py:175} INFO - Processing /home/airflow/.local/lib/python3.7/site-packages/airflow/example_dags/tutorial_dag.py took 0.107 seconds
[2023-03-17T03:26:19.161+0000] {processor.py:153} INFO - Started process (PID=6770) to work on /home/airflow/.local/lib/python3.7/site-packages/airflow/example_dags/tutorial_dag.py
[2023-03-17T03:26:19.162+0000] {processor.py:743} INFO - Processing file /home/airflow/.local/lib/python3.7/site-packages/airflow/example_dags/tutorial_dag.py for tasks to queue
[2023-03-17T03:26:19.163+0000] {logging_mixin.py:137} INFO - [2023-03-17T03:26:19.163+0000] {dagbag.py:532} INFO - Filling up the DagBag from /home/airflow/.local/lib/python3.7/site-packages/airflow/example_dags/tutorial_dag.py
[2023-03-17T03:26:19.178+0000] {processor.py:753} INFO - DAG(s) dict_keys(['tutorial_dag']) retrieved from /home/airflow/.local/lib/python3.7/site-packages/airflow/example_dags/tutorial_dag.py
[2023-03-17T03:26:19.209+0000] {logging_mixin.py:137} INFO - [2023-03-17T03:26:19.209+0000] {dag.py:2693} INFO - Sync 1 DAGs
[2023-03-17T03:26:19.239+0000] {logging_mixin.py:137} INFO - [2023-03-17T03:26:19.239+0000] {dag.py:3444} INFO - Setting next_dagrun for tutorial_dag to None, run_after=None
[2023-03-17T03:26:19.263+0000] {processor.py:175} INFO - Processing /home/airflow/.local/lib/python3.7/site-packages/airflow/example_dags/tutorial_dag.py took 0.106 seconds
[2023-03-17T03:26:49.689+0000] {processor.py:153} INFO - Started process (PID=6987) to work on /home/airflow/.local/lib/python3.7/site-packages/airflow/example_dags/tutorial_dag.py
[2023-03-17T03:26:49.690+0000] {processor.py:743} INFO - Processing file /home/airflow/.local/lib/python3.7/site-packages/airflow/example_dags/tutorial_dag.py for tasks to queue
[2023-03-17T03:26:49.691+0000] {logging_mixin.py:137} INFO - [2023-03-17T03:26:49.691+0000] {dagbag.py:532} INFO - Filling up the DagBag from /home/airflow/.local/lib/python3.7/site-packages/airflow/example_dags/tutorial_dag.py
[2023-03-17T03:26:49.711+0000] {processor.py:753} INFO - DAG(s) dict_keys(['tutorial_dag']) retrieved from /home/airflow/.local/lib/python3.7/site-packages/airflow/example_dags/tutorial_dag.py
[2023-03-17T03:26:49.744+0000] {logging_mixin.py:137} INFO - [2023-03-17T03:26:49.744+0000] {dag.py:2693} INFO - Sync 1 DAGs
[2023-03-17T03:26:49.774+0000] {logging_mixin.py:137} INFO - [2023-03-17T03:26:49.774+0000] {dag.py:3444} INFO - Setting next_dagrun for tutorial_dag to None, run_after=None
[2023-03-17T03:26:49.797+0000] {processor.py:175} INFO - Processing /home/airflow/.local/lib/python3.7/site-packages/airflow/example_dags/tutorial_dag.py took 0.111 seconds
[2023-03-17T03:27:20.040+0000] {processor.py:153} INFO - Started process (PID=7204) to work on /home/airflow/.local/lib/python3.7/site-packages/airflow/example_dags/tutorial_dag.py
[2023-03-17T03:27:20.041+0000] {processor.py:743} INFO - Processing file /home/airflow/.local/lib/python3.7/site-packages/airflow/example_dags/tutorial_dag.py for tasks to queue
[2023-03-17T03:27:20.042+0000] {logging_mixin.py:137} INFO - [2023-03-17T03:27:20.042+0000] {dagbag.py:532} INFO - Filling up the DagBag from /home/airflow/.local/lib/python3.7/site-packages/airflow/example_dags/tutorial_dag.py
[2023-03-17T03:27:20.057+0000] {processor.py:753} INFO - DAG(s) dict_keys(['tutorial_dag']) retrieved from /home/airflow/.local/lib/python3.7/site-packages/airflow/example_dags/tutorial_dag.py
[2023-03-17T03:27:20.091+0000] {logging_mixin.py:137} INFO - [2023-03-17T03:27:20.090+0000] {dag.py:2693} INFO - Sync 1 DAGs
[2023-03-17T03:27:20.124+0000] {logging_mixin.py:137} INFO - [2023-03-17T03:27:20.124+0000] {dag.py:3444} INFO - Setting next_dagrun for tutorial_dag to None, run_after=None
[2023-03-17T03:27:20.150+0000] {processor.py:175} INFO - Processing /home/airflow/.local/lib/python3.7/site-packages/airflow/example_dags/tutorial_dag.py took 0.115 seconds
[2023-03-17T03:27:50.391+0000] {processor.py:153} INFO - Started process (PID=7421) to work on /home/airflow/.local/lib/python3.7/site-packages/airflow/example_dags/tutorial_dag.py
[2023-03-17T03:27:50.393+0000] {processor.py:743} INFO - Processing file /home/airflow/.local/lib/python3.7/site-packages/airflow/example_dags/tutorial_dag.py for tasks to queue
[2023-03-17T03:27:50.394+0000] {logging_mixin.py:137} INFO - [2023-03-17T03:27:50.393+0000] {dagbag.py:532} INFO - Filling up the DagBag from /home/airflow/.local/lib/python3.7/site-packages/airflow/example_dags/tutorial_dag.py
[2023-03-17T03:27:50.409+0000] {processor.py:753} INFO - DAG(s) dict_keys(['tutorial_dag']) retrieved from /home/airflow/.local/lib/python3.7/site-packages/airflow/example_dags/tutorial_dag.py
[2023-03-17T03:27:50.442+0000] {logging_mixin.py:137} INFO - [2023-03-17T03:27:50.442+0000] {dag.py:2693} INFO - Sync 1 DAGs
[2023-03-17T03:27:50.474+0000] {logging_mixin.py:137} INFO - [2023-03-17T03:27:50.473+0000] {dag.py:3444} INFO - Setting next_dagrun for tutorial_dag to None, run_after=None
[2023-03-17T03:27:50.500+0000] {processor.py:175} INFO - Processing /home/airflow/.local/lib/python3.7/site-packages/airflow/example_dags/tutorial_dag.py took 0.113 seconds
[2023-03-17T03:28:20.766+0000] {processor.py:153} INFO - Started process (PID=7638) to work on /home/airflow/.local/lib/python3.7/site-packages/airflow/example_dags/tutorial_dag.py
[2023-03-17T03:28:20.768+0000] {processor.py:743} INFO - Processing file /home/airflow/.local/lib/python3.7/site-packages/airflow/example_dags/tutorial_dag.py for tasks to queue
[2023-03-17T03:28:20.769+0000] {logging_mixin.py:137} INFO - [2023-03-17T03:28:20.769+0000] {dagbag.py:532} INFO - Filling up the DagBag from /home/airflow/.local/lib/python3.7/site-packages/airflow/example_dags/tutorial_dag.py
[2023-03-17T03:28:20.785+0000] {processor.py:753} INFO - DAG(s) dict_keys(['tutorial_dag']) retrieved from /home/airflow/.local/lib/python3.7/site-packages/airflow/example_dags/tutorial_dag.py
[2023-03-17T03:28:20.819+0000] {logging_mixin.py:137} INFO - [2023-03-17T03:28:20.819+0000] {dag.py:2693} INFO - Sync 1 DAGs
[2023-03-17T03:28:20.851+0000] {logging_mixin.py:137} INFO - [2023-03-17T03:28:20.851+0000] {dag.py:3444} INFO - Setting next_dagrun for tutorial_dag to None, run_after=None
[2023-03-17T03:28:20.881+0000] {processor.py:175} INFO - Processing /home/airflow/.local/lib/python3.7/site-packages/airflow/example_dags/tutorial_dag.py took 0.118 seconds
[2023-03-17T03:28:51.271+0000] {processor.py:153} INFO - Started process (PID=7855) to work on /home/airflow/.local/lib/python3.7/site-packages/airflow/example_dags/tutorial_dag.py
[2023-03-17T03:28:51.273+0000] {processor.py:743} INFO - Processing file /home/airflow/.local/lib/python3.7/site-packages/airflow/example_dags/tutorial_dag.py for tasks to queue
[2023-03-17T03:28:51.274+0000] {logging_mixin.py:137} INFO - [2023-03-17T03:28:51.274+0000] {dagbag.py:532} INFO - Filling up the DagBag from /home/airflow/.local/lib/python3.7/site-packages/airflow/example_dags/tutorial_dag.py
[2023-03-17T03:28:51.291+0000] {processor.py:753} INFO - DAG(s) dict_keys(['tutorial_dag']) retrieved from /home/airflow/.local/lib/python3.7/site-packages/airflow/example_dags/tutorial_dag.py
[2023-03-17T03:28:51.321+0000] {logging_mixin.py:137} INFO - [2023-03-17T03:28:51.321+0000] {dag.py:2693} INFO - Sync 1 DAGs
[2023-03-17T03:28:51.353+0000] {logging_mixin.py:137} INFO - [2023-03-17T03:28:51.352+0000] {dag.py:3444} INFO - Setting next_dagrun for tutorial_dag to None, run_after=None
[2023-03-17T03:28:51.380+0000] {processor.py:175} INFO - Processing /home/airflow/.local/lib/python3.7/site-packages/airflow/example_dags/tutorial_dag.py took 0.113 seconds
[2023-03-17T03:29:21.541+0000] {processor.py:153} INFO - Started process (PID=8073) to work on /home/airflow/.local/lib/python3.7/site-packages/airflow/example_dags/tutorial_dag.py
[2023-03-17T03:29:21.542+0000] {processor.py:743} INFO - Processing file /home/airflow/.local/lib/python3.7/site-packages/airflow/example_dags/tutorial_dag.py for tasks to queue
[2023-03-17T03:29:21.543+0000] {logging_mixin.py:137} INFO - [2023-03-17T03:29:21.542+0000] {dagbag.py:532} INFO - Filling up the DagBag from /home/airflow/.local/lib/python3.7/site-packages/airflow/example_dags/tutorial_dag.py
[2023-03-17T03:29:21.557+0000] {processor.py:753} INFO - DAG(s) dict_keys(['tutorial_dag']) retrieved from /home/airflow/.local/lib/python3.7/site-packages/airflow/example_dags/tutorial_dag.py
[2023-03-17T03:29:21.589+0000] {logging_mixin.py:137} INFO - [2023-03-17T03:29:21.589+0000] {dag.py:2693} INFO - Sync 1 DAGs
[2023-03-17T03:29:21.619+0000] {logging_mixin.py:137} INFO - [2023-03-17T03:29:21.619+0000] {dag.py:3444} INFO - Setting next_dagrun for tutorial_dag to None, run_after=None
[2023-03-17T03:29:21.644+0000] {processor.py:175} INFO - Processing /home/airflow/.local/lib/python3.7/site-packages/airflow/example_dags/tutorial_dag.py took 0.107 seconds
[2023-03-17T03:29:51.986+0000] {processor.py:153} INFO - Started process (PID=8290) to work on /home/airflow/.local/lib/python3.7/site-packages/airflow/example_dags/tutorial_dag.py
[2023-03-17T03:29:51.987+0000] {processor.py:743} INFO - Processing file /home/airflow/.local/lib/python3.7/site-packages/airflow/example_dags/tutorial_dag.py for tasks to queue
[2023-03-17T03:29:51.988+0000] {logging_mixin.py:137} INFO - [2023-03-17T03:29:51.988+0000] {dagbag.py:532} INFO - Filling up the DagBag from /home/airflow/.local/lib/python3.7/site-packages/airflow/example_dags/tutorial_dag.py
[2023-03-17T03:29:52.003+0000] {processor.py:753} INFO - DAG(s) dict_keys(['tutorial_dag']) retrieved from /home/airflow/.local/lib/python3.7/site-packages/airflow/example_dags/tutorial_dag.py
[2023-03-17T03:29:52.035+0000] {logging_mixin.py:137} INFO - [2023-03-17T03:29:52.035+0000] {dag.py:2693} INFO - Sync 1 DAGs
[2023-03-17T03:29:52.072+0000] {logging_mixin.py:137} INFO - [2023-03-17T03:29:52.072+0000] {dag.py:3444} INFO - Setting next_dagrun for tutorial_dag to None, run_after=None
[2023-03-17T03:29:52.101+0000] {processor.py:175} INFO - Processing /home/airflow/.local/lib/python3.7/site-packages/airflow/example_dags/tutorial_dag.py took 0.119 seconds
[2023-03-17T03:30:22.465+0000] {processor.py:153} INFO - Started process (PID=8507) to work on /home/airflow/.local/lib/python3.7/site-packages/airflow/example_dags/tutorial_dag.py
[2023-03-17T03:30:22.467+0000] {processor.py:743} INFO - Processing file /home/airflow/.local/lib/python3.7/site-packages/airflow/example_dags/tutorial_dag.py for tasks to queue
[2023-03-17T03:30:22.468+0000] {logging_mixin.py:137} INFO - [2023-03-17T03:30:22.467+0000] {dagbag.py:532} INFO - Filling up the DagBag from /home/airflow/.local/lib/python3.7/site-packages/airflow/example_dags/tutorial_dag.py
[2023-03-17T03:30:22.481+0000] {processor.py:753} INFO - DAG(s) dict_keys(['tutorial_dag']) retrieved from /home/airflow/.local/lib/python3.7/site-packages/airflow/example_dags/tutorial_dag.py
[2023-03-17T03:30:22.516+0000] {logging_mixin.py:137} INFO - [2023-03-17T03:30:22.515+0000] {dag.py:2693} INFO - Sync 1 DAGs
[2023-03-17T03:30:22.545+0000] {logging_mixin.py:137} INFO - [2023-03-17T03:30:22.545+0000] {dag.py:3444} INFO - Setting next_dagrun for tutorial_dag to None, run_after=None
[2023-03-17T03:30:22.577+0000] {processor.py:175} INFO - Processing /home/airflow/.local/lib/python3.7/site-packages/airflow/example_dags/tutorial_dag.py took 0.116 seconds
[2023-03-17T03:30:53.101+0000] {processor.py:153} INFO - Started process (PID=8724) to work on /home/airflow/.local/lib/python3.7/site-packages/airflow/example_dags/tutorial_dag.py
[2023-03-17T03:30:53.102+0000] {processor.py:743} INFO - Processing file /home/airflow/.local/lib/python3.7/site-packages/airflow/example_dags/tutorial_dag.py for tasks to queue
[2023-03-17T03:30:53.103+0000] {logging_mixin.py:137} INFO - [2023-03-17T03:30:53.103+0000] {dagbag.py:532} INFO - Filling up the DagBag from /home/airflow/.local/lib/python3.7/site-packages/airflow/example_dags/tutorial_dag.py
[2023-03-17T03:30:53.118+0000] {processor.py:753} INFO - DAG(s) dict_keys(['tutorial_dag']) retrieved from /home/airflow/.local/lib/python3.7/site-packages/airflow/example_dags/tutorial_dag.py
[2023-03-17T03:30:53.146+0000] {logging_mixin.py:137} INFO - [2023-03-17T03:30:53.146+0000] {dag.py:2693} INFO - Sync 1 DAGs
[2023-03-17T03:30:53.178+0000] {logging_mixin.py:137} INFO - [2023-03-17T03:30:53.178+0000] {dag.py:3444} INFO - Setting next_dagrun for tutorial_dag to None, run_after=None
[2023-03-17T03:30:53.202+0000] {processor.py:175} INFO - Processing /home/airflow/.local/lib/python3.7/site-packages/airflow/example_dags/tutorial_dag.py took 0.106 seconds
[2023-03-17T03:31:23.429+0000] {processor.py:153} INFO - Started process (PID=8941) to work on /home/airflow/.local/lib/python3.7/site-packages/airflow/example_dags/tutorial_dag.py
[2023-03-17T03:31:23.431+0000] {processor.py:743} INFO - Processing file /home/airflow/.local/lib/python3.7/site-packages/airflow/example_dags/tutorial_dag.py for tasks to queue
[2023-03-17T03:31:23.432+0000] {logging_mixin.py:137} INFO - [2023-03-17T03:31:23.431+0000] {dagbag.py:532} INFO - Filling up the DagBag from /home/airflow/.local/lib/python3.7/site-packages/airflow/example_dags/tutorial_dag.py
[2023-03-17T03:31:23.447+0000] {processor.py:753} INFO - DAG(s) dict_keys(['tutorial_dag']) retrieved from /home/airflow/.local/lib/python3.7/site-packages/airflow/example_dags/tutorial_dag.py
[2023-03-17T03:31:23.477+0000] {logging_mixin.py:137} INFO - [2023-03-17T03:31:23.477+0000] {dag.py:2693} INFO - Sync 1 DAGs
[2023-03-17T03:31:23.508+0000] {logging_mixin.py:137} INFO - [2023-03-17T03:31:23.508+0000] {dag.py:3444} INFO - Setting next_dagrun for tutorial_dag to None, run_after=None
[2023-03-17T03:31:23.535+0000] {processor.py:175} INFO - Processing /home/airflow/.local/lib/python3.7/site-packages/airflow/example_dags/tutorial_dag.py took 0.110 seconds
[2023-03-17T03:31:53.733+0000] {processor.py:153} INFO - Started process (PID=9158) to work on /home/airflow/.local/lib/python3.7/site-packages/airflow/example_dags/tutorial_dag.py
[2023-03-17T03:31:53.735+0000] {processor.py:743} INFO - Processing file /home/airflow/.local/lib/python3.7/site-packages/airflow/example_dags/tutorial_dag.py for tasks to queue
[2023-03-17T03:31:53.736+0000] {logging_mixin.py:137} INFO - [2023-03-17T03:31:53.736+0000] {dagbag.py:532} INFO - Filling up the DagBag from /home/airflow/.local/lib/python3.7/site-packages/airflow/example_dags/tutorial_dag.py
[2023-03-17T03:31:53.751+0000] {processor.py:753} INFO - DAG(s) dict_keys(['tutorial_dag']) retrieved from /home/airflow/.local/lib/python3.7/site-packages/airflow/example_dags/tutorial_dag.py
[2023-03-17T03:31:53.781+0000] {logging_mixin.py:137} INFO - [2023-03-17T03:31:53.781+0000] {dag.py:2693} INFO - Sync 1 DAGs
[2023-03-17T03:31:53.817+0000] {logging_mixin.py:137} INFO - [2023-03-17T03:31:53.817+0000] {dag.py:3444} INFO - Setting next_dagrun for tutorial_dag to None, run_after=None
[2023-03-17T03:31:53.843+0000] {processor.py:175} INFO - Processing /home/airflow/.local/lib/python3.7/site-packages/airflow/example_dags/tutorial_dag.py took 0.113 seconds
[2023-03-17T03:32:24.239+0000] {processor.py:153} INFO - Started process (PID=9375) to work on /home/airflow/.local/lib/python3.7/site-packages/airflow/example_dags/tutorial_dag.py
[2023-03-17T03:32:24.240+0000] {processor.py:743} INFO - Processing file /home/airflow/.local/lib/python3.7/site-packages/airflow/example_dags/tutorial_dag.py for tasks to queue
[2023-03-17T03:32:24.242+0000] {logging_mixin.py:137} INFO - [2023-03-17T03:32:24.242+0000] {dagbag.py:532} INFO - Filling up the DagBag from /home/airflow/.local/lib/python3.7/site-packages/airflow/example_dags/tutorial_dag.py
[2023-03-17T03:32:24.259+0000] {processor.py:753} INFO - DAG(s) dict_keys(['tutorial_dag']) retrieved from /home/airflow/.local/lib/python3.7/site-packages/airflow/example_dags/tutorial_dag.py
[2023-03-17T03:32:24.289+0000] {logging_mixin.py:137} INFO - [2023-03-17T03:32:24.288+0000] {dag.py:2693} INFO - Sync 1 DAGs
[2023-03-17T03:32:24.319+0000] {logging_mixin.py:137} INFO - [2023-03-17T03:32:24.319+0000] {dag.py:3444} INFO - Setting next_dagrun for tutorial_dag to None, run_after=None
[2023-03-17T03:32:24.345+0000] {processor.py:175} INFO - Processing /home/airflow/.local/lib/python3.7/site-packages/airflow/example_dags/tutorial_dag.py took 0.109 seconds
[2023-03-17T03:32:54.914+0000] {processor.py:153} INFO - Started process (PID=9592) to work on /home/airflow/.local/lib/python3.7/site-packages/airflow/example_dags/tutorial_dag.py
[2023-03-17T03:32:54.915+0000] {processor.py:743} INFO - Processing file /home/airflow/.local/lib/python3.7/site-packages/airflow/example_dags/tutorial_dag.py for tasks to queue
[2023-03-17T03:32:54.916+0000] {logging_mixin.py:137} INFO - [2023-03-17T03:32:54.916+0000] {dagbag.py:532} INFO - Filling up the DagBag from /home/airflow/.local/lib/python3.7/site-packages/airflow/example_dags/tutorial_dag.py
[2023-03-17T03:32:54.935+0000] {processor.py:753} INFO - DAG(s) dict_keys(['tutorial_dag']) retrieved from /home/airflow/.local/lib/python3.7/site-packages/airflow/example_dags/tutorial_dag.py
[2023-03-17T03:32:54.968+0000] {logging_mixin.py:137} INFO - [2023-03-17T03:32:54.968+0000] {dag.py:2693} INFO - Sync 1 DAGs
[2023-03-17T03:32:55.003+0000] {logging_mixin.py:137} INFO - [2023-03-17T03:32:55.003+0000] {dag.py:3444} INFO - Setting next_dagrun for tutorial_dag to None, run_after=None
[2023-03-17T03:32:55.031+0000] {processor.py:175} INFO - Processing /home/airflow/.local/lib/python3.7/site-packages/airflow/example_dags/tutorial_dag.py took 0.122 seconds
[2023-03-17T03:33:25.712+0000] {processor.py:153} INFO - Started process (PID=9810) to work on /home/airflow/.local/lib/python3.7/site-packages/airflow/example_dags/tutorial_dag.py
[2023-03-17T03:33:25.713+0000] {processor.py:743} INFO - Processing file /home/airflow/.local/lib/python3.7/site-packages/airflow/example_dags/tutorial_dag.py for tasks to queue
[2023-03-17T03:33:25.714+0000] {logging_mixin.py:137} INFO - [2023-03-17T03:33:25.714+0000] {dagbag.py:532} INFO - Filling up the DagBag from /home/airflow/.local/lib/python3.7/site-packages/airflow/example_dags/tutorial_dag.py
[2023-03-17T03:33:25.730+0000] {processor.py:753} INFO - DAG(s) dict_keys(['tutorial_dag']) retrieved from /home/airflow/.local/lib/python3.7/site-packages/airflow/example_dags/tutorial_dag.py
[2023-03-17T03:33:25.760+0000] {logging_mixin.py:137} INFO - [2023-03-17T03:33:25.760+0000] {dag.py:2693} INFO - Sync 1 DAGs
[2023-03-17T03:33:25.792+0000] {logging_mixin.py:137} INFO - [2023-03-17T03:33:25.791+0000] {dag.py:3444} INFO - Setting next_dagrun for tutorial_dag to None, run_after=None
[2023-03-17T03:33:25.820+0000] {processor.py:175} INFO - Processing /home/airflow/.local/lib/python3.7/site-packages/airflow/example_dags/tutorial_dag.py took 0.112 seconds
[2023-03-17T03:33:56.291+0000] {processor.py:153} INFO - Started process (PID=10027) to work on /home/airflow/.local/lib/python3.7/site-packages/airflow/example_dags/tutorial_dag.py
[2023-03-17T03:33:56.292+0000] {processor.py:743} INFO - Processing file /home/airflow/.local/lib/python3.7/site-packages/airflow/example_dags/tutorial_dag.py for tasks to queue
[2023-03-17T03:33:56.294+0000] {logging_mixin.py:137} INFO - [2023-03-17T03:33:56.294+0000] {dagbag.py:532} INFO - Filling up the DagBag from /home/airflow/.local/lib/python3.7/site-packages/airflow/example_dags/tutorial_dag.py
[2023-03-17T03:33:56.310+0000] {processor.py:753} INFO - DAG(s) dict_keys(['tutorial_dag']) retrieved from /home/airflow/.local/lib/python3.7/site-packages/airflow/example_dags/tutorial_dag.py
[2023-03-17T03:33:56.343+0000] {logging_mixin.py:137} INFO - [2023-03-17T03:33:56.343+0000] {dag.py:2693} INFO - Sync 1 DAGs
[2023-03-17T03:33:56.375+0000] {logging_mixin.py:137} INFO - [2023-03-17T03:33:56.374+0000] {dag.py:3444} INFO - Setting next_dagrun for tutorial_dag to None, run_after=None
[2023-03-17T03:33:56.401+0000] {processor.py:175} INFO - Processing /home/airflow/.local/lib/python3.7/site-packages/airflow/example_dags/tutorial_dag.py took 0.115 seconds
[2023-03-17T03:34:26.940+0000] {processor.py:153} INFO - Started process (PID=10247) to work on /home/airflow/.local/lib/python3.7/site-packages/airflow/example_dags/tutorial_dag.py
[2023-03-17T03:34:26.941+0000] {processor.py:743} INFO - Processing file /home/airflow/.local/lib/python3.7/site-packages/airflow/example_dags/tutorial_dag.py for tasks to queue
[2023-03-17T03:34:26.942+0000] {logging_mixin.py:137} INFO - [2023-03-17T03:34:26.942+0000] {dagbag.py:532} INFO - Filling up the DagBag from /home/airflow/.local/lib/python3.7/site-packages/airflow/example_dags/tutorial_dag.py
[2023-03-17T03:34:26.957+0000] {processor.py:753} INFO - DAG(s) dict_keys(['tutorial_dag']) retrieved from /home/airflow/.local/lib/python3.7/site-packages/airflow/example_dags/tutorial_dag.py
[2023-03-17T03:34:26.991+0000] {logging_mixin.py:137} INFO - [2023-03-17T03:34:26.991+0000] {dag.py:2693} INFO - Sync 1 DAGs
[2023-03-17T03:34:27.023+0000] {logging_mixin.py:137} INFO - [2023-03-17T03:34:27.023+0000] {dag.py:3444} INFO - Setting next_dagrun for tutorial_dag to None, run_after=None
[2023-03-17T03:34:27.054+0000] {processor.py:175} INFO - Processing /home/airflow/.local/lib/python3.7/site-packages/airflow/example_dags/tutorial_dag.py took 0.118 seconds
