[2023-03-25T03:42:36.222+0000] {taskinstance.py:1084} INFO - Dependencies all met for dep_context=non-requeueable deps ti=<TaskInstance: our_first_dag_v1.third_task scheduled__2023-03-24T00:00:00+00:00 [queued]>
[2023-03-25T03:42:36.272+0000] {taskinstance.py:1084} INFO - Dependencies all met for dep_context=requeueable deps ti=<TaskInstance: our_first_dag_v1.third_task scheduled__2023-03-24T00:00:00+00:00 [queued]>
[2023-03-25T03:42:36.273+0000] {taskinstance.py:1282} INFO - 
--------------------------------------------------------------------------------
[2023-03-25T03:42:36.275+0000] {taskinstance.py:1283} INFO - Starting attempt 1 of 6
[2023-03-25T03:42:36.277+0000] {taskinstance.py:1284} INFO - 
--------------------------------------------------------------------------------
[2023-03-25T03:42:36.458+0000] {taskinstance.py:1303} INFO - Executing <Task(BashOperator): third_task> on 2023-03-24 00:00:00+00:00
[2023-03-25T03:42:36.466+0000] {standard_task_runner.py:55} INFO - Started process 214 to run task
[2023-03-25T03:42:36.475+0000] {standard_task_runner.py:82} INFO - Running: ['***', 'tasks', 'run', 'our_first_dag_v1', 'third_task', 'scheduled__2023-03-24T00:00:00+00:00', '--job-id', '252', '--raw', '--subdir', 'DAGS_FOLDER/our_first_dag.py', '--cfg-path', '/tmp/tmp6fup8qam']
[2023-03-25T03:42:36.480+0000] {standard_task_runner.py:83} INFO - Job 252: Subtask third_task
[2023-03-25T03:42:36.748+0000] {task_command.py:388} INFO - Running <TaskInstance: our_first_dag_v1.third_task scheduled__2023-03-24T00:00:00+00:00 [running]> on host 9783a48d7fca
[2023-03-25T03:42:37.349+0000] {taskinstance.py:1511} INFO - Exporting the following env vars:
AIRFLOW_CTX_DAG_OWNER=ThinhHuynh
AIRFLOW_CTX_DAG_ID=our_first_dag_v1
AIRFLOW_CTX_TASK_ID=third_task
AIRFLOW_CTX_EXECUTION_DATE=2023-03-24T00:00:00+00:00
AIRFLOW_CTX_TRY_NUMBER=1
AIRFLOW_CTX_DAG_RUN_ID=scheduled__2023-03-24T00:00:00+00:00
[2023-03-25T03:42:37.353+0000] {subprocess.py:63} INFO - Tmp dir root location: 
 /tmp
[2023-03-25T03:42:37.355+0000] {subprocess.py:75} INFO - Running command: ['/bin/bash', '-c', 'echo Hello world, this is task 3']
[2023-03-25T03:42:37.375+0000] {subprocess.py:86} INFO - Output:
[2023-03-25T03:42:37.378+0000] {subprocess.py:93} INFO - Hello world, this is task 3
[2023-03-25T03:42:37.381+0000] {subprocess.py:97} INFO - Command exited with return code 0
[2023-03-25T03:42:37.637+0000] {taskinstance.py:1326} INFO - Marking task as SUCCESS. dag_id=our_first_dag_v1, task_id=third_task, execution_date=20230324T000000, start_date=20230325T034236, end_date=20230325T034237
[2023-03-25T03:42:37.772+0000] {local_task_job.py:212} INFO - Task exited with return code 0
[2023-03-25T03:42:37.824+0000] {taskinstance.py:2585} INFO - 0 downstream tasks scheduled from follow-on schedule check
