[2023-03-23T02:07:36.621+0000] {taskinstance.py:1084} INFO - Dependencies all met for dep_context=non-requeueable deps ti=<TaskInstance: dag_with_taskflow_api_v02.greet scheduled__2023-03-22T00:00:00+00:00 [queued]>
[2023-03-23T02:07:36.648+0000] {taskinstance.py:1084} INFO - Dependencies all met for dep_context=requeueable deps ti=<TaskInstance: dag_with_taskflow_api_v02.greet scheduled__2023-03-22T00:00:00+00:00 [queued]>
[2023-03-23T02:07:36.649+0000] {taskinstance.py:1282} INFO - 
--------------------------------------------------------------------------------
[2023-03-23T02:07:36.652+0000] {taskinstance.py:1283} INFO - Starting attempt 1 of 6
[2023-03-23T02:07:36.652+0000] {taskinstance.py:1284} INFO - 
--------------------------------------------------------------------------------
[2023-03-23T02:07:36.704+0000] {taskinstance.py:1303} INFO - Executing <Task(_PythonDecoratedOperator): greet> on 2023-03-22 00:00:00+00:00
[2023-03-23T02:07:36.710+0000] {standard_task_runner.py:55} INFO - Started process 223 to run task
[2023-03-23T02:07:36.716+0000] {standard_task_runner.py:82} INFO - Running: ['***', 'tasks', 'run', 'dag_with_taskflow_api_v02', 'greet', 'scheduled__2023-03-22T00:00:00+00:00', '--job-id', '224', '--raw', '--subdir', 'DAGS_FOLDER/dag_with_taskfow_api.py', '--cfg-path', '/tmp/tmprd38jdnr']
[2023-03-23T02:07:36.720+0000] {standard_task_runner.py:83} INFO - Job 224: Subtask greet
[2023-03-23T02:07:36.864+0000] {task_command.py:388} INFO - Running <TaskInstance: dag_with_taskflow_api_v02.greet scheduled__2023-03-22T00:00:00+00:00 [running]> on host 9783a48d7fca
[2023-03-23T02:07:37.194+0000] {taskinstance.py:1511} INFO - Exporting the following env vars:
AIRFLOW_CTX_DAG_OWNER=ThinhHuynh
AIRFLOW_CTX_DAG_ID=dag_with_taskflow_api_v02
AIRFLOW_CTX_TASK_ID=greet
AIRFLOW_CTX_EXECUTION_DATE=2023-03-22T00:00:00+00:00
AIRFLOW_CTX_TRY_NUMBER=1
AIRFLOW_CTX_DAG_RUN_ID=scheduled__2023-03-22T00:00:00+00:00
[2023-03-23T02:07:37.202+0000] {logging_mixin.py:137} INFO - Hello World! My name is Thinh Huynh and I am 30 years old
[2023-03-23T02:07:37.203+0000] {python.py:177} INFO - Done. Returned value was: None
[2023-03-23T02:07:37.235+0000] {taskinstance.py:1326} INFO - Marking task as SUCCESS. dag_id=dag_with_taskflow_api_v02, task_id=greet, execution_date=20230322T000000, start_date=20230323T020736, end_date=20230323T020737
[2023-03-23T02:07:37.342+0000] {local_task_job.py:212} INFO - Task exited with return code 0
[2023-03-23T02:07:37.397+0000] {taskinstance.py:2585} INFO - 0 downstream tasks scheduled from follow-on schedule check
