[2023-03-22T01:18:26.682+0000] {taskinstance.py:1084} INFO - Dependencies all met for dep_context=non-requeueable deps ti=<TaskInstance: our_dag_with_python_operator_v05.get_age scheduled__2023-03-21T00:00:00+00:00 [queued]>
[2023-03-22T01:18:26.744+0000] {taskinstance.py:1084} INFO - Dependencies all met for dep_context=requeueable deps ti=<TaskInstance: our_dag_with_python_operator_v05.get_age scheduled__2023-03-21T00:00:00+00:00 [queued]>
[2023-03-22T01:18:26.745+0000] {taskinstance.py:1282} INFO - 
--------------------------------------------------------------------------------
[2023-03-22T01:18:26.754+0000] {taskinstance.py:1283} INFO - Starting attempt 1 of 6
[2023-03-22T01:18:26.761+0000] {taskinstance.py:1284} INFO - 
--------------------------------------------------------------------------------
[2023-03-22T01:18:26.840+0000] {taskinstance.py:1303} INFO - Executing <Task(PythonOperator): get_age> on 2023-03-21 00:00:00+00:00
[2023-03-22T01:18:26.859+0000] {standard_task_runner.py:55} INFO - Started process 209 to run task
[2023-03-22T01:18:26.886+0000] {standard_task_runner.py:82} INFO - Running: ['***', 'tasks', 'run', 'our_dag_with_python_operator_v05', 'get_age', 'scheduled__2023-03-21T00:00:00+00:00', '--job-id', '139', '--raw', '--subdir', 'DAGS_FOLDER/create_dags_with_python_operator.py', '--cfg-path', '/tmp/tmpxtv7s7zw']
[2023-03-22T01:18:26.952+0000] {standard_task_runner.py:83} INFO - Job 139: Subtask get_age
[2023-03-22T01:18:27.442+0000] {task_command.py:388} INFO - Running <TaskInstance: our_dag_with_python_operator_v05.get_age scheduled__2023-03-21T00:00:00+00:00 [running]> on host 87381be0c6e6
[2023-03-22T01:18:27.820+0000] {taskinstance.py:1511} INFO - Exporting the following env vars:
AIRFLOW_CTX_DAG_OWNER=ThinhHuynh
AIRFLOW_CTX_DAG_ID=our_dag_with_python_operator_v05
AIRFLOW_CTX_TASK_ID=get_age
AIRFLOW_CTX_EXECUTION_DATE=2023-03-21T00:00:00+00:00
AIRFLOW_CTX_TRY_NUMBER=1
AIRFLOW_CTX_DAG_RUN_ID=scheduled__2023-03-21T00:00:00+00:00
[2023-03-22T01:18:27.885+0000] {python.py:177} INFO - Done. Returned value was: None
[2023-03-22T01:18:27.912+0000] {taskinstance.py:1326} INFO - Marking task as SUCCESS. dag_id=our_dag_with_python_operator_v05, task_id=get_age, execution_date=20230321T000000, start_date=20230322T011826, end_date=20230322T011827
[2023-03-22T01:18:27.999+0000] {local_task_job.py:212} INFO - Task exited with return code 0
[2023-03-22T01:18:28.099+0000] {taskinstance.py:2585} INFO - 0 downstream tasks scheduled from follow-on schedule check
