[2023-03-23T02:19:38.222+0000] {taskinstance.py:1084} INFO - Dependencies all met for dep_context=non-requeueable deps ti=<TaskInstance: dag_with_minio_s3_v04.sensor_minio_s3 manual__2023-03-23T02:19:35.543801+00:00 [queued]>
[2023-03-23T02:19:38.249+0000] {taskinstance.py:1084} INFO - Dependencies all met for dep_context=requeueable deps ti=<TaskInstance: dag_with_minio_s3_v04.sensor_minio_s3 manual__2023-03-23T02:19:35.543801+00:00 [queued]>
[2023-03-23T02:19:38.250+0000] {taskinstance.py:1282} INFO - 
--------------------------------------------------------------------------------
[2023-03-23T02:19:38.251+0000] {taskinstance.py:1283} INFO - Starting attempt 1 of 1
[2023-03-23T02:19:38.251+0000] {taskinstance.py:1284} INFO - 
--------------------------------------------------------------------------------
[2023-03-23T02:19:38.290+0000] {taskinstance.py:1303} INFO - Executing <Task(S3KeySensor): sensor_minio_s3> on 2023-03-23 02:19:35.543801+00:00
[2023-03-23T02:19:38.302+0000] {standard_task_runner.py:55} INFO - Started process 1070 to run task
[2023-03-23T02:19:38.307+0000] {standard_task_runner.py:82} INFO - Running: ['***', 'tasks', 'run', 'dag_with_minio_s3_v04', 'sensor_minio_s3', 'manual__2023-03-23T02:19:35.543801+00:00', '--job-id', '225', '--raw', '--subdir', 'DAGS_FOLDER/minio_s3.py', '--cfg-path', '/tmp/tmp4yarljeu']
[2023-03-23T02:19:38.310+0000] {standard_task_runner.py:83} INFO - Job 225: Subtask sensor_minio_s3
[2023-03-23T02:19:38.418+0000] {task_command.py:388} INFO - Running <TaskInstance: dag_with_minio_s3_v04.sensor_minio_s3 manual__2023-03-23T02:19:35.543801+00:00 [running]> on host 9783a48d7fca
[2023-03-23T02:19:38.622+0000] {taskinstance.py:1511} INFO - Exporting the following env vars:
AIRFLOW_CTX_DAG_OWNER=ThinhHuynh
AIRFLOW_CTX_DAG_ID=dag_with_minio_s3_v04
AIRFLOW_CTX_TASK_ID=sensor_minio_s3
AIRFLOW_CTX_EXECUTION_DATE=2023-03-23T02:19:35.543801+00:00
AIRFLOW_CTX_TRY_NUMBER=1
AIRFLOW_CTX_DAG_RUN_ID=manual__2023-03-23T02:19:35.543801+00:00
[2023-03-23T02:19:38.623+0000] {s3.py:99} INFO - Poking for key : s3://***/data.csv
[2023-03-23T02:19:38.654+0000] {base.py:73} INFO - Using connection ID 'minio_s3_conn' for task execution.
[2023-03-23T02:19:38.657+0000] {connection_wrapper.py:340} INFO - AWS Connection (conn_id='minio_s3_conn', conn_type='aws') credentials retrieved from extra.
[2023-03-23T02:19:44.504+0000] {base.py:228} INFO - Success criteria met. Exiting.
[2023-03-23T02:19:44.515+0000] {taskinstance.py:1326} INFO - Marking task as SUCCESS. dag_id=dag_with_minio_s3_v04, task_id=sensor_minio_s3, execution_date=20230323T021935, start_date=20230323T021938, end_date=20230323T021944
[2023-03-23T02:19:44.554+0000] {local_task_job.py:212} INFO - Task exited with return code 0
[2023-03-23T02:19:44.574+0000] {taskinstance.py:2585} INFO - 0 downstream tasks scheduled from follow-on schedule check
