[2023-03-22T01:18:28.719+0000] {taskinstance.py:1084} INFO - Dependencies all met for dep_context=non-requeueable deps ti=<TaskInstance: our_first_dag_v1.third_task scheduled__2023-03-21T00:00:00+00:00 [queued]>
[2023-03-22T01:18:28.744+0000] {taskinstance.py:1084} INFO - Dependencies all met for dep_context=requeueable deps ti=<TaskInstance: our_first_dag_v1.third_task scheduled__2023-03-21T00:00:00+00:00 [queued]>
[2023-03-22T01:18:28.745+0000] {taskinstance.py:1282} INFO - 
--------------------------------------------------------------------------------
[2023-03-22T01:18:28.751+0000] {taskinstance.py:1283} INFO - Starting attempt 1 of 6
[2023-03-22T01:18:28.752+0000] {taskinstance.py:1284} INFO - 
--------------------------------------------------------------------------------
[2023-03-22T01:18:28.810+0000] {taskinstance.py:1303} INFO - Executing <Task(BashOperator): third_task> on 2023-03-21 00:00:00+00:00
[2023-03-22T01:18:28.816+0000] {standard_task_runner.py:55} INFO - Started process 218 to run task
[2023-03-22T01:18:28.826+0000] {standard_task_runner.py:82} INFO - Running: ['***', 'tasks', 'run', 'our_first_dag_v1', 'third_task', 'scheduled__2023-03-21T00:00:00+00:00', '--job-id', '142', '--raw', '--subdir', 'DAGS_FOLDER/our_first_dag.py', '--cfg-path', '/tmp/tmpm22cgs70']
[2023-03-22T01:18:28.831+0000] {standard_task_runner.py:83} INFO - Job 142: Subtask third_task
[2023-03-22T01:18:29.066+0000] {task_command.py:388} INFO - Running <TaskInstance: our_first_dag_v1.third_task scheduled__2023-03-21T00:00:00+00:00 [running]> on host 87381be0c6e6
[2023-03-22T01:18:29.269+0000] {taskinstance.py:1511} INFO - Exporting the following env vars:
AIRFLOW_CTX_DAG_OWNER=ThinhHuynh
AIRFLOW_CTX_DAG_ID=our_first_dag_v1
AIRFLOW_CTX_TASK_ID=third_task
AIRFLOW_CTX_EXECUTION_DATE=2023-03-21T00:00:00+00:00
AIRFLOW_CTX_TRY_NUMBER=1
AIRFLOW_CTX_DAG_RUN_ID=scheduled__2023-03-21T00:00:00+00:00
[2023-03-22T01:18:29.271+0000] {subprocess.py:63} INFO - Tmp dir root location: 
 /tmp
[2023-03-22T01:18:29.273+0000] {subprocess.py:75} INFO - Running command: ['/bin/bash', '-c', 'echo Hello world, this is task 3']
[2023-03-22T01:18:29.286+0000] {subprocess.py:86} INFO - Output:
[2023-03-22T01:18:29.288+0000] {subprocess.py:93} INFO - Hello world, this is task 3
[2023-03-22T01:18:29.289+0000] {subprocess.py:97} INFO - Command exited with return code 0
[2023-03-22T01:18:29.343+0000] {taskinstance.py:1326} INFO - Marking task as SUCCESS. dag_id=our_first_dag_v1, task_id=third_task, execution_date=20230321T000000, start_date=20230322T011828, end_date=20230322T011829
[2023-03-22T01:18:29.404+0000] {local_task_job.py:212} INFO - Task exited with return code 0
[2023-03-22T01:18:29.443+0000] {taskinstance.py:2585} INFO - 0 downstream tasks scheduled from follow-on schedule check
