[2023-03-21T01:27:14.475+0000] {taskinstance.py:1084} INFO - Dependencies all met for dep_context=non-requeueable deps ti=<TaskInstance: our_first_dag_v1.first_task scheduled__2023-03-20T00:00:00+00:00 [queued]>
[2023-03-21T01:27:14.513+0000] {taskinstance.py:1084} INFO - Dependencies all met for dep_context=requeueable deps ti=<TaskInstance: our_first_dag_v1.first_task scheduled__2023-03-20T00:00:00+00:00 [queued]>
[2023-03-21T01:27:14.514+0000] {taskinstance.py:1282} INFO - 
--------------------------------------------------------------------------------
[2023-03-21T01:27:14.517+0000] {taskinstance.py:1283} INFO - Starting attempt 1 of 6
[2023-03-21T01:27:14.518+0000] {taskinstance.py:1284} INFO - 
--------------------------------------------------------------------------------
[2023-03-21T01:27:14.865+0000] {taskinstance.py:1303} INFO - Executing <Task(BashOperator): first_task> on 2023-03-20 00:00:00+00:00
[2023-03-21T01:27:14.871+0000] {standard_task_runner.py:55} INFO - Started process 207 to run task
[2023-03-21T01:27:14.886+0000] {standard_task_runner.py:82} INFO - Running: ['***', 'tasks', 'run', 'our_first_dag_v1', 'first_task', 'scheduled__2023-03-20T00:00:00+00:00', '--job-id', '125', '--raw', '--subdir', 'DAGS_FOLDER/our_first_dag.py', '--cfg-path', '/tmp/tmpnr4aow36']
[2023-03-21T01:27:14.897+0000] {standard_task_runner.py:83} INFO - Job 125: Subtask first_task
[2023-03-21T01:27:15.135+0000] {task_command.py:388} INFO - Running <TaskInstance: our_first_dag_v1.first_task scheduled__2023-03-20T00:00:00+00:00 [running]> on host 87381be0c6e6
[2023-03-21T01:27:15.515+0000] {taskinstance.py:1511} INFO - Exporting the following env vars:
AIRFLOW_CTX_DAG_OWNER=ThinhHuynh
AIRFLOW_CTX_DAG_ID=our_first_dag_v1
AIRFLOW_CTX_TASK_ID=first_task
AIRFLOW_CTX_EXECUTION_DATE=2023-03-20T00:00:00+00:00
AIRFLOW_CTX_TRY_NUMBER=1
AIRFLOW_CTX_DAG_RUN_ID=scheduled__2023-03-20T00:00:00+00:00
[2023-03-21T01:27:15.518+0000] {subprocess.py:63} INFO - Tmp dir root location: 
 /tmp
[2023-03-21T01:27:15.521+0000] {subprocess.py:75} INFO - Running command: ['/bin/bash', '-c', 'echo Hello world, this is task 1']
[2023-03-21T01:27:15.543+0000] {subprocess.py:86} INFO - Output:
[2023-03-21T01:27:15.557+0000] {subprocess.py:93} INFO - Hello world, this is task 1
[2023-03-21T01:27:15.558+0000] {subprocess.py:97} INFO - Command exited with return code 0
[2023-03-21T01:27:15.641+0000] {taskinstance.py:1326} INFO - Marking task as SUCCESS. dag_id=our_first_dag_v1, task_id=first_task, execution_date=20230320T000000, start_date=20230321T012714, end_date=20230321T012715
[2023-03-21T01:27:15.765+0000] {local_task_job.py:212} INFO - Task exited with return code 0
[2023-03-21T01:27:15.844+0000] {taskinstance.py:2585} INFO - 2 downstream tasks scheduled from follow-on schedule check
