[2023-03-17T06:46:17.741+0000] {taskinstance.py:1084} INFO - Dependencies all met for dep_context=non-requeueable deps ti=<TaskInstance: our_first_dag_v1.first_task manual__2023-03-17T06:46:16.919693+00:00 [queued]>
[2023-03-17T06:46:17.754+0000] {taskinstance.py:1084} INFO - Dependencies all met for dep_context=requeueable deps ti=<TaskInstance: our_first_dag_v1.first_task manual__2023-03-17T06:46:16.919693+00:00 [queued]>
[2023-03-17T06:46:17.754+0000] {taskinstance.py:1282} INFO - 
--------------------------------------------------------------------------------
[2023-03-17T06:46:17.755+0000] {taskinstance.py:1283} INFO - Starting attempt 1 of 6
[2023-03-17T06:46:17.755+0000] {taskinstance.py:1284} INFO - 
--------------------------------------------------------------------------------
[2023-03-17T06:46:17.773+0000] {taskinstance.py:1303} INFO - Executing <Task(BashOperator): first_task> on 2023-03-17 06:46:16.919693+00:00
[2023-03-17T06:46:17.778+0000] {standard_task_runner.py:55} INFO - Started process 762 to run task
[2023-03-17T06:46:17.782+0000] {standard_task_runner.py:82} INFO - Running: ['***', 'tasks', 'run', 'our_first_dag_v1', 'first_task', 'manual__2023-03-17T06:46:16.919693+00:00', '--job-id', '4', '--raw', '--subdir', 'DAGS_FOLDER/our_first_dag.py', '--cfg-path', '/tmp/tmpb09z6p0f']
[2023-03-17T06:46:17.784+0000] {standard_task_runner.py:83} INFO - Job 4: Subtask first_task
[2023-03-17T06:46:17.859+0000] {task_command.py:388} INFO - Running <TaskInstance: our_first_dag_v1.first_task manual__2023-03-17T06:46:16.919693+00:00 [running]> on host 213a9e135266
[2023-03-17T06:46:17.942+0000] {taskinstance.py:1511} INFO - Exporting the following env vars:
AIRFLOW_CTX_DAG_OWNER=ThinhHuynh
AIRFLOW_CTX_DAG_ID=our_first_dag_v1
AIRFLOW_CTX_TASK_ID=first_task
AIRFLOW_CTX_EXECUTION_DATE=2023-03-17T06:46:16.919693+00:00
AIRFLOW_CTX_TRY_NUMBER=1
AIRFLOW_CTX_DAG_RUN_ID=manual__2023-03-17T06:46:16.919693+00:00
[2023-03-17T06:46:17.943+0000] {subprocess.py:63} INFO - Tmp dir root location: 
 /tmp
[2023-03-17T06:46:17.944+0000] {subprocess.py:75} INFO - Running command: ['/bin/bash', '-c', 'echo Hello world, this is task 1']
[2023-03-17T06:46:17.959+0000] {subprocess.py:86} INFO - Output:
[2023-03-17T06:46:17.961+0000] {subprocess.py:93} INFO - Hello world, this is task 1
[2023-03-17T06:46:17.961+0000] {subprocess.py:97} INFO - Command exited with return code 0
[2023-03-17T06:46:17.989+0000] {taskinstance.py:1326} INFO - Marking task as SUCCESS. dag_id=our_first_dag_v1, task_id=first_task, execution_date=20230317T064616, start_date=20230317T064617, end_date=20230317T064617
[2023-03-17T06:46:18.034+0000] {local_task_job.py:212} INFO - Task exited with return code 0
[2023-03-17T06:46:18.060+0000] {taskinstance.py:2585} INFO - 2 downstream tasks scheduled from follow-on schedule check
