[2023-03-20T02:24:57.078+0000] {taskinstance.py:1084} INFO - Dependencies all met for dep_context=non-requeueable deps ti=<TaskInstance: our_first_dag_v1.second_task scheduled__2023-03-18T00:00:00+00:00 [queued]>
[2023-03-20T02:24:57.135+0000] {taskinstance.py:1084} INFO - Dependencies all met for dep_context=requeueable deps ti=<TaskInstance: our_first_dag_v1.second_task scheduled__2023-03-18T00:00:00+00:00 [queued]>
[2023-03-20T02:24:57.137+0000] {taskinstance.py:1282} INFO - 
--------------------------------------------------------------------------------
[2023-03-20T02:24:57.143+0000] {taskinstance.py:1283} INFO - Starting attempt 1 of 6
[2023-03-20T02:24:57.144+0000] {taskinstance.py:1284} INFO - 
--------------------------------------------------------------------------------
[2023-03-20T02:24:57.225+0000] {taskinstance.py:1303} INFO - Executing <Task(BashOperator): second_task> on 2023-03-18 00:00:00+00:00
[2023-03-20T02:24:57.236+0000] {standard_task_runner.py:55} INFO - Started process 227 to run task
[2023-03-20T02:24:57.253+0000] {standard_task_runner.py:82} INFO - Running: ['***', 'tasks', 'run', 'our_first_dag_v1', 'second_task', 'scheduled__2023-03-18T00:00:00+00:00', '--job-id', '65', '--raw', '--subdir', 'DAGS_FOLDER/our_first_dag.py', '--cfg-path', '/tmp/tmpzhcgxxlj']
[2023-03-20T02:24:57.258+0000] {standard_task_runner.py:83} INFO - Job 65: Subtask second_task
[2023-03-20T02:24:57.681+0000] {task_command.py:388} INFO - Running <TaskInstance: our_first_dag_v1.second_task scheduled__2023-03-18T00:00:00+00:00 [running]> on host 78bde780398d
[2023-03-20T02:24:58.133+0000] {taskinstance.py:1511} INFO - Exporting the following env vars:
AIRFLOW_CTX_DAG_OWNER=ThinhHuynh
AIRFLOW_CTX_DAG_ID=our_first_dag_v1
AIRFLOW_CTX_TASK_ID=second_task
AIRFLOW_CTX_EXECUTION_DATE=2023-03-18T00:00:00+00:00
AIRFLOW_CTX_TRY_NUMBER=1
AIRFLOW_CTX_DAG_RUN_ID=scheduled__2023-03-18T00:00:00+00:00
[2023-03-20T02:24:58.146+0000] {subprocess.py:63} INFO - Tmp dir root location: 
 /tmp
[2023-03-20T02:24:58.154+0000] {subprocess.py:75} INFO - Running command: ['/bin/bash', '-c', 'echo Hello world, this is task 2']
[2023-03-20T02:24:58.199+0000] {subprocess.py:86} INFO - Output:
[2023-03-20T02:24:58.219+0000] {subprocess.py:93} INFO - Hello world, this is task 2
[2023-03-20T02:24:58.221+0000] {subprocess.py:97} INFO - Command exited with return code 0
[2023-03-20T02:24:58.363+0000] {taskinstance.py:1326} INFO - Marking task as SUCCESS. dag_id=our_first_dag_v1, task_id=second_task, execution_date=20230318T000000, start_date=20230320T022457, end_date=20230320T022458
[2023-03-20T02:24:58.491+0000] {local_task_job.py:212} INFO - Task exited with return code 0
[2023-03-20T02:24:58.557+0000] {taskinstance.py:2585} INFO - 0 downstream tasks scheduled from follow-on schedule check
