[2023-03-18T09:20:13.694+0000] {taskinstance.py:1084} INFO - Dependencies all met for dep_context=non-requeueable deps ti=<TaskInstance: our_dag_with_python_operator_v05.greet scheduled__2023-03-17T00:00:00+00:00 [queued]>
[2023-03-18T09:20:13.726+0000] {taskinstance.py:1084} INFO - Dependencies all met for dep_context=requeueable deps ti=<TaskInstance: our_dag_with_python_operator_v05.greet scheduled__2023-03-17T00:00:00+00:00 [queued]>
[2023-03-18T09:20:13.727+0000] {taskinstance.py:1282} INFO - 
--------------------------------------------------------------------------------
[2023-03-18T09:20:13.728+0000] {taskinstance.py:1283} INFO - Starting attempt 1 of 6
[2023-03-18T09:20:13.728+0000] {taskinstance.py:1284} INFO - 
--------------------------------------------------------------------------------
[2023-03-18T09:20:13.780+0000] {taskinstance.py:1303} INFO - Executing <Task(PythonOperator): greet> on 2023-03-17 00:00:00+00:00
[2023-03-18T09:20:13.790+0000] {standard_task_runner.py:55} INFO - Started process 201 to run task
[2023-03-18T09:20:13.797+0000] {standard_task_runner.py:82} INFO - Running: ['***', 'tasks', 'run', 'our_dag_with_python_operator_v05', 'greet', 'scheduled__2023-03-17T00:00:00+00:00', '--job-id', '36', '--raw', '--subdir', 'DAGS_FOLDER/create_dags_with_python_operator.py', '--cfg-path', '/tmp/tmpo___kug8']
[2023-03-18T09:20:13.801+0000] {standard_task_runner.py:83} INFO - Job 36: Subtask greet
[2023-03-18T09:20:13.997+0000] {task_command.py:388} INFO - Running <TaskInstance: our_dag_with_python_operator_v05.greet scheduled__2023-03-17T00:00:00+00:00 [running]> on host 213a9e135266
[2023-03-18T09:20:14.267+0000] {taskinstance.py:1511} INFO - Exporting the following env vars:
AIRFLOW_CTX_DAG_OWNER=ThinhHuynh
AIRFLOW_CTX_DAG_ID=our_dag_with_python_operator_v05
AIRFLOW_CTX_TASK_ID=greet
AIRFLOW_CTX_EXECUTION_DATE=2023-03-17T00:00:00+00:00
AIRFLOW_CTX_TRY_NUMBER=1
AIRFLOW_CTX_DAG_RUN_ID=scheduled__2023-03-17T00:00:00+00:00
[2023-03-18T09:20:14.352+0000] {logging_mixin.py:137} INFO - Hello world! My name is Thinh Huynh, and I am 22 years old!
[2023-03-18T09:20:14.353+0000] {python.py:177} INFO - Done. Returned value was: None
[2023-03-18T09:20:14.380+0000] {taskinstance.py:1326} INFO - Marking task as SUCCESS. dag_id=our_dag_with_python_operator_v05, task_id=greet, execution_date=20230317T000000, start_date=20230318T092013, end_date=20230318T092014
[2023-03-18T09:20:14.452+0000] {local_task_job.py:212} INFO - Task exited with return code 0
[2023-03-18T09:20:14.493+0000] {taskinstance.py:2585} INFO - 0 downstream tasks scheduled from follow-on schedule check
