[2023-03-18T09:47:52.735+0000] {taskinstance.py:1084} INFO - Dependencies all met for dep_context=non-requeueable deps ti=<TaskInstance: dag_with_python_dependencies_v01.get_sklearn manual__2023-03-18T09:47:52.136628+00:00 [queued]>
[2023-03-18T09:47:52.756+0000] {taskinstance.py:1084} INFO - Dependencies all met for dep_context=requeueable deps ti=<TaskInstance: dag_with_python_dependencies_v01.get_sklearn manual__2023-03-18T09:47:52.136628+00:00 [queued]>
[2023-03-18T09:47:52.757+0000] {taskinstance.py:1282} INFO - 
--------------------------------------------------------------------------------
[2023-03-18T09:47:52.757+0000] {taskinstance.py:1283} INFO - Starting attempt 1 of 1
[2023-03-18T09:47:52.757+0000] {taskinstance.py:1284} INFO - 
--------------------------------------------------------------------------------
[2023-03-18T09:47:52.794+0000] {taskinstance.py:1303} INFO - Executing <Task(PythonOperator): get_sklearn> on 2023-03-18 09:47:52.136628+00:00
[2023-03-18T09:47:52.800+0000] {standard_task_runner.py:55} INFO - Started process 830 to run task
[2023-03-18T09:47:52.807+0000] {standard_task_runner.py:82} INFO - Running: ['***', 'tasks', 'run', 'dag_with_python_dependencies_v01', 'get_sklearn', 'manual__2023-03-18T09:47:52.136628+00:00', '--job-id', '40', '--raw', '--subdir', 'DAGS_FOLDER/dag_with_python_dependencies.py', '--cfg-path', '/tmp/tmpc191qmm4']
[2023-03-18T09:47:52.811+0000] {standard_task_runner.py:83} INFO - Job 40: Subtask get_sklearn
[2023-03-18T09:47:53.188+0000] {task_command.py:388} INFO - Running <TaskInstance: dag_with_python_dependencies_v01.get_sklearn manual__2023-03-18T09:47:52.136628+00:00 [running]> on host b74962b15d15
[2023-03-18T09:47:53.435+0000] {taskinstance.py:1511} INFO - Exporting the following env vars:
AIRFLOW_CTX_DAG_OWNER=ThinhHuynh
AIRFLOW_CTX_DAG_ID=dag_with_python_dependencies_v01
AIRFLOW_CTX_TASK_ID=get_sklearn
AIRFLOW_CTX_EXECUTION_DATE=2023-03-18T09:47:52.136628+00:00
AIRFLOW_CTX_TRY_NUMBER=1
AIRFLOW_CTX_DAG_RUN_ID=manual__2023-03-18T09:47:52.136628+00:00
[2023-03-18T09:47:53.947+0000] {logging_mixin.py:137} INFO - scikit-learn with version: 0.24.2
[2023-03-18T09:47:53.948+0000] {python.py:177} INFO - Done. Returned value was: None
[2023-03-18T09:47:53.961+0000] {taskinstance.py:1326} INFO - Marking task as SUCCESS. dag_id=dag_with_python_dependencies_v01, task_id=get_sklearn, execution_date=20230318T094752, start_date=20230318T094752, end_date=20230318T094753
[2023-03-18T09:47:54.024+0000] {local_task_job.py:212} INFO - Task exited with return code 0
[2023-03-18T09:47:54.044+0000] {taskinstance.py:2585} INFO - 0 downstream tasks scheduled from follow-on schedule check
