[2023-03-20T02:24:57.163+0000] {taskinstance.py:1084} INFO - Dependencies all met for dep_context=non-requeueable deps ti=<TaskInstance: our_first_dag_v1.third_task scheduled__2023-03-18T00:00:00+00:00 [queued]>
[2023-03-20T02:24:57.208+0000] {taskinstance.py:1084} INFO - Dependencies all met for dep_context=requeueable deps ti=<TaskInstance: our_first_dag_v1.third_task scheduled__2023-03-18T00:00:00+00:00 [queued]>
[2023-03-20T02:24:57.210+0000] {taskinstance.py:1282} INFO - 
--------------------------------------------------------------------------------
[2023-03-20T02:24:57.212+0000] {taskinstance.py:1283} INFO - Starting attempt 1 of 6
[2023-03-20T02:24:57.212+0000] {taskinstance.py:1284} INFO - 
--------------------------------------------------------------------------------
[2023-03-20T02:24:57.271+0000] {taskinstance.py:1303} INFO - Executing <Task(BashOperator): third_task> on 2023-03-18 00:00:00+00:00
[2023-03-20T02:24:57.286+0000] {standard_task_runner.py:55} INFO - Started process 230 to run task
[2023-03-20T02:24:57.305+0000] {standard_task_runner.py:82} INFO - Running: ['***', 'tasks', 'run', 'our_first_dag_v1', 'third_task', 'scheduled__2023-03-18T00:00:00+00:00', '--job-id', '69', '--raw', '--subdir', 'DAGS_FOLDER/our_first_dag.py', '--cfg-path', '/tmp/tmp24y65vgj']
[2023-03-20T02:24:57.310+0000] {standard_task_runner.py:83} INFO - Job 69: Subtask third_task
[2023-03-20T02:24:57.573+0000] {task_command.py:388} INFO - Running <TaskInstance: our_first_dag_v1.third_task scheduled__2023-03-18T00:00:00+00:00 [running]> on host 78bde780398d
[2023-03-20T02:24:58.243+0000] {taskinstance.py:1511} INFO - Exporting the following env vars:
AIRFLOW_CTX_DAG_OWNER=ThinhHuynh
AIRFLOW_CTX_DAG_ID=our_first_dag_v1
AIRFLOW_CTX_TASK_ID=third_task
AIRFLOW_CTX_EXECUTION_DATE=2023-03-18T00:00:00+00:00
AIRFLOW_CTX_TRY_NUMBER=1
AIRFLOW_CTX_DAG_RUN_ID=scheduled__2023-03-18T00:00:00+00:00
[2023-03-20T02:24:58.246+0000] {subprocess.py:63} INFO - Tmp dir root location: 
 /tmp
[2023-03-20T02:24:58.248+0000] {subprocess.py:75} INFO - Running command: ['/bin/bash', '-c', 'echo Hello world, this is task 3']
[2023-03-20T02:24:58.273+0000] {subprocess.py:86} INFO - Output:
[2023-03-20T02:24:58.277+0000] {subprocess.py:93} INFO - Hello world, this is task 3
[2023-03-20T02:24:58.278+0000] {subprocess.py:97} INFO - Command exited with return code 0
[2023-03-20T02:24:58.436+0000] {taskinstance.py:1326} INFO - Marking task as SUCCESS. dag_id=our_first_dag_v1, task_id=third_task, execution_date=20230318T000000, start_date=20230320T022457, end_date=20230320T022458
[2023-03-20T02:24:58.551+0000] {local_task_job.py:212} INFO - Task exited with return code 0
[2023-03-20T02:24:58.610+0000] {taskinstance.py:2585} INFO - 0 downstream tasks scheduled from follow-on schedule check
