[2023-03-22T01:18:26.632+0000] {taskinstance.py:1084} INFO - Dependencies all met for dep_context=non-requeueable deps ti=<TaskInstance: dag_with_taskflow_api_v02.get_age scheduled__2023-03-21T00:00:00+00:00 [queued]>
[2023-03-22T01:18:26.706+0000] {taskinstance.py:1084} INFO - Dependencies all met for dep_context=requeueable deps ti=<TaskInstance: dag_with_taskflow_api_v02.get_age scheduled__2023-03-21T00:00:00+00:00 [queued]>
[2023-03-22T01:18:26.723+0000] {taskinstance.py:1282} INFO - 
--------------------------------------------------------------------------------
[2023-03-22T01:18:26.734+0000] {taskinstance.py:1283} INFO - Starting attempt 1 of 6
[2023-03-22T01:18:26.742+0000] {taskinstance.py:1284} INFO - 
--------------------------------------------------------------------------------
[2023-03-22T01:18:26.837+0000] {taskinstance.py:1303} INFO - Executing <Task(_PythonDecoratedOperator): get_age> on 2023-03-21 00:00:00+00:00
[2023-03-22T01:18:26.877+0000] {standard_task_runner.py:55} INFO - Started process 212 to run task
[2023-03-22T01:18:26.946+0000] {standard_task_runner.py:82} INFO - Running: ['***', 'tasks', 'run', 'dag_with_taskflow_api_v02', 'get_age', 'scheduled__2023-03-21T00:00:00+00:00', '--job-id', '141', '--raw', '--subdir', 'DAGS_FOLDER/dag_with_taskfow_api.py', '--cfg-path', '/tmp/tmpx14ehy9v']
[2023-03-22T01:18:26.970+0000] {standard_task_runner.py:83} INFO - Job 141: Subtask get_age
[2023-03-22T01:18:27.548+0000] {task_command.py:388} INFO - Running <TaskInstance: dag_with_taskflow_api_v02.get_age scheduled__2023-03-21T00:00:00+00:00 [running]> on host 87381be0c6e6
[2023-03-22T01:18:27.896+0000] {taskinstance.py:1511} INFO - Exporting the following env vars:
AIRFLOW_CTX_DAG_OWNER=ThinhHuynh
AIRFLOW_CTX_DAG_ID=dag_with_taskflow_api_v02
AIRFLOW_CTX_TASK_ID=get_age
AIRFLOW_CTX_EXECUTION_DATE=2023-03-21T00:00:00+00:00
AIRFLOW_CTX_TRY_NUMBER=1
AIRFLOW_CTX_DAG_RUN_ID=scheduled__2023-03-21T00:00:00+00:00
[2023-03-22T01:18:27.902+0000] {python.py:177} INFO - Done. Returned value was: 30
[2023-03-22T01:18:27.988+0000] {taskinstance.py:1326} INFO - Marking task as SUCCESS. dag_id=dag_with_taskflow_api_v02, task_id=get_age, execution_date=20230321T000000, start_date=20230322T011826, end_date=20230322T011827
[2023-03-22T01:18:28.052+0000] {local_task_job.py:212} INFO - Task exited with return code 0
[2023-03-22T01:18:28.156+0000] {taskinstance.py:2585} INFO - 0 downstream tasks scheduled from follow-on schedule check
