[2023-03-17T08:10:17.081+0000] {taskinstance.py:1084} INFO - Dependencies all met for dep_context=non-requeueable deps ti=<TaskInstance: our_dag_with_python_operator_v05.greet manual__2023-03-17T08:10:15.440474+00:00 [queued]>
[2023-03-17T08:10:17.097+0000] {taskinstance.py:1084} INFO - Dependencies all met for dep_context=requeueable deps ti=<TaskInstance: our_dag_with_python_operator_v05.greet manual__2023-03-17T08:10:15.440474+00:00 [queued]>
[2023-03-17T08:10:17.098+0000] {taskinstance.py:1282} INFO - 
--------------------------------------------------------------------------------
[2023-03-17T08:10:17.098+0000] {taskinstance.py:1283} INFO - Starting attempt 1 of 6
[2023-03-17T08:10:17.099+0000] {taskinstance.py:1284} INFO - 
--------------------------------------------------------------------------------
[2023-03-17T08:10:17.122+0000] {taskinstance.py:1303} INFO - Executing <Task(PythonOperator): greet> on 2023-03-17 08:10:15.440474+00:00
[2023-03-17T08:10:17.129+0000] {standard_task_runner.py:55} INFO - Started process 3442 to run task
[2023-03-17T08:10:17.133+0000] {standard_task_runner.py:82} INFO - Running: ['***', 'tasks', 'run', 'our_dag_with_python_operator_v05', 'greet', 'manual__2023-03-17T08:10:15.440474+00:00', '--job-id', '22', '--raw', '--subdir', 'DAGS_FOLDER/create_dags_with_python_operator.py', '--cfg-path', '/tmp/tmptb7m3ub5']
[2023-03-17T08:10:17.135+0000] {standard_task_runner.py:83} INFO - Job 22: Subtask greet
[2023-03-17T08:10:17.236+0000] {task_command.py:388} INFO - Running <TaskInstance: our_dag_with_python_operator_v05.greet manual__2023-03-17T08:10:15.440474+00:00 [running]> on host 213a9e135266
[2023-03-17T08:10:17.319+0000] {taskinstance.py:1511} INFO - Exporting the following env vars:
AIRFLOW_CTX_DAG_OWNER=ThinhHuynh
AIRFLOW_CTX_DAG_ID=our_dag_with_python_operator_v05
AIRFLOW_CTX_TASK_ID=greet
AIRFLOW_CTX_EXECUTION_DATE=2023-03-17T08:10:15.440474+00:00
AIRFLOW_CTX_TRY_NUMBER=1
AIRFLOW_CTX_DAG_RUN_ID=manual__2023-03-17T08:10:15.440474+00:00
[2023-03-17T08:10:17.345+0000] {logging_mixin.py:137} INFO - Hello world! My name is Thinh Huynh, and I am 22 years old!
[2023-03-17T08:10:17.346+0000] {python.py:177} INFO - Done. Returned value was: None
[2023-03-17T08:10:17.355+0000] {taskinstance.py:1326} INFO - Marking task as SUCCESS. dag_id=our_dag_with_python_operator_v05, task_id=greet, execution_date=20230317T081015, start_date=20230317T081017, end_date=20230317T081017
[2023-03-17T08:10:17.386+0000] {local_task_job.py:212} INFO - Task exited with return code 0
[2023-03-17T08:10:17.426+0000] {taskinstance.py:2585} INFO - 0 downstream tasks scheduled from follow-on schedule check
