[2023-03-17T10:25:43.285+0000] {taskinstance.py:1084} INFO - Dependencies all met for dep_context=non-requeueable deps ti=<TaskInstance: dag_with_taskflow_api_v01.get_name manual__2023-03-17T10:25:42.101904+00:00 [queued]>
[2023-03-17T10:25:43.299+0000] {taskinstance.py:1084} INFO - Dependencies all met for dep_context=requeueable deps ti=<TaskInstance: dag_with_taskflow_api_v01.get_name manual__2023-03-17T10:25:42.101904+00:00 [queued]>
[2023-03-17T10:25:43.299+0000] {taskinstance.py:1282} INFO - 
--------------------------------------------------------------------------------
[2023-03-17T10:25:43.300+0000] {taskinstance.py:1283} INFO - Starting attempt 1 of 6
[2023-03-17T10:25:43.300+0000] {taskinstance.py:1284} INFO - 
--------------------------------------------------------------------------------
[2023-03-17T10:25:43.317+0000] {taskinstance.py:1303} INFO - Executing <Task(_PythonDecoratedOperator): get_name> on 2023-03-17 10:25:42.101904+00:00
[2023-03-17T10:25:43.321+0000] {standard_task_runner.py:55} INFO - Started process 1114 to run task
[2023-03-17T10:25:43.326+0000] {standard_task_runner.py:82} INFO - Running: ['***', 'tasks', 'run', 'dag_with_taskflow_api_v01', 'get_name', 'manual__2023-03-17T10:25:42.101904+00:00', '--job-id', '25', '--raw', '--subdir', 'DAGS_FOLDER/dag_with_taskfow_api.py', '--cfg-path', '/tmp/tmp3bnrwotd']
[2023-03-17T10:25:43.329+0000] {standard_task_runner.py:83} INFO - Job 25: Subtask get_name
[2023-03-17T10:25:43.910+0000] {task_command.py:388} INFO - Running <TaskInstance: dag_with_taskflow_api_v01.get_name manual__2023-03-17T10:25:42.101904+00:00 [running]> on host 213a9e135266
[2023-03-17T10:25:44.228+0000] {taskinstance.py:1511} INFO - Exporting the following env vars:
AIRFLOW_CTX_DAG_OWNER=ThinhHuynh
AIRFLOW_CTX_DAG_ID=dag_with_taskflow_api_v01
AIRFLOW_CTX_TASK_ID=get_name
AIRFLOW_CTX_EXECUTION_DATE=2023-03-17T10:25:42.101904+00:00
AIRFLOW_CTX_TRY_NUMBER=1
AIRFLOW_CTX_DAG_RUN_ID=manual__2023-03-17T10:25:42.101904+00:00
[2023-03-17T10:25:44.860+0000] {python.py:177} INFO - Done. Returned value was: Thinh
[2023-03-17T10:25:44.890+0000] {taskinstance.py:1326} INFO - Marking task as SUCCESS. dag_id=dag_with_taskflow_api_v01, task_id=get_name, execution_date=20230317T102542, start_date=20230317T102543, end_date=20230317T102544
[2023-03-17T10:25:44.943+0000] {local_task_job.py:212} INFO - Task exited with return code 0
[2023-03-17T10:25:44.974+0000] {taskinstance.py:2585} INFO - 0 downstream tasks scheduled from follow-on schedule check
