[2023-03-23T02:07:34.262+0000] {taskinstance.py:1084} INFO - Dependencies all met for dep_context=non-requeueable deps ti=<TaskInstance: our_first_dag_v1.first_task scheduled__2023-03-22T00:00:00+00:00 [queued]>
[2023-03-23T02:07:34.317+0000] {taskinstance.py:1084} INFO - Dependencies all met for dep_context=requeueable deps ti=<TaskInstance: our_first_dag_v1.first_task scheduled__2023-03-22T00:00:00+00:00 [queued]>
[2023-03-23T02:07:34.330+0000] {taskinstance.py:1282} INFO - 
--------------------------------------------------------------------------------
[2023-03-23T02:07:34.331+0000] {taskinstance.py:1283} INFO - Starting attempt 1 of 6
[2023-03-23T02:07:34.340+0000] {taskinstance.py:1284} INFO - 
--------------------------------------------------------------------------------
[2023-03-23T02:07:34.454+0000] {taskinstance.py:1303} INFO - Executing <Task(BashOperator): first_task> on 2023-03-22 00:00:00+00:00
[2023-03-23T02:07:34.460+0000] {standard_task_runner.py:55} INFO - Started process 208 to run task
[2023-03-23T02:07:34.515+0000] {standard_task_runner.py:82} INFO - Running: ['***', 'tasks', 'run', 'our_first_dag_v1', 'first_task', 'scheduled__2023-03-22T00:00:00+00:00', '--job-id', '217', '--raw', '--subdir', 'DAGS_FOLDER/our_first_dag.py', '--cfg-path', '/tmp/tmpohrb49ur']
[2023-03-23T02:07:34.543+0000] {standard_task_runner.py:83} INFO - Job 217: Subtask first_task
[2023-03-23T02:07:34.986+0000] {task_command.py:388} INFO - Running <TaskInstance: our_first_dag_v1.first_task scheduled__2023-03-22T00:00:00+00:00 [running]> on host 9783a48d7fca
[2023-03-23T02:07:35.435+0000] {taskinstance.py:1511} INFO - Exporting the following env vars:
AIRFLOW_CTX_DAG_OWNER=ThinhHuynh
AIRFLOW_CTX_DAG_ID=our_first_dag_v1
AIRFLOW_CTX_TASK_ID=first_task
AIRFLOW_CTX_EXECUTION_DATE=2023-03-22T00:00:00+00:00
AIRFLOW_CTX_TRY_NUMBER=1
AIRFLOW_CTX_DAG_RUN_ID=scheduled__2023-03-22T00:00:00+00:00
[2023-03-23T02:07:35.440+0000] {subprocess.py:63} INFO - Tmp dir root location: 
 /tmp
[2023-03-23T02:07:35.453+0000] {subprocess.py:75} INFO - Running command: ['/bin/bash', '-c', 'echo Hello world, this is task 1']
[2023-03-23T02:07:35.486+0000] {subprocess.py:86} INFO - Output:
[2023-03-23T02:07:35.538+0000] {subprocess.py:93} INFO - Hello world, this is task 1
[2023-03-23T02:07:35.542+0000] {subprocess.py:97} INFO - Command exited with return code 0
[2023-03-23T02:07:35.632+0000] {taskinstance.py:1326} INFO - Marking task as SUCCESS. dag_id=our_first_dag_v1, task_id=first_task, execution_date=20230322T000000, start_date=20230323T020734, end_date=20230323T020735
[2023-03-23T02:07:35.709+0000] {local_task_job.py:212} INFO - Task exited with return code 0
[2023-03-23T02:07:35.813+0000] {taskinstance.py:2585} INFO - 2 downstream tasks scheduled from follow-on schedule check
