[2023-03-22T16:47:05.986+0000] {taskinstance.py:1084} INFO - Dependencies all met for dep_context=non-requeueable deps ti=<TaskInstance: dag_with_minio_s3_v04.sensor_minio_s3 manual__2023-03-22T08:00:25.425050+00:00 [queued]>
[2023-03-22T16:47:06.003+0000] {taskinstance.py:1084} INFO - Dependencies all met for dep_context=requeueable deps ti=<TaskInstance: dag_with_minio_s3_v04.sensor_minio_s3 manual__2023-03-22T08:00:25.425050+00:00 [queued]>
[2023-03-22T16:47:06.003+0000] {taskinstance.py:1282} INFO - 
--------------------------------------------------------------------------------
[2023-03-22T16:47:06.004+0000] {taskinstance.py:1283} INFO - Starting attempt 30 of 30
[2023-03-22T16:47:06.004+0000] {taskinstance.py:1284} INFO - 
--------------------------------------------------------------------------------
[2023-03-22T16:47:06.029+0000] {taskinstance.py:1303} INFO - Executing <Task(S3KeySensor): sensor_minio_s3> on 2023-03-22 08:00:25.425050+00:00
[2023-03-22T16:47:06.039+0000] {standard_task_runner.py:55} INFO - Started process 3119 to run task
[2023-03-22T16:47:06.048+0000] {standard_task_runner.py:82} INFO - Running: ['***', 'tasks', 'run', 'dag_with_minio_s3_v04', 'sensor_minio_s3', 'manual__2023-03-22T08:00:25.425050+00:00', '--job-id', '212', '--raw', '--subdir', 'DAGS_FOLDER/minio_s3.py', '--cfg-path', '/tmp/tmpj167uc01']
[2023-03-22T16:47:06.053+0000] {standard_task_runner.py:83} INFO - Job 212: Subtask sensor_minio_s3
[2023-03-22T16:47:06.151+0000] {task_command.py:388} INFO - Running <TaskInstance: dag_with_minio_s3_v04.sensor_minio_s3 manual__2023-03-22T08:00:25.425050+00:00 [running]> on host 9783a48d7fca
[2023-03-22T16:47:06.529+0000] {taskinstance.py:1511} INFO - Exporting the following env vars:
AIRFLOW_CTX_DAG_OWNER=ThinhHuynh
AIRFLOW_CTX_DAG_ID=dag_with_minio_s3_v04
AIRFLOW_CTX_TASK_ID=sensor_minio_s3
AIRFLOW_CTX_EXECUTION_DATE=2023-03-22T08:00:25.425050+00:00
AIRFLOW_CTX_TRY_NUMBER=30
AIRFLOW_CTX_DAG_RUN_ID=manual__2023-03-22T08:00:25.425050+00:00
[2023-03-22T16:47:06.535+0000] {s3.py:99} INFO - Poking for key : s3://***/data.csv
[2023-03-22T16:47:06.556+0000] {base.py:73} INFO - Using connection ID 'minio_s3_conn' for task execution.
[2023-03-22T16:47:06.558+0000] {connection_wrapper.py:340} INFO - AWS Connection (conn_id='minio_s3_conn', conn_type='aws') credentials retrieved from extra.
[2023-03-22T16:47:14.925+0000] {base.py:228} INFO - Success criteria met. Exiting.
[2023-03-22T16:47:15.230+0000] {taskinstance.py:1326} INFO - Marking task as SUCCESS. dag_id=dag_with_minio_s3_v04, task_id=sensor_minio_s3, execution_date=20230322T080025, start_date=20230322T164705, end_date=20230322T164715
[2023-03-22T16:47:15.359+0000] {local_task_job.py:212} INFO - Task exited with return code 0
[2023-03-22T16:47:15.425+0000] {taskinstance.py:2585} INFO - 0 downstream tasks scheduled from follow-on schedule check
