[2023-03-23T02:07:34.415+0000] {taskinstance.py:1084} INFO - Dependencies all met for dep_context=non-requeueable deps ti=<TaskInstance: dag_with_taskflow_api_v02.get_name scheduled__2023-03-22T00:00:00+00:00 [queued]>
[2023-03-23T02:07:34.488+0000] {taskinstance.py:1084} INFO - Dependencies all met for dep_context=requeueable deps ti=<TaskInstance: dag_with_taskflow_api_v02.get_name scheduled__2023-03-22T00:00:00+00:00 [queued]>
[2023-03-23T02:07:34.492+0000] {taskinstance.py:1282} INFO - 
--------------------------------------------------------------------------------
[2023-03-23T02:07:34.504+0000] {taskinstance.py:1283} INFO - Starting attempt 1 of 6
[2023-03-23T02:07:34.506+0000] {taskinstance.py:1284} INFO - 
--------------------------------------------------------------------------------
[2023-03-23T02:07:34.612+0000] {taskinstance.py:1303} INFO - Executing <Task(_PythonDecoratedOperator): get_name> on 2023-03-22 00:00:00+00:00
[2023-03-23T02:07:34.625+0000] {standard_task_runner.py:55} INFO - Started process 211 to run task
[2023-03-23T02:07:34.645+0000] {standard_task_runner.py:82} INFO - Running: ['***', 'tasks', 'run', 'dag_with_taskflow_api_v02', 'get_name', 'scheduled__2023-03-22T00:00:00+00:00', '--job-id', '219', '--raw', '--subdir', 'DAGS_FOLDER/dag_with_taskfow_api.py', '--cfg-path', '/tmp/tmp4uc70ykm']
[2023-03-23T02:07:34.665+0000] {standard_task_runner.py:83} INFO - Job 219: Subtask get_name
[2023-03-23T02:07:35.057+0000] {task_command.py:388} INFO - Running <TaskInstance: dag_with_taskflow_api_v02.get_name scheduled__2023-03-22T00:00:00+00:00 [running]> on host 9783a48d7fca
[2023-03-23T02:07:35.474+0000] {taskinstance.py:1511} INFO - Exporting the following env vars:
AIRFLOW_CTX_DAG_OWNER=ThinhHuynh
AIRFLOW_CTX_DAG_ID=dag_with_taskflow_api_v02
AIRFLOW_CTX_TASK_ID=get_name
AIRFLOW_CTX_EXECUTION_DATE=2023-03-22T00:00:00+00:00
AIRFLOW_CTX_TRY_NUMBER=1
AIRFLOW_CTX_DAG_RUN_ID=scheduled__2023-03-22T00:00:00+00:00
[2023-03-23T02:07:35.477+0000] {python.py:177} INFO - Done. Returned value was: {'first_name': 'Thinh', 'last_name': 'Huynh'}
[2023-03-23T02:07:35.677+0000] {taskinstance.py:1326} INFO - Marking task as SUCCESS. dag_id=dag_with_taskflow_api_v02, task_id=get_name, execution_date=20230322T000000, start_date=20230323T020734, end_date=20230323T020735
[2023-03-23T02:07:35.750+0000] {local_task_job.py:212} INFO - Task exited with return code 0
[2023-03-23T02:07:35.845+0000] {taskinstance.py:2585} INFO - 0 downstream tasks scheduled from follow-on schedule check
