[2023-03-27T01:45:46.386+0000] {taskinstance.py:1084} INFO - Dependencies all met for dep_context=non-requeueable deps ti=<TaskInstance: our_dag_with_python_operator_v05.get_name scheduled__2023-03-25T00:00:00+00:00 [queued]>
[2023-03-27T01:45:46.514+0000] {taskinstance.py:1084} INFO - Dependencies all met for dep_context=requeueable deps ti=<TaskInstance: our_dag_with_python_operator_v05.get_name scheduled__2023-03-25T00:00:00+00:00 [queued]>
[2023-03-27T01:45:46.515+0000] {taskinstance.py:1282} INFO - 
--------------------------------------------------------------------------------
[2023-03-27T01:45:46.516+0000] {taskinstance.py:1283} INFO - Starting attempt 1 of 6
[2023-03-27T01:45:46.517+0000] {taskinstance.py:1284} INFO - 
--------------------------------------------------------------------------------
[2023-03-27T01:45:46.864+0000] {taskinstance.py:1303} INFO - Executing <Task(PythonOperator): get_name> on 2023-03-25 00:00:00+00:00
[2023-03-27T01:45:47.093+0000] {standard_task_runner.py:55} INFO - Started process 202 to run task
[2023-03-27T01:45:47.301+0000] {standard_task_runner.py:82} INFO - Running: ['***', 'tasks', 'run', 'our_dag_with_python_operator_v05', 'get_name', 'scheduled__2023-03-25T00:00:00+00:00', '--job-id', '298', '--raw', '--subdir', 'DAGS_FOLDER/create_dags_with_python_operator.py', '--cfg-path', '/tmp/tmpdi9xqqdz']
[2023-03-27T01:45:47.426+0000] {standard_task_runner.py:83} INFO - Job 298: Subtask get_name
[2023-03-27T01:45:49.250+0000] {task_command.py:388} INFO - Running <TaskInstance: our_dag_with_python_operator_v05.get_name scheduled__2023-03-25T00:00:00+00:00 [running]> on host 7c9cdf1c064e
[2023-03-27T01:45:50.362+0000] {taskinstance.py:1511} INFO - Exporting the following env vars:
AIRFLOW_CTX_DAG_OWNER=ThinhHuynh
AIRFLOW_CTX_DAG_ID=our_dag_with_python_operator_v05
AIRFLOW_CTX_TASK_ID=get_name
AIRFLOW_CTX_EXECUTION_DATE=2023-03-25T00:00:00+00:00
AIRFLOW_CTX_TRY_NUMBER=1
AIRFLOW_CTX_DAG_RUN_ID=scheduled__2023-03-25T00:00:00+00:00
[2023-03-27T01:45:50.577+0000] {python.py:177} INFO - Done. Returned value was: None
[2023-03-27T01:45:50.620+0000] {taskinstance.py:1326} INFO - Marking task as SUCCESS. dag_id=our_dag_with_python_operator_v05, task_id=get_name, execution_date=20230325T000000, start_date=20230327T014546, end_date=20230327T014550
[2023-03-27T01:45:50.823+0000] {local_task_job.py:212} INFO - Task exited with return code 0
[2023-03-27T01:45:51.088+0000] {taskinstance.py:2585} INFO - 0 downstream tasks scheduled from follow-on schedule check
