[2023-03-22T01:18:26.607+0000] {taskinstance.py:1084} INFO - Dependencies all met for dep_context=non-requeueable deps ti=<TaskInstance: dag_with_python_dependencies_v02.get_sklearn scheduled__2023-03-21T00:00:00+00:00 [queued]>
[2023-03-22T01:18:26.691+0000] {taskinstance.py:1084} INFO - Dependencies all met for dep_context=requeueable deps ti=<TaskInstance: dag_with_python_dependencies_v02.get_sklearn scheduled__2023-03-21T00:00:00+00:00 [queued]>
[2023-03-22T01:18:26.695+0000] {taskinstance.py:1282} INFO - 
--------------------------------------------------------------------------------
[2023-03-22T01:18:26.703+0000] {taskinstance.py:1283} INFO - Starting attempt 1 of 1
[2023-03-22T01:18:26.719+0000] {taskinstance.py:1284} INFO - 
--------------------------------------------------------------------------------
[2023-03-22T01:18:26.840+0000] {taskinstance.py:1303} INFO - Executing <Task(PythonOperator): get_sklearn> on 2023-03-21 00:00:00+00:00
[2023-03-22T01:18:26.866+0000] {standard_task_runner.py:55} INFO - Started process 210 to run task
[2023-03-22T01:18:26.882+0000] {standard_task_runner.py:82} INFO - Running: ['***', 'tasks', 'run', 'dag_with_python_dependencies_v02', 'get_sklearn', 'scheduled__2023-03-21T00:00:00+00:00', '--job-id', '136', '--raw', '--subdir', 'DAGS_FOLDER/dag_with_python_dependencies.py', '--cfg-path', '/tmp/tmp6a__bihc']
[2023-03-22T01:18:26.927+0000] {standard_task_runner.py:83} INFO - Job 136: Subtask get_sklearn
[2023-03-22T01:18:27.442+0000] {task_command.py:388} INFO - Running <TaskInstance: dag_with_python_dependencies_v02.get_sklearn scheduled__2023-03-21T00:00:00+00:00 [running]> on host 87381be0c6e6
[2023-03-22T01:18:27.821+0000] {taskinstance.py:1511} INFO - Exporting the following env vars:
AIRFLOW_CTX_DAG_OWNER=ThinhHuynh
AIRFLOW_CTX_DAG_ID=dag_with_python_dependencies_v02
AIRFLOW_CTX_TASK_ID=get_sklearn
AIRFLOW_CTX_EXECUTION_DATE=2023-03-21T00:00:00+00:00
AIRFLOW_CTX_TRY_NUMBER=1
AIRFLOW_CTX_DAG_RUN_ID=scheduled__2023-03-21T00:00:00+00:00
[2023-03-22T01:18:30.090+0000] {logging_mixin.py:137} INFO - scikit-learn with version: 0.24.2
[2023-03-22T01:18:30.091+0000] {python.py:177} INFO - Done. Returned value was: None
[2023-03-22T01:18:30.515+0000] {taskinstance.py:1326} INFO - Marking task as SUCCESS. dag_id=dag_with_python_dependencies_v02, task_id=get_sklearn, execution_date=20230321T000000, start_date=20230322T011826, end_date=20230322T011830
[2023-03-22T01:18:30.584+0000] {local_task_job.py:212} INFO - Task exited with return code 0
[2023-03-22T01:18:30.613+0000] {taskinstance.py:2585} INFO - 1 downstream tasks scheduled from follow-on schedule check
