[2023-03-27T01:45:47.472+0000] {taskinstance.py:1084} INFO - Dependencies all met for dep_context=non-requeueable deps ti=<TaskInstance: dag_with_taskflow_api_v02.get_name scheduled__2023-03-26T00:00:00+00:00 [queued]>
[2023-03-27T01:45:47.564+0000] {taskinstance.py:1084} INFO - Dependencies all met for dep_context=requeueable deps ti=<TaskInstance: dag_with_taskflow_api_v02.get_name scheduled__2023-03-26T00:00:00+00:00 [queued]>
[2023-03-27T01:45:47.604+0000] {taskinstance.py:1282} INFO - 
--------------------------------------------------------------------------------
[2023-03-27T01:45:47.676+0000] {taskinstance.py:1283} INFO - Starting attempt 1 of 6
[2023-03-27T01:45:47.679+0000] {taskinstance.py:1284} INFO - 
--------------------------------------------------------------------------------
[2023-03-27T01:45:47.939+0000] {taskinstance.py:1303} INFO - Executing <Task(_PythonDecoratedOperator): get_name> on 2023-03-26 00:00:00+00:00
[2023-03-27T01:45:48.772+0000] {standard_task_runner.py:55} INFO - Started process 211 to run task
[2023-03-27T01:45:48.976+0000] {standard_task_runner.py:82} INFO - Running: ['***', 'tasks', 'run', 'dag_with_taskflow_api_v02', 'get_name', 'scheduled__2023-03-26T00:00:00+00:00', '--job-id', '305', '--raw', '--subdir', 'DAGS_FOLDER/dag_with_taskfow_api.py', '--cfg-path', '/tmp/tmpptj08buq']
[2023-03-27T01:45:49.045+0000] {standard_task_runner.py:83} INFO - Job 305: Subtask get_name
[2023-03-27T01:45:50.227+0000] {task_command.py:388} INFO - Running <TaskInstance: dag_with_taskflow_api_v02.get_name scheduled__2023-03-26T00:00:00+00:00 [running]> on host 7c9cdf1c064e
[2023-03-27T01:45:51.139+0000] {taskinstance.py:1511} INFO - Exporting the following env vars:
AIRFLOW_CTX_DAG_OWNER=ThinhHuynh
AIRFLOW_CTX_DAG_ID=dag_with_taskflow_api_v02
AIRFLOW_CTX_TASK_ID=get_name
AIRFLOW_CTX_EXECUTION_DATE=2023-03-26T00:00:00+00:00
AIRFLOW_CTX_TRY_NUMBER=1
AIRFLOW_CTX_DAG_RUN_ID=scheduled__2023-03-26T00:00:00+00:00
[2023-03-27T01:45:51.150+0000] {python.py:177} INFO - Done. Returned value was: {'first_name': 'Thinh', 'last_name': 'Huynh'}
[2023-03-27T01:45:51.483+0000] {taskinstance.py:1326} INFO - Marking task as SUCCESS. dag_id=dag_with_taskflow_api_v02, task_id=get_name, execution_date=20230326T000000, start_date=20230327T014547, end_date=20230327T014551
[2023-03-27T01:45:52.304+0000] {local_task_job.py:212} INFO - Task exited with return code 0
[2023-03-27T01:45:52.602+0000] {taskinstance.py:2585} INFO - 1 downstream tasks scheduled from follow-on schedule check
