[2023-03-22T01:18:28.785+0000] {taskinstance.py:1084} INFO - Dependencies all met for dep_context=non-requeueable deps ti=<TaskInstance: our_first_dag_v1.second_task scheduled__2023-03-21T00:00:00+00:00 [queued]>
[2023-03-22T01:18:28.816+0000] {taskinstance.py:1084} INFO - Dependencies all met for dep_context=requeueable deps ti=<TaskInstance: our_first_dag_v1.second_task scheduled__2023-03-21T00:00:00+00:00 [queued]>
[2023-03-22T01:18:28.818+0000] {taskinstance.py:1282} INFO - 
--------------------------------------------------------------------------------
[2023-03-22T01:18:28.824+0000] {taskinstance.py:1283} INFO - Starting attempt 1 of 6
[2023-03-22T01:18:28.825+0000] {taskinstance.py:1284} INFO - 
--------------------------------------------------------------------------------
[2023-03-22T01:18:28.901+0000] {taskinstance.py:1303} INFO - Executing <Task(BashOperator): second_task> on 2023-03-21 00:00:00+00:00
[2023-03-22T01:18:28.909+0000] {standard_task_runner.py:55} INFO - Started process 220 to run task
[2023-03-22T01:18:28.918+0000] {standard_task_runner.py:82} INFO - Running: ['***', 'tasks', 'run', 'our_first_dag_v1', 'second_task', 'scheduled__2023-03-21T00:00:00+00:00', '--job-id', '144', '--raw', '--subdir', 'DAGS_FOLDER/our_first_dag.py', '--cfg-path', '/tmp/tmpialcojaf']
[2023-03-22T01:18:28.922+0000] {standard_task_runner.py:83} INFO - Job 144: Subtask second_task
[2023-03-22T01:18:29.158+0000] {task_command.py:388} INFO - Running <TaskInstance: our_first_dag_v1.second_task scheduled__2023-03-21T00:00:00+00:00 [running]> on host 87381be0c6e6
[2023-03-22T01:18:29.332+0000] {taskinstance.py:1511} INFO - Exporting the following env vars:
AIRFLOW_CTX_DAG_OWNER=ThinhHuynh
AIRFLOW_CTX_DAG_ID=our_first_dag_v1
AIRFLOW_CTX_TASK_ID=second_task
AIRFLOW_CTX_EXECUTION_DATE=2023-03-21T00:00:00+00:00
AIRFLOW_CTX_TRY_NUMBER=1
AIRFLOW_CTX_DAG_RUN_ID=scheduled__2023-03-21T00:00:00+00:00
[2023-03-22T01:18:29.335+0000] {subprocess.py:63} INFO - Tmp dir root location: 
 /tmp
[2023-03-22T01:18:29.336+0000] {subprocess.py:75} INFO - Running command: ['/bin/bash', '-c', 'echo Hello world, this is task 2']
[2023-03-22T01:18:29.351+0000] {subprocess.py:86} INFO - Output:
[2023-03-22T01:18:29.354+0000] {subprocess.py:93} INFO - Hello world, this is task 2
[2023-03-22T01:18:29.355+0000] {subprocess.py:97} INFO - Command exited with return code 0
[2023-03-22T01:18:29.408+0000] {taskinstance.py:1326} INFO - Marking task as SUCCESS. dag_id=our_first_dag_v1, task_id=second_task, execution_date=20230321T000000, start_date=20230322T011828, end_date=20230322T011829
[2023-03-22T01:18:29.453+0000] {local_task_job.py:212} INFO - Task exited with return code 0
[2023-03-22T01:18:29.493+0000] {taskinstance.py:2585} INFO - 0 downstream tasks scheduled from follow-on schedule check
