[2023-03-21T01:27:16.656+0000] {taskinstance.py:1084} INFO - Dependencies all met for dep_context=non-requeueable deps ti=<TaskInstance: our_first_dag_v1.third_task scheduled__2023-03-20T00:00:00+00:00 [queued]>
[2023-03-21T01:27:16.694+0000] {taskinstance.py:1084} INFO - Dependencies all met for dep_context=requeueable deps ti=<TaskInstance: our_first_dag_v1.third_task scheduled__2023-03-20T00:00:00+00:00 [queued]>
[2023-03-21T01:27:16.694+0000] {taskinstance.py:1282} INFO - 
--------------------------------------------------------------------------------
[2023-03-21T01:27:16.696+0000] {taskinstance.py:1283} INFO - Starting attempt 1 of 6
[2023-03-21T01:27:16.697+0000] {taskinstance.py:1284} INFO - 
--------------------------------------------------------------------------------
[2023-03-21T01:27:16.762+0000] {taskinstance.py:1303} INFO - Executing <Task(BashOperator): third_task> on 2023-03-20 00:00:00+00:00
[2023-03-21T01:27:16.768+0000] {standard_task_runner.py:55} INFO - Started process 220 to run task
[2023-03-21T01:27:16.779+0000] {standard_task_runner.py:82} INFO - Running: ['***', 'tasks', 'run', 'our_first_dag_v1', 'third_task', 'scheduled__2023-03-20T00:00:00+00:00', '--job-id', '131', '--raw', '--subdir', 'DAGS_FOLDER/our_first_dag.py', '--cfg-path', '/tmp/tmpmzcf8b0r']
[2023-03-21T01:27:16.788+0000] {standard_task_runner.py:83} INFO - Job 131: Subtask third_task
[2023-03-21T01:27:16.949+0000] {task_command.py:388} INFO - Running <TaskInstance: our_first_dag_v1.third_task scheduled__2023-03-20T00:00:00+00:00 [running]> on host 87381be0c6e6
[2023-03-21T01:27:17.233+0000] {taskinstance.py:1511} INFO - Exporting the following env vars:
AIRFLOW_CTX_DAG_OWNER=ThinhHuynh
AIRFLOW_CTX_DAG_ID=our_first_dag_v1
AIRFLOW_CTX_TASK_ID=third_task
AIRFLOW_CTX_EXECUTION_DATE=2023-03-20T00:00:00+00:00
AIRFLOW_CTX_TRY_NUMBER=1
AIRFLOW_CTX_DAG_RUN_ID=scheduled__2023-03-20T00:00:00+00:00
[2023-03-21T01:27:17.237+0000] {subprocess.py:63} INFO - Tmp dir root location: 
 /tmp
[2023-03-21T01:27:17.238+0000] {subprocess.py:75} INFO - Running command: ['/bin/bash', '-c', 'echo Hello world, this is task 3']
[2023-03-21T01:27:17.254+0000] {subprocess.py:86} INFO - Output:
[2023-03-21T01:27:17.259+0000] {subprocess.py:93} INFO - Hello world, this is task 3
[2023-03-21T01:27:17.261+0000] {subprocess.py:97} INFO - Command exited with return code 0
[2023-03-21T01:27:17.339+0000] {taskinstance.py:1326} INFO - Marking task as SUCCESS. dag_id=our_first_dag_v1, task_id=third_task, execution_date=20230320T000000, start_date=20230321T012716, end_date=20230321T012717
[2023-03-21T01:27:17.414+0000] {local_task_job.py:212} INFO - Task exited with return code 0
[2023-03-21T01:27:17.471+0000] {taskinstance.py:2585} INFO - 0 downstream tasks scheduled from follow-on schedule check
