[2023-03-17T07:32:38.198+0000] {taskinstance.py:1084} INFO - Dependencies all met for dep_context=non-requeueable deps ti=<TaskInstance: our_dag_with_python_operator_v03.get_name manual__2023-03-17T07:32:36.869800+00:00 [queued]>
[2023-03-17T07:32:38.213+0000] {taskinstance.py:1084} INFO - Dependencies all met for dep_context=requeueable deps ti=<TaskInstance: our_dag_with_python_operator_v03.get_name manual__2023-03-17T07:32:36.869800+00:00 [queued]>
[2023-03-17T07:32:38.213+0000] {taskinstance.py:1282} INFO - 
--------------------------------------------------------------------------------
[2023-03-17T07:32:38.215+0000] {taskinstance.py:1283} INFO - Starting attempt 1 of 6
[2023-03-17T07:32:38.215+0000] {taskinstance.py:1284} INFO - 
--------------------------------------------------------------------------------
[2023-03-17T07:32:38.233+0000] {taskinstance.py:1303} INFO - Executing <Task(PythonOperator): get_name> on 2023-03-17 07:32:36.869800+00:00
[2023-03-17T07:32:38.237+0000] {standard_task_runner.py:55} INFO - Started process 2121 to run task
[2023-03-17T07:32:38.240+0000] {standard_task_runner.py:82} INFO - Running: ['***', 'tasks', 'run', 'our_dag_with_python_operator_v03', 'get_name', 'manual__2023-03-17T07:32:36.869800+00:00', '--job-id', '10', '--raw', '--subdir', 'DAGS_FOLDER/create_dags_with_python_operator.py', '--cfg-path', '/tmp/tmplzfgpvqh']
[2023-03-17T07:32:38.242+0000] {standard_task_runner.py:83} INFO - Job 10: Subtask get_name
[2023-03-17T07:32:38.312+0000] {task_command.py:388} INFO - Running <TaskInstance: our_dag_with_python_operator_v03.get_name manual__2023-03-17T07:32:36.869800+00:00 [running]> on host 213a9e135266
[2023-03-17T07:32:38.393+0000] {taskinstance.py:1511} INFO - Exporting the following env vars:
AIRFLOW_CTX_DAG_OWNER=ThinhHuynh
AIRFLOW_CTX_DAG_ID=our_dag_with_python_operator_v03
AIRFLOW_CTX_TASK_ID=get_name
AIRFLOW_CTX_EXECUTION_DATE=2023-03-17T07:32:36.869800+00:00
AIRFLOW_CTX_TRY_NUMBER=1
AIRFLOW_CTX_DAG_RUN_ID=manual__2023-03-17T07:32:36.869800+00:00
[2023-03-17T07:32:38.394+0000] {python.py:177} INFO - Done. Returned value was: Thinh
[2023-03-17T07:32:38.421+0000] {taskinstance.py:1326} INFO - Marking task as SUCCESS. dag_id=our_dag_with_python_operator_v03, task_id=get_name, execution_date=20230317T073236, start_date=20230317T073238, end_date=20230317T073238
[2023-03-17T07:32:38.453+0000] {local_task_job.py:212} INFO - Task exited with return code 0
[2023-03-17T07:32:38.473+0000] {taskinstance.py:2585} INFO - 0 downstream tasks scheduled from follow-on schedule check
