[2023-03-27T01:45:47.015+0000] {taskinstance.py:1084} INFO - Dependencies all met for dep_context=non-requeueable deps ti=<TaskInstance: our_first_dag_v1.first_task scheduled__2023-03-26T00:00:00+00:00 [queued]>
[2023-03-27T01:45:47.070+0000] {taskinstance.py:1084} INFO - Dependencies all met for dep_context=requeueable deps ti=<TaskInstance: our_first_dag_v1.first_task scheduled__2023-03-26T00:00:00+00:00 [queued]>
[2023-03-27T01:45:47.071+0000] {taskinstance.py:1282} INFO - 
--------------------------------------------------------------------------------
[2023-03-27T01:45:47.075+0000] {taskinstance.py:1283} INFO - Starting attempt 1 of 6
[2023-03-27T01:45:47.077+0000] {taskinstance.py:1284} INFO - 
--------------------------------------------------------------------------------
[2023-03-27T01:45:47.198+0000] {taskinstance.py:1303} INFO - Executing <Task(BashOperator): first_task> on 2023-03-26 00:00:00+00:00
[2023-03-27T01:45:47.292+0000] {standard_task_runner.py:55} INFO - Started process 203 to run task
[2023-03-27T01:45:47.363+0000] {standard_task_runner.py:82} INFO - Running: ['***', 'tasks', 'run', 'our_first_dag_v1', 'first_task', 'scheduled__2023-03-26T00:00:00+00:00', '--job-id', '302', '--raw', '--subdir', 'DAGS_FOLDER/our_first_dag.py', '--cfg-path', '/tmp/tmpk601qxs5']
[2023-03-27T01:45:47.409+0000] {standard_task_runner.py:83} INFO - Job 302: Subtask first_task
[2023-03-27T01:45:48.122+0000] {task_command.py:388} INFO - Running <TaskInstance: our_first_dag_v1.first_task scheduled__2023-03-26T00:00:00+00:00 [running]> on host 7c9cdf1c064e
[2023-03-27T01:45:49.806+0000] {taskinstance.py:1511} INFO - Exporting the following env vars:
AIRFLOW_CTX_DAG_OWNER=ThinhHuynh
AIRFLOW_CTX_DAG_ID=our_first_dag_v1
AIRFLOW_CTX_TASK_ID=first_task
AIRFLOW_CTX_EXECUTION_DATE=2023-03-26T00:00:00+00:00
AIRFLOW_CTX_TRY_NUMBER=1
AIRFLOW_CTX_DAG_RUN_ID=scheduled__2023-03-26T00:00:00+00:00
[2023-03-27T01:45:49.821+0000] {subprocess.py:63} INFO - Tmp dir root location: 
 /tmp
[2023-03-27T01:45:49.826+0000] {subprocess.py:75} INFO - Running command: ['/bin/bash', '-c', 'echo Hello world, this is task 1']
[2023-03-27T01:45:49.944+0000] {subprocess.py:86} INFO - Output:
[2023-03-27T01:45:49.963+0000] {subprocess.py:93} INFO - Hello world, this is task 1
[2023-03-27T01:45:49.964+0000] {subprocess.py:97} INFO - Command exited with return code 0
[2023-03-27T01:45:50.239+0000] {taskinstance.py:1326} INFO - Marking task as SUCCESS. dag_id=our_first_dag_v1, task_id=first_task, execution_date=20230326T000000, start_date=20230327T014547, end_date=20230327T014550
[2023-03-27T01:45:50.397+0000] {local_task_job.py:212} INFO - Task exited with return code 0
[2023-03-27T01:45:50.591+0000] {taskinstance.py:2585} INFO - 2 downstream tasks scheduled from follow-on schedule check
