[2023-03-27T01:45:46.595+0000] {taskinstance.py:1084} INFO - Dependencies all met for dep_context=non-requeueable deps ti=<TaskInstance: dag_with_python_dependencies_v02.get_sklearn scheduled__2023-03-25T00:00:00+00:00 [queued]>
[2023-03-27T01:45:46.829+0000] {taskinstance.py:1084} INFO - Dependencies all met for dep_context=requeueable deps ti=<TaskInstance: dag_with_python_dependencies_v02.get_sklearn scheduled__2023-03-25T00:00:00+00:00 [queued]>
[2023-03-27T01:45:46.832+0000] {taskinstance.py:1282} INFO - 
--------------------------------------------------------------------------------
[2023-03-27T01:45:46.836+0000] {taskinstance.py:1283} INFO - Starting attempt 1 of 1
[2023-03-27T01:45:46.837+0000] {taskinstance.py:1284} INFO - 
--------------------------------------------------------------------------------
[2023-03-27T01:45:47.003+0000] {taskinstance.py:1303} INFO - Executing <Task(PythonOperator): get_sklearn> on 2023-03-25 00:00:00+00:00
[2023-03-27T01:45:47.074+0000] {standard_task_runner.py:55} INFO - Started process 200 to run task
[2023-03-27T01:45:47.199+0000] {standard_task_runner.py:82} INFO - Running: ['***', 'tasks', 'run', 'dag_with_python_dependencies_v02', 'get_sklearn', 'scheduled__2023-03-25T00:00:00+00:00', '--job-id', '295', '--raw', '--subdir', 'DAGS_FOLDER/dag_with_python_dependencies.py', '--cfg-path', '/tmp/tmp9ovi1z3q']
[2023-03-27T01:45:47.460+0000] {standard_task_runner.py:83} INFO - Job 295: Subtask get_sklearn
[2023-03-27T01:45:48.719+0000] {task_command.py:388} INFO - Running <TaskInstance: dag_with_python_dependencies_v02.get_sklearn scheduled__2023-03-25T00:00:00+00:00 [running]> on host 7c9cdf1c064e
[2023-03-27T01:45:50.023+0000] {taskinstance.py:1511} INFO - Exporting the following env vars:
AIRFLOW_CTX_DAG_OWNER=ThinhHuynh
AIRFLOW_CTX_DAG_ID=dag_with_python_dependencies_v02
AIRFLOW_CTX_TASK_ID=get_sklearn
AIRFLOW_CTX_EXECUTION_DATE=2023-03-25T00:00:00+00:00
AIRFLOW_CTX_TRY_NUMBER=1
AIRFLOW_CTX_DAG_RUN_ID=scheduled__2023-03-25T00:00:00+00:00
[2023-03-27T01:45:58.504+0000] {logging_mixin.py:137} INFO - scikit-learn with version: 0.24.2
[2023-03-27T01:45:58.511+0000] {python.py:177} INFO - Done. Returned value was: None
[2023-03-27T01:46:01.054+0000] {taskinstance.py:1326} INFO - Marking task as SUCCESS. dag_id=dag_with_python_dependencies_v02, task_id=get_sklearn, execution_date=20230325T000000, start_date=20230327T014546, end_date=20230327T014601
[2023-03-27T01:46:01.152+0000] {local_task_job.py:212} INFO - Task exited with return code 0
[2023-03-27T01:46:01.240+0000] {taskinstance.py:2585} INFO - 1 downstream tasks scheduled from follow-on schedule check
