[2023-03-17T07:37:39.921+0000] {taskinstance.py:1084} INFO - Dependencies all met for dep_context=non-requeueable deps ti=<TaskInstance: our_dag_with_python_operator_v03.greet manual__2023-03-17T07:32:36.869800+00:00 [queued]>
[2023-03-17T07:37:39.935+0000] {taskinstance.py:1084} INFO - Dependencies all met for dep_context=requeueable deps ti=<TaskInstance: our_dag_with_python_operator_v03.greet manual__2023-03-17T07:32:36.869800+00:00 [queued]>
[2023-03-17T07:37:39.935+0000] {taskinstance.py:1282} INFO - 
--------------------------------------------------------------------------------
[2023-03-17T07:37:39.936+0000] {taskinstance.py:1283} INFO - Starting attempt 2 of 6
[2023-03-17T07:37:39.937+0000] {taskinstance.py:1284} INFO - 
--------------------------------------------------------------------------------
[2023-03-17T07:37:39.956+0000] {taskinstance.py:1303} INFO - Executing <Task(PythonOperator): greet> on 2023-03-17 07:32:36.869800+00:00
[2023-03-17T07:37:39.960+0000] {standard_task_runner.py:55} INFO - Started process 2298 to run task
[2023-03-17T07:37:39.963+0000] {standard_task_runner.py:82} INFO - Running: ['***', 'tasks', 'run', 'our_dag_with_python_operator_v03', 'greet', 'manual__2023-03-17T07:32:36.869800+00:00', '--job-id', '14', '--raw', '--subdir', 'DAGS_FOLDER/create_dags_with_python_operator.py', '--cfg-path', '/tmp/tmp6j9j5nob']
[2023-03-17T07:37:39.965+0000] {standard_task_runner.py:83} INFO - Job 14: Subtask greet
[2023-03-17T07:37:40.040+0000] {task_command.py:388} INFO - Running <TaskInstance: our_dag_with_python_operator_v03.greet manual__2023-03-17T07:32:36.869800+00:00 [running]> on host 213a9e135266
[2023-03-17T07:37:40.127+0000] {taskinstance.py:1511} INFO - Exporting the following env vars:
AIRFLOW_CTX_DAG_OWNER=ThinhHuynh
AIRFLOW_CTX_DAG_ID=our_dag_with_python_operator_v03
AIRFLOW_CTX_TASK_ID=greet
AIRFLOW_CTX_EXECUTION_DATE=2023-03-17T07:32:36.869800+00:00
AIRFLOW_CTX_TRY_NUMBER=2
AIRFLOW_CTX_DAG_RUN_ID=manual__2023-03-17T07:32:36.869800+00:00
[2023-03-17T07:37:40.140+0000] {logging_mixin.py:137} INFO - Hello world! My name is Thinh, and I am 20 years old!
[2023-03-17T07:37:40.141+0000] {python.py:177} INFO - Done. Returned value was: None
[2023-03-17T07:37:40.154+0000] {taskinstance.py:1326} INFO - Marking task as SUCCESS. dag_id=our_dag_with_python_operator_v03, task_id=greet, execution_date=20230317T073236, start_date=20230317T073739, end_date=20230317T073740
[2023-03-17T07:37:40.177+0000] {local_task_job.py:212} INFO - Task exited with return code 0
[2023-03-17T07:37:40.196+0000] {taskinstance.py:2585} INFO - 0 downstream tasks scheduled from follow-on schedule check
