[2023-03-17T08:09:51.965+0000] {taskinstance.py:1084} INFO - Dependencies all met for dep_context=non-requeueable deps ti=<TaskInstance: our_dag_with_python_operator_v04.get_name manual__2023-03-17T08:09:51.176805+00:00 [queued]>
[2023-03-17T08:09:51.978+0000] {taskinstance.py:1084} INFO - Dependencies all met for dep_context=requeueable deps ti=<TaskInstance: our_dag_with_python_operator_v04.get_name manual__2023-03-17T08:09:51.176805+00:00 [queued]>
[2023-03-17T08:09:51.979+0000] {taskinstance.py:1282} INFO - 
--------------------------------------------------------------------------------
[2023-03-17T08:09:51.980+0000] {taskinstance.py:1283} INFO - Starting attempt 1 of 6
[2023-03-17T08:09:51.981+0000] {taskinstance.py:1284} INFO - 
--------------------------------------------------------------------------------
[2023-03-17T08:09:52.000+0000] {taskinstance.py:1303} INFO - Executing <Task(PythonOperator): get_name> on 2023-03-17 08:09:51.176805+00:00
[2023-03-17T08:09:52.004+0000] {standard_task_runner.py:55} INFO - Started process 3411 to run task
[2023-03-17T08:09:52.008+0000] {standard_task_runner.py:82} INFO - Running: ['***', 'tasks', 'run', 'our_dag_with_python_operator_v04', 'get_name', 'manual__2023-03-17T08:09:51.176805+00:00', '--job-id', '18', '--raw', '--subdir', 'DAGS_FOLDER/create_dags_with_python_operator.py', '--cfg-path', '/tmp/tmpxbs29j4c']
[2023-03-17T08:09:52.010+0000] {standard_task_runner.py:83} INFO - Job 18: Subtask get_name
[2023-03-17T08:09:52.105+0000] {task_command.py:388} INFO - Running <TaskInstance: our_dag_with_python_operator_v04.get_name manual__2023-03-17T08:09:51.176805+00:00 [running]> on host 213a9e135266
[2023-03-17T08:09:52.195+0000] {taskinstance.py:1511} INFO - Exporting the following env vars:
AIRFLOW_CTX_DAG_OWNER=ThinhHuynh
AIRFLOW_CTX_DAG_ID=our_dag_with_python_operator_v04
AIRFLOW_CTX_TASK_ID=get_name
AIRFLOW_CTX_EXECUTION_DATE=2023-03-17T08:09:51.176805+00:00
AIRFLOW_CTX_TRY_NUMBER=1
AIRFLOW_CTX_DAG_RUN_ID=manual__2023-03-17T08:09:51.176805+00:00
[2023-03-17T08:09:52.226+0000] {python.py:177} INFO - Done. Returned value was: None
[2023-03-17T08:09:52.236+0000] {taskinstance.py:1326} INFO - Marking task as SUCCESS. dag_id=our_dag_with_python_operator_v04, task_id=get_name, execution_date=20230317T080951, start_date=20230317T080951, end_date=20230317T080952
[2023-03-17T08:09:52.261+0000] {local_task_job.py:212} INFO - Task exited with return code 0
[2023-03-17T08:09:52.330+0000] {taskinstance.py:2585} INFO - 0 downstream tasks scheduled from follow-on schedule check
