[2023-03-18T16:39:58.533+0000] {taskinstance.py:1084} INFO - Dependencies all met for dep_context=non-requeueable deps ti=<TaskInstance: dag_with_python_dependencies_v02.get_matplotlib manual__2023-03-18T16:39:54.944197+00:00 [queued]>
[2023-03-18T16:39:58.547+0000] {taskinstance.py:1084} INFO - Dependencies all met for dep_context=requeueable deps ti=<TaskInstance: dag_with_python_dependencies_v02.get_matplotlib manual__2023-03-18T16:39:54.944197+00:00 [queued]>
[2023-03-18T16:39:58.548+0000] {taskinstance.py:1282} INFO - 
--------------------------------------------------------------------------------
[2023-03-18T16:39:58.548+0000] {taskinstance.py:1283} INFO - Starting attempt 1 of 1
[2023-03-18T16:39:58.549+0000] {taskinstance.py:1284} INFO - 
--------------------------------------------------------------------------------
[2023-03-18T16:39:58.568+0000] {taskinstance.py:1303} INFO - Executing <Task(PythonOperator): get_matplotlib> on 2023-03-18 16:39:54.944197+00:00
[2023-03-18T16:39:58.572+0000] {standard_task_runner.py:55} INFO - Started process 221 to run task
[2023-03-18T16:39:58.575+0000] {standard_task_runner.py:82} INFO - Running: ['***', 'tasks', 'run', 'dag_with_python_dependencies_v02', 'get_matplotlib', 'manual__2023-03-18T16:39:54.944197+00:00', '--job-id', '49', '--raw', '--subdir', 'DAGS_FOLDER/dag_with_python_dependencies.py', '--cfg-path', '/tmp/tmp78yfsx6m']
[2023-03-18T16:39:58.577+0000] {standard_task_runner.py:83} INFO - Job 49: Subtask get_matplotlib
[2023-03-18T16:39:58.651+0000] {task_command.py:388} INFO - Running <TaskInstance: dag_with_python_dependencies_v02.get_matplotlib manual__2023-03-18T16:39:54.944197+00:00 [running]> on host 78bde780398d
[2023-03-18T16:39:58.741+0000] {taskinstance.py:1511} INFO - Exporting the following env vars:
AIRFLOW_CTX_DAG_OWNER=ThinhHuynh
AIRFLOW_CTX_DAG_ID=dag_with_python_dependencies_v02
AIRFLOW_CTX_TASK_ID=get_matplotlib
AIRFLOW_CTX_EXECUTION_DATE=2023-03-18T16:39:54.944197+00:00
AIRFLOW_CTX_TRY_NUMBER=1
AIRFLOW_CTX_DAG_RUN_ID=manual__2023-03-18T16:39:54.944197+00:00
[2023-03-18T16:39:58.850+0000] {logging_mixin.py:137} INFO - matplotlib with version: 3.3.3
[2023-03-18T16:39:58.850+0000] {python.py:177} INFO - Done. Returned value was: None
[2023-03-18T16:39:58.862+0000] {taskinstance.py:1326} INFO - Marking task as SUCCESS. dag_id=dag_with_python_dependencies_v02, task_id=get_matplotlib, execution_date=20230318T163954, start_date=20230318T163958, end_date=20230318T163958
[2023-03-18T16:39:58.909+0000] {local_task_job.py:212} INFO - Task exited with return code 0
[2023-03-18T16:39:58.927+0000] {taskinstance.py:2585} INFO - 0 downstream tasks scheduled from follow-on schedule check
