[2023-03-17T06:46:18.763+0000] {taskinstance.py:1084} INFO - Dependencies all met for dep_context=non-requeueable deps ti=<TaskInstance: our_first_dag_v1.second_task manual__2023-03-17T06:46:16.919693+00:00 [queued]>
[2023-03-17T06:46:18.777+0000] {taskinstance.py:1084} INFO - Dependencies all met for dep_context=requeueable deps ti=<TaskInstance: our_first_dag_v1.second_task manual__2023-03-17T06:46:16.919693+00:00 [queued]>
[2023-03-17T06:46:18.777+0000] {taskinstance.py:1282} INFO - 
--------------------------------------------------------------------------------
[2023-03-17T06:46:18.778+0000] {taskinstance.py:1283} INFO - Starting attempt 1 of 6
[2023-03-17T06:46:18.779+0000] {taskinstance.py:1284} INFO - 
--------------------------------------------------------------------------------
[2023-03-17T06:46:18.799+0000] {taskinstance.py:1303} INFO - Executing <Task(BashOperator): second_task> on 2023-03-17 06:46:16.919693+00:00
[2023-03-17T06:46:18.803+0000] {standard_task_runner.py:55} INFO - Started process 766 to run task
[2023-03-17T06:46:18.806+0000] {standard_task_runner.py:82} INFO - Running: ['***', 'tasks', 'run', 'our_first_dag_v1', 'second_task', 'manual__2023-03-17T06:46:16.919693+00:00', '--job-id', '6', '--raw', '--subdir', 'DAGS_FOLDER/our_first_dag.py', '--cfg-path', '/tmp/tmpzngpi38j']
[2023-03-17T06:46:18.809+0000] {standard_task_runner.py:83} INFO - Job 6: Subtask second_task
[2023-03-17T06:46:18.898+0000] {task_command.py:388} INFO - Running <TaskInstance: our_first_dag_v1.second_task manual__2023-03-17T06:46:16.919693+00:00 [running]> on host 213a9e135266
[2023-03-17T06:46:18.990+0000] {taskinstance.py:1511} INFO - Exporting the following env vars:
AIRFLOW_CTX_DAG_OWNER=ThinhHuynh
AIRFLOW_CTX_DAG_ID=our_first_dag_v1
AIRFLOW_CTX_TASK_ID=second_task
AIRFLOW_CTX_EXECUTION_DATE=2023-03-17T06:46:16.919693+00:00
AIRFLOW_CTX_TRY_NUMBER=1
AIRFLOW_CTX_DAG_RUN_ID=manual__2023-03-17T06:46:16.919693+00:00
[2023-03-17T06:46:18.991+0000] {subprocess.py:63} INFO - Tmp dir root location: 
 /tmp
[2023-03-17T06:46:18.992+0000] {subprocess.py:75} INFO - Running command: ['/bin/bash', '-c', 'echo Hello world, this is task 2']
[2023-03-17T06:46:19.001+0000] {subprocess.py:86} INFO - Output:
[2023-03-17T06:46:19.003+0000] {subprocess.py:93} INFO - Hello world, this is task 2
[2023-03-17T06:46:19.004+0000] {subprocess.py:97} INFO - Command exited with return code 0
[2023-03-17T06:46:19.033+0000] {taskinstance.py:1326} INFO - Marking task as SUCCESS. dag_id=our_first_dag_v1, task_id=second_task, execution_date=20230317T064616, start_date=20230317T064618, end_date=20230317T064619
[2023-03-17T06:46:19.058+0000] {local_task_job.py:212} INFO - Task exited with return code 0
[2023-03-17T06:46:19.078+0000] {taskinstance.py:2585} INFO - 0 downstream tasks scheduled from follow-on schedule check
