[2023-03-20T02:24:52.289+0000] {taskinstance.py:1084} INFO - Dependencies all met for dep_context=non-requeueable deps ti=<TaskInstance: dag_with_python_dependencies_v02.get_sklearn scheduled__2023-03-19T00:00:00+00:00 [queued]>
[2023-03-20T02:24:52.458+0000] {taskinstance.py:1084} INFO - Dependencies all met for dep_context=requeueable deps ti=<TaskInstance: dag_with_python_dependencies_v02.get_sklearn scheduled__2023-03-19T00:00:00+00:00 [queued]>
[2023-03-20T02:24:52.463+0000] {taskinstance.py:1282} INFO - 
--------------------------------------------------------------------------------
[2023-03-20T02:24:52.480+0000] {taskinstance.py:1283} INFO - Starting attempt 1 of 1
[2023-03-20T02:24:52.486+0000] {taskinstance.py:1284} INFO - 
--------------------------------------------------------------------------------
[2023-03-20T02:24:52.672+0000] {taskinstance.py:1303} INFO - Executing <Task(PythonOperator): get_sklearn> on 2023-03-19 00:00:00+00:00
[2023-03-20T02:24:52.684+0000] {standard_task_runner.py:55} INFO - Started process 211 to run task
[2023-03-20T02:24:52.724+0000] {standard_task_runner.py:82} INFO - Running: ['***', 'tasks', 'run', 'dag_with_python_dependencies_v02', 'get_sklearn', 'scheduled__2023-03-19T00:00:00+00:00', '--job-id', '60', '--raw', '--subdir', 'DAGS_FOLDER/dag_with_python_dependencies.py', '--cfg-path', '/tmp/tmpc38oyx6c']
[2023-03-20T02:24:52.733+0000] {standard_task_runner.py:83} INFO - Job 60: Subtask get_sklearn
[2023-03-20T02:24:53.489+0000] {task_command.py:388} INFO - Running <TaskInstance: dag_with_python_dependencies_v02.get_sklearn scheduled__2023-03-19T00:00:00+00:00 [running]> on host 78bde780398d
[2023-03-20T02:24:54.401+0000] {taskinstance.py:1511} INFO - Exporting the following env vars:
AIRFLOW_CTX_DAG_OWNER=ThinhHuynh
AIRFLOW_CTX_DAG_ID=dag_with_python_dependencies_v02
AIRFLOW_CTX_TASK_ID=get_sklearn
AIRFLOW_CTX_EXECUTION_DATE=2023-03-19T00:00:00+00:00
AIRFLOW_CTX_TRY_NUMBER=1
AIRFLOW_CTX_DAG_RUN_ID=scheduled__2023-03-19T00:00:00+00:00
[2023-03-20T02:24:59.243+0000] {logging_mixin.py:137} INFO - scikit-learn with version: 0.24.2
[2023-03-20T02:24:59.243+0000] {python.py:177} INFO - Done. Returned value was: None
[2023-03-20T02:25:01.406+0000] {taskinstance.py:1326} INFO - Marking task as SUCCESS. dag_id=dag_with_python_dependencies_v02, task_id=get_sklearn, execution_date=20230319T000000, start_date=20230320T022452, end_date=20230320T022501
[2023-03-20T02:25:01.594+0000] {local_task_job.py:212} INFO - Task exited with return code 0
[2023-03-20T02:25:01.763+0000] {taskinstance.py:2585} INFO - 1 downstream tasks scheduled from follow-on schedule check
