[2023-03-23T02:07:36.590+0000] {taskinstance.py:1084} INFO - Dependencies all met for dep_context=non-requeueable deps ti=<TaskInstance: our_dag_with_python_operator_v05.greet scheduled__2023-03-22T00:00:00+00:00 [queued]>
[2023-03-23T02:07:36.616+0000] {taskinstance.py:1084} INFO - Dependencies all met for dep_context=requeueable deps ti=<TaskInstance: our_dag_with_python_operator_v05.greet scheduled__2023-03-22T00:00:00+00:00 [queued]>
[2023-03-23T02:07:36.617+0000] {taskinstance.py:1282} INFO - 
--------------------------------------------------------------------------------
[2023-03-23T02:07:36.618+0000] {taskinstance.py:1283} INFO - Starting attempt 1 of 6
[2023-03-23T02:07:36.619+0000] {taskinstance.py:1284} INFO - 
--------------------------------------------------------------------------------
[2023-03-23T02:07:36.664+0000] {taskinstance.py:1303} INFO - Executing <Task(PythonOperator): greet> on 2023-03-22 00:00:00+00:00
[2023-03-23T02:07:36.672+0000] {standard_task_runner.py:55} INFO - Started process 221 to run task
[2023-03-23T02:07:36.678+0000] {standard_task_runner.py:82} INFO - Running: ['***', 'tasks', 'run', 'our_dag_with_python_operator_v05', 'greet', 'scheduled__2023-03-22T00:00:00+00:00', '--job-id', '223', '--raw', '--subdir', 'DAGS_FOLDER/create_dags_with_python_operator.py', '--cfg-path', '/tmp/tmpq2d0dlu8']
[2023-03-23T02:07:36.683+0000] {standard_task_runner.py:83} INFO - Job 223: Subtask greet
[2023-03-23T02:07:36.827+0000] {task_command.py:388} INFO - Running <TaskInstance: our_dag_with_python_operator_v05.greet scheduled__2023-03-22T00:00:00+00:00 [running]> on host 9783a48d7fca
[2023-03-23T02:07:37.032+0000] {taskinstance.py:1511} INFO - Exporting the following env vars:
AIRFLOW_CTX_DAG_OWNER=ThinhHuynh
AIRFLOW_CTX_DAG_ID=our_dag_with_python_operator_v05
AIRFLOW_CTX_TASK_ID=greet
AIRFLOW_CTX_EXECUTION_DATE=2023-03-22T00:00:00+00:00
AIRFLOW_CTX_TRY_NUMBER=1
AIRFLOW_CTX_DAG_RUN_ID=scheduled__2023-03-22T00:00:00+00:00
[2023-03-23T02:07:37.144+0000] {logging_mixin.py:137} INFO - Hello world! My name is Thinh Huynh, and I am 22 years old!
[2023-03-23T02:07:37.145+0000] {python.py:177} INFO - Done. Returned value was: None
[2023-03-23T02:07:37.174+0000] {taskinstance.py:1326} INFO - Marking task as SUCCESS. dag_id=our_dag_with_python_operator_v05, task_id=greet, execution_date=20230322T000000, start_date=20230323T020736, end_date=20230323T020737
[2023-03-23T02:07:37.233+0000] {local_task_job.py:212} INFO - Task exited with return code 0
[2023-03-23T02:07:37.299+0000] {taskinstance.py:2585} INFO - 0 downstream tasks scheduled from follow-on schedule check
