[2023-03-23T02:07:34.153+0000] {taskinstance.py:1084} INFO - Dependencies all met for dep_context=non-requeueable deps ti=<TaskInstance: our_dag_with_python_operator_v05.get_name scheduled__2023-03-22T00:00:00+00:00 [queued]>
[2023-03-23T02:07:34.234+0000] {taskinstance.py:1084} INFO - Dependencies all met for dep_context=requeueable deps ti=<TaskInstance: our_dag_with_python_operator_v05.get_name scheduled__2023-03-22T00:00:00+00:00 [queued]>
[2023-03-23T02:07:34.239+0000] {taskinstance.py:1282} INFO - 
--------------------------------------------------------------------------------
[2023-03-23T02:07:34.257+0000] {taskinstance.py:1283} INFO - Starting attempt 1 of 6
[2023-03-23T02:07:34.263+0000] {taskinstance.py:1284} INFO - 
--------------------------------------------------------------------------------
[2023-03-23T02:07:34.374+0000] {taskinstance.py:1303} INFO - Executing <Task(PythonOperator): get_name> on 2023-03-22 00:00:00+00:00
[2023-03-23T02:07:34.387+0000] {standard_task_runner.py:55} INFO - Started process 206 to run task
[2023-03-23T02:07:34.427+0000] {standard_task_runner.py:82} INFO - Running: ['***', 'tasks', 'run', 'our_dag_with_python_operator_v05', 'get_name', 'scheduled__2023-03-22T00:00:00+00:00', '--job-id', '214', '--raw', '--subdir', 'DAGS_FOLDER/create_dags_with_python_operator.py', '--cfg-path', '/tmp/tmpee6_ljz9']
[2023-03-23T02:07:34.463+0000] {standard_task_runner.py:83} INFO - Job 214: Subtask get_name
[2023-03-23T02:07:34.951+0000] {task_command.py:388} INFO - Running <TaskInstance: our_dag_with_python_operator_v05.get_name scheduled__2023-03-22T00:00:00+00:00 [running]> on host 9783a48d7fca
[2023-03-23T02:07:35.444+0000] {taskinstance.py:1511} INFO - Exporting the following env vars:
AIRFLOW_CTX_DAG_OWNER=ThinhHuynh
AIRFLOW_CTX_DAG_ID=our_dag_with_python_operator_v05
AIRFLOW_CTX_TASK_ID=get_name
AIRFLOW_CTX_EXECUTION_DATE=2023-03-22T00:00:00+00:00
AIRFLOW_CTX_TRY_NUMBER=1
AIRFLOW_CTX_DAG_RUN_ID=scheduled__2023-03-22T00:00:00+00:00
[2023-03-23T02:07:35.558+0000] {python.py:177} INFO - Done. Returned value was: None
[2023-03-23T02:07:35.602+0000] {taskinstance.py:1326} INFO - Marking task as SUCCESS. dag_id=our_dag_with_python_operator_v05, task_id=get_name, execution_date=20230322T000000, start_date=20230323T020734, end_date=20230323T020735
[2023-03-23T02:07:35.705+0000] {local_task_job.py:212} INFO - Task exited with return code 0
[2023-03-23T02:07:35.805+0000] {taskinstance.py:2585} INFO - 0 downstream tasks scheduled from follow-on schedule check
