[2023-03-17T06:37:33.130+0000] {taskinstance.py:1084} INFO - Dependencies all met for dep_context=non-requeueable deps ti=<TaskInstance: our_first_dag.first_task manual__2023-03-17T06:37:32.456087+00:00 [queued]>
[2023-03-17T06:37:33.144+0000] {taskinstance.py:1084} INFO - Dependencies all met for dep_context=requeueable deps ti=<TaskInstance: our_first_dag.first_task manual__2023-03-17T06:37:32.456087+00:00 [queued]>
[2023-03-17T06:37:33.145+0000] {taskinstance.py:1282} INFO - 
--------------------------------------------------------------------------------
[2023-03-17T06:37:33.145+0000] {taskinstance.py:1283} INFO - Starting attempt 1 of 6
[2023-03-17T06:37:33.146+0000] {taskinstance.py:1284} INFO - 
--------------------------------------------------------------------------------
[2023-03-17T06:37:33.166+0000] {taskinstance.py:1303} INFO - Executing <Task(BashOperator): first_task> on 2023-03-17 06:37:32.456087+00:00
[2023-03-17T06:37:33.170+0000] {standard_task_runner.py:55} INFO - Started process 550 to run task
[2023-03-17T06:37:33.176+0000] {standard_task_runner.py:82} INFO - Running: ['***', 'tasks', 'run', 'our_first_dag', 'first_task', 'manual__2023-03-17T06:37:32.456087+00:00', '--job-id', '3', '--raw', '--subdir', 'DAGS_FOLDER/our_first_dag.py', '--cfg-path', '/tmp/tmpujnt0jot']
[2023-03-17T06:37:33.179+0000] {standard_task_runner.py:83} INFO - Job 3: Subtask first_task
[2023-03-17T06:37:33.270+0000] {task_command.py:388} INFO - Running <TaskInstance: our_first_dag.first_task manual__2023-03-17T06:37:32.456087+00:00 [running]> on host 213a9e135266
[2023-03-17T06:37:33.360+0000] {taskinstance.py:1511} INFO - Exporting the following env vars:
AIRFLOW_CTX_DAG_OWNER=ThinhHuynh
AIRFLOW_CTX_DAG_ID=our_first_dag
AIRFLOW_CTX_TASK_ID=first_task
AIRFLOW_CTX_EXECUTION_DATE=2023-03-17T06:37:32.456087+00:00
AIRFLOW_CTX_TRY_NUMBER=1
AIRFLOW_CTX_DAG_RUN_ID=manual__2023-03-17T06:37:32.456087+00:00
[2023-03-17T06:37:33.363+0000] {subprocess.py:63} INFO - Tmp dir root location: 
 /tmp
[2023-03-17T06:37:33.364+0000] {subprocess.py:75} INFO - Running command: ['/bin/bash', '-c', 'echo Hello world']
[2023-03-17T06:37:33.373+0000] {subprocess.py:86} INFO - Output:
[2023-03-17T06:37:33.375+0000] {subprocess.py:93} INFO - Hello world
[2023-03-17T06:37:33.375+0000] {subprocess.py:97} INFO - Command exited with return code 0
[2023-03-17T06:37:33.404+0000] {taskinstance.py:1326} INFO - Marking task as SUCCESS. dag_id=our_first_dag, task_id=first_task, execution_date=20230317T063732, start_date=20230317T063733, end_date=20230317T063733
[2023-03-17T06:37:33.429+0000] {local_task_job.py:212} INFO - Task exited with return code 0
[2023-03-17T06:37:33.447+0000] {taskinstance.py:2585} INFO - 0 downstream tasks scheduled from follow-on schedule check
