[2023-03-20T02:24:57.150+0000] {taskinstance.py:1084} INFO - Dependencies all met for dep_context=non-requeueable deps ti=<TaskInstance: our_first_dag_v1.second_task scheduled__2023-03-19T00:00:00+00:00 [queued]>
[2023-03-20T02:24:57.185+0000] {taskinstance.py:1084} INFO - Dependencies all met for dep_context=requeueable deps ti=<TaskInstance: our_first_dag_v1.second_task scheduled__2023-03-19T00:00:00+00:00 [queued]>
[2023-03-20T02:24:57.189+0000] {taskinstance.py:1282} INFO - 
--------------------------------------------------------------------------------
[2023-03-20T02:24:57.190+0000] {taskinstance.py:1283} INFO - Starting attempt 1 of 6
[2023-03-20T02:24:57.192+0000] {taskinstance.py:1284} INFO - 
--------------------------------------------------------------------------------
[2023-03-20T02:24:57.267+0000] {taskinstance.py:1303} INFO - Executing <Task(BashOperator): second_task> on 2023-03-19 00:00:00+00:00
[2023-03-20T02:24:57.282+0000] {standard_task_runner.py:55} INFO - Started process 229 to run task
[2023-03-20T02:24:57.293+0000] {standard_task_runner.py:82} INFO - Running: ['***', 'tasks', 'run', 'our_first_dag_v1', 'second_task', 'scheduled__2023-03-19T00:00:00+00:00', '--job-id', '64', '--raw', '--subdir', 'DAGS_FOLDER/our_first_dag.py', '--cfg-path', '/tmp/tmpa8l_po59']
[2023-03-20T02:24:57.303+0000] {standard_task_runner.py:83} INFO - Job 64: Subtask second_task
[2023-03-20T02:24:57.610+0000] {task_command.py:388} INFO - Running <TaskInstance: our_first_dag_v1.second_task scheduled__2023-03-19T00:00:00+00:00 [running]> on host 78bde780398d
[2023-03-20T02:24:58.300+0000] {taskinstance.py:1511} INFO - Exporting the following env vars:
AIRFLOW_CTX_DAG_OWNER=ThinhHuynh
AIRFLOW_CTX_DAG_ID=our_first_dag_v1
AIRFLOW_CTX_TASK_ID=second_task
AIRFLOW_CTX_EXECUTION_DATE=2023-03-19T00:00:00+00:00
AIRFLOW_CTX_TRY_NUMBER=1
AIRFLOW_CTX_DAG_RUN_ID=scheduled__2023-03-19T00:00:00+00:00
[2023-03-20T02:24:58.304+0000] {subprocess.py:63} INFO - Tmp dir root location: 
 /tmp
[2023-03-20T02:24:58.306+0000] {subprocess.py:75} INFO - Running command: ['/bin/bash', '-c', 'echo Hello world, this is task 2']
[2023-03-20T02:24:58.369+0000] {subprocess.py:86} INFO - Output:
[2023-03-20T02:24:58.373+0000] {subprocess.py:93} INFO - Hello world, this is task 2
[2023-03-20T02:24:58.375+0000] {subprocess.py:97} INFO - Command exited with return code 0
[2023-03-20T02:24:58.487+0000] {taskinstance.py:1326} INFO - Marking task as SUCCESS. dag_id=our_first_dag_v1, task_id=second_task, execution_date=20230319T000000, start_date=20230320T022457, end_date=20230320T022458
[2023-03-20T02:24:58.573+0000] {local_task_job.py:212} INFO - Task exited with return code 0
[2023-03-20T02:24:58.670+0000] {taskinstance.py:2585} INFO - 0 downstream tasks scheduled from follow-on schedule check
