[2023-03-27T03:00:32.185+0000] {taskinstance.py:1084} INFO - Dependencies all met for dep_context=non-requeueable deps ti=<TaskInstance: dag_with_google_sheet_v01.get_data_from_google_sheet manual__2023-03-27T02:09:32.849106+00:00 [queued]>
[2023-03-27T03:00:32.211+0000] {taskinstance.py:1084} INFO - Dependencies all met for dep_context=requeueable deps ti=<TaskInstance: dag_with_google_sheet_v01.get_data_from_google_sheet manual__2023-03-27T02:09:32.849106+00:00 [queued]>
[2023-03-27T03:00:32.212+0000] {taskinstance.py:1282} INFO - 
--------------------------------------------------------------------------------
[2023-03-27T03:00:32.213+0000] {taskinstance.py:1283} INFO - Starting attempt 5 of 3
[2023-03-27T03:00:32.214+0000] {taskinstance.py:1284} INFO - 
--------------------------------------------------------------------------------
[2023-03-27T03:00:32.244+0000] {taskinstance.py:1303} INFO - Executing <Task(PythonOperator): get_data_from_google_sheet> on 2023-03-27 02:09:32.849106+00:00
[2023-03-27T03:00:32.256+0000] {standard_task_runner.py:55} INFO - Started process 3403 to run task
[2023-03-27T03:00:32.262+0000] {standard_task_runner.py:82} INFO - Running: ['***', 'tasks', 'run', 'dag_with_google_sheet_v01', 'get_data_from_google_sheet', 'manual__2023-03-27T02:09:32.849106+00:00', '--job-id', '329', '--raw', '--subdir', 'DAGS_FOLDER/dag_rw_google_sheet.py', '--cfg-path', '/tmp/tmpzd7c1z6e']
[2023-03-27T03:00:32.270+0000] {standard_task_runner.py:83} INFO - Job 329: Subtask get_data_from_google_sheet
[2023-03-27T03:00:32.426+0000] {task_command.py:388} INFO - Running <TaskInstance: dag_with_google_sheet_v01.get_data_from_google_sheet manual__2023-03-27T02:09:32.849106+00:00 [running]> on host 7785c43b1641
[2023-03-27T03:00:32.622+0000] {taskinstance.py:1511} INFO - Exporting the following env vars:
AIRFLOW_CTX_DAG_OWNER=ThinhHuynh
AIRFLOW_CTX_DAG_ID=dag_with_google_sheet_v01
AIRFLOW_CTX_TASK_ID=get_data_from_google_sheet
AIRFLOW_CTX_EXECUTION_DATE=2023-03-27T02:09:32.849106+00:00
AIRFLOW_CTX_TRY_NUMBER=5
AIRFLOW_CTX_DAG_RUN_ID=manual__2023-03-27T02:09:32.849106+00:00
[2023-03-27T03:00:32.630+0000] {logging_mixin.py:137} INFO - Please visit this URL to authorize this application: https://accounts.google.com/o/oauth2/auth?response_type=code&client_id=608356142737-42th0ef7f2pqknf5dqad9j6is3j7aae0.apps.googleusercontent.com&redirect_uri=http%3A%2F%2Flocalhost%3A53825%2F&scope=https%3A%2F%2Fwww.googleapis.com%2Fauth%2Fspreadsheets&state=CrmiJBRHV6GzCwplccUddwiCYUZL95&access_type=offline
[2023-03-27T03:05:14.874+0000] {local_task_job.py:113} ERROR - Received SIGTERM. Terminating subprocesses
[2023-03-27T03:05:17.107+0000] {process_utils.py:133} INFO - Sending Signals.SIGTERM to group 3403. PIDs of all processes in the group: [3403]
[2023-03-27T03:05:17.211+0000] {process_utils.py:84} INFO - Sending the signal Signals.SIGTERM to group 3403
[2023-03-27T03:05:18.167+0000] {taskinstance.py:1482} ERROR - Received SIGTERM. Terminating subprocesses.
