[2023-03-27T01:46:03.001+0000] {taskinstance.py:1084} INFO - Dependencies all met for dep_context=non-requeueable deps ti=<TaskInstance: dag_with_python_dependencies_v02.get_matplotlib scheduled__2023-03-25T00:00:00+00:00 [queued]>
[2023-03-27T01:46:03.033+0000] {taskinstance.py:1084} INFO - Dependencies all met for dep_context=requeueable deps ti=<TaskInstance: dag_with_python_dependencies_v02.get_matplotlib scheduled__2023-03-25T00:00:00+00:00 [queued]>
[2023-03-27T01:46:03.034+0000] {taskinstance.py:1282} INFO - 
--------------------------------------------------------------------------------
[2023-03-27T01:46:03.035+0000] {taskinstance.py:1283} INFO - Starting attempt 1 of 1
[2023-03-27T01:46:03.036+0000] {taskinstance.py:1284} INFO - 
--------------------------------------------------------------------------------
[2023-03-27T01:46:03.079+0000] {taskinstance.py:1303} INFO - Executing <Task(PythonOperator): get_matplotlib> on 2023-03-25 00:00:00+00:00
[2023-03-27T01:46:03.088+0000] {standard_task_runner.py:55} INFO - Started process 274 to run task
[2023-03-27T01:46:03.094+0000] {standard_task_runner.py:82} INFO - Running: ['***', 'tasks', 'run', 'dag_with_python_dependencies_v02', 'get_matplotlib', 'scheduled__2023-03-25T00:00:00+00:00', '--job-id', '320', '--raw', '--subdir', 'DAGS_FOLDER/dag_with_python_dependencies.py', '--cfg-path', '/tmp/tmpu4jpa3s4']
[2023-03-27T01:46:03.098+0000] {standard_task_runner.py:83} INFO - Job 320: Subtask get_matplotlib
[2023-03-27T01:46:03.246+0000] {task_command.py:388} INFO - Running <TaskInstance: dag_with_python_dependencies_v02.get_matplotlib scheduled__2023-03-25T00:00:00+00:00 [running]> on host 7c9cdf1c064e
[2023-03-27T01:46:03.407+0000] {taskinstance.py:1511} INFO - Exporting the following env vars:
AIRFLOW_CTX_DAG_OWNER=ThinhHuynh
AIRFLOW_CTX_DAG_ID=dag_with_python_dependencies_v02
AIRFLOW_CTX_TASK_ID=get_matplotlib
AIRFLOW_CTX_EXECUTION_DATE=2023-03-25T00:00:00+00:00
AIRFLOW_CTX_TRY_NUMBER=1
AIRFLOW_CTX_DAG_RUN_ID=scheduled__2023-03-25T00:00:00+00:00
[2023-03-27T01:46:03.673+0000] {logging_mixin.py:137} INFO - matplotlib with version: 3.3.3
[2023-03-27T01:46:03.674+0000] {python.py:177} INFO - Done. Returned value was: None
[2023-03-27T01:46:03.701+0000] {taskinstance.py:1326} INFO - Marking task as SUCCESS. dag_id=dag_with_python_dependencies_v02, task_id=get_matplotlib, execution_date=20230325T000000, start_date=20230327T014603, end_date=20230327T014603
[2023-03-27T01:46:03.766+0000] {local_task_job.py:212} INFO - Task exited with return code 0
[2023-03-27T01:46:03.800+0000] {taskinstance.py:2585} INFO - 0 downstream tasks scheduled from follow-on schedule check
