[2023-03-24T10:23:00.525+0000] {taskinstance.py:1084} INFO - Dependencies all met for dep_context=non-requeueable deps ti=<TaskInstance: our_dag_with_python_operator_v05.get_name scheduled__2023-03-23T00:00:00+00:00 [queued]>
[2023-03-24T10:23:00.565+0000] {taskinstance.py:1084} INFO - Dependencies all met for dep_context=requeueable deps ti=<TaskInstance: our_dag_with_python_operator_v05.get_name scheduled__2023-03-23T00:00:00+00:00 [queued]>
[2023-03-24T10:23:00.566+0000] {taskinstance.py:1282} INFO - 
--------------------------------------------------------------------------------
[2023-03-24T10:23:00.591+0000] {taskinstance.py:1283} INFO - Starting attempt 1 of 6
[2023-03-24T10:23:00.591+0000] {taskinstance.py:1284} INFO - 
--------------------------------------------------------------------------------
[2023-03-24T10:23:00.688+0000] {taskinstance.py:1303} INFO - Executing <Task(PythonOperator): get_name> on 2023-03-23 00:00:00+00:00
[2023-03-24T10:23:00.695+0000] {standard_task_runner.py:55} INFO - Started process 194 to run task
[2023-03-24T10:23:00.711+0000] {standard_task_runner.py:82} INFO - Running: ['***', 'tasks', 'run', 'our_dag_with_python_operator_v05', 'get_name', 'scheduled__2023-03-23T00:00:00+00:00', '--job-id', '234', '--raw', '--subdir', 'DAGS_FOLDER/create_dags_with_python_operator.py', '--cfg-path', '/tmp/tmpsdp5tkua']
[2023-03-24T10:23:00.718+0000] {standard_task_runner.py:83} INFO - Job 234: Subtask get_name
[2023-03-24T10:23:01.562+0000] {task_command.py:388} INFO - Running <TaskInstance: our_dag_with_python_operator_v05.get_name scheduled__2023-03-23T00:00:00+00:00 [running]> on host 9783a48d7fca
[2023-03-24T10:23:02.249+0000] {taskinstance.py:1511} INFO - Exporting the following env vars:
AIRFLOW_CTX_DAG_OWNER=ThinhHuynh
AIRFLOW_CTX_DAG_ID=our_dag_with_python_operator_v05
AIRFLOW_CTX_TASK_ID=get_name
AIRFLOW_CTX_EXECUTION_DATE=2023-03-23T00:00:00+00:00
AIRFLOW_CTX_TRY_NUMBER=1
AIRFLOW_CTX_DAG_RUN_ID=scheduled__2023-03-23T00:00:00+00:00
[2023-03-24T10:23:02.509+0000] {python.py:177} INFO - Done. Returned value was: None
[2023-03-24T10:23:02.575+0000] {taskinstance.py:1326} INFO - Marking task as SUCCESS. dag_id=our_dag_with_python_operator_v05, task_id=get_name, execution_date=20230323T000000, start_date=20230324T102300, end_date=20230324T102302
[2023-03-24T10:23:02.708+0000] {local_task_job.py:212} INFO - Task exited with return code 0
[2023-03-24T10:23:03.029+0000] {taskinstance.py:2585} INFO - 0 downstream tasks scheduled from follow-on schedule check
