[2023-03-23T02:07:34.255+0000] {taskinstance.py:1084} INFO - Dependencies all met for dep_context=non-requeueable deps ti=<TaskInstance: our_dag_with_python_operator_v05.get_age scheduled__2023-03-22T00:00:00+00:00 [queued]>
[2023-03-23T02:07:34.312+0000] {taskinstance.py:1084} INFO - Dependencies all met for dep_context=requeueable deps ti=<TaskInstance: our_dag_with_python_operator_v05.get_age scheduled__2023-03-22T00:00:00+00:00 [queued]>
[2023-03-23T02:07:34.313+0000] {taskinstance.py:1282} INFO - 
--------------------------------------------------------------------------------
[2023-03-23T02:07:34.322+0000] {taskinstance.py:1283} INFO - Starting attempt 1 of 6
[2023-03-23T02:07:34.324+0000] {taskinstance.py:1284} INFO - 
--------------------------------------------------------------------------------
[2023-03-23T02:07:34.443+0000] {taskinstance.py:1303} INFO - Executing <Task(PythonOperator): get_age> on 2023-03-22 00:00:00+00:00
[2023-03-23T02:07:34.461+0000] {standard_task_runner.py:55} INFO - Started process 209 to run task
[2023-03-23T02:07:34.493+0000] {standard_task_runner.py:82} INFO - Running: ['***', 'tasks', 'run', 'our_dag_with_python_operator_v05', 'get_age', 'scheduled__2023-03-22T00:00:00+00:00', '--job-id', '216', '--raw', '--subdir', 'DAGS_FOLDER/create_dags_with_python_operator.py', '--cfg-path', '/tmp/tmp77ejnwbt']
[2023-03-23T02:07:34.507+0000] {standard_task_runner.py:83} INFO - Job 216: Subtask get_age
[2023-03-23T02:07:34.961+0000] {task_command.py:388} INFO - Running <TaskInstance: our_dag_with_python_operator_v05.get_age scheduled__2023-03-22T00:00:00+00:00 [running]> on host 9783a48d7fca
[2023-03-23T02:07:35.435+0000] {taskinstance.py:1511} INFO - Exporting the following env vars:
AIRFLOW_CTX_DAG_OWNER=ThinhHuynh
AIRFLOW_CTX_DAG_ID=our_dag_with_python_operator_v05
AIRFLOW_CTX_TASK_ID=get_age
AIRFLOW_CTX_EXECUTION_DATE=2023-03-22T00:00:00+00:00
AIRFLOW_CTX_TRY_NUMBER=1
AIRFLOW_CTX_DAG_RUN_ID=scheduled__2023-03-22T00:00:00+00:00
[2023-03-23T02:07:35.528+0000] {python.py:177} INFO - Done. Returned value was: None
[2023-03-23T02:07:35.557+0000] {taskinstance.py:1326} INFO - Marking task as SUCCESS. dag_id=our_dag_with_python_operator_v05, task_id=get_age, execution_date=20230322T000000, start_date=20230323T020734, end_date=20230323T020735
[2023-03-23T02:07:35.660+0000] {local_task_job.py:212} INFO - Task exited with return code 0
[2023-03-23T02:07:35.747+0000] {taskinstance.py:2585} INFO - 1 downstream tasks scheduled from follow-on schedule check
