[2023-03-20T02:24:57.084+0000] {taskinstance.py:1084} INFO - Dependencies all met for dep_context=non-requeueable deps ti=<TaskInstance: our_first_dag_v1.third_task scheduled__2023-03-19T00:00:00+00:00 [queued]>
[2023-03-20T02:24:57.124+0000] {taskinstance.py:1084} INFO - Dependencies all met for dep_context=requeueable deps ti=<TaskInstance: our_first_dag_v1.third_task scheduled__2023-03-19T00:00:00+00:00 [queued]>
[2023-03-20T02:24:57.125+0000] {taskinstance.py:1282} INFO - 
--------------------------------------------------------------------------------
[2023-03-20T02:24:57.133+0000] {taskinstance.py:1283} INFO - Starting attempt 1 of 6
[2023-03-20T02:24:57.135+0000] {taskinstance.py:1284} INFO - 
--------------------------------------------------------------------------------
[2023-03-20T02:24:57.224+0000] {taskinstance.py:1303} INFO - Executing <Task(BashOperator): third_task> on 2023-03-19 00:00:00+00:00
[2023-03-20T02:24:57.256+0000] {standard_task_runner.py:55} INFO - Started process 228 to run task
[2023-03-20T02:24:57.264+0000] {standard_task_runner.py:82} INFO - Running: ['***', 'tasks', 'run', 'our_first_dag_v1', 'third_task', 'scheduled__2023-03-19T00:00:00+00:00', '--job-id', '66', '--raw', '--subdir', 'DAGS_FOLDER/our_first_dag.py', '--cfg-path', '/tmp/tmp10_jqboy']
[2023-03-20T02:24:57.270+0000] {standard_task_runner.py:83} INFO - Job 66: Subtask third_task
[2023-03-20T02:24:57.719+0000] {task_command.py:388} INFO - Running <TaskInstance: our_first_dag_v1.third_task scheduled__2023-03-19T00:00:00+00:00 [running]> on host 78bde780398d
[2023-03-20T02:24:58.229+0000] {taskinstance.py:1511} INFO - Exporting the following env vars:
AIRFLOW_CTX_DAG_OWNER=ThinhHuynh
AIRFLOW_CTX_DAG_ID=our_first_dag_v1
AIRFLOW_CTX_TASK_ID=third_task
AIRFLOW_CTX_EXECUTION_DATE=2023-03-19T00:00:00+00:00
AIRFLOW_CTX_TRY_NUMBER=1
AIRFLOW_CTX_DAG_RUN_ID=scheduled__2023-03-19T00:00:00+00:00
[2023-03-20T02:24:58.234+0000] {subprocess.py:63} INFO - Tmp dir root location: 
 /tmp
[2023-03-20T02:24:58.239+0000] {subprocess.py:75} INFO - Running command: ['/bin/bash', '-c', 'echo Hello world, this is task 3']
[2023-03-20T02:24:58.272+0000] {subprocess.py:86} INFO - Output:
[2023-03-20T02:24:58.291+0000] {subprocess.py:93} INFO - Hello world, this is task 3
[2023-03-20T02:24:58.309+0000] {subprocess.py:97} INFO - Command exited with return code 0
[2023-03-20T02:24:58.450+0000] {taskinstance.py:1326} INFO - Marking task as SUCCESS. dag_id=our_first_dag_v1, task_id=third_task, execution_date=20230319T000000, start_date=20230320T022457, end_date=20230320T022458
[2023-03-20T02:24:58.551+0000] {local_task_job.py:212} INFO - Task exited with return code 0
[2023-03-20T02:24:58.612+0000] {taskinstance.py:2585} INFO - 0 downstream tasks scheduled from follow-on schedule check
