[2023-03-20T02:24:51.675+0000] {taskinstance.py:1084} INFO - Dependencies all met for dep_context=non-requeueable deps ti=<TaskInstance: our_dag_with_python_operator_v05.get_name scheduled__2023-03-18T00:00:00+00:00 [queued]>
[2023-03-20T02:24:51.746+0000] {taskinstance.py:1084} INFO - Dependencies all met for dep_context=requeueable deps ti=<TaskInstance: our_dag_with_python_operator_v05.get_name scheduled__2023-03-18T00:00:00+00:00 [queued]>
[2023-03-20T02:24:51.747+0000] {taskinstance.py:1282} INFO - 
--------------------------------------------------------------------------------
[2023-03-20T02:24:51.821+0000] {taskinstance.py:1283} INFO - Starting attempt 1 of 6
[2023-03-20T02:24:51.830+0000] {taskinstance.py:1284} INFO - 
--------------------------------------------------------------------------------
[2023-03-20T02:24:51.969+0000] {taskinstance.py:1303} INFO - Executing <Task(PythonOperator): get_name> on 2023-03-18 00:00:00+00:00
[2023-03-20T02:24:52.044+0000] {standard_task_runner.py:82} INFO - Running: ['***', 'tasks', 'run', 'our_dag_with_python_operator_v05', 'get_name', 'scheduled__2023-03-18T00:00:00+00:00', '--job-id', '54', '--raw', '--subdir', 'DAGS_FOLDER/create_dags_with_python_operator.py', '--cfg-path', '/tmp/tmpf7zby0in']
[2023-03-20T02:24:52.049+0000] {standard_task_runner.py:83} INFO - Job 54: Subtask get_name
[2023-03-20T02:24:52.009+0000] {standard_task_runner.py:55} INFO - Started process 207 to run task
[2023-03-20T02:24:52.620+0000] {task_command.py:388} INFO - Running <TaskInstance: our_dag_with_python_operator_v05.get_name scheduled__2023-03-18T00:00:00+00:00 [running]> on host 78bde780398d
[2023-03-20T02:24:53.545+0000] {taskinstance.py:1511} INFO - Exporting the following env vars:
AIRFLOW_CTX_DAG_OWNER=ThinhHuynh
AIRFLOW_CTX_DAG_ID=our_dag_with_python_operator_v05
AIRFLOW_CTX_TASK_ID=get_name
AIRFLOW_CTX_EXECUTION_DATE=2023-03-18T00:00:00+00:00
AIRFLOW_CTX_TRY_NUMBER=1
AIRFLOW_CTX_DAG_RUN_ID=scheduled__2023-03-18T00:00:00+00:00
[2023-03-20T02:24:53.782+0000] {python.py:177} INFO - Done. Returned value was: None
[2023-03-20T02:24:53.838+0000] {taskinstance.py:1326} INFO - Marking task as SUCCESS. dag_id=our_dag_with_python_operator_v05, task_id=get_name, execution_date=20230318T000000, start_date=20230320T022451, end_date=20230320T022453
[2023-03-20T02:24:53.989+0000] {local_task_job.py:212} INFO - Task exited with return code 0
[2023-03-20T02:24:54.122+0000] {taskinstance.py:2585} INFO - 1 downstream tasks scheduled from follow-on schedule check
