[2023-03-24T10:23:00.671+0000] {taskinstance.py:1084} INFO - Dependencies all met for dep_context=non-requeueable deps ti=<TaskInstance: dag_with_taskflow_api_v02.get_age scheduled__2023-03-23T00:00:00+00:00 [queued]>
[2023-03-24T10:23:00.705+0000] {taskinstance.py:1084} INFO - Dependencies all met for dep_context=requeueable deps ti=<TaskInstance: dag_with_taskflow_api_v02.get_age scheduled__2023-03-23T00:00:00+00:00 [queued]>
[2023-03-24T10:23:00.707+0000] {taskinstance.py:1282} INFO - 
--------------------------------------------------------------------------------
[2023-03-24T10:23:00.714+0000] {taskinstance.py:1283} INFO - Starting attempt 1 of 6
[2023-03-24T10:23:00.715+0000] {taskinstance.py:1284} INFO - 
--------------------------------------------------------------------------------
[2023-03-24T10:23:00.810+0000] {taskinstance.py:1303} INFO - Executing <Task(_PythonDecoratedOperator): get_age> on 2023-03-23 00:00:00+00:00
[2023-03-24T10:23:00.826+0000] {standard_task_runner.py:55} INFO - Started process 196 to run task
[2023-03-24T10:23:00.855+0000] {standard_task_runner.py:82} INFO - Running: ['***', 'tasks', 'run', 'dag_with_taskflow_api_v02', 'get_age', 'scheduled__2023-03-23T00:00:00+00:00', '--job-id', '236', '--raw', '--subdir', 'DAGS_FOLDER/dag_with_taskfow_api.py', '--cfg-path', '/tmp/tmpdo_cdb6o']
[2023-03-24T10:23:00.888+0000] {standard_task_runner.py:83} INFO - Job 236: Subtask get_age
[2023-03-24T10:23:01.681+0000] {task_command.py:388} INFO - Running <TaskInstance: dag_with_taskflow_api_v02.get_age scheduled__2023-03-23T00:00:00+00:00 [running]> on host 9783a48d7fca
[2023-03-24T10:23:02.269+0000] {taskinstance.py:1511} INFO - Exporting the following env vars:
AIRFLOW_CTX_DAG_OWNER=ThinhHuynh
AIRFLOW_CTX_DAG_ID=dag_with_taskflow_api_v02
AIRFLOW_CTX_TASK_ID=get_age
AIRFLOW_CTX_EXECUTION_DATE=2023-03-23T00:00:00+00:00
AIRFLOW_CTX_TRY_NUMBER=1
AIRFLOW_CTX_DAG_RUN_ID=scheduled__2023-03-23T00:00:00+00:00
[2023-03-24T10:23:02.271+0000] {python.py:177} INFO - Done. Returned value was: 30
[2023-03-24T10:23:02.492+0000] {taskinstance.py:1326} INFO - Marking task as SUCCESS. dag_id=dag_with_taskflow_api_v02, task_id=get_age, execution_date=20230323T000000, start_date=20230324T102300, end_date=20230324T102302
[2023-03-24T10:23:02.654+0000] {local_task_job.py:212} INFO - Task exited with return code 0
[2023-03-24T10:23:02.878+0000] {taskinstance.py:2585} INFO - 0 downstream tasks scheduled from follow-on schedule check
