[2023-03-17T06:37:17.313+0000] {taskinstance.py:1084} INFO - Dependencies all met for dep_context=non-requeueable deps ti=<TaskInstance: our_first_dag.first_task manual__2023-03-17T06:37:16.554323+00:00 [queued]>
[2023-03-17T06:37:17.327+0000] {taskinstance.py:1084} INFO - Dependencies all met for dep_context=requeueable deps ti=<TaskInstance: our_first_dag.first_task manual__2023-03-17T06:37:16.554323+00:00 [queued]>
[2023-03-17T06:37:17.328+0000] {taskinstance.py:1282} INFO - 
--------------------------------------------------------------------------------
[2023-03-17T06:37:17.328+0000] {taskinstance.py:1283} INFO - Starting attempt 1 of 6
[2023-03-17T06:37:17.329+0000] {taskinstance.py:1284} INFO - 
--------------------------------------------------------------------------------
[2023-03-17T06:37:17.350+0000] {taskinstance.py:1303} INFO - Executing <Task(BashOperator): first_task> on 2023-03-17 06:37:16.554323+00:00
[2023-03-17T06:37:17.354+0000] {standard_task_runner.py:55} INFO - Started process 535 to run task
[2023-03-17T06:37:17.358+0000] {standard_task_runner.py:82} INFO - Running: ['***', 'tasks', 'run', 'our_first_dag', 'first_task', 'manual__2023-03-17T06:37:16.554323+00:00', '--job-id', '2', '--raw', '--subdir', 'DAGS_FOLDER/our_first_dag.py', '--cfg-path', '/tmp/tmptoygwl4s']
[2023-03-17T06:37:17.361+0000] {standard_task_runner.py:83} INFO - Job 2: Subtask first_task
[2023-03-17T06:37:17.435+0000] {task_command.py:388} INFO - Running <TaskInstance: our_first_dag.first_task manual__2023-03-17T06:37:16.554323+00:00 [running]> on host 213a9e135266
[2023-03-17T06:37:17.529+0000] {taskinstance.py:1511} INFO - Exporting the following env vars:
AIRFLOW_CTX_DAG_OWNER=ThinhHuynh
AIRFLOW_CTX_DAG_ID=our_first_dag
AIRFLOW_CTX_TASK_ID=first_task
AIRFLOW_CTX_EXECUTION_DATE=2023-03-17T06:37:16.554323+00:00
AIRFLOW_CTX_TRY_NUMBER=1
AIRFLOW_CTX_DAG_RUN_ID=manual__2023-03-17T06:37:16.554323+00:00
[2023-03-17T06:37:17.531+0000] {subprocess.py:63} INFO - Tmp dir root location: 
 /tmp
[2023-03-17T06:37:17.532+0000] {subprocess.py:75} INFO - Running command: ['/bin/bash', '-c', 'echo Hello world']
[2023-03-17T06:37:17.540+0000] {subprocess.py:86} INFO - Output:
[2023-03-17T06:37:17.541+0000] {subprocess.py:93} INFO - Hello world
[2023-03-17T06:37:17.542+0000] {subprocess.py:97} INFO - Command exited with return code 0
[2023-03-17T06:37:17.571+0000] {taskinstance.py:1326} INFO - Marking task as SUCCESS. dag_id=our_first_dag, task_id=first_task, execution_date=20230317T063716, start_date=20230317T063717, end_date=20230317T063717
[2023-03-17T06:37:17.610+0000] {local_task_job.py:212} INFO - Task exited with return code 0
[2023-03-17T06:37:17.641+0000] {taskinstance.py:2585} INFO - 0 downstream tasks scheduled from follow-on schedule check
