[2023-03-27T01:45:56.128+0000] {taskinstance.py:1084} INFO - Dependencies all met for dep_context=non-requeueable deps ti=<TaskInstance: our_dag_with_python_operator_v05.greet scheduled__2023-03-25T00:00:00+00:00 [queued]>
[2023-03-27T01:45:56.485+0000] {taskinstance.py:1084} INFO - Dependencies all met for dep_context=requeueable deps ti=<TaskInstance: our_dag_with_python_operator_v05.greet scheduled__2023-03-25T00:00:00+00:00 [queued]>
[2023-03-27T01:45:56.487+0000] {taskinstance.py:1282} INFO - 
--------------------------------------------------------------------------------
[2023-03-27T01:45:56.502+0000] {taskinstance.py:1283} INFO - Starting attempt 1 of 6
[2023-03-27T01:45:56.508+0000] {taskinstance.py:1284} INFO - 
--------------------------------------------------------------------------------
[2023-03-27T01:45:57.535+0000] {taskinstance.py:1303} INFO - Executing <Task(PythonOperator): greet> on 2023-03-25 00:00:00+00:00
[2023-03-27T01:45:57.544+0000] {standard_task_runner.py:55} INFO - Started process 246 to run task
[2023-03-27T01:45:57.618+0000] {standard_task_runner.py:82} INFO - Running: ['***', 'tasks', 'run', 'our_dag_with_python_operator_v05', 'greet', 'scheduled__2023-03-25T00:00:00+00:00', '--job-id', '313', '--raw', '--subdir', 'DAGS_FOLDER/create_dags_with_python_operator.py', '--cfg-path', '/tmp/tmpd6gfyg4j']
[2023-03-27T01:45:57.654+0000] {standard_task_runner.py:83} INFO - Job 313: Subtask greet
[2023-03-27T01:45:59.154+0000] {task_command.py:388} INFO - Running <TaskInstance: our_dag_with_python_operator_v05.greet scheduled__2023-03-25T00:00:00+00:00 [running]> on host 7c9cdf1c064e
[2023-03-27T01:46:00.267+0000] {taskinstance.py:1511} INFO - Exporting the following env vars:
AIRFLOW_CTX_DAG_OWNER=ThinhHuynh
AIRFLOW_CTX_DAG_ID=our_dag_with_python_operator_v05
AIRFLOW_CTX_TASK_ID=greet
AIRFLOW_CTX_EXECUTION_DATE=2023-03-25T00:00:00+00:00
AIRFLOW_CTX_TRY_NUMBER=1
AIRFLOW_CTX_DAG_RUN_ID=scheduled__2023-03-25T00:00:00+00:00
[2023-03-27T01:46:00.405+0000] {logging_mixin.py:137} INFO - Hello world! My name is Thinh Huynh, and I am 22 years old!
[2023-03-27T01:46:00.414+0000] {python.py:177} INFO - Done. Returned value was: None
[2023-03-27T01:46:00.454+0000] {taskinstance.py:1326} INFO - Marking task as SUCCESS. dag_id=our_dag_with_python_operator_v05, task_id=greet, execution_date=20230325T000000, start_date=20230327T014556, end_date=20230327T014600
[2023-03-27T01:46:00.605+0000] {local_task_job.py:212} INFO - Task exited with return code 0
[2023-03-27T01:46:00.731+0000] {taskinstance.py:2585} INFO - 0 downstream tasks scheduled from follow-on schedule check
