[2023-03-25T03:42:36.283+0000] {taskinstance.py:1084} INFO - Dependencies all met for dep_context=non-requeueable deps ti=<TaskInstance: our_dag_with_python_operator_v05.greet scheduled__2023-03-24T00:00:00+00:00 [queued]>
[2023-03-25T03:42:36.323+0000] {taskinstance.py:1084} INFO - Dependencies all met for dep_context=requeueable deps ti=<TaskInstance: our_dag_with_python_operator_v05.greet scheduled__2023-03-24T00:00:00+00:00 [queued]>
[2023-03-25T03:42:36.325+0000] {taskinstance.py:1282} INFO - 
--------------------------------------------------------------------------------
[2023-03-25T03:42:36.330+0000] {taskinstance.py:1283} INFO - Starting attempt 1 of 6
[2023-03-25T03:42:36.331+0000] {taskinstance.py:1284} INFO - 
--------------------------------------------------------------------------------
[2023-03-25T03:42:36.413+0000] {taskinstance.py:1303} INFO - Executing <Task(PythonOperator): greet> on 2023-03-24 00:00:00+00:00
[2023-03-25T03:42:36.420+0000] {standard_task_runner.py:55} INFO - Started process 213 to run task
[2023-03-25T03:42:36.436+0000] {standard_task_runner.py:82} INFO - Running: ['***', 'tasks', 'run', 'our_dag_with_python_operator_v05', 'greet', 'scheduled__2023-03-24T00:00:00+00:00', '--job-id', '254', '--raw', '--subdir', 'DAGS_FOLDER/create_dags_with_python_operator.py', '--cfg-path', '/tmp/tmpn6fivlu2']
[2023-03-25T03:42:36.440+0000] {standard_task_runner.py:83} INFO - Job 254: Subtask greet
[2023-03-25T03:42:36.711+0000] {task_command.py:388} INFO - Running <TaskInstance: our_dag_with_python_operator_v05.greet scheduled__2023-03-24T00:00:00+00:00 [running]> on host 9783a48d7fca
[2023-03-25T03:42:37.104+0000] {taskinstance.py:1511} INFO - Exporting the following env vars:
AIRFLOW_CTX_DAG_OWNER=ThinhHuynh
AIRFLOW_CTX_DAG_ID=our_dag_with_python_operator_v05
AIRFLOW_CTX_TASK_ID=greet
AIRFLOW_CTX_EXECUTION_DATE=2023-03-24T00:00:00+00:00
AIRFLOW_CTX_TRY_NUMBER=1
AIRFLOW_CTX_DAG_RUN_ID=scheduled__2023-03-24T00:00:00+00:00
[2023-03-25T03:42:37.229+0000] {logging_mixin.py:137} INFO - Hello world! My name is Thinh Huynh, and I am 22 years old!
[2023-03-25T03:42:37.233+0000] {python.py:177} INFO - Done. Returned value was: None
[2023-03-25T03:42:37.321+0000] {taskinstance.py:1326} INFO - Marking task as SUCCESS. dag_id=our_dag_with_python_operator_v05, task_id=greet, execution_date=20230324T000000, start_date=20230325T034236, end_date=20230325T034237
[2023-03-25T03:42:37.450+0000] {local_task_job.py:212} INFO - Task exited with return code 0
[2023-03-25T03:42:37.753+0000] {taskinstance.py:2585} INFO - 0 downstream tasks scheduled from follow-on schedule check
