[2023-03-23T02:07:36.578+0000] {taskinstance.py:1084} INFO - Dependencies all met for dep_context=non-requeueable deps ti=<TaskInstance: our_first_dag_v1.second_task scheduled__2023-03-22T00:00:00+00:00 [queued]>
[2023-03-23T02:07:36.604+0000] {taskinstance.py:1084} INFO - Dependencies all met for dep_context=requeueable deps ti=<TaskInstance: our_first_dag_v1.second_task scheduled__2023-03-22T00:00:00+00:00 [queued]>
[2023-03-23T02:07:36.605+0000] {taskinstance.py:1282} INFO - 
--------------------------------------------------------------------------------
[2023-03-23T02:07:36.606+0000] {taskinstance.py:1283} INFO - Starting attempt 1 of 6
[2023-03-23T02:07:36.606+0000] {taskinstance.py:1284} INFO - 
--------------------------------------------------------------------------------
[2023-03-23T02:07:36.655+0000] {taskinstance.py:1303} INFO - Executing <Task(BashOperator): second_task> on 2023-03-22 00:00:00+00:00
[2023-03-23T02:07:36.665+0000] {standard_task_runner.py:55} INFO - Started process 220 to run task
[2023-03-23T02:07:36.671+0000] {standard_task_runner.py:82} INFO - Running: ['***', 'tasks', 'run', 'our_first_dag_v1', 'second_task', 'scheduled__2023-03-22T00:00:00+00:00', '--job-id', '221', '--raw', '--subdir', 'DAGS_FOLDER/our_first_dag.py', '--cfg-path', '/tmp/tmp4muf7qt_']
[2023-03-23T02:07:36.676+0000] {standard_task_runner.py:83} INFO - Job 221: Subtask second_task
[2023-03-23T02:07:36.823+0000] {task_command.py:388} INFO - Running <TaskInstance: our_first_dag_v1.second_task scheduled__2023-03-22T00:00:00+00:00 [running]> on host 9783a48d7fca
[2023-03-23T02:07:37.011+0000] {taskinstance.py:1511} INFO - Exporting the following env vars:
AIRFLOW_CTX_DAG_OWNER=ThinhHuynh
AIRFLOW_CTX_DAG_ID=our_first_dag_v1
AIRFLOW_CTX_TASK_ID=second_task
AIRFLOW_CTX_EXECUTION_DATE=2023-03-22T00:00:00+00:00
AIRFLOW_CTX_TRY_NUMBER=1
AIRFLOW_CTX_DAG_RUN_ID=scheduled__2023-03-22T00:00:00+00:00
[2023-03-23T02:07:37.013+0000] {subprocess.py:63} INFO - Tmp dir root location: 
 /tmp
[2023-03-23T02:07:37.017+0000] {subprocess.py:75} INFO - Running command: ['/bin/bash', '-c', 'echo Hello world, this is task 2']
[2023-03-23T02:07:37.042+0000] {subprocess.py:86} INFO - Output:
[2023-03-23T02:07:37.049+0000] {subprocess.py:93} INFO - Hello world, this is task 2
[2023-03-23T02:07:37.051+0000] {subprocess.py:97} INFO - Command exited with return code 0
[2023-03-23T02:07:37.152+0000] {taskinstance.py:1326} INFO - Marking task as SUCCESS. dag_id=our_first_dag_v1, task_id=second_task, execution_date=20230322T000000, start_date=20230323T020736, end_date=20230323T020737
[2023-03-23T02:07:37.292+0000] {local_task_job.py:212} INFO - Task exited with return code 0
[2023-03-23T02:07:37.435+0000] {taskinstance.py:2585} INFO - 0 downstream tasks scheduled from follow-on schedule check
