[2023-03-20T18:19:21.131+0000] {processor.py:153} INFO - Started process (PID=171) to work on /opt/airflow/dags/minio_s3.py
[2023-03-20T18:19:21.133+0000] {processor.py:743} INFO - Processing file /opt/airflow/dags/minio_s3.py for tasks to queue
[2023-03-20T18:19:21.135+0000] {logging_mixin.py:137} INFO - [2023-03-20T18:19:21.134+0000] {dagbag.py:532} INFO - Filling up the DagBag from /opt/airflow/dags/minio_s3.py
[2023-03-20T18:19:21.183+0000] {processor.py:753} INFO - DAG(s) dict_keys(['dag_with_minio_s3_v02']) retrieved from /opt/airflow/dags/minio_s3.py
[2023-03-20T18:19:21.485+0000] {logging_mixin.py:137} INFO - [2023-03-20T18:19:21.485+0000] {manager.py:504} INFO - Created Permission View: can edit on DAG:dag_with_minio_s3_v02
[2023-03-20T18:19:21.520+0000] {logging_mixin.py:137} INFO - [2023-03-20T18:19:21.519+0000] {manager.py:504} INFO - Created Permission View: can delete on DAG:dag_with_minio_s3_v02
[2023-03-20T18:19:21.546+0000] {logging_mixin.py:137} INFO - [2023-03-20T18:19:21.546+0000] {manager.py:504} INFO - Created Permission View: can read on DAG:dag_with_minio_s3_v02
[2023-03-20T18:19:21.547+0000] {logging_mixin.py:137} INFO - [2023-03-20T18:19:21.547+0000] {dag.py:2693} INFO - Sync 1 DAGs
[2023-03-20T18:19:21.590+0000] {logging_mixin.py:137} INFO - [2023-03-20T18:19:21.590+0000] {dag.py:2714} INFO - Creating ORM DAG for dag_with_minio_s3_v02
[2023-03-20T18:19:21.616+0000] {logging_mixin.py:137} INFO - [2023-03-20T18:19:21.616+0000] {dag.py:3444} INFO - Setting next_dagrun for dag_with_minio_s3_v02 to 2023-03-21T00:00:00+00:00, run_after=2023-03-22T00:00:00+00:00
[2023-03-20T18:19:21.652+0000] {processor.py:175} INFO - Processing /opt/airflow/dags/minio_s3.py took 0.527 seconds
[2023-03-20T18:19:51.925+0000] {processor.py:153} INFO - Started process (PID=208) to work on /opt/airflow/dags/minio_s3.py
[2023-03-20T18:19:51.927+0000] {processor.py:743} INFO - Processing file /opt/airflow/dags/minio_s3.py for tasks to queue
[2023-03-20T18:19:51.928+0000] {logging_mixin.py:137} INFO - [2023-03-20T18:19:51.927+0000] {dagbag.py:532} INFO - Filling up the DagBag from /opt/airflow/dags/minio_s3.py
[2023-03-20T18:19:51.952+0000] {processor.py:753} INFO - DAG(s) dict_keys(['dag_with_minio_s3_v02']) retrieved from /opt/airflow/dags/minio_s3.py
[2023-03-20T18:19:51.978+0000] {logging_mixin.py:137} INFO - [2023-03-20T18:19:51.978+0000] {dag.py:2693} INFO - Sync 1 DAGs
[2023-03-20T18:19:52.011+0000] {logging_mixin.py:137} INFO - [2023-03-20T18:19:52.010+0000] {dag.py:3444} INFO - Setting next_dagrun for dag_with_minio_s3_v02 to 2023-03-21T00:00:00+00:00, run_after=2023-03-22T00:00:00+00:00
[2023-03-20T18:19:52.042+0000] {processor.py:175} INFO - Processing /opt/airflow/dags/minio_s3.py took 0.120 seconds
[2023-03-20T18:20:22.277+0000] {processor.py:153} INFO - Started process (PID=245) to work on /opt/airflow/dags/minio_s3.py
[2023-03-20T18:20:22.278+0000] {processor.py:743} INFO - Processing file /opt/airflow/dags/minio_s3.py for tasks to queue
[2023-03-20T18:20:22.279+0000] {logging_mixin.py:137} INFO - [2023-03-20T18:20:22.279+0000] {dagbag.py:532} INFO - Filling up the DagBag from /opt/airflow/dags/minio_s3.py
[2023-03-20T18:20:22.308+0000] {processor.py:753} INFO - DAG(s) dict_keys(['dag_with_minio_s3_v02']) retrieved from /opt/airflow/dags/minio_s3.py
[2023-03-20T18:20:22.334+0000] {logging_mixin.py:137} INFO - [2023-03-20T18:20:22.334+0000] {dag.py:2693} INFO - Sync 1 DAGs
[2023-03-20T18:20:22.366+0000] {logging_mixin.py:137} INFO - [2023-03-20T18:20:22.366+0000] {dag.py:3444} INFO - Setting next_dagrun for dag_with_minio_s3_v02 to 2023-03-21T00:00:00+00:00, run_after=2023-03-22T00:00:00+00:00
[2023-03-20T18:20:22.395+0000] {processor.py:175} INFO - Processing /opt/airflow/dags/minio_s3.py took 0.121 seconds
[2023-03-20T18:20:25.788+0000] {processor.py:153} INFO - Started process (PID=275) to work on /opt/airflow/dags/minio_s3.py
[2023-03-20T18:20:25.789+0000] {processor.py:743} INFO - Processing file /opt/airflow/dags/minio_s3.py for tasks to queue
[2023-03-20T18:20:25.790+0000] {logging_mixin.py:137} INFO - [2023-03-20T18:20:25.790+0000] {dagbag.py:532} INFO - Filling up the DagBag from /opt/airflow/dags/minio_s3.py
[2023-03-20T18:20:25.816+0000] {logging_mixin.py:137} INFO - [2023-03-20T18:20:25.812+0000] {dagbag.py:341} ERROR - Failed to import: /opt/airflow/dags/minio_s3.py
Traceback (most recent call last):
  File "/home/airflow/.local/lib/python3.7/site-packages/airflow/models/dagbag.py", line 337, in parse
    loader.exec_module(new_module)
  File "<frozen importlib._bootstrap_external>", line 728, in exec_module
  File "<frozen importlib._bootstrap>", line 219, in _call_with_frames_removed
  File "/opt/airflow/dags/minio_s3.py", line 4, in <module>
    from airflow.providers.amazon.aws.sensors.s3_key import S3KeySensor
ModuleNotFoundError: No module named 'airflow.providers.amazon.aws.sensors.s3_key'
[2023-03-20T18:20:25.818+0000] {processor.py:755} WARNING - No viable dags retrieved from /opt/airflow/dags/minio_s3.py
[2023-03-20T18:20:25.842+0000] {processor.py:175} INFO - Processing /opt/airflow/dags/minio_s3.py took 0.057 seconds
[2023-03-20T18:20:56.786+0000] {processor.py:153} INFO - Started process (PID=312) to work on /opt/airflow/dags/minio_s3.py
[2023-03-20T18:20:56.788+0000] {processor.py:743} INFO - Processing file /opt/airflow/dags/minio_s3.py for tasks to queue
[2023-03-20T18:20:56.790+0000] {logging_mixin.py:137} INFO - [2023-03-20T18:20:56.790+0000] {dagbag.py:532} INFO - Filling up the DagBag from /opt/airflow/dags/minio_s3.py
[2023-03-20T18:20:56.810+0000] {logging_mixin.py:137} INFO - [2023-03-20T18:20:56.805+0000] {dagbag.py:341} ERROR - Failed to import: /opt/airflow/dags/minio_s3.py
Traceback (most recent call last):
  File "/home/airflow/.local/lib/python3.7/site-packages/airflow/models/dagbag.py", line 337, in parse
    loader.exec_module(new_module)
  File "<frozen importlib._bootstrap_external>", line 728, in exec_module
  File "<frozen importlib._bootstrap>", line 219, in _call_with_frames_removed
  File "/opt/airflow/dags/minio_s3.py", line 4, in <module>
    from airflow.providers.amazon.aws.sensors.s3_key import S3KeySensor
ModuleNotFoundError: No module named 'airflow.providers.amazon.aws.sensors.s3_key'
[2023-03-20T18:20:56.812+0000] {processor.py:755} WARNING - No viable dags retrieved from /opt/airflow/dags/minio_s3.py
[2023-03-20T18:20:56.845+0000] {processor.py:175} INFO - Processing /opt/airflow/dags/minio_s3.py took 0.064 seconds
[2023-03-20T18:21:27.642+0000] {processor.py:153} INFO - Started process (PID=349) to work on /opt/airflow/dags/minio_s3.py
[2023-03-20T18:21:27.643+0000] {processor.py:743} INFO - Processing file /opt/airflow/dags/minio_s3.py for tasks to queue
[2023-03-20T18:21:27.645+0000] {logging_mixin.py:137} INFO - [2023-03-20T18:21:27.645+0000] {dagbag.py:532} INFO - Filling up the DagBag from /opt/airflow/dags/minio_s3.py
[2023-03-20T18:21:27.666+0000] {logging_mixin.py:137} INFO - [2023-03-20T18:21:27.662+0000] {dagbag.py:341} ERROR - Failed to import: /opt/airflow/dags/minio_s3.py
Traceback (most recent call last):
  File "/home/airflow/.local/lib/python3.7/site-packages/airflow/models/dagbag.py", line 337, in parse
    loader.exec_module(new_module)
  File "<frozen importlib._bootstrap_external>", line 728, in exec_module
  File "<frozen importlib._bootstrap>", line 219, in _call_with_frames_removed
  File "/opt/airflow/dags/minio_s3.py", line 4, in <module>
    from airflow.providers.amazon.aws.sensors.s3_key import S3KeySensor
ModuleNotFoundError: No module named 'airflow.providers.amazon.aws.sensors.s3_key'
[2023-03-20T18:21:27.668+0000] {processor.py:755} WARNING - No viable dags retrieved from /opt/airflow/dags/minio_s3.py
[2023-03-20T18:21:27.694+0000] {processor.py:175} INFO - Processing /opt/airflow/dags/minio_s3.py took 0.055 seconds
[2023-03-20T18:21:58.676+0000] {processor.py:153} INFO - Started process (PID=386) to work on /opt/airflow/dags/minio_s3.py
[2023-03-20T18:21:58.677+0000] {processor.py:743} INFO - Processing file /opt/airflow/dags/minio_s3.py for tasks to queue
[2023-03-20T18:21:58.678+0000] {logging_mixin.py:137} INFO - [2023-03-20T18:21:58.678+0000] {dagbag.py:532} INFO - Filling up the DagBag from /opt/airflow/dags/minio_s3.py
[2023-03-20T18:21:58.693+0000] {logging_mixin.py:137} INFO - [2023-03-20T18:21:58.689+0000] {dagbag.py:341} ERROR - Failed to import: /opt/airflow/dags/minio_s3.py
Traceback (most recent call last):
  File "/home/airflow/.local/lib/python3.7/site-packages/airflow/models/dagbag.py", line 337, in parse
    loader.exec_module(new_module)
  File "<frozen importlib._bootstrap_external>", line 728, in exec_module
  File "<frozen importlib._bootstrap>", line 219, in _call_with_frames_removed
  File "/opt/airflow/dags/minio_s3.py", line 4, in <module>
    from airflow.providers.amazon.aws.sensors.s3_key import S3KeySensor
ModuleNotFoundError: No module named 'airflow.providers.amazon.aws.sensors.s3_key'
[2023-03-20T18:21:58.695+0000] {processor.py:755} WARNING - No viable dags retrieved from /opt/airflow/dags/minio_s3.py
[2023-03-20T18:21:58.719+0000] {processor.py:175} INFO - Processing /opt/airflow/dags/minio_s3.py took 0.046 seconds
[2023-03-20T18:22:28.789+0000] {processor.py:153} INFO - Started process (PID=423) to work on /opt/airflow/dags/minio_s3.py
[2023-03-20T18:22:28.790+0000] {processor.py:743} INFO - Processing file /opt/airflow/dags/minio_s3.py for tasks to queue
[2023-03-20T18:22:28.791+0000] {logging_mixin.py:137} INFO - [2023-03-20T18:22:28.791+0000] {dagbag.py:532} INFO - Filling up the DagBag from /opt/airflow/dags/minio_s3.py
[2023-03-20T18:22:28.810+0000] {logging_mixin.py:137} INFO - [2023-03-20T18:22:28.806+0000] {dagbag.py:341} ERROR - Failed to import: /opt/airflow/dags/minio_s3.py
Traceback (most recent call last):
  File "/home/airflow/.local/lib/python3.7/site-packages/airflow/models/dagbag.py", line 337, in parse
    loader.exec_module(new_module)
  File "<frozen importlib._bootstrap_external>", line 728, in exec_module
  File "<frozen importlib._bootstrap>", line 219, in _call_with_frames_removed
  File "/opt/airflow/dags/minio_s3.py", line 4, in <module>
    from airflow.providers.amazon.aws.sensors.s3_key import S3KeySensor
ModuleNotFoundError: No module named 'airflow.providers.amazon.aws.sensors.s3_key'
[2023-03-20T18:22:28.812+0000] {processor.py:755} WARNING - No viable dags retrieved from /opt/airflow/dags/minio_s3.py
[2023-03-20T18:22:28.836+0000] {processor.py:175} INFO - Processing /opt/airflow/dags/minio_s3.py took 0.050 seconds
[2023-03-20T18:22:59.669+0000] {processor.py:153} INFO - Started process (PID=460) to work on /opt/airflow/dags/minio_s3.py
[2023-03-20T18:22:59.671+0000] {processor.py:743} INFO - Processing file /opt/airflow/dags/minio_s3.py for tasks to queue
[2023-03-20T18:22:59.672+0000] {logging_mixin.py:137} INFO - [2023-03-20T18:22:59.672+0000] {dagbag.py:532} INFO - Filling up the DagBag from /opt/airflow/dags/minio_s3.py
[2023-03-20T18:22:59.694+0000] {logging_mixin.py:137} INFO - [2023-03-20T18:22:59.689+0000] {dagbag.py:341} ERROR - Failed to import: /opt/airflow/dags/minio_s3.py
Traceback (most recent call last):
  File "/home/airflow/.local/lib/python3.7/site-packages/airflow/models/dagbag.py", line 337, in parse
    loader.exec_module(new_module)
  File "<frozen importlib._bootstrap_external>", line 728, in exec_module
  File "<frozen importlib._bootstrap>", line 219, in _call_with_frames_removed
  File "/opt/airflow/dags/minio_s3.py", line 4, in <module>
    from airflow.providers.amazon.aws.sensors.s3_key import S3KeySensor
ModuleNotFoundError: No module named 'airflow.providers.amazon.aws.sensors.s3_key'
[2023-03-20T18:22:59.695+0000] {processor.py:755} WARNING - No viable dags retrieved from /opt/airflow/dags/minio_s3.py
[2023-03-20T18:22:59.723+0000] {processor.py:175} INFO - Processing /opt/airflow/dags/minio_s3.py took 0.058 seconds
[2023-03-20T18:23:30.670+0000] {processor.py:153} INFO - Started process (PID=497) to work on /opt/airflow/dags/minio_s3.py
[2023-03-20T18:23:30.671+0000] {processor.py:743} INFO - Processing file /opt/airflow/dags/minio_s3.py for tasks to queue
[2023-03-20T18:23:30.672+0000] {logging_mixin.py:137} INFO - [2023-03-20T18:23:30.672+0000] {dagbag.py:532} INFO - Filling up the DagBag from /opt/airflow/dags/minio_s3.py
[2023-03-20T18:23:30.693+0000] {logging_mixin.py:137} INFO - [2023-03-20T18:23:30.688+0000] {dagbag.py:341} ERROR - Failed to import: /opt/airflow/dags/minio_s3.py
Traceback (most recent call last):
  File "/home/airflow/.local/lib/python3.7/site-packages/airflow/models/dagbag.py", line 337, in parse
    loader.exec_module(new_module)
  File "<frozen importlib._bootstrap_external>", line 728, in exec_module
  File "<frozen importlib._bootstrap>", line 219, in _call_with_frames_removed
  File "/opt/airflow/dags/minio_s3.py", line 4, in <module>
    from airflow.providers.amazon.aws.sensors.s3_key import S3KeySensor
ModuleNotFoundError: No module named 'airflow.providers.amazon.aws.sensors.s3_key'
[2023-03-20T18:23:30.696+0000] {processor.py:755} WARNING - No viable dags retrieved from /opt/airflow/dags/minio_s3.py
[2023-03-20T18:23:30.723+0000] {processor.py:175} INFO - Processing /opt/airflow/dags/minio_s3.py took 0.057 seconds
[2023-03-20T18:24:01.695+0000] {processor.py:153} INFO - Started process (PID=534) to work on /opt/airflow/dags/minio_s3.py
[2023-03-20T18:24:01.695+0000] {processor.py:743} INFO - Processing file /opt/airflow/dags/minio_s3.py for tasks to queue
[2023-03-20T18:24:01.696+0000] {logging_mixin.py:137} INFO - [2023-03-20T18:24:01.696+0000] {dagbag.py:532} INFO - Filling up the DagBag from /opt/airflow/dags/minio_s3.py
[2023-03-20T18:24:01.715+0000] {logging_mixin.py:137} INFO - [2023-03-20T18:24:01.712+0000] {dagbag.py:341} ERROR - Failed to import: /opt/airflow/dags/minio_s3.py
Traceback (most recent call last):
  File "/home/airflow/.local/lib/python3.7/site-packages/airflow/models/dagbag.py", line 337, in parse
    loader.exec_module(new_module)
  File "<frozen importlib._bootstrap_external>", line 728, in exec_module
  File "<frozen importlib._bootstrap>", line 219, in _call_with_frames_removed
  File "/opt/airflow/dags/minio_s3.py", line 4, in <module>
    from airflow.providers.amazon.aws.sensors.s3_key import S3KeySensor
ModuleNotFoundError: No module named 'airflow.providers.amazon.aws.sensors.s3_key'
[2023-03-20T18:24:01.717+0000] {processor.py:755} WARNING - No viable dags retrieved from /opt/airflow/dags/minio_s3.py
[2023-03-20T18:24:01.739+0000] {processor.py:175} INFO - Processing /opt/airflow/dags/minio_s3.py took 0.047 seconds
