[2023-03-21T01:27:16.708+0000] {taskinstance.py:1084} INFO - Dependencies all met for dep_context=non-requeueable deps ti=<TaskInstance: dag_with_taskflow_api_v02.greet scheduled__2023-03-20T00:00:00+00:00 [queued]>
[2023-03-21T01:27:16.754+0000] {taskinstance.py:1084} INFO - Dependencies all met for dep_context=requeueable deps ti=<TaskInstance: dag_with_taskflow_api_v02.greet scheduled__2023-03-20T00:00:00+00:00 [queued]>
[2023-03-21T01:27:16.755+0000] {taskinstance.py:1282} INFO - 
--------------------------------------------------------------------------------
[2023-03-21T01:27:16.756+0000] {taskinstance.py:1283} INFO - Starting attempt 1 of 6
[2023-03-21T01:27:16.756+0000] {taskinstance.py:1284} INFO - 
--------------------------------------------------------------------------------
[2023-03-21T01:27:16.811+0000] {taskinstance.py:1303} INFO - Executing <Task(_PythonDecoratedOperator): greet> on 2023-03-20 00:00:00+00:00
[2023-03-21T01:27:16.817+0000] {standard_task_runner.py:55} INFO - Started process 221 to run task
[2023-03-21T01:27:16.822+0000] {standard_task_runner.py:82} INFO - Running: ['***', 'tasks', 'run', 'dag_with_taskflow_api_v02', 'greet', 'scheduled__2023-03-20T00:00:00+00:00', '--job-id', '132', '--raw', '--subdir', 'DAGS_FOLDER/dag_with_taskfow_api.py', '--cfg-path', '/tmp/tmpg3_0_qa9']
[2023-03-21T01:27:16.826+0000] {standard_task_runner.py:83} INFO - Job 132: Subtask greet
[2023-03-21T01:27:17.011+0000] {task_command.py:388} INFO - Running <TaskInstance: dag_with_taskflow_api_v02.greet scheduled__2023-03-20T00:00:00+00:00 [running]> on host 87381be0c6e6
[2023-03-21T01:27:17.356+0000] {taskinstance.py:1511} INFO - Exporting the following env vars:
AIRFLOW_CTX_DAG_OWNER=ThinhHuynh
AIRFLOW_CTX_DAG_ID=dag_with_taskflow_api_v02
AIRFLOW_CTX_TASK_ID=greet
AIRFLOW_CTX_EXECUTION_DATE=2023-03-20T00:00:00+00:00
AIRFLOW_CTX_TRY_NUMBER=1
AIRFLOW_CTX_DAG_RUN_ID=scheduled__2023-03-20T00:00:00+00:00
[2023-03-21T01:27:17.358+0000] {logging_mixin.py:137} INFO - Hello World! My name is Thinh Huynh and I am 30 years old
[2023-03-21T01:27:17.359+0000] {python.py:177} INFO - Done. Returned value was: None
[2023-03-21T01:27:17.401+0000] {taskinstance.py:1326} INFO - Marking task as SUCCESS. dag_id=dag_with_taskflow_api_v02, task_id=greet, execution_date=20230320T000000, start_date=20230321T012716, end_date=20230321T012717
[2023-03-21T01:27:17.491+0000] {local_task_job.py:212} INFO - Task exited with return code 0
[2023-03-21T01:27:17.609+0000] {taskinstance.py:2585} INFO - 0 downstream tasks scheduled from follow-on schedule check
