[2023-03-17T07:25:55.984+0000] {taskinstance.py:1084} INFO - Dependencies all met for dep_context=non-requeueable deps ti=<TaskInstance: our_dag_with_python_operator_v03.get_name manual__2023-03-17T07:25:55.102416+00:00 [queued]>
[2023-03-17T07:25:56.009+0000] {taskinstance.py:1084} INFO - Dependencies all met for dep_context=requeueable deps ti=<TaskInstance: our_dag_with_python_operator_v03.get_name manual__2023-03-17T07:25:55.102416+00:00 [queued]>
[2023-03-17T07:25:56.010+0000] {taskinstance.py:1282} INFO - 
--------------------------------------------------------------------------------
[2023-03-17T07:25:56.011+0000] {taskinstance.py:1283} INFO - Starting attempt 1 of 6
[2023-03-17T07:25:56.012+0000] {taskinstance.py:1284} INFO - 
--------------------------------------------------------------------------------
[2023-03-17T07:25:56.043+0000] {taskinstance.py:1303} INFO - Executing <Task(PythonOperator): get_name> on 2023-03-17 07:25:55.102416+00:00
[2023-03-17T07:25:56.048+0000] {standard_task_runner.py:55} INFO - Started process 1886 to run task
[2023-03-17T07:25:56.055+0000] {standard_task_runner.py:82} INFO - Running: ['***', 'tasks', 'run', 'our_dag_with_python_operator_v03', 'get_name', 'manual__2023-03-17T07:25:55.102416+00:00', '--job-id', '9', '--raw', '--subdir', 'DAGS_FOLDER/create_dags_with_python_operator.py', '--cfg-path', '/tmp/tmpql6af3_t']
[2023-03-17T07:25:56.057+0000] {standard_task_runner.py:83} INFO - Job 9: Subtask get_name
[2023-03-17T07:25:56.132+0000] {task_command.py:388} INFO - Running <TaskInstance: our_dag_with_python_operator_v03.get_name manual__2023-03-17T07:25:55.102416+00:00 [running]> on host 213a9e135266
[2023-03-17T07:25:56.222+0000] {taskinstance.py:1511} INFO - Exporting the following env vars:
AIRFLOW_CTX_DAG_OWNER=ThinhHuynh
AIRFLOW_CTX_DAG_ID=our_dag_with_python_operator_v03
AIRFLOW_CTX_TASK_ID=get_name
AIRFLOW_CTX_EXECUTION_DATE=2023-03-17T07:25:55.102416+00:00
AIRFLOW_CTX_TRY_NUMBER=1
AIRFLOW_CTX_DAG_RUN_ID=manual__2023-03-17T07:25:55.102416+00:00
[2023-03-17T07:25:56.223+0000] {python.py:177} INFO - Done. Returned value was: Thinh
[2023-03-17T07:25:56.253+0000] {taskinstance.py:1326} INFO - Marking task as SUCCESS. dag_id=our_dag_with_python_operator_v03, task_id=get_name, execution_date=20230317T072555, start_date=20230317T072555, end_date=20230317T072556
[2023-03-17T07:25:56.308+0000] {local_task_job.py:212} INFO - Task exited with return code 0
[2023-03-17T07:25:56.327+0000] {taskinstance.py:2585} INFO - 0 downstream tasks scheduled from follow-on schedule check
