[2023-03-18T09:20:10.914+0000] {taskinstance.py:1084} INFO - Dependencies all met for dep_context=non-requeueable deps ti=<TaskInstance: our_dag_with_python_operator_v05.get_age scheduled__2023-03-17T00:00:00+00:00 [queued]>
[2023-03-18T09:20:10.946+0000] {taskinstance.py:1084} INFO - Dependencies all met for dep_context=requeueable deps ti=<TaskInstance: our_dag_with_python_operator_v05.get_age scheduled__2023-03-17T00:00:00+00:00 [queued]>
[2023-03-18T09:20:10.947+0000] {taskinstance.py:1282} INFO - 
--------------------------------------------------------------------------------
[2023-03-18T09:20:10.948+0000] {taskinstance.py:1283} INFO - Starting attempt 1 of 6
[2023-03-18T09:20:10.949+0000] {taskinstance.py:1284} INFO - 
--------------------------------------------------------------------------------
[2023-03-18T09:20:11.014+0000] {taskinstance.py:1303} INFO - Executing <Task(PythonOperator): get_age> on 2023-03-17 00:00:00+00:00
[2023-03-18T09:20:11.027+0000] {standard_task_runner.py:55} INFO - Started process 198 to run task
[2023-03-18T09:20:11.044+0000] {standard_task_runner.py:82} INFO - Running: ['***', 'tasks', 'run', 'our_dag_with_python_operator_v05', 'get_age', 'scheduled__2023-03-17T00:00:00+00:00', '--job-id', '33', '--raw', '--subdir', 'DAGS_FOLDER/create_dags_with_python_operator.py', '--cfg-path', '/tmp/tmp0ng9f3n3']
[2023-03-18T09:20:11.052+0000] {standard_task_runner.py:83} INFO - Job 33: Subtask get_age
[2023-03-18T09:20:11.485+0000] {task_command.py:388} INFO - Running <TaskInstance: our_dag_with_python_operator_v05.get_age scheduled__2023-03-17T00:00:00+00:00 [running]> on host 213a9e135266
[2023-03-18T09:20:12.474+0000] {taskinstance.py:1511} INFO - Exporting the following env vars:
AIRFLOW_CTX_DAG_OWNER=ThinhHuynh
AIRFLOW_CTX_DAG_ID=our_dag_with_python_operator_v05
AIRFLOW_CTX_TASK_ID=get_age
AIRFLOW_CTX_EXECUTION_DATE=2023-03-17T00:00:00+00:00
AIRFLOW_CTX_TRY_NUMBER=1
AIRFLOW_CTX_DAG_RUN_ID=scheduled__2023-03-17T00:00:00+00:00
[2023-03-18T09:20:12.544+0000] {python.py:177} INFO - Done. Returned value was: None
[2023-03-18T09:20:12.587+0000] {taskinstance.py:1326} INFO - Marking task as SUCCESS. dag_id=our_dag_with_python_operator_v05, task_id=get_age, execution_date=20230317T000000, start_date=20230318T092010, end_date=20230318T092012
[2023-03-18T09:20:12.680+0000] {local_task_job.py:212} INFO - Task exited with return code 0
[2023-03-18T09:20:12.768+0000] {taskinstance.py:2585} INFO - 1 downstream tasks scheduled from follow-on schedule check
