[2023-03-17T08:10:15.993+0000] {taskinstance.py:1084} INFO - Dependencies all met for dep_context=non-requeueable deps ti=<TaskInstance: our_dag_with_python_operator_v05.get_age manual__2023-03-17T08:10:15.440474+00:00 [queued]>
[2023-03-17T08:10:16.016+0000] {taskinstance.py:1084} INFO - Dependencies all met for dep_context=requeueable deps ti=<TaskInstance: our_dag_with_python_operator_v05.get_age manual__2023-03-17T08:10:15.440474+00:00 [queued]>
[2023-03-17T08:10:16.017+0000] {taskinstance.py:1282} INFO - 
--------------------------------------------------------------------------------
[2023-03-17T08:10:16.018+0000] {taskinstance.py:1283} INFO - Starting attempt 1 of 6
[2023-03-17T08:10:16.019+0000] {taskinstance.py:1284} INFO - 
--------------------------------------------------------------------------------
[2023-03-17T08:10:16.053+0000] {taskinstance.py:1303} INFO - Executing <Task(PythonOperator): get_age> on 2023-03-17 08:10:15.440474+00:00
[2023-03-17T08:10:16.058+0000] {standard_task_runner.py:55} INFO - Started process 3439 to run task
[2023-03-17T08:10:16.062+0000] {standard_task_runner.py:82} INFO - Running: ['***', 'tasks', 'run', 'our_dag_with_python_operator_v05', 'get_age', 'manual__2023-03-17T08:10:15.440474+00:00', '--job-id', '20', '--raw', '--subdir', 'DAGS_FOLDER/create_dags_with_python_operator.py', '--cfg-path', '/tmp/tmpmcj732th']
[2023-03-17T08:10:16.065+0000] {standard_task_runner.py:83} INFO - Job 20: Subtask get_age
[2023-03-17T08:10:16.158+0000] {task_command.py:388} INFO - Running <TaskInstance: our_dag_with_python_operator_v05.get_age manual__2023-03-17T08:10:15.440474+00:00 [running]> on host 213a9e135266
[2023-03-17T08:10:16.240+0000] {taskinstance.py:1511} INFO - Exporting the following env vars:
AIRFLOW_CTX_DAG_OWNER=ThinhHuynh
AIRFLOW_CTX_DAG_ID=our_dag_with_python_operator_v05
AIRFLOW_CTX_TASK_ID=get_age
AIRFLOW_CTX_EXECUTION_DATE=2023-03-17T08:10:15.440474+00:00
AIRFLOW_CTX_TRY_NUMBER=1
AIRFLOW_CTX_DAG_RUN_ID=manual__2023-03-17T08:10:15.440474+00:00
[2023-03-17T08:10:16.258+0000] {python.py:177} INFO - Done. Returned value was: None
[2023-03-17T08:10:16.269+0000] {taskinstance.py:1326} INFO - Marking task as SUCCESS. dag_id=our_dag_with_python_operator_v05, task_id=get_age, execution_date=20230317T081015, start_date=20230317T081015, end_date=20230317T081016
[2023-03-17T08:10:16.315+0000] {local_task_job.py:212} INFO - Task exited with return code 0
[2023-03-17T08:10:16.339+0000] {taskinstance.py:2585} INFO - 1 downstream tasks scheduled from follow-on schedule check
