[2023-03-17T10:32:09.247+0000] {taskinstance.py:1084} INFO - Dependencies all met for dep_context=non-requeueable deps ti=<TaskInstance: dag_with_taskflow_api_v02.get_age manual__2023-03-17T10:32:07.943996+00:00 [queued]>
[2023-03-17T10:32:09.262+0000] {taskinstance.py:1084} INFO - Dependencies all met for dep_context=requeueable deps ti=<TaskInstance: dag_with_taskflow_api_v02.get_age manual__2023-03-17T10:32:07.943996+00:00 [queued]>
[2023-03-17T10:32:09.263+0000] {taskinstance.py:1282} INFO - 
--------------------------------------------------------------------------------
[2023-03-17T10:32:09.263+0000] {taskinstance.py:1283} INFO - Starting attempt 1 of 6
[2023-03-17T10:32:09.264+0000] {taskinstance.py:1284} INFO - 
--------------------------------------------------------------------------------
[2023-03-17T10:32:09.291+0000] {taskinstance.py:1303} INFO - Executing <Task(_PythonDecoratedOperator): get_age> on 2023-03-17 10:32:07.943996+00:00
[2023-03-17T10:32:09.295+0000] {standard_task_runner.py:55} INFO - Started process 1396 to run task
[2023-03-17T10:32:09.299+0000] {standard_task_runner.py:82} INFO - Running: ['***', 'tasks', 'run', 'dag_with_taskflow_api_v02', 'get_age', 'manual__2023-03-17T10:32:07.943996+00:00', '--job-id', '28', '--raw', '--subdir', 'DAGS_FOLDER/dag_with_taskfow_api.py', '--cfg-path', '/tmp/tmp8p08q5_r']
[2023-03-17T10:32:09.302+0000] {standard_task_runner.py:83} INFO - Job 28: Subtask get_age
[2023-03-17T10:32:09.380+0000] {task_command.py:388} INFO - Running <TaskInstance: dag_with_taskflow_api_v02.get_age manual__2023-03-17T10:32:07.943996+00:00 [running]> on host 213a9e135266
[2023-03-17T10:32:10.004+0000] {taskinstance.py:1511} INFO - Exporting the following env vars:
AIRFLOW_CTX_DAG_OWNER=ThinhHuynh
AIRFLOW_CTX_DAG_ID=dag_with_taskflow_api_v02
AIRFLOW_CTX_TASK_ID=get_age
AIRFLOW_CTX_EXECUTION_DATE=2023-03-17T10:32:07.943996+00:00
AIRFLOW_CTX_TRY_NUMBER=1
AIRFLOW_CTX_DAG_RUN_ID=manual__2023-03-17T10:32:07.943996+00:00
[2023-03-17T10:32:10.006+0000] {python.py:177} INFO - Done. Returned value was: 30
[2023-03-17T10:32:10.047+0000] {taskinstance.py:1326} INFO - Marking task as SUCCESS. dag_id=dag_with_taskflow_api_v02, task_id=get_age, execution_date=20230317T103207, start_date=20230317T103209, end_date=20230317T103210
[2023-03-17T10:32:10.435+0000] {local_task_job.py:212} INFO - Task exited with return code 0
[2023-03-17T10:32:11.254+0000] {taskinstance.py:2585} INFO - 0 downstream tasks scheduled from follow-on schedule check
