[2023-03-18T10:03:16.558+0000] {taskinstance.py:1084} INFO - Dependencies all met for dep_context=non-requeueable deps ti=<TaskInstance: dag_with_python_dependencies_v02.get_matplotlib manual__2023-03-18T09:55:15.652322+00:00 [queued]>
[2023-03-18T10:03:16.628+0000] {taskinstance.py:1084} INFO - Dependencies all met for dep_context=requeueable deps ti=<TaskInstance: dag_with_python_dependencies_v02.get_matplotlib manual__2023-03-18T09:55:15.652322+00:00 [queued]>
[2023-03-18T10:03:16.629+0000] {taskinstance.py:1282} INFO - 
--------------------------------------------------------------------------------
[2023-03-18T10:03:16.631+0000] {taskinstance.py:1283} INFO - Starting attempt 2 of 2
[2023-03-18T10:03:16.632+0000] {taskinstance.py:1284} INFO - 
--------------------------------------------------------------------------------
[2023-03-18T10:03:16.684+0000] {taskinstance.py:1303} INFO - Executing <Task(PythonOperator): get_matplotlib> on 2023-03-18 09:55:15.652322+00:00
[2023-03-18T10:03:16.697+0000] {standard_task_runner.py:55} INFO - Started process 247 to run task
[2023-03-18T10:03:16.739+0000] {standard_task_runner.py:82} INFO - Running: ['***', 'tasks', 'run', 'dag_with_python_dependencies_v02', 'get_matplotlib', 'manual__2023-03-18T09:55:15.652322+00:00', '--job-id', '46', '--raw', '--subdir', 'DAGS_FOLDER/dag_with_python_dependencies.py', '--cfg-path', '/tmp/tmpcq09xkw0']
[2023-03-18T10:03:16.802+0000] {standard_task_runner.py:83} INFO - Job 46: Subtask get_matplotlib
[2023-03-18T10:03:18.287+0000] {task_command.py:388} INFO - Running <TaskInstance: dag_with_python_dependencies_v02.get_matplotlib manual__2023-03-18T09:55:15.652322+00:00 [running]> on host 78bde780398d
[2023-03-18T10:03:18.610+0000] {taskinstance.py:1511} INFO - Exporting the following env vars:
AIRFLOW_CTX_DAG_OWNER=ThinhHuynh
AIRFLOW_CTX_DAG_ID=dag_with_python_dependencies_v02
AIRFLOW_CTX_TASK_ID=get_matplotlib
AIRFLOW_CTX_EXECUTION_DATE=2023-03-18T09:55:15.652322+00:00
AIRFLOW_CTX_TRY_NUMBER=2
AIRFLOW_CTX_DAG_RUN_ID=manual__2023-03-18T09:55:15.652322+00:00
[2023-03-18T10:03:19.998+0000] {logging_mixin.py:137} INFO - matplotlib with version: 3.3.3
[2023-03-18T10:03:19.999+0000] {python.py:177} INFO - Done. Returned value was: None
[2023-03-18T10:03:20.072+0000] {taskinstance.py:1326} INFO - Marking task as SUCCESS. dag_id=dag_with_python_dependencies_v02, task_id=get_matplotlib, execution_date=20230318T095515, start_date=20230318T100316, end_date=20230318T100320
[2023-03-18T10:03:20.209+0000] {local_task_job.py:212} INFO - Task exited with return code 0
[2023-03-18T10:03:20.258+0000] {taskinstance.py:2585} INFO - 0 downstream tasks scheduled from follow-on schedule check
