[2023-03-24T10:23:04.619+0000] {taskinstance.py:1084} INFO - Dependencies all met for dep_context=non-requeueable deps ti=<TaskInstance: our_first_dag_v1.second_task scheduled__2023-03-23T00:00:00+00:00 [queued]>
[2023-03-24T10:23:04.670+0000] {taskinstance.py:1084} INFO - Dependencies all met for dep_context=requeueable deps ti=<TaskInstance: our_first_dag_v1.second_task scheduled__2023-03-23T00:00:00+00:00 [queued]>
[2023-03-24T10:23:04.671+0000] {taskinstance.py:1282} INFO - 
--------------------------------------------------------------------------------
[2023-03-24T10:23:04.673+0000] {taskinstance.py:1283} INFO - Starting attempt 1 of 6
[2023-03-24T10:23:04.674+0000] {taskinstance.py:1284} INFO - 
--------------------------------------------------------------------------------
[2023-03-24T10:23:04.759+0000] {taskinstance.py:1303} INFO - Executing <Task(BashOperator): second_task> on 2023-03-23 00:00:00+00:00
[2023-03-24T10:23:04.769+0000] {standard_task_runner.py:55} INFO - Started process 220 to run task
[2023-03-24T10:23:04.784+0000] {standard_task_runner.py:82} INFO - Running: ['***', 'tasks', 'run', 'our_first_dag_v1', 'second_task', 'scheduled__2023-03-23T00:00:00+00:00', '--job-id', '240', '--raw', '--subdir', 'DAGS_FOLDER/our_first_dag.py', '--cfg-path', '/tmp/tmpl05w1h8i']
[2023-03-24T10:23:04.796+0000] {standard_task_runner.py:83} INFO - Job 240: Subtask second_task
[2023-03-24T10:23:05.022+0000] {task_command.py:388} INFO - Running <TaskInstance: our_first_dag_v1.second_task scheduled__2023-03-23T00:00:00+00:00 [running]> on host 9783a48d7fca
[2023-03-24T10:23:05.375+0000] {taskinstance.py:1511} INFO - Exporting the following env vars:
AIRFLOW_CTX_DAG_OWNER=ThinhHuynh
AIRFLOW_CTX_DAG_ID=our_first_dag_v1
AIRFLOW_CTX_TASK_ID=second_task
AIRFLOW_CTX_EXECUTION_DATE=2023-03-23T00:00:00+00:00
AIRFLOW_CTX_TRY_NUMBER=1
AIRFLOW_CTX_DAG_RUN_ID=scheduled__2023-03-23T00:00:00+00:00
[2023-03-24T10:23:05.384+0000] {subprocess.py:63} INFO - Tmp dir root location: 
 /tmp
[2023-03-24T10:23:05.386+0000] {subprocess.py:75} INFO - Running command: ['/bin/bash', '-c', 'echo Hello world, this is task 2']
[2023-03-24T10:23:05.417+0000] {subprocess.py:86} INFO - Output:
[2023-03-24T10:23:05.420+0000] {subprocess.py:93} INFO - Hello world, this is task 2
[2023-03-24T10:23:05.421+0000] {subprocess.py:97} INFO - Command exited with return code 0
[2023-03-24T10:23:05.543+0000] {taskinstance.py:1326} INFO - Marking task as SUCCESS. dag_id=our_first_dag_v1, task_id=second_task, execution_date=20230323T000000, start_date=20230324T102304, end_date=20230324T102305
[2023-03-24T10:23:05.616+0000] {local_task_job.py:212} INFO - Task exited with return code 0
[2023-03-24T10:23:05.696+0000] {taskinstance.py:2585} INFO - 0 downstream tasks scheduled from follow-on schedule check
