[2023-03-17T08:09:53.116+0000] {taskinstance.py:1084} INFO - Dependencies all met for dep_context=non-requeueable deps ti=<TaskInstance: our_dag_with_python_operator_v04.greet manual__2023-03-17T08:09:51.176805+00:00 [queued]>
[2023-03-17T08:09:53.136+0000] {taskinstance.py:1084} INFO - Dependencies all met for dep_context=requeueable deps ti=<TaskInstance: our_dag_with_python_operator_v04.greet manual__2023-03-17T08:09:51.176805+00:00 [queued]>
[2023-03-17T08:09:53.137+0000] {taskinstance.py:1282} INFO - 
--------------------------------------------------------------------------------
[2023-03-17T08:09:53.137+0000] {taskinstance.py:1283} INFO - Starting attempt 1 of 6
[2023-03-17T08:09:53.138+0000] {taskinstance.py:1284} INFO - 
--------------------------------------------------------------------------------
[2023-03-17T08:09:53.164+0000] {taskinstance.py:1303} INFO - Executing <Task(PythonOperator): greet> on 2023-03-17 08:09:51.176805+00:00
[2023-03-17T08:09:53.168+0000] {standard_task_runner.py:55} INFO - Started process 3413 to run task
[2023-03-17T08:09:53.172+0000] {standard_task_runner.py:82} INFO - Running: ['***', 'tasks', 'run', 'our_dag_with_python_operator_v04', 'greet', 'manual__2023-03-17T08:09:51.176805+00:00', '--job-id', '19', '--raw', '--subdir', 'DAGS_FOLDER/create_dags_with_python_operator.py', '--cfg-path', '/tmp/tmp85dg9n9l']
[2023-03-17T08:09:53.175+0000] {standard_task_runner.py:83} INFO - Job 19: Subtask greet
[2023-03-17T08:09:53.284+0000] {task_command.py:388} INFO - Running <TaskInstance: our_dag_with_python_operator_v04.greet manual__2023-03-17T08:09:51.176805+00:00 [running]> on host 213a9e135266
[2023-03-17T08:09:53.721+0000] {taskinstance.py:1511} INFO - Exporting the following env vars:
AIRFLOW_CTX_DAG_OWNER=ThinhHuynh
AIRFLOW_CTX_DAG_ID=our_dag_with_python_operator_v04
AIRFLOW_CTX_TASK_ID=greet
AIRFLOW_CTX_EXECUTION_DATE=2023-03-17T08:09:51.176805+00:00
AIRFLOW_CTX_TRY_NUMBER=1
AIRFLOW_CTX_DAG_RUN_ID=manual__2023-03-17T08:09:51.176805+00:00
[2023-03-17T08:09:53.770+0000] {logging_mixin.py:137} INFO - Hello world! My name is Thinh Huynh, and I am 20 years old!
[2023-03-17T08:09:53.771+0000] {python.py:177} INFO - Done. Returned value was: None
[2023-03-17T08:09:53.781+0000] {taskinstance.py:1326} INFO - Marking task as SUCCESS. dag_id=our_dag_with_python_operator_v04, task_id=greet, execution_date=20230317T080951, start_date=20230317T080953, end_date=20230317T080953
[2023-03-17T08:09:53.828+0000] {local_task_job.py:212} INFO - Task exited with return code 0
[2023-03-17T08:09:53.848+0000] {taskinstance.py:2585} INFO - 0 downstream tasks scheduled from follow-on schedule check
