[2023-03-27T01:45:54.991+0000] {taskinstance.py:1084} INFO - Dependencies all met for dep_context=non-requeueable deps ti=<TaskInstance: our_first_dag_v1.third_task scheduled__2023-03-25T00:00:00+00:00 [queued]>
[2023-03-27T01:45:55.103+0000] {taskinstance.py:1084} INFO - Dependencies all met for dep_context=requeueable deps ti=<TaskInstance: our_first_dag_v1.third_task scheduled__2023-03-25T00:00:00+00:00 [queued]>
[2023-03-27T01:45:55.120+0000] {taskinstance.py:1282} INFO - 
--------------------------------------------------------------------------------
[2023-03-27T01:45:55.131+0000] {taskinstance.py:1283} INFO - Starting attempt 1 of 6
[2023-03-27T01:45:55.132+0000] {taskinstance.py:1284} INFO - 
--------------------------------------------------------------------------------
[2023-03-27T01:45:55.345+0000] {taskinstance.py:1303} INFO - Executing <Task(BashOperator): third_task> on 2023-03-25 00:00:00+00:00
[2023-03-27T01:45:55.363+0000] {standard_task_runner.py:55} INFO - Started process 237 to run task
[2023-03-27T01:45:55.386+0000] {standard_task_runner.py:82} INFO - Running: ['***', 'tasks', 'run', 'our_first_dag_v1', 'third_task', 'scheduled__2023-03-25T00:00:00+00:00', '--job-id', '309', '--raw', '--subdir', 'DAGS_FOLDER/our_first_dag.py', '--cfg-path', '/tmp/tmpz72q0hbi']
[2023-03-27T01:45:55.391+0000] {standard_task_runner.py:83} INFO - Job 309: Subtask third_task
[2023-03-27T01:45:56.503+0000] {task_command.py:388} INFO - Running <TaskInstance: our_first_dag_v1.third_task scheduled__2023-03-25T00:00:00+00:00 [running]> on host 7c9cdf1c064e
[2023-03-27T01:45:57.355+0000] {taskinstance.py:1511} INFO - Exporting the following env vars:
AIRFLOW_CTX_DAG_OWNER=ThinhHuynh
AIRFLOW_CTX_DAG_ID=our_first_dag_v1
AIRFLOW_CTX_TASK_ID=third_task
AIRFLOW_CTX_EXECUTION_DATE=2023-03-25T00:00:00+00:00
AIRFLOW_CTX_TRY_NUMBER=1
AIRFLOW_CTX_DAG_RUN_ID=scheduled__2023-03-25T00:00:00+00:00
[2023-03-27T01:45:57.401+0000] {subprocess.py:63} INFO - Tmp dir root location: 
 /tmp
[2023-03-27T01:45:57.418+0000] {subprocess.py:75} INFO - Running command: ['/bin/bash', '-c', 'echo Hello world, this is task 3']
[2023-03-27T01:45:57.499+0000] {subprocess.py:86} INFO - Output:
[2023-03-27T01:45:57.523+0000] {subprocess.py:93} INFO - Hello world, this is task 3
[2023-03-27T01:45:57.533+0000] {subprocess.py:97} INFO - Command exited with return code 0
[2023-03-27T01:45:58.367+0000] {taskinstance.py:1326} INFO - Marking task as SUCCESS. dag_id=our_first_dag_v1, task_id=third_task, execution_date=20230325T000000, start_date=20230327T014554, end_date=20230327T014558
[2023-03-27T01:45:58.799+0000] {local_task_job.py:212} INFO - Task exited with return code 0
[2023-03-27T01:45:59.017+0000] {taskinstance.py:2585} INFO - 0 downstream tasks scheduled from follow-on schedule check
