[2023-03-23T02:23:39.963+0000] {taskinstance.py:1084} INFO - Dependencies all met for dep_context=non-requeueable deps ti=<TaskInstance: dag_with_minio_s3_v04.sensor_minio_s3 manual__2023-03-23T02:22:45.719276+00:00 [queued]>
[2023-03-23T02:23:39.975+0000] {taskinstance.py:1084} INFO - Dependencies all met for dep_context=requeueable deps ti=<TaskInstance: dag_with_minio_s3_v04.sensor_minio_s3 manual__2023-03-23T02:22:45.719276+00:00 [queued]>
[2023-03-23T02:23:39.975+0000] {taskinstance.py:1282} INFO - 
--------------------------------------------------------------------------------
[2023-03-23T02:23:39.976+0000] {taskinstance.py:1283} INFO - Starting attempt 2 of 2
[2023-03-23T02:23:39.977+0000] {taskinstance.py:1284} INFO - 
--------------------------------------------------------------------------------
[2023-03-23T02:23:39.996+0000] {taskinstance.py:1303} INFO - Executing <Task(S3KeySensor): sensor_minio_s3> on 2023-03-23 02:22:45.719276+00:00
[2023-03-23T02:23:40.001+0000] {standard_task_runner.py:55} INFO - Started process 1360 to run task
[2023-03-23T02:23:40.005+0000] {standard_task_runner.py:82} INFO - Running: ['***', 'tasks', 'run', 'dag_with_minio_s3_v04', 'sensor_minio_s3', 'manual__2023-03-23T02:22:45.719276+00:00', '--job-id', '227', '--raw', '--subdir', 'DAGS_FOLDER/minio_s3.py', '--cfg-path', '/tmp/tmph0plkkzm']
[2023-03-23T02:23:40.008+0000] {standard_task_runner.py:83} INFO - Job 227: Subtask sensor_minio_s3
[2023-03-23T02:23:40.097+0000] {task_command.py:388} INFO - Running <TaskInstance: dag_with_minio_s3_v04.sensor_minio_s3 manual__2023-03-23T02:22:45.719276+00:00 [running]> on host 9783a48d7fca
[2023-03-23T02:23:40.211+0000] {taskinstance.py:1511} INFO - Exporting the following env vars:
AIRFLOW_CTX_DAG_OWNER=ThinhHuynh
AIRFLOW_CTX_DAG_ID=dag_with_minio_s3_v04
AIRFLOW_CTX_TASK_ID=sensor_minio_s3
AIRFLOW_CTX_EXECUTION_DATE=2023-03-23T02:22:45.719276+00:00
AIRFLOW_CTX_TRY_NUMBER=2
AIRFLOW_CTX_DAG_RUN_ID=manual__2023-03-23T02:22:45.719276+00:00
[2023-03-23T02:23:40.212+0000] {s3.py:99} INFO - Poking for key : s3://***/data.csv
[2023-03-23T02:23:40.225+0000] {base.py:73} INFO - Using connection ID 'minio_conn' for task execution.
[2023-03-23T02:23:40.227+0000] {connection_wrapper.py:337} INFO - AWS Connection (conn_id='minio_conn', conn_type='aws') credentials retrieved from login and password.
[2023-03-23T02:23:41.099+0000] {base.py:228} INFO - Success criteria met. Exiting.
[2023-03-23T02:23:41.110+0000] {taskinstance.py:1326} INFO - Marking task as SUCCESS. dag_id=dag_with_minio_s3_v04, task_id=sensor_minio_s3, execution_date=20230323T022245, start_date=20230323T022339, end_date=20230323T022341
[2023-03-23T02:23:41.140+0000] {local_task_job.py:212} INFO - Task exited with return code 0
[2023-03-23T02:23:41.160+0000] {taskinstance.py:2585} INFO - 0 downstream tasks scheduled from follow-on schedule check
