[2023-03-25T03:42:33.105+0000] {taskinstance.py:1084} INFO - Dependencies all met for dep_context=non-requeueable deps ti=<TaskInstance: our_first_dag_v1.first_task scheduled__2023-03-24T00:00:00+00:00 [queued]>
[2023-03-25T03:42:33.145+0000] {taskinstance.py:1084} INFO - Dependencies all met for dep_context=requeueable deps ti=<TaskInstance: our_first_dag_v1.first_task scheduled__2023-03-24T00:00:00+00:00 [queued]>
[2023-03-25T03:42:33.146+0000] {taskinstance.py:1282} INFO - 
--------------------------------------------------------------------------------
[2023-03-25T03:42:33.155+0000] {taskinstance.py:1283} INFO - Starting attempt 1 of 6
[2023-03-25T03:42:33.156+0000] {taskinstance.py:1284} INFO - 
--------------------------------------------------------------------------------
[2023-03-25T03:42:33.273+0000] {taskinstance.py:1303} INFO - Executing <Task(BashOperator): first_task> on 2023-03-24 00:00:00+00:00
[2023-03-25T03:42:33.284+0000] {standard_task_runner.py:55} INFO - Started process 194 to run task
[2023-03-25T03:42:33.295+0000] {standard_task_runner.py:82} INFO - Running: ['***', 'tasks', 'run', 'our_first_dag_v1', 'first_task', 'scheduled__2023-03-24T00:00:00+00:00', '--job-id', '250', '--raw', '--subdir', 'DAGS_FOLDER/our_first_dag.py', '--cfg-path', '/tmp/tmp27k6vaqe']
[2023-03-25T03:42:33.326+0000] {standard_task_runner.py:83} INFO - Job 250: Subtask first_task
[2023-03-25T03:42:34.046+0000] {task_command.py:388} INFO - Running <TaskInstance: our_first_dag_v1.first_task scheduled__2023-03-24T00:00:00+00:00 [running]> on host 9783a48d7fca
[2023-03-25T03:42:34.472+0000] {taskinstance.py:1511} INFO - Exporting the following env vars:
AIRFLOW_CTX_DAG_OWNER=ThinhHuynh
AIRFLOW_CTX_DAG_ID=our_first_dag_v1
AIRFLOW_CTX_TASK_ID=first_task
AIRFLOW_CTX_EXECUTION_DATE=2023-03-24T00:00:00+00:00
AIRFLOW_CTX_TRY_NUMBER=1
AIRFLOW_CTX_DAG_RUN_ID=scheduled__2023-03-24T00:00:00+00:00
[2023-03-25T03:42:34.479+0000] {subprocess.py:63} INFO - Tmp dir root location: 
 /tmp
[2023-03-25T03:42:34.486+0000] {subprocess.py:75} INFO - Running command: ['/bin/bash', '-c', 'echo Hello world, this is task 1']
[2023-03-25T03:42:34.510+0000] {subprocess.py:86} INFO - Output:
[2023-03-25T03:42:34.524+0000] {subprocess.py:93} INFO - Hello world, this is task 1
[2023-03-25T03:42:34.528+0000] {subprocess.py:97} INFO - Command exited with return code 0
[2023-03-25T03:42:34.708+0000] {taskinstance.py:1326} INFO - Marking task as SUCCESS. dag_id=our_first_dag_v1, task_id=first_task, execution_date=20230324T000000, start_date=20230325T034233, end_date=20230325T034234
[2023-03-25T03:42:34.817+0000] {local_task_job.py:212} INFO - Task exited with return code 0
[2023-03-25T03:42:34.939+0000] {taskinstance.py:2585} INFO - 2 downstream tasks scheduled from follow-on schedule check
