[2023-03-20T02:24:57.069+0000] {taskinstance.py:1084} INFO - Dependencies all met for dep_context=non-requeueable deps ti=<TaskInstance: our_dag_with_python_operator_v05.greet scheduled__2023-03-18T00:00:00+00:00 [queued]>
[2023-03-20T02:24:57.119+0000] {taskinstance.py:1084} INFO - Dependencies all met for dep_context=requeueable deps ti=<TaskInstance: our_dag_with_python_operator_v05.greet scheduled__2023-03-18T00:00:00+00:00 [queued]>
[2023-03-20T02:24:57.120+0000] {taskinstance.py:1282} INFO - 
--------------------------------------------------------------------------------
[2023-03-20T02:24:57.122+0000] {taskinstance.py:1283} INFO - Starting attempt 1 of 6
[2023-03-20T02:24:57.124+0000] {taskinstance.py:1284} INFO - 
--------------------------------------------------------------------------------
[2023-03-20T02:24:57.199+0000] {taskinstance.py:1303} INFO - Executing <Task(PythonOperator): greet> on 2023-03-18 00:00:00+00:00
[2023-03-20T02:24:57.210+0000] {standard_task_runner.py:55} INFO - Started process 226 to run task
[2023-03-20T02:24:57.223+0000] {standard_task_runner.py:82} INFO - Running: ['***', 'tasks', 'run', 'our_dag_with_python_operator_v05', 'greet', 'scheduled__2023-03-18T00:00:00+00:00', '--job-id', '68', '--raw', '--subdir', 'DAGS_FOLDER/create_dags_with_python_operator.py', '--cfg-path', '/tmp/tmpnkti1vcu']
[2023-03-20T02:24:57.236+0000] {standard_task_runner.py:83} INFO - Job 68: Subtask greet
[2023-03-20T02:24:57.551+0000] {task_command.py:388} INFO - Running <TaskInstance: our_dag_with_python_operator_v05.greet scheduled__2023-03-18T00:00:00+00:00 [running]> on host 78bde780398d
[2023-03-20T02:24:58.226+0000] {taskinstance.py:1511} INFO - Exporting the following env vars:
AIRFLOW_CTX_DAG_OWNER=ThinhHuynh
AIRFLOW_CTX_DAG_ID=our_dag_with_python_operator_v05
AIRFLOW_CTX_TASK_ID=greet
AIRFLOW_CTX_EXECUTION_DATE=2023-03-18T00:00:00+00:00
AIRFLOW_CTX_TRY_NUMBER=1
AIRFLOW_CTX_DAG_RUN_ID=scheduled__2023-03-18T00:00:00+00:00
[2023-03-20T02:24:58.363+0000] {logging_mixin.py:137} INFO - Hello world! My name is Thinh Huynh, and I am 22 years old!
[2023-03-20T02:24:58.369+0000] {python.py:177} INFO - Done. Returned value was: None
[2023-03-20T02:24:58.413+0000] {taskinstance.py:1326} INFO - Marking task as SUCCESS. dag_id=our_dag_with_python_operator_v05, task_id=greet, execution_date=20230318T000000, start_date=20230320T022457, end_date=20230320T022458
[2023-03-20T02:24:58.491+0000] {local_task_job.py:212} INFO - Task exited with return code 0
[2023-03-20T02:24:58.552+0000] {taskinstance.py:2585} INFO - 0 downstream tasks scheduled from follow-on schedule check
