[2023-03-27T01:45:54.759+0000] {taskinstance.py:1084} INFO - Dependencies all met for dep_context=non-requeueable deps ti=<TaskInstance: our_first_dag_v1.third_task scheduled__2023-03-26T00:00:00+00:00 [queued]>
[2023-03-27T01:45:54.902+0000] {taskinstance.py:1084} INFO - Dependencies all met for dep_context=requeueable deps ti=<TaskInstance: our_first_dag_v1.third_task scheduled__2023-03-26T00:00:00+00:00 [queued]>
[2023-03-27T01:45:54.906+0000] {taskinstance.py:1282} INFO - 
--------------------------------------------------------------------------------
[2023-03-27T01:45:54.912+0000] {taskinstance.py:1283} INFO - Starting attempt 1 of 6
[2023-03-27T01:45:54.920+0000] {taskinstance.py:1284} INFO - 
--------------------------------------------------------------------------------
[2023-03-27T01:45:55.236+0000] {taskinstance.py:1303} INFO - Executing <Task(BashOperator): third_task> on 2023-03-26 00:00:00+00:00
[2023-03-27T01:45:55.275+0000] {standard_task_runner.py:55} INFO - Started process 235 to run task
[2023-03-27T01:45:55.296+0000] {standard_task_runner.py:82} INFO - Running: ['***', 'tasks', 'run', 'our_first_dag_v1', 'third_task', 'scheduled__2023-03-26T00:00:00+00:00', '--job-id', '311', '--raw', '--subdir', 'DAGS_FOLDER/our_first_dag.py', '--cfg-path', '/tmp/tmpzypk0nqn']
[2023-03-27T01:45:55.312+0000] {standard_task_runner.py:83} INFO - Job 311: Subtask third_task
[2023-03-27T01:45:55.985+0000] {task_command.py:388} INFO - Running <TaskInstance: our_first_dag_v1.third_task scheduled__2023-03-26T00:00:00+00:00 [running]> on host 7c9cdf1c064e
[2023-03-27T01:45:57.288+0000] {taskinstance.py:1511} INFO - Exporting the following env vars:
AIRFLOW_CTX_DAG_OWNER=ThinhHuynh
AIRFLOW_CTX_DAG_ID=our_first_dag_v1
AIRFLOW_CTX_TASK_ID=third_task
AIRFLOW_CTX_EXECUTION_DATE=2023-03-26T00:00:00+00:00
AIRFLOW_CTX_TRY_NUMBER=1
AIRFLOW_CTX_DAG_RUN_ID=scheduled__2023-03-26T00:00:00+00:00
[2023-03-27T01:45:57.309+0000] {subprocess.py:63} INFO - Tmp dir root location: 
 /tmp
[2023-03-27T01:45:57.410+0000] {subprocess.py:75} INFO - Running command: ['/bin/bash', '-c', 'echo Hello world, this is task 3']
[2023-03-27T01:45:57.494+0000] {subprocess.py:86} INFO - Output:
[2023-03-27T01:45:57.512+0000] {subprocess.py:93} INFO - Hello world, this is task 3
[2023-03-27T01:45:57.532+0000] {subprocess.py:97} INFO - Command exited with return code 0
[2023-03-27T01:45:57.716+0000] {taskinstance.py:1326} INFO - Marking task as SUCCESS. dag_id=our_first_dag_v1, task_id=third_task, execution_date=20230326T000000, start_date=20230327T014554, end_date=20230327T014557
[2023-03-27T01:45:58.543+0000] {local_task_job.py:212} INFO - Task exited with return code 0
[2023-03-27T01:45:58.712+0000] {taskinstance.py:2585} INFO - 0 downstream tasks scheduled from follow-on schedule check
