[2023-03-27T01:45:46.565+0000] {taskinstance.py:1084} INFO - Dependencies all met for dep_context=non-requeueable deps ti=<TaskInstance: our_first_dag_v1.first_task scheduled__2023-03-25T00:00:00+00:00 [queued]>
[2023-03-27T01:45:46.649+0000] {taskinstance.py:1084} INFO - Dependencies all met for dep_context=requeueable deps ti=<TaskInstance: our_first_dag_v1.first_task scheduled__2023-03-25T00:00:00+00:00 [queued]>
[2023-03-27T01:45:46.650+0000] {taskinstance.py:1282} INFO - 
--------------------------------------------------------------------------------
[2023-03-27T01:45:46.653+0000] {taskinstance.py:1283} INFO - Starting attempt 1 of 6
[2023-03-27T01:45:46.661+0000] {taskinstance.py:1284} INFO - 
--------------------------------------------------------------------------------
[2023-03-27T01:45:46.857+0000] {taskinstance.py:1303} INFO - Executing <Task(BashOperator): first_task> on 2023-03-25 00:00:00+00:00
[2023-03-27T01:45:47.079+0000] {standard_task_runner.py:55} INFO - Started process 201 to run task
[2023-03-27T01:45:47.565+0000] {standard_task_runner.py:82} INFO - Running: ['***', 'tasks', 'run', 'our_first_dag_v1', 'first_task', 'scheduled__2023-03-25T00:00:00+00:00', '--job-id', '297', '--raw', '--subdir', 'DAGS_FOLDER/our_first_dag.py', '--cfg-path', '/tmp/tmpmfd5qyww']
[2023-03-27T01:45:47.610+0000] {standard_task_runner.py:83} INFO - Job 297: Subtask first_task
[2023-03-27T01:45:49.023+0000] {task_command.py:388} INFO - Running <TaskInstance: our_first_dag_v1.first_task scheduled__2023-03-25T00:00:00+00:00 [running]> on host 7c9cdf1c064e
[2023-03-27T01:45:50.325+0000] {taskinstance.py:1511} INFO - Exporting the following env vars:
AIRFLOW_CTX_DAG_OWNER=ThinhHuynh
AIRFLOW_CTX_DAG_ID=our_first_dag_v1
AIRFLOW_CTX_TASK_ID=first_task
AIRFLOW_CTX_EXECUTION_DATE=2023-03-25T00:00:00+00:00
AIRFLOW_CTX_TRY_NUMBER=1
AIRFLOW_CTX_DAG_RUN_ID=scheduled__2023-03-25T00:00:00+00:00
[2023-03-27T01:45:50.333+0000] {subprocess.py:63} INFO - Tmp dir root location: 
 /tmp
[2023-03-27T01:45:50.338+0000] {subprocess.py:75} INFO - Running command: ['/bin/bash', '-c', 'echo Hello world, this is task 1']
[2023-03-27T01:45:50.439+0000] {subprocess.py:86} INFO - Output:
[2023-03-27T01:45:50.446+0000] {subprocess.py:93} INFO - Hello world, this is task 1
[2023-03-27T01:45:50.448+0000] {subprocess.py:97} INFO - Command exited with return code 0
[2023-03-27T01:45:50.666+0000] {taskinstance.py:1326} INFO - Marking task as SUCCESS. dag_id=our_first_dag_v1, task_id=first_task, execution_date=20230325T000000, start_date=20230327T014546, end_date=20230327T014550
[2023-03-27T01:45:50.755+0000] {local_task_job.py:212} INFO - Task exited with return code 0
[2023-03-27T01:45:51.026+0000] {taskinstance.py:2585} INFO - 2 downstream tasks scheduled from follow-on schedule check
