[2023-03-17T07:37:36.855+0000] {taskinstance.py:1084} INFO - Dependencies all met for dep_context=non-requeueable deps ti=<TaskInstance: our_dag_with_python_operator_v03.greet manual__2023-03-17T07:37:34.524045+00:00 [queued]>
[2023-03-17T07:37:36.869+0000] {taskinstance.py:1084} INFO - Dependencies all met for dep_context=requeueable deps ti=<TaskInstance: our_dag_with_python_operator_v03.greet manual__2023-03-17T07:37:34.524045+00:00 [queued]>
[2023-03-17T07:37:36.870+0000] {taskinstance.py:1282} INFO - 
--------------------------------------------------------------------------------
[2023-03-17T07:37:36.870+0000] {taskinstance.py:1283} INFO - Starting attempt 1 of 6
[2023-03-17T07:37:36.871+0000] {taskinstance.py:1284} INFO - 
--------------------------------------------------------------------------------
[2023-03-17T07:37:36.895+0000] {taskinstance.py:1303} INFO - Executing <Task(PythonOperator): greet> on 2023-03-17 07:37:34.524045+00:00
[2023-03-17T07:37:36.901+0000] {standard_task_runner.py:55} INFO - Started process 2296 to run task
[2023-03-17T07:37:36.904+0000] {standard_task_runner.py:82} INFO - Running: ['***', 'tasks', 'run', 'our_dag_with_python_operator_v03', 'greet', 'manual__2023-03-17T07:37:34.524045+00:00', '--job-id', '13', '--raw', '--subdir', 'DAGS_FOLDER/create_dags_with_python_operator.py', '--cfg-path', '/tmp/tmpnqour5mq']
[2023-03-17T07:37:36.907+0000] {standard_task_runner.py:83} INFO - Job 13: Subtask greet
[2023-03-17T07:37:36.985+0000] {task_command.py:388} INFO - Running <TaskInstance: our_dag_with_python_operator_v03.greet manual__2023-03-17T07:37:34.524045+00:00 [running]> on host 213a9e135266
[2023-03-17T07:37:37.228+0000] {taskinstance.py:1511} INFO - Exporting the following env vars:
AIRFLOW_CTX_DAG_OWNER=ThinhHuynh
AIRFLOW_CTX_DAG_ID=our_dag_with_python_operator_v03
AIRFLOW_CTX_TASK_ID=greet
AIRFLOW_CTX_EXECUTION_DATE=2023-03-17T07:37:34.524045+00:00
AIRFLOW_CTX_TRY_NUMBER=1
AIRFLOW_CTX_DAG_RUN_ID=manual__2023-03-17T07:37:34.524045+00:00
[2023-03-17T07:37:37.241+0000] {logging_mixin.py:137} INFO - Hello world! My name is Thinh, and I am 20 years old!
[2023-03-17T07:37:37.242+0000] {python.py:177} INFO - Done. Returned value was: None
[2023-03-17T07:37:37.253+0000] {taskinstance.py:1326} INFO - Marking task as SUCCESS. dag_id=our_dag_with_python_operator_v03, task_id=greet, execution_date=20230317T073734, start_date=20230317T073736, end_date=20230317T073737
[2023-03-17T07:37:37.278+0000] {local_task_job.py:212} INFO - Task exited with return code 0
[2023-03-17T07:37:37.299+0000] {taskinstance.py:2585} INFO - 0 downstream tasks scheduled from follow-on schedule check
