[2023-03-27T01:45:55.114+0000] {taskinstance.py:1084} INFO - Dependencies all met for dep_context=non-requeueable deps ti=<TaskInstance: our_first_dag_v1.second_task scheduled__2023-03-25T00:00:00+00:00 [queued]>
[2023-03-27T01:45:55.156+0000] {taskinstance.py:1084} INFO - Dependencies all met for dep_context=requeueable deps ti=<TaskInstance: our_first_dag_v1.second_task scheduled__2023-03-25T00:00:00+00:00 [queued]>
[2023-03-27T01:45:55.162+0000] {taskinstance.py:1282} INFO - 
--------------------------------------------------------------------------------
[2023-03-27T01:45:55.179+0000] {taskinstance.py:1283} INFO - Starting attempt 1 of 6
[2023-03-27T01:45:55.180+0000] {taskinstance.py:1284} INFO - 
--------------------------------------------------------------------------------
[2023-03-27T01:45:55.288+0000] {taskinstance.py:1303} INFO - Executing <Task(BashOperator): second_task> on 2023-03-25 00:00:00+00:00
[2023-03-27T01:45:55.349+0000] {standard_task_runner.py:82} INFO - Running: ['***', 'tasks', 'run', 'our_first_dag_v1', 'second_task', 'scheduled__2023-03-25T00:00:00+00:00', '--job-id', '310', '--raw', '--subdir', 'DAGS_FOLDER/our_first_dag.py', '--cfg-path', '/tmp/tmpzs6uleke']
[2023-03-27T01:45:55.368+0000] {standard_task_runner.py:83} INFO - Job 310: Subtask second_task
[2023-03-27T01:45:55.380+0000] {standard_task_runner.py:55} INFO - Started process 236 to run task
[2023-03-27T01:45:56.840+0000] {task_command.py:388} INFO - Running <TaskInstance: our_first_dag_v1.second_task scheduled__2023-03-25T00:00:00+00:00 [running]> on host 7c9cdf1c064e
[2023-03-27T01:45:57.712+0000] {taskinstance.py:1511} INFO - Exporting the following env vars:
AIRFLOW_CTX_DAG_OWNER=ThinhHuynh
AIRFLOW_CTX_DAG_ID=our_first_dag_v1
AIRFLOW_CTX_TASK_ID=second_task
AIRFLOW_CTX_EXECUTION_DATE=2023-03-25T00:00:00+00:00
AIRFLOW_CTX_TRY_NUMBER=1
AIRFLOW_CTX_DAG_RUN_ID=scheduled__2023-03-25T00:00:00+00:00
[2023-03-27T01:45:57.721+0000] {subprocess.py:63} INFO - Tmp dir root location: 
 /tmp
[2023-03-27T01:45:57.728+0000] {subprocess.py:75} INFO - Running command: ['/bin/bash', '-c', 'echo Hello world, this is task 2']
[2023-03-27T01:45:57.795+0000] {subprocess.py:86} INFO - Output:
[2023-03-27T01:45:57.800+0000] {subprocess.py:93} INFO - Hello world, this is task 2
[2023-03-27T01:45:57.809+0000] {subprocess.py:97} INFO - Command exited with return code 0
[2023-03-27T01:45:58.413+0000] {taskinstance.py:1326} INFO - Marking task as SUCCESS. dag_id=our_first_dag_v1, task_id=second_task, execution_date=20230325T000000, start_date=20230327T014555, end_date=20230327T014558
[2023-03-27T01:45:58.715+0000] {local_task_job.py:212} INFO - Task exited with return code 0
[2023-03-27T01:45:58.915+0000] {taskinstance.py:2585} INFO - 0 downstream tasks scheduled from follow-on schedule check
